/usr/lib/python3/dist-packages/setuptools/dist.py:723: UserWarning: Usage of dash-separated 'script-dir' will not be supported in future versions. Please use the underscore name 'script_dir' instead
  warnings.warn(
running develop
/usr/lib/python3/dist-packages/setuptools/command/easy_install.py:158: EasyInstallDeprecationWarning: easy_install command is deprecated. Use build and pip and other standards-based tools.
  warnings.warn(
/usr/lib/python3/dist-packages/setuptools/command/install.py:34: SetuptoolsDeprecationWarning: setup.py install is deprecated. Use build and pip and other standards-based tools.
  warnings.warn(
/usr/lib/python3/dist-packages/pkg_resources/__init__.py:116: PkgResourcesDeprecationWarning: 1.16.0-unknown is an invalid version and will not be supported in a future release
  warnings.warn(
/usr/lib/python3/dist-packages/pkg_resources/__init__.py:116: PkgResourcesDeprecationWarning: 0.1.43ubuntu1 is an invalid version and will not be supported in a future release
  warnings.warn(
/usr/lib/python3/dist-packages/pkg_resources/__init__.py:116: PkgResourcesDeprecationWarning: 1.1build1 is an invalid version and will not be supported in a future release
  warnings.warn(
running egg_info
writing nav2_project.egg-info/PKG-INFO
writing dependency_links to nav2_project.egg-info/dependency_links.txt
writing entry points to nav2_project.egg-info/entry_points.txt
writing requirements to nav2_project.egg-info/requires.txt
writing top-level names to nav2_project.egg-info/top_level.txt
reading manifest file 'nav2_project.egg-info/SOURCES.txt'
writing manifest file 'nav2_project.egg-info/SOURCES.txt'
running build_ext
Creating /home/tolasing/ros2_ws/install/nav2_project/lib/python3.10/site-packages/nav2-project.egg-link (link to .)
Installing go_to_pose script to /home/tolasing/ros2_ws/install/nav2_project/lib/nav2_project
Installing spot_recorder script to /home/tolasing/ros2_ws/install/nav2_project/lib/nav2_project

Installed /home/tolasing/ros2_ws/build/nav2_project
running install_data
