[3.698s] Invoking command in '/home/tolasing/ros2_ws/build/nav2_project': PYTHONPATH=/home/tolasing/ros2_ws/build/nav2_project/prefix_override:/home/tolasing/ros2_ws/install/nav2_project/lib/python3.10/site-packages:${PYTHONPATH} /usr/bin/python3 setup.py develop --editable --build-directory /home/tolasing/ros2_ws/build/nav2_project/build --no-deps install_data
[4.824s] /usr/lib/python3/dist-packages/setuptools/dist.py:723: UserWarning: Usage of dash-separated 'script-dir' will not be supported in future versions. Please use the underscore name 'script_dir' instead
[4.824s]   warnings.warn(
[4.927s] running develop
[4.929s] /usr/lib/python3/dist-packages/setuptools/command/easy_install.py:158: EasyInstallDeprecationWarning: easy_install command is deprecated. Use build and pip and other standards-based tools.
[4.930s]   warnings.warn(
[4.949s] /usr/lib/python3/dist-packages/setuptools/command/install.py:34: SetuptoolsDeprecationWarning: setup.py install is deprecated. Use build and pip and other standards-based tools.
[4.949s]   warnings.warn(
[5.151s] /usr/lib/python3/dist-packages/pkg_resources/__init__.py:116: PkgResourcesDeprecationWarning: 1.16.0-unknown is an invalid version and will not be supported in a future release
[5.152s]   warnings.warn(
[5.152s] /usr/lib/python3/dist-packages/pkg_resources/__init__.py:116: PkgResourcesDeprecationWarning: 0.1.43ubuntu1 is an invalid version and will not be supported in a future release
[5.152s]   warnings.warn(
[5.152s] /usr/lib/python3/dist-packages/pkg_resources/__init__.py:116: PkgResourcesDeprecationWarning: 1.1build1 is an invalid version and will not be supported in a future release
[5.152s]   warnings.warn(
[5.449s] running egg_info
[5.449s] writing nav2_project.egg-info/PKG-INFO
[5.451s] writing dependency_links to nav2_project.egg-info/dependency_links.txt
[5.452s] writing entry points to nav2_project.egg-info/entry_points.txt
[5.452s] writing requirements to nav2_project.egg-info/requires.txt
[5.453s] writing top-level names to nav2_project.egg-info/top_level.txt
[5.458s] reading manifest file 'nav2_project.egg-info/SOURCES.txt'
[5.462s] writing manifest file 'nav2_project.egg-info/SOURCES.txt'
[5.467s] running build_ext
[5.468s] Creating /home/tolasing/ros2_ws/install/nav2_project/lib/python3.10/site-packages/nav2-project.egg-link (link to .)
[5.472s] Installing go_to_pose script to /home/tolasing/ros2_ws/install/nav2_project/lib/nav2_project
[5.474s] Installing spot_recorder script to /home/tolasing/ros2_ws/install/nav2_project/lib/nav2_project
[5.476s] 
[5.478s] Installed /home/tolasing/ros2_ws/build/nav2_project
[5.479s] running install_data
[5.571s] Invoked command in '/home/tolasing/ros2_ws/build/nav2_project' returned '0': PYTHONPATH=/home/tolasing/ros2_ws/build/nav2_project/prefix_override:/home/tolasing/ros2_ws/install/nav2_project/lib/python3.10/site-packages:${PYTHONPATH} /usr/bin/python3 setup.py develop --editable --build-directory /home/tolasing/ros2_ws/build/nav2_project/build --no-deps install_data
