[0.092s] Invoking command in '/home/tolasing/ros2_ws/build/gazebo_sim': CMAKE_PREFIX_PATH=/home/tolasing/ros2_ws/src/cartographer:/usr/lib/x86_64-linux-gnu/libserial.so:/home/tolasing/ros2_ws/src/cartographer:/usr/lib/x86_64-linux-gnu/libserial.so:/home/tolasing/ros2_ws/install/serial_driver:/home/tolasing/ros2_ws/install/motor_control:/home/tolasing/ros2_ws/install/service_pkg:/home/tolasing/ros2_ws/install/nav2_project:/opt/ros/humble:/home/tolasing/ros2_ws/install/serial:/home/tolasing/ros2_ws/install/prototype:/home/tolasing/ros2_ws/install/nav2_course:/home/tolasing/ros2_ws/install/io_context:/home/tolasing/ros2_ws/install/cartographer:/home/tolasing/ros2_ws/install/asio_cmake_module /usr/bin/cmake /home/tolasing/ros2_ws/src/gazebo_sim -DCMAKE_INSTALL_PREFIX=/home/tolasing/ros2_ws/install/gazebo_sim
[1.113s] -- The C compiler identification is GNU 11.3.0
[1.113s] -- The CXX compiler identification is GNU 11.3.0
[1.114s] -- Detecting C compiler ABI info
[1.115s] -- Detecting C compiler ABI info - done
[1.115s] -- Check for working C compiler: /usr/bin/cc - skipped
[1.115s] -- Detecting C compile features
[1.115s] -- Detecting C compile features - done
[1.115s] -- Detecting CXX compiler ABI info
[1.115s] -- Detecting CXX compiler ABI info - done
[1.115s] -- Check for working CXX compiler: /usr/bin/c++ - skipped
[1.115s] -- Detecting CXX compile features
[1.116s] -- Detecting CXX compile features - done
[1.116s] -- Found ament_cmake: 1.3.3 (/opt/ros/humble/share/ament_cmake/cmake)
[1.116s] -- Found Python3: /usr/bin/python3.10 (found version "3.10.6") found components: Interpreter 
[1.287s] -- Found rclpy: 3.3.7 (/opt/ros/humble/share/rclpy/cmake)
[1.296s] -- Found gazebo_ros: 3.7.0 (/opt/ros/humble/share/gazebo_ros/cmake)
[1.464s] -- Found rosidl_generator_c: 3.1.4 (/opt/ros/humble/share/rosidl_generator_c/cmake)
[1.487s] -- Found rosidl_adapter: 3.1.4 (/opt/ros/humble/share/rosidl_adapter/cmake)
[1.522s] -- Found rosidl_generator_cpp: 3.1.4 (/opt/ros/humble/share/rosidl_generator_cpp/cmake)
[1.573s] -- Using all available rosidl_typesupport_c: rosidl_typesupport_fastrtps_c;rosidl_typesupport_introspection_c
[1.658s] -- Using all available rosidl_typesupport_cpp: rosidl_typesupport_fastrtps_cpp;rosidl_typesupport_introspection_cpp
[1.938s] -- Found rmw_implementation_cmake: 6.1.1 (/opt/ros/humble/share/rmw_implementation_cmake/cmake)
[1.949s] -- Found rmw_fastrtps_cpp: 6.2.2 (/opt/ros/humble/share/rmw_fastrtps_cpp/cmake)
[2.337s] -- Found OpenSSL: /usr/lib/x86_64-linux-gnu/libcrypto.so (found version "3.0.2")  
[2.407s] -- Found FastRTPS: /opt/ros/humble/include  
[2.510s] -- Using RMW implementation 'rmw_fastrtps_cpp' as default
[2.564s] -- Looking for pthread.h
[2.828s] -- Looking for pthread.h - found
[2.829s] -- Performing Test CMAKE_HAVE_LIBC_PTHREAD
[3.038s] -- Performing Test CMAKE_HAVE_LIBC_PTHREAD - Success
[3.040s] -- Found Threads: TRUE  
[3.461s] -- Found PkgConfig: /usr/bin/pkg-config (found version "0.29.2") 
[3.464s] -- Checking for module 'bullet>=2.82'
[3.482s] --   Found bullet, version 3.05
[3.643s] -- Found fcl: /usr/include (found suitable version "0.7.0", minimum required is "0.5.0") 
[3.709s] -- Found assimp: /usr/include (found version "5.2.0") 
[3.756s] -- Found DART: /usr/include (Required is at least version "6.6") found components: dart 
[3.810s] -- Found Boost: /usr/lib/x86_64-linux-gnu/cmake/Boost-1.74.0/BoostConfig.cmake (found suitable version "1.74.0", minimum required is "1.40.0") found components: thread system filesystem program_options regex iostreams date_time 
[3.836s] -- Found Protobuf: /usr/local/lib/libprotobuf.a (found version "3.4.0") 
[3.852s] -- Looking for ignition-math6 -- found version 6.13.0
[3.870s] -- Searching for dependencies of ignition-math6
[3.870s] -- Looking for OGRE...
[3.871s] -- OGRE_PREFIX_WATCH changed.
[3.873s] -- Checking for module 'OGRE'
[3.888s] --   Found OGRE, version 1.9.0
[3.928s] -- Found Ogre Ghadamon (1.9.0)
[3.948s] -- Found OGRE: optimized;/usr/lib/x86_64-linux-gnu/libOgreMain.so;debug;/usr/lib/x86_64-linux-gnu/libOgreMain.so
[3.965s] -- Looking for OGRE_Paging...
[3.981s] -- Found OGRE_Paging: optimized;/usr/lib/x86_64-linux-gnu/libOgrePaging.so;debug;/usr/lib/x86_64-linux-gnu/libOgrePaging.so
[3.982s] -- Looking for OGRE_Terrain...
[3.997s] -- Found OGRE_Terrain: optimized;/usr/lib/x86_64-linux-gnu/libOgreTerrain.so;debug;/usr/lib/x86_64-linux-gnu/libOgreTerrain.so
[3.997s] -- Looking for OGRE_Property...
[4.013s] -- Found OGRE_Property: optimized;/usr/lib/x86_64-linux-gnu/libOgreProperty.so;debug;/usr/lib/x86_64-linux-gnu/libOgreProperty.so
[4.013s] -- Looking for OGRE_RTShaderSystem...
[4.030s] -- Found OGRE_RTShaderSystem: optimized;/usr/lib/x86_64-linux-gnu/libOgreRTShaderSystem.so;debug;/usr/lib/x86_64-linux-gnu/libOgreRTShaderSystem.so
[4.030s] -- Looking for OGRE_Volume...
[4.048s] -- Found OGRE_Volume: optimized;/usr/lib/x86_64-linux-gnu/libOgreVolume.so;debug;/usr/lib/x86_64-linux-gnu/libOgreVolume.so
[4.048s] -- Looking for OGRE_Overlay...
[4.064s] -- Found OGRE_Overlay: optimized;/usr/lib/x86_64-linux-gnu/libOgreOverlay.so;debug;/usr/lib/x86_64-linux-gnu/libOgreOverlay.so
[4.395s] -- Looking for ignition-math6 -- found version 6.13.0
[4.399s] -- Looking for ignition-transport8 -- found version 8.2.1
[4.400s] -- Searching for dependencies of ignition-transport8
[4.423s] -- Found ZLIB: /usr/lib/x86_64-linux-gnu/libz.so (found version "1.2.11") 
[4.441s] -- Config-file not installed for ZeroMQ -- checking for pkg-config
[4.447s] -- Checking for module 'libzmq >= 4'
[4.471s] --   Found libzmq , version 4.3.4
[4.523s] -- Found ZeroMQ: TRUE (Required is at least version "4") 
[4.533s] -- Checking for module 'uuid'
[4.553s] --   Found uuid, version 2.37.2
[4.599s] -- Found UUID: TRUE  
[4.605s] -- Looking for ignition-msgs5 -- found version 5.8.1
[4.605s] -- Searching for dependencies of ignition-msgs5
[4.608s] -- Looking for ignition-math6 -- found version 6.13.0
[4.616s] -- Checking for module 'tinyxml2'
[4.638s] --   Found tinyxml2, version 9.0.0
[4.680s] -- Looking for ignition-msgs5 -- found version 5.8.1
[4.684s] -- Looking for ignition-common3 -- found version 3.14.0
[4.685s] -- Searching for dependencies of ignition-common3
[4.686s] -- Looking for dlfcn.h - found
[4.687s] -- Looking for libdl - found
[4.689s] -- Found DL: TRUE  
[4.706s] -- Found tinyobjloader: /usr/lib/x86_64-linux-gnu/cmake/tinyobjloader/tinyobjloader-config.cmake (found version "2.0.0") 
[4.707s] -- Searching for <ignition-common3> component [graphics]
[4.711s] -- Looking for ignition-common3-graphics -- found version 3.14.0
[4.712s] -- Searching for dependencies of ignition-common3-graphics
[4.713s] -- Looking for ignition-math6 -- found version 6.13.0
[4.718s] -- Looking for ignition-fuel_tools4 -- found version 4.4.0
[4.719s] -- Searching for dependencies of ignition-fuel_tools4
[4.837s] -- Found CURL: /usr/lib/x86_64-linux-gnu/libcurl.so (found version "7.81.0")  
[4.851s] -- Checking for module 'jsoncpp'
[4.869s] --   Found jsoncpp, version 1.9.5
[4.907s] -- Found JSONCPP: TRUE  
[4.914s] -- Checking for module 'libzip'
[4.935s] --   Found libzip, version 1.7.3
[4.979s] -- Found ZIP: TRUE  
[4.979s] -- Looking for ignition-common3 -- found version 3.14.0
[4.980s] -- Looking for ignition-math6 -- found version 6.13.0
[4.980s] -- Looking for ignition-msgs5 -- found version 5.8.1
[4.987s] -- Gazebo version: 11.10
[4.987s] -- Checking for module 'tbb'
[5.006s] --   Found tbb, version 2021.5.0
[5.062s] -- Found urdf: 2.6.0 (/opt/ros/humble/share/urdf/cmake)
[5.124s] -- Found xacro: 2.0.8 (/opt/ros/humble/share/xacro/cmake)
[5.127s] -- Found ros2_control: 2.20.0 (/opt/ros/humble/share/ros2_control/cmake)
[5.131s] -- Found gazebo_ros2_control: 0.4.0 (/opt/ros/humble/share/gazebo_ros2_control/cmake)
[5.140s] -- Found joint_state_broadcaster: 2.15.0 (/opt/ros/humble/share/joint_state_broadcaster/cmake)
[6.621s] -- Found parameter_traits: 0.3.0 (/opt/ros/humble/share/parameter_traits/cmake)
[6.721s] -- Found joint_trajectory_controller: 2.15.0 (/opt/ros/humble/share/joint_trajectory_controller/cmake)
[7.921s] -- Found velocity_controllers: 2.15.0 (/opt/ros/humble/share/velocity_controllers/cmake)
[8.668s] -- Found std_srvs: 4.2.3 (/opt/ros/humble/share/std_srvs/cmake)
[8.722s] -- Found ament_lint_auto: 0.12.5 (/opt/ros/humble/share/ament_lint_auto/cmake)
[8.921s] -- Added test 'flake8' to check Python code syntax and style conventions
[8.923s] -- Added test 'lint_cmake' to check CMake code style
[8.924s] -- Added test 'pep257' to check Python code against some of the docstring style conventions in PEP 257
[8.929s] -- Added test 'xmllint' to check XML markup files
[8.932s] -- Configuring done
[8.969s] -- Generating done
[8.986s] -- Build files have been written to: /home/tolasing/ros2_ws/build/gazebo_sim
[9.028s] Invoked command in '/home/tolasing/ros2_ws/build/gazebo_sim' returned '0': CMAKE_PREFIX_PATH=/home/tolasing/ros2_ws/src/cartographer:/usr/lib/x86_64-linux-gnu/libserial.so:/home/tolasing/ros2_ws/src/cartographer:/usr/lib/x86_64-linux-gnu/libserial.so:/home/tolasing/ros2_ws/install/serial_driver:/home/tolasing/ros2_ws/install/motor_control:/home/tolasing/ros2_ws/install/service_pkg:/home/tolasing/ros2_ws/install/nav2_project:/opt/ros/humble:/home/tolasing/ros2_ws/install/serial:/home/tolasing/ros2_ws/install/prototype:/home/tolasing/ros2_ws/install/nav2_course:/home/tolasing/ros2_ws/install/io_context:/home/tolasing/ros2_ws/install/cartographer:/home/tolasing/ros2_ws/install/asio_cmake_module /usr/bin/cmake /home/tolasing/ros2_ws/src/gazebo_sim -DCMAKE_INSTALL_PREFIX=/home/tolasing/ros2_ws/install/gazebo_sim
[9.032s] Invoking command in '/home/tolasing/ros2_ws/build/gazebo_sim': CMAKE_PREFIX_PATH=/home/tolasing/ros2_ws/src/cartographer:/usr/lib/x86_64-linux-gnu/libserial.so:/home/tolasing/ros2_ws/src/cartographer:/usr/lib/x86_64-linux-gnu/libserial.so:/home/tolasing/ros2_ws/install/serial_driver:/home/tolasing/ros2_ws/install/motor_control:/home/tolasing/ros2_ws/install/service_pkg:/home/tolasing/ros2_ws/install/nav2_project:/opt/ros/humble:/home/tolasing/ros2_ws/install/serial:/home/tolasing/ros2_ws/install/prototype:/home/tolasing/ros2_ws/install/nav2_course:/home/tolasing/ros2_ws/install/io_context:/home/tolasing/ros2_ws/install/cartographer:/home/tolasing/ros2_ws/install/asio_cmake_module /usr/bin/cmake --build /home/tolasing/ros2_ws/build/gazebo_sim -- -j8 -l8
[9.098s] Invoked command in '/home/tolasing/ros2_ws/build/gazebo_sim' returned '0': CMAKE_PREFIX_PATH=/home/tolasing/ros2_ws/src/cartographer:/usr/lib/x86_64-linux-gnu/libserial.so:/home/tolasing/ros2_ws/src/cartographer:/usr/lib/x86_64-linux-gnu/libserial.so:/home/tolasing/ros2_ws/install/serial_driver:/home/tolasing/ros2_ws/install/motor_control:/home/tolasing/ros2_ws/install/service_pkg:/home/tolasing/ros2_ws/install/nav2_project:/opt/ros/humble:/home/tolasing/ros2_ws/install/serial:/home/tolasing/ros2_ws/install/prototype:/home/tolasing/ros2_ws/install/nav2_course:/home/tolasing/ros2_ws/install/io_context:/home/tolasing/ros2_ws/install/cartographer:/home/tolasing/ros2_ws/install/asio_cmake_module /usr/bin/cmake --build /home/tolasing/ros2_ws/build/gazebo_sim -- -j8 -l8
[9.127s] Invoking command in '/home/tolasing/ros2_ws/build/gazebo_sim': CMAKE_PREFIX_PATH=/home/tolasing/ros2_ws/src/cartographer:/usr/lib/x86_64-linux-gnu/libserial.so:/home/tolasing/ros2_ws/src/cartographer:/usr/lib/x86_64-linux-gnu/libserial.so:/home/tolasing/ros2_ws/install/serial_driver:/home/tolasing/ros2_ws/install/motor_control:/home/tolasing/ros2_ws/install/service_pkg:/home/tolasing/ros2_ws/install/nav2_project:/opt/ros/humble:/home/tolasing/ros2_ws/install/serial:/home/tolasing/ros2_ws/install/prototype:/home/tolasing/ros2_ws/install/nav2_course:/home/tolasing/ros2_ws/install/io_context:/home/tolasing/ros2_ws/install/cartographer:/home/tolasing/ros2_ws/install/asio_cmake_module /usr/bin/cmake --install /home/tolasing/ros2_ws/build/gazebo_sim
[9.137s] -- Install configuration: ""
[9.137s] -- Installing: /home/tolasing/ros2_ws/install/gazebo_sim/share/gazebo_sim//launch
[9.137s] -- Installing: /home/tolasing/ros2_ws/install/gazebo_sim/share/gazebo_sim//launch/start_gazebo.launch.py
[9.138s] -- Installing: /home/tolasing/ros2_ws/install/gazebo_sim/share/gazebo_sim//worlds
[9.138s] -- Installing: /home/tolasing/ros2_ws/install/gazebo_sim/share/gazebo_sim//worlds/empty_world.world
[9.138s] -- Installing: /home/tolasing/ros2_ws/install/gazebo_sim/share/gazebo_sim//models
[9.138s] -- Installing: /home/tolasing/ros2_ws/install/gazebo_sim/share/gazebo_sim//models/model.config
[9.138s] -- Installing: /home/tolasing/ros2_ws/install/gazebo_sim/share/gazebo_sim//models/box_room
[9.139s] -- Installing: /home/tolasing/ros2_ws/install/gazebo_sim/share/gazebo_sim//models/box_room/meshes
[9.139s] -- Installing: /home/tolasing/ros2_ws/install/gazebo_sim/share/gazebo_sim//models/box_room/meshes/box_room.dae
[9.141s] -- Installing: /home/tolasing/ros2_ws/install/gazebo_sim/share/gazebo_sim//models/box_room/meshes/chambre.png
[9.142s] -- Installing: /home/tolasing/ros2_ws/install/gazebo_sim/share/gazebo_sim//urdf
[9.142s] -- Installing: /home/tolasing/ros2_ws/install/gazebo_sim/share/gazebo_sim//urdf/prototype.gazebo.xacro
[9.142s] -- Installing: /home/tolasing/ros2_ws/install/gazebo_sim/share/gazebo_sim//urdf/prototype.gazebo.xsd
[9.143s] -- Installing: /home/tolasing/ros2_ws/install/gazebo_sim/share/ament_index/resource_index/package_run_dependencies/gazebo_sim
[9.143s] -- Installing: /home/tolasing/ros2_ws/install/gazebo_sim/share/ament_index/resource_index/parent_prefix_path/gazebo_sim
[9.143s] -- Installing: /home/tolasing/ros2_ws/install/gazebo_sim/share/gazebo_sim/environment/ament_prefix_path.sh
[9.144s] -- Installing: /home/tolasing/ros2_ws/install/gazebo_sim/share/gazebo_sim/environment/ament_prefix_path.dsv
[9.144s] -- Installing: /home/tolasing/ros2_ws/install/gazebo_sim/share/gazebo_sim/environment/path.sh
[9.144s] -- Installing: /home/tolasing/ros2_ws/install/gazebo_sim/share/gazebo_sim/environment/path.dsv
[9.144s] -- Installing: /home/tolasing/ros2_ws/install/gazebo_sim/share/gazebo_sim/local_setup.bash
[9.145s] -- Installing: /home/tolasing/ros2_ws/install/gazebo_sim/share/gazebo_sim/local_setup.sh
[9.145s] -- Installing: /home/tolasing/ros2_ws/install/gazebo_sim/share/gazebo_sim/local_setup.zsh
[9.145s] -- Installing: /home/tolasing/ros2_ws/install/gazebo_sim/share/gazebo_sim/local_setup.dsv
[9.145s] -- Installing: /home/tolasing/ros2_ws/install/gazebo_sim/share/gazebo_sim/package.dsv
[9.146s] -- Installing: /home/tolasing/ros2_ws/install/gazebo_sim/share/ament_index/resource_index/packages/gazebo_sim
[9.146s] -- Installing: /home/tolasing/ros2_ws/install/gazebo_sim/share/gazebo_sim/cmake/gazebo_simConfig.cmake
[9.146s] -- Installing: /home/tolasing/ros2_ws/install/gazebo_sim/share/gazebo_sim/cmake/gazebo_simConfig-version.cmake
[9.146s] -- Installing: /home/tolasing/ros2_ws/install/gazebo_sim/share/gazebo_sim/package.xml
[9.154s] Invoked command in '/home/tolasing/ros2_ws/build/gazebo_sim' returned '0': CMAKE_PREFIX_PATH=/home/tolasing/ros2_ws/src/cartographer:/usr/lib/x86_64-linux-gnu/libserial.so:/home/tolasing/ros2_ws/src/cartographer:/usr/lib/x86_64-linux-gnu/libserial.so:/home/tolasing/ros2_ws/install/serial_driver:/home/tolasing/ros2_ws/install/motor_control:/home/tolasing/ros2_ws/install/service_pkg:/home/tolasing/ros2_ws/install/nav2_project:/opt/ros/humble:/home/tolasing/ros2_ws/install/serial:/home/tolasing/ros2_ws/install/prototype:/home/tolasing/ros2_ws/install/nav2_course:/home/tolasing/ros2_ws/install/io_context:/home/tolasing/ros2_ws/install/cartographer:/home/tolasing/ros2_ws/install/asio_cmake_module /usr/bin/cmake --install /home/tolasing/ros2_ws/build/gazebo_sim
