[2.431s] Invoking command in '/home/tolasing/ros2_ws/src/ros2_nav_files/nav2_project': PYTHONPATH=/home/tolasing/ros2_ws/build/nav2_project/prefix_override:/home/tolasing/ros2_ws/install/nav2_project/lib/python3.10/site-packages:${PYTHONPATH} /usr/bin/python3 setup.py egg_info --egg-base ../../../build/nav2_project build --build-base /home/tolasing/ros2_ws/build/nav2_project/build install --record /home/tolasing/ros2_ws/build/nav2_project/install.log --install-scripts $base/lib/nav2_project --single-version-externally-managed
[3.071s] /usr/lib/python3/dist-packages/setuptools/dist.py:723: UserWarning: Usage of dash-separated 'script-dir' will not be supported in future versions. Please use the underscore name 'script_dir' instead
[3.071s]   warnings.warn(
[3.090s] running egg_info
[3.092s] writing ../../../build/nav2_project/nav2_project.egg-info/PKG-INFO
[3.093s] writing dependency_links to ../../../build/nav2_project/nav2_project.egg-info/dependency_links.txt
[3.093s] writing entry points to ../../../build/nav2_project/nav2_project.egg-info/entry_points.txt
[3.093s] writing requirements to ../../../build/nav2_project/nav2_project.egg-info/requires.txt
[3.094s] writing top-level names to ../../../build/nav2_project/nav2_project.egg-info/top_level.txt
[3.099s] reading manifest file '../../../build/nav2_project/nav2_project.egg-info/SOURCES.txt'
[3.101s] writing manifest file '../../../build/nav2_project/nav2_project.egg-info/SOURCES.txt'
[3.101s] running build
[3.101s] running build_py
[3.103s] /usr/lib/python3/dist-packages/setuptools/command/install.py:34: SetuptoolsDeprecationWarning: setup.py install is deprecated. Use build and pip and other standards-based tools.
[3.103s]   warnings.warn(
[3.103s] running install
[3.104s] running install_lib
[3.105s] running install_data
[3.111s] running install_egg_info
[3.118s] removing '/home/tolasing/ros2_ws/install/nav2_project/lib/python3.10/site-packages/nav2_project-0.0.0-py3.10.egg-info' (and everything under it)
[3.118s] Copying ../../../build/nav2_project/nav2_project.egg-info to /home/tolasing/ros2_ws/install/nav2_project/lib/python3.10/site-packages/nav2_project-0.0.0-py3.10.egg-info
[3.119s] running install_scripts
[3.155s] Installing go_to_pose script to /home/tolasing/ros2_ws/install/nav2_project/lib/nav2_project
[3.156s] Installing spot_recorder script to /home/tolasing/ros2_ws/install/nav2_project/lib/nav2_project
[3.156s] writing list of installed files to '/home/tolasing/ros2_ws/build/nav2_project/install.log'
[3.236s] Invoked command in '/home/tolasing/ros2_ws/src/ros2_nav_files/nav2_project' returned '0': PYTHONPATH=/home/tolasing/ros2_ws/build/nav2_project/prefix_override:/home/tolasing/ros2_ws/install/nav2_project/lib/python3.10/site-packages:${PYTHONPATH} /usr/bin/python3 setup.py egg_info --egg-base ../../../build/nav2_project build --build-base /home/tolasing/ros2_ws/build/nav2_project/build install --record /home/tolasing/ros2_ws/build/nav2_project/install.log --install-scripts $base/lib/nav2_project --single-version-externally-managed
