-- Install configuration: ""
-- Execute custom install script
-- Up-to-date symlink: /home/tolasing/ros2_ws/install/gazebo_sim/share/gazebo_sim//launch/start_gazebo.launch.py
-- Symlinking: /home/tolasing/ros2_ws/install/gazebo_sim/share/gazebo_sim//worlds/agriculture.world
-- Symlinking: /home/tolasing/ros2_ws/install/gazebo_sim/share/gazebo_sim//worlds/barrels.world
-- Up-to-date symlink: /home/tolasing/ros2_ws/install/gazebo_sim/share/gazebo_sim//worlds/empty_world.world
-- Up-to-date symlink: /home/tolasing/ros2_ws/install/gazebo_sim/share/gazebo_sim//models/box_room/meshes/box_room.dae
-- Up-to-date symlink: /home/tolasing/ros2_ws/install/gazebo_sim/share/gazebo_sim//models/box_room/meshes/chambre.png
-- Up-to-date symlink: /home/tolasing/ros2_ws/install/gazebo_sim/share/gazebo_sim//models/model.config
-- Up-to-date symlink: /home/tolasing/ros2_ws/install/gazebo_sim/share/gazebo_sim//models/room/model.config
-- Up-to-date symlink: /home/tolasing/ros2_ws/install/gazebo_sim/share/gazebo_sim//models/room/model.sdf
-- Up-to-date symlink: /home/tolasing/ros2_ws/install/gazebo_sim/share/gazebo_sim//urdf/prototype.gazebo.xacro
-- Up-to-date symlink: /home/tolasing/ros2_ws/install/gazebo_sim/share/gazebo_sim//urdf/prototype.gazebo.xsd
-- Up-to-date symlink: /home/tolasing/ros2_ws/install/gazebo_sim/share/ament_index/resource_index/package_run_dependencies/gazebo_sim
-- Up-to-date symlink: /home/tolasing/ros2_ws/install/gazebo_sim/share/ament_index/resource_index/parent_prefix_path/gazebo_sim
-- Up-to-date symlink: /home/tolasing/ros2_ws/install/gazebo_sim/share/gazebo_sim/environment/ament_prefix_path.sh
-- Up-to-date symlink: /home/tolasing/ros2_ws/install/gazebo_sim/share/gazebo_sim/environment/ament_prefix_path.dsv
-- Up-to-date symlink: /home/tolasing/ros2_ws/install/gazebo_sim/share/gazebo_sim/environment/path.sh
-- Up-to-date symlink: /home/tolasing/ros2_ws/install/gazebo_sim/share/gazebo_sim/environment/path.dsv
-- Up-to-date symlink: /home/tolasing/ros2_ws/install/gazebo_sim/share/gazebo_sim/local_setup.bash
-- Up-to-date symlink: /home/tolasing/ros2_ws/install/gazebo_sim/share/gazebo_sim/local_setup.sh
-- Up-to-date symlink: /home/tolasing/ros2_ws/install/gazebo_sim/share/gazebo_sim/local_setup.zsh
-- Up-to-date symlink: /home/tolasing/ros2_ws/install/gazebo_sim/share/gazebo_sim/local_setup.dsv
-- Symlinking: /home/tolasing/ros2_ws/install/gazebo_sim/share/gazebo_sim/package.dsv
-- Up-to-date symlink: /home/tolasing/ros2_ws/install/gazebo_sim/share/ament_index/resource_index/packages/gazebo_sim
-- Up-to-date symlink: /home/tolasing/ros2_ws/install/gazebo_sim/share/gazebo_sim/cmake/gazebo_simConfig.cmake
-- Up-to-date symlink: /home/tolasing/ros2_ws/install/gazebo_sim/share/gazebo_sim/cmake/gazebo_simConfig-version.cmake
-- Up-to-date symlink: /home/tolasing/ros2_ws/install/gazebo_sim/share/gazebo_sim/package.xml
