[0.722s] Invoking command in '/home/tolasing/ros2_ws/build/prototype': CMAKE_PREFIX_PATH=/home/tolasing/ros2_ws/src/cartographer:/usr/lib/x86_64-linux-gnu/libserial.so:/home/tolasing/ros2_ws/src/cartographer:/usr/lib/x86_64-linux-gnu/libserial.so:/home/tolasing/ros2_ws/install/udp_driver:/home/tolasing/ros2_ws/install/serial_driver:/home/tolasing/ros2_ws/install/motor_control:/home/tolasing/ros2_ws/install/service_pkg:/home/tolasing/ros2_ws/install/nav2_project:/opt/ros/humble:/home/tolasing/ros2_ws/install/serial:/home/tolasing/ros2_ws/install/prototype:/home/tolasing/ros2_ws/install/nav2_course:/home/tolasing/ros2_ws/install/io_context:/home/tolasing/ros2_ws/install/gazebo_sim:/home/tolasing/ros2_ws/install/cartographer_slam:/home/tolasing/ros2_ws/install/cartographer:/home/tolasing/ros2_ws/install/asio_cmake_module /usr/bin/cmake --build /home/tolasing/ros2_ws/build/prototype -- -j8 -l8
[0.826s] Invoked command in '/home/tolasing/ros2_ws/build/prototype' returned '0': CMAKE_PREFIX_PATH=/home/tolasing/ros2_ws/src/cartographer:/usr/lib/x86_64-linux-gnu/libserial.so:/home/tolasing/ros2_ws/src/cartographer:/usr/lib/x86_64-linux-gnu/libserial.so:/home/tolasing/ros2_ws/install/udp_driver:/home/tolasing/ros2_ws/install/serial_driver:/home/tolasing/ros2_ws/install/motor_control:/home/tolasing/ros2_ws/install/service_pkg:/home/tolasing/ros2_ws/install/nav2_project:/opt/ros/humble:/home/tolasing/ros2_ws/install/serial:/home/tolasing/ros2_ws/install/prototype:/home/tolasing/ros2_ws/install/nav2_course:/home/tolasing/ros2_ws/install/io_context:/home/tolasing/ros2_ws/install/gazebo_sim:/home/tolasing/ros2_ws/install/cartographer_slam:/home/tolasing/ros2_ws/install/cartographer:/home/tolasing/ros2_ws/install/asio_cmake_module /usr/bin/cmake --build /home/tolasing/ros2_ws/build/prototype -- -j8 -l8
[1.023s] Invoking command in '/home/tolasing/ros2_ws/build/prototype': CMAKE_PREFIX_PATH=/home/tolasing/ros2_ws/src/cartographer:/usr/lib/x86_64-linux-gnu/libserial.so:/home/tolasing/ros2_ws/src/cartographer:/usr/lib/x86_64-linux-gnu/libserial.so:/home/tolasing/ros2_ws/install/udp_driver:/home/tolasing/ros2_ws/install/serial_driver:/home/tolasing/ros2_ws/install/motor_control:/home/tolasing/ros2_ws/install/service_pkg:/home/tolasing/ros2_ws/install/nav2_project:/opt/ros/humble:/home/tolasing/ros2_ws/install/serial:/home/tolasing/ros2_ws/install/prototype:/home/tolasing/ros2_ws/install/nav2_course:/home/tolasing/ros2_ws/install/io_context:/home/tolasing/ros2_ws/install/gazebo_sim:/home/tolasing/ros2_ws/install/cartographer_slam:/home/tolasing/ros2_ws/install/cartographer:/home/tolasing/ros2_ws/install/asio_cmake_module /usr/bin/cmake --install /home/tolasing/ros2_ws/build/prototype
[1.041s] -- Install configuration: ""
[1.043s] -- Execute custom install script
[1.046s] -- Symlinking: /home/tolasing/ros2_ws/install/prototype/share/prototype//launch/auto_run.py
[1.072s] -- Symlinking: /home/tolasing/ros2_ws/install/prototype/share/prototype//launch/control_velocity.launch.py
[1.109s] -- Symlinking: /home/tolasing/ros2_ws/install/prototype/share/prototype//launch/launch_arduino.launch.py
[1.137s] -- Symlinking: /home/tolasing/ros2_ws/install/prototype/share/prototype//launch/launch_mo.launch.py
[1.158s] -- Symlinking: /home/tolasing/ros2_ws/install/prototype/share/prototype//launch/prototype_publisher.launch.py
[1.181s] -- Symlinking: /home/tolasing/ros2_ws/install/prototype/share/prototype//launch/spawn.launch.xml
[1.199s] -- Symlinking: /home/tolasing/ros2_ws/install/prototype/share/prototype//launch/spawn_pos.launch.py
[1.225s] -- Symlinking: /home/tolasing/ros2_ws/install/prototype/share/prototype//worlds/empty_world.world
[1.246s] -- Symlinking: /home/tolasing/ros2_ws/install/prototype/share/prototype//models/box_room/meshes/box_room.dae
[1.280s] -- Symlinking: /home/tolasing/ros2_ws/install/prototype/share/prototype//models/box_room/meshes/chambre.png
[1.317s] -- Symlinking: /home/tolasing/ros2_ws/install/prototype/share/prototype//models/model.config
[1.336s] -- Symlinking: /home/tolasing/ros2_ws/install/prototype/share/prototype//models/model.sdf
[1.356s] -- Symlinking: /home/tolasing/ros2_ws/install/prototype/share/prototype//urdf/prototype.control.xacro
[1.375s] -- Symlinking: /home/tolasing/ros2_ws/install/prototype/share/prototype//urdf/prototype.xacro
[1.394s] -- Symlinking: /home/tolasing/ros2_ws/install/prototype/share/prototype//meshes/Material Base Color.png
[1.442s] -- Symlinking: /home/tolasing/ros2_ws/install/prototype/share/prototype//meshes/Material.005 Base Color.png
[1.474s] -- Symlinking: /home/tolasing/ros2_ws/install/prototype/share/prototype//meshes/crane base.png
[1.496s] -- Symlinking: /home/tolasing/ros2_ws/install/prototype/share/prototype//meshes/crane stand.001.png
[1.511s] -- Symlinking: /home/tolasing/ros2_ws/install/prototype/share/prototype//meshes/crane.blend
[1.544s] -- Symlinking: /home/tolasing/ros2_ws/install/prototype/share/prototype//meshes/crane.blend1
[1.569s] -- Symlinking: /home/tolasing/ros2_ws/install/prototype/share/prototype//meshes/crane.dae
[1.584s] -- Symlinking: /home/tolasing/ros2_ws/install/prototype/share/prototype//meshes/crane_base.png
[1.598s] -- Symlinking: /home/tolasing/ros2_ws/install/prototype/share/prototype//meshes/crane_stand.png
[1.611s] -- Symlinking: /home/tolasing/ros2_ws/install/prototype/share/prototype//meshes/cute_cube.blend
[1.631s] -- Symlinking: /home/tolasing/ros2_ws/install/prototype/share/prototype//meshes/cute_cube.dae
[1.645s] -- Symlinking: /home/tolasing/ros2_ws/install/prototype/share/prototype//meshes/first wheel.blend
[1.659s] -- Symlinking: /home/tolasing/ros2_ws/install/prototype/share/prototype//meshes/gear color.png
[1.672s] -- Symlinking: /home/tolasing/ros2_ws/install/prototype/share/prototype//meshes/lambert3_baseColor.png
[1.687s] -- Symlinking: /home/tolasing/ros2_ws/install/prototype/share/prototype//meshes/motor .png
[1.701s] -- Symlinking: /home/tolasing/ros2_ws/install/prototype/share/prototype//meshes/prototype.blend
[1.723s] -- Symlinking: /home/tolasing/ros2_ws/install/prototype/share/prototype//meshes/prototype.dae
[1.749s] -- Symlinking: /home/tolasing/ros2_ws/install/prototype/share/prototype//meshes/sensors/realsense.dae
[1.776s] -- Symlinking: /home/tolasing/ros2_ws/install/prototype/share/prototype//meshes/sensors/rplidar.dae
[1.795s] -- Symlinking: /home/tolasing/ros2_ws/install/prototype/share/prototype//meshes/sensors/rplidartexture.png
[1.810s] -- Symlinking: /home/tolasing/ros2_ws/install/prototype/share/prototype//meshes/textures/lambert3_baseColor.png
[1.825s] -- Symlinking: /home/tolasing/ros2_ws/install/prototype/share/prototype//config/controller_config.yaml
[1.844s] -- Symlinking: /home/tolasing/ros2_ws/install/prototype/share/prototype//config/controller_position.yaml
[1.863s] -- Symlinking: /home/tolasing/ros2_ws/install/prototype/share/prototype//config/controller_shaft.yaml
[1.883s] -- Symlinking: /home/tolasing/ros2_ws/install/prototype/share/prototype//config/controller_velocity.yaml
[1.900s] -- Symlinking: /home/tolasing/ros2_ws/install/prototype/share/prototype//config/mapper_params_online_async.yaml
[1.918s] -- Symlinking: /home/tolasing/ros2_ws/install/prototype/share/prototype//config/rr_control.yaml
[1.940s] -- Symlinking: /home/tolasing/ros2_ws/install/prototype/share/prototype//config/velocity.yaml
[1.963s] -- Symlinking: /home/tolasing/ros2_ws/install/prototype/share/prototype//scripts/move_laser.py
[1.982s] -- Symlinking: /home/tolasing/ros2_ws/install/prototype/share/prototype//scripts/move_shaft.py
[1.996s] -- Symlinking: /home/tolasing/ros2_ws/install/prototype/share/prototype//scripts/publisher.py
[2.007s] -- Symlinking: /home/tolasing/ros2_ws/install/prototype/share/prototype//scripts/service_sample.py
[2.020s] -- Symlinking: /home/tolasing/ros2_ws/install/prototype/share/prototype//scripts/service_velocity.py
[2.034s] -- Symlinking: /home/tolasing/ros2_ws/install/prototype/share/prototype//scripts/test.py
[2.046s] -- Symlinking: /home/tolasing/ros2_ws/install/prototype/share/prototype//scripts/velocity.py
[2.058s] -- Symlinking: /home/tolasing/ros2_ws/install/prototype/lib/prototype/move_laser.py
[2.067s] -- Symlinking: /home/tolasing/ros2_ws/install/prototype/lib/prototype/move_shaft.py
[2.079s] -- Symlinking: /home/tolasing/ros2_ws/install/prototype/share/ament_index/resource_index/package_run_dependencies/prototype
[2.090s] -- Symlinking: /home/tolasing/ros2_ws/install/prototype/share/ament_index/resource_index/parent_prefix_path/prototype
[2.100s] -- Symlinking: /home/tolasing/ros2_ws/install/prototype/share/prototype/environment/ament_prefix_path.sh
[2.110s] -- Symlinking: /home/tolasing/ros2_ws/install/prototype/share/prototype/environment/ament_prefix_path.dsv
[2.119s] -- Symlinking: /home/tolasing/ros2_ws/install/prototype/share/prototype/environment/path.sh
[2.128s] -- Symlinking: /home/tolasing/ros2_ws/install/prototype/share/prototype/environment/path.dsv
[2.141s] -- Symlinking: /home/tolasing/ros2_ws/install/prototype/share/prototype/local_setup.bash
[2.151s] -- Symlinking: /home/tolasing/ros2_ws/install/prototype/share/prototype/local_setup.sh
[2.170s] -- Symlinking: /home/tolasing/ros2_ws/install/prototype/share/prototype/local_setup.zsh
[2.187s] -- Symlinking: /home/tolasing/ros2_ws/install/prototype/share/prototype/local_setup.dsv
[2.204s] -- Symlinking: /home/tolasing/ros2_ws/install/prototype/share/prototype/package.dsv
[2.220s] -- Symlinking: /home/tolasing/ros2_ws/install/prototype/share/ament_index/resource_index/packages/prototype
[2.232s] -- Symlinking: /home/tolasing/ros2_ws/install/prototype/share/prototype/cmake/prototypeConfig.cmake
[2.241s] -- Symlinking: /home/tolasing/ros2_ws/install/prototype/share/prototype/cmake/prototypeConfig-version.cmake
[2.251s] -- Symlinking: /home/tolasing/ros2_ws/install/prototype/share/prototype/package.xml
