-- Found ament_cmake: 1.3.3 (/opt/ros/humble/share/ament_cmake/cmake)
-- Override CMake install command with custom implementation using symlinks instead of copying resources
-- Found navigation2: 1.1.6 (/opt/ros/humble/share/navigation2/cmake)
-- Found rclpy: 3.3.7 (/opt/ros/humble/share/rclpy/cmake)
-- Found rclcpp: 16.0.3 (/opt/ros/humble/share/rclcpp/cmake)
-- Found rosidl_generator_c: 3.1.4 (/opt/ros/humble/share/rosidl_generator_c/cmake)
-- Found rosidl_adapter: 3.1.4 (/opt/ros/humble/share/rosidl_adapter/cmake)
-- Found rosidl_generator_cpp: 3.1.4 (/opt/ros/humble/share/rosidl_generator_cpp/cmake)
-- Using all available rosidl_typesupport_c: rosidl_typesupport_fastrtps_c;rosidl_typesupport_introspection_c
-- Using all available rosidl_typesupport_cpp: rosidl_typesupport_fastrtps_cpp;rosidl_typesupport_introspection_cpp
-- Found rmw_implementation_cmake: 6.1.1 (/opt/ros/humble/share/rmw_implementation_cmake/cmake)
-- Found rmw_fastrtps_cpp: 6.2.2 (/opt/ros/humble/share/rmw_fastrtps_cpp/cmake)
-- Using RMW implementation 'rmw_fastrtps_cpp' as default
-- Found ament_lint_auto: 0.12.5 (/opt/ros/humble/share/ament_lint_auto/cmake)
-- Added test 'lint_cmake' to check CMake code style
-- Added test 'xmllint' to check XML markup files
-- Configuring done
-- Generating done
-- Build files have been written to: /home/tolasing/ros2_ws/build/josh_path
-- Install configuration: ""
-- Execute custom install script
-- Symlinking: /home/tolasing/ros2_ws/install/josh_path/share/ament_index/resource_index/package_run_dependencies/josh_path
-- Symlinking: /home/tolasing/ros2_ws/install/josh_path/share/ament_index/resource_index/parent_prefix_path/josh_path
-- Symlinking: /home/tolasing/ros2_ws/install/josh_path/share/josh_path/environment/ament_prefix_path.sh
-- Symlinking: /home/tolasing/ros2_ws/install/josh_path/share/josh_path/environment/ament_prefix_path.dsv
-- Symlinking: /home/tolasing/ros2_ws/install/josh_path/share/josh_path/environment/path.sh
-- Symlinking: /home/tolasing/ros2_ws/install/josh_path/share/josh_path/environment/path.dsv
-- Symlinking: /home/tolasing/ros2_ws/install/josh_path/share/josh_path/local_setup.bash
-- Symlinking: /home/tolasing/ros2_ws/install/josh_path/share/josh_path/local_setup.sh
-- Symlinking: /home/tolasing/ros2_ws/install/josh_path/share/josh_path/local_setup.zsh
-- Symlinking: /home/tolasing/ros2_ws/install/josh_path/share/josh_path/local_setup.dsv
-- Symlinking: /home/tolasing/ros2_ws/install/josh_path/share/josh_path/package.dsv
-- Symlinking: /home/tolasing/ros2_ws/install/josh_path/share/ament_index/resource_index/packages/josh_path
-- Symlinking: /home/tolasing/ros2_ws/install/josh_path/share/josh_path/cmake/josh_pathConfig.cmake
-- Symlinking: /home/tolasing/ros2_ws/install/josh_path/share/josh_path/cmake/josh_pathConfig-version.cmake
-- Symlinking: /home/tolasing/ros2_ws/install/josh_path/share/josh_path/package.xml
