[0.073s] Invoking command in '/home/tolasing/ros2_ws/build/vrc_heightmap_1': /usr/bin/cmake /home/tolasing/ros2_ws/src/gazebo_models_worlds_collection/models/vrc_heightmap_1 -DCMAKE_INSTALL_PREFIX=/home/tolasing/ros2_ws/install/vrc_heightmap_1
[0.135s] [33mCMake Warning (dev) in CMakeLists.txt:
[0.136s]   No project() command is present.  The top-level CMakeLists.txt file must
[0.136s]   contain a literal, direct call to the project() command.  Add a line of
[0.136s]   code such as
[0.136s] 
[0.137s]     project(ProjectName)
[0.139s] 
[0.139s]   near the top of the file, but after cmake_minimum_required().
[0.140s] 
[0.140s]   CMake is pretending there is a "project(Project)" command on the first
[0.140s]   line.
[0.140s] This warning is for project developers.  Use -Wno-dev to suppress it.
[0.141s] [0m
[0.296s] -- The C compiler identification is GNU 11.3.0
[0.507s] -- The CXX compiler identification is GNU 11.3.0
[0.543s] -- Detecting C compiler ABI info
[0.722s] -- Detecting C compiler ABI info - done
[0.745s] -- Check for working C compiler: /usr/bin/cc - skipped
[0.745s] -- Detecting C compile features
[0.745s] -- Detecting C compile features - done
[0.754s] -- Detecting CXX compiler ABI info
[0.967s] -- Detecting CXX compiler ABI info - done
[0.984s] -- Check for working CXX compiler: /usr/bin/c++ - skipped
[0.985s] -- Detecting CXX compile features
[0.985s] -- Detecting CXX compile features - done
[0.985s] -- Configuring done
[0.985s] -- Generating done
[0.997s] -- Build files have been written to: /home/tolasing/ros2_ws/build/vrc_heightmap_1
[0.998s] [33mCMake Warning (dev) in CMakeLists.txt:
[0.998s]   No cmake_minimum_required command is present.  A line of code such as
[0.998s] 
[0.998s]     cmake_minimum_required(VERSION 3.22)
[0.998s] 
[0.998s]   should be added at the top of the file.  The version specified may be lower
[0.998s]   if you wish to support older CMake versions for this project.  For more
[0.998s]   information run "cmake --help-policy CMP0000".
[0.999s] This warning is for project developers.  Use -Wno-dev to suppress it.
[0.999s] [0m
[1.012s] Invoked command in '/home/tolasing/ros2_ws/build/vrc_heightmap_1' returned '0': /usr/bin/cmake /home/tolasing/ros2_ws/src/gazebo_models_worlds_collection/models/vrc_heightmap_1 -DCMAKE_INSTALL_PREFIX=/home/tolasing/ros2_ws/install/vrc_heightmap_1
[1.017s] Invoking command in '/home/tolasing/ros2_ws/build/vrc_heightmap_1': /usr/bin/cmake --build /home/tolasing/ros2_ws/build/vrc_heightmap_1 -- -j8 -l8
[1.074s] Invoked command in '/home/tolasing/ros2_ws/build/vrc_heightmap_1' returned '0': /usr/bin/cmake --build /home/tolasing/ros2_ws/build/vrc_heightmap_1 -- -j8 -l8
[1.212s] Invoking command in '/home/tolasing/ros2_ws/build/vrc_heightmap_1': /usr/bin/cmake --install /home/tolasing/ros2_ws/build/vrc_heightmap_1
[1.246s] -- Install configuration: ""
[1.246s] -- Installing: /home/tolasing/ros2_ws/install/vrc_heightmap_1/share/Project/gazebo_models/environments/vrc_heightmap_1/model.config
[1.246s] -- Installing: /home/tolasing/ros2_ws/install/vrc_heightmap_1/share/Project/gazebo_models/environments/vrc_heightmap_1/model.sdf
[1.247s] -- Installing: /home/tolasing/ros2_ws/install/vrc_heightmap_1/share/Project/gazebo_models/environments/vrc_heightmap_1/materials/textures/heightmap.png
[1.285s] Invoked command in '/home/tolasing/ros2_ws/build/vrc_heightmap_1' returned '0': /usr/bin/cmake --install /home/tolasing/ros2_ws/build/vrc_heightmap_1
