[0.027s] Invoking command in '/home/tolasing/ros2_ws/build/serial_driver': CMAKE_PREFIX_PATH=/home/tolasing/ros2_ws/install/io_context:/home/tolasing/ros2_ws/install/asio_cmake_module:/home/tolasing/ros2_ws/install/service_pkg:/home/tolasing/ros2_ws/install/nav2_project:/opt/ros/humble:/home/tolasing/ros2_ws/install/serial:/home/tolasing/ros2_ws/install/nav2_course:/usr/lib/x86_64-linux-gnu/libserial.so:/usr/lib/x86_64-linux-gnu/libserial.so /usr/bin/cmake /home/tolasing/ros2_ws/src/transport_drivers/serial_driver -DCMAKE_INSTALL_PREFIX=/home/tolasing/ros2_ws/install/serial_driver
[0.143s] -- The C compiler identification is GNU 11.3.0
[0.220s] -- The CXX compiler identification is GNU 11.3.0
[0.232s] -- Detecting C compiler ABI info
[0.330s] -- Detecting C compiler ABI info - done
[0.373s] -- Check for working C compiler: /usr/bin/cc - skipped
[0.375s] -- Detecting C compile features
[0.378s] -- Detecting C compile features - done
[0.390s] -- Detecting CXX compiler ABI info
[0.495s] -- Detecting CXX compiler ABI info - done
[0.510s] -- Check for working CXX compiler: /usr/bin/c++ - skipped
[0.510s] -- Detecting CXX compile features
[0.511s] -- Detecting CXX compile features - done
[0.515s] -- Found ament_cmake_auto: 1.3.3 (/opt/ros/humble/share/ament_cmake_auto/cmake)
[0.766s] -- Found Python3: /usr/bin/python3.10 (found version "3.10.6") found components: Interpreter 
[1.156s] -- Found rosidl_generator_c: 3.1.4 (/opt/ros/humble/share/rosidl_generator_c/cmake)
[1.163s] -- Found rosidl_adapter: 3.1.4 (/opt/ros/humble/share/rosidl_adapter/cmake)
[1.175s] -- Found rosidl_generator_cpp: 3.1.4 (/opt/ros/humble/share/rosidl_generator_cpp/cmake)
[1.194s] -- Using all available rosidl_typesupport_c: rosidl_typesupport_fastrtps_c;rosidl_typesupport_introspection_c
[1.223s] -- Using all available rosidl_typesupport_cpp: rosidl_typesupport_fastrtps_cpp;rosidl_typesupport_introspection_cpp
[1.319s] -- Found rmw_implementation_cmake: 6.1.1 (/opt/ros/humble/share/rmw_implementation_cmake/cmake)
[1.322s] -- Found rmw_fastrtps_cpp: 6.2.2 (/opt/ros/humble/share/rmw_fastrtps_cpp/cmake)
[1.465s] -- Found OpenSSL: /usr/lib/x86_64-linux-gnu/libcrypto.so (found version "3.0.2")  
[1.498s] -- Found FastRTPS: /opt/ros/humble/include  
[1.558s] -- Using RMW implementation 'rmw_fastrtps_cpp' as default
[1.571s] -- Looking for pthread.h
[1.656s] -- Looking for pthread.h - found
[1.656s] -- Performing Test CMAKE_HAVE_LIBC_PTHREAD
[1.767s] -- Performing Test CMAKE_HAVE_LIBC_PTHREAD - Success
[1.770s] -- Found Threads: TRUE  
[2.258s] -- Found ASIO: /usr/include  
[2.324s] -- Found ament_lint_auto: 0.12.5 (/opt/ros/humble/share/ament_lint_auto/cmake)
[2.350s] -- Found gtest sources under '/opt/ros/humble/src/gtest_vendor': C++ tests using 'Google Test' will be built
[2.364s] -- Added test 'copyright' to check source files copyright and LICENSE
[2.367s] -- Added test 'cppcheck' to perform static code analysis on C / C++ code
[2.368s] -- Configured cppcheck include dirs: /home/tolasing/ros2_ws/src/transport_drivers/serial_driver/include
[2.368s] -- Configured cppcheck exclude dirs and/or files: 
[2.370s] -- Added test 'cpplint' to check C / C++ code against the Google style
[2.371s] -- Configured cpplint exclude dirs and/or files: 
[2.371s] -- Added test 'flake8' to check Python code syntax and style conventions
[2.371s] -- Added test 'lint_cmake' to check CMake code style
[2.372s] -- Added test 'pep257' to check Python code against some of the docstring style conventions in PEP 257
[2.373s] -- Added test 'uncrustify' to check C / C++ code style
[2.373s] -- Configured uncrustify additional arguments: 
[2.374s] -- Added test 'xmllint' to check XML markup files
[2.377s] -- Configuring done
[2.451s] -- Generating done
[2.454s] -- Build files have been written to: /home/tolasing/ros2_ws/build/serial_driver
[2.470s] Invoked command in '/home/tolasing/ros2_ws/build/serial_driver' returned '0': CMAKE_PREFIX_PATH=/home/tolasing/ros2_ws/install/io_context:/home/tolasing/ros2_ws/install/asio_cmake_module:/home/tolasing/ros2_ws/install/service_pkg:/home/tolasing/ros2_ws/install/nav2_project:/opt/ros/humble:/home/tolasing/ros2_ws/install/serial:/home/tolasing/ros2_ws/install/nav2_course:/usr/lib/x86_64-linux-gnu/libserial.so:/usr/lib/x86_64-linux-gnu/libserial.so /usr/bin/cmake /home/tolasing/ros2_ws/src/transport_drivers/serial_driver -DCMAKE_INSTALL_PREFIX=/home/tolasing/ros2_ws/install/serial_driver
[2.477s] Invoking command in '/home/tolasing/ros2_ws/build/serial_driver': CMAKE_PREFIX_PATH=/home/tolasing/ros2_ws/install/io_context:/home/tolasing/ros2_ws/install/asio_cmake_module:/home/tolasing/ros2_ws/install/service_pkg:/home/tolasing/ros2_ws/install/nav2_project:/opt/ros/humble:/home/tolasing/ros2_ws/install/serial:/home/tolasing/ros2_ws/install/nav2_course:/usr/lib/x86_64-linux-gnu/libserial.so:/usr/lib/x86_64-linux-gnu/libserial.so /usr/bin/cmake --build /home/tolasing/ros2_ws/build/serial_driver -- -j8 -l8
[2.546s] [ 13%] [32mBuilding CXX object gtest/CMakeFiles/gtest.dir/src/gtest-all.cc.o[0m
[2.546s] [ 13%] [32mBuilding CXX object CMakeFiles/serial_bridge.dir/rclcpp_components/node_main_serial_bridge.cpp.o[0m
[2.549s] [ 20%] [32mBuilding CXX object gtest/CMakeFiles/gtest_main.dir/src/gtest_main.cc.o[0m
[2.553s] [ 26%] [32mBuilding CXX object CMakeFiles/serial_driver.dir/src/serial_driver.cpp.o[0m
[2.554s] [ 33%] [32mBuilding CXX object CMakeFiles/serial_driver.dir/src/serial_port.cpp.o[0m
[3.772s] [ 40%] [32m[1mLinking CXX static library libgtest_main.a[0m
[4.142s] [ 40%] Built target gtest_main
[6.860s] [ 46%] [32m[1mLinking CXX shared library libserial_driver.so[0m
[7.125s] [ 46%] Built target serial_driver
[7.153s] [ 53%] [32mBuilding CXX object CMakeFiles/serial_driver_nodes.dir/src/serial_bridge_node.cpp.o[0m
[7.271s] [ 60%] [32m[1mLinking CXX static library libgtest.a[0m
[7.393s] [ 60%] Built target gtest
[7.417s] [ 66%] [32mBuilding CXX object CMakeFiles/test_serial_driver.dir/test/test_serial_driver.cpp.o[0m
[7.419s] [ 73%] [32mBuilding CXX object CMakeFiles/test_serial_port.dir/test/test_serial_port.cpp.o[0m
[7.908s] [ 80%] [32m[1mLinking CXX executable serial_bridge[0m
[8.224s] [ 80%] Built target serial_bridge
[10.667s] [ 86%] [32m[1mLinking CXX executable test_serial_driver[0m
[10.881s] [ 93%] [32m[1mLinking CXX executable test_serial_port[0m
[11.040s] [ 93%] Built target test_serial_driver
[11.234s] [ 93%] Built target test_serial_port
[20.605s] [100%] [32m[1mLinking CXX shared library libserial_driver_nodes.so[0m
[21.617s] [100%] Built target serial_driver_nodes
[21.640s] Invoked command in '/home/tolasing/ros2_ws/build/serial_driver' returned '0': CMAKE_PREFIX_PATH=/home/tolasing/ros2_ws/install/io_context:/home/tolasing/ros2_ws/install/asio_cmake_module:/home/tolasing/ros2_ws/install/service_pkg:/home/tolasing/ros2_ws/install/nav2_project:/opt/ros/humble:/home/tolasing/ros2_ws/install/serial:/home/tolasing/ros2_ws/install/nav2_course:/usr/lib/x86_64-linux-gnu/libserial.so:/usr/lib/x86_64-linux-gnu/libserial.so /usr/bin/cmake --build /home/tolasing/ros2_ws/build/serial_driver -- -j8 -l8
[21.700s] Invoking command in '/home/tolasing/ros2_ws/build/serial_driver': CMAKE_PREFIX_PATH=/home/tolasing/ros2_ws/install/io_context:/home/tolasing/ros2_ws/install/asio_cmake_module:/home/tolasing/ros2_ws/install/service_pkg:/home/tolasing/ros2_ws/install/nav2_project:/opt/ros/humble:/home/tolasing/ros2_ws/install/serial:/home/tolasing/ros2_ws/install/nav2_course:/usr/lib/x86_64-linux-gnu/libserial.so:/usr/lib/x86_64-linux-gnu/libserial.so /usr/bin/cmake --install /home/tolasing/ros2_ws/build/serial_driver
[21.707s] -- Install configuration: ""
[21.707s] -- Installing: /home/tolasing/ros2_ws/install/serial_driver/lib/serial_driver/serial_bridge
[21.708s] -- Set runtime path of "/home/tolasing/ros2_ws/install/serial_driver/lib/serial_driver/serial_bridge" to ""
[21.708s] -- Installing: /home/tolasing/ros2_ws/install/serial_driver/include
[21.709s] -- Installing: /home/tolasing/ros2_ws/install/serial_driver/include/serial_driver
[21.709s] -- Installing: /home/tolasing/ros2_ws/install/serial_driver/include/serial_driver/serial_port.hpp
[21.709s] -- Installing: /home/tolasing/ros2_ws/install/serial_driver/include/serial_driver/serial_bridge_node.hpp
[21.709s] -- Installing: /home/tolasing/ros2_ws/install/serial_driver/include/serial_driver/serial_driver.hpp
[21.710s] -- Installing: /home/tolasing/ros2_ws/install/serial_driver/include/serial_driver/visibility_control.hpp
[21.710s] -- Installing: /home/tolasing/ros2_ws/install/serial_driver/share/serial_driver/environment/library_path.sh
[21.710s] -- Installing: /home/tolasing/ros2_ws/install/serial_driver/share/serial_driver/environment/library_path.dsv
[21.710s] -- Installing: /home/tolasing/ros2_ws/install/serial_driver/lib/libserial_driver.so
[21.710s] -- Set runtime path of "/home/tolasing/ros2_ws/install/serial_driver/lib/libserial_driver.so" to ""
[21.711s] -- Installing: /home/tolasing/ros2_ws/install/serial_driver/lib/libserial_driver_nodes.so
[21.722s] -- Set runtime path of "/home/tolasing/ros2_ws/install/serial_driver/lib/libserial_driver_nodes.so" to ""
[21.722s] -- Installing: /home/tolasing/ros2_ws/install/serial_driver/share/serial_driver/launch
[21.724s] -- Installing: /home/tolasing/ros2_ws/install/serial_driver/share/serial_driver/launch/serial_driver_bridge_node.launch.py
[21.724s] -- Installing: /home/tolasing/ros2_ws/install/serial_driver/share/serial_driver/params
[21.725s] -- Installing: /home/tolasing/ros2_ws/install/serial_driver/share/serial_driver/params/example.params.yaml
[21.726s] -- Installing: /home/tolasing/ros2_ws/install/serial_driver/share/ament_index/resource_index/package_run_dependencies/serial_driver
[21.726s] -- Installing: /home/tolasing/ros2_ws/install/serial_driver/share/ament_index/resource_index/parent_prefix_path/serial_driver
[21.726s] -- Installing: /home/tolasing/ros2_ws/install/serial_driver/share/serial_driver/environment/ament_prefix_path.sh
[21.726s] -- Installing: /home/tolasing/ros2_ws/install/serial_driver/share/serial_driver/environment/ament_prefix_path.dsv
[21.727s] -- Installing: /home/tolasing/ros2_ws/install/serial_driver/share/serial_driver/environment/path.sh
[21.727s] -- Installing: /home/tolasing/ros2_ws/install/serial_driver/share/serial_driver/environment/path.dsv
[21.727s] -- Installing: /home/tolasing/ros2_ws/install/serial_driver/share/serial_driver/local_setup.bash
[21.728s] -- Installing: /home/tolasing/ros2_ws/install/serial_driver/share/serial_driver/local_setup.sh
[21.728s] -- Installing: /home/tolasing/ros2_ws/install/serial_driver/share/serial_driver/local_setup.zsh
[21.728s] -- Installing: /home/tolasing/ros2_ws/install/serial_driver/share/serial_driver/local_setup.dsv
[21.728s] -- Installing: /home/tolasing/ros2_ws/install/serial_driver/share/serial_driver/package.dsv
[21.728s] -- Installing: /home/tolasing/ros2_ws/install/serial_driver/share/ament_index/resource_index/packages/serial_driver
[21.728s] -- Installing: /home/tolasing/ros2_ws/install/serial_driver/share/ament_index/resource_index/rclcpp_components/serial_driver
[21.730s] -- Installing: /home/tolasing/ros2_ws/install/serial_driver/share/serial_driver/cmake/ament_cmake_export_dependencies-extras.cmake
[21.730s] -- Installing: /home/tolasing/ros2_ws/install/serial_driver/share/serial_driver/cmake/ament_cmake_export_include_directories-extras.cmake
[21.731s] -- Installing: /home/tolasing/ros2_ws/install/serial_driver/share/serial_driver/cmake/ament_cmake_export_libraries-extras.cmake
[21.731s] -- Installing: /home/tolasing/ros2_ws/install/serial_driver/share/serial_driver/cmake/serial_driverConfig.cmake
[21.732s] -- Installing: /home/tolasing/ros2_ws/install/serial_driver/share/serial_driver/cmake/serial_driverConfig-version.cmake
[21.733s] -- Installing: /home/tolasing/ros2_ws/install/serial_driver/share/serial_driver/package.xml
[21.734s] Invoked command in '/home/tolasing/ros2_ws/build/serial_driver' returned '0': CMAKE_PREFIX_PATH=/home/tolasing/ros2_ws/install/io_context:/home/tolasing/ros2_ws/install/asio_cmake_module:/home/tolasing/ros2_ws/install/service_pkg:/home/tolasing/ros2_ws/install/nav2_project:/opt/ros/humble:/home/tolasing/ros2_ws/install/serial:/home/tolasing/ros2_ws/install/nav2_course:/usr/lib/x86_64-linux-gnu/libserial.so:/usr/lib/x86_64-linux-gnu/libserial.so /usr/bin/cmake --install /home/tolasing/ros2_ws/build/serial_driver
