[0.101s] Invoking command in '/home/tolasing/ros2_ws/build/serial': /usr/bin/cmake /home/tolasing/ros2_ws/src/serial -DCATKIN_INSTALL_INTO_PREFIX_ROOT=0 -DCATKIN_SYMLINK_INSTALL=ON -DCMAKE_INSTALL_PREFIX=/home/tolasing/ros2_ws/install/serial
[1.094s] -- Found ament_cmake: 1.3.3 (/opt/ros/humble/share/ament_cmake/cmake)
[1.095s] -- Found rclcpp: 16.0.3 (/opt/ros/humble/share/rclcpp/cmake)
[1.095s] -- Found rosidl_generator_c: 3.1.4 (/opt/ros/humble/share/rosidl_generator_c/cmake)
[1.095s] -- Found rosidl_adapter: 3.1.4 (/opt/ros/humble/share/rosidl_adapter/cmake)
[1.095s] -- Found rosidl_generator_cpp: 3.1.4 (/opt/ros/humble/share/rosidl_generator_cpp/cmake)
[1.095s] -- Using all available rosidl_typesupport_c: rosidl_typesupport_fastrtps_c;rosidl_typesupport_introspection_c
[1.095s] -- Using all available rosidl_typesupport_cpp: rosidl_typesupport_fastrtps_cpp;rosidl_typesupport_introspection_cpp
[1.419s] -- Found rmw_implementation_cmake: 6.1.1 (/opt/ros/humble/share/rmw_implementation_cmake/cmake)
[1.424s] -- Found rmw_fastrtps_cpp: 6.2.2 (/opt/ros/humble/share/rmw_fastrtps_cpp/cmake)
[1.819s] -- Using RMW implementation 'rmw_fastrtps_cpp' as default
[3.005s] -- Configuring done
[3.086s] -- Generating done
[3.095s] -- Build files have been written to: /home/tolasing/ros2_ws/build/serial
[3.095s] [33mCMake Warning:
[3.096s]   Manually-specified variables were not used by the project:
[3.096s] 
[3.096s]     CATKIN_SYMLINK_INSTALL
[3.096s] 
[3.096s] [0m
[3.276s] Invoked command in '/home/tolasing/ros2_ws/build/serial' returned '0': /usr/bin/cmake /home/tolasing/ros2_ws/src/serial -DCATKIN_INSTALL_INTO_PREFIX_ROOT=0 -DCATKIN_SYMLINK_INSTALL=ON -DCMAKE_INSTALL_PREFIX=/home/tolasing/ros2_ws/install/serial
[3.277s] Invoking command in '/home/tolasing/ros2_ws/build/serial': /usr/bin/cmake --build /home/tolasing/ros2_ws/build/serial -- -j8 -l8
[3.631s] [35m[1mConsolidate compiler generated dependencies of target serial[0m
[3.793s] [ 66%] Built target serial
[3.910s] [35m[1mConsolidate compiler generated dependencies of target serial_example[0m
[4.001s] [100%] Built target serial_example
[4.069s] Invoked command in '/home/tolasing/ros2_ws/build/serial' returned '0': /usr/bin/cmake --build /home/tolasing/ros2_ws/build/serial -- -j8 -l8
[5.575s] Invoking command in '/home/tolasing/ros2_ws/build/serial': /usr/bin/cmake --install /home/tolasing/ros2_ws/build/serial
[5.590s] -- Install configuration: ""
[5.590s] -- Up-to-date: /home/tolasing/ros2_ws/install/serial/share/serial/environment/library_path.sh
[5.591s] -- Installing: /home/tolasing/ros2_ws/install/serial/share/serial/environment/library_path.dsv
[5.591s] -- Up-to-date: /home/tolasing/ros2_ws/install/serial/include/serial
[5.591s] -- Up-to-date: /home/tolasing/ros2_ws/install/serial/include/serial/impl
[5.592s] -- Up-to-date: /home/tolasing/ros2_ws/install/serial/include/serial/impl/unix.h
[5.592s] -- Up-to-date: /home/tolasing/ros2_ws/install/serial/include/serial/impl/win.h
[5.592s] -- Up-to-date: /home/tolasing/ros2_ws/install/serial/include/serial/v8stdint.h
[5.592s] -- Up-to-date: /home/tolasing/ros2_ws/install/serial/include/serial/serial.h
[5.600s] -- Up-to-date: /home/tolasing/ros2_ws/install/serial/lib/libserial.a
[5.605s] -- Up-to-date: /home/tolasing/ros2_ws/install/serial/include/serial/serial.h
[5.605s] -- Up-to-date: /home/tolasing/ros2_ws/install/serial/include/serial/v8stdint.h
[5.606s] -- Up-to-date: /home/tolasing/ros2_ws/install/serial/share/ament_index/resource_index/package_run_dependencies/serial
[5.606s] -- Installing: /home/tolasing/ros2_ws/install/serial/share/ament_index/resource_index/parent_prefix_path/serial
[5.606s] -- Up-to-date: /home/tolasing/ros2_ws/install/serial/share/serial/environment/ament_prefix_path.sh
[5.606s] -- Installing: /home/tolasing/ros2_ws/install/serial/share/serial/environment/ament_prefix_path.dsv
[5.606s] -- Up-to-date: /home/tolasing/ros2_ws/install/serial/share/serial/environment/path.sh
[5.606s] -- Installing: /home/tolasing/ros2_ws/install/serial/share/serial/environment/path.dsv
[5.606s] -- Up-to-date: /home/tolasing/ros2_ws/install/serial/share/serial/local_setup.bash
[5.606s] -- Up-to-date: /home/tolasing/ros2_ws/install/serial/share/serial/local_setup.sh
[5.607s] -- Up-to-date: /home/tolasing/ros2_ws/install/serial/share/serial/local_setup.zsh
[5.607s] -- Installing: /home/tolasing/ros2_ws/install/serial/share/serial/local_setup.dsv
[5.607s] -- Installing: /home/tolasing/ros2_ws/install/serial/share/serial/package.dsv
[5.607s] -- Up-to-date: /home/tolasing/ros2_ws/install/serial/share/ament_index/resource_index/packages/serial
[5.607s] -- Up-to-date: /home/tolasing/ros2_ws/install/serial/share/serial/cmake/serialExport.cmake
[5.607s] -- Up-to-date: /home/tolasing/ros2_ws/install/serial/share/serial/cmake/serialExport-noconfig.cmake
[5.607s] -- Up-to-date: /home/tolasing/ros2_ws/install/serial/share/serial/cmake/ament_cmake_export_targets-extras.cmake
[5.608s] -- Up-to-date: /home/tolasing/ros2_ws/install/serial/share/serial/cmake/ament_cmake_export_include_directories-extras.cmake
[5.608s] -- Up-to-date: /home/tolasing/ros2_ws/install/serial/share/serial/cmake/ament_cmake_export_libraries-extras.cmake
[5.608s] -- Up-to-date: /home/tolasing/ros2_ws/install/serial/share/serial/cmake/ament_cmake_export_dependencies-extras.cmake
[5.608s] -- Up-to-date: /home/tolasing/ros2_ws/install/serial/share/serial/cmake/serialConfig.cmake
[5.608s] -- Up-to-date: /home/tolasing/ros2_ws/install/serial/share/serial/cmake/serialConfig-version.cmake
[5.608s] -- Up-to-date: /home/tolasing/ros2_ws/install/serial/share/serial/package.xml
[5.609s] Invoked command in '/home/tolasing/ros2_ws/build/serial' returned '0': /usr/bin/cmake --install /home/tolasing/ros2_ws/build/serial
