[0.022s] Invoking command in '/home/tolasing/ros2_ws/build/io_context': CMAKE_PREFIX_PATH=/home/tolasing/ros2_ws/install/asio_cmake_module:/home/tolasing/ros2_ws/src/cartographer:/usr/lib/x86_64-linux-gnu/libserial.so:/home/tolasing/ros2_ws/src/cartographer:/usr/lib/x86_64-linux-gnu/libserial.so:/home/tolasing/ros2_ws/install/serial_driver:/home/tolasing/ros2_ws/install/motor_control:/opt/ros/humble:/home/tolasing/ros2_ws/install/serial:/home/tolasing/ros2_ws/install/prototype:/home/tolasing/ros2_ws/install/io_context:/home/tolasing/ros2_ws/install/gazebo_sim /usr/bin/cmake /home/tolasing/ros2_ws/src/transport_drivers/io_context -DCMAKE_INSTALL_PREFIX=/home/tolasing/ros2_ws/install/io_context
[0.043s] -- Found ament_cmake_auto: 1.3.3 (/opt/ros/humble/share/ament_cmake_auto/cmake)
[0.289s] -- Override CMake install command with custom implementation using symlinks instead of copying resources
[0.476s] -- Found rosidl_generator_c: 3.1.4 (/opt/ros/humble/share/rosidl_generator_c/cmake)
[0.480s] -- Found rosidl_adapter: 3.1.4 (/opt/ros/humble/share/rosidl_adapter/cmake)
[0.490s] -- Found rosidl_generator_cpp: 3.1.4 (/opt/ros/humble/share/rosidl_generator_cpp/cmake)
[0.513s] -- Using all available rosidl_typesupport_c: rosidl_typesupport_fastrtps_c;rosidl_typesupport_introspection_c
[0.546s] -- Using all available rosidl_typesupport_cpp: rosidl_typesupport_fastrtps_cpp;rosidl_typesupport_introspection_cpp
[0.705s] -- Found rmw_implementation_cmake: 6.1.1 (/opt/ros/humble/share/rmw_implementation_cmake/cmake)
[0.708s] -- Found rmw_fastrtps_cpp: 6.2.2 (/opt/ros/humble/share/rmw_fastrtps_cpp/cmake)
[0.917s] -- Using RMW implementation 'rmw_fastrtps_cpp' as default
[1.304s] -- Found ament_lint_auto: 0.12.5 (/opt/ros/humble/share/ament_lint_auto/cmake)
[1.312s] -- Found gtest sources under '/opt/ros/humble/src/gtest_vendor': C++ tests using 'Google Test' will be built
[1.330s] -- Added test 'copyright' to check source files copyright and LICENSE
[1.333s] -- Added test 'cppcheck' to perform static code analysis on C / C++ code
[1.334s] -- Configured cppcheck include dirs: /home/tolasing/ros2_ws/src/transport_drivers/io_context/include
[1.334s] -- Configured cppcheck exclude dirs and/or files: 
[1.335s] -- Added test 'cpplint' to check C / C++ code against the Google style
[1.336s] -- Configured cpplint exclude dirs and/or files: 
[1.337s] -- Added test 'lint_cmake' to check CMake code style
[1.339s] -- Added test 'uncrustify' to check C / C++ code style
[1.339s] -- Configured uncrustify additional arguments: 
[1.340s] -- Added test 'xmllint' to check XML markup files
[1.347s] -- Configuring done
[1.383s] -- Generating done
[1.386s] -- Build files have been written to: /home/tolasing/ros2_ws/build/io_context
