[0.026s] Invoking command in '/home/tolasing/ros2_ws/build/navigator_planner': CMAKE_PREFIX_PATH=/home/tolasing/ros2_ws/src/cartographer:/usr/lib/x86_64-linux-gnu/libserial.so:/home/tolasing/ros2_ws/src/cartographer:/usr/lib/x86_64-linux-gnu/libserial.so:/home/tolasing/ros2_ws/install/serial_driver:/home/tolasing/ros2_ws/install/motor_control:/home/tolasing/ros2_ws/install/path_planner:/opt/ros/humble:/home/tolasing/ros2_ws/install/serial:/home/tolasing/ros2_ws/install/ros2_mapping:/home/tolasing/ros2_ws/install/prototype:/home/tolasing/ros2_ws/install/io_context:/home/tolasing/ros2_ws/install/gazebo_sim:/home/tolasing/ros2_ws/install/asio_cmake_module /usr/bin/cmake /home/tolasing/ros2_ws/src/navigator_planner -DAMENT_CMAKE_SYMLINK_INSTALL=1 -DCMAKE_INSTALL_PREFIX=/home/tolasing/ros2_ws/install/navigator_planner
[0.200s] -- The C compiler identification is GNU 11.3.0
[0.402s] -- The CXX compiler identification is GNU 11.3.0
[0.421s] -- Detecting C compiler ABI info
[0.564s] -- Detecting C compiler ABI info - done
[0.578s] -- Check for working C compiler: /usr/bin/cc - skipped
[0.579s] -- Detecting C compile features
[0.580s] -- Detecting C compile features - done
[0.587s] -- Detecting CXX compiler ABI info
[0.735s] -- Detecting CXX compiler ABI info - done
[0.749s] -- Check for working CXX compiler: /usr/bin/c++ - skipped
[0.749s] -- Detecting CXX compile features
[0.750s] -- Detecting CXX compile features - done
[0.760s] -- Found ament_cmake: 1.3.3 (/opt/ros/humble/share/ament_cmake/cmake)
[1.086s] -- Found Python3: /usr/bin/python3.10 (found version "3.10.6") found components: Interpreter 
[1.202s] -- Override CMake install command with custom implementation using symlinks instead of copying resources
[1.266s] -- Found navigation2: 1.1.6 (/opt/ros/humble/share/navigation2/cmake)
[1.269s] -- Found slam_toolbox: 2.6.4 (/opt/ros/humble/share/slam_toolbox/cmake)
[1.353s] -- Found rosidl_generator_c: 3.1.4 (/opt/ros/humble/share/rosidl_generator_c/cmake)
[1.364s] -- Found rosidl_adapter: 3.1.4 (/opt/ros/humble/share/rosidl_adapter/cmake)
[1.383s] -- Found rosidl_generator_cpp: 3.1.4 (/opt/ros/humble/share/rosidl_generator_cpp/cmake)
[1.416s] -- Using all available rosidl_typesupport_c: rosidl_typesupport_fastrtps_c;rosidl_typesupport_introspection_c
[1.464s] -- Using all available rosidl_typesupport_cpp: rosidl_typesupport_fastrtps_cpp;rosidl_typesupport_introspection_cpp
[2.676s] -- Found rmw_implementation_cmake: 6.1.1 (/opt/ros/humble/share/rmw_implementation_cmake/cmake)
[2.683s] -- Found rmw_fastrtps_cpp: 6.2.2 (/opt/ros/humble/share/rmw_fastrtps_cpp/cmake)
[2.887s] -- Found OpenSSL: /usr/lib/x86_64-linux-gnu/libcrypto.so (found version "3.0.2")  
[2.943s] -- Found FastRTPS: /opt/ros/humble/include  
[3.029s] -- Using RMW implementation 'rmw_fastrtps_cpp' as default
[3.053s] -- Looking for pthread.h
[3.174s] -- Looking for pthread.h - found
[3.175s] -- Performing Test CMAKE_HAVE_LIBC_PTHREAD
[3.335s] -- Performing Test CMAKE_HAVE_LIBC_PTHREAD - Success
[3.338s] -- Found Threads: TRUE  
[4.423s] -- Found eigen3_cmake_module: 0.1.1 (/opt/ros/humble/share/eigen3_cmake_module/cmake)
[4.426s] -- Found Eigen3: TRUE (found version "3.4.0") 
[4.427s] -- Ensuring Eigen3 include directory is part of orocos-kdl CMake target
[4.667s] -- Setting OGRE_DIR to: '/opt/ros/humble/share/rviz_ogre_vendor/cmake/../../../opt/rviz_ogre_vendor/lib/OGRE/cmake'
[4.670s] -- Found OGRE
[4.670s] --   static     : OFF
[4.670s] --   components : HLMS;MeshLodGenerator;Overlay;Paging;Property;RTShaderSystem;Terrain;Volume
[4.670s] --   plugins    : Plugin_BSPSceneManager;Plugin_OctreeSceneManager;Plugin_PCZSceneManager;Plugin_ParticleFX;RenderSystem_GL;RenderSystem_GL3Plus;Codec_STBI
[4.670s] --   media      : /opt/ros/humble/opt/rviz_ogre_vendor/share/OGRE/Media
[4.671s] -- OGRE_LIBRARIES: OgreHLMS;OgreMeshLodGenerator;OgreOverlay;OgrePaging;OgreProperty;OgreRTShaderSystem;OgreTerrain;OgreVolume;OgreMain
[4.671s] -- OGRE_LIBRARY_DIRS: /opt/ros/humble/opt/rviz_ogre_vendor/lib
[4.671s] -- OGRE_PLUGINS: Plugin_BSPSceneManager;Plugin_OctreeSceneManager;Plugin_PCZSceneManager;Plugin_ParticleFX;RenderSystem_GL;RenderSystem_GL3Plus;Codec_STBI
[4.671s] -- OGRE_PLUGIN_DIR: /opt/ros/humble/opt/rviz_ogre_vendor/lib/OGRE
[4.671s] -- rviz_ogre_vendor::OgreOverlay for IMPORTED_LOCATION_RELEASE: /opt/ros/humble/opt/rviz_ogre_vendor/lib/libOgreOverlay.so
[4.671s] -- rviz_ogre_vendor::OgreOverlay for IMPORTED_LOCATION_DEBUG: /opt/ros/humble/opt/rviz_ogre_vendor/lib/libOgreOverlay.so
[4.671s] -- rviz_ogre_vendor::OgreMain for IMPORTED_LOCATION_RELEASE: /opt/ros/humble/opt/rviz_ogre_vendor/lib/libOgreMain.so
[4.671s] -- rviz_ogre_vendor::OgreMain for IMPORTED_LOCATION_DEBUG: /opt/ros/humble/opt/rviz_ogre_vendor/lib/libOgreMain.so
[4.712s] -- Found ZLIB: /usr/lib/x86_64-linux-gnu/libz.so (found version "1.2.11") 
[4.727s] -- Found OpenGL: /usr/lib/x86_64-linux-gnu/libOpenGL.so   
[4.912s] -- Found X11: /usr/include   
[4.913s] -- Looking for XOpenDisplay in /usr/lib/x86_64-linux-gnu/libX11.so;/usr/lib/x86_64-linux-gnu/libXext.so
[5.040s] -- Looking for XOpenDisplay in /usr/lib/x86_64-linux-gnu/libX11.so;/usr/lib/x86_64-linux-gnu/libXext.so - found
[5.040s] -- Looking for gethostbyname
[5.160s] -- Looking for gethostbyname - found
[5.160s] -- Looking for connect
[5.271s] -- Looking for connect - found
[5.272s] -- Looking for remove
[5.384s] -- Looking for remove - found
[5.384s] -- Looking for shmat
[5.488s] -- Looking for shmat - found
[5.488s] -- Looking for IceConnectionNumber in ICE
[5.608s] -- Looking for IceConnectionNumber in ICE - found
[5.613s] -- rviz_ogre_vendor::RenderSystem_GL for IMPORTED_LOCATION_RELEASE: _render_system_gl_static_library_abs-NOTFOUND
[5.613s] -- rviz_ogre_vendor::RenderSystem_GL for IMPORTED_LOCATION_DEBUG: _render_system_gl_static_library_abs-NOTFOUND
[5.770s] -- library: /usr/lib/x86_64-linux-gnu/libcurl.so
[6.664s] -- Found rclpy: 3.3.7 (/opt/ros/humble/share/rclpy/cmake)
[6.667s] -- Found ament_lint_auto: 0.12.5 (/opt/ros/humble/share/ament_lint_auto/cmake)
[6.842s] -- Added test 'flake8' to check Python code syntax and style conventions
[6.844s] -- Added test 'lint_cmake' to check CMake code style
[6.845s] -- Added test 'pep257' to check Python code against some of the docstring style conventions in PEP 257
[6.847s] -- Added test 'xmllint' to check XML markup files
[6.851s] -- Configuring done
[6.864s] -- Generating done
[6.869s] -- Build files have been written to: /home/tolasing/ros2_ws/build/navigator_planner
[6.895s] Invoked command in '/home/tolasing/ros2_ws/build/navigator_planner' returned '0': CMAKE_PREFIX_PATH=/home/tolasing/ros2_ws/src/cartographer:/usr/lib/x86_64-linux-gnu/libserial.so:/home/tolasing/ros2_ws/src/cartographer:/usr/lib/x86_64-linux-gnu/libserial.so:/home/tolasing/ros2_ws/install/serial_driver:/home/tolasing/ros2_ws/install/motor_control:/home/tolasing/ros2_ws/install/path_planner:/opt/ros/humble:/home/tolasing/ros2_ws/install/serial:/home/tolasing/ros2_ws/install/ros2_mapping:/home/tolasing/ros2_ws/install/prototype:/home/tolasing/ros2_ws/install/io_context:/home/tolasing/ros2_ws/install/gazebo_sim:/home/tolasing/ros2_ws/install/asio_cmake_module /usr/bin/cmake /home/tolasing/ros2_ws/src/navigator_planner -DAMENT_CMAKE_SYMLINK_INSTALL=1 -DCMAKE_INSTALL_PREFIX=/home/tolasing/ros2_ws/install/navigator_planner
[6.900s] Invoking command in '/home/tolasing/ros2_ws/build/navigator_planner': CMAKE_PREFIX_PATH=/home/tolasing/ros2_ws/src/cartographer:/usr/lib/x86_64-linux-gnu/libserial.so:/home/tolasing/ros2_ws/src/cartographer:/usr/lib/x86_64-linux-gnu/libserial.so:/home/tolasing/ros2_ws/install/serial_driver:/home/tolasing/ros2_ws/install/motor_control:/home/tolasing/ros2_ws/install/path_planner:/opt/ros/humble:/home/tolasing/ros2_ws/install/serial:/home/tolasing/ros2_ws/install/ros2_mapping:/home/tolasing/ros2_ws/install/prototype:/home/tolasing/ros2_ws/install/io_context:/home/tolasing/ros2_ws/install/gazebo_sim:/home/tolasing/ros2_ws/install/asio_cmake_module /usr/bin/cmake --build /home/tolasing/ros2_ws/build/navigator_planner -- -j8 -l8
[6.982s] Invoked command in '/home/tolasing/ros2_ws/build/navigator_planner' returned '0': CMAKE_PREFIX_PATH=/home/tolasing/ros2_ws/src/cartographer:/usr/lib/x86_64-linux-gnu/libserial.so:/home/tolasing/ros2_ws/src/cartographer:/usr/lib/x86_64-linux-gnu/libserial.so:/home/tolasing/ros2_ws/install/serial_driver:/home/tolasing/ros2_ws/install/motor_control:/home/tolasing/ros2_ws/install/path_planner:/opt/ros/humble:/home/tolasing/ros2_ws/install/serial:/home/tolasing/ros2_ws/install/ros2_mapping:/home/tolasing/ros2_ws/install/prototype:/home/tolasing/ros2_ws/install/io_context:/home/tolasing/ros2_ws/install/gazebo_sim:/home/tolasing/ros2_ws/install/asio_cmake_module /usr/bin/cmake --build /home/tolasing/ros2_ws/build/navigator_planner -- -j8 -l8
[7.040s] Invoking command in '/home/tolasing/ros2_ws/build/navigator_planner': CMAKE_PREFIX_PATH=/home/tolasing/ros2_ws/src/cartographer:/usr/lib/x86_64-linux-gnu/libserial.so:/home/tolasing/ros2_ws/src/cartographer:/usr/lib/x86_64-linux-gnu/libserial.so:/home/tolasing/ros2_ws/install/serial_driver:/home/tolasing/ros2_ws/install/motor_control:/home/tolasing/ros2_ws/install/path_planner:/opt/ros/humble:/home/tolasing/ros2_ws/install/serial:/home/tolasing/ros2_ws/install/ros2_mapping:/home/tolasing/ros2_ws/install/prototype:/home/tolasing/ros2_ws/install/io_context:/home/tolasing/ros2_ws/install/gazebo_sim:/home/tolasing/ros2_ws/install/asio_cmake_module /usr/bin/cmake --install /home/tolasing/ros2_ws/build/navigator_planner
[7.061s] -- Install configuration: ""
[7.063s] -- Execute custom install script
[7.064s] -- Symlinking: /home/tolasing/ros2_ws/install/navigator_planner/share/navigator_planner/launch/planner_server.launch.py
[7.086s] -- Symlinking: /home/tolasing/ros2_ws/install/navigator_planner/share/navigator_planner/config/behavior.xml
[7.099s] -- Symlinking: /home/tolasing/ros2_ws/install/navigator_planner/share/navigator_planner/config/behavior.yaml
[7.111s] -- Symlinking: /home/tolasing/ros2_ws/install/navigator_planner/share/navigator_planner/config/bt_navigator.yaml
[7.124s] -- Symlinking: /home/tolasing/ros2_ws/install/navigator_planner/share/navigator_planner/config/controller_server.yaml
[7.144s] -- Symlinking: /home/tolasing/ros2_ws/install/navigator_planner/share/navigator_planner/config/global_costmap.yaml
[7.159s] -- Symlinking: /home/tolasing/ros2_ws/install/navigator_planner/share/navigator_planner/config/nav_params.yaml
[7.174s] -- Symlinking: /home/tolasing/ros2_ws/install/navigator_planner/share/navigator_planner/config/navigate_to_pose_w_replanning_and_recovery.xml
[7.187s] -- Symlinking: /home/tolasing/ros2_ws/install/navigator_planner/share/navigator_planner/config/planner_server.yaml
[7.199s] -- Symlinking: /home/tolasing/ros2_ws/install/navigator_planner/share/navigator_planner/config/recovery_server.yaml
[7.212s] -- Symlinking: /home/tolasing/ros2_ws/install/navigator_planner/share/ament_index/resource_index/package_run_dependencies/navigator_planner
[7.226s] -- Symlinking: /home/tolasing/ros2_ws/install/navigator_planner/share/ament_index/resource_index/parent_prefix_path/navigator_planner
[7.242s] -- Symlinking: /home/tolasing/ros2_ws/install/navigator_planner/share/navigator_planner/environment/ament_prefix_path.sh
[7.257s] -- Symlinking: /home/tolasing/ros2_ws/install/navigator_planner/share/navigator_planner/environment/ament_prefix_path.dsv
[7.272s] -- Symlinking: /home/tolasing/ros2_ws/install/navigator_planner/share/navigator_planner/environment/path.sh
[7.286s] -- Symlinking: /home/tolasing/ros2_ws/install/navigator_planner/share/navigator_planner/environment/path.dsv
[7.304s] -- Symlinking: /home/tolasing/ros2_ws/install/navigator_planner/share/navigator_planner/local_setup.bash
[7.318s] -- Symlinking: /home/tolasing/ros2_ws/install/navigator_planner/share/navigator_planner/local_setup.sh
[7.333s] -- Symlinking: /home/tolasing/ros2_ws/install/navigator_planner/share/navigator_planner/local_setup.zsh
[7.348s] -- Symlinking: /home/tolasing/ros2_ws/install/navigator_planner/share/navigator_planner/local_setup.dsv
[7.363s] -- Symlinking: /home/tolasing/ros2_ws/install/navigator_planner/share/navigator_planner/package.dsv
[7.378s] -- Symlinking: /home/tolasing/ros2_ws/install/navigator_planner/share/ament_index/resource_index/packages/navigator_planner
[7.391s] -- Symlinking: /home/tolasing/ros2_ws/install/navigator_planner/share/navigator_planner/cmake/navigator_plannerConfig.cmake
[7.405s] -- Symlinking: /home/tolasing/ros2_ws/install/navigator_planner/share/navigator_planner/cmake/navigator_plannerConfig-version.cmake
[7.419s] -- Symlinking: /home/tolasing/ros2_ws/install/navigator_planner/share/navigator_planner/package.xml
[7.440s] Invoked command in '/home/tolasing/ros2_ws/build/navigator_planner' returned '0': CMAKE_PREFIX_PATH=/home/tolasing/ros2_ws/src/cartographer:/usr/lib/x86_64-linux-gnu/libserial.so:/home/tolasing/ros2_ws/src/cartographer:/usr/lib/x86_64-linux-gnu/libserial.so:/home/tolasing/ros2_ws/install/serial_driver:/home/tolasing/ros2_ws/install/motor_control:/home/tolasing/ros2_ws/install/path_planner:/opt/ros/humble:/home/tolasing/ros2_ws/install/serial:/home/tolasing/ros2_ws/install/ros2_mapping:/home/tolasing/ros2_ws/install/prototype:/home/tolasing/ros2_ws/install/io_context:/home/tolasing/ros2_ws/install/gazebo_sim:/home/tolasing/ros2_ws/install/asio_cmake_module /usr/bin/cmake --install /home/tolasing/ros2_ws/build/navigator_planner
