[0.090s] Invoking command in '/home/tolasing/ros2_ws/build/nav2_course': CMAKE_PREFIX_PATH=/home/tolasing/ros2_ws/src/cartographer:/usr/lib/x86_64-linux-gnu/libserial.so:/home/tolasing/ros2_ws/src/cartographer:/usr/lib/x86_64-linux-gnu/libserial.so:/home/tolasing/ros2_ws/install/udp_driver:/home/tolasing/ros2_ws/install/serial_driver:/home/tolasing/ros2_ws/install/motor_control:/home/tolasing/ros2_ws/install/service_pkg:/home/tolasing/ros2_ws/install/nav2_project:/opt/ros/humble:/home/tolasing/ros2_ws/install/serial:/home/tolasing/ros2_ws/install/prototype:/home/tolasing/ros2_ws/install/nav2_course:/home/tolasing/ros2_ws/install/io_context:/home/tolasing/ros2_ws/install/gazebo_sim:/home/tolasing/ros2_ws/install/cartographer_slam:/home/tolasing/ros2_ws/install/cartographer:/home/tolasing/ros2_ws/install/asio_cmake_module /usr/bin/cmake /home/tolasing/ros2_ws/src/ros2_nav_files/nav2_course -DAMENT_CMAKE_SYMLINK_INSTALL=1 -DCMAKE_INSTALL_PREFIX=/home/tolasing/ros2_ws/install/nav2_course
[1.117s] -- Found ament_cmake: 1.3.3 (/opt/ros/humble/share/ament_cmake/cmake)
[1.117s] -- Override CMake install command with custom implementation using symlinks instead of copying resources
[1.118s] -- Found nav2_common: 1.1.6 (/opt/ros/humble/share/nav2_common/cmake)
[1.118s] -- Found navigation2: 1.1.6 (/opt/ros/humble/share/navigation2/cmake)
[1.118s] -- Found ament_lint_auto: 0.12.5 (/opt/ros/humble/share/ament_lint_auto/cmake)
[1.118s] -- Added test 'copyright' to check source files copyright and LICENSE
[1.125s] -- Added test 'flake8' to check Python code syntax and style conventions
[1.125s] -- Added test 'lint_cmake' to check CMake code style
[1.125s] -- Added test 'pep257' to check Python code against some of the docstring style conventions in PEP 257
[1.135s] -- Added test 'xmllint' to check XML markup files
[1.146s] -- Configuring done
[1.185s] -- Generating done
[1.185s] -- Build files have been written to: /home/tolasing/ros2_ws/build/nav2_course
[1.234s] Invoked command in '/home/tolasing/ros2_ws/build/nav2_course' returned '0': CMAKE_PREFIX_PATH=/home/tolasing/ros2_ws/src/cartographer:/usr/lib/x86_64-linux-gnu/libserial.so:/home/tolasing/ros2_ws/src/cartographer:/usr/lib/x86_64-linux-gnu/libserial.so:/home/tolasing/ros2_ws/install/udp_driver:/home/tolasing/ros2_ws/install/serial_driver:/home/tolasing/ros2_ws/install/motor_control:/home/tolasing/ros2_ws/install/service_pkg:/home/tolasing/ros2_ws/install/nav2_project:/opt/ros/humble:/home/tolasing/ros2_ws/install/serial:/home/tolasing/ros2_ws/install/prototype:/home/tolasing/ros2_ws/install/nav2_course:/home/tolasing/ros2_ws/install/io_context:/home/tolasing/ros2_ws/install/gazebo_sim:/home/tolasing/ros2_ws/install/cartographer_slam:/home/tolasing/ros2_ws/install/cartographer:/home/tolasing/ros2_ws/install/asio_cmake_module /usr/bin/cmake /home/tolasing/ros2_ws/src/ros2_nav_files/nav2_course -DAMENT_CMAKE_SYMLINK_INSTALL=1 -DCMAKE_INSTALL_PREFIX=/home/tolasing/ros2_ws/install/nav2_course
[1.242s] Invoking command in '/home/tolasing/ros2_ws/build/nav2_course': CMAKE_PREFIX_PATH=/home/tolasing/ros2_ws/src/cartographer:/usr/lib/x86_64-linux-gnu/libserial.so:/home/tolasing/ros2_ws/src/cartographer:/usr/lib/x86_64-linux-gnu/libserial.so:/home/tolasing/ros2_ws/install/udp_driver:/home/tolasing/ros2_ws/install/serial_driver:/home/tolasing/ros2_ws/install/motor_control:/home/tolasing/ros2_ws/install/service_pkg:/home/tolasing/ros2_ws/install/nav2_project:/opt/ros/humble:/home/tolasing/ros2_ws/install/serial:/home/tolasing/ros2_ws/install/prototype:/home/tolasing/ros2_ws/install/nav2_course:/home/tolasing/ros2_ws/install/io_context:/home/tolasing/ros2_ws/install/gazebo_sim:/home/tolasing/ros2_ws/install/cartographer_slam:/home/tolasing/ros2_ws/install/cartographer:/home/tolasing/ros2_ws/install/asio_cmake_module /usr/bin/cmake --build /home/tolasing/ros2_ws/build/nav2_course -- -j8 -l8
[1.494s] Invoked command in '/home/tolasing/ros2_ws/build/nav2_course' returned '0': CMAKE_PREFIX_PATH=/home/tolasing/ros2_ws/src/cartographer:/usr/lib/x86_64-linux-gnu/libserial.so:/home/tolasing/ros2_ws/src/cartographer:/usr/lib/x86_64-linux-gnu/libserial.so:/home/tolasing/ros2_ws/install/udp_driver:/home/tolasing/ros2_ws/install/serial_driver:/home/tolasing/ros2_ws/install/motor_control:/home/tolasing/ros2_ws/install/service_pkg:/home/tolasing/ros2_ws/install/nav2_project:/opt/ros/humble:/home/tolasing/ros2_ws/install/serial:/home/tolasing/ros2_ws/install/prototype:/home/tolasing/ros2_ws/install/nav2_course:/home/tolasing/ros2_ws/install/io_context:/home/tolasing/ros2_ws/install/gazebo_sim:/home/tolasing/ros2_ws/install/cartographer_slam:/home/tolasing/ros2_ws/install/cartographer:/home/tolasing/ros2_ws/install/asio_cmake_module /usr/bin/cmake --build /home/tolasing/ros2_ws/build/nav2_course -- -j8 -l8
[1.782s] Invoking command in '/home/tolasing/ros2_ws/build/nav2_course': CMAKE_PREFIX_PATH=/home/tolasing/ros2_ws/src/cartographer:/usr/lib/x86_64-linux-gnu/libserial.so:/home/tolasing/ros2_ws/src/cartographer:/usr/lib/x86_64-linux-gnu/libserial.so:/home/tolasing/ros2_ws/install/udp_driver:/home/tolasing/ros2_ws/install/serial_driver:/home/tolasing/ros2_ws/install/motor_control:/home/tolasing/ros2_ws/install/service_pkg:/home/tolasing/ros2_ws/install/nav2_project:/opt/ros/humble:/home/tolasing/ros2_ws/install/serial:/home/tolasing/ros2_ws/install/prototype:/home/tolasing/ros2_ws/install/nav2_course:/home/tolasing/ros2_ws/install/io_context:/home/tolasing/ros2_ws/install/gazebo_sim:/home/tolasing/ros2_ws/install/cartographer_slam:/home/tolasing/ros2_ws/install/cartographer:/home/tolasing/ros2_ws/install/asio_cmake_module /usr/bin/cmake --install /home/tolasing/ros2_ws/build/nav2_course
[2.700s] -- Install configuration: "Release"
[2.700s] -- Execute custom install script
[2.701s] -- Symlinking: /home/tolasing/ros2_ws/install/nav2_course/share/nav2_course/launch/localization_launch.py
[2.701s] -- Symlinking: /home/tolasing/ros2_ws/install/nav2_course/share/nav2_course/launch/map_saver.launch.py
[2.701s] -- Symlinking: /home/tolasing/ros2_ws/install/nav2_course/share/nav2_course/launch/map_server_launch.py
[2.701s] -- Symlinking: /home/tolasing/ros2_ws/install/nav2_course/share/nav2_course/launch/nav2_complete.launch.py
[2.701s] -- Symlinking: /home/tolasing/ros2_ws/install/nav2_course/share/nav2_course/launch/nav2_demo.launch.py
[2.701s] -- Symlinking: /home/tolasing/ros2_ws/install/nav2_course/share/nav2_course/launch/navigation2_launch.py
[2.701s] -- Symlinking: /home/tolasing/ros2_ws/install/nav2_course/share/nav2_course/launch/rviz.launch.py
[2.702s] -- Symlinking: /home/tolasing/ros2_ws/install/nav2_course/share/nav2_course/launch/tb3_world_navigation_with_tools_launch.py
[2.702s] -- Symlinking: /home/tolasing/ros2_ws/install/nav2_course/share/nav2_course/config/default.rviz
[2.702s] -- Symlinking: /home/tolasing/ros2_ws/install/nav2_course/share/nav2_course/config/localization_params.yaml
[2.702s] -- Symlinking: /home/tolasing/ros2_ws/install/nav2_course/share/nav2_course/config/nav2.yaml
[2.702s] -- Symlinking: /home/tolasing/ros2_ws/install/nav2_course/share/nav2_course/config/nav2_default_view.rviz
[2.702s] -- Symlinking: /home/tolasing/ros2_ws/install/nav2_course/share/nav2_course/config/nav2_house_sim_params.yaml
[2.702s] -- Symlinking: /home/tolasing/ros2_ws/install/nav2_course/share/nav2_course/config/nav2_params.yaml
[2.702s] -- Symlinking: /home/tolasing/ros2_ws/install/nav2_course/share/nav2_course/config/navigate_w_replanning_and_recovery.xml
[2.703s] -- Symlinking: /home/tolasing/ros2_ws/install/nav2_course/share/nav2_course/config/navigate_w_replanning_and_recovery_old.xml
[2.703s] -- Symlinking: /home/tolasing/ros2_ws/install/nav2_course/share/nav2_course/config/turtlebot3_world.pgm
[2.703s] -- Symlinking: /home/tolasing/ros2_ws/install/nav2_course/share/nav2_course/config/turtlebot3_world.yaml
[2.746s] -- Symlinking: /home/tolasing/ros2_ws/install/nav2_course/share/nav2_course/worlds/house_waffle.model
[2.783s] -- Symlinking: /home/tolasing/ros2_ws/install/nav2_course/share/nav2_course/worlds/waffle.model
[2.824s] -- Symlinking: /home/tolasing/ros2_ws/install/nav2_course/share/nav2_course/worlds/world_only.model
[2.842s] -- Symlinking: /home/tolasing/ros2_ws/install/nav2_course/share/nav2_course/maps/turtlebot_area.pgm
[2.884s] -- Symlinking: /home/tolasing/ros2_ws/install/nav2_course/share/nav2_course/maps/turtlebot_area.yaml
[2.928s] -- Symlinking: /home/tolasing/ros2_ws/install/nav2_course/share/ament_index/resource_index/package_run_dependencies/nav2_course
[3.006s] -- Symlinking: /home/tolasing/ros2_ws/install/nav2_course/share/ament_index/resource_index/parent_prefix_path/nav2_course
[3.067s] -- Symlinking: /home/tolasing/ros2_ws/install/nav2_course/share/nav2_course/environment/ament_prefix_path.sh
[3.113s] -- Symlinking: /home/tolasing/ros2_ws/install/nav2_course/share/nav2_course/environment/ament_prefix_path.dsv
[3.148s] -- Symlinking: /home/tolasing/ros2_ws/install/nav2_course/share/nav2_course/environment/path.sh
[3.214s] -- Symlinking: /home/tolasing/ros2_ws/install/nav2_course/share/nav2_course/environment/path.dsv
[3.276s] -- Symlinking: /home/tolasing/ros2_ws/install/nav2_course/share/nav2_course/local_setup.bash
[3.315s] -- Symlinking: /home/tolasing/ros2_ws/install/nav2_course/share/nav2_course/local_setup.sh
[3.356s] -- Symlinking: /home/tolasing/ros2_ws/install/nav2_course/share/nav2_course/local_setup.zsh
[3.401s] -- Symlinking: /home/tolasing/ros2_ws/install/nav2_course/share/nav2_course/local_setup.dsv
[3.497s] -- Symlinking: /home/tolasing/ros2_ws/install/nav2_course/share/nav2_course/package.dsv
[3.613s] -- Symlinking: /home/tolasing/ros2_ws/install/nav2_course/share/ament_index/resource_index/packages/nav2_course
[3.682s] -- Symlinking: /home/tolasing/ros2_ws/install/nav2_course/share/nav2_course/cmake/nav2_courseConfig.cmake
[3.773s] -- Symlinking: /home/tolasing/ros2_ws/install/nav2_course/share/nav2_course/cmake/nav2_courseConfig-version.cmake
[3.849s] -- Symlinking: /home/tolasing/ros2_ws/install/nav2_course/share/nav2_course/package.xml
[3.902s] Invoked command in '/home/tolasing/ros2_ws/build/nav2_course' returned '0': CMAKE_PREFIX_PATH=/home/tolasing/ros2_ws/src/cartographer:/usr/lib/x86_64-linux-gnu/libserial.so:/home/tolasing/ros2_ws/src/cartographer:/usr/lib/x86_64-linux-gnu/libserial.so:/home/tolasing/ros2_ws/install/udp_driver:/home/tolasing/ros2_ws/install/serial_driver:/home/tolasing/ros2_ws/install/motor_control:/home/tolasing/ros2_ws/install/service_pkg:/home/tolasing/ros2_ws/install/nav2_project:/opt/ros/humble:/home/tolasing/ros2_ws/install/serial:/home/tolasing/ros2_ws/install/prototype:/home/tolasing/ros2_ws/install/nav2_course:/home/tolasing/ros2_ws/install/io_context:/home/tolasing/ros2_ws/install/gazebo_sim:/home/tolasing/ros2_ws/install/cartographer_slam:/home/tolasing/ros2_ws/install/cartographer:/home/tolasing/ros2_ws/install/asio_cmake_module /usr/bin/cmake --install /home/tolasing/ros2_ws/build/nav2_course
