[1.001s] Invoking command in '/home/tolasing/ros2_ws/build/path_planner': PYTHONPATH=/home/tolasing/ros2_ws/build/path_planner/prefix_override:/home/tolasing/ros2_ws/install/path_planner/lib/python3.10/site-packages:${PYTHONPATH} /usr/bin/python3 setup.py develop --editable --build-directory /home/tolasing/ros2_ws/build/path_planner/build --no-deps install_data
[1.353s] running develop
[1.354s] /usr/lib/python3/dist-packages/setuptools/command/easy_install.py:158: EasyInstallDeprecationWarning: easy_install command is deprecated. Use build and pip and other standards-based tools.
[1.354s]   warnings.warn(
[1.356s] /usr/lib/python3/dist-packages/setuptools/command/install.py:34: SetuptoolsDeprecationWarning: setup.py install is deprecated. Use build and pip and other standards-based tools.
[1.356s]   warnings.warn(
[1.438s] /usr/lib/python3/dist-packages/pkg_resources/__init__.py:116: PkgResourcesDeprecationWarning: 1.16.0-unknown is an invalid version and will not be supported in a future release
[1.438s]   warnings.warn(
[1.438s] /usr/lib/python3/dist-packages/pkg_resources/__init__.py:116: PkgResourcesDeprecationWarning: 0.1.43ubuntu1 is an invalid version and will not be supported in a future release
[1.439s]   warnings.warn(
[1.439s] /usr/lib/python3/dist-packages/pkg_resources/__init__.py:116: PkgResourcesDeprecationWarning: 1.1build1 is an invalid version and will not be supported in a future release
[1.439s]   warnings.warn(
[1.577s] running egg_info
[1.577s] writing path_planner.egg-info/PKG-INFO
[1.578s] writing dependency_links to path_planner.egg-info/dependency_links.txt
[1.578s] writing entry points to path_planner.egg-info/entry_points.txt
[1.578s] writing requirements to path_planner.egg-info/requires.txt
[1.578s] writing top-level names to path_planner.egg-info/top_level.txt
[1.580s] error: package directory 'navigation2' does not exist
[1.635s] Invoked command in '/home/tolasing/ros2_ws/build/path_planner' returned '1': PYTHONPATH=/home/tolasing/ros2_ws/build/path_planner/prefix_override:/home/tolasing/ros2_ws/install/path_planner/lib/python3.10/site-packages:${PYTHONPATH} /usr/bin/python3 setup.py develop --editable --build-directory /home/tolasing/ros2_ws/build/path_planner/build --no-deps install_data
