[0.026s] Invoking command in '/home/tolasing/ros2_ws/build/prototype': CMAKE_PREFIX_PATH=/home/tolasing/ros2_ws/src/cartographer:/usr/lib/x86_64-linux-gnu/libserial.so:/home/tolasing/ros2_ws/src/cartographer:/usr/lib/x86_64-linux-gnu/libserial.so:/home/tolasing/ros2_ws/install/serial_driver:/home/tolasing/ros2_ws/install/motor_control:/opt/ros/humble:/home/tolasing/ros2_ws/install/serial:/home/tolasing/ros2_ws/install/ros2_mapping:/home/tolasing/ros2_ws/install/prototype:/home/tolasing/ros2_ws/install/io_context:/home/tolasing/ros2_ws/install/gazebo_sim:/home/tolasing/ros2_ws/install/asio_cmake_module /usr/bin/cmake --build /home/tolasing/ros2_ws/build/prototype -- -j8 -l8
[0.137s] Invoked command in '/home/tolasing/ros2_ws/build/prototype' returned '0': CMAKE_PREFIX_PATH=/home/tolasing/ros2_ws/src/cartographer:/usr/lib/x86_64-linux-gnu/libserial.so:/home/tolasing/ros2_ws/src/cartographer:/usr/lib/x86_64-linux-gnu/libserial.so:/home/tolasing/ros2_ws/install/serial_driver:/home/tolasing/ros2_ws/install/motor_control:/opt/ros/humble:/home/tolasing/ros2_ws/install/serial:/home/tolasing/ros2_ws/install/ros2_mapping:/home/tolasing/ros2_ws/install/prototype:/home/tolasing/ros2_ws/install/io_context:/home/tolasing/ros2_ws/install/gazebo_sim:/home/tolasing/ros2_ws/install/asio_cmake_module /usr/bin/cmake --build /home/tolasing/ros2_ws/build/prototype -- -j8 -l8
[0.173s] Invoking command in '/home/tolasing/ros2_ws/build/prototype': CMAKE_PREFIX_PATH=/home/tolasing/ros2_ws/src/cartographer:/usr/lib/x86_64-linux-gnu/libserial.so:/home/tolasing/ros2_ws/src/cartographer:/usr/lib/x86_64-linux-gnu/libserial.so:/home/tolasing/ros2_ws/install/serial_driver:/home/tolasing/ros2_ws/install/motor_control:/opt/ros/humble:/home/tolasing/ros2_ws/install/serial:/home/tolasing/ros2_ws/install/ros2_mapping:/home/tolasing/ros2_ws/install/prototype:/home/tolasing/ros2_ws/install/io_context:/home/tolasing/ros2_ws/install/gazebo_sim:/home/tolasing/ros2_ws/install/asio_cmake_module /usr/bin/cmake --install /home/tolasing/ros2_ws/build/prototype
[0.185s] -- Install configuration: ""
[0.186s] -- Execute custom install script
[0.186s] -- Up-to-date symlink: /home/tolasing/ros2_ws/install/prototype/share/prototype//launch/control_velocity.launch.py
[0.186s] -- Up-to-date symlink: /home/tolasing/ros2_ws/install/prototype/share/prototype//launch/launch_arduino.launch.py
[0.187s] -- Up-to-date symlink: /home/tolasing/ros2_ws/install/prototype/share/prototype//launch/online_async.launch.py
[0.187s] -- Up-to-date symlink: /home/tolasing/ros2_ws/install/prototype/share/prototype//launch/prototype_publisher.launch.py
[0.187s] -- Up-to-date symlink: /home/tolasing/ros2_ws/install/prototype/share/prototype//launch/spawn.launch.xml
[0.187s] -- Up-to-date symlink: /home/tolasing/ros2_ws/install/prototype/share/prototype//launch/spawn_pos.launch.py
[0.187s] -- Up-to-date symlink: /home/tolasing/ros2_ws/install/prototype/share/prototype//worlds/empty_world.world
[0.188s] -- Up-to-date symlink: /home/tolasing/ros2_ws/install/prototype/share/prototype//models/box_room/meshes/box_room.dae
[0.188s] -- Up-to-date symlink: /home/tolasing/ros2_ws/install/prototype/share/prototype//models/box_room/meshes/chambre.png
[0.188s] -- Up-to-date symlink: /home/tolasing/ros2_ws/install/prototype/share/prototype//models/model.config
[0.189s] -- Up-to-date symlink: /home/tolasing/ros2_ws/install/prototype/share/prototype//models/model.sdf
[0.189s] -- Up-to-date symlink: /home/tolasing/ros2_ws/install/prototype/share/prototype//urdf/prototype.xacro
[0.189s] -- Up-to-date symlink: /home/tolasing/ros2_ws/install/prototype/share/prototype//meshes/Dazzling.stl
[0.189s] -- Up-to-date symlink: /home/tolasing/ros2_ws/install/prototype/share/prototype//meshes/Dbrakes2K.png
[0.190s] -- Up-to-date symlink: /home/tolasing/ros2_ws/install/prototype/share/prototype//meshes/Dreaotherothertex2K.png
[0.190s] -- Up-to-date symlink: /home/tolasing/ros2_ws/install/prototype/share/prototype//meshes/Dtire_rim_detail2Ktex.png
[0.190s] -- Up-to-date symlink: /home/tolasing/ros2_ws/install/prototype/share/prototype//meshes/Material Base Color.png
[0.190s] -- Up-to-date symlink: /home/tolasing/ros2_ws/install/prototype/share/prototype//meshes/Material.005 Base Color.png
[0.190s] -- Up-to-date symlink: /home/tolasing/ros2_ws/install/prototype/share/prototype//meshes/Wheels.dae
[0.190s] -- Up-to-date symlink: /home/tolasing/ros2_ws/install/prototype/share/prototype//meshes/crane base.png
[0.191s] -- Up-to-date symlink: /home/tolasing/ros2_ws/install/prototype/share/prototype//meshes/crane stand.001.png
[0.191s] -- Up-to-date symlink: /home/tolasing/ros2_ws/install/prototype/share/prototype//meshes/crane.blend
[0.191s] -- Up-to-date symlink: /home/tolasing/ros2_ws/install/prototype/share/prototype//meshes/crane.blend1
[0.191s] -- Up-to-date symlink: /home/tolasing/ros2_ws/install/prototype/share/prototype//meshes/crane.dae
[0.191s] -- Up-to-date symlink: /home/tolasing/ros2_ws/install/prototype/share/prototype//meshes/crane_base.png
[0.192s] -- Up-to-date symlink: /home/tolasing/ros2_ws/install/prototype/share/prototype//meshes/crane_stand.png
[0.192s] -- Up-to-date symlink: /home/tolasing/ros2_ws/install/prototype/share/prototype//meshes/cute_cube.blend
[0.192s] -- Up-to-date symlink: /home/tolasing/ros2_ws/install/prototype/share/prototype//meshes/cute_cube.dae
[0.192s] -- Up-to-date symlink: /home/tolasing/ros2_ws/install/prototype/share/prototype//meshes/first wheel.blend
[0.192s] -- Up-to-date symlink: /home/tolasing/ros2_ws/install/prototype/share/prototype//meshes/gear color.png
[0.193s] -- Up-to-date symlink: /home/tolasing/ros2_ws/install/prototype/share/prototype//meshes/lambert3_baseColor.png
[0.193s] -- Up-to-date symlink: /home/tolasing/ros2_ws/install/prototype/share/prototype//meshes/motor .png
[0.193s] -- Up-to-date symlink: /home/tolasing/ros2_ws/install/prototype/share/prototype//meshes/prototype.blend
[0.193s] -- Up-to-date symlink: /home/tolasing/ros2_ws/install/prototype/share/prototype//meshes/prototype.dae
[0.193s] -- Up-to-date symlink: /home/tolasing/ros2_ws/install/prototype/share/prototype//meshes/sensors/realsense.dae
[0.193s] -- Up-to-date symlink: /home/tolasing/ros2_ws/install/prototype/share/prototype//meshes/sensors/rplidar.dae
[0.194s] -- Up-to-date symlink: /home/tolasing/ros2_ws/install/prototype/share/prototype//meshes/sensors/rplidartexture.png
[0.195s] -- Up-to-date symlink: /home/tolasing/ros2_ws/install/prototype/share/prototype//meshes/textures/lambert3_baseColor.png
[0.195s] -- Up-to-date symlink: /home/tolasing/ros2_ws/install/prototype/share/prototype//meshes/tire_rubber_2K_NRM.png
[0.195s] -- Up-to-date symlink: /home/tolasing/ros2_ws/install/prototype/share/prototype//meshes/tires/obj.mtl
[0.196s] -- Up-to-date symlink: /home/tolasing/ros2_ws/install/prototype/share/prototype//meshes/tires/tinker.obj
[0.196s] -- Up-to-date symlink: /home/tolasing/ros2_ws/install/prototype/share/prototype//config/controller_config.yaml
[0.196s] -- Up-to-date symlink: /home/tolasing/ros2_ws/install/prototype/share/prototype//config/controller_shaft.yaml
[0.196s] -- Up-to-date symlink: /home/tolasing/ros2_ws/install/prototype/share/prototype//config/controller_velocity.yaml
[0.196s] -- Up-to-date symlink: /home/tolasing/ros2_ws/install/prototype/share/prototype//config/velocity.yaml
[0.197s] -- Up-to-date symlink: /home/tolasing/ros2_ws/install/prototype/share/prototype//scripts/move_laser.py
[0.197s] -- Up-to-date symlink: /home/tolasing/ros2_ws/install/prototype/share/prototype//scripts/move_shaft.py
[0.197s] -- Up-to-date symlink: /home/tolasing/ros2_ws/install/prototype/share/prototype//scripts/publisher.py
[0.197s] -- Up-to-date symlink: /home/tolasing/ros2_ws/install/prototype/share/prototype//scripts/service_sample.py
[0.197s] -- Up-to-date symlink: /home/tolasing/ros2_ws/install/prototype/share/prototype//scripts/service_velocity.py
[0.197s] -- Up-to-date symlink: /home/tolasing/ros2_ws/install/prototype/share/prototype//scripts/test.py
[0.197s] -- Up-to-date symlink: /home/tolasing/ros2_ws/install/prototype/share/prototype//scripts/velocity.py
[0.198s] -- Up-to-date symlink: /home/tolasing/ros2_ws/install/prototype/lib/prototype/move_laser.py
[0.198s] -- Up-to-date symlink: /home/tolasing/ros2_ws/install/prototype/lib/prototype/move_shaft.py
[0.198s] -- Up-to-date symlink: /home/tolasing/ros2_ws/install/prototype/share/ament_index/resource_index/package_run_dependencies/prototype
[0.198s] -- Up-to-date symlink: /home/tolasing/ros2_ws/install/prototype/share/ament_index/resource_index/parent_prefix_path/prototype
[0.198s] -- Up-to-date symlink: /home/tolasing/ros2_ws/install/prototype/share/prototype/environment/ament_prefix_path.sh
[0.198s] -- Up-to-date symlink: /home/tolasing/ros2_ws/install/prototype/share/prototype/environment/ament_prefix_path.dsv
[0.198s] -- Up-to-date symlink: /home/tolasing/ros2_ws/install/prototype/share/prototype/environment/path.sh
[0.199s] -- Up-to-date symlink: /home/tolasing/ros2_ws/install/prototype/share/prototype/environment/path.dsv
[0.199s] -- Up-to-date symlink: /home/tolasing/ros2_ws/install/prototype/share/prototype/local_setup.bash
[0.199s] -- Up-to-date symlink: /home/tolasing/ros2_ws/install/prototype/share/prototype/local_setup.sh
[0.199s] -- Up-to-date symlink: /home/tolasing/ros2_ws/install/prototype/share/prototype/local_setup.zsh
[0.199s] -- Up-to-date symlink: /home/tolasing/ros2_ws/install/prototype/share/prototype/local_setup.dsv
[0.199s] -- Symlinking: /home/tolasing/ros2_ws/install/prototype/share/prototype/package.dsv
[0.209s] -- Up-to-date symlink: /home/tolasing/ros2_ws/install/prototype/share/ament_index/resource_index/packages/prototype
[0.210s] -- Up-to-date symlink: /home/tolasing/ros2_ws/install/prototype/share/prototype/cmake/prototypeConfig.cmake
[0.210s] -- Up-to-date symlink: /home/tolasing/ros2_ws/install/prototype/share/prototype/cmake/prototypeConfig-version.cmake
[0.210s] -- Up-to-date symlink: /home/tolasing/ros2_ws/install/prototype/share/prototype/package.xml
[0.214s] Invoked command in '/home/tolasing/ros2_ws/build/prototype' returned '0': CMAKE_PREFIX_PATH=/home/tolasing/ros2_ws/src/cartographer:/usr/lib/x86_64-linux-gnu/libserial.so:/home/tolasing/ros2_ws/src/cartographer:/usr/lib/x86_64-linux-gnu/libserial.so:/home/tolasing/ros2_ws/install/serial_driver:/home/tolasing/ros2_ws/install/motor_control:/opt/ros/humble:/home/tolasing/ros2_ws/install/serial:/home/tolasing/ros2_ws/install/ros2_mapping:/home/tolasing/ros2_ws/install/prototype:/home/tolasing/ros2_ws/install/io_context:/home/tolasing/ros2_ws/install/gazebo_sim:/home/tolasing/ros2_ws/install/asio_cmake_module /usr/bin/cmake --install /home/tolasing/ros2_ws/build/prototype
