[0.062s] Invoking command in '/home/tolasing/ros2_ws/build/ros2_mapping': CMAKE_PREFIX_PATH=/home/tolasing/ros2_ws/src/cartographer:/usr/lib/x86_64-linux-gnu/libserial.so:/home/tolasing/ros2_ws/src/cartographer:/usr/lib/x86_64-linux-gnu/libserial.so:/home/tolasing/ros2_ws/install/serial_driver:/home/tolasing/ros2_ws/install/motor_control:/opt/ros/humble:/home/tolasing/ros2_ws/install/serial:/home/tolasing/ros2_ws/install/prototype:/home/tolasing/ros2_ws/install/io_context:/home/tolasing/ros2_ws/install/gazebo_sim:/home/tolasing/ros2_ws/install/asio_cmake_module /usr/bin/cmake /home/tolasing/ros2_ws/src/ros2_mapping -DCMAKE_INSTALL_PREFIX=/home/tolasing/ros2_ws/install/ros2_mapping
[0.267s] -- The C compiler identification is GNU 11.3.0
[0.442s] -- The CXX compiler identification is GNU 11.3.0
[0.458s] -- Detecting C compiler ABI info
[0.578s] -- Detecting C compiler ABI info - done
[0.595s] -- Check for working C compiler: /usr/bin/cc - skipped
[0.596s] -- Detecting C compile features
[0.598s] -- Detecting C compile features - done
[0.604s] -- Detecting CXX compiler ABI info
[0.736s] -- Detecting CXX compiler ABI info - done
[0.762s] -- Check for working CXX compiler: /usr/bin/c++ - skipped
[0.763s] -- Detecting CXX compile features
[0.764s] -- Detecting CXX compile features - done
[0.772s] -- Found ament_cmake: 1.3.3 (/opt/ros/humble/share/ament_cmake/cmake)
[1.069s] -- Found Python3: /usr/bin/python3.10 (found version "3.10.6") found components: Interpreter 
[1.234s] -- Found ament_lint_auto: 0.12.5 (/opt/ros/humble/share/ament_lint_auto/cmake)
[1.380s] -- Added test 'lint_cmake' to check CMake code style
[1.383s] -- Added test 'xmllint' to check XML markup files
[1.388s] -- Configuring done
[1.395s] -- Generating done
[1.397s] -- Build files have been written to: /home/tolasing/ros2_ws/build/ros2_mapping
[1.408s] Invoked command in '/home/tolasing/ros2_ws/build/ros2_mapping' returned '0': CMAKE_PREFIX_PATH=/home/tolasing/ros2_ws/src/cartographer:/usr/lib/x86_64-linux-gnu/libserial.so:/home/tolasing/ros2_ws/src/cartographer:/usr/lib/x86_64-linux-gnu/libserial.so:/home/tolasing/ros2_ws/install/serial_driver:/home/tolasing/ros2_ws/install/motor_control:/opt/ros/humble:/home/tolasing/ros2_ws/install/serial:/home/tolasing/ros2_ws/install/prototype:/home/tolasing/ros2_ws/install/io_context:/home/tolasing/ros2_ws/install/gazebo_sim:/home/tolasing/ros2_ws/install/asio_cmake_module /usr/bin/cmake /home/tolasing/ros2_ws/src/ros2_mapping -DCMAKE_INSTALL_PREFIX=/home/tolasing/ros2_ws/install/ros2_mapping
[1.411s] Invoking command in '/home/tolasing/ros2_ws/build/ros2_mapping': CMAKE_PREFIX_PATH=/home/tolasing/ros2_ws/src/cartographer:/usr/lib/x86_64-linux-gnu/libserial.so:/home/tolasing/ros2_ws/src/cartographer:/usr/lib/x86_64-linux-gnu/libserial.so:/home/tolasing/ros2_ws/install/serial_driver:/home/tolasing/ros2_ws/install/motor_control:/opt/ros/humble:/home/tolasing/ros2_ws/install/serial:/home/tolasing/ros2_ws/install/prototype:/home/tolasing/ros2_ws/install/io_context:/home/tolasing/ros2_ws/install/gazebo_sim:/home/tolasing/ros2_ws/install/asio_cmake_module /usr/bin/cmake --build /home/tolasing/ros2_ws/build/ros2_mapping -- -j8 -l8
[1.469s] Invoked command in '/home/tolasing/ros2_ws/build/ros2_mapping' returned '0': CMAKE_PREFIX_PATH=/home/tolasing/ros2_ws/src/cartographer:/usr/lib/x86_64-linux-gnu/libserial.so:/home/tolasing/ros2_ws/src/cartographer:/usr/lib/x86_64-linux-gnu/libserial.so:/home/tolasing/ros2_ws/install/serial_driver:/home/tolasing/ros2_ws/install/motor_control:/opt/ros/humble:/home/tolasing/ros2_ws/install/serial:/home/tolasing/ros2_ws/install/prototype:/home/tolasing/ros2_ws/install/io_context:/home/tolasing/ros2_ws/install/gazebo_sim:/home/tolasing/ros2_ws/install/asio_cmake_module /usr/bin/cmake --build /home/tolasing/ros2_ws/build/ros2_mapping -- -j8 -l8
[1.501s] Invoking command in '/home/tolasing/ros2_ws/build/ros2_mapping': CMAKE_PREFIX_PATH=/home/tolasing/ros2_ws/src/cartographer:/usr/lib/x86_64-linux-gnu/libserial.so:/home/tolasing/ros2_ws/src/cartographer:/usr/lib/x86_64-linux-gnu/libserial.so:/home/tolasing/ros2_ws/install/serial_driver:/home/tolasing/ros2_ws/install/motor_control:/opt/ros/humble:/home/tolasing/ros2_ws/install/serial:/home/tolasing/ros2_ws/install/prototype:/home/tolasing/ros2_ws/install/io_context:/home/tolasing/ros2_ws/install/gazebo_sim:/home/tolasing/ros2_ws/install/asio_cmake_module /usr/bin/cmake --install /home/tolasing/ros2_ws/build/ros2_mapping
[1.512s] -- Install configuration: ""
[1.512s] [31mCMake Error at cmake_install.cmake:46 (file):
[1.512s]   file INSTALL cannot find "/home/tolasing/ros2_ws/src/ros2_mapping/launch":
[1.512s]   No such file or directory.
[1.512s] 
[1.512s] [0m
[1.518s] Invoked command in '/home/tolasing/ros2_ws/build/ros2_mapping' returned '1': CMAKE_PREFIX_PATH=/home/tolasing/ros2_ws/src/cartographer:/usr/lib/x86_64-linux-gnu/libserial.so:/home/tolasing/ros2_ws/src/cartographer:/usr/lib/x86_64-linux-gnu/libserial.so:/home/tolasing/ros2_ws/install/serial_driver:/home/tolasing/ros2_ws/install/motor_control:/opt/ros/humble:/home/tolasing/ros2_ws/install/serial:/home/tolasing/ros2_ws/install/prototype:/home/tolasing/ros2_ws/install/io_context:/home/tolasing/ros2_ws/install/gazebo_sim:/home/tolasing/ros2_ws/install/asio_cmake_module /usr/bin/cmake --install /home/tolasing/ros2_ws/build/ros2_mapping
