[0.128s] Invoking command in '/home/tolasing/ros2_ws/build/serial': /usr/bin/cmake --build /home/tolasing/ros2_ws/build/serial -- -j8 -l8
[0.308s] [ 66%] Built target serial
[0.363s] [100%] Built target serial_example
[0.446s] Invoked command in '/home/tolasing/ros2_ws/build/serial' returned '0': /usr/bin/cmake --build /home/tolasing/ros2_ws/build/serial -- -j8 -l8
[1.108s] Invoking command in '/home/tolasing/ros2_ws/build/serial': /usr/bin/cmake --install /home/tolasing/ros2_ws/build/serial
[1.124s] -- Install configuration: ""
[1.134s] -- Up-to-date: /home/tolasing/ros2_ws/install/serial/share/serial/environment/library_path.sh
[1.134s] -- Up-to-date: /home/tolasing/ros2_ws/install/serial/share/serial/environment/library_path.dsv
[1.135s] -- Up-to-date: /home/tolasing/ros2_ws/install/serial/include/serial
[1.135s] -- Up-to-date: /home/tolasing/ros2_ws/install/serial/include/serial/impl
[1.135s] -- Up-to-date: /home/tolasing/ros2_ws/install/serial/include/serial/impl/unix.h
[1.135s] -- Up-to-date: /home/tolasing/ros2_ws/install/serial/include/serial/impl/win.h
[1.136s] -- Up-to-date: /home/tolasing/ros2_ws/install/serial/include/serial/v8stdint.h
[1.136s] -- Up-to-date: /home/tolasing/ros2_ws/install/serial/include/serial/serial.h
[1.136s] -- Up-to-date: /home/tolasing/ros2_ws/install/serial/lib/libserial.a
[1.136s] -- Up-to-date: /home/tolasing/ros2_ws/install/serial/include/serial/serial.h
[1.136s] -- Up-to-date: /home/tolasing/ros2_ws/install/serial/include/serial/v8stdint.h
[1.137s] -- Up-to-date: /home/tolasing/ros2_ws/install/serial/share/ament_index/resource_index/package_run_dependencies/serial
[1.137s] -- Up-to-date: /home/tolasing/ros2_ws/install/serial/share/ament_index/resource_index/parent_prefix_path/serial
[1.139s] -- Up-to-date: /home/tolasing/ros2_ws/install/serial/share/serial/environment/ament_prefix_path.sh
[1.140s] -- Up-to-date: /home/tolasing/ros2_ws/install/serial/share/serial/environment/ament_prefix_path.dsv
[1.141s] -- Up-to-date: /home/tolasing/ros2_ws/install/serial/share/serial/environment/path.sh
[1.141s] -- Up-to-date: /home/tolasing/ros2_ws/install/serial/share/serial/environment/path.dsv
[1.141s] -- Up-to-date: /home/tolasing/ros2_ws/install/serial/share/serial/local_setup.bash
[1.141s] -- Up-to-date: /home/tolasing/ros2_ws/install/serial/share/serial/local_setup.sh
[1.142s] -- Up-to-date: /home/tolasing/ros2_ws/install/serial/share/serial/local_setup.zsh
[1.142s] -- Up-to-date: /home/tolasing/ros2_ws/install/serial/share/serial/local_setup.dsv
[1.142s] -- Installing: /home/tolasing/ros2_ws/install/serial/share/serial/package.dsv
[1.143s] -- Up-to-date: /home/tolasing/ros2_ws/install/serial/share/ament_index/resource_index/packages/serial
[1.144s] -- Up-to-date: /home/tolasing/ros2_ws/install/serial/share/serial/cmake/serialExport.cmake
[1.144s] -- Up-to-date: /home/tolasing/ros2_ws/install/serial/share/serial/cmake/serialExport-noconfig.cmake
[1.144s] -- Up-to-date: /home/tolasing/ros2_ws/install/serial/share/serial/cmake/ament_cmake_export_targets-extras.cmake
[1.145s] -- Up-to-date: /home/tolasing/ros2_ws/install/serial/share/serial/cmake/ament_cmake_export_include_directories-extras.cmake
[1.147s] -- Up-to-date: /home/tolasing/ros2_ws/install/serial/share/serial/cmake/ament_cmake_export_libraries-extras.cmake
[1.148s] -- Up-to-date: /home/tolasing/ros2_ws/install/serial/share/serial/cmake/ament_cmake_export_dependencies-extras.cmake
[1.149s] -- Up-to-date: /home/tolasing/ros2_ws/install/serial/share/serial/cmake/serialConfig.cmake
[1.152s] -- Up-to-date: /home/tolasing/ros2_ws/install/serial/share/serial/cmake/serialConfig-version.cmake
[1.153s] -- Up-to-date: /home/tolasing/ros2_ws/install/serial/share/serial/package.xml
[1.159s] Invoked command in '/home/tolasing/ros2_ws/build/serial' returned '0': /usr/bin/cmake --install /home/tolasing/ros2_ws/build/serial
