[0.980s] Invoking command in '/home/tolasing/ros2_ws/build/path_planner': PYTHONPATH=/home/tolasing/ros2_ws/build/path_planner/prefix_override:/home/tolasing/ros2_ws/install/path_planner/lib/python3.10/site-packages:${PYTHONPATH} /usr/bin/python3 setup.py develop --editable --build-directory /home/tolasing/ros2_ws/build/path_planner/build --no-deps install_data
[1.290s] running develop
[1.290s] /usr/lib/python3/dist-packages/setuptools/command/easy_install.py:158: EasyInstallDeprecationWarning: easy_install command is deprecated. Use build and pip and other standards-based tools.
[1.291s]   warnings.warn(
[1.292s] /usr/lib/python3/dist-packages/setuptools/command/install.py:34: SetuptoolsDeprecationWarning: setup.py install is deprecated. Use build and pip and other standards-based tools.
[1.293s]   warnings.warn(
[1.366s] /usr/lib/python3/dist-packages/pkg_resources/__init__.py:116: PkgResourcesDeprecationWarning: 1.16.0-unknown is an invalid version and will not be supported in a future release
[1.366s]   warnings.warn(
[1.366s] /usr/lib/python3/dist-packages/pkg_resources/__init__.py:116: PkgResourcesDeprecationWarning: 0.1.43ubuntu1 is an invalid version and will not be supported in a future release
[1.366s]   warnings.warn(
[1.367s] /usr/lib/python3/dist-packages/pkg_resources/__init__.py:116: PkgResourcesDeprecationWarning: 1.1build1 is an invalid version and will not be supported in a future release
[1.367s]   warnings.warn(
[1.502s] running egg_info
[1.502s] writing path_planner.egg-info/PKG-INFO
[1.502s] writing dependency_links to path_planner.egg-info/dependency_links.txt
[1.503s] writing entry points to path_planner.egg-info/entry_points.txt
[1.503s] writing requirements to path_planner.egg-info/requires.txt
[1.503s] writing top-level names to path_planner.egg-info/top_level.txt
[1.505s] reading manifest file 'path_planner.egg-info/SOURCES.txt'
[1.506s] writing manifest file 'path_planner.egg-info/SOURCES.txt'
[1.508s] running build_ext
[1.509s] Creating /home/tolasing/ros2_ws/install/path_planner/lib/python3.10/site-packages/path-planner.egg-link (link to .)
[1.510s] Installing navigation_node script to /home/tolasing/ros2_ws/install/path_planner/lib/path_planner
[1.510s] 
[1.510s] Installed /home/tolasing/ros2_ws/build/path_planner
[1.510s] running install_data
[1.511s] copying launch/planner_server.launch.py -> /home/tolasing/ros2_ws/install/path_planner/share/path_planner/launch
[1.559s] Invoked command in '/home/tolasing/ros2_ws/build/path_planner' returned '0': PYTHONPATH=/home/tolasing/ros2_ws/build/path_planner/prefix_override:/home/tolasing/ros2_ws/install/path_planner/lib/python3.10/site-packages:${PYTHONPATH} /usr/bin/python3 setup.py develop --editable --build-directory /home/tolasing/ros2_ws/build/path_planner/build --no-deps install_data
