[35m[1mConsolidate compiler generated dependencies of target spinlock_wait[0m
[35m[1mConsolidate compiler generated dependencies of target dynamic_annotations[0m
[35m[1mConsolidate compiler generated dependencies of target strings_internal[0m
[35m[1mConsolidate compiler generated dependencies of target int128[0m
[35m[1mConsolidate compiler generated dependencies of target time_zone[0m
[  2%] Built target dynamic_annotations
[  4%] Built target spinlock_wait
[  7%] Built target strings_internal
[ 17%] Built target time_zone
[35m[1mConsolidate compiler generated dependencies of target leak_check[0m
[35m[1mConsolidate compiler generated dependencies of target base[0m
[35m[1mConsolidate compiler generated dependencies of target leak_check_disable[0m
[35m[1mConsolidate compiler generated dependencies of target civil_time[0m
[35m[1mConsolidate compiler generated dependencies of target city[0m
[ 19%] Built target int128
[ 21%] Built target leak_check
[ 22%] Built target leak_check_disable
[ 30%] Built target base
[ 32%] Built target civil_time
[ 34%] Built target city
[35m[1mConsolidate compiler generated dependencies of target throw_delegate[0m
[35m[1mConsolidate compiler generated dependencies of target malloc_internal[0m
[ 36%] Built target throw_delegate
[35m[1mConsolidate compiler generated dependencies of target debugging_internal[0m
[35m[1mConsolidate compiler generated dependencies of target demangle_internal[0m
[35m[1mConsolidate compiler generated dependencies of target scoped_set_env[0m
[ 38%] Built target malloc_internal
[35m[1mConsolidate compiler generated dependencies of target bad_optional_access[0m
[35m[1mConsolidate compiler generated dependencies of target bad_variant_access[0m
[ 41%] Built target debugging_internal
[ 43%] Built target demangle_internal
[ 45%] Built target bad_optional_access
[ 47%] Built target scoped_set_env
[35m[1mConsolidate compiler generated dependencies of target bad_any_cast_impl[0m
[ 49%] Built target bad_variant_access
[35m[1mConsolidate compiler generated dependencies of target stacktrace[0m
[35m[1mConsolidate compiler generated dependencies of target strings[0m
[35m[1mConsolidate compiler generated dependencies of target graphcycles_internal[0m
[ 50%] Built target bad_any_cast_impl
[ 51%] [32mBuilding CXX object absl/debugging/CMakeFiles/symbolize.dir/symbolize.cc.o[0m
[ 52%] [32mBuilding CXX object absl/synchronization/CMakeFiles/graphcycles_internal.dir/internal/graphcycles.cc.o[0m
[ 54%] Built target stacktrace
[ 67%] Built target strings
[ 68%] [32mBuilding CXX object absl/time/CMakeFiles/time.dir/clock.cc.o[0m
[ 69%] [32mBuilding CXX object absl/time/CMakeFiles/time.dir/duration.cc.o[0m
[ 70%] [32mBuilding CXX object absl/time/CMakeFiles/time.dir/civil_time.cc.o[0m
[ 71%] [32mBuilding CXX object absl/time/CMakeFiles/time.dir/format.cc.o[0m
[ 72%] [32mBuilding CXX object absl/hash/CMakeFiles/hash.dir/internal/hash.cc.o[0m
[ 73%] [32mBuilding CXX object absl/strings/CMakeFiles/str_format_internal.dir/internal/str_format/arg.cc.o[0m
[ 74%] [32m[1mLinking CXX static library libabsl_symbolize.a[0m
[ 75%] [32mBuilding CXX object absl/time/CMakeFiles/time.dir/time.cc.o[0m
[ 76%] [32mBuilding CXX object absl/strings/CMakeFiles/str_format_internal.dir/internal/str_format/bind.cc.o[0m
[ 76%] Built target symbolize
[ 77%] [32mBuilding CXX object absl/strings/CMakeFiles/str_format_internal.dir/internal/str_format/extension.cc.o[0m
[ 78%] [32mBuilding CXX object absl/strings/CMakeFiles/str_format_internal.dir/internal/str_format/float_conversion.cc.o[0m
[ 79%] [32mBuilding CXX object absl/strings/CMakeFiles/str_format_internal.dir/internal/str_format/output.cc.o[0m
[ 80%] [32m[1mLinking CXX static library libabsl_hash.a[0m
[ 81%] [32mBuilding CXX object absl/strings/CMakeFiles/str_format_internal.dir/internal/str_format/parser.cc.o[0m
[ 81%] Built target hash
[ 82%] [32m[1mLinking CXX static library libabsl_time.a[0m
[ 82%] Built target time
[ 83%] [32m[1mLinking CXX static library libabsl_str_format_internal.a[0m
[ 83%] Built target str_format_internal
