-- Found ament_cmake: 0.9.12 (/opt/ros/foxy/share/ament_cmake/cmake)
-- Using PYTHON_EXECUTABLE: /usr/bin/python3
-- Found hardware_interface: 0.11.0 (/opt/ros/foxy/share/hardware_interface/cmake)
-- Using all available rosidl_typesupport_c: rosidl_typesupport_fastrtps_c;rosidl_typesupport_introspection_c
-- Found rosidl_adapter: 1.3.1 (/opt/ros/foxy/share/rosidl_adapter/cmake)
-- Using all available rosidl_typesupport_cpp: rosidl_typesupport_fastrtps_cpp;rosidl_typesupport_introspection_cpp
-- Found rclcpp: 2.4.3 (/opt/ros/foxy/share/rclcpp/cmake)
-- Found rmw_implementation_cmake: 1.0.4 (/opt/ros/foxy/share/rmw_implementation_cmake/cmake)
-- Using RMW implementation 'rmw_fastrtps_cpp' as default
-- Found rclcpp_lifecycle: 2.4.3 (/opt/ros/foxy/share/rclcpp_lifecycle/cmake)
-- Found serial: 1.2.1 (/home/rock/robot_ws/install/serial/share/serial/cmake)
-- Found ament_cmake_gtest: 0.9.12 (/opt/ros/foxy/share/ament_cmake_gtest/cmake)
-- Configuring done
-- Generating done
-- Build files have been written to: /home/rock/robot_ws/build/motor_control
[35m[1mScanning dependencies of target motor_control[0m
[ 25%] [32mBuilding CXX object CMakeFiles/motor_control.dir/src/comms.cpp.o[0m
[ 50%] [32mBuilding CXX object CMakeFiles/motor_control.dir/src/motor_interface.cpp.o[0m
[ 75%] [32mBuilding CXX object CMakeFiles/motor_control.dir/src/wheel.cpp.o[0m
[100%] [32m[1mLinking CXX shared library libmotor_control.so[0m
[100%] Built target motor_control
-- Install configuration: ""
-- Installing: /home/rock/robot_ws/install/motor_control/share/motor_control/motor_interface.xml
-- Installing: /home/rock/robot_ws/install/motor_control/lib/libmotor_control.so
-- Set runtime path of "/home/rock/robot_ws/install/motor_control/lib/libmotor_control.so" to ""
-- Installing: /home/rock/robot_ws/install/motor_control/include
-- Installing: /home/rock/robot_ws/install/motor_control/include/motor_control
-- Installing: /home/rock/robot_ws/install/motor_control/include/motor_control/comms.h
-- Installing: /home/rock/robot_ws/install/motor_control/include/motor_control/wheel.h
-- Installing: /home/rock/robot_ws/install/motor_control/include/motor_control/motor_interface.hpp
-- Installing: /home/rock/robot_ws/install/motor_control/include/motor_control/config.h
-- Installing: /home/rock/robot_ws/install/motor_control/share/motor_control//launch
-- Installing: /home/rock/robot_ws/install/motor_control/share/motor_control//launch/motor_launch.py
-- Installing: /home/rock/robot_ws/install/motor_control/share/motor_control//config
-- Installing: /home/rock/robot_ws/install/motor_control/share/motor_control//config/controller_config.yaml
-- Installing: /home/rock/robot_ws/install/motor_control/share/motor_control/environment/library_path.sh
-- Installing: /home/rock/robot_ws/install/motor_control/share/motor_control/environment/library_path.dsv
-- Installing: /home/rock/robot_ws/install/motor_control/share/ament_index/resource_index/package_run_dependencies/motor_control
-- Installing: /home/rock/robot_ws/install/motor_control/share/ament_index/resource_index/parent_prefix_path/motor_control
-- Installing: /home/rock/robot_ws/install/motor_control/share/motor_control/environment/ament_prefix_path.sh
-- Installing: /home/rock/robot_ws/install/motor_control/share/motor_control/environment/ament_prefix_path.dsv
-- Installing: /home/rock/robot_ws/install/motor_control/share/motor_control/environment/path.sh
-- Installing: /home/rock/robot_ws/install/motor_control/share/motor_control/environment/path.dsv
-- Installing: /home/rock/robot_ws/install/motor_control/share/motor_control/local_setup.bash
-- Installing: /home/rock/robot_ws/install/motor_control/share/motor_control/local_setup.sh
-- Installing: /home/rock/robot_ws/install/motor_control/share/motor_control/local_setup.zsh
-- Installing: /home/rock/robot_ws/install/motor_control/share/motor_control/local_setup.dsv
-- Installing: /home/rock/robot_ws/install/motor_control/share/motor_control/package.dsv
-- Installing: /home/rock/robot_ws/install/motor_control/share/ament_index/resource_index/packages/motor_control
-- Installing: /home/rock/robot_ws/install/motor_control/share/ament_index/resource_index/hardware_interface__pluginlib__plugin/motor_control
-- Installing: /home/rock/robot_ws/install/motor_control/share/motor_control/cmake/ament_cmake_export_include_directories-extras.cmake
-- Installing: /home/rock/robot_ws/install/motor_control/share/motor_control/cmake/ament_cmake_export_libraries-extras.cmake
-- Installing: /home/rock/robot_ws/install/motor_control/share/motor_control/cmake/ament_cmake_export_dependencies-extras.cmake
-- Installing: /home/rock/robot_ws/install/motor_control/share/motor_control/cmake/motor_controlConfig.cmake
-- Installing: /home/rock/robot_ws/install/motor_control/share/motor_control/cmake/motor_controlConfig-version.cmake
-- Installing: /home/rock/robot_ws/install/motor_control/share/motor_control/package.xml
