-- Install configuration: ""
-- Execute custom install script
-- Up-to-date symlink: /home/tolasing/ros2_ws/install/prototype/share/prototype//launch/control_velocity.launch.py
-- Up-to-date symlink: /home/tolasing/ros2_ws/install/prototype/share/prototype//launch/launch_arduino.launch.py
-- Up-to-date symlink: /home/tolasing/ros2_ws/install/prototype/share/prototype//launch/online_async.launch.py
-- Up-to-date symlink: /home/tolasing/ros2_ws/install/prototype/share/prototype//launch/prototype_publisher.launch.py
-- Up-to-date symlink: /home/tolasing/ros2_ws/install/prototype/share/prototype//launch/spawn.launch.xml
-- Up-to-date symlink: /home/tolasing/ros2_ws/install/prototype/share/prototype//launch/spawn_pos.launch.py
-- Up-to-date symlink: /home/tolasing/ros2_ws/install/prototype/share/prototype//worlds/empty_world.world
-- Up-to-date symlink: /home/tolasing/ros2_ws/install/prototype/share/prototype//models/box_room/meshes/box_room.dae
-- Up-to-date symlink: /home/tolasing/ros2_ws/install/prototype/share/prototype//models/box_room/meshes/chambre.png
-- Up-to-date symlink: /home/tolasing/ros2_ws/install/prototype/share/prototype//models/model.config
-- Up-to-date symlink: /home/tolasing/ros2_ws/install/prototype/share/prototype//models/model.sdf
-- Up-to-date symlink: /home/tolasing/ros2_ws/install/prototype/share/prototype//urdf/Battery_Control.xacro
-- Up-to-date symlink: /home/tolasing/ros2_ws/install/prototype/share/prototype//urdf/crane.xacro
-- Up-to-date symlink: /home/tolasing/ros2_ws/install/prototype/share/prototype//urdf/hardware_interface.xacro
-- Up-to-date symlink: /home/tolasing/ros2_ws/install/prototype/share/prototype//urdf/joint_macros.xacro
-- Up-to-date symlink: /home/tolasing/ros2_ws/install/prototype/share/prototype//urdf/lidar.xacro
-- Up-to-date symlink: /home/tolasing/ros2_ws/install/prototype/share/prototype//urdf/link_macros.xacro
-- Up-to-date symlink: /home/tolasing/ros2_ws/install/prototype/share/prototype//urdf/prototype.xacro
-- Up-to-date symlink: /home/tolasing/ros2_ws/install/prototype/share/prototype//urdf/wheel.xacro
-- Up-to-date symlink: /home/tolasing/ros2_ws/install/prototype/share/prototype//meshes/Dazzling.stl
-- Up-to-date symlink: /home/tolasing/ros2_ws/install/prototype/share/prototype//meshes/Dbrakes2K.png
-- Up-to-date symlink: /home/tolasing/ros2_ws/install/prototype/share/prototype//meshes/Dreaotherothertex2K.png
-- Up-to-date symlink: /home/tolasing/ros2_ws/install/prototype/share/prototype//meshes/Dtire_rim_detail2Ktex.png
-- Up-to-date symlink: /home/tolasing/ros2_ws/install/prototype/share/prototype//meshes/Material Base Color.png
-- Up-to-date symlink: /home/tolasing/ros2_ws/install/prototype/share/prototype//meshes/Material.005 Base Color.png
-- Up-to-date symlink: /home/tolasing/ros2_ws/install/prototype/share/prototype//meshes/Prototype_mesh(1).stl
-- Up-to-date symlink: /home/tolasing/ros2_ws/install/prototype/share/prototype//meshes/Prototype_mesh(3).stl
-- Up-to-date symlink: /home/tolasing/ros2_ws/install/prototype/share/prototype//meshes/Prototype_mesh.stl
-- Up-to-date symlink: /home/tolasing/ros2_ws/install/prototype/share/prototype//meshes/Wheels.dae
-- Up-to-date symlink: /home/tolasing/ros2_ws/install/prototype/share/prototype//meshes/blender_mesh.stl
-- Up-to-date symlink: /home/tolasing/ros2_ws/install/prototype/share/prototype//meshes/crane base.png
-- Up-to-date symlink: /home/tolasing/ros2_ws/install/prototype/share/prototype//meshes/crane stand.001.png
-- Up-to-date symlink: /home/tolasing/ros2_ws/install/prototype/share/prototype//meshes/crane.blend
-- Up-to-date symlink: /home/tolasing/ros2_ws/install/prototype/share/prototype//meshes/crane.blend1
-- Up-to-date symlink: /home/tolasing/ros2_ws/install/prototype/share/prototype//meshes/crane.dae
-- Up-to-date symlink: /home/tolasing/ros2_ws/install/prototype/share/prototype//meshes/crane_base.png
-- Up-to-date symlink: /home/tolasing/ros2_ws/install/prototype/share/prototype//meshes/crane_stand.png
-- Up-to-date symlink: /home/tolasing/ros2_ws/install/prototype/share/prototype//meshes/cute_cube.blend
-- Up-to-date symlink: /home/tolasing/ros2_ws/install/prototype/share/prototype//meshes/cute_cube.dae
-- Up-to-date symlink: /home/tolasing/ros2_ws/install/prototype/share/prototype//meshes/first wheel.blend
-- Up-to-date symlink: /home/tolasing/ros2_ws/install/prototype/share/prototype//meshes/gear color.png
-- Up-to-date symlink: /home/tolasing/ros2_ws/install/prototype/share/prototype//meshes/lambert3_baseColor.png
-- Up-to-date symlink: /home/tolasing/ros2_ws/install/prototype/share/prototype//meshes/motor .png
-- Up-to-date symlink: /home/tolasing/ros2_ws/install/prototype/share/prototype//meshes/prototype.blend
-- Up-to-date symlink: /home/tolasing/ros2_ws/install/prototype/share/prototype//meshes/prototype.dae
-- Up-to-date symlink: /home/tolasing/ros2_ws/install/prototype/share/prototype//meshes/sensors/realsense.dae
-- Up-to-date symlink: /home/tolasing/ros2_ws/install/prototype/share/prototype//meshes/sensors/rplidar.dae
-- Up-to-date symlink: /home/tolasing/ros2_ws/install/prototype/share/prototype//meshes/sensors/rplidartexture.png
-- Up-to-date symlink: /home/tolasing/ros2_ws/install/prototype/share/prototype//meshes/textures/lambert3_baseColor.png
-- Up-to-date symlink: /home/tolasing/ros2_ws/install/prototype/share/prototype//meshes/tinker.stl
-- Up-to-date symlink: /home/tolasing/ros2_ws/install/prototype/share/prototype//meshes/tire_rubber_2K_NRM.png
-- Up-to-date symlink: /home/tolasing/ros2_ws/install/prototype/share/prototype//meshes/tires/obj.mtl
-- Up-to-date symlink: /home/tolasing/ros2_ws/install/prototype/share/prototype//meshes/tires/tinker.obj
-- Up-to-date symlink: /home/tolasing/ros2_ws/install/prototype/share/prototype//scripts/move_laser.py
-- Up-to-date symlink: /home/tolasing/ros2_ws/install/prototype/share/prototype//scripts/move_shaft.py
-- Up-to-date symlink: /home/tolasing/ros2_ws/install/prototype/share/prototype//scripts/publisher.py
-- Up-to-date symlink: /home/tolasing/ros2_ws/install/prototype/share/prototype//scripts/service_sample.py
-- Up-to-date symlink: /home/tolasing/ros2_ws/install/prototype/share/prototype//scripts/service_velocity.py
-- Up-to-date symlink: /home/tolasing/ros2_ws/install/prototype/share/prototype//scripts/test.py
-- Up-to-date symlink: /home/tolasing/ros2_ws/install/prototype/share/prototype//scripts/velocity.py
-- Up-to-date symlink: /home/tolasing/ros2_ws/install/prototype/share/prototype//rviz/localizer_rviz_config.rviz
-- Up-to-date symlink: /home/tolasing/ros2_ws/install/prototype/lib/prototype/move_laser.py
-- Up-to-date symlink: /home/tolasing/ros2_ws/install/prototype/lib/prototype/move_shaft.py
-- Up-to-date symlink: /home/tolasing/ros2_ws/install/prototype/share/ament_index/resource_index/package_run_dependencies/prototype
-- Up-to-date symlink: /home/tolasing/ros2_ws/install/prototype/share/ament_index/resource_index/parent_prefix_path/prototype
-- Up-to-date symlink: /home/tolasing/ros2_ws/install/prototype/share/prototype/environment/ament_prefix_path.sh
-- Up-to-date symlink: /home/tolasing/ros2_ws/install/prototype/share/prototype/environment/ament_prefix_path.dsv
-- Up-to-date symlink: /home/tolasing/ros2_ws/install/prototype/share/prototype/environment/path.sh
-- Up-to-date symlink: /home/tolasing/ros2_ws/install/prototype/share/prototype/environment/path.dsv
-- Up-to-date symlink: /home/tolasing/ros2_ws/install/prototype/share/prototype/local_setup.bash
-- Up-to-date symlink: /home/tolasing/ros2_ws/install/prototype/share/prototype/local_setup.sh
-- Up-to-date symlink: /home/tolasing/ros2_ws/install/prototype/share/prototype/local_setup.zsh
-- Up-to-date symlink: /home/tolasing/ros2_ws/install/prototype/share/prototype/local_setup.dsv
-- Symlinking: /home/tolasing/ros2_ws/install/prototype/share/prototype/package.dsv
-- Up-to-date symlink: /home/tolasing/ros2_ws/install/prototype/share/ament_index/resource_index/packages/prototype
-- Up-to-date symlink: /home/tolasing/ros2_ws/install/prototype/share/prototype/cmake/prototypeConfig.cmake
-- Up-to-date symlink: /home/tolasing/ros2_ws/install/prototype/share/prototype/cmake/prototypeConfig-version.cmake
-- Up-to-date symlink: /home/tolasing/ros2_ws/install/prototype/share/prototype/package.xml
