[0.041s] Invoking command in '/home/tolasing/ros2_ws/build/prototype': CMAKE_PREFIX_PATH=/home/tolasing/ros2_ws/src/cartographer:/usr/lib/x86_64-linux-gnu/libserial.so:/home/tolasing/ros2_ws/src/cartographer:/usr/lib/x86_64-linux-gnu/libserial.so:/home/tolasing/ros2_ws/install/serial_driver:/home/tolasing/ros2_ws/install/motor_control:/home/tolasing/ros2_ws/install/path_planner:/opt/ros/humble:/home/tolasing/ros2_ws/install/serial:/home/tolasing/ros2_ws/install/ros2_mapping:/home/tolasing/ros2_ws/install/prototype:/home/tolasing/ros2_ws/install/navigator_planner:/home/tolasing/ros2_ws/install/nav_test:/home/tolasing/ros2_ws/install/io_context:/home/tolasing/ros2_ws/install/gazebo_sim:/home/tolasing/ros2_ws/install/asio_cmake_module:/home/tolasing/ros2_ws/install/articubot_one /usr/bin/cmake --build /home/tolasing/ros2_ws/build/prototype -- -j8 -l8
[0.174s] Invoked command in '/home/tolasing/ros2_ws/build/prototype' returned '0': CMAKE_PREFIX_PATH=/home/tolasing/ros2_ws/src/cartographer:/usr/lib/x86_64-linux-gnu/libserial.so:/home/tolasing/ros2_ws/src/cartographer:/usr/lib/x86_64-linux-gnu/libserial.so:/home/tolasing/ros2_ws/install/serial_driver:/home/tolasing/ros2_ws/install/motor_control:/home/tolasing/ros2_ws/install/path_planner:/opt/ros/humble:/home/tolasing/ros2_ws/install/serial:/home/tolasing/ros2_ws/install/ros2_mapping:/home/tolasing/ros2_ws/install/prototype:/home/tolasing/ros2_ws/install/navigator_planner:/home/tolasing/ros2_ws/install/nav_test:/home/tolasing/ros2_ws/install/io_context:/home/tolasing/ros2_ws/install/gazebo_sim:/home/tolasing/ros2_ws/install/asio_cmake_module:/home/tolasing/ros2_ws/install/articubot_one /usr/bin/cmake --build /home/tolasing/ros2_ws/build/prototype -- -j8 -l8
[0.227s] Invoking command in '/home/tolasing/ros2_ws/build/prototype': CMAKE_PREFIX_PATH=/home/tolasing/ros2_ws/src/cartographer:/usr/lib/x86_64-linux-gnu/libserial.so:/home/tolasing/ros2_ws/src/cartographer:/usr/lib/x86_64-linux-gnu/libserial.so:/home/tolasing/ros2_ws/install/serial_driver:/home/tolasing/ros2_ws/install/motor_control:/home/tolasing/ros2_ws/install/path_planner:/opt/ros/humble:/home/tolasing/ros2_ws/install/serial:/home/tolasing/ros2_ws/install/ros2_mapping:/home/tolasing/ros2_ws/install/prototype:/home/tolasing/ros2_ws/install/navigator_planner:/home/tolasing/ros2_ws/install/nav_test:/home/tolasing/ros2_ws/install/io_context:/home/tolasing/ros2_ws/install/gazebo_sim:/home/tolasing/ros2_ws/install/asio_cmake_module:/home/tolasing/ros2_ws/install/articubot_one /usr/bin/cmake --install /home/tolasing/ros2_ws/build/prototype
[0.245s] -- Install configuration: ""
[0.246s] -- Execute custom install script
[0.247s] -- Up-to-date symlink: /home/tolasing/ros2_ws/install/prototype/share/prototype//launch/control_velocity.launch.py
[0.248s] -- Up-to-date symlink: /home/tolasing/ros2_ws/install/prototype/share/prototype//launch/launch_arduino.launch.py
[0.248s] -- Up-to-date symlink: /home/tolasing/ros2_ws/install/prototype/share/prototype//launch/online_async.launch.py
[0.248s] -- Up-to-date symlink: /home/tolasing/ros2_ws/install/prototype/share/prototype//launch/prototype_publisher.launch.py
[0.249s] -- Up-to-date symlink: /home/tolasing/ros2_ws/install/prototype/share/prototype//launch/spawn.launch.xml
[0.249s] -- Up-to-date symlink: /home/tolasing/ros2_ws/install/prototype/share/prototype//launch/spawn_pos.launch.py
[0.249s] -- Up-to-date symlink: /home/tolasing/ros2_ws/install/prototype/share/prototype//worlds/empty_world.world
[0.250s] -- Up-to-date symlink: /home/tolasing/ros2_ws/install/prototype/share/prototype//models/box_room/meshes/box_room.dae
[0.250s] -- Up-to-date symlink: /home/tolasing/ros2_ws/install/prototype/share/prototype//models/box_room/meshes/chambre.png
[0.250s] -- Up-to-date symlink: /home/tolasing/ros2_ws/install/prototype/share/prototype//models/model.config
[0.251s] -- Up-to-date symlink: /home/tolasing/ros2_ws/install/prototype/share/prototype//models/model.sdf
[0.251s] -- Up-to-date symlink: /home/tolasing/ros2_ws/install/prototype/share/prototype//urdf/Battery_Control.xacro
[0.252s] -- Up-to-date symlink: /home/tolasing/ros2_ws/install/prototype/share/prototype//urdf/crane.xacro
[0.252s] -- Up-to-date symlink: /home/tolasing/ros2_ws/install/prototype/share/prototype//urdf/hardware_interface.xacro
[0.252s] -- Up-to-date symlink: /home/tolasing/ros2_ws/install/prototype/share/prototype//urdf/joint_macros.xacro
[0.252s] -- Up-to-date symlink: /home/tolasing/ros2_ws/install/prototype/share/prototype//urdf/lidar.xacro
[0.253s] -- Up-to-date symlink: /home/tolasing/ros2_ws/install/prototype/share/prototype//urdf/link_macros.xacro
[0.253s] -- Up-to-date symlink: /home/tolasing/ros2_ws/install/prototype/share/prototype//urdf/prototype.xacro
[0.253s] -- Up-to-date symlink: /home/tolasing/ros2_ws/install/prototype/share/prototype//urdf/wheel.xacro
[0.254s] -- Up-to-date symlink: /home/tolasing/ros2_ws/install/prototype/share/prototype//meshes/Dazzling.stl
[0.255s] -- Up-to-date symlink: /home/tolasing/ros2_ws/install/prototype/share/prototype//meshes/Dbrakes2K.png
[0.255s] -- Up-to-date symlink: /home/tolasing/ros2_ws/install/prototype/share/prototype//meshes/Dreaotherothertex2K.png
[0.255s] -- Up-to-date symlink: /home/tolasing/ros2_ws/install/prototype/share/prototype//meshes/Dtire_rim_detail2Ktex.png
[0.255s] -- Up-to-date symlink: /home/tolasing/ros2_ws/install/prototype/share/prototype//meshes/Material Base Color.png
[0.256s] -- Up-to-date symlink: /home/tolasing/ros2_ws/install/prototype/share/prototype//meshes/Material.005 Base Color.png
[0.256s] -- Up-to-date symlink: /home/tolasing/ros2_ws/install/prototype/share/prototype//meshes/Prototype_mesh(1).stl
[0.256s] -- Up-to-date symlink: /home/tolasing/ros2_ws/install/prototype/share/prototype//meshes/Prototype_mesh(3).stl
[0.256s] -- Up-to-date symlink: /home/tolasing/ros2_ws/install/prototype/share/prototype//meshes/Prototype_mesh.stl
[0.257s] -- Up-to-date symlink: /home/tolasing/ros2_ws/install/prototype/share/prototype//meshes/Wheels.dae
[0.257s] -- Up-to-date symlink: /home/tolasing/ros2_ws/install/prototype/share/prototype//meshes/blender_mesh.stl
[0.257s] -- Up-to-date symlink: /home/tolasing/ros2_ws/install/prototype/share/prototype//meshes/crane base.png
[0.257s] -- Up-to-date symlink: /home/tolasing/ros2_ws/install/prototype/share/prototype//meshes/crane stand.001.png
[0.258s] -- Up-to-date symlink: /home/tolasing/ros2_ws/install/prototype/share/prototype//meshes/crane.blend
[0.258s] -- Up-to-date symlink: /home/tolasing/ros2_ws/install/prototype/share/prototype//meshes/crane.blend1
[0.258s] -- Up-to-date symlink: /home/tolasing/ros2_ws/install/prototype/share/prototype//meshes/crane.dae
[0.258s] -- Up-to-date symlink: /home/tolasing/ros2_ws/install/prototype/share/prototype//meshes/crane_base.png
[0.259s] -- Up-to-date symlink: /home/tolasing/ros2_ws/install/prototype/share/prototype//meshes/crane_stand.png
[0.259s] -- Up-to-date symlink: /home/tolasing/ros2_ws/install/prototype/share/prototype//meshes/cute_cube.blend
[0.259s] -- Up-to-date symlink: /home/tolasing/ros2_ws/install/prototype/share/prototype//meshes/cute_cube.dae
[0.259s] -- Up-to-date symlink: /home/tolasing/ros2_ws/install/prototype/share/prototype//meshes/first wheel.blend
[0.260s] -- Up-to-date symlink: /home/tolasing/ros2_ws/install/prototype/share/prototype//meshes/gear color.png
[0.260s] -- Up-to-date symlink: /home/tolasing/ros2_ws/install/prototype/share/prototype//meshes/lambert3_baseColor.png
[0.260s] -- Up-to-date symlink: /home/tolasing/ros2_ws/install/prototype/share/prototype//meshes/motor .png
[0.260s] -- Up-to-date symlink: /home/tolasing/ros2_ws/install/prototype/share/prototype//meshes/prototype.blend
[0.261s] -- Up-to-date symlink: /home/tolasing/ros2_ws/install/prototype/share/prototype//meshes/prototype.dae
[0.261s] -- Up-to-date symlink: /home/tolasing/ros2_ws/install/prototype/share/prototype//meshes/sensors/realsense.dae
[0.261s] -- Up-to-date symlink: /home/tolasing/ros2_ws/install/prototype/share/prototype//meshes/sensors/rplidar.dae
[0.261s] -- Up-to-date symlink: /home/tolasing/ros2_ws/install/prototype/share/prototype//meshes/sensors/rplidartexture.png
[0.262s] -- Up-to-date symlink: /home/tolasing/ros2_ws/install/prototype/share/prototype//meshes/textures/lambert3_baseColor.png
[0.262s] -- Up-to-date symlink: /home/tolasing/ros2_ws/install/prototype/share/prototype//meshes/tinker.stl
[0.262s] -- Up-to-date symlink: /home/tolasing/ros2_ws/install/prototype/share/prototype//meshes/tire_rubber_2K_NRM.png
[0.262s] -- Up-to-date symlink: /home/tolasing/ros2_ws/install/prototype/share/prototype//meshes/tires/obj.mtl
[0.263s] -- Up-to-date symlink: /home/tolasing/ros2_ws/install/prototype/share/prototype//meshes/tires/tinker.obj
[0.263s] -- Up-to-date symlink: /home/tolasing/ros2_ws/install/prototype/share/prototype//scripts/move_laser.py
[0.264s] -- Up-to-date symlink: /home/tolasing/ros2_ws/install/prototype/share/prototype//scripts/move_shaft.py
[0.264s] -- Up-to-date symlink: /home/tolasing/ros2_ws/install/prototype/share/prototype//scripts/publisher.py
[0.264s] -- Up-to-date symlink: /home/tolasing/ros2_ws/install/prototype/share/prototype//scripts/service_sample.py
[0.264s] -- Up-to-date symlink: /home/tolasing/ros2_ws/install/prototype/share/prototype//scripts/service_velocity.py
[0.265s] -- Up-to-date symlink: /home/tolasing/ros2_ws/install/prototype/share/prototype//scripts/test.py
[0.265s] -- Up-to-date symlink: /home/tolasing/ros2_ws/install/prototype/share/prototype//scripts/velocity.py
[0.265s] -- Up-to-date symlink: /home/tolasing/ros2_ws/install/prototype/share/prototype//rviz/localizer_rviz_config.rviz
[0.266s] -- Up-to-date symlink: /home/tolasing/ros2_ws/install/prototype/lib/prototype/move_laser.py
[0.266s] -- Up-to-date symlink: /home/tolasing/ros2_ws/install/prototype/lib/prototype/move_shaft.py
[0.266s] -- Up-to-date symlink: /home/tolasing/ros2_ws/install/prototype/share/ament_index/resource_index/package_run_dependencies/prototype
[0.267s] -- Up-to-date symlink: /home/tolasing/ros2_ws/install/prototype/share/ament_index/resource_index/parent_prefix_path/prototype
[0.267s] -- Up-to-date symlink: /home/tolasing/ros2_ws/install/prototype/share/prototype/environment/ament_prefix_path.sh
[0.268s] -- Up-to-date symlink: /home/tolasing/ros2_ws/install/prototype/share/prototype/environment/ament_prefix_path.dsv
[0.268s] -- Up-to-date symlink: /home/tolasing/ros2_ws/install/prototype/share/prototype/environment/path.sh
[0.268s] -- Up-to-date symlink: /home/tolasing/ros2_ws/install/prototype/share/prototype/environment/path.dsv
[0.269s] -- Up-to-date symlink: /home/tolasing/ros2_ws/install/prototype/share/prototype/local_setup.bash
[0.269s] -- Up-to-date symlink: /home/tolasing/ros2_ws/install/prototype/share/prototype/local_setup.sh
[0.269s] -- Up-to-date symlink: /home/tolasing/ros2_ws/install/prototype/share/prototype/local_setup.zsh
[0.270s] -- Up-to-date symlink: /home/tolasing/ros2_ws/install/prototype/share/prototype/local_setup.dsv
[0.270s] -- Symlinking: /home/tolasing/ros2_ws/install/prototype/share/prototype/package.dsv
[0.284s] -- Up-to-date symlink: /home/tolasing/ros2_ws/install/prototype/share/ament_index/resource_index/packages/prototype
[0.285s] -- Up-to-date symlink: /home/tolasing/ros2_ws/install/prototype/share/prototype/cmake/prototypeConfig.cmake
[0.286s] -- Up-to-date symlink: /home/tolasing/ros2_ws/install/prototype/share/prototype/cmake/prototypeConfig-version.cmake
[0.286s] -- Up-to-date symlink: /home/tolasing/ros2_ws/install/prototype/share/prototype/package.xml
[0.293s] Invoked command in '/home/tolasing/ros2_ws/build/prototype' returned '0': CMAKE_PREFIX_PATH=/home/tolasing/ros2_ws/src/cartographer:/usr/lib/x86_64-linux-gnu/libserial.so:/home/tolasing/ros2_ws/src/cartographer:/usr/lib/x86_64-linux-gnu/libserial.so:/home/tolasing/ros2_ws/install/serial_driver:/home/tolasing/ros2_ws/install/motor_control:/home/tolasing/ros2_ws/install/path_planner:/opt/ros/humble:/home/tolasing/ros2_ws/install/serial:/home/tolasing/ros2_ws/install/ros2_mapping:/home/tolasing/ros2_ws/install/prototype:/home/tolasing/ros2_ws/install/navigator_planner:/home/tolasing/ros2_ws/install/nav_test:/home/tolasing/ros2_ws/install/io_context:/home/tolasing/ros2_ws/install/gazebo_sim:/home/tolasing/ros2_ws/install/asio_cmake_module:/home/tolasing/ros2_ws/install/articubot_one /usr/bin/cmake --install /home/tolasing/ros2_ws/build/prototype
