-- Found ament_cmake_auto: 1.3.3 (/opt/ros/humble/share/ament_cmake_auto/cmake)
-- Override CMake install command with custom implementation using symlinks instead of copying resources
-- Found rosidl_generator_c: 3.1.4 (/opt/ros/humble/share/rosidl_generator_c/cmake)
-- Found rosidl_adapter: 3.1.4 (/opt/ros/humble/share/rosidl_adapter/cmake)
-- Found rosidl_generator_cpp: 3.1.4 (/opt/ros/humble/share/rosidl_generator_cpp/cmake)
-- Using all available rosidl_typesupport_c: rosidl_typesupport_fastrtps_c;rosidl_typesupport_introspection_c
-- Using all available rosidl_typesupport_cpp: rosidl_typesupport_fastrtps_cpp;rosidl_typesupport_introspection_cpp
-- Found rmw_implementation_cmake: 6.1.1 (/opt/ros/humble/share/rmw_implementation_cmake/cmake)
-- Found rmw_fastrtps_cpp: 6.2.2 (/opt/ros/humble/share/rmw_fastrtps_cpp/cmake)
-- Using RMW implementation 'rmw_fastrtps_cpp' as default
-- Found ament_lint_auto: 0.12.5 (/opt/ros/humble/share/ament_lint_auto/cmake)
-- Found gtest sources under '/opt/ros/humble/src/gtest_vendor': C++ tests using 'Google Test' will be built
-- Added test 'copyright' to check source files copyright and LICENSE
-- Added test 'cppcheck' to perform static code analysis on C / C++ code
-- Configured cppcheck include dirs: /home/tolasing/ros2_ws/src/transport_drivers/io_context/include
-- Configured cppcheck exclude dirs and/or files: 
-- Added test 'cpplint' to check C / C++ code against the Google style
-- Configured cpplint exclude dirs and/or files: 
-- Added test 'lint_cmake' to check CMake code style
-- Added test 'uncrustify' to check C / C++ code style
-- Configured uncrustify additional arguments: 
-- Added test 'xmllint' to check XML markup files
-- Configuring done
-- Generating done
-- Build files have been written to: /home/tolasing/ros2_ws/build/io_context
[35m[1mConsolidate compiler generated dependencies of target gtest_main[0m
[35m[1mConsolidate compiler generated dependencies of target gtest[0m
[35m[1mConsolidate compiler generated dependencies of target io_context[0m
[ 22%] Built target gtest_main
[ 44%] Built target gtest
[ 77%] Built target io_context
[35m[1mConsolidate compiler generated dependencies of target test_io_context[0m
[100%] Built target test_io_context
-- Install configuration: ""
-- Execute custom install script
-- Up-to-date symlink: /home/tolasing/ros2_ws/install/io_context/include/io_context/common.hpp
-- Up-to-date symlink: /home/tolasing/ros2_ws/install/io_context/include/io_context/io_context.hpp
-- Up-to-date symlink: /home/tolasing/ros2_ws/install/io_context/include/msg_converters/converters.hpp
-- Up-to-date symlink: /home/tolasing/ros2_ws/install/io_context/include/msg_converters/std_msgs.hpp
-- Up-to-date symlink: /home/tolasing/ros2_ws/install/io_context/include/msg_converters/udp_msgs.hpp
-- Up-to-date symlink: /home/tolasing/ros2_ws/install/io_context/share/io_context/environment/library_path.sh
-- Up-to-date symlink: /home/tolasing/ros2_ws/install/io_context/share/io_context/environment/library_path.dsv
-- Up-to-date symlink: /home/tolasing/ros2_ws/install/io_context/lib/libio_context.so
-- Up-to-date symlink: /home/tolasing/ros2_ws/install/io_context/share/ament_index/resource_index/package_run_dependencies/io_context
-- Up-to-date symlink: /home/tolasing/ros2_ws/install/io_context/share/ament_index/resource_index/parent_prefix_path/io_context
-- Up-to-date symlink: /home/tolasing/ros2_ws/install/io_context/share/io_context/environment/ament_prefix_path.sh
-- Up-to-date symlink: /home/tolasing/ros2_ws/install/io_context/share/io_context/environment/ament_prefix_path.dsv
-- Up-to-date symlink: /home/tolasing/ros2_ws/install/io_context/share/io_context/environment/path.sh
-- Up-to-date symlink: /home/tolasing/ros2_ws/install/io_context/share/io_context/environment/path.dsv
-- Up-to-date symlink: /home/tolasing/ros2_ws/install/io_context/share/io_context/local_setup.bash
-- Up-to-date symlink: /home/tolasing/ros2_ws/install/io_context/share/io_context/local_setup.sh
-- Up-to-date symlink: /home/tolasing/ros2_ws/install/io_context/share/io_context/local_setup.zsh
-- Up-to-date symlink: /home/tolasing/ros2_ws/install/io_context/share/io_context/local_setup.dsv
-- Symlinking: /home/tolasing/ros2_ws/install/io_context/share/io_context/package.dsv
-- Up-to-date symlink: /home/tolasing/ros2_ws/install/io_context/share/ament_index/resource_index/packages/io_context
-- Up-to-date symlink: /home/tolasing/ros2_ws/install/io_context/share/io_context/cmake/ament_cmake_export_dependencies-extras.cmake
-- Up-to-date symlink: /home/tolasing/ros2_ws/install/io_context/share/io_context/cmake/ament_cmake_export_include_directories-extras.cmake
-- Up-to-date symlink: /home/tolasing/ros2_ws/install/io_context/share/io_context/cmake/ament_cmake_export_libraries-extras.cmake
-- Up-to-date symlink: /home/tolasing/ros2_ws/install/io_context/share/io_context/cmake/io_contextConfig.cmake
-- Up-to-date symlink: /home/tolasing/ros2_ws/install/io_context/share/io_context/cmake/io_contextConfig-version.cmake
-- Up-to-date symlink: /home/tolasing/ros2_ws/install/io_context/share/io_context/package.xml
