[0.062s] Invoking command in '/home/tolasing/ros2_ws/build/prototype': CMAKE_PREFIX_PATH=/home/tolasing/ros2_ws/src/cartographer:/usr/lib/x86_64-linux-gnu/libserial.so:/home/tolasing/ros2_ws/src/cartographer:/usr/lib/x86_64-linux-gnu/libserial.so:/home/tolasing/ros2_ws/install/serial_driver:/home/tolasing/ros2_ws/install/motor_control:/opt/ros/humble:/home/tolasing/ros2_ws/install/serial:/home/tolasing/ros2_ws/install/prototype:/home/tolasing/ros2_ws/install/io_context:/home/tolasing/ros2_ws/install/gazebo_sim:/home/tolasing/ros2_ws/install/asio_cmake_module /usr/bin/cmake /home/tolasing/ros2_ws/src/prototype -DCMAKE_INSTALL_PREFIX=/home/tolasing/ros2_ws/install/prototype
[0.088s] -- Found ament_cmake: 1.3.3 (/opt/ros/humble/share/ament_cmake/cmake)
[0.393s] -- Override CMake install command with custom implementation using symlinks instead of copying resources
[0.406s] -- Found rclpy: 3.3.7 (/opt/ros/humble/share/rclpy/cmake)
[0.407s] -- Found gazebo_ros: 3.7.0 (/opt/ros/humble/share/gazebo_ros/cmake)
[0.499s] -- Found rosidl_generator_c: 3.1.4 (/opt/ros/humble/share/rosidl_generator_c/cmake)
[0.504s] -- Found rosidl_adapter: 3.1.4 (/opt/ros/humble/share/rosidl_adapter/cmake)
[0.521s] -- Found rosidl_generator_cpp: 3.1.4 (/opt/ros/humble/share/rosidl_generator_cpp/cmake)
[0.546s] -- Using all available rosidl_typesupport_c: rosidl_typesupport_fastrtps_c;rosidl_typesupport_introspection_c
[0.586s] -- Using all available rosidl_typesupport_cpp: rosidl_typesupport_fastrtps_cpp;rosidl_typesupport_introspection_cpp
[0.721s] -- Found rmw_implementation_cmake: 6.1.1 (/opt/ros/humble/share/rmw_implementation_cmake/cmake)
[0.726s] -- Found rmw_fastrtps_cpp: 6.2.2 (/opt/ros/humble/share/rmw_fastrtps_cpp/cmake)
[0.981s] -- Using RMW implementation 'rmw_fastrtps_cpp' as default
[1.393s] -- Found DART: /usr/include (Required is at least version "6.6") found components: dart 
[1.486s] -- Looking for ignition-math6 -- found version 6.13.0
[1.496s] -- Searching for dependencies of ignition-math6
[1.499s] -- Looking for OGRE...
[1.509s] -- Found Ogre Ghadamon (1.9.0)
[1.510s] -- Found OGRE: optimized;/usr/lib/x86_64-linux-gnu/libOgreMain.so;debug;/usr/lib/x86_64-linux-gnu/libOgreMain.so
[1.532s] -- Looking for OGRE_Paging...
[1.532s] -- Found OGRE_Paging: optimized;/usr/lib/x86_64-linux-gnu/libOgrePaging.so;debug;/usr/lib/x86_64-linux-gnu/libOgrePaging.so
[1.532s] -- Looking for OGRE_Terrain...
[1.533s] -- Found OGRE_Terrain: optimized;/usr/lib/x86_64-linux-gnu/libOgreTerrain.so;debug;/usr/lib/x86_64-linux-gnu/libOgreTerrain.so
[1.533s] -- Looking for OGRE_Property...
[1.533s] -- Found OGRE_Property: optimized;/usr/lib/x86_64-linux-gnu/libOgreProperty.so;debug;/usr/lib/x86_64-linux-gnu/libOgreProperty.so
[1.533s] -- Looking for OGRE_RTShaderSystem...
[1.533s] -- Found OGRE_RTShaderSystem: optimized;/usr/lib/x86_64-linux-gnu/libOgreRTShaderSystem.so;debug;/usr/lib/x86_64-linux-gnu/libOgreRTShaderSystem.so
[1.534s] -- Looking for OGRE_Volume...
[1.534s] -- Found OGRE_Volume: optimized;/usr/lib/x86_64-linux-gnu/libOgreVolume.so;debug;/usr/lib/x86_64-linux-gnu/libOgreVolume.so
[1.534s] -- Looking for OGRE_Overlay...
[1.534s] -- Found OGRE_Overlay: optimized;/usr/lib/x86_64-linux-gnu/libOgreOverlay.so;debug;/usr/lib/x86_64-linux-gnu/libOgreOverlay.so
[1.833s] -- Looking for ignition-math6 -- found version 6.13.0
[1.833s] -- Looking for ignition-transport8 -- found version 8.2.1
[1.834s] -- Searching for dependencies of ignition-transport8
[1.875s] -- Config-file not installed for ZeroMQ -- checking for pkg-config
[1.882s] -- Checking for module 'libzmq >= 4'
[1.904s] --   Found libzmq , version 4.3.4
[1.968s] -- Checking for module 'uuid'
[1.987s] --   Found uuid, version 2.37.2
[2.036s] -- Looking for ignition-msgs5 -- found version 5.8.1
[2.036s] -- Searching for dependencies of ignition-msgs5
[2.039s] -- Looking for ignition-math6 -- found version 6.13.0
[2.046s] -- Checking for module 'tinyxml2'
[2.066s] --   Found tinyxml2, version 9.0.0
[2.116s] -- Looking for ignition-msgs5 -- found version 5.8.1
[2.116s] -- Looking for ignition-common3 -- found version 3.14.0
[2.117s] -- Searching for dependencies of ignition-common3
[2.117s] -- Looking for dlfcn.h - found
[2.117s] -- Looking for libdl - found
[2.135s] -- Searching for <ignition-common3> component [graphics]
[2.136s] -- Looking for ignition-common3-graphics -- found version 3.14.0
[2.137s] -- Searching for dependencies of ignition-common3-graphics
[2.137s] -- Looking for ignition-math6 -- found version 6.13.0
[2.139s] -- Looking for ignition-fuel_tools4 -- found version 4.4.0
[2.140s] -- Searching for dependencies of ignition-fuel_tools4
[2.197s] -- Checking for module 'jsoncpp'
[2.215s] --   Found jsoncpp, version 1.9.5
[2.267s] -- Checking for module 'libzip'
[2.289s] --   Found libzip, version 1.7.3
[2.332s] -- Looking for ignition-common3 -- found version 3.14.0
[2.332s] -- Looking for ignition-math6 -- found version 6.13.0
[2.333s] -- Looking for ignition-msgs5 -- found version 5.8.1
[2.335s] -- Gazebo version: 11.10
[2.351s] -- Found urdf: 2.6.0 (/opt/ros/humble/share/urdf/cmake)
[2.390s] -- Found xacro: 2.0.8 (/opt/ros/humble/share/xacro/cmake)
[2.391s] -- Found ros2_control: 2.20.0 (/opt/ros/humble/share/ros2_control/cmake)
[2.392s] -- Found gazebo_ros2_control: 0.4.0 (/opt/ros/humble/share/gazebo_ros2_control/cmake)
[2.398s] -- Found joint_state_broadcaster: 2.15.0 (/opt/ros/humble/share/joint_state_broadcaster/cmake)
[3.495s] -- Found parameter_traits: 0.3.0 (/opt/ros/humble/share/parameter_traits/cmake)
[3.539s] -- Found joint_trajectory_controller: 2.15.0 (/opt/ros/humble/share/joint_trajectory_controller/cmake)
[4.074s] -- Found velocity_controllers: 2.15.0 (/opt/ros/humble/share/velocity_controllers/cmake)
[4.463s] -- Found std_srvs: 4.2.3 (/opt/ros/humble/share/std_srvs/cmake)
[4.494s] -- Found motor_control: 0.0.0 (/home/tolasing/ros2_ws/install/motor_control/share/motor_control/cmake)
[4.605s] -- Found ament_lint_auto: 0.12.5 (/opt/ros/humble/share/ament_lint_auto/cmake)
[4.713s] -- Added test 'copyright' to check source files copyright and LICENSE
[4.722s] -- Added test 'flake8' to check Python code syntax and style conventions
[4.723s] -- Added test 'lint_cmake' to check CMake code style
[4.724s] -- Added test 'pep257' to check Python code against some of the docstring style conventions in PEP 257
[4.727s] -- Added test 'xmllint' to check XML markup files
[4.729s] -- Configuring done
[4.738s] -- Generating done
[4.741s] -- Build files have been written to: /home/tolasing/ros2_ws/build/prototype
