[0.023s] Invoking command in '/home/tolasing/ros2_ws/build/prototype': CMAKE_PREFIX_PATH=/home/tolasing/ros2_ws/install/serial_driver:/home/tolasing/ros2_ws/install/io_context:/home/tolasing/ros2_ws/install/service_pkg:/home/tolasing/ros2_ws/install/nav2_project:/opt/ros/humble:/home/tolasing/ros2_ws/install/serial:/home/tolasing/ros2_ws/install/nav2_course:/home/tolasing/ros2_ws/install/asio_cmake_module:/usr/lib/x86_64-linux-gnu/libserial.so:/usr/lib/x86_64-linux-gnu/libserial.so: /usr/bin/cmake /home/tolasing/ros2_ws/src/prototype -DCMAKE_INSTALL_PREFIX=/home/tolasing/ros2_ws/install/prototype
[0.099s] -- The C compiler identification is GNU 11.3.0
[0.175s] -- The CXX compiler identification is GNU 11.3.0
[0.184s] -- Detecting C compiler ABI info
[0.270s] -- Detecting C compiler ABI info - done
[0.282s] -- Check for working C compiler: /usr/bin/cc - skipped
[0.282s] -- Detecting C compile features
[0.283s] -- Detecting C compile features - done
[0.287s] -- Detecting CXX compiler ABI info
[0.401s] -- Detecting CXX compiler ABI info - done
[0.442s] -- Check for working CXX compiler: /usr/bin/c++ - skipped
[0.443s] -- Detecting CXX compile features
[0.443s] -- Detecting CXX compile features - done
[0.446s] -- Found ament_cmake: 1.3.3 (/opt/ros/humble/share/ament_cmake/cmake)
[0.696s] -- Found Python3: /usr/bin/python3.10 (found version "3.10.6") found components: Interpreter 
[0.865s] -- Found rclpy: 3.3.7 (/opt/ros/humble/share/rclpy/cmake)
[0.868s] -- Found gazebo_ros: 3.7.0 (/opt/ros/humble/share/gazebo_ros/cmake)
[0.934s] -- Found rosidl_generator_c: 3.1.4 (/opt/ros/humble/share/rosidl_generator_c/cmake)
[0.941s] -- Found rosidl_adapter: 3.1.4 (/opt/ros/humble/share/rosidl_adapter/cmake)
[0.952s] -- Found rosidl_generator_cpp: 3.1.4 (/opt/ros/humble/share/rosidl_generator_cpp/cmake)
[0.970s] -- Using all available rosidl_typesupport_c: rosidl_typesupport_fastrtps_c;rosidl_typesupport_introspection_c
[0.995s] -- Using all available rosidl_typesupport_cpp: rosidl_typesupport_fastrtps_cpp;rosidl_typesupport_introspection_cpp
[1.088s] -- Found rmw_implementation_cmake: 6.1.1 (/opt/ros/humble/share/rmw_implementation_cmake/cmake)
[1.091s] -- Found rmw_fastrtps_cpp: 6.2.2 (/opt/ros/humble/share/rmw_fastrtps_cpp/cmake)
[1.238s] -- Found OpenSSL: /usr/lib/x86_64-linux-gnu/libcrypto.so (found version "3.0.2")  
[1.290s] -- Found FastRTPS: /opt/ros/humble/include  
[1.352s] -- Using RMW implementation 'rmw_fastrtps_cpp' as default
[1.365s] -- Looking for pthread.h
[1.453s] -- Looking for pthread.h - found
[1.453s] -- Performing Test CMAKE_HAVE_LIBC_PTHREAD
[1.551s] -- Performing Test CMAKE_HAVE_LIBC_PTHREAD - Success
[1.553s] -- Found Threads: TRUE  
[1.789s] -- Found PkgConfig: /usr/bin/pkg-config (found version "0.29.2") 
[1.791s] -- Checking for module 'bullet>=2.82'
[1.816s] --   Found bullet, version 3.05
[1.968s] -- Found fcl: /usr/include (found suitable version "0.7.0", minimum required is "0.5.0") 
[2.038s] -- Found assimp: /usr/include (found version "5.2.0") 
[2.073s] -- Found DART: /usr/include (Required is at least version "6.6") found components: dart 
[2.123s] -- Found Boost: /usr/lib/x86_64-linux-gnu/cmake/Boost-1.74.0/BoostConfig.cmake (found suitable version "1.74.0", minimum required is "1.40.0") found components: thread system filesystem program_options regex iostreams date_time 
[2.157s] -- Found Protobuf: /usr/lib/x86_64-linux-gnu/libprotobuf.so (found version "3.12.4") 
[2.167s] -- Looking for ignition-math6 -- found version 6.13.0
[2.179s] -- Searching for dependencies of ignition-math6
[2.183s] -- Looking for OGRE...
[2.183s] -- OGRE_PREFIX_WATCH changed.
[2.191s] -- Checking for module 'OGRE'
[2.210s] --   Found OGRE, version 1.9.0
[2.256s] -- Found Ogre Ghadamon (1.9.0)
[2.267s] -- Found OGRE: optimized;/usr/lib/x86_64-linux-gnu/libOgreMain.so;debug;/usr/lib/x86_64-linux-gnu/libOgreMain.so
[2.279s] -- Looking for OGRE_Paging...
[2.290s] -- Found OGRE_Paging: optimized;/usr/lib/x86_64-linux-gnu/libOgrePaging.so;debug;/usr/lib/x86_64-linux-gnu/libOgrePaging.so
[2.290s] -- Looking for OGRE_Terrain...
[2.309s] -- Found OGRE_Terrain: optimized;/usr/lib/x86_64-linux-gnu/libOgreTerrain.so;debug;/usr/lib/x86_64-linux-gnu/libOgreTerrain.so
[2.310s] -- Looking for OGRE_Property...
[2.323s] -- Found OGRE_Property: optimized;/usr/lib/x86_64-linux-gnu/libOgreProperty.so;debug;/usr/lib/x86_64-linux-gnu/libOgreProperty.so
[2.323s] -- Looking for OGRE_RTShaderSystem...
[2.334s] -- Found OGRE_RTShaderSystem: optimized;/usr/lib/x86_64-linux-gnu/libOgreRTShaderSystem.so;debug;/usr/lib/x86_64-linux-gnu/libOgreRTShaderSystem.so
[2.334s] -- Looking for OGRE_Volume...
[2.343s] -- Found OGRE_Volume: optimized;/usr/lib/x86_64-linux-gnu/libOgreVolume.so;debug;/usr/lib/x86_64-linux-gnu/libOgreVolume.so
[2.344s] -- Looking for OGRE_Overlay...
[2.352s] -- Found OGRE_Overlay: optimized;/usr/lib/x86_64-linux-gnu/libOgreOverlay.so;debug;/usr/lib/x86_64-linux-gnu/libOgreOverlay.so
[2.570s] -- Looking for ignition-math6 -- found version 6.13.0
[2.574s] -- Looking for ignition-transport8 -- found version 8.2.1
[2.574s] -- Searching for dependencies of ignition-transport8
[2.598s] -- Found Protobuf: /usr/lib/x86_64-linux-gnu/libprotobuf.so (found suitable version "3.12.4", minimum required is "3") 
[2.614s] -- Config-file not installed for ZeroMQ -- checking for pkg-config
[2.620s] -- Checking for module 'libzmq >= 4'
[2.643s] --   Found libzmq , version 4.3.4
[2.700s] -- Found ZeroMQ: TRUE (Required is at least version "4") 
[2.709s] -- Checking for module 'uuid'
[2.729s] --   Found uuid, version 2.37.2
[2.775s] -- Found UUID: TRUE  
[2.779s] -- Looking for ignition-msgs5 -- found version 5.8.1
[2.779s] -- Searching for dependencies of ignition-msgs5
[2.805s] -- Looking for ignition-math6 -- found version 6.13.0
[2.812s] -- Checking for module 'tinyxml2'
[2.834s] --   Found tinyxml2, version 9.0.0
[2.881s] -- Looking for ignition-msgs5 -- found version 5.8.1
[2.886s] -- Looking for ignition-common3 -- found version 3.14.0
[2.887s] -- Searching for dependencies of ignition-common3
[2.888s] -- Looking for dlfcn.h - found
[2.890s] -- Looking for libdl - found
[2.892s] -- Found DL: TRUE  
[2.911s] -- Found tinyobjloader: /usr/lib/x86_64-linux-gnu/cmake/tinyobjloader/tinyobjloader-config.cmake (found version "2.0.0") 
[2.912s] -- Searching for <ignition-common3> component [graphics]
[2.916s] -- Looking for ignition-common3-graphics -- found version 3.14.0
[2.917s] -- Searching for dependencies of ignition-common3-graphics
[2.918s] -- Looking for ignition-math6 -- found version 6.13.0
[2.924s] -- Looking for ignition-fuel_tools4 -- found version 4.4.0
[2.925s] -- Searching for dependencies of ignition-fuel_tools4
[3.037s] -- Found CURL: /usr/lib/x86_64-linux-gnu/libcurl.so (found version "7.81.0")  
[3.052s] -- Checking for module 'jsoncpp'
[3.072s] --   Found jsoncpp, version 1.9.5
[3.115s] -- Found JSONCPP: TRUE  
[3.124s] -- Checking for module 'libzip'
[3.143s] --   Found libzip, version 1.7.3
[3.190s] -- Found ZIP: TRUE  
[3.191s] -- Looking for ignition-common3 -- found version 3.14.0
[3.191s] -- Looking for ignition-math6 -- found version 6.13.0
[3.192s] -- Looking for ignition-msgs5 -- found version 5.8.1
[3.199s] -- Gazebo version: 11.10
[3.200s] -- Checking for module 'tbb'
[3.223s] --   Found tbb, version 2021.5.0
[3.280s] -- Found urdf: 2.6.0 (/opt/ros/humble/share/urdf/cmake)
[3.348s] -- Found xacro: 2.0.8 (/opt/ros/humble/share/xacro/cmake)
[3.351s] -- Found ros2_control: 2.20.0 (/opt/ros/humble/share/ros2_control/cmake)
[3.355s] -- Found gazebo_ros2_control: 0.4.0 (/opt/ros/humble/share/gazebo_ros2_control/cmake)
[3.364s] -- Found joint_state_broadcaster: 2.15.0 (/opt/ros/humble/share/joint_state_broadcaster/cmake)
[4.457s] -- Found parameter_traits: 0.3.0 (/opt/ros/humble/share/parameter_traits/cmake)
[4.509s] -- Found joint_trajectory_controller: 2.15.0 (/opt/ros/humble/share/joint_trajectory_controller/cmake)
[5.077s] -- Found velocity_controllers: 2.15.0 (/opt/ros/humble/share/velocity_controllers/cmake)
[5.458s] -- Found std_srvs: 4.2.3 (/opt/ros/humble/share/std_srvs/cmake)
[5.496s] [31mCMake Error at CMakeLists.txt:21 (find_package):
[5.496s]   By not providing "Findmotor_control.cmake" in CMAKE_MODULE_PATH this
[5.497s]   project has asked CMake to find a package configuration file provided by
[5.497s]   "motor_control", but CMake did not find one.
[5.497s] 
[5.497s]   Could not find a package configuration file provided by "motor_control"
[5.497s]   with any of the following names:
[5.498s] 
[5.498s]     motor_controlConfig.cmake
[5.498s]     motor_control-config.cmake
[5.498s] 
[5.499s]   Add the installation prefix of "motor_control" to CMAKE_PREFIX_PATH or set
[5.499s]   "motor_control_DIR" to a directory containing one of the above files.  If
[5.499s]   "motor_control" provides a separate development package or SDK, be sure it
[5.500s]   has been installed.
[5.500s] 
[5.500s] [0m
[5.500s] -- Configuring incomplete, errors occurred!
[5.501s] See also "/home/tolasing/ros2_ws/build/prototype/CMakeFiles/CMakeOutput.log".
[5.520s] Invoked command in '/home/tolasing/ros2_ws/build/prototype' returned '1': CMAKE_PREFIX_PATH=/home/tolasing/ros2_ws/install/serial_driver:/home/tolasing/ros2_ws/install/io_context:/home/tolasing/ros2_ws/install/service_pkg:/home/tolasing/ros2_ws/install/nav2_project:/opt/ros/humble:/home/tolasing/ros2_ws/install/serial:/home/tolasing/ros2_ws/install/nav2_course:/home/tolasing/ros2_ws/install/asio_cmake_module:/usr/lib/x86_64-linux-gnu/libserial.so:/usr/lib/x86_64-linux-gnu/libserial.so: /usr/bin/cmake /home/tolasing/ros2_ws/src/prototype -DCMAKE_INSTALL_PREFIX=/home/tolasing/ros2_ws/install/prototype
