[0.038s] Invoking command in '/home/tolasing/ros2_ws/build/cartographer_slam': CMAKE_PREFIX_PATH=/home/tolasing/ros2_ws/install/cartographer_slam:/home/tolasing/ros2_ws/src/cartographer:/usr/lib/x86_64-linux-gnu/libserial.so:/home/tolasing/ros2_ws/src/cartographer:/usr/lib/x86_64-linux-gnu/libserial.so:/home/tolasing/ros2_ws/install/udp_driver:/home/tolasing/ros2_ws/install/serial_driver:/home/tolasing/ros2_ws/install/motor_control:/home/tolasing/ros2_ws/install/service_pkg:/home/tolasing/ros2_ws/install/nav2_project:/opt/ros/humble:/home/tolasing/ros2_ws/install/serial:/home/tolasing/ros2_ws/install/prototype:/home/tolasing/ros2_ws/install/nav2_course:/home/tolasing/ros2_ws/install/io_context:/home/tolasing/ros2_ws/install/gazebo_sim:/home/tolasing/ros2_ws/install/cartographer:/home/tolasing/ros2_ws/install/asio_cmake_module /usr/bin/cmake /home/tolasing/ros2_ws/src/cartographer_slam -DAMENT_CMAKE_SYMLINK_INSTALL=1 -DCMAKE_INSTALL_PREFIX=/home/tolasing/ros2_ws/install/cartographer_slam
[0.144s] -- Found ament_cmake: 1.3.3 (/opt/ros/humble/share/ament_cmake/cmake)
[0.502s] -- Override CMake install command with custom implementation using symlinks instead of copying resources
[0.533s] -- Found cartographer_ros: 2.0.9000 (/opt/ros/humble/share/cartographer_ros/cmake)
[0.612s] -- Found rosidl_generator_c: 3.1.4 (/opt/ros/humble/share/rosidl_generator_c/cmake)
[0.620s] -- Found rosidl_adapter: 3.1.4 (/opt/ros/humble/share/rosidl_adapter/cmake)
[0.640s] -- Found rosidl_generator_cpp: 3.1.4 (/opt/ros/humble/share/rosidl_generator_cpp/cmake)
[0.718s] -- Using all available rosidl_typesupport_c: rosidl_typesupport_fastrtps_c;rosidl_typesupport_introspection_c
[0.824s] -- Using all available rosidl_typesupport_cpp: rosidl_typesupport_fastrtps_cpp;rosidl_typesupport_introspection_cpp
[2.088s] -- Found rmw_implementation_cmake: 6.1.1 (/opt/ros/humble/share/rmw_implementation_cmake/cmake)
[2.094s] -- Found rmw_fastrtps_cpp: 6.2.2 (/opt/ros/humble/share/rmw_fastrtps_cpp/cmake)
[2.453s] -- Using RMW implementation 'rmw_fastrtps_cpp' as default
[4.920s] -- Found cartographer_rviz: 2.0.9000 (/opt/ros/humble/share/cartographer_rviz/cmake)
[5.899s] -- Setting OGRE_DIR to: '/opt/ros/humble/share/rviz_ogre_vendor/cmake/../../../opt/rviz_ogre_vendor/lib/OGRE/cmake'
[5.902s] -- Found OGRE
[5.902s] --   static     : OFF
[5.903s] --   components : HLMS;MeshLodGenerator;Overlay;Paging;Property;RTShaderSystem;Terrain;Volume
[5.903s] --   plugins    : Plugin_BSPSceneManager;Plugin_OctreeSceneManager;Plugin_PCZSceneManager;Plugin_ParticleFX;RenderSystem_GL;RenderSystem_GL3Plus;Codec_STBI
[5.903s] --   media      : /opt/ros/humble/opt/rviz_ogre_vendor/share/OGRE/Media
[5.904s] -- OGRE_LIBRARIES: OgreHLMS;OgreMeshLodGenerator;OgreOverlay;OgrePaging;OgreProperty;OgreRTShaderSystem;OgreTerrain;OgreVolume;OgreMain
[5.904s] -- OGRE_LIBRARY_DIRS: /opt/ros/humble/opt/rviz_ogre_vendor/lib
[5.904s] -- OGRE_PLUGINS: Plugin_BSPSceneManager;Plugin_OctreeSceneManager;Plugin_PCZSceneManager;Plugin_ParticleFX;RenderSystem_GL;RenderSystem_GL3Plus;Codec_STBI
[5.905s] -- OGRE_PLUGIN_DIR: /opt/ros/humble/opt/rviz_ogre_vendor/lib/OGRE
[5.905s] -- rviz_ogre_vendor::OgreOverlay for IMPORTED_LOCATION_RELEASE: /opt/ros/humble/opt/rviz_ogre_vendor/lib/libOgreOverlay.so
[5.906s] -- rviz_ogre_vendor::OgreOverlay for IMPORTED_LOCATION_DEBUG: /opt/ros/humble/opt/rviz_ogre_vendor/lib/libOgreOverlay.so
[5.906s] -- rviz_ogre_vendor::OgreMain for IMPORTED_LOCATION_RELEASE: /opt/ros/humble/opt/rviz_ogre_vendor/lib/libOgreMain.so
[5.906s] -- rviz_ogre_vendor::OgreMain for IMPORTED_LOCATION_DEBUG: /opt/ros/humble/opt/rviz_ogre_vendor/lib/libOgreMain.so
[6.005s] -- rviz_ogre_vendor::RenderSystem_GL for IMPORTED_LOCATION_RELEASE: _render_system_gl_static_library_abs-NOTFOUND
[6.005s] -- rviz_ogre_vendor::RenderSystem_GL for IMPORTED_LOCATION_DEBUG: _render_system_gl_static_library_abs-NOTFOUND
[6.062s] -- library: /usr/lib/x86_64-linux-gnu/libcurl.so
[6.153s] -- Ensuring Eigen3 include directory is part of orocos-kdl CMake target
[6.233s] -- Found rclpy: 3.3.7 (/opt/ros/humble/share/rclpy/cmake)
[6.234s] -- Found ament_lint_auto: 0.12.5 (/opt/ros/humble/share/ament_lint_auto/cmake)
[6.390s] -- Added test 'flake8' to check Python code syntax and style conventions
[6.390s] -- Added test 'lint_cmake' to check CMake code style
[6.391s] -- Added test 'pep257' to check Python code against some of the docstring style conventions in PEP 257
[6.393s] -- Added test 'xmllint' to check XML markup files
[6.396s] -- Configuring done
[6.412s] -- Generating done
[6.416s] -- Build files have been written to: /home/tolasing/ros2_ws/build/cartographer_slam
[6.443s] Invoked command in '/home/tolasing/ros2_ws/build/cartographer_slam' returned '0': CMAKE_PREFIX_PATH=/home/tolasing/ros2_ws/install/cartographer_slam:/home/tolasing/ros2_ws/src/cartographer:/usr/lib/x86_64-linux-gnu/libserial.so:/home/tolasing/ros2_ws/src/cartographer:/usr/lib/x86_64-linux-gnu/libserial.so:/home/tolasing/ros2_ws/install/udp_driver:/home/tolasing/ros2_ws/install/serial_driver:/home/tolasing/ros2_ws/install/motor_control:/home/tolasing/ros2_ws/install/service_pkg:/home/tolasing/ros2_ws/install/nav2_project:/opt/ros/humble:/home/tolasing/ros2_ws/install/serial:/home/tolasing/ros2_ws/install/prototype:/home/tolasing/ros2_ws/install/nav2_course:/home/tolasing/ros2_ws/install/io_context:/home/tolasing/ros2_ws/install/gazebo_sim:/home/tolasing/ros2_ws/install/cartographer:/home/tolasing/ros2_ws/install/asio_cmake_module /usr/bin/cmake /home/tolasing/ros2_ws/src/cartographer_slam -DAMENT_CMAKE_SYMLINK_INSTALL=1 -DCMAKE_INSTALL_PREFIX=/home/tolasing/ros2_ws/install/cartographer_slam
[6.447s] Invoking command in '/home/tolasing/ros2_ws/build/cartographer_slam': CMAKE_PREFIX_PATH=/home/tolasing/ros2_ws/install/cartographer_slam:/home/tolasing/ros2_ws/src/cartographer:/usr/lib/x86_64-linux-gnu/libserial.so:/home/tolasing/ros2_ws/src/cartographer:/usr/lib/x86_64-linux-gnu/libserial.so:/home/tolasing/ros2_ws/install/udp_driver:/home/tolasing/ros2_ws/install/serial_driver:/home/tolasing/ros2_ws/install/motor_control:/home/tolasing/ros2_ws/install/service_pkg:/home/tolasing/ros2_ws/install/nav2_project:/opt/ros/humble:/home/tolasing/ros2_ws/install/serial:/home/tolasing/ros2_ws/install/prototype:/home/tolasing/ros2_ws/install/nav2_course:/home/tolasing/ros2_ws/install/io_context:/home/tolasing/ros2_ws/install/gazebo_sim:/home/tolasing/ros2_ws/install/cartographer:/home/tolasing/ros2_ws/install/asio_cmake_module /usr/bin/cmake --build /home/tolasing/ros2_ws/build/cartographer_slam -- -j8 -l8
[6.532s] Invoked command in '/home/tolasing/ros2_ws/build/cartographer_slam' returned '0': CMAKE_PREFIX_PATH=/home/tolasing/ros2_ws/install/cartographer_slam:/home/tolasing/ros2_ws/src/cartographer:/usr/lib/x86_64-linux-gnu/libserial.so:/home/tolasing/ros2_ws/src/cartographer:/usr/lib/x86_64-linux-gnu/libserial.so:/home/tolasing/ros2_ws/install/udp_driver:/home/tolasing/ros2_ws/install/serial_driver:/home/tolasing/ros2_ws/install/motor_control:/home/tolasing/ros2_ws/install/service_pkg:/home/tolasing/ros2_ws/install/nav2_project:/opt/ros/humble:/home/tolasing/ros2_ws/install/serial:/home/tolasing/ros2_ws/install/prototype:/home/tolasing/ros2_ws/install/nav2_course:/home/tolasing/ros2_ws/install/io_context:/home/tolasing/ros2_ws/install/gazebo_sim:/home/tolasing/ros2_ws/install/cartographer:/home/tolasing/ros2_ws/install/asio_cmake_module /usr/bin/cmake --build /home/tolasing/ros2_ws/build/cartographer_slam -- -j8 -l8
[6.581s] Invoking command in '/home/tolasing/ros2_ws/build/cartographer_slam': CMAKE_PREFIX_PATH=/home/tolasing/ros2_ws/install/cartographer_slam:/home/tolasing/ros2_ws/src/cartographer:/usr/lib/x86_64-linux-gnu/libserial.so:/home/tolasing/ros2_ws/src/cartographer:/usr/lib/x86_64-linux-gnu/libserial.so:/home/tolasing/ros2_ws/install/udp_driver:/home/tolasing/ros2_ws/install/serial_driver:/home/tolasing/ros2_ws/install/motor_control:/home/tolasing/ros2_ws/install/service_pkg:/home/tolasing/ros2_ws/install/nav2_project:/opt/ros/humble:/home/tolasing/ros2_ws/install/serial:/home/tolasing/ros2_ws/install/prototype:/home/tolasing/ros2_ws/install/nav2_course:/home/tolasing/ros2_ws/install/io_context:/home/tolasing/ros2_ws/install/gazebo_sim:/home/tolasing/ros2_ws/install/cartographer:/home/tolasing/ros2_ws/install/asio_cmake_module /usr/bin/cmake --install /home/tolasing/ros2_ws/build/cartographer_slam
[6.594s] -- Install configuration: ""
[6.594s] -- Execute custom install script
[6.595s] -- Symlinking: /home/tolasing/ros2_ws/install/cartographer_slam/share/cartographer_slam//config/cartographer.lua
[6.610s] -- Symlinking: /home/tolasing/ros2_ws/install/cartographer_slam/share/cartographer_slam//launch/cartographer.launch.py
[6.623s] -- Symlinking: /home/tolasing/ros2_ws/install/cartographer_slam/share/ament_index/resource_index/package_run_dependencies/cartographer_slam
[6.638s] -- Symlinking: /home/tolasing/ros2_ws/install/cartographer_slam/share/ament_index/resource_index/parent_prefix_path/cartographer_slam
[6.652s] -- Symlinking: /home/tolasing/ros2_ws/install/cartographer_slam/share/cartographer_slam/environment/ament_prefix_path.sh
[6.666s] -- Symlinking: /home/tolasing/ros2_ws/install/cartographer_slam/share/cartographer_slam/environment/ament_prefix_path.dsv
[6.680s] -- Symlinking: /home/tolasing/ros2_ws/install/cartographer_slam/share/cartographer_slam/environment/path.sh
[6.693s] -- Symlinking: /home/tolasing/ros2_ws/install/cartographer_slam/share/cartographer_slam/environment/path.dsv
[6.706s] -- Symlinking: /home/tolasing/ros2_ws/install/cartographer_slam/share/cartographer_slam/local_setup.bash
[6.720s] -- Symlinking: /home/tolasing/ros2_ws/install/cartographer_slam/share/cartographer_slam/local_setup.sh
[6.734s] -- Symlinking: /home/tolasing/ros2_ws/install/cartographer_slam/share/cartographer_slam/local_setup.zsh
[6.749s] -- Symlinking: /home/tolasing/ros2_ws/install/cartographer_slam/share/cartographer_slam/local_setup.dsv
[6.765s] -- Symlinking: /home/tolasing/ros2_ws/install/cartographer_slam/share/cartographer_slam/package.dsv
[6.779s] -- Symlinking: /home/tolasing/ros2_ws/install/cartographer_slam/share/ament_index/resource_index/packages/cartographer_slam
[6.793s] -- Symlinking: /home/tolasing/ros2_ws/install/cartographer_slam/share/cartographer_slam/cmake/cartographer_slamConfig.cmake
[6.805s] -- Symlinking: /home/tolasing/ros2_ws/install/cartographer_slam/share/cartographer_slam/cmake/cartographer_slamConfig-version.cmake
[6.818s] -- Symlinking: /home/tolasing/ros2_ws/install/cartographer_slam/share/cartographer_slam/package.xml
[6.837s] Invoked command in '/home/tolasing/ros2_ws/build/cartographer_slam' returned '0': CMAKE_PREFIX_PATH=/home/tolasing/ros2_ws/install/cartographer_slam:/home/tolasing/ros2_ws/src/cartographer:/usr/lib/x86_64-linux-gnu/libserial.so:/home/tolasing/ros2_ws/src/cartographer:/usr/lib/x86_64-linux-gnu/libserial.so:/home/tolasing/ros2_ws/install/udp_driver:/home/tolasing/ros2_ws/install/serial_driver:/home/tolasing/ros2_ws/install/motor_control:/home/tolasing/ros2_ws/install/service_pkg:/home/tolasing/ros2_ws/install/nav2_project:/opt/ros/humble:/home/tolasing/ros2_ws/install/serial:/home/tolasing/ros2_ws/install/prototype:/home/tolasing/ros2_ws/install/nav2_course:/home/tolasing/ros2_ws/install/io_context:/home/tolasing/ros2_ws/install/gazebo_sim:/home/tolasing/ros2_ws/install/cartographer:/home/tolasing/ros2_ws/install/asio_cmake_module /usr/bin/cmake --install /home/tolasing/ros2_ws/build/cartographer_slam
