[2.395s] Invoking command in '/home/tolasing/ros2_ws/src/ros2_nav_files/nav2_project': PYTHONPATH=/home/tolasing/ros2_ws/build/nav2_project/prefix_override:/home/tolasing/ros2_ws/install/nav2_project/lib/python3.10/site-packages:${PYTHONPATH} /usr/bin/python3 setup.py egg_info --egg-base ../../../build/nav2_project build --build-base /home/tolasing/ros2_ws/build/nav2_project/build install --record /home/tolasing/ros2_ws/build/nav2_project/install.log --install-scripts $base/lib/nav2_project --single-version-externally-managed
[2.930s] /usr/lib/python3/dist-packages/setuptools/dist.py:723: UserWarning: Usage of dash-separated 'script-dir' will not be supported in future versions. Please use the underscore name 'script_dir' instead
[2.930s]   warnings.warn(
[2.963s] running egg_info
[2.966s] creating ../../../build/nav2_project/nav2_project.egg-info
[2.967s] writing ../../../build/nav2_project/nav2_project.egg-info/PKG-INFO
[2.968s] writing dependency_links to ../../../build/nav2_project/nav2_project.egg-info/dependency_links.txt
[2.968s] writing entry points to ../../../build/nav2_project/nav2_project.egg-info/entry_points.txt
[2.969s] writing requirements to ../../../build/nav2_project/nav2_project.egg-info/requires.txt
[2.969s] writing top-level names to ../../../build/nav2_project/nav2_project.egg-info/top_level.txt
[2.969s] writing manifest file '../../../build/nav2_project/nav2_project.egg-info/SOURCES.txt'
[2.973s] reading manifest file '../../../build/nav2_project/nav2_project.egg-info/SOURCES.txt'
[2.975s] writing manifest file '../../../build/nav2_project/nav2_project.egg-info/SOURCES.txt'
[2.976s] running build
[2.976s] running build_py
[2.976s] creating /home/tolasing/ros2_ws/build/nav2_project/build
[2.976s] creating /home/tolasing/ros2_ws/build/nav2_project/build/lib
[2.977s] creating /home/tolasing/ros2_ws/build/nav2_project/build/lib/nav2_project
[2.977s] copying nav2_project/go_to_pose.py -> /home/tolasing/ros2_ws/build/nav2_project/build/lib/nav2_project
[2.977s] copying nav2_project/__init__.py -> /home/tolasing/ros2_ws/build/nav2_project/build/lib/nav2_project
[2.977s] copying nav2_project/spot_recorder.py -> /home/tolasing/ros2_ws/build/nav2_project/build/lib/nav2_project
[2.977s] running install
[2.980s] /usr/lib/python3/dist-packages/setuptools/command/install.py:34: SetuptoolsDeprecationWarning: setup.py install is deprecated. Use build and pip and other standards-based tools.
[2.980s]   warnings.warn(
[2.980s] running install_lib
[2.985s] creating /home/tolasing/ros2_ws/install/nav2_project/lib/python3.10/site-packages/nav2_project
[2.985s] copying /home/tolasing/ros2_ws/build/nav2_project/build/lib/nav2_project/go_to_pose.py -> /home/tolasing/ros2_ws/install/nav2_project/lib/python3.10/site-packages/nav2_project
[2.986s] copying /home/tolasing/ros2_ws/build/nav2_project/build/lib/nav2_project/__init__.py -> /home/tolasing/ros2_ws/install/nav2_project/lib/python3.10/site-packages/nav2_project
[2.986s] copying /home/tolasing/ros2_ws/build/nav2_project/build/lib/nav2_project/spot_recorder.py -> /home/tolasing/ros2_ws/install/nav2_project/lib/python3.10/site-packages/nav2_project
[2.987s] byte-compiling /home/tolasing/ros2_ws/install/nav2_project/lib/python3.10/site-packages/nav2_project/go_to_pose.py to go_to_pose.cpython-310.pyc
[2.988s] byte-compiling /home/tolasing/ros2_ws/install/nav2_project/lib/python3.10/site-packages/nav2_project/__init__.py to __init__.cpython-310.pyc
[2.989s] byte-compiling /home/tolasing/ros2_ws/install/nav2_project/lib/python3.10/site-packages/nav2_project/spot_recorder.py to spot_recorder.cpython-310.pyc
[2.990s] running install_data
[2.991s] creating /home/tolasing/ros2_ws/install/nav2_project/share/ament_index
[2.991s] creating /home/tolasing/ros2_ws/install/nav2_project/share/ament_index/resource_index
[2.991s] creating /home/tolasing/ros2_ws/install/nav2_project/share/ament_index/resource_index/packages
[2.992s] copying resource/nav2_project -> /home/tolasing/ros2_ws/install/nav2_project/share/ament_index/resource_index/packages
[2.992s] copying package.xml -> /home/tolasing/ros2_ws/install/nav2_project/share/nav2_project
[2.992s] creating /home/tolasing/ros2_ws/install/nav2_project/share/nav2_project/launch
[2.992s] copying launch/project_map_server.launch.py -> /home/tolasing/ros2_ws/install/nav2_project/share/nav2_project/launch
[2.992s] copying launch/nav2_project.launch.py -> /home/tolasing/ros2_ws/install/nav2_project/share/nav2_project/launch
[2.992s] copying launch/go_to_pose.launch.py -> /home/tolasing/ros2_ws/install/nav2_project/share/nav2_project/launch
[2.993s] copying launch/cartographer.launch.py -> /home/tolasing/ros2_ws/install/nav2_project/share/nav2_project/launch
[2.993s] copying launch/project_navigation_with_tools_launch.py -> /home/tolasing/ros2_ws/install/nav2_project/share/nav2_project/launch
[2.993s] creating /home/tolasing/ros2_ws/install/nav2_project/share/nav2_project/config
[2.993s] copying config/nav2_project.yaml -> /home/tolasing/ros2_ws/install/nav2_project/share/nav2_project/config
[3.004s] copying config/turtlebot3_house.yaml -> /home/tolasing/ros2_ws/install/nav2_project/share/nav2_project/config
[3.005s] copying config/spot-list.yaml -> /home/tolasing/ros2_ws/install/nav2_project/share/nav2_project/config
[3.005s] copying config/project_params.yaml -> /home/tolasing/ros2_ws/install/nav2_project/share/nav2_project/config
[3.006s] copying config/turtlebot3_house.pgm -> /home/tolasing/ros2_ws/install/nav2_project/share/nav2_project/config
[3.007s] copying config/nav2_default_view.rviz -> /home/tolasing/ros2_ws/install/nav2_project/share/nav2_project/config
[3.007s] copying config/navigate_w_replanning_and_recovery.xml -> /home/tolasing/ros2_ws/install/nav2_project/share/nav2_project/config
[3.007s] copying config/cartographer.lua -> /home/tolasing/ros2_ws/install/nav2_project/share/nav2_project/config
[3.008s] running install_egg_info
[3.011s] Copying ../../../build/nav2_project/nav2_project.egg-info to /home/tolasing/ros2_ws/install/nav2_project/lib/python3.10/site-packages/nav2_project-0.0.0-py3.10.egg-info
[3.013s] running install_scripts
[3.062s] Installing go_to_pose script to /home/tolasing/ros2_ws/install/nav2_project/lib/nav2_project
[3.063s] Installing spot_recorder script to /home/tolasing/ros2_ws/install/nav2_project/lib/nav2_project
[3.063s] writing list of installed files to '/home/tolasing/ros2_ws/build/nav2_project/install.log'
[3.153s] Invoked command in '/home/tolasing/ros2_ws/src/ros2_nav_files/nav2_project' returned '0': PYTHONPATH=/home/tolasing/ros2_ws/build/nav2_project/prefix_override:/home/tolasing/ros2_ws/install/nav2_project/lib/python3.10/site-packages:${PYTHONPATH} /usr/bin/python3 setup.py egg_info --egg-base ../../../build/nav2_project build --build-base /home/tolasing/ros2_ws/build/nav2_project/build install --record /home/tolasing/ros2_ws/build/nav2_project/install.log --install-scripts $base/lib/nav2_project --single-version-externally-managed
