[0.124s] Invoking command in '/home/tolasing/ros2_ws/build/cartographer': CMAKE_PREFIX_PATH=/home/tolasing/ros2_ws/src/cartographer:/usr/lib/x86_64-linux-gnu/libserial.so:/home/tolasing/ros2_ws/src/cartographer:/usr/lib/x86_64-linux-gnu/libserial.so:/home/tolasing/ros2_ws/install/udp_driver:/home/tolasing/ros2_ws/install/serial_driver:/home/tolasing/ros2_ws/install/motor_control:/home/tolasing/ros2_ws/install/service_pkg:/home/tolasing/ros2_ws/install/nav2_project:/opt/ros/humble:/home/tolasing/ros2_ws/install/serial:/home/tolasing/ros2_ws/install/prototype:/home/tolasing/ros2_ws/install/nav2_course:/home/tolasing/ros2_ws/install/io_context:/home/tolasing/ros2_ws/install/gazebo_sim:/home/tolasing/ros2_ws/install/cartographer_slam:/home/tolasing/ros2_ws/install/cartographer:/home/tolasing/ros2_ws/install/asio_cmake_module /usr/bin/cmake --build /home/tolasing/ros2_ws/build/cartographer -- -j8 -l8
[0.777s] [  0%] [34m[1mBuilding documentation.[0m
[0.778s] [  1%] Built target gtest
[0.778s] [  1%] Built target cartographer_detect_changes
[0.778s] [  2%] Built target gmock
[0.781s] [  2%] Built target gmock_main
[0.785s] [ 55%] Built target cartographer
[0.879s] [ 56%] Built target cartographer_test_library
[0.897s] [ 56%] Built target cartographer_compute_relations_metrics
[0.898s] [ 56%] Built target cartographer_print_configuration
[0.942s] [ 57%] Built target cartographer_autogenerate_ground_truth
[0.975s] [ 58%] Built target cartographer_pbstream
[1.009s] [ 59%] Built target cartographer.common.fixed_ratio_sampler_test
[1.010s] [ 59%] Built target cartographer.common.internal.blocking_queue_test
[1.053s] [ 59%] Built target cartographer.common.configuration_files_test
[1.055s] [ 60%] Built target cartographer.common.internal.rate_timer_test
[1.062s] [ 61%] Built target cartographer.common.math_test
[1.072s] [ 61%] Built target cartographer.common.lua_parameter_dictionary_test
[1.127s] [ 61%] Built target cartographer.common.task_test
[1.177s] [ 62%] Built target cartographer.common.thread_pool_test
[1.195s] [ 62%] Built target cartographer.io.fake_file_writer_test
[1.224s] [ 63%] Built target cartographer.io.internal.in_memory_proto_stream_test
[1.224s] [ 63%] Built target cartographer.io.probability_grid_points_processor_test
[1.250s] [ 64%] Built target cartographer.io.proto_stream_deserializer_test
[1.274s] [ 65%] Built target cartographer.io.points_processor_pipeline_builder_test
[1.282s] [01mRunning Sphinx v4.3.2[39;49;00m
[1.302s] [ 65%] Built target cartographer.io.proto_stream_test
[1.346s] [ 66%] Built target cartographer.mapping.2d.probability_grid_test
[1.346s] [ 66%] Built target cartographer.mapping.2d.range_data_inserter_2d_test
[1.346s] [ 66%] Built target cartographer.mapping.2d.map_limits_test
[1.347s] [ 67%] Built target cartographer.io.serialization_format_migration_test
[1.357s] [ 68%] Built target cartographer.mapping.2d.submap_2d_test
[1.395s] [ 68%] Built target cartographer.mapping.2d.xy_index_test
[1.455s] [ 68%] Built target cartographer.mapping.3d.range_data_inserter_3d_test
[1.455s] [ 69%] Built target cartographer.mapping.3d.hybrid_grid_test
[1.476s] [ 70%] Built target cartographer.mapping.3d.submap_3d_test
[1.480s] [ 70%] Built target cartographer.mapping.id_test
[1.496s] [ 70%] Built target cartographer.mapping.internal.2d.normal_estimation_2d_test
[1.510s] [ 71%] Built target cartographer.mapping.imu_tracker_test
[1.526s] [ 72%] Built target cartographer.mapping.internal.2d.overlapping_submaps_trimmer_2d_test
[1.576s] [ 73%] Built target cartographer.mapping.internal.2d.ray_to_pixel_mask_test
[1.578s] [ 73%] Built target cartographer.mapping.internal.2d.pose_graph_2d_test
[1.603s] [ 73%] Built target cartographer.mapping.internal.2d.scan_matching.ceres_scan_matcher_2d_test
[1.625s] [ 74%] Built target cartographer.mapping.internal.2d.scan_matching.correlative_scan_matcher_test
[1.634s] [ 75%] Built target cartographer.mapping.internal.2d.scan_matching.interpolated_tsdf_2d_test
[1.641s] [ 75%] Built target cartographer.mapping.internal.2d.scan_matching.fast_correlative_scan_matcher_2d_test
[1.656s] [ 75%] Built target cartographer.mapping.internal.2d.scan_matching.occupied_space_cost_function_2d_test
[1.693s] [ 76%] Built target cartographer.mapping.internal.2d.scan_matching.real_time_correlative_scan_matcher_2d_test
[1.721s] [ 76%] Built target cartographer.mapping.internal.2d.scan_matching.tsdf_match_cost_function_2d_test
[1.746s] [ 77%] Built target cartographer.mapping.internal.2d.tsd_value_converter_test
[1.759s] [ 77%] Built target cartographer.mapping.internal.2d.tsdf_2d_test
[1.786s] [ 78%] Built target cartographer.mapping.internal.2d.tsdf_range_data_inserter_2d_test
[1.882s] [ 79%] Built target cartographer.mapping.internal.3d.scan_matching.ceres_scan_matcher_3d_test
[1.891s] [ 80%] Built target cartographer.mapping.internal.3d.pose_graph_3d_test
[1.897s] [ 80%] Built target cartographer.mapping.internal.3d.scan_matching.fast_correlative_scan_matcher_3d_test
[1.905s] [ 80%] Built target cartographer.mapping.internal.3d.local_trajectory_builder_3d_test
[1.910s] [ 80%] Built target cartographer.mapping.internal.3d.scan_matching.interpolated_grid_test
[1.910s] [ 81%] Built target cartographer.mapping.internal.3d.scan_matching.intensity_cost_function_3d_test
[1.964s] [ 82%] Built target cartographer.mapping.internal.3d.scan_matching.precomputation_grid_3d_test
[1.996s] [ 82%] Built target cartographer.mapping.internal.3d.scan_matching.real_time_correlative_scan_matcher_3d_test
[2.057s] [01mloading pickled environment... [39;49;00mdone
[2.061s] [ 82%] Built target cartographer.mapping.internal.3d.scan_matching.rotational_scan_matcher_test
[2.077s] [ 83%] Built target cartographer.mapping.internal.3d.scan_matching.rotation_delta_cost_functor_3d_test
[2.086s] [01mbuilding [mo]: [39;49;00mtargets for 0 po files that are out of date
[2.092s] [01mbuilding [html]: [39;49;00mtargets for 0 source files that are out of date
[2.095s] [01mupdating environment: [39;49;00m0 added, 0 changed, 0 removed
[2.095s] [01mlooking for now-outdated files... [39;49;00mnone found
[2.095s] [01mno targets are out of date.[39;49;00m
[2.095s] [01mbuild succeeded.[39;49;00m
[2.096s] 
[2.096s] [ 84%] Built target cartographer.mapping.internal.connected_components_test
[2.097s] The HTML pages are in html.
[2.109s] [ 84%] Built target cartographer.mapping.internal.constraints.constraint_builder_2d_test
[2.115s] [ 84%] Built target cartographer.mapping.internal.motion_filter_test
[2.133s] [ 85%] Built target cartographer.mapping.internal.constraints.constraint_builder_3d_test
[2.195s] [ 85%] Built target cartographer.mapping.internal.optimization.optimization_problem_3d_test
[2.226s] [ 86%] Built target cartographer.mapping.map_builder_test
[2.228s] [ 87%] Built target cartographer.mapping.internal.optimization.cost_functions.landmark_cost_function_2d_test
[2.251s] [ 87%] Built target cartographer.mapping.internal.optimization.cost_functions.landmark_cost_function_3d_test
[2.252s] [ 88%] Built target cartographer.mapping.internal.optimization.cost_functions.spa_cost_function_2d_test
[2.266s] [ 89%] Built target cartographer.mapping.internal.range_data_collator_test
[2.278s] [ 89%] Built target cartographer.mapping.internal.trajectory_connectivity_state_test
[2.308s] [ 89%] Built target cartographer.mapping.pose_extrapolator_test
[2.325s] [ 90%] Built target cartographer.mapping.pose_graph_test
[2.339s] [ 91%] Built target cartographer.mapping.probability_values_test
[2.348s] [ 91%] Built target cartographer.mapping.submaps_test
[2.369s] [ 92%] Built target cartographer.mapping.trajectory_node_test
[2.369s] [ 92%] Built target cartographer.mapping.value_conversion_tables_test
[2.375s] [ 92%] Built target cartographer.mapping.pose_graph_trimmer_test
[2.401s] [ 93%] Built target cartographer.sensor.compressed_point_cloud_test
[2.404s] [ 93%] Built target build_doc
[2.438s] [ 93%] Built target cartographer.sensor.internal.trajectory_collator_test
[2.441s] [ 94%] Built target cartographer.sensor.internal.voxel_filter_test
[2.442s] [ 95%] Built target cartographer.sensor.internal.ordered_multi_queue_test
[2.451s] [ 95%] Built target cartographer.sensor.internal.collator_test
[2.459s] [ 95%] Built target cartographer.sensor.landmark_data_test
[2.465s] [ 96%] Built target cartographer.sensor.map_by_time_test
[2.505s] [ 97%] Built target cartographer.sensor.point_cloud_test
[2.513s] [ 97%] Built target cartographer.sensor.range_data_test
[2.523s] [ 97%] Built target cartographer.transform.transform_test
[2.525s] [ 97%] Built target cartographer.transform.timestamped_transform_test
[2.527s] [100%] Built target cartographer.transform.transform_interpolation_buffer_test
[2.527s] [100%] Built target cartographer.transform.rigid_transform_test
[2.570s] Invoked command in '/home/tolasing/ros2_ws/build/cartographer' returned '0': CMAKE_PREFIX_PATH=/home/tolasing/ros2_ws/src/cartographer:/usr/lib/x86_64-linux-gnu/libserial.so:/home/tolasing/ros2_ws/src/cartographer:/usr/lib/x86_64-linux-gnu/libserial.so:/home/tolasing/ros2_ws/install/udp_driver:/home/tolasing/ros2_ws/install/serial_driver:/home/tolasing/ros2_ws/install/motor_control:/home/tolasing/ros2_ws/install/service_pkg:/home/tolasing/ros2_ws/install/nav2_project:/opt/ros/humble:/home/tolasing/ros2_ws/install/serial:/home/tolasing/ros2_ws/install/prototype:/home/tolasing/ros2_ws/install/nav2_course:/home/tolasing/ros2_ws/install/io_context:/home/tolasing/ros2_ws/install/gazebo_sim:/home/tolasing/ros2_ws/install/cartographer_slam:/home/tolasing/ros2_ws/install/cartographer:/home/tolasing/ros2_ws/install/asio_cmake_module /usr/bin/cmake --build /home/tolasing/ros2_ws/build/cartographer -- -j8 -l8
[6.933s] Invoking command in '/home/tolasing/ros2_ws/build/cartographer': CMAKE_PREFIX_PATH=/home/tolasing/ros2_ws/src/cartographer:/usr/lib/x86_64-linux-gnu/libserial.so:/home/tolasing/ros2_ws/src/cartographer:/usr/lib/x86_64-linux-gnu/libserial.so:/home/tolasing/ros2_ws/install/udp_driver:/home/tolasing/ros2_ws/install/serial_driver:/home/tolasing/ros2_ws/install/motor_control:/home/tolasing/ros2_ws/install/service_pkg:/home/tolasing/ros2_ws/install/nav2_project:/opt/ros/humble:/home/tolasing/ros2_ws/install/serial:/home/tolasing/ros2_ws/install/prototype:/home/tolasing/ros2_ws/install/nav2_course:/home/tolasing/ros2_ws/install/io_context:/home/tolasing/ros2_ws/install/gazebo_sim:/home/tolasing/ros2_ws/install/cartographer_slam:/home/tolasing/ros2_ws/install/cartographer:/home/tolasing/ros2_ws/install/asio_cmake_module /usr/bin/cmake --install /home/tolasing/ros2_ws/build/cartographer
[6.954s] -- Install configuration: "Release"
[6.955s] -- Up-to-date: /home/tolasing/ros2_ws/install/cartographer/share/cartographer/package.xml
[6.955s] -- Up-to-date: /home/tolasing/ros2_ws/install/cartographer/share/cartographer//configuration_files
[6.955s] -- Up-to-date: /home/tolasing/ros2_ws/install/cartographer/share/cartographer//configuration_files/map_builder_server.lua
[6.956s] -- Up-to-date: /home/tolasing/ros2_ws/install/cartographer/share/cartographer//configuration_files/pose_graph.lua
[6.959s] -- Up-to-date: /home/tolasing/ros2_ws/install/cartographer/share/cartographer//configuration_files/trajectory_builder_3d.lua
[6.959s] -- Up-to-date: /home/tolasing/ros2_ws/install/cartographer/share/cartographer//configuration_files/trajectory_builder.lua
[6.959s] -- Up-to-date: /home/tolasing/ros2_ws/install/cartographer/share/cartographer//configuration_files/trajectory_builder_2d.lua
[6.960s] -- Up-to-date: /home/tolasing/ros2_ws/install/cartographer/share/cartographer//configuration_files/map_builder.lua
[6.960s] -- Up-to-date: /home/tolasing/ros2_ws/install/cartographer/share/cartographer//cmake
[6.960s] -- Up-to-date: /home/tolasing/ros2_ws/install/cartographer/share/cartographer//cmake/modules
[6.960s] -- Up-to-date: /home/tolasing/ros2_ws/install/cartographer/share/cartographer//cmake/modules/FindSphinx.cmake
[6.960s] -- Up-to-date: /home/tolasing/ros2_ws/install/cartographer/share/cartographer//cmake/modules/FindGMock.cmake
[6.960s] -- Up-to-date: /home/tolasing/ros2_ws/install/cartographer/share/cartographer//cmake/modules/FindEigen3.cmake
[6.961s] -- Up-to-date: /home/tolasing/ros2_ws/install/cartographer/share/cartographer//cmake/modules/FindLuaGoogle.cmake
[6.961s] -- Up-to-date: /home/tolasing/ros2_ws/install/cartographer/share/cartographer//cmake/functions.cmake
[6.966s] -- Up-to-date: /home/tolasing/ros2_ws/install/cartographer/bin/cartographer_autogenerate_ground_truth
[6.967s] -- Up-to-date: /home/tolasing/ros2_ws/install/cartographer/bin/cartographer_compute_relations_metrics
[6.968s] -- Up-to-date: /home/tolasing/ros2_ws/install/cartographer/bin/cartographer_pbstream
[6.972s] -- Up-to-date: /home/tolasing/ros2_ws/install/cartographer/bin/cartographer_print_configuration
[6.973s] -- Up-to-date: /home/tolasing/ros2_ws/install/cartographer/lib/libcartographer.a
[6.973s] -- Up-to-date: /home/tolasing/ros2_ws/install/cartographer/include/cartographer/common/configuration_file_resolver.h
[6.973s] -- Up-to-date: /home/tolasing/ros2_ws/install/cartographer/include/cartographer/common/fixed_ratio_sampler.h
[6.973s] -- Up-to-date: /home/tolasing/ros2_ws/install/cartographer/include/cartographer/common/histogram.h
[6.973s] -- Up-to-date: /home/tolasing/ros2_ws/install/cartographer/include/cartographer/common/lua.h
[6.974s] -- Up-to-date: /home/tolasing/ros2_ws/install/cartographer/include/cartographer/common/lua_parameter_dictionary.h
[6.974s] -- Up-to-date: /home/tolasing/ros2_ws/install/cartographer/include/cartographer/common/math.h
[6.974s] -- Up-to-date: /home/tolasing/ros2_ws/install/cartographer/include/cartographer/common/port.h
[6.974s] -- Up-to-date: /home/tolasing/ros2_ws/install/cartographer/include/cartographer/common/task.h
[6.975s] -- Up-to-date: /home/tolasing/ros2_ws/install/cartographer/include/cartographer/common/thread_pool.h
[6.975s] -- Up-to-date: /home/tolasing/ros2_ws/install/cartographer/include/cartographer/common/time.h
[6.975s] -- Up-to-date: /home/tolasing/ros2_ws/install/cartographer/include/cartographer/ground_truth/autogenerate_ground_truth.h
[6.975s] -- Up-to-date: /home/tolasing/ros2_ws/install/cartographer/include/cartographer/ground_truth/relations_text_file.h
[6.975s] -- Up-to-date: /home/tolasing/ros2_ws/install/cartographer/include/cartographer/io/color.h
[6.975s] -- Up-to-date: /home/tolasing/ros2_ws/install/cartographer/include/cartographer/io/coloring_points_processor.h
[6.976s] -- Up-to-date: /home/tolasing/ros2_ws/install/cartographer/include/cartographer/io/counting_points_processor.h
[6.976s] -- Up-to-date: /home/tolasing/ros2_ws/install/cartographer/include/cartographer/io/draw_trajectories.h
[6.976s] -- Up-to-date: /home/tolasing/ros2_ws/install/cartographer/include/cartographer/io/file_writer.h
[6.976s] -- Up-to-date: /home/tolasing/ros2_ws/install/cartographer/include/cartographer/io/fixed_ratio_sampling_points_processor.h
[6.976s] -- Up-to-date: /home/tolasing/ros2_ws/install/cartographer/include/cartographer/io/frame_id_filtering_points_processor.h
[6.976s] -- Up-to-date: /home/tolasing/ros2_ws/install/cartographer/include/cartographer/io/hybrid_grid_points_processor.h
[6.977s] -- Up-to-date: /home/tolasing/ros2_ws/install/cartographer/include/cartographer/io/image.h
[6.977s] -- Up-to-date: /home/tolasing/ros2_ws/install/cartographer/include/cartographer/io/intensity_to_color_points_processor.h
[6.977s] -- Up-to-date: /home/tolasing/ros2_ws/install/cartographer/include/cartographer/io/min_max_range_filtering_points_processor.h
[6.977s] -- Up-to-date: /home/tolasing/ros2_ws/install/cartographer/include/cartographer/io/null_points_processor.h
[6.978s] -- Up-to-date: /home/tolasing/ros2_ws/install/cartographer/include/cartographer/io/outlier_removing_points_processor.h
[6.978s] -- Up-to-date: /home/tolasing/ros2_ws/install/cartographer/include/cartographer/io/pcd_writing_points_processor.h
[6.978s] -- Up-to-date: /home/tolasing/ros2_ws/install/cartographer/include/cartographer/io/ply_writing_points_processor.h
[6.978s] -- Up-to-date: /home/tolasing/ros2_ws/install/cartographer/include/cartographer/io/points_batch.h
[6.978s] -- Up-to-date: /home/tolasing/ros2_ws/install/cartographer/include/cartographer/io/points_processor.h
[6.979s] -- Up-to-date: /home/tolasing/ros2_ws/install/cartographer/include/cartographer/io/points_processor_pipeline_builder.h
[6.979s] -- Up-to-date: /home/tolasing/ros2_ws/install/cartographer/include/cartographer/io/probability_grid_points_processor.h
[6.979s] -- Up-to-date: /home/tolasing/ros2_ws/install/cartographer/include/cartographer/io/proto_stream.h
[6.979s] -- Up-to-date: /home/tolasing/ros2_ws/install/cartographer/include/cartographer/io/proto_stream_deserializer.h
[6.979s] -- Up-to-date: /home/tolasing/ros2_ws/install/cartographer/include/cartographer/io/proto_stream_interface.h
[6.980s] -- Up-to-date: /home/tolasing/ros2_ws/install/cartographer/include/cartographer/io/serialization_format_migration.h
[6.980s] -- Up-to-date: /home/tolasing/ros2_ws/install/cartographer/include/cartographer/io/submap_painter.h
[6.980s] -- Up-to-date: /home/tolasing/ros2_ws/install/cartographer/include/cartographer/io/vertical_range_filtering_points_processor.h
[6.980s] -- Up-to-date: /home/tolasing/ros2_ws/install/cartographer/include/cartographer/io/xray_points_processor.h
[6.980s] -- Up-to-date: /home/tolasing/ros2_ws/install/cartographer/include/cartographer/io/xyz_writing_points_processor.h
[6.980s] -- Up-to-date: /home/tolasing/ros2_ws/install/cartographer/include/cartographer/mapping/2d/grid_2d.h
[6.981s] -- Up-to-date: /home/tolasing/ros2_ws/install/cartographer/include/cartographer/mapping/2d/map_limits.h
[6.981s] -- Up-to-date: /home/tolasing/ros2_ws/install/cartographer/include/cartographer/mapping/2d/probability_grid.h
[6.981s] -- Up-to-date: /home/tolasing/ros2_ws/install/cartographer/include/cartographer/mapping/2d/probability_grid_range_data_inserter_2d.h
[6.981s] -- Up-to-date: /home/tolasing/ros2_ws/install/cartographer/include/cartographer/mapping/2d/submap_2d.h
[6.981s] -- Up-to-date: /home/tolasing/ros2_ws/install/cartographer/include/cartographer/mapping/2d/xy_index.h
[6.981s] -- Up-to-date: /home/tolasing/ros2_ws/install/cartographer/include/cartographer/mapping/3d/hybrid_grid.h
[6.982s] -- Up-to-date: /home/tolasing/ros2_ws/install/cartographer/include/cartographer/mapping/3d/range_data_inserter_3d.h
[6.982s] -- Up-to-date: /home/tolasing/ros2_ws/install/cartographer/include/cartographer/mapping/3d/submap_3d.h
[6.982s] -- Up-to-date: /home/tolasing/ros2_ws/install/cartographer/include/cartographer/mapping/detect_floors.h
[6.982s] -- Up-to-date: /home/tolasing/ros2_ws/install/cartographer/include/cartographer/mapping/grid_interface.h
[6.982s] -- Up-to-date: /home/tolasing/ros2_ws/install/cartographer/include/cartographer/mapping/id.h
[6.982s] -- Up-to-date: /home/tolasing/ros2_ws/install/cartographer/include/cartographer/mapping/imu_tracker.h
[6.982s] -- Up-to-date: /home/tolasing/ros2_ws/install/cartographer/include/cartographer/mapping/map_builder.h
[6.983s] -- Up-to-date: /home/tolasing/ros2_ws/install/cartographer/include/cartographer/mapping/map_builder_interface.h
[6.983s] -- Up-to-date: /home/tolasing/ros2_ws/install/cartographer/include/cartographer/mapping/pose_extrapolator.h
[6.983s] -- Up-to-date: /home/tolasing/ros2_ws/install/cartographer/include/cartographer/mapping/pose_extrapolator_interface.h
[6.983s] -- Up-to-date: /home/tolasing/ros2_ws/install/cartographer/include/cartographer/mapping/pose_graph.h
[6.998s] -- Up-to-date: /home/tolasing/ros2_ws/install/cartographer/include/cartographer/mapping/pose_graph_interface.h
[6.998s] -- Up-to-date: /home/tolasing/ros2_ws/install/cartographer/include/cartographer/mapping/pose_graph_trimmer.h
[6.999s] -- Up-to-date: /home/tolasing/ros2_ws/install/cartographer/include/cartographer/mapping/probability_values.h
[6.999s] -- Up-to-date: /home/tolasing/ros2_ws/install/cartographer/include/cartographer/mapping/range_data_inserter_interface.h
[6.999s] -- Up-to-date: /home/tolasing/ros2_ws/install/cartographer/include/cartographer/mapping/submaps.h
[7.000s] -- Up-to-date: /home/tolasing/ros2_ws/install/cartographer/include/cartographer/mapping/trajectory_builder_interface.h
[7.000s] -- Up-to-date: /home/tolasing/ros2_ws/install/cartographer/include/cartographer/mapping/trajectory_node.h
[7.000s] -- Up-to-date: /home/tolasing/ros2_ws/install/cartographer/include/cartographer/mapping/value_conversion_tables.h
[7.000s] -- Up-to-date: /home/tolasing/ros2_ws/install/cartographer/include/cartographer/metrics/counter.h
[7.000s] -- Up-to-date: /home/tolasing/ros2_ws/install/cartographer/include/cartographer/metrics/family_factory.h
[7.001s] -- Up-to-date: /home/tolasing/ros2_ws/install/cartographer/include/cartographer/metrics/gauge.h
[7.001s] -- Up-to-date: /home/tolasing/ros2_ws/install/cartographer/include/cartographer/metrics/histogram.h
[7.001s] -- Up-to-date: /home/tolasing/ros2_ws/install/cartographer/include/cartographer/metrics/register.h
[7.001s] -- Up-to-date: /home/tolasing/ros2_ws/install/cartographer/include/cartographer/sensor/collator_interface.h
[7.002s] -- Up-to-date: /home/tolasing/ros2_ws/install/cartographer/include/cartographer/sensor/compressed_point_cloud.h
[7.002s] -- Up-to-date: /home/tolasing/ros2_ws/install/cartographer/include/cartographer/sensor/data.h
[7.002s] -- Up-to-date: /home/tolasing/ros2_ws/install/cartographer/include/cartographer/sensor/fixed_frame_pose_data.h
[7.002s] -- Up-to-date: /home/tolasing/ros2_ws/install/cartographer/include/cartographer/sensor/imu_data.h
[7.002s] -- Up-to-date: /home/tolasing/ros2_ws/install/cartographer/include/cartographer/sensor/landmark_data.h
[7.003s] -- Up-to-date: /home/tolasing/ros2_ws/install/cartographer/include/cartographer/sensor/map_by_time.h
[7.003s] -- Up-to-date: /home/tolasing/ros2_ws/install/cartographer/include/cartographer/sensor/odometry_data.h
[7.003s] -- Up-to-date: /home/tolasing/ros2_ws/install/cartographer/include/cartographer/sensor/point_cloud.h
[7.003s] -- Up-to-date: /home/tolasing/ros2_ws/install/cartographer/include/cartographer/sensor/range_data.h
[7.003s] -- Up-to-date: /home/tolasing/ros2_ws/install/cartographer/include/cartographer/sensor/rangefinder_point.h
[7.003s] -- Up-to-date: /home/tolasing/ros2_ws/install/cartographer/include/cartographer/sensor/timed_point_cloud_data.h
[7.011s] -- Up-to-date: /home/tolasing/ros2_ws/install/cartographer/include/cartographer/transform/rigid_transform.h
[7.012s] -- Up-to-date: /home/tolasing/ros2_ws/install/cartographer/include/cartographer/transform/timestamped_transform.h
[7.012s] -- Up-to-date: /home/tolasing/ros2_ws/install/cartographer/include/cartographer/transform/transform.h
[7.013s] -- Up-to-date: /home/tolasing/ros2_ws/install/cartographer/include/cartographer/transform/transform_interpolation_buffer.h
[7.013s] -- Up-to-date: /home/tolasing/ros2_ws/install/cartographer/include/cartographer/io/fake_file_writer.h
[7.013s] -- Up-to-date: /home/tolasing/ros2_ws/install/cartographer/include/cartographer/transform/rigid_transform_test_helpers.h
[7.013s] -- Up-to-date: /home/tolasing/ros2_ws/install/cartographer/include/cartographer/common/proto/ceres_solver_options.pb.h
[7.014s] -- Up-to-date: /home/tolasing/ros2_ws/install/cartographer/include/cartographer/ground_truth/proto/relations.pb.h
[7.014s] -- Up-to-date: /home/tolasing/ros2_ws/install/cartographer/include/cartographer/mapping/proto/cell_limits_2d.pb.h
[7.015s] -- Up-to-date: /home/tolasing/ros2_ws/install/cartographer/include/cartographer/mapping/proto/connected_components.pb.h
[7.015s] -- Up-to-date: /home/tolasing/ros2_ws/install/cartographer/include/cartographer/mapping/proto/grid_2d.pb.h
[7.016s] -- Up-to-date: /home/tolasing/ros2_ws/install/cartographer/include/cartographer/mapping/proto/grid_2d_options.pb.h
[7.016s] -- Up-to-date: /home/tolasing/ros2_ws/install/cartographer/include/cartographer/mapping/proto/hybrid_grid.pb.h
[7.016s] -- Up-to-date: /home/tolasing/ros2_ws/install/cartographer/include/cartographer/mapping/proto/local_trajectory_builder_options_2d.pb.h
[7.016s] -- Up-to-date: /home/tolasing/ros2_ws/install/cartographer/include/cartographer/mapping/proto/local_trajectory_builder_options_3d.pb.h
[7.016s] -- Up-to-date: /home/tolasing/ros2_ws/install/cartographer/include/cartographer/mapping/proto/map_builder_options.pb.h
[7.017s] -- Up-to-date: /home/tolasing/ros2_ws/install/cartographer/include/cartographer/mapping/proto/map_limits.pb.h
[7.017s] -- Up-to-date: /home/tolasing/ros2_ws/install/cartographer/include/cartographer/mapping/proto/motion_filter_options.pb.h
[7.017s] -- Up-to-date: /home/tolasing/ros2_ws/install/cartographer/include/cartographer/mapping/proto/normal_estimation_options_2d.pb.h
[7.017s] -- Up-to-date: /home/tolasing/ros2_ws/install/cartographer/include/cartographer/mapping/proto/pose_extrapolator_options.pb.h
[7.017s] -- Up-to-date: /home/tolasing/ros2_ws/install/cartographer/include/cartographer/mapping/proto/pose_graph.pb.h
[7.018s] -- Up-to-date: /home/tolasing/ros2_ws/install/cartographer/include/cartographer/mapping/proto/pose_graph/constraint_builder_options.pb.h
[7.018s] -- Up-to-date: /home/tolasing/ros2_ws/install/cartographer/include/cartographer/mapping/proto/pose_graph/optimization_problem_options.pb.h
[7.018s] -- Up-to-date: /home/tolasing/ros2_ws/install/cartographer/include/cartographer/mapping/proto/pose_graph_options.pb.h
[7.018s] -- Up-to-date: /home/tolasing/ros2_ws/install/cartographer/include/cartographer/mapping/proto/probability_grid.pb.h
[7.018s] -- Up-to-date: /home/tolasing/ros2_ws/install/cartographer/include/cartographer/mapping/proto/probability_grid_range_data_inserter_options_2d.pb.h
[7.019s] -- Up-to-date: /home/tolasing/ros2_ws/install/cartographer/include/cartographer/mapping/proto/range_data_inserter_options.pb.h
[7.019s] -- Up-to-date: /home/tolasing/ros2_ws/install/cartographer/include/cartographer/mapping/proto/range_data_inserter_options_3d.pb.h
[7.019s] -- Up-to-date: /home/tolasing/ros2_ws/install/cartographer/include/cartographer/mapping/proto/scan_matching/ceres_scan_matcher_options_2d.pb.h
[7.019s] -- Up-to-date: /home/tolasing/ros2_ws/install/cartographer/include/cartographer/mapping/proto/scan_matching/ceres_scan_matcher_options_3d.pb.h
[7.019s] -- Up-to-date: /home/tolasing/ros2_ws/install/cartographer/include/cartographer/mapping/proto/scan_matching/fast_correlative_scan_matcher_options_2d.pb.h
[7.019s] -- Up-to-date: /home/tolasing/ros2_ws/install/cartographer/include/cartographer/mapping/proto/scan_matching/fast_correlative_scan_matcher_options_3d.pb.h
[7.020s] -- Up-to-date: /home/tolasing/ros2_ws/install/cartographer/include/cartographer/mapping/proto/scan_matching/real_time_correlative_scan_matcher_options.pb.h
[7.020s] -- Up-to-date: /home/tolasing/ros2_ws/install/cartographer/include/cartographer/mapping/proto/serialization.pb.h
[7.020s] -- Up-to-date: /home/tolasing/ros2_ws/install/cartographer/include/cartographer/mapping/proto/submap.pb.h
[7.020s] -- Up-to-date: /home/tolasing/ros2_ws/install/cartographer/include/cartographer/mapping/proto/submap_visualization.pb.h
[7.020s] -- Up-to-date: /home/tolasing/ros2_ws/install/cartographer/include/cartographer/mapping/proto/submaps_options_2d.pb.h
[7.020s] -- Up-to-date: /home/tolasing/ros2_ws/install/cartographer/include/cartographer/mapping/proto/submaps_options_3d.pb.h
[7.020s] -- Up-to-date: /home/tolasing/ros2_ws/install/cartographer/include/cartographer/mapping/proto/trajectory.pb.h
[7.021s] -- Up-to-date: /home/tolasing/ros2_ws/install/cartographer/include/cartographer/mapping/proto/trajectory_builder_options.pb.h
[7.021s] -- Up-to-date: /home/tolasing/ros2_ws/install/cartographer/include/cartographer/mapping/proto/trajectory_node_data.pb.h
[7.021s] -- Up-to-date: /home/tolasing/ros2_ws/install/cartographer/include/cartographer/mapping/proto/tsdf_2d.pb.h
[7.021s] -- Up-to-date: /home/tolasing/ros2_ws/install/cartographer/include/cartographer/mapping/proto/tsdf_range_data_inserter_options_2d.pb.h
[7.021s] -- Up-to-date: /home/tolasing/ros2_ws/install/cartographer/include/cartographer/sensor/proto/adaptive_voxel_filter_options.pb.h
[7.021s] -- Up-to-date: /home/tolasing/ros2_ws/install/cartographer/include/cartographer/sensor/proto/sensor.pb.h
[7.022s] -- Up-to-date: /home/tolasing/ros2_ws/install/cartographer/include/cartographer/transform/proto/timestamped_transform.pb.h
[7.022s] -- Up-to-date: /home/tolasing/ros2_ws/install/cartographer/include/cartographer/transform/proto/transform.pb.h
[7.034s] -- Up-to-date: /home/tolasing/ros2_ws/install/cartographer/share/cartographer/cmake/CartographerTargets.cmake
[7.034s] -- Up-to-date: /home/tolasing/ros2_ws/install/cartographer/share/cartographer/cmake/CartographerTargets-release.cmake
[7.035s] -- Up-to-date: /home/tolasing/ros2_ws/install/cartographer/share/cartographer/cartographer-config.cmake
[7.066s] Invoked command in '/home/tolasing/ros2_ws/build/cartographer' returned '0': CMAKE_PREFIX_PATH=/home/tolasing/ros2_ws/src/cartographer:/usr/lib/x86_64-linux-gnu/libserial.so:/home/tolasing/ros2_ws/src/cartographer:/usr/lib/x86_64-linux-gnu/libserial.so:/home/tolasing/ros2_ws/install/udp_driver:/home/tolasing/ros2_ws/install/serial_driver:/home/tolasing/ros2_ws/install/motor_control:/home/tolasing/ros2_ws/install/service_pkg:/home/tolasing/ros2_ws/install/nav2_project:/opt/ros/humble:/home/tolasing/ros2_ws/install/serial:/home/tolasing/ros2_ws/install/prototype:/home/tolasing/ros2_ws/install/nav2_course:/home/tolasing/ros2_ws/install/io_context:/home/tolasing/ros2_ws/install/gazebo_sim:/home/tolasing/ros2_ws/install/cartographer_slam:/home/tolasing/ros2_ws/install/cartographer:/home/tolasing/ros2_ws/install/asio_cmake_module /usr/bin/cmake --install /home/tolasing/ros2_ws/build/cartographer
