[0.020s] Invoking command in '/home/tolasing/ros2_ws/build/serial_driver': CMAKE_PREFIX_PATH=/home/tolasing/ros2_ws/install/io_context:/home/tolasing/ros2_ws/install/asio_cmake_module:/home/tolasing/ros2_ws/src/cartographer:/usr/lib/x86_64-linux-gnu/libserial.so:/home/tolasing/ros2_ws/src/cartographer:/usr/lib/x86_64-linux-gnu/libserial.so:/home/tolasing/ros2_ws/install/serial_driver:/home/tolasing/ros2_ws/install/motor_control:/opt/ros/humble:/home/tolasing/ros2_ws/install/serial:/home/tolasing/ros2_ws/install/prototype:/home/tolasing/ros2_ws/install/gazebo_sim LD_LIBRARY_PATH=/home/tolasing/ros2_ws/install/io_context/lib:/usr/lib/x86_64-linux-gnu:/usr/lib/x86_64-linux-gnu:/home/tolasing/ros2_ws/install/serial_driver/lib:/home/tolasing/ros2_ws/install/motor_control/lib:/usr/lib/x86_64-linux-gnu/gazebo-11/plugins:/opt/ros/humble/opt/rviz_ogre_vendor/lib:/opt/ros/humble/lib/x86_64-linux-gnu:/opt/ros/humble/lib /usr/bin/cmake /home/tolasing/ros2_ws/src/transport_drivers/serial_driver -DCMAKE_INSTALL_PREFIX=/home/tolasing/ros2_ws/install/serial_driver
[0.036s] -- Found ament_cmake_auto: 1.3.3 (/opt/ros/humble/share/ament_cmake_auto/cmake)
[0.239s] -- Override CMake install command with custom implementation using symlinks instead of copying resources
[0.433s] -- Found rosidl_generator_c: 3.1.4 (/opt/ros/humble/share/rosidl_generator_c/cmake)
[0.436s] -- Found rosidl_adapter: 3.1.4 (/opt/ros/humble/share/rosidl_adapter/cmake)
[0.443s] -- Found rosidl_generator_cpp: 3.1.4 (/opt/ros/humble/share/rosidl_generator_cpp/cmake)
[0.457s] -- Using all available rosidl_typesupport_c: rosidl_typesupport_fastrtps_c;rosidl_typesupport_introspection_c
[0.476s] -- Using all available rosidl_typesupport_cpp: rosidl_typesupport_fastrtps_cpp;rosidl_typesupport_introspection_cpp
[0.552s] -- Found rmw_implementation_cmake: 6.1.1 (/opt/ros/humble/share/rmw_implementation_cmake/cmake)
[0.553s] -- Found rmw_fastrtps_cpp: 6.2.2 (/opt/ros/humble/share/rmw_fastrtps_cpp/cmake)
[0.707s] -- Using RMW implementation 'rmw_fastrtps_cpp' as default
[1.220s] -- Found ament_lint_auto: 0.12.5 (/opt/ros/humble/share/ament_lint_auto/cmake)
[1.229s] -- Found gtest sources under '/opt/ros/humble/src/gtest_vendor': C++ tests using 'Google Test' will be built
[1.246s] -- Added test 'copyright' to check source files copyright and LICENSE
[1.247s] -- Added test 'cppcheck' to perform static code analysis on C / C++ code
[1.248s] -- Configured cppcheck include dirs: /home/tolasing/ros2_ws/src/transport_drivers/serial_driver/include
[1.248s] -- Configured cppcheck exclude dirs and/or files: 
[1.249s] -- Added test 'cpplint' to check C / C++ code against the Google style
[1.250s] -- Configured cpplint exclude dirs and/or files: 
[1.250s] -- Added test 'flake8' to check Python code syntax and style conventions
[1.250s] -- Added test 'lint_cmake' to check CMake code style
[1.251s] -- Added test 'pep257' to check Python code against some of the docstring style conventions in PEP 257
[1.252s] -- Added test 'uncrustify' to check C / C++ code style
[1.252s] -- Configured uncrustify additional arguments: 
[1.252s] -- Added test 'xmllint' to check XML markup files
[1.256s] -- Configuring done
[1.355s] -- Generating done
[1.360s] -- Build files have been written to: /home/tolasing/ros2_ws/build/serial_driver
[1.375s] Invoked command in '/home/tolasing/ros2_ws/build/serial_driver' returned '0': CMAKE_PREFIX_PATH=/home/tolasing/ros2_ws/install/io_context:/home/tolasing/ros2_ws/install/asio_cmake_module:/home/tolasing/ros2_ws/src/cartographer:/usr/lib/x86_64-linux-gnu/libserial.so:/home/tolasing/ros2_ws/src/cartographer:/usr/lib/x86_64-linux-gnu/libserial.so:/home/tolasing/ros2_ws/install/serial_driver:/home/tolasing/ros2_ws/install/motor_control:/opt/ros/humble:/home/tolasing/ros2_ws/install/serial:/home/tolasing/ros2_ws/install/prototype:/home/tolasing/ros2_ws/install/gazebo_sim LD_LIBRARY_PATH=/home/tolasing/ros2_ws/install/io_context/lib:/usr/lib/x86_64-linux-gnu:/usr/lib/x86_64-linux-gnu:/home/tolasing/ros2_ws/install/serial_driver/lib:/home/tolasing/ros2_ws/install/motor_control/lib:/usr/lib/x86_64-linux-gnu/gazebo-11/plugins:/opt/ros/humble/opt/rviz_ogre_vendor/lib:/opt/ros/humble/lib/x86_64-linux-gnu:/opt/ros/humble/lib /usr/bin/cmake /home/tolasing/ros2_ws/src/transport_drivers/serial_driver -DCMAKE_INSTALL_PREFIX=/home/tolasing/ros2_ws/install/serial_driver
[1.377s] Invoking command in '/home/tolasing/ros2_ws/build/serial_driver': CMAKE_PREFIX_PATH=/home/tolasing/ros2_ws/install/io_context:/home/tolasing/ros2_ws/install/asio_cmake_module:/home/tolasing/ros2_ws/src/cartographer:/usr/lib/x86_64-linux-gnu/libserial.so:/home/tolasing/ros2_ws/src/cartographer:/usr/lib/x86_64-linux-gnu/libserial.so:/home/tolasing/ros2_ws/install/serial_driver:/home/tolasing/ros2_ws/install/motor_control:/opt/ros/humble:/home/tolasing/ros2_ws/install/serial:/home/tolasing/ros2_ws/install/prototype:/home/tolasing/ros2_ws/install/gazebo_sim LD_LIBRARY_PATH=/home/tolasing/ros2_ws/install/io_context/lib:/usr/lib/x86_64-linux-gnu:/usr/lib/x86_64-linux-gnu:/home/tolasing/ros2_ws/install/serial_driver/lib:/home/tolasing/ros2_ws/install/motor_control/lib:/usr/lib/x86_64-linux-gnu/gazebo-11/plugins:/opt/ros/humble/opt/rviz_ogre_vendor/lib:/opt/ros/humble/lib/x86_64-linux-gnu:/opt/ros/humble/lib /usr/bin/cmake --build /home/tolasing/ros2_ws/build/serial_driver -- -j8 -l8
[1.422s] [35m[1mConsolidate compiler generated dependencies of target gtest_main[0m
[1.423s] [35m[1mConsolidate compiler generated dependencies of target serial_bridge[0m
[1.426s] [35m[1mConsolidate compiler generated dependencies of target gtest[0m
[1.426s] [35m[1mConsolidate compiler generated dependencies of target serial_driver[0m
[1.442s] [ 13%] Built target gtest_main
[1.445s] [ 26%] Built target gtest
[1.456s] [ 40%] Built target serial_bridge
[1.459s] [ 60%] Built target serial_driver
[1.472s] [35m[1mConsolidate compiler generated dependencies of target test_serial_driver[0m
[1.473s] [35m[1mConsolidate compiler generated dependencies of target test_serial_port[0m
[1.473s] [35m[1mConsolidate compiler generated dependencies of target serial_driver_nodes[0m
[1.501s] [ 86%] Built target test_serial_port
[1.502s] [ 86%] Built target test_serial_driver
[1.514s] [100%] Built target serial_driver_nodes
[1.528s] Invoked command in '/home/tolasing/ros2_ws/build/serial_driver' returned '0': CMAKE_PREFIX_PATH=/home/tolasing/ros2_ws/install/io_context:/home/tolasing/ros2_ws/install/asio_cmake_module:/home/tolasing/ros2_ws/src/cartographer:/usr/lib/x86_64-linux-gnu/libserial.so:/home/tolasing/ros2_ws/src/cartographer:/usr/lib/x86_64-linux-gnu/libserial.so:/home/tolasing/ros2_ws/install/serial_driver:/home/tolasing/ros2_ws/install/motor_control:/opt/ros/humble:/home/tolasing/ros2_ws/install/serial:/home/tolasing/ros2_ws/install/prototype:/home/tolasing/ros2_ws/install/gazebo_sim LD_LIBRARY_PATH=/home/tolasing/ros2_ws/install/io_context/lib:/usr/lib/x86_64-linux-gnu:/usr/lib/x86_64-linux-gnu:/home/tolasing/ros2_ws/install/serial_driver/lib:/home/tolasing/ros2_ws/install/motor_control/lib:/usr/lib/x86_64-linux-gnu/gazebo-11/plugins:/opt/ros/humble/opt/rviz_ogre_vendor/lib:/opt/ros/humble/lib/x86_64-linux-gnu:/opt/ros/humble/lib /usr/bin/cmake --build /home/tolasing/ros2_ws/build/serial_driver -- -j8 -l8
[1.577s] Invoking command in '/home/tolasing/ros2_ws/build/serial_driver': CMAKE_PREFIX_PATH=/home/tolasing/ros2_ws/install/io_context:/home/tolasing/ros2_ws/install/asio_cmake_module:/home/tolasing/ros2_ws/src/cartographer:/usr/lib/x86_64-linux-gnu/libserial.so:/home/tolasing/ros2_ws/src/cartographer:/usr/lib/x86_64-linux-gnu/libserial.so:/home/tolasing/ros2_ws/install/serial_driver:/home/tolasing/ros2_ws/install/motor_control:/opt/ros/humble:/home/tolasing/ros2_ws/install/serial:/home/tolasing/ros2_ws/install/prototype:/home/tolasing/ros2_ws/install/gazebo_sim LD_LIBRARY_PATH=/home/tolasing/ros2_ws/install/io_context/lib:/usr/lib/x86_64-linux-gnu:/usr/lib/x86_64-linux-gnu:/home/tolasing/ros2_ws/install/serial_driver/lib:/home/tolasing/ros2_ws/install/motor_control/lib:/usr/lib/x86_64-linux-gnu/gazebo-11/plugins:/opt/ros/humble/opt/rviz_ogre_vendor/lib:/opt/ros/humble/lib/x86_64-linux-gnu:/opt/ros/humble/lib /usr/bin/cmake --install /home/tolasing/ros2_ws/build/serial_driver
[1.586s] -- Install configuration: ""
[1.586s] -- Execute custom install script
[1.586s] -- Up-to-date symlink: /home/tolasing/ros2_ws/install/serial_driver/lib/serial_driver/serial_bridge
[1.587s] -- Up-to-date symlink: /home/tolasing/ros2_ws/install/serial_driver/include/serial_driver/serial_bridge_node.hpp
[1.587s] -- Up-to-date symlink: /home/tolasing/ros2_ws/install/serial_driver/include/serial_driver/serial_driver.hpp
[1.587s] -- Up-to-date symlink: /home/tolasing/ros2_ws/install/serial_driver/include/serial_driver/serial_port.hpp
[1.587s] -- Up-to-date symlink: /home/tolasing/ros2_ws/install/serial_driver/include/serial_driver/visibility_control.hpp
[1.588s] -- Up-to-date symlink: /home/tolasing/ros2_ws/install/serial_driver/share/serial_driver/environment/library_path.sh
[1.588s] -- Up-to-date symlink: /home/tolasing/ros2_ws/install/serial_driver/share/serial_driver/environment/library_path.dsv
[1.588s] -- Up-to-date symlink: /home/tolasing/ros2_ws/install/serial_driver/lib/libserial_driver.so
[1.588s] -- Up-to-date symlink: /home/tolasing/ros2_ws/install/serial_driver/lib/libserial_driver_nodes.so
[1.589s] -- Up-to-date symlink: /home/tolasing/ros2_ws/install/serial_driver/share/serial_driver/launch/serial_driver_bridge_node.launch.py
[1.590s] -- Up-to-date symlink: /home/tolasing/ros2_ws/install/serial_driver/share/serial_driver/params/example.params.yaml
[1.590s] -- Up-to-date symlink: /home/tolasing/ros2_ws/install/serial_driver/share/ament_index/resource_index/package_run_dependencies/serial_driver
[1.590s] -- Up-to-date symlink: /home/tolasing/ros2_ws/install/serial_driver/share/ament_index/resource_index/parent_prefix_path/serial_driver
[1.590s] -- Up-to-date symlink: /home/tolasing/ros2_ws/install/serial_driver/share/serial_driver/environment/ament_prefix_path.sh
[1.590s] -- Up-to-date symlink: /home/tolasing/ros2_ws/install/serial_driver/share/serial_driver/environment/ament_prefix_path.dsv
[1.591s] -- Up-to-date symlink: /home/tolasing/ros2_ws/install/serial_driver/share/serial_driver/environment/path.sh
[1.591s] -- Up-to-date symlink: /home/tolasing/ros2_ws/install/serial_driver/share/serial_driver/environment/path.dsv
[1.591s] -- Up-to-date symlink: /home/tolasing/ros2_ws/install/serial_driver/share/serial_driver/local_setup.bash
[1.591s] -- Up-to-date symlink: /home/tolasing/ros2_ws/install/serial_driver/share/serial_driver/local_setup.sh
[1.592s] -- Up-to-date symlink: /home/tolasing/ros2_ws/install/serial_driver/share/serial_driver/local_setup.zsh
[1.592s] -- Up-to-date symlink: /home/tolasing/ros2_ws/install/serial_driver/share/serial_driver/local_setup.dsv
[1.592s] -- Symlinking: /home/tolasing/ros2_ws/install/serial_driver/share/serial_driver/package.dsv
[1.603s] -- Up-to-date symlink: /home/tolasing/ros2_ws/install/serial_driver/share/ament_index/resource_index/packages/serial_driver
[1.603s] -- Up-to-date symlink: /home/tolasing/ros2_ws/install/serial_driver/share/ament_index/resource_index/rclcpp_components/serial_driver
[1.603s] -- Up-to-date symlink: /home/tolasing/ros2_ws/install/serial_driver/share/serial_driver/cmake/ament_cmake_export_dependencies-extras.cmake
[1.604s] -- Up-to-date symlink: /home/tolasing/ros2_ws/install/serial_driver/share/serial_driver/cmake/ament_cmake_export_include_directories-extras.cmake
[1.604s] -- Up-to-date symlink: /home/tolasing/ros2_ws/install/serial_driver/share/serial_driver/cmake/ament_cmake_export_libraries-extras.cmake
[1.604s] -- Up-to-date symlink: /home/tolasing/ros2_ws/install/serial_driver/share/serial_driver/cmake/serial_driverConfig.cmake
[1.604s] -- Up-to-date symlink: /home/tolasing/ros2_ws/install/serial_driver/share/serial_driver/cmake/serial_driverConfig-version.cmake
[1.605s] -- Up-to-date symlink: /home/tolasing/ros2_ws/install/serial_driver/share/serial_driver/package.xml
[1.611s] Invoked command in '/home/tolasing/ros2_ws/build/serial_driver' returned '0': CMAKE_PREFIX_PATH=/home/tolasing/ros2_ws/install/io_context:/home/tolasing/ros2_ws/install/asio_cmake_module:/home/tolasing/ros2_ws/src/cartographer:/usr/lib/x86_64-linux-gnu/libserial.so:/home/tolasing/ros2_ws/src/cartographer:/usr/lib/x86_64-linux-gnu/libserial.so:/home/tolasing/ros2_ws/install/serial_driver:/home/tolasing/ros2_ws/install/motor_control:/opt/ros/humble:/home/tolasing/ros2_ws/install/serial:/home/tolasing/ros2_ws/install/prototype:/home/tolasing/ros2_ws/install/gazebo_sim LD_LIBRARY_PATH=/home/tolasing/ros2_ws/install/io_context/lib:/usr/lib/x86_64-linux-gnu:/usr/lib/x86_64-linux-gnu:/home/tolasing/ros2_ws/install/serial_driver/lib:/home/tolasing/ros2_ws/install/motor_control/lib:/usr/lib/x86_64-linux-gnu/gazebo-11/plugins:/opt/ros/humble/opt/rviz_ogre_vendor/lib:/opt/ros/humble/lib/x86_64-linux-gnu:/opt/ros/humble/lib /usr/bin/cmake --install /home/tolasing/ros2_ws/build/serial_driver
