[1.330s] Invoking command in '/home/tolasing/ros2_ws/build/path_planner': PYTHONPATH=/home/tolasing/ros2_ws/build/path_planner/prefix_override:/home/tolasing/ros2_ws/install/path_planner/lib/python3.10/site-packages:${PYTHONPATH} /usr/bin/python3 setup.py develop --editable --build-directory /home/tolasing/ros2_ws/build/path_planner/build --no-deps install_data
[1.782s] running develop
[1.783s] /usr/lib/python3/dist-packages/setuptools/command/easy_install.py:158: EasyInstallDeprecationWarning: easy_install command is deprecated. Use build and pip and other standards-based tools.
[1.783s]   warnings.warn(
[1.786s] /usr/lib/python3/dist-packages/setuptools/command/install.py:34: SetuptoolsDeprecationWarning: setup.py install is deprecated. Use build and pip and other standards-based tools.
[1.786s]   warnings.warn(
[1.877s] /usr/lib/python3/dist-packages/pkg_resources/__init__.py:116: PkgResourcesDeprecationWarning: 1.16.0-unknown is an invalid version and will not be supported in a future release
[1.877s]   warnings.warn(
[1.877s] /usr/lib/python3/dist-packages/pkg_resources/__init__.py:116: PkgResourcesDeprecationWarning: 0.1.43ubuntu1 is an invalid version and will not be supported in a future release
[1.877s]   warnings.warn(
[1.877s] /usr/lib/python3/dist-packages/pkg_resources/__init__.py:116: PkgResourcesDeprecationWarning: 1.1build1 is an invalid version and will not be supported in a future release
[1.878s]   warnings.warn(
[2.054s] running egg_info
[2.055s] writing path_planner.egg-info/PKG-INFO
[2.055s] writing dependency_links to path_planner.egg-info/dependency_links.txt
[2.056s] writing entry points to path_planner.egg-info/entry_points.txt
[2.056s] writing requirements to path_planner.egg-info/requires.txt
[2.057s] writing top-level names to path_planner.egg-info/top_level.txt
[2.061s] reading manifest file 'path_planner.egg-info/SOURCES.txt'
[2.063s] writing manifest file 'path_planner.egg-info/SOURCES.txt'
[2.066s] running build_ext
[2.066s] Creating /home/tolasing/ros2_ws/install/path_planner/lib/python3.10/site-packages/path-planner.egg-link (link to .)
[2.068s] Installing navigation_node script to /home/tolasing/ros2_ws/install/path_planner/lib/path_planner
[2.069s] 
[2.069s] Installed /home/tolasing/ros2_ws/build/path_planner
[2.070s] running install_data
[2.070s] copying launch/planner_server.launch.py -> /home/tolasing/ros2_ws/install/path_planner/share/path_planner
[2.169s] Invoked command in '/home/tolasing/ros2_ws/build/path_planner' returned '0': PYTHONPATH=/home/tolasing/ros2_ws/build/path_planner/prefix_override:/home/tolasing/ros2_ws/install/path_planner/lib/python3.10/site-packages:${PYTHONPATH} /usr/bin/python3 setup.py develop --editable --build-directory /home/tolasing/ros2_ws/build/path_planner/build --no-deps install_data
