[0.043s] Invoking command in '/home/tolasing/ros2_ws/build/gazebo_sim': CMAKE_PREFIX_PATH=/home/tolasing/ros2_ws/src/cartographer:/usr/lib/x86_64-linux-gnu/libserial.so:/home/tolasing/ros2_ws/src/cartographer:/usr/lib/x86_64-linux-gnu/libserial.so:/home/tolasing/ros2_ws/install/udp_driver:/home/tolasing/ros2_ws/install/serial_driver:/home/tolasing/ros2_ws/install/motor_control:/home/tolasing/ros2_ws/install/service_pkg:/home/tolasing/ros2_ws/install/nav2_project:/opt/ros/humble:/home/tolasing/ros2_ws/install/serial:/home/tolasing/ros2_ws/install/prototype:/home/tolasing/ros2_ws/install/nav2_course:/home/tolasing/ros2_ws/install/io_context:/home/tolasing/ros2_ws/install/gazebo_sim:/home/tolasing/ros2_ws/install/cartographer_slam:/home/tolasing/ros2_ws/install/cartographer:/home/tolasing/ros2_ws/install/asio_cmake_module /usr/bin/cmake --build /home/tolasing/ros2_ws/build/gazebo_sim -- -j8 -l8
[0.098s] Invoked command in '/home/tolasing/ros2_ws/build/gazebo_sim' returned '0': CMAKE_PREFIX_PATH=/home/tolasing/ros2_ws/src/cartographer:/usr/lib/x86_64-linux-gnu/libserial.so:/home/tolasing/ros2_ws/src/cartographer:/usr/lib/x86_64-linux-gnu/libserial.so:/home/tolasing/ros2_ws/install/udp_driver:/home/tolasing/ros2_ws/install/serial_driver:/home/tolasing/ros2_ws/install/motor_control:/home/tolasing/ros2_ws/install/service_pkg:/home/tolasing/ros2_ws/install/nav2_project:/opt/ros/humble:/home/tolasing/ros2_ws/install/serial:/home/tolasing/ros2_ws/install/prototype:/home/tolasing/ros2_ws/install/nav2_course:/home/tolasing/ros2_ws/install/io_context:/home/tolasing/ros2_ws/install/gazebo_sim:/home/tolasing/ros2_ws/install/cartographer_slam:/home/tolasing/ros2_ws/install/cartographer:/home/tolasing/ros2_ws/install/asio_cmake_module /usr/bin/cmake --build /home/tolasing/ros2_ws/build/gazebo_sim -- -j8 -l8
[0.128s] Invoking command in '/home/tolasing/ros2_ws/build/gazebo_sim': CMAKE_PREFIX_PATH=/home/tolasing/ros2_ws/src/cartographer:/usr/lib/x86_64-linux-gnu/libserial.so:/home/tolasing/ros2_ws/src/cartographer:/usr/lib/x86_64-linux-gnu/libserial.so:/home/tolasing/ros2_ws/install/udp_driver:/home/tolasing/ros2_ws/install/serial_driver:/home/tolasing/ros2_ws/install/motor_control:/home/tolasing/ros2_ws/install/service_pkg:/home/tolasing/ros2_ws/install/nav2_project:/opt/ros/humble:/home/tolasing/ros2_ws/install/serial:/home/tolasing/ros2_ws/install/prototype:/home/tolasing/ros2_ws/install/nav2_course:/home/tolasing/ros2_ws/install/io_context:/home/tolasing/ros2_ws/install/gazebo_sim:/home/tolasing/ros2_ws/install/cartographer_slam:/home/tolasing/ros2_ws/install/cartographer:/home/tolasing/ros2_ws/install/asio_cmake_module /usr/bin/cmake --install /home/tolasing/ros2_ws/build/gazebo_sim
[0.134s] -- Install configuration: ""
[0.136s] -- Execute custom install script
[0.136s] -- Up-to-date symlink: /home/tolasing/ros2_ws/install/gazebo_sim/share/gazebo_sim//launch/start_gazebo.launch.py
[0.137s] -- Up-to-date symlink: /home/tolasing/ros2_ws/install/gazebo_sim/share/gazebo_sim//worlds/empty_world.world
[0.137s] -- Up-to-date symlink: /home/tolasing/ros2_ws/install/gazebo_sim/share/gazebo_sim//models/box_room/meshes/box_room.dae
[0.138s] -- Up-to-date symlink: /home/tolasing/ros2_ws/install/gazebo_sim/share/gazebo_sim//models/box_room/meshes/chambre.png
[0.139s] -- Up-to-date symlink: /home/tolasing/ros2_ws/install/gazebo_sim/share/gazebo_sim//models/model.config
[0.141s] -- Up-to-date symlink: /home/tolasing/ros2_ws/install/gazebo_sim/share/gazebo_sim//urdf/prototype.gazebo.xacro
[0.144s] -- Up-to-date symlink: /home/tolasing/ros2_ws/install/gazebo_sim/share/gazebo_sim//urdf/prototype.gazebo.xsd
[0.144s] -- Up-to-date symlink: /home/tolasing/ros2_ws/install/gazebo_sim/share/ament_index/resource_index/package_run_dependencies/gazebo_sim
[0.146s] -- Up-to-date symlink: /home/tolasing/ros2_ws/install/gazebo_sim/share/ament_index/resource_index/parent_prefix_path/gazebo_sim
[0.147s] -- Up-to-date symlink: /home/tolasing/ros2_ws/install/gazebo_sim/share/gazebo_sim/environment/ament_prefix_path.sh
[0.147s] -- Up-to-date symlink: /home/tolasing/ros2_ws/install/gazebo_sim/share/gazebo_sim/environment/ament_prefix_path.dsv
[0.147s] -- Up-to-date symlink: /home/tolasing/ros2_ws/install/gazebo_sim/share/gazebo_sim/environment/path.sh
[0.149s] -- Up-to-date symlink: /home/tolasing/ros2_ws/install/gazebo_sim/share/gazebo_sim/environment/path.dsv
[0.150s] -- Up-to-date symlink: /home/tolasing/ros2_ws/install/gazebo_sim/share/gazebo_sim/local_setup.bash
[0.150s] -- Up-to-date symlink: /home/tolasing/ros2_ws/install/gazebo_sim/share/gazebo_sim/local_setup.sh
[0.150s] -- Up-to-date symlink: /home/tolasing/ros2_ws/install/gazebo_sim/share/gazebo_sim/local_setup.zsh
[0.151s] -- Up-to-date symlink: /home/tolasing/ros2_ws/install/gazebo_sim/share/gazebo_sim/local_setup.dsv
[0.151s] -- Up-to-date symlink: /home/tolasing/ros2_ws/install/gazebo_sim/share/gazebo_sim/package.dsv
[0.151s] -- Up-to-date symlink: /home/tolasing/ros2_ws/install/gazebo_sim/share/ament_index/resource_index/packages/gazebo_sim
[0.151s] -- Up-to-date symlink: /home/tolasing/ros2_ws/install/gazebo_sim/share/gazebo_sim/cmake/gazebo_simConfig.cmake
[0.152s] -- Up-to-date symlink: /home/tolasing/ros2_ws/install/gazebo_sim/share/gazebo_sim/cmake/gazebo_simConfig-version.cmake
[0.152s] -- Up-to-date symlink: /home/tolasing/ros2_ws/install/gazebo_sim/share/gazebo_sim/package.xml
[0.177s] Invoked command in '/home/tolasing/ros2_ws/build/gazebo_sim' returned '0': CMAKE_PREFIX_PATH=/home/tolasing/ros2_ws/src/cartographer:/usr/lib/x86_64-linux-gnu/libserial.so:/home/tolasing/ros2_ws/src/cartographer:/usr/lib/x86_64-linux-gnu/libserial.so:/home/tolasing/ros2_ws/install/udp_driver:/home/tolasing/ros2_ws/install/serial_driver:/home/tolasing/ros2_ws/install/motor_control:/home/tolasing/ros2_ws/install/service_pkg:/home/tolasing/ros2_ws/install/nav2_project:/opt/ros/humble:/home/tolasing/ros2_ws/install/serial:/home/tolasing/ros2_ws/install/prototype:/home/tolasing/ros2_ws/install/nav2_course:/home/tolasing/ros2_ws/install/io_context:/home/tolasing/ros2_ws/install/gazebo_sim:/home/tolasing/ros2_ws/install/cartographer_slam:/home/tolasing/ros2_ws/install/cartographer:/home/tolasing/ros2_ws/install/asio_cmake_module /usr/bin/cmake --install /home/tolasing/ros2_ws/build/gazebo_sim
