[0.120s] Invoking command in '/home/tolasing/ros2_ws/build/cartographer': CMAKE_PREFIX_PATH=/home/tolasing/ros2_ws/src/cartographer:/usr/lib/x86_64-linux-gnu/libserial.so:/home/tolasing/ros2_ws/src/cartographer:/usr/lib/x86_64-linux-gnu/libserial.so:/home/tolasing/ros2_ws/install/udp_driver:/home/tolasing/ros2_ws/install/serial_driver:/home/tolasing/ros2_ws/install/motor_control:/home/tolasing/ros2_ws/install/service_pkg:/home/tolasing/ros2_ws/install/nav2_project:/opt/ros/humble:/home/tolasing/ros2_ws/install/serial:/home/tolasing/ros2_ws/install/prototype:/home/tolasing/ros2_ws/install/nav2_course:/home/tolasing/ros2_ws/install/io_context:/home/tolasing/ros2_ws/install/gazebo_sim:/home/tolasing/ros2_ws/install/cartographer_slam:/home/tolasing/ros2_ws/install/cartographer:/home/tolasing/ros2_ws/install/asio_cmake_module /usr/bin/cmake --build /home/tolasing/ros2_ws/build/cartographer -- -j8 -l8
[0.807s] [  1%] Built target gtest
[0.807s] [  1%] [34m[1mBuilding documentation.[0m
[0.807s] [  1%] Built target cartographer_detect_changes
[0.807s] [  2%] Built target gmock
[0.808s] [  2%] Built target gmock_main
[0.808s] [ 55%] Built target cartographer
[0.808s] [ 56%] Built target cartographer_pbstream
[0.808s] [ 56%] Built target cartographer_compute_relations_metrics
[0.819s] [ 56%] Built target cartographer_print_configuration
[0.831s] [ 57%] Built target cartographer_autogenerate_ground_truth
[0.839s] [ 58%] Built target cartographer_test_library
[0.922s] [ 58%] Built target cartographer.common.configuration_files_test
[0.937s] [ 60%] Built target cartographer.common.internal.rate_timer_test
[0.937s] [ 60%] Built target cartographer.common.fixed_ratio_sampler_test
[0.937s] [ 60%] Built target cartographer.common.lua_parameter_dictionary_test
[0.946s] [ 60%] Built target cartographer.common.internal.blocking_queue_test
[0.956s] [ 61%] Built target cartographer.common.math_test
[0.984s] [01mRunning Sphinx v4.3.2[39;49;00m
[1.017s] [ 61%] Built target cartographer.common.task_test
[1.033s] [ 62%] Built target cartographer.common.thread_pool_test
[1.042s] [ 63%] Built target cartographer.io.internal.in_memory_proto_stream_test
[1.042s] [ 63%] Built target cartographer.io.fake_file_writer_test
[1.053s] [ 64%] Built target cartographer.io.points_processor_pipeline_builder_test
[1.145s] [ 65%] Built target cartographer.io.proto_stream_deserializer_test
[1.150s] [ 65%] Built target cartographer.io.probability_grid_points_processor_test
[1.152s] [ 66%] Built target cartographer.mapping.2d.probability_grid_test
[1.182s] [ 67%] Built target cartographer.io.serialization_format_migration_test
[1.182s] [ 67%] Built target cartographer.mapping.2d.map_limits_test
[1.182s] [ 67%] Built target cartographer.mapping.2d.range_data_inserter_2d_test
[1.183s] [ 67%] Built target cartographer.io.proto_stream_test
[1.254s] [ 68%] Built target cartographer.mapping.2d.submap_2d_test
[1.255s] [ 68%] Built target cartographer.mapping.2d.xy_index_test
[1.272s] [ 69%] Built target cartographer.mapping.3d.hybrid_grid_test
[1.287s] [ 69%] Built target cartographer.mapping.3d.range_data_inserter_3d_test
[1.335s] [ 70%] Built target cartographer.mapping.3d.submap_3d_test
[1.377s] [ 70%] Built target cartographer.mapping.id_test
[1.379s] [ 71%] Built target cartographer.mapping.imu_tracker_test
[1.387s] [01mloading pickled environment... [39;49;00m[ 71%] Built target cartographer.mapping.internal.2d.normal_estimation_2d_test
[1.393s] done
[1.400s] [01mbuilding [mo]: [39;49;00mtargets for 0 po files that are out of date
[1.401s] [ 72%] Built target cartographer.mapping.internal.2d.overlapping_submaps_trimmer_2d_test
[1.402s] [01mbuilding [html]: [39;49;00mtargets for 0 source files that are out of date
[1.404s] [01mupdating environment: [39;49;00m0 added, 0 changed, 0 removed
[1.406s] [01mlooking for now-outdated files... [39;49;00mnone found
[1.406s] [01mno targets are out of date.[39;49;00m
[1.407s] [01mbuild succeeded.[39;49;00m
[1.408s] 
[1.409s] The HTML pages are in html.
[1.504s] [ 73%] Built target cartographer.mapping.internal.2d.scan_matching.correlative_scan_matcher_test
[1.510s] [ 73%] Built target cartographer.mapping.internal.2d.scan_matching.ceres_scan_matcher_2d_test
[1.511s] [ 73%] Built target cartographer.mapping.internal.2d.pose_graph_2d_test
[1.539s] [ 74%] Built target cartographer.mapping.internal.2d.ray_to_pixel_mask_test
[1.549s] [ 74%] Built target cartographer.mapping.internal.2d.scan_matching.fast_correlative_scan_matcher_2d_test
[1.564s] [ 75%] Built target cartographer.mapping.internal.2d.scan_matching.interpolated_tsdf_2d_test
[1.577s] [ 75%] Built target cartographer.mapping.internal.2d.scan_matching.occupied_space_cost_function_2d_test
[1.601s] [ 76%] Built target cartographer.mapping.internal.2d.scan_matching.real_time_correlative_scan_matcher_2d_test
[1.634s] [ 76%] Built target cartographer.mapping.internal.2d.scan_matching.tsdf_match_cost_function_2d_test
[1.648s] [ 76%] Built target cartographer.mapping.internal.2d.tsdf_2d_test
[1.652s] [ 77%] Built target cartographer.mapping.internal.2d.tsd_value_converter_test
[1.660s] [ 77%] Built target build_doc
[1.668s] [ 78%] Built target cartographer.mapping.internal.2d.tsdf_range_data_inserter_2d_test
[1.671s] [ 78%] Built target cartographer.mapping.internal.3d.local_trajectory_builder_3d_test
[1.674s] [ 79%] Built target cartographer.mapping.internal.3d.pose_graph_3d_test
[1.682s] [ 80%] Built target cartographer.mapping.internal.3d.scan_matching.ceres_scan_matcher_3d_test
[1.727s] [ 80%] Built target cartographer.mapping.internal.3d.scan_matching.fast_correlative_scan_matcher_3d_test
[1.739s] [ 81%] Built target cartographer.mapping.internal.3d.scan_matching.intensity_cost_function_3d_test
[1.743s] [ 81%] Built target cartographer.mapping.internal.3d.scan_matching.rotational_scan_matcher_test
[1.751s] [ 82%] Built target cartographer.mapping.internal.3d.scan_matching.interpolated_grid_test
[1.753s] [ 82%] Built target cartographer.mapping.internal.3d.scan_matching.precomputation_grid_3d_test
[1.759s] [ 83%] Built target cartographer.mapping.internal.3d.scan_matching.rotation_delta_cost_functor_3d_test
[1.763s] [ 84%] Built target cartographer.mapping.internal.connected_components_test
[1.766s] [ 84%] Built target cartographer.mapping.internal.3d.scan_matching.real_time_correlative_scan_matcher_3d_test
[1.810s] [ 85%] Built target cartographer.mapping.internal.constraints.constraint_builder_3d_test
[1.819s] [ 85%] Built target cartographer.mapping.internal.motion_filter_test
[1.824s] [ 86%] Built target cartographer.mapping.internal.optimization.cost_functions.landmark_cost_function_2d_test
[1.829s] [ 87%] Built target cartographer.mapping.internal.optimization.cost_functions.spa_cost_function_2d_test
[1.831s] [ 87%] Built target cartographer.mapping.internal.constraints.constraint_builder_2d_test
[1.838s] [ 87%] Built target cartographer.mapping.internal.optimization.cost_functions.landmark_cost_function_3d_test
[1.847s] [ 87%] Built target cartographer.mapping.internal.optimization.optimization_problem_3d_test
[1.877s] [ 88%] Built target cartographer.mapping.internal.range_data_collator_test
[1.881s] [ 88%] Built target cartographer.mapping.internal.trajectory_connectivity_state_test
[1.884s] [ 89%] Built target cartographer.mapping.map_builder_test
[1.893s] [ 89%] Built target cartographer.mapping.pose_extrapolator_test
[1.895s] [ 90%] Built target cartographer.mapping.probability_values_test
[1.906s] [ 90%] Built target cartographer.mapping.pose_graph_trimmer_test
[1.912s] [ 91%] Built target cartographer.mapping.submaps_test
[1.914s] [ 91%] Built target cartographer.mapping.pose_graph_test
[1.940s] [ 92%] Built target cartographer.mapping.trajectory_node_test
[1.953s] [ 92%] Built target cartographer.mapping.value_conversion_tables_test
[1.970s] [ 92%] Built target cartographer.sensor.internal.collator_test
[1.972s] [ 93%] Built target cartographer.sensor.internal.ordered_multi_queue_test
[1.975s] [ 93%] Built target cartographer.sensor.landmark_data_test
[1.976s] [ 94%] Built target cartographer.sensor.compressed_point_cloud_test
[1.989s] [ 94%] Built target cartographer.sensor.internal.trajectory_collator_test
[1.995s] [ 95%] Built target cartographer.sensor.internal.voxel_filter_test
[2.002s] [ 96%] Built target cartographer.sensor.map_by_time_test
[2.030s] [ 96%] Built target cartographer.sensor.range_data_test
[2.046s] [ 97%] Built target cartographer.sensor.point_cloud_test
[2.057s] [ 97%] Built target cartographer.transform.transform_test
[2.058s] [ 98%] Built target cartographer.transform.transform_interpolation_buffer_test
[2.059s] [ 98%] Built target cartographer.transform.timestamped_transform_test
[2.065s] [100%] Built target cartographer.transform.rigid_transform_test
