[0.059s] Invoking command in '/home/tolasing/ros2_ws/build/serial_driver': CMAKE_PREFIX_PATH=/home/tolasing/ros2_ws/install/io_context:/home/tolasing/ros2_ws/install/asio_cmake_module:/home/tolasing/ros2_ws/src/cartographer:/usr/lib/x86_64-linux-gnu/libserial.so:/home/tolasing/ros2_ws/install/serial_driver:/home/tolasing/ros2_ws/install/motor_control:/opt/ros/humble:/home/tolasing/ros2_ws/install/serial:/home/tolasing/ros2_ws/install/ros2_mapping:/home/tolasing/ros2_ws/install/prototype:/home/tolasing/ros2_ws/install/gazebo_sim LD_LIBRARY_PATH=/home/tolasing/ros2_ws/install/io_context/lib:/usr/lib/x86_64-linux-gnu:/home/tolasing/ros2_ws/install/serial_driver/lib:/home/tolasing/ros2_ws/install/motor_control/lib:/usr/lib/x86_64-linux-gnu/gazebo-11/plugins:/opt/ros/humble/opt/rviz_ogre_vendor/lib:/opt/ros/humble/lib/x86_64-linux-gnu:/opt/ros/humble/lib /usr/bin/cmake --build /home/tolasing/ros2_ws/build/serial_driver -- -j8 -l8
[0.097s] [ 13%] Built target gtest_main
[0.098s] [ 26%] Built target gtest
[0.101s] [ 40%] Built target serial_bridge
[0.103s] [ 60%] Built target serial_driver
[0.131s] [ 73%] Built target test_serial_driver
[0.138s] [ 86%] Built target test_serial_port
[0.143s] [100%] Built target serial_driver_nodes
[0.158s] Invoked command in '/home/tolasing/ros2_ws/build/serial_driver' returned '0': CMAKE_PREFIX_PATH=/home/tolasing/ros2_ws/install/io_context:/home/tolasing/ros2_ws/install/asio_cmake_module:/home/tolasing/ros2_ws/src/cartographer:/usr/lib/x86_64-linux-gnu/libserial.so:/home/tolasing/ros2_ws/install/serial_driver:/home/tolasing/ros2_ws/install/motor_control:/opt/ros/humble:/home/tolasing/ros2_ws/install/serial:/home/tolasing/ros2_ws/install/ros2_mapping:/home/tolasing/ros2_ws/install/prototype:/home/tolasing/ros2_ws/install/gazebo_sim LD_LIBRARY_PATH=/home/tolasing/ros2_ws/install/io_context/lib:/usr/lib/x86_64-linux-gnu:/home/tolasing/ros2_ws/install/serial_driver/lib:/home/tolasing/ros2_ws/install/motor_control/lib:/usr/lib/x86_64-linux-gnu/gazebo-11/plugins:/opt/ros/humble/opt/rviz_ogre_vendor/lib:/opt/ros/humble/lib/x86_64-linux-gnu:/opt/ros/humble/lib /usr/bin/cmake --build /home/tolasing/ros2_ws/build/serial_driver -- -j8 -l8
[0.170s] Invoking command in '/home/tolasing/ros2_ws/build/serial_driver': CMAKE_PREFIX_PATH=/home/tolasing/ros2_ws/install/io_context:/home/tolasing/ros2_ws/install/asio_cmake_module:/home/tolasing/ros2_ws/src/cartographer:/usr/lib/x86_64-linux-gnu/libserial.so:/home/tolasing/ros2_ws/install/serial_driver:/home/tolasing/ros2_ws/install/motor_control:/opt/ros/humble:/home/tolasing/ros2_ws/install/serial:/home/tolasing/ros2_ws/install/ros2_mapping:/home/tolasing/ros2_ws/install/prototype:/home/tolasing/ros2_ws/install/gazebo_sim LD_LIBRARY_PATH=/home/tolasing/ros2_ws/install/io_context/lib:/usr/lib/x86_64-linux-gnu:/home/tolasing/ros2_ws/install/serial_driver/lib:/home/tolasing/ros2_ws/install/motor_control/lib:/usr/lib/x86_64-linux-gnu/gazebo-11/plugins:/opt/ros/humble/opt/rviz_ogre_vendor/lib:/opt/ros/humble/lib/x86_64-linux-gnu:/opt/ros/humble/lib /usr/bin/cmake --install /home/tolasing/ros2_ws/build/serial_driver
[0.170s] -- Install configuration: ""
[0.171s] -- Execute custom install script
[0.171s] -- Up-to-date symlink: /home/tolasing/ros2_ws/install/serial_driver/lib/serial_driver/serial_bridge
[0.171s] -- Up-to-date symlink: /home/tolasing/ros2_ws/install/serial_driver/include/serial_driver/serial_bridge_node.hpp
[0.171s] -- Up-to-date symlink: /home/tolasing/ros2_ws/install/serial_driver/include/serial_driver/serial_driver.hpp
[0.171s] -- Up-to-date symlink: /home/tolasing/ros2_ws/install/serial_driver/include/serial_driver/serial_port.hpp
[0.171s] -- Up-to-date symlink: /home/tolasing/ros2_ws/install/serial_driver/include/serial_driver/visibility_control.hpp
[0.171s] -- Up-to-date symlink: /home/tolasing/ros2_ws/install/serial_driver/share/serial_driver/environment/library_path.sh
[0.171s] -- Up-to-date symlink: /home/tolasing/ros2_ws/install/serial_driver/share/serial_driver/environment/library_path.dsv
[0.172s] -- Up-to-date symlink: /home/tolasing/ros2_ws/install/serial_driver/lib/libserial_driver.so
[0.172s] -- Up-to-date symlink: /home/tolasing/ros2_ws/install/serial_driver/lib/libserial_driver_nodes.so
[0.172s] -- Up-to-date symlink: /home/tolasing/ros2_ws/install/serial_driver/share/serial_driver/launch/serial_driver_bridge_node.launch.py
[0.172s] -- Up-to-date symlink: /home/tolasing/ros2_ws/install/serial_driver/share/serial_driver/params/example.params.yaml
[0.172s] -- Up-to-date symlink: /home/tolasing/ros2_ws/install/serial_driver/share/ament_index/resource_index/package_run_dependencies/serial_driver
[0.172s] -- Up-to-date symlink: /home/tolasing/ros2_ws/install/serial_driver/share/ament_index/resource_index/parent_prefix_path/serial_driver
[0.172s] -- Up-to-date symlink: /home/tolasing/ros2_ws/install/serial_driver/share/serial_driver/environment/ament_prefix_path.sh
[0.172s] -- Up-to-date symlink: /home/tolasing/ros2_ws/install/serial_driver/share/serial_driver/environment/ament_prefix_path.dsv
[0.172s] -- Up-to-date symlink: /home/tolasing/ros2_ws/install/serial_driver/share/serial_driver/environment/path.sh
[0.173s] -- Up-to-date symlink: /home/tolasing/ros2_ws/install/serial_driver/share/serial_driver/environment/path.dsv
[0.173s] -- Up-to-date symlink: /home/tolasing/ros2_ws/install/serial_driver/share/serial_driver/local_setup.bash
[0.173s] -- Up-to-date symlink: /home/tolasing/ros2_ws/install/serial_driver/share/serial_driver/local_setup.sh
[0.173s] -- Up-to-date symlink: /home/tolasing/ros2_ws/install/serial_driver/share/serial_driver/local_setup.zsh
[0.173s] -- Up-to-date symlink: /home/tolasing/ros2_ws/install/serial_driver/share/serial_driver/local_setup.dsv
[0.173s] -- Symlinking: /home/tolasing/ros2_ws/install/serial_driver/share/serial_driver/package.dsv
[0.188s] -- Up-to-date symlink: /home/tolasing/ros2_ws/install/serial_driver/share/ament_index/resource_index/packages/serial_driver
[0.189s] -- Up-to-date symlink: /home/tolasing/ros2_ws/install/serial_driver/share/ament_index/resource_index/rclcpp_components/serial_driver
[0.189s] -- Up-to-date symlink: /home/tolasing/ros2_ws/install/serial_driver/share/serial_driver/cmake/ament_cmake_export_dependencies-extras.cmake
[0.190s] -- Up-to-date symlink: /home/tolasing/ros2_ws/install/serial_driver/share/serial_driver/cmake/ament_cmake_export_include_directories-extras.cmake
[0.190s] -- Up-to-date symlink: /home/tolasing/ros2_ws/install/serial_driver/share/serial_driver/cmake/ament_cmake_export_libraries-extras.cmake
[0.191s] -- Up-to-date symlink: /home/tolasing/ros2_ws/install/serial_driver/share/serial_driver/cmake/serial_driverConfig.cmake
[0.196s] -- Up-to-date symlink: /home/tolasing/ros2_ws/install/serial_driver/share/serial_driver/cmake/serial_driverConfig-version.cmake
[0.196s] -- Up-to-date symlink: /home/tolasing/ros2_ws/install/serial_driver/share/serial_driver/package.xml
[0.206s] Invoked command in '/home/tolasing/ros2_ws/build/serial_driver' returned '0': CMAKE_PREFIX_PATH=/home/tolasing/ros2_ws/install/io_context:/home/tolasing/ros2_ws/install/asio_cmake_module:/home/tolasing/ros2_ws/src/cartographer:/usr/lib/x86_64-linux-gnu/libserial.so:/home/tolasing/ros2_ws/install/serial_driver:/home/tolasing/ros2_ws/install/motor_control:/opt/ros/humble:/home/tolasing/ros2_ws/install/serial:/home/tolasing/ros2_ws/install/ros2_mapping:/home/tolasing/ros2_ws/install/prototype:/home/tolasing/ros2_ws/install/gazebo_sim LD_LIBRARY_PATH=/home/tolasing/ros2_ws/install/io_context/lib:/usr/lib/x86_64-linux-gnu:/home/tolasing/ros2_ws/install/serial_driver/lib:/home/tolasing/ros2_ws/install/motor_control/lib:/usr/lib/x86_64-linux-gnu/gazebo-11/plugins:/opt/ros/humble/opt/rviz_ogre_vendor/lib:/opt/ros/humble/lib/x86_64-linux-gnu:/opt/ros/humble/lib /usr/bin/cmake --install /home/tolasing/ros2_ws/build/serial_driver
