[0.018s] Invoking command in '/home/tolasing/ros2_ws/build/motor_control': CMAKE_PREFIX_PATH=/opt/ros/humble:/home/tolasing/ros2_ws/install/serial:/home/tolasing/ros2_ws/src/cartographer:/usr/lib/x86_64-linux-gnu/libserial.so:/home/tolasing/ros2_ws/src/cartographer:/usr/lib/x86_64-linux-gnu/libserial.so:/home/tolasing/ros2_ws/install/serial_driver:/home/tolasing/ros2_ws/install/motor_control:/home/tolasing/ros2_ws/install/prototype:/home/tolasing/ros2_ws/install/io_context:/home/tolasing/ros2_ws/install/gazebo_sim:/home/tolasing/ros2_ws/install/asio_cmake_module /usr/bin/cmake /home/tolasing/ros2_ws/src/motor_control -DCMAKE_INSTALL_PREFIX=/home/tolasing/ros2_ws/install/motor_control
[0.033s] -- Found ament_cmake: 1.3.3 (/opt/ros/humble/share/ament_cmake/cmake)
[0.225s] -- Override CMake install command with custom implementation using symlinks instead of copying resources
[0.236s] -- Found hardware_interface: 2.20.0 (/opt/ros/humble/share/hardware_interface/cmake)
[0.275s] -- Found rosidl_generator_c: 3.1.4 (/opt/ros/humble/share/rosidl_generator_c/cmake)
[0.279s] -- Found rosidl_adapter: 3.1.4 (/opt/ros/humble/share/rosidl_adapter/cmake)
[0.288s] -- Found rosidl_generator_cpp: 3.1.4 (/opt/ros/humble/share/rosidl_generator_cpp/cmake)
[0.305s] -- Using all available rosidl_typesupport_c: rosidl_typesupport_fastrtps_c;rosidl_typesupport_introspection_c
[0.328s] -- Using all available rosidl_typesupport_cpp: rosidl_typesupport_fastrtps_cpp;rosidl_typesupport_introspection_cpp
[1.177s] -- Found rmw_implementation_cmake: 6.1.1 (/opt/ros/humble/share/rmw_implementation_cmake/cmake)
[1.178s] -- Found rmw_fastrtps_cpp: 6.2.2 (/opt/ros/humble/share/rmw_fastrtps_cpp/cmake)
[1.339s] -- Using RMW implementation 'rmw_fastrtps_cpp' as default
[1.552s] -- Found serial: 1.2.1 (/home/tolasing/ros2_ws/install/serial/share/serial/cmake)
[1.650s] -- Found ament_cmake_gtest: 1.3.3 (/opt/ros/humble/share/ament_cmake_gtest/cmake)
[1.767s] -- Configuring done
[1.832s] -- Generating done
[1.836s] -- Build files have been written to: /home/tolasing/ros2_ws/build/motor_control
[1.847s] Invoked command in '/home/tolasing/ros2_ws/build/motor_control' returned '0': CMAKE_PREFIX_PATH=/opt/ros/humble:/home/tolasing/ros2_ws/install/serial:/home/tolasing/ros2_ws/src/cartographer:/usr/lib/x86_64-linux-gnu/libserial.so:/home/tolasing/ros2_ws/src/cartographer:/usr/lib/x86_64-linux-gnu/libserial.so:/home/tolasing/ros2_ws/install/serial_driver:/home/tolasing/ros2_ws/install/motor_control:/home/tolasing/ros2_ws/install/prototype:/home/tolasing/ros2_ws/install/io_context:/home/tolasing/ros2_ws/install/gazebo_sim:/home/tolasing/ros2_ws/install/asio_cmake_module /usr/bin/cmake /home/tolasing/ros2_ws/src/motor_control -DCMAKE_INSTALL_PREFIX=/home/tolasing/ros2_ws/install/motor_control
[1.849s] Invoking command in '/home/tolasing/ros2_ws/build/motor_control': CMAKE_PREFIX_PATH=/opt/ros/humble:/home/tolasing/ros2_ws/install/serial:/home/tolasing/ros2_ws/src/cartographer:/usr/lib/x86_64-linux-gnu/libserial.so:/home/tolasing/ros2_ws/src/cartographer:/usr/lib/x86_64-linux-gnu/libserial.so:/home/tolasing/ros2_ws/install/serial_driver:/home/tolasing/ros2_ws/install/motor_control:/home/tolasing/ros2_ws/install/prototype:/home/tolasing/ros2_ws/install/io_context:/home/tolasing/ros2_ws/install/gazebo_sim:/home/tolasing/ros2_ws/install/asio_cmake_module /usr/bin/cmake --build /home/tolasing/ros2_ws/build/motor_control -- -j8 -l8
[1.899s] [35m[1mConsolidate compiler generated dependencies of target motor_control[0m
[1.928s] [100%] Built target motor_control
[1.943s] Invoked command in '/home/tolasing/ros2_ws/build/motor_control' returned '0': CMAKE_PREFIX_PATH=/opt/ros/humble:/home/tolasing/ros2_ws/install/serial:/home/tolasing/ros2_ws/src/cartographer:/usr/lib/x86_64-linux-gnu/libserial.so:/home/tolasing/ros2_ws/src/cartographer:/usr/lib/x86_64-linux-gnu/libserial.so:/home/tolasing/ros2_ws/install/serial_driver:/home/tolasing/ros2_ws/install/motor_control:/home/tolasing/ros2_ws/install/prototype:/home/tolasing/ros2_ws/install/io_context:/home/tolasing/ros2_ws/install/gazebo_sim:/home/tolasing/ros2_ws/install/asio_cmake_module /usr/bin/cmake --build /home/tolasing/ros2_ws/build/motor_control -- -j8 -l8
[1.978s] Invoking command in '/home/tolasing/ros2_ws/build/motor_control': CMAKE_PREFIX_PATH=/opt/ros/humble:/home/tolasing/ros2_ws/install/serial:/home/tolasing/ros2_ws/src/cartographer:/usr/lib/x86_64-linux-gnu/libserial.so:/home/tolasing/ros2_ws/src/cartographer:/usr/lib/x86_64-linux-gnu/libserial.so:/home/tolasing/ros2_ws/install/serial_driver:/home/tolasing/ros2_ws/install/motor_control:/home/tolasing/ros2_ws/install/prototype:/home/tolasing/ros2_ws/install/io_context:/home/tolasing/ros2_ws/install/gazebo_sim:/home/tolasing/ros2_ws/install/asio_cmake_module /usr/bin/cmake --install /home/tolasing/ros2_ws/build/motor_control
[1.986s] -- Install configuration: ""
[1.986s] -- Execute custom install script
[1.987s] -- Up-to-date symlink: /home/tolasing/ros2_ws/install/motor_control/share/motor_control//motor_interface.xml
[1.987s] -- Up-to-date symlink: /home/tolasing/ros2_ws/install/motor_control/lib/libmotor_control.so
[1.987s] -- Up-to-date symlink: /home/tolasing/ros2_ws/install/motor_control/include/motor_control/comms.h
[1.987s] -- Up-to-date symlink: /home/tolasing/ros2_ws/install/motor_control/include/motor_control/config.h
[1.988s] -- Up-to-date symlink: /home/tolasing/ros2_ws/install/motor_control/include/motor_control/motor_interface.hpp
[1.988s] -- Up-to-date symlink: /home/tolasing/ros2_ws/install/motor_control/include/motor_control/wheel.h
[1.988s] -- Up-to-date symlink: /home/tolasing/ros2_ws/install/motor_control/share/motor_control//launch/launch_arduino.launch.py
[1.988s] -- Up-to-date symlink: /home/tolasing/ros2_ws/install/motor_control/share/motor_control//config/controller_config.yaml
[1.988s] -- Up-to-date symlink: /home/tolasing/ros2_ws/install/motor_control/share/motor_control/environment/library_path.sh
[1.989s] -- Up-to-date symlink: /home/tolasing/ros2_ws/install/motor_control/share/motor_control/environment/library_path.dsv
[1.989s] -- Up-to-date symlink: /home/tolasing/ros2_ws/install/motor_control/share/ament_index/resource_index/package_run_dependencies/motor_control
[1.989s] -- Up-to-date symlink: /home/tolasing/ros2_ws/install/motor_control/share/ament_index/resource_index/parent_prefix_path/motor_control
[1.989s] -- Up-to-date symlink: /home/tolasing/ros2_ws/install/motor_control/share/motor_control/environment/ament_prefix_path.sh
[1.989s] -- Up-to-date symlink: /home/tolasing/ros2_ws/install/motor_control/share/motor_control/environment/ament_prefix_path.dsv
[1.989s] -- Up-to-date symlink: /home/tolasing/ros2_ws/install/motor_control/share/motor_control/environment/path.sh
[1.990s] -- Up-to-date symlink: /home/tolasing/ros2_ws/install/motor_control/share/motor_control/environment/path.dsv
[1.990s] -- Up-to-date symlink: /home/tolasing/ros2_ws/install/motor_control/share/motor_control/local_setup.bash
[1.990s] -- Up-to-date symlink: /home/tolasing/ros2_ws/install/motor_control/share/motor_control/local_setup.sh
[1.990s] -- Up-to-date symlink: /home/tolasing/ros2_ws/install/motor_control/share/motor_control/local_setup.zsh
[1.990s] -- Up-to-date symlink: /home/tolasing/ros2_ws/install/motor_control/share/motor_control/local_setup.dsv
[1.990s] -- Symlinking: /home/tolasing/ros2_ws/install/motor_control/share/motor_control/package.dsv
[2.001s] -- Up-to-date symlink: /home/tolasing/ros2_ws/install/motor_control/share/ament_index/resource_index/packages/motor_control
[2.002s] -- Up-to-date symlink: /home/tolasing/ros2_ws/install/motor_control/share/ament_index/resource_index/hardware_interface__pluginlib__plugin/motor_control
[2.002s] -- Up-to-date symlink: /home/tolasing/ros2_ws/install/motor_control/share/motor_control/cmake/ament_cmake_export_include_directories-extras.cmake
[2.002s] -- Up-to-date symlink: /home/tolasing/ros2_ws/install/motor_control/share/motor_control/cmake/ament_cmake_export_libraries-extras.cmake
[2.002s] -- Up-to-date symlink: /home/tolasing/ros2_ws/install/motor_control/share/motor_control/cmake/ament_cmake_export_dependencies-extras.cmake
[2.003s] -- Up-to-date symlink: /home/tolasing/ros2_ws/install/motor_control/share/motor_control/cmake/motor_controlConfig.cmake
[2.003s] -- Up-to-date symlink: /home/tolasing/ros2_ws/install/motor_control/share/motor_control/cmake/motor_controlConfig-version.cmake
[2.003s] -- Up-to-date symlink: /home/tolasing/ros2_ws/install/motor_control/share/motor_control/package.xml
[2.010s] Invoked command in '/home/tolasing/ros2_ws/build/motor_control' returned '0': CMAKE_PREFIX_PATH=/opt/ros/humble:/home/tolasing/ros2_ws/install/serial:/home/tolasing/ros2_ws/src/cartographer:/usr/lib/x86_64-linux-gnu/libserial.so:/home/tolasing/ros2_ws/src/cartographer:/usr/lib/x86_64-linux-gnu/libserial.so:/home/tolasing/ros2_ws/install/serial_driver:/home/tolasing/ros2_ws/install/motor_control:/home/tolasing/ros2_ws/install/prototype:/home/tolasing/ros2_ws/install/io_context:/home/tolasing/ros2_ws/install/gazebo_sim:/home/tolasing/ros2_ws/install/asio_cmake_module /usr/bin/cmake --install /home/tolasing/ros2_ws/build/motor_control
