[35m[1mConsolidate compiler generated dependencies of target gtest[0m
[  0%] [34m[1mBuilding documentation.[0m
[  1%] Built target gtest
[  1%] Built target cartographer_detect_changes
[35m[1mConsolidate compiler generated dependencies of target gmock[0m
[  2%] Built target gmock
[35m[1mConsolidate compiler generated dependencies of target cartographer[0m
[  2%] [32mBuilding CXX object gmock/CMakeFiles/gmock_main.dir/src/gmock_main.cc.o[0m
[  3%] [32mBuilding CXX object CMakeFiles/cartographer.dir/cartographer/io/probability_grid_points_processor.cc.o[0m
[  3%] [32mBuilding CXX object CMakeFiles/cartographer.dir/cartographer/io/proto_stream.cc.o[0m
[  3%] [32mBuilding CXX object CMakeFiles/cartographer.dir/cartographer/io/points_processor_pipeline_builder.cc.o[0m
[  4%] [32mBuilding CXX object CMakeFiles/cartographer.dir/cartographer/io/proto_stream_deserializer.cc.o[0m
[  4%] [32mBuilding CXX object CMakeFiles/cartographer.dir/cartographer/io/submap_painter.cc.o[0m
[  4%] [32mBuilding CXX object CMakeFiles/cartographer.dir/cartographer/io/serialization_format_migration.cc.o[0m
[01mRunning Sphinx v4.3.2[39;49;00m
[01mloading pickled environment... [39;49;00mdone
[01mbuilding [mo]: [39;49;00mtargets for 0 po files that are out of date
[01mbuilding [html]: [39;49;00mtargets for 0 source files that are out of date
[01mupdating environment: [39;49;00m0 added, 0 changed, 0 removed
[01mlooking for now-outdated files... [39;49;00mnone found
[01mno targets are out of date.[39;49;00m
[01mbuild succeeded.[39;49;00m

The HTML pages are in html.
[  4%] Built target build_doc
[  4%] [32mBuilding CXX object CMakeFiles/cartographer.dir/cartographer/io/vertical_range_filtering_points_processor.cc.o[0m
[  4%] [32m[1mLinking CXX static library ../lib/libgmock_main.a[0m
[  4%] Built target gmock_main
[  4%] [32mBuilding CXX object CMakeFiles/cartographer.dir/cartographer/io/xray_points_processor.cc.o[0m
[  5%] [32mBuilding CXX object CMakeFiles/cartographer.dir/cartographer/mapping/2d/grid_2d.cc.o[0m
[  5%] [32mBuilding CXX object CMakeFiles/cartographer.dir/cartographer/io/xyz_writing_points_processor.cc.o[0m
[  5%] [32mBuilding CXX object CMakeFiles/cartographer.dir/cartographer/mapping/2d/probability_grid.cc.o[0m
[  5%] [32mBuilding CXX object CMakeFiles/cartographer.dir/cartographer/mapping/2d/probability_grid_range_data_inserter_2d.cc.o[0m
[  5%] [32mBuilding CXX object CMakeFiles/cartographer.dir/cartographer/mapping/2d/submap_2d.cc.o[0m
[  6%] [32mBuilding CXX object CMakeFiles/cartographer.dir/cartographer/mapping/3d/range_data_inserter_3d.cc.o[0m
[  6%] [32mBuilding CXX object CMakeFiles/cartographer.dir/cartographer/mapping/3d/submap_3d.cc.o[0m
[  6%] [32mBuilding CXX object CMakeFiles/cartographer.dir/cartographer/mapping/detect_floors.cc.o[0m
[  6%] [32mBuilding CXX object CMakeFiles/cartographer.dir/cartographer/mapping/imu_tracker.cc.o[0m
[  7%] [32mBuilding CXX object CMakeFiles/cartographer.dir/cartographer/mapping/internal/2d/local_slam_result_2d.cc.o[0m
[  7%] [32mBuilding CXX object CMakeFiles/cartographer.dir/cartographer/mapping/internal/2d/local_trajectory_builder_2d.cc.o[0m
[  7%] [32mBuilding CXX object CMakeFiles/cartographer.dir/cartographer/mapping/internal/2d/local_trajectory_builder_options_2d.cc.o[0m
[  7%] [32mBuilding CXX object CMakeFiles/cartographer.dir/cartographer/mapping/internal/2d/normal_estimation_2d.cc.o[0m
[  8%] [32mBuilding CXX object CMakeFiles/cartographer.dir/cartographer/mapping/internal/2d/overlapping_submaps_trimmer_2d.cc.o[0m
[  8%] [32mBuilding CXX object CMakeFiles/cartographer.dir/cartographer/mapping/internal/2d/pose_graph_2d.cc.o[0m
[  8%] [32mBuilding CXX object CMakeFiles/cartographer.dir/cartographer/mapping/internal/2d/ray_to_pixel_mask.cc.o[0m
[  9%] [32mBuilding CXX object CMakeFiles/cartographer.dir/cartographer/mapping/internal/2d/scan_matching/ceres_scan_matcher_2d.cc.o[0m
[  9%] [32mBuilding CXX object CMakeFiles/cartographer.dir/cartographer/mapping/internal/2d/scan_matching/correlative_scan_matcher_2d.cc.o[0m
[  9%] [32mBuilding CXX object CMakeFiles/cartographer.dir/cartographer/mapping/internal/2d/scan_matching/fast_correlative_scan_matcher_2d.cc.o[0m
[  9%] [32mBuilding CXX object CMakeFiles/cartographer.dir/cartographer/mapping/internal/2d/scan_matching/occupied_space_cost_function_2d.cc.o[0m
[ 10%] [32mBuilding CXX object CMakeFiles/cartographer.dir/cartographer/mapping/internal/2d/scan_matching/real_time_correlative_scan_matcher_2d.cc.o[0m
[ 10%] [32mBuilding CXX object CMakeFiles/cartographer.dir/cartographer/mapping/internal/2d/scan_matching/tsdf_match_cost_function_2d.cc.o[0m
[ 10%] [32mBuilding CXX object CMakeFiles/cartographer.dir/cartographer/mapping/internal/2d/tsd_value_converter.cc.o[0m
[ 10%] [32mBuilding CXX object CMakeFiles/cartographer.dir/cartographer/mapping/internal/2d/tsdf_2d.cc.o[0m
[ 11%] [32mBuilding CXX object CMakeFiles/cartographer.dir/cartographer/mapping/internal/2d/tsdf_range_data_inserter_2d.cc.o[0m
[ 11%] [32mBuilding CXX object CMakeFiles/cartographer.dir/cartographer/mapping/internal/3d/local_slam_result_3d.cc.o[0m
[ 11%] [32mBuilding CXX object CMakeFiles/cartographer.dir/cartographer/mapping/internal/3d/local_trajectory_builder_3d.cc.o[0m
[ 11%] [32mBuilding CXX object CMakeFiles/cartographer.dir/cartographer/mapping/internal/3d/local_trajectory_builder_options_3d.cc.o[0m
[ 12%] [32mBuilding CXX object CMakeFiles/cartographer.dir/cartographer/mapping/internal/3d/pose_graph_3d.cc.o[0m
[ 12%] [32mBuilding CXX object CMakeFiles/cartographer.dir/cartographer/mapping/internal/3d/scan_matching/rotational_scan_matcher.cc.o[0m
[ 12%] [32mBuilding CXX object CMakeFiles/cartographer.dir/cartographer/mapping/internal/3d/scan_matching/real_time_correlative_scan_matcher_3d.cc.o[0m
[ 12%] [32mBuilding CXX object CMakeFiles/cartographer.dir/cartographer/mapping/internal/3d/scan_matching/precomputation_grid_3d.cc.o[0m
[ 13%] [32mBuilding CXX object CMakeFiles/cartographer.dir/cartographer/mapping/internal/collated_trajectory_builder.cc.o[0m
[ 14%] [32mBuilding CXX object CMakeFiles/cartographer.dir/cartographer/mapping/internal/3d/scan_matching/low_resolution_matcher.cc.o[0m
[ 14%] [32mBuilding CXX object CMakeFiles/cartographer.dir/cartographer/mapping/internal/3d/scan_matching/intensity_cost_function_3d.cc.o[0m
[ 14%] [32mBuilding CXX object CMakeFiles/cartographer.dir/cartographer/mapping/internal/3d/scan_matching/fast_correlative_scan_matcher_3d.cc.o[0m
[ 14%] [32mBuilding CXX object CMakeFiles/cartographer.dir/cartographer/mapping/internal/connected_components.cc.o[0m
[ 14%] [32mBuilding CXX object CMakeFiles/cartographer.dir/cartographer/mapping/internal/3d/scan_matching/ceres_scan_matcher_3d.cc.o[0m
[ 14%] [32mBuilding CXX object CMakeFiles/cartographer.dir/cartographer/mapping/internal/constraints/constraint_builder.cc.o[0m
[ 14%] [32mBuilding CXX object CMakeFiles/cartographer.dir/cartographer/mapping/internal/constraints/constraint_builder_2d.cc.o[0m
[ 14%] [32mBuilding CXX object CMakeFiles/cartographer.dir/cartographer/mapping/internal/optimization/cost_functions/spa_cost_function_2d.cc.o[0m
[ 14%] [32mBuilding CXX object CMakeFiles/cartographer.dir/cartographer/mapping/internal/optimization/optimization_problem_2d.cc.o[0m
[ 14%] [32mBuilding CXX object CMakeFiles/cartographer.dir/cartographer/mapping/internal/optimization/ceres_pose.cc.o[0m
[ 15%] [32mBuilding CXX object CMakeFiles/cartographer.dir/cartographer/mapping/internal/motion_filter.cc.o[0m
[ 16%] [32mBuilding CXX object CMakeFiles/cartographer.dir/cartographer/mapping/internal/optimization/optimization_problem_3d.cc.o[0m
[ 16%] [32mBuilding CXX object CMakeFiles/cartographer.dir/cartographer/mapping/internal/imu_based_pose_extrapolator.cc.o[0m
[ 16%] [32mBuilding CXX object CMakeFiles/cartographer.dir/cartographer/mapping/internal/global_trajectory_builder.cc.o[0m
[ 16%] [32mBuilding CXX object CMakeFiles/cartographer.dir/cartographer/mapping/internal/eigen_quaterniond_from_two_vectors.cc.o[0m
[ 16%] [32mBuilding CXX object CMakeFiles/cartographer.dir/cartographer/mapping/internal/optimization/optimization_problem_options.cc.o[0m
[ 17%] [32mBuilding CXX object CMakeFiles/cartographer.dir/cartographer/mapping/internal/constraints/constraint_builder_3d.cc.o[0m
[ 17%] [32mBuilding CXX object CMakeFiles/cartographer.dir/cartographer/mapping/internal/range_data_collator.cc.o[0m
[ 17%] [32mBuilding CXX object CMakeFiles/cartographer.dir/cartographer/mapping/pose_extrapolator_interface.cc.o[0m
[ 17%] [32mBuilding CXX object CMakeFiles/cartographer.dir/cartographer/mapping/pose_extrapolator.cc.o[0m
[ 18%] [32mBuilding CXX object CMakeFiles/cartographer.dir/cartographer/mapping/map_builder_interface.cc.o[0m
[ 18%] [32mBuilding CXX object CMakeFiles/cartographer.dir/cartographer/mapping/map_builder.cc.o[0m
[ 18%] [32mBuilding CXX object CMakeFiles/cartographer.dir/cartographer/mapping/range_data_inserter_interface.cc.o[0m
[ 18%] [32mBuilding CXX object CMakeFiles/cartographer.dir/cartographer/mapping/probability_values.cc.o[0m
[ 19%] [32mBuilding CXX object CMakeFiles/cartographer.dir/cartographer/mapping/pose_graph_trimmer.cc.o[0m
[ 19%] [32mBuilding CXX object CMakeFiles/cartographer.dir/cartographer/mapping/pose_graph.cc.o[0m
[ 19%] [32mBuilding CXX object CMakeFiles/cartographer.dir/cartographer/mapping/internal/trajectory_connectivity_state.cc.o[0m
[ 19%] [32mBuilding CXX object CMakeFiles/cartographer.dir/cartographer/mapping/internal/submap_controller.cc.o[0m
[ 20%] [32mBuilding CXX object CMakeFiles/cartographer.dir/cartographer/mapping/internal/scan_matching/real_time_correlative_scan_matcher.cc.o[0m
[ 20%] [32mBuilding CXX object CMakeFiles/cartographer.dir/cartographer/mapping/trajectory_builder_interface.cc.o[0m
[ 21%] [32mBuilding CXX object CMakeFiles/cartographer.dir/cartographer/mapping/trajectory_node.cc.o[0m
[ 21%] [32mBuilding CXX object CMakeFiles/cartographer.dir/cartographer/mapping/value_conversion_tables.cc.o[0m
[ 21%] [32mBuilding CXX object CMakeFiles/cartographer.dir/cartographer/metrics/counter.cc.o[0m
[ 21%] [32mBuilding CXX object CMakeFiles/cartographer.dir/cartographer/metrics/gauge.cc.o[0m
[ 22%] [32mBuilding CXX object CMakeFiles/cartographer.dir/cartographer/metrics/histogram.cc.o[0m
[ 22%] [32mBuilding CXX object CMakeFiles/cartographer.dir/cartographer/sensor/internal/trajectory_collator.cc.o[0m
[ 23%] [32mBuilding CXX object CMakeFiles/cartographer.dir/cartographer/sensor/internal/voxel_filter.cc.o[0m
[ 23%] [32mBuilding CXX object CMakeFiles/cartographer.dir/cartographer/sensor/internal/ordered_multi_queue.cc.o[0m
[ 24%] [32mBuilding CXX object CMakeFiles/cartographer.dir/cartographer/sensor/imu_data.cc.o[0m
[ 24%] [32mBuilding CXX object CMakeFiles/cartographer.dir/cartographer/sensor/internal/collator.cc.o[0m
[ 24%] [32mBuilding CXX object CMakeFiles/cartographer.dir/cartographer/sensor/compressed_point_cloud.cc.o[0m
[ 24%] [32mBuilding CXX object CMakeFiles/cartographer.dir/cartographer/sensor/fixed_frame_pose_data.cc.o[0m
[ 24%] [32mBuilding CXX object CMakeFiles/cartographer.dir/cartographer/metrics/register.cc.o[0m
[ 24%] [32mBuilding CXX object CMakeFiles/cartographer.dir/cartographer/sensor/landmark_data.cc.o[0m
[ 24%] [32mBuilding CXX object CMakeFiles/cartographer.dir/cartographer/sensor/odometry_data.cc.o[0m
[ 24%] [32mBuilding CXX object CMakeFiles/cartographer.dir/cartographer/sensor/point_cloud.cc.o[0m
[ 24%] [32mBuilding CXX object CMakeFiles/cartographer.dir/cartographer/common/proto/ceres_solver_options.pb.cc.o[0m
[ 24%] [32mBuilding CXX object CMakeFiles/cartographer.dir/cartographer/transform/transform_interpolation_buffer.cc.o[0m
[ 24%] [32mBuilding CXX object CMakeFiles/cartographer.dir/cartographer/transform/transform.cc.o[0m
[ 25%] [32mBuilding CXX object CMakeFiles/cartographer.dir/cartographer/ground_truth/proto/relations.pb.cc.o[0m
[ 25%] [32mBuilding CXX object CMakeFiles/cartographer.dir/cartographer/mapping/proto/cell_limits_2d.pb.cc.o[0m
[ 26%] [32mBuilding CXX object CMakeFiles/cartographer.dir/cartographer/transform/rigid_transform.cc.o[0m
[ 26%] [32mBuilding CXX object CMakeFiles/cartographer.dir/cartographer/transform/timestamped_transform.cc.o[0m
[ 26%] [32mBuilding CXX object CMakeFiles/cartographer.dir/cartographer/mapping/proto/connected_components.pb.cc.o[0m
[ 26%] [32mBuilding CXX object CMakeFiles/cartographer.dir/cartographer/sensor/timed_point_cloud_data.cc.o[0m
[ 27%] [32mBuilding CXX object CMakeFiles/cartographer.dir/cartographer/mapping/proto/map_builder_options.pb.cc.o[0m
[ 27%] [32mBuilding CXX object CMakeFiles/cartographer.dir/cartographer/mapping/proto/map_limits.pb.cc.o[0m
[ 27%] [32mBuilding CXX object CMakeFiles/cartographer.dir/cartographer/mapping/proto/motion_filter_options.pb.cc.o[0m
[ 27%] [32mBuilding CXX object CMakeFiles/cartographer.dir/cartographer/mapping/proto/normal_estimation_options_2d.pb.cc.o[0m
[ 28%] [32mBuilding CXX object CMakeFiles/cartographer.dir/cartographer/mapping/proto/pose_extrapolator_options.pb.cc.o[0m
[ 28%] [32mBuilding CXX object CMakeFiles/cartographer.dir/cartographer/mapping/proto/pose_graph.pb.cc.o[0m
[ 28%] [32mBuilding CXX object CMakeFiles/cartographer.dir/cartographer/mapping/proto/local_trajectory_builder_options_3d.pb.cc.o[0m
[ 28%] [32mBuilding CXX object CMakeFiles/cartographer.dir/cartographer/mapping/proto/local_trajectory_builder_options_2d.pb.cc.o[0m
[ 28%] [32mBuilding CXX object CMakeFiles/cartographer.dir/cartographer/mapping/proto/pose_graph/constraint_builder_options.pb.cc.o[0m
[ 29%] [32mBuilding CXX object CMakeFiles/cartographer.dir/cartographer/mapping/proto/hybrid_grid.pb.cc.o[0m
[ 29%] [32mBuilding CXX object CMakeFiles/cartographer.dir/cartographer/mapping/proto/grid_2d_options.pb.cc.o[0m
[ 29%] [32mBuilding CXX object CMakeFiles/cartographer.dir/cartographer/mapping/proto/pose_graph/optimization_problem_options.pb.cc.o[0m
[ 30%] [32mBuilding CXX object CMakeFiles/cartographer.dir/cartographer/mapping/proto/pose_graph_options.pb.cc.o[0m
[ 30%] [32mBuilding CXX object CMakeFiles/cartographer.dir/cartographer/mapping/proto/grid_2d.pb.cc.o[0m
[ 30%] [32mBuilding CXX object CMakeFiles/cartographer.dir/cartographer/mapping/proto/probability_grid.pb.cc.o[0m
[ 31%] [32mBuilding CXX object CMakeFiles/cartographer.dir/cartographer/sensor/range_data.cc.o[0m
[ 31%] [32mBuilding CXX object CMakeFiles/cartographer.dir/cartographer/mapping/proto/probability_grid_range_data_inserter_options_2d.pb.cc.o[0m
[ 31%] [32mBuilding CXX object CMakeFiles/cartographer.dir/cartographer/mapping/proto/range_data_inserter_options.pb.cc.o[0m
[ 32%] [32mBuilding CXX object CMakeFiles/cartographer.dir/cartographer/mapping/proto/range_data_inserter_options_3d.pb.cc.o[0m
[ 32%] [32mBuilding CXX object CMakeFiles/cartographer.dir/cartographer/mapping/proto/scan_matching/ceres_scan_matcher_options_2d.pb.cc.o[0m
[ 32%] [32mBuilding CXX object CMakeFiles/cartographer.dir/cartographer/mapping/proto/scan_matching/ceres_scan_matcher_options_3d.pb.cc.o[0m
[ 32%] [32mBuilding CXX object CMakeFiles/cartographer.dir/cartographer/mapping/proto/scan_matching/fast_correlative_scan_matcher_options_2d.pb.cc.o[0m
[ 33%] [32mBuilding CXX object CMakeFiles/cartographer.dir/cartographer/mapping/proto/scan_matching/fast_correlative_scan_matcher_options_3d.pb.cc.o[0m
[ 33%] [32mBuilding CXX object CMakeFiles/cartographer.dir/cartographer/mapping/proto/scan_matching/real_time_correlative_scan_matcher_options.pb.cc.o[0m
[ 33%] [32mBuilding CXX object CMakeFiles/cartographer.dir/cartographer/mapping/proto/serialization.pb.cc.o[0m
[ 34%] [32mBuilding CXX object CMakeFiles/cartographer.dir/cartographer/mapping/proto/submap.pb.cc.o[0m
[ 34%] [32mBuilding CXX object CMakeFiles/cartographer.dir/cartographer/mapping/proto/submap_visualization.pb.cc.o[0m
[ 34%] [32mBuilding CXX object CMakeFiles/cartographer.dir/cartographer/mapping/proto/submaps_options_2d.pb.cc.o[0m
[ 34%] [32mBuilding CXX object CMakeFiles/cartographer.dir/cartographer/mapping/proto/submaps_options_3d.pb.cc.o[0m
[ 35%] [32mBuilding CXX object CMakeFiles/cartographer.dir/cartographer/mapping/proto/trajectory.pb.cc.o[0m
[ 35%] [32mBuilding CXX object CMakeFiles/cartographer.dir/cartographer/mapping/proto/trajectory_builder_options.pb.cc.o[0m
[ 35%] [32mBuilding CXX object CMakeFiles/cartographer.dir/cartographer/mapping/proto/trajectory_node_data.pb.cc.o[0m
[ 35%] [32mBuilding CXX object CMakeFiles/cartographer.dir/cartographer/mapping/proto/tsdf_2d.pb.cc.o[0m
[ 36%] [32mBuilding CXX object CMakeFiles/cartographer.dir/cartographer/mapping/proto/tsdf_range_data_inserter_options_2d.pb.cc.o[0m
[ 36%] [32mBuilding CXX object CMakeFiles/cartographer.dir/cartographer/sensor/proto/adaptive_voxel_filter_options.pb.cc.o[0m
[ 37%] [32mBuilding CXX object CMakeFiles/cartographer.dir/cartographer/transform/proto/transform.pb.cc.o[0m
[ 37%] [32mBuilding CXX object CMakeFiles/cartographer.dir/cartographer/transform/proto/timestamped_transform.pb.cc.o[0m
[ 37%] [32mBuilding CXX object CMakeFiles/cartographer.dir/cartographer/sensor/proto/sensor.pb.cc.o[0m
[ 37%] [32m[1mLinking CXX static library libcartographer.a[0m
[ 55%] Built target cartographer
[ 55%] [32mBuilding CXX object CMakeFiles/cartographer_compute_relations_metrics.dir/cartographer/ground_truth/compute_relations_metrics_main.cc.o[0m
[ 55%] [32mBuilding CXX object CMakeFiles/cartographer_pbstream.dir/cartographer/io/pbstream_main.cc.o[0m
[ 55%] [32mBuilding CXX object CMakeFiles/cartographer_autogenerate_ground_truth.dir/cartographer/ground_truth/autogenerate_ground_truth_main.cc.o[0m
[ 56%] [32m[1mLinking CXX executable cartographer_pbstream[0m
[ 56%] Built target cartographer_pbstream
[ 56%] [32mBuilding CXX object CMakeFiles/cartographer_test_library.dir/cartographer/io/fake_file_writer.cc.o[0m
[ 57%] [32mBuilding CXX object CMakeFiles/cartographer_test_library.dir/cartographer/io/internal/testing/test_helpers.cc.o[0m
[ 57%] [32mBuilding CXX object CMakeFiles/cartographer_test_library.dir/cartographer/io/fake_file_writer_test.cc.o[0m
[ 57%] [32mBuilding CXX object CMakeFiles/cartographer_print_configuration.dir/cartographer/common/print_configuration_main.cc.o[0m
[ 57%] [32m[1mLinking CXX executable cartographer_print_configuration[0m
[ 58%] [32m[1mLinking CXX executable cartographer_autogenerate_ground_truth[0m
[ 58%] Built target cartographer_print_configuration
[ 58%] [32mBuilding CXX object CMakeFiles/cartographer_test_library.dir/cartographer/mapping/internal/testing/test_helpers.cc.o[0m
[ 58%] Built target cartographer_autogenerate_ground_truth
[ 58%] [32m[1mLinking CXX executable cartographer_compute_relations_metrics[0m
[ 58%] Built target cartographer_compute_relations_metrics
[ 58%] [32m[1mLinking CXX static library libcartographer_test_library.a[0m
[ 58%] Built target cartographer_test_library
[ 59%] [32mBuilding CXX object CMakeFiles/cartographer.common.configuration_files_test.dir/cartographer/common/configuration_files_test.cc.o[0m
[ 59%] [32mBuilding CXX object CMakeFiles/cartographer.common.lua_parameter_dictionary_test.dir/cartographer/common/lua_parameter_dictionary_test.cc.o[0m
[ 59%] [32mBuilding CXX object CMakeFiles/cartographer.common.fixed_ratio_sampler_test.dir/cartographer/common/fixed_ratio_sampler_test.cc.o[0m
[ 60%] [32mBuilding CXX object CMakeFiles/cartographer.common.internal.blocking_queue_test.dir/cartographer/common/internal/blocking_queue_test.cc.o[0m
[ 60%] [32mBuilding CXX object CMakeFiles/cartographer.common.internal.rate_timer_test.dir/cartographer/common/internal/rate_timer_test.cc.o[0m
[ 61%] [32mBuilding CXX object CMakeFiles/cartographer.common.math_test.dir/cartographer/common/math_test.cc.o[0m
[ 61%] [32mBuilding CXX object CMakeFiles/cartographer.common.task_test.dir/cartographer/common/task_test.cc.o[0m
[ 62%] [32mBuilding CXX object CMakeFiles/cartographer.common.thread_pool_test.dir/cartographer/common/thread_pool_test.cc.o[0m
[ 62%] [32m[1mLinking CXX executable cartographer.common.fixed_ratio_sampler_test[0m
[ 62%] Built target cartographer.common.fixed_ratio_sampler_test
[ 62%] [32mBuilding CXX object CMakeFiles/cartographer.io.fake_file_writer_test.dir/cartographer/io/fake_file_writer_test.cc.o[0m
[ 62%] [32m[1mLinking CXX executable cartographer.common.thread_pool_test[0m
[ 62%] Built target cartographer.common.thread_pool_test
[ 62%] [32m[1mLinking CXX executable cartographer.common.internal.rate_timer_test[0m
[ 63%] [32mBuilding CXX object CMakeFiles/cartographer.io.internal.in_memory_proto_stream_test.dir/cartographer/io/internal/in_memory_proto_stream_test.cc.o[0m
[ 63%] [32m[1mLinking CXX executable cartographer.common.internal.blocking_queue_test[0m
[ 63%] Built target cartographer.common.internal.rate_timer_test
[ 63%] [32mBuilding CXX object CMakeFiles/cartographer.io.points_processor_pipeline_builder_test.dir/cartographer/io/points_processor_pipeline_builder_test.cc.o[0m
[ 63%] Built target cartographer.common.internal.blocking_queue_test
[ 63%] [32mBuilding CXX object CMakeFiles/cartographer.io.probability_grid_points_processor_test.dir/cartographer/io/probability_grid_points_processor_test.cc.o[0m
[ 63%] [32m[1mLinking CXX executable cartographer.common.math_test[0m
[ 63%] Built target cartographer.common.math_test
[ 63%] [32m[1mLinking CXX executable cartographer.common.lua_parameter_dictionary_test[0m
[ 63%] [32mBuilding CXX object CMakeFiles/cartographer.io.proto_stream_deserializer_test.dir/cartographer/io/proto_stream_deserializer_test.cc.o[0m
[ 63%] Built target cartographer.common.lua_parameter_dictionary_test
[ 63%] [32m[1mLinking CXX executable cartographer.common.configuration_files_test[0m
[ 63%] [32mBuilding CXX object CMakeFiles/cartographer.io.proto_stream_test.dir/cartographer/io/proto_stream_test.cc.o[0m
[ 63%] Built target cartographer.common.configuration_files_test
[ 63%] [32mBuilding CXX object CMakeFiles/cartographer.io.serialization_format_migration_test.dir/cartographer/io/serialization_format_migration_test.cc.o[0m
[ 63%] [32m[1mLinking CXX executable cartographer.common.task_test[0m
[ 63%] Built target cartographer.common.task_test
[ 63%] [32mBuilding CXX object CMakeFiles/cartographer.mapping.2d.map_limits_test.dir/cartographer/mapping/2d/map_limits_test.cc.o[0m
[ 63%] [32m[1mLinking CXX executable cartographer.io.fake_file_writer_test[0m
[ 63%] Built target cartographer.io.fake_file_writer_test
[ 63%] [32m[1mLinking CXX executable cartographer.io.internal.in_memory_proto_stream_test[0m
[ 63%] [32m[1mLinking CXX executable cartographer.io.proto_stream_test[0m
[ 63%] Built target cartographer.io.proto_stream_test
[ 63%] Built target cartographer.io.internal.in_memory_proto_stream_test
[ 64%] [32m[1mLinking CXX executable cartographer.io.points_processor_pipeline_builder_test[0m
[ 64%] [32mBuilding CXX object CMakeFiles/cartographer.mapping.2d.submap_2d_test.dir/cartographer/mapping/2d/submap_2d_test.cc.o[0m
[ 65%] [32m[1mLinking CXX executable cartographer.io.proto_stream_deserializer_test[0m
[ 65%] Built target cartographer.io.points_processor_pipeline_builder_test
[ 65%] [32mBuilding CXX object CMakeFiles/cartographer.mapping.2d.range_data_inserter_2d_test.dir/cartographer/mapping/2d/range_data_inserter_2d_test.cc.o[0m
[ 65%] Built target cartographer.io.proto_stream_deserializer_test
[ 65%] [32mBuilding CXX object CMakeFiles/cartographer.mapping.3d.hybrid_grid_test.dir/cartographer/mapping/3d/hybrid_grid_test.cc.o[0m
[ 65%] [32m[1mLinking CXX executable cartographer.mapping.2d.map_limits_test[0m
[ 65%] Built target cartographer.mapping.2d.map_limits_test
[ 65%] [32mBuilding CXX object CMakeFiles/cartographer.mapping.2d.xy_index_test.dir/cartographer/mapping/2d/xy_index_test.cc.o[0m
[ 65%] [32m[1mLinking CXX executable cartographer.io.probability_grid_points_processor_test[0m
[ 65%] [32mBuilding CXX object CMakeFiles/cartographer.mapping.3d.range_data_inserter_3d_test.dir/cartographer/mapping/3d/range_data_inserter_3d_test.cc.o[0m
[ 66%] [32m[1mLinking CXX executable cartographer.io.serialization_format_migration_test[0m
[ 66%] Built target cartographer.io.probability_grid_points_processor_test
[ 66%] Built target cartographer.io.serialization_format_migration_test
[ 66%] [32m[1mLinking CXX executable cartographer.mapping.2d.range_data_inserter_2d_test[0m
[ 66%] Built target cartographer.mapping.2d.range_data_inserter_2d_test
[ 66%] [32m[1mLinking CXX executable cartographer.mapping.2d.xy_index_test[0m
[ 67%] [32m[1mLinking CXX executable cartographer.mapping.2d.submap_2d_test[0m
[ 67%] Built target cartographer.mapping.2d.xy_index_test
[ 67%] Built target cartographer.mapping.2d.submap_2d_test
[ 68%] [32mBuilding CXX object CMakeFiles/cartographer.mapping.internal.2d.overlapping_submaps_trimmer_2d_test.dir/cartographer/mapping/internal/2d/overlapping_submaps_trimmer_2d_test.cc.o[0m
[ 68%] [32m[1mLinking CXX executable cartographer.mapping.3d.range_data_inserter_3d_test[0m
[ 69%] [32m[1mLinking CXX executable cartographer.mapping.3d.hybrid_grid_test[0m
[ 69%] Built target cartographer.mapping.3d.range_data_inserter_3d_test
[ 69%] [32mBuilding CXX object CMakeFiles/cartographer.mapping.internal.2d.normal_estimation_2d_test.dir/cartographer/mapping/internal/2d/normal_estimation_2d_test.cc.o[0m
[ 69%] [32mBuilding CXX object CMakeFiles/cartographer.mapping.imu_tracker_test.dir/cartographer/mapping/imu_tracker_test.cc.o[0m
[ 69%] Built target cartographer.mapping.3d.hybrid_grid_test
[ 69%] [32mBuilding CXX object CMakeFiles/cartographer.mapping.internal.2d.pose_graph_2d_test.dir/cartographer/mapping/internal/2d/pose_graph_2d_test.cc.o[0m
[ 69%] [32mBuilding CXX object CMakeFiles/cartographer.mapping.id_test.dir/cartographer/mapping/id_test.cc.o[0m
[ 70%] [32mBuilding CXX object CMakeFiles/cartographer.mapping.internal.2d.ray_to_pixel_mask_test.dir/cartographer/mapping/internal/2d/ray_to_pixel_mask_test.cc.o[0m
[ 70%] [32mBuilding CXX object CMakeFiles/cartographer.mapping.3d.submap_3d_test.dir/cartographer/mapping/3d/submap_3d_test.cc.o[0m
[ 70%] [32mBuilding CXX object CMakeFiles/cartographer.mapping.2d.probability_grid_test.dir/cartographer/mapping/2d/probability_grid_test.cc.o[0m
[ 71%] [32m[1mLinking CXX executable cartographer.mapping.imu_tracker_test[0m
[ 71%] Built target cartographer.mapping.imu_tracker_test
[ 71%] [32mBuilding CXX object CMakeFiles/cartographer.mapping.internal.2d.scan_matching.ceres_scan_matcher_2d_test.dir/cartographer/mapping/internal/2d/scan_matching/ceres_scan_matcher_2d_test.cc.o[0m
[ 71%] [32m[1mLinking CXX executable cartographer.mapping.internal.2d.normal_estimation_2d_test[0m
[ 71%] Built target cartographer.mapping.internal.2d.normal_estimation_2d_test
[ 72%] [32mBuilding CXX object CMakeFiles/cartographer.mapping.internal.2d.scan_matching.correlative_scan_matcher_test.dir/cartographer/mapping/internal/2d/scan_matching/correlative_scan_matcher_test.cc.o[0m
[ 72%] [32m[1mLinking CXX executable cartographer.mapping.internal.2d.overlapping_submaps_trimmer_2d_test[0m
[ 72%] Built target cartographer.mapping.internal.2d.overlapping_submaps_trimmer_2d_test
[ 72%] [32m[1mLinking CXX executable cartographer.mapping.id_test[0m
[ 72%] Built target cartographer.mapping.id_test
[ 72%] [32m[1mLinking CXX executable cartographer.mapping.internal.2d.ray_to_pixel_mask_test[0m
[ 73%] [32m[1mLinking CXX executable cartographer.mapping.3d.submap_3d_test[0m
[ 73%] Built target cartographer.mapping.internal.2d.ray_to_pixel_mask_test
[ 74%] [32m[1mLinking CXX executable cartographer.mapping.2d.probability_grid_test[0m
[ 74%] Built target cartographer.mapping.3d.submap_3d_test
[ 74%] Built target cartographer.mapping.2d.probability_grid_test
[ 74%] [32m[1mLinking CXX executable cartographer.mapping.internal.2d.scan_matching.ceres_scan_matcher_2d_test[0m
[ 74%] [32m[1mLinking CXX executable cartographer.mapping.internal.2d.pose_graph_2d_test[0m
[ 74%] Built target cartographer.mapping.internal.2d.scan_matching.ceres_scan_matcher_2d_test
[ 74%] Built target cartographer.mapping.internal.2d.pose_graph_2d_test
[ 74%] [32m[1mLinking CXX executable cartographer.mapping.internal.2d.scan_matching.correlative_scan_matcher_test[0m
[ 74%] Built target cartographer.mapping.internal.2d.scan_matching.correlative_scan_matcher_test
[ 74%] [32mBuilding CXX object CMakeFiles/cartographer.mapping.internal.2d.tsdf_2d_test.dir/cartographer/mapping/internal/2d/tsdf_2d_test.cc.o[0m
[ 75%] [32mBuilding CXX object CMakeFiles/cartographer.mapping.internal.2d.tsdf_range_data_inserter_2d_test.dir/cartographer/mapping/internal/2d/tsdf_range_data_inserter_2d_test.cc.o[0m
[ 76%] [32mBuilding CXX object CMakeFiles/cartographer.mapping.internal.2d.tsd_value_converter_test.dir/cartographer/mapping/internal/2d/tsd_value_converter_test.cc.o[0m
[ 76%] [32mBuilding CXX object CMakeFiles/cartographer.mapping.internal.2d.scan_matching.tsdf_match_cost_function_2d_test.dir/cartographer/mapping/internal/2d/scan_matching/tsdf_match_cost_function_2d_test.cc.o[0m
[ 77%] [32mBuilding CXX object CMakeFiles/cartographer.mapping.internal.2d.scan_matching.real_time_correlative_scan_matcher_2d_test.dir/cartographer/mapping/internal/2d/scan_matching/real_time_correlative_scan_matcher_2d_test.cc.o[0m
[ 77%] [32m[1mLinking CXX executable cartographer.mapping.internal.2d.tsdf_2d_test[0m
[ 77%] [32mBuilding CXX object CMakeFiles/cartographer.mapping.internal.2d.scan_matching.occupied_space_cost_function_2d_test.dir/cartographer/mapping/internal/2d/scan_matching/occupied_space_cost_function_2d_test.cc.o[0m
[ 77%] Built target cartographer.mapping.internal.2d.tsdf_2d_test
[ 78%] [32mBuilding CXX object CMakeFiles/cartographer.mapping.internal.2d.scan_matching.interpolated_tsdf_2d_test.dir/cartographer/mapping/internal/2d/scan_matching/interpolated_tsdf_2d_test.cc.o[0m
[ 78%] [32mBuilding CXX object CMakeFiles/cartographer.mapping.internal.3d.local_trajectory_builder_3d_test.dir/cartographer/mapping/internal/3d/local_trajectory_builder_3d_test.cc.o[0m
[ 78%] [32mBuilding CXX object CMakeFiles/cartographer.mapping.internal.2d.scan_matching.fast_correlative_scan_matcher_2d_test.dir/cartographer/mapping/internal/2d/scan_matching/fast_correlative_scan_matcher_2d_test.cc.o[0m
[ 78%] [32m[1mLinking CXX executable cartographer.mapping.internal.2d.tsd_value_converter_test[0m
[ 78%] Built target cartographer.mapping.internal.2d.tsd_value_converter_test
[ 79%] [32mBuilding CXX object CMakeFiles/cartographer.mapping.internal.3d.pose_graph_3d_test.dir/cartographer/mapping/internal/3d/pose_graph_3d_test.cc.o[0m
[ 79%] [32m[1mLinking CXX executable cartographer.mapping.internal.2d.tsdf_range_data_inserter_2d_test[0m
[ 79%] Built target cartographer.mapping.internal.2d.tsdf_range_data_inserter_2d_test
[ 79%] [32mBuilding CXX object CMakeFiles/cartographer.mapping.internal.3d.scan_matching.ceres_scan_matcher_3d_test.dir/cartographer/mapping/internal/3d/scan_matching/ceres_scan_matcher_3d_test.cc.o[0m
[ 79%] [32m[1mLinking CXX executable cartographer.mapping.internal.2d.scan_matching.interpolated_tsdf_2d_test[0m
[ 79%] [32m[1mLinking CXX executable cartographer.mapping.internal.2d.scan_matching.real_time_correlative_scan_matcher_2d_test[0m
[ 79%] Built target cartographer.mapping.internal.2d.scan_matching.interpolated_tsdf_2d_test
[ 79%] Built target cartographer.mapping.internal.2d.scan_matching.real_time_correlative_scan_matcher_2d_test
[ 79%] [32m[1mLinking CXX executable cartographer.mapping.internal.2d.scan_matching.tsdf_match_cost_function_2d_test[0m
[ 79%] Built target cartographer.mapping.internal.2d.scan_matching.tsdf_match_cost_function_2d_test
[ 79%] [32m[1mLinking CXX executable cartographer.mapping.internal.2d.scan_matching.occupied_space_cost_function_2d_test[0m
[ 79%] Built target cartographer.mapping.internal.2d.scan_matching.occupied_space_cost_function_2d_test
[ 79%] [32m[1mLinking CXX executable cartographer.mapping.internal.2d.scan_matching.fast_correlative_scan_matcher_2d_test[0m
[ 79%] Built target cartographer.mapping.internal.2d.scan_matching.fast_correlative_scan_matcher_2d_test
[ 79%] [32m[1mLinking CXX executable cartographer.mapping.internal.3d.local_trajectory_builder_3d_test[0m
[ 79%] Built target cartographer.mapping.internal.3d.local_trajectory_builder_3d_test
[ 79%] [32mBuilding CXX object CMakeFiles/cartographer.mapping.internal.3d.scan_matching.rotation_delta_cost_functor_3d_test.dir/cartographer/mapping/internal/3d/scan_matching/rotation_delta_cost_functor_3d_test.cc.o[0m
[ 79%] [32m[1mLinking CXX executable cartographer.mapping.internal.3d.pose_graph_3d_test[0m
[ 79%] Built target cartographer.mapping.internal.3d.pose_graph_3d_test
[ 80%] [32m[1mLinking CXX executable cartographer.mapping.internal.3d.scan_matching.ceres_scan_matcher_3d_test[0m
[ 80%] Built target cartographer.mapping.internal.3d.scan_matching.ceres_scan_matcher_3d_test
[ 80%] [32mBuilding CXX object CMakeFiles/cartographer.mapping.internal.connected_components_test.dir/cartographer/mapping/internal/connected_components_test.cc.o[0m
[ 80%] [32mBuilding CXX object CMakeFiles/cartographer.mapping.internal.3d.scan_matching.real_time_correlative_scan_matcher_3d_test.dir/cartographer/mapping/internal/3d/scan_matching/real_time_correlative_scan_matcher_3d_test.cc.o[0m
[ 80%] [32mBuilding CXX object CMakeFiles/cartographer.mapping.internal.3d.scan_matching.rotational_scan_matcher_test.dir/cartographer/mapping/internal/3d/scan_matching/rotational_scan_matcher_test.cc.o[0m
[ 81%] [32m[1mLinking CXX executable cartographer.mapping.internal.3d.scan_matching.rotation_delta_cost_functor_3d_test[0m
[ 81%] [32mBuilding CXX object CMakeFiles/cartographer.mapping.internal.3d.scan_matching.precomputation_grid_3d_test.dir/cartographer/mapping/internal/3d/scan_matching/precomputation_grid_3d_test.cc.o[0m
[ 81%] [32mBuilding CXX object CMakeFiles/cartographer.mapping.internal.3d.scan_matching.interpolated_grid_test.dir/cartographer/mapping/internal/3d/scan_matching/interpolated_grid_test.cc.o[0m
[ 81%] Built target cartographer.mapping.internal.3d.scan_matching.rotation_delta_cost_functor_3d_test
[ 81%] [32mBuilding CXX object CMakeFiles/cartographer.mapping.internal.3d.scan_matching.intensity_cost_function_3d_test.dir/cartographer/mapping/internal/3d/scan_matching/intensity_cost_function_3d_test.cc.o[0m
[ 81%] [32mBuilding CXX object CMakeFiles/cartographer.mapping.internal.3d.scan_matching.fast_correlative_scan_matcher_3d_test.dir/cartographer/mapping/internal/3d/scan_matching/fast_correlative_scan_matcher_3d_test.cc.o[0m
[ 81%] [32mBuilding CXX object CMakeFiles/cartographer.mapping.internal.constraints.constraint_builder_2d_test.dir/cartographer/mapping/internal/constraints/constraint_builder_2d_test.cc.o[0m
[ 81%] [32m[1mLinking CXX executable cartographer.mapping.internal.3d.scan_matching.rotational_scan_matcher_test[0m
[ 82%] [32m[1mLinking CXX executable cartographer.mapping.internal.connected_components_test[0m
[ 82%] Built target cartographer.mapping.internal.3d.scan_matching.rotational_scan_matcher_test
[ 82%] Built target cartographer.mapping.internal.connected_components_test
[ 82%] [32m[1mLinking CXX executable cartographer.mapping.internal.3d.scan_matching.interpolated_grid_test[0m
[ 82%] Built target cartographer.mapping.internal.3d.scan_matching.interpolated_grid_test
[ 83%] [32m[1mLinking CXX executable cartographer.mapping.internal.3d.scan_matching.precomputation_grid_3d_test[0m
[ 83%] Built target cartographer.mapping.internal.3d.scan_matching.precomputation_grid_3d_test
[ 83%] [32m[1mLinking CXX executable cartographer.mapping.internal.3d.scan_matching.real_time_correlative_scan_matcher_3d_test[0m
[ 83%] Built target cartographer.mapping.internal.3d.scan_matching.real_time_correlative_scan_matcher_3d_test
[ 84%] [32m[1mLinking CXX executable cartographer.mapping.internal.3d.scan_matching.intensity_cost_function_3d_test[0m
[ 84%] Built target cartographer.mapping.internal.3d.scan_matching.intensity_cost_function_3d_test
[ 84%] [32m[1mLinking CXX executable cartographer.mapping.internal.constraints.constraint_builder_2d_test[0m
[ 84%] Built target cartographer.mapping.internal.constraints.constraint_builder_2d_test
[ 84%] [32m[1mLinking CXX executable cartographer.mapping.internal.3d.scan_matching.fast_correlative_scan_matcher_3d_test[0m
[ 84%] Built target cartographer.mapping.internal.3d.scan_matching.fast_correlative_scan_matcher_3d_test
[ 84%] [32mBuilding CXX object CMakeFiles/cartographer.mapping.internal.range_data_collator_test.dir/cartographer/mapping/internal/range_data_collator_test.cc.o[0m
[ 84%] [32mBuilding CXX object CMakeFiles/cartographer.mapping.internal.optimization.optimization_problem_3d_test.dir/cartographer/mapping/internal/optimization/optimization_problem_3d_test.cc.o[0m
[ 84%] [32mBuilding CXX object CMakeFiles/cartographer.mapping.internal.trajectory_connectivity_state_test.dir/cartographer/mapping/internal/trajectory_connectivity_state_test.cc.o[0m
[ 84%] [32mBuilding CXX object CMakeFiles/cartographer.mapping.internal.optimization.cost_functions.spa_cost_function_2d_test.dir/cartographer/mapping/internal/optimization/cost_functions/spa_cost_function_2d_test.cc.o[0m
[ 84%] [32mBuilding CXX object CMakeFiles/cartographer.mapping.internal.optimization.cost_functions.landmark_cost_function_3d_test.dir/cartographer/mapping/internal/optimization/cost_functions/landmark_cost_function_3d_test.cc.o[0m
[ 84%] [32mBuilding CXX object CMakeFiles/cartographer.mapping.internal.optimization.cost_functions.landmark_cost_function_2d_test.dir/cartographer/mapping/internal/optimization/cost_functions/landmark_cost_function_2d_test.cc.o[0m
[ 84%] [32mBuilding CXX object CMakeFiles/cartographer.mapping.internal.motion_filter_test.dir/cartographer/mapping/internal/motion_filter_test.cc.o[0m
[ 84%] [32mBuilding CXX object CMakeFiles/cartographer.mapping.internal.constraints.constraint_builder_3d_test.dir/cartographer/mapping/internal/constraints/constraint_builder_3d_test.cc.o[0m
[ 85%] [32m[1mLinking CXX executable cartographer.mapping.internal.range_data_collator_test[0m
[ 85%] Built target cartographer.mapping.internal.range_data_collator_test
[ 85%] [32m[1mLinking CXX executable cartographer.mapping.internal.trajectory_connectivity_state_test[0m
[ 85%] Built target cartographer.mapping.internal.trajectory_connectivity_state_test
[ 85%] [32m[1mLinking CXX executable cartographer.mapping.internal.motion_filter_test[0m
[ 85%] Built target cartographer.mapping.internal.motion_filter_test
[ 85%] [32m[1mLinking CXX executable cartographer.mapping.internal.optimization.optimization_problem_3d_test[0m
[ 85%] Built target cartographer.mapping.internal.optimization.optimization_problem_3d_test
[ 86%] [32mBuilding CXX object CMakeFiles/cartographer.mapping.pose_graph_trimmer_test.dir/cartographer/mapping/pose_graph_trimmer_test.cc.o[0m
[ 86%] [32mBuilding CXX object CMakeFiles/cartographer.mapping.pose_graph_test.dir/cartographer/mapping/pose_graph_test.cc.o[0m
[ 86%] [32mBuilding CXX object CMakeFiles/cartographer.mapping.pose_extrapolator_test.dir/cartographer/mapping/pose_extrapolator_test.cc.o[0m
[ 87%] [32m[1mLinking CXX executable cartographer.mapping.internal.optimization.cost_functions.spa_cost_function_2d_test[0m
[ 87%] Built target cartographer.mapping.internal.optimization.cost_functions.spa_cost_function_2d_test
[ 88%] [32mBuilding CXX object CMakeFiles/cartographer.mapping.map_builder_test.dir/cartographer/mapping/map_builder_test.cc.o[0m
[ 89%] [32mBuilding CXX object CMakeFiles/cartographer.mapping.probability_values_test.dir/cartographer/mapping/probability_values_test.cc.o[0m
[ 89%] [32m[1mLinking CXX executable cartographer.mapping.internal.optimization.cost_functions.landmark_cost_function_3d_test[0m
[ 89%] Built target cartographer.mapping.internal.optimization.cost_functions.landmark_cost_function_3d_test
[ 90%] [32m[1mLinking CXX executable cartographer.mapping.internal.constraints.constraint_builder_3d_test[0m
[ 91%] [32m[1mLinking CXX executable cartographer.mapping.internal.optimization.cost_functions.landmark_cost_function_2d_test[0m
[ 91%] Built target cartographer.mapping.internal.constraints.constraint_builder_3d_test
[ 91%] Built target cartographer.mapping.internal.optimization.cost_functions.landmark_cost_function_2d_test
[ 91%] [32mBuilding CXX object CMakeFiles/cartographer.mapping.value_conversion_tables_test.dir/cartographer/mapping/value_conversion_tables_test.cc.o[0m
[ 91%] [32m[1mLinking CXX executable cartographer.mapping.probability_values_test[0m
[ 91%] Built target cartographer.mapping.probability_values_test
[ 92%] [32mBuilding CXX object CMakeFiles/cartographer.mapping.trajectory_node_test.dir/cartographer/mapping/trajectory_node_test.cc.o[0m
[ 92%] [32mBuilding CXX object CMakeFiles/cartographer.mapping.submaps_test.dir/cartographer/mapping/submaps_test.cc.o[0m
[ 92%] [32m[1mLinking CXX executable cartographer.mapping.pose_graph_test[0m
[ 92%] [32m[1mLinking CXX executable cartographer.mapping.pose_graph_trimmer_test[0m
[ 92%] Built target cartographer.mapping.pose_graph_test
[ 93%] [32mBuilding CXX object CMakeFiles/cartographer.sensor.compressed_point_cloud_test.dir/cartographer/sensor/compressed_point_cloud_test.cc.o[0m
[ 93%] Built target cartographer.mapping.pose_graph_trimmer_test
[ 93%] [32mBuilding CXX object CMakeFiles/cartographer.sensor.internal.collator_test.dir/cartographer/sensor/internal/collator_test.cc.o[0m
[ 94%] [32mBuilding CXX object CMakeFiles/cartographer.sensor.internal.ordered_multi_queue_test.dir/cartographer/sensor/internal/ordered_multi_queue_test.cc.o[0m
[ 94%] [32m[1mLinking CXX executable cartographer.mapping.value_conversion_tables_test[0m
[ 94%] Built target cartographer.mapping.value_conversion_tables_test
[ 94%] [32m[1mLinking CXX executable cartographer.mapping.pose_extrapolator_test[0m
[ 94%] Built target cartographer.mapping.pose_extrapolator_test
[ 95%] [32mBuilding CXX object CMakeFiles/cartographer.sensor.internal.voxel_filter_test.dir/cartographer/sensor/internal/voxel_filter_test.cc.o[0m
[ 95%] [32m[1mLinking CXX executable cartographer.mapping.submaps_test[0m
[ 95%] Built target cartographer.mapping.submaps_test
[ 95%] [32mBuilding CXX object CMakeFiles/cartographer.sensor.landmark_data_test.dir/cartographer/sensor/landmark_data_test.cc.o[0m
[ 95%] [32m[1mLinking CXX executable cartographer.mapping.trajectory_node_test[0m
[ 95%] [32mBuilding CXX object CMakeFiles/cartographer.sensor.internal.trajectory_collator_test.dir/cartographer/sensor/internal/trajectory_collator_test.cc.o[0m
[ 95%] [32m[1mLinking CXX executable cartographer.sensor.internal.ordered_multi_queue_test[0m
[ 95%] [32m[1mLinking CXX executable cartographer.mapping.map_builder_test[0m
[ 95%] [32m[1mLinking CXX executable cartographer.sensor.compressed_point_cloud_test[0m
[ 95%] Built target cartographer.mapping.trajectory_node_test
[ 95%] Built target cartographer.sensor.internal.ordered_multi_queue_test
[ 96%] [32mBuilding CXX object CMakeFiles/cartographer.sensor.map_by_time_test.dir/cartographer/sensor/map_by_time_test.cc.o[0m
[ 96%] [32mBuilding CXX object CMakeFiles/cartographer.sensor.point_cloud_test.dir/cartographer/sensor/point_cloud_test.cc.o[0m
[ 96%] Built target cartographer.sensor.compressed_point_cloud_test
[ 96%] [32mBuilding CXX object CMakeFiles/cartographer.sensor.range_data_test.dir/cartographer/sensor/range_data_test.cc.o[0m
[ 96%] Built target cartographer.mapping.map_builder_test
[ 96%] [32mBuilding CXX object CMakeFiles/cartographer.transform.rigid_transform_test.dir/cartographer/transform/rigid_transform_test.cc.o[0m
[ 96%] [32m[1mLinking CXX executable cartographer.sensor.internal.collator_test[0m
[ 96%] Built target cartographer.sensor.internal.collator_test
[ 96%] [32mBuilding CXX object CMakeFiles/cartographer.transform.timestamped_transform_test.dir/cartographer/transform/timestamped_transform_test.cc.o[0m
[ 96%] [32m[1mLinking CXX executable cartographer.sensor.internal.voxel_filter_test[0m
[ 96%] Built target cartographer.sensor.internal.voxel_filter_test
[ 96%] [32m[1mLinking CXX executable cartographer.sensor.map_by_time_test[0m
[ 96%] Built target cartographer.sensor.map_by_time_test
[ 96%] [32m[1mLinking CXX executable cartographer.sensor.range_data_test[0m
[ 96%] Built target cartographer.sensor.range_data_test
[ 96%] [32m[1mLinking CXX executable cartographer.sensor.internal.trajectory_collator_test[0m
[ 96%] Built target cartographer.sensor.internal.trajectory_collator_test
[ 97%] [32m[1mLinking CXX executable cartographer.sensor.point_cloud_test[0m
[ 97%] Built target cartographer.sensor.point_cloud_test
[ 97%] [32m[1mLinking CXX executable cartographer.sensor.landmark_data_test[0m
[ 97%] Built target cartographer.sensor.landmark_data_test
[ 97%] [32m[1mLinking CXX executable cartographer.transform.timestamped_transform_test[0m
[ 97%] Built target cartographer.transform.timestamped_transform_test
[ 98%] [32m[1mLinking CXX executable cartographer.transform.rigid_transform_test[0m
[ 98%] Built target cartographer.transform.rigid_transform_test
[ 98%] [32mBuilding CXX object CMakeFiles/cartographer.transform.transform_test.dir/cartographer/transform/transform_test.cc.o[0m
[ 98%] [32mBuilding CXX object CMakeFiles/cartographer.transform.transform_interpolation_buffer_test.dir/cartographer/transform/transform_interpolation_buffer_test.cc.o[0m
[ 98%] [32m[1mLinking CXX executable cartographer.transform.transform_test[0m
[100%] [32m[1mLinking CXX executable cartographer.transform.transform_interpolation_buffer_test[0m
[100%] Built target cartographer.transform.transform_test
[100%] Built target cartographer.transform.transform_interpolation_buffer_test
-- Install configuration: "Release"
-- Installing: /home/tolasing/ros2_ws/install/cartographer/share/cartographer/package.xml
-- Installing: /home/tolasing/ros2_ws/install/cartographer/share/cartographer//configuration_files
-- Installing: /home/tolasing/ros2_ws/install/cartographer/share/cartographer//configuration_files/map_builder_server.lua
-- Installing: /home/tolasing/ros2_ws/install/cartographer/share/cartographer//configuration_files/pose_graph.lua
-- Installing: /home/tolasing/ros2_ws/install/cartographer/share/cartographer//configuration_files/trajectory_builder_3d.lua
-- Installing: /home/tolasing/ros2_ws/install/cartographer/share/cartographer//configuration_files/trajectory_builder.lua
-- Installing: /home/tolasing/ros2_ws/install/cartographer/share/cartographer//configuration_files/trajectory_builder_2d.lua
-- Installing: /home/tolasing/ros2_ws/install/cartographer/share/cartographer//configuration_files/map_builder.lua
-- Installing: /home/tolasing/ros2_ws/install/cartographer/share/cartographer//cmake
-- Installing: /home/tolasing/ros2_ws/install/cartographer/share/cartographer//cmake/modules
-- Installing: /home/tolasing/ros2_ws/install/cartographer/share/cartographer//cmake/modules/FindSphinx.cmake
-- Installing: /home/tolasing/ros2_ws/install/cartographer/share/cartographer//cmake/modules/FindGMock.cmake
-- Installing: /home/tolasing/ros2_ws/install/cartographer/share/cartographer//cmake/modules/FindEigen3.cmake
-- Installing: /home/tolasing/ros2_ws/install/cartographer/share/cartographer//cmake/modules/FindLuaGoogle.cmake
-- Installing: /home/tolasing/ros2_ws/install/cartographer/share/cartographer//cmake/functions.cmake
-- Installing: /home/tolasing/ros2_ws/install/cartographer/bin/cartographer_autogenerate_ground_truth
-- Installing: /home/tolasing/ros2_ws/install/cartographer/bin/cartographer_compute_relations_metrics
-- Installing: /home/tolasing/ros2_ws/install/cartographer/bin/cartographer_pbstream
-- Installing: /home/tolasing/ros2_ws/install/cartographer/bin/cartographer_print_configuration
-- Installing: /home/tolasing/ros2_ws/install/cartographer/lib/libcartographer.a
-- Installing: /home/tolasing/ros2_ws/install/cartographer/include/cartographer/common/configuration_file_resolver.h
-- Installing: /home/tolasing/ros2_ws/install/cartographer/include/cartographer/common/fixed_ratio_sampler.h
-- Installing: /home/tolasing/ros2_ws/install/cartographer/include/cartographer/common/histogram.h
-- Installing: /home/tolasing/ros2_ws/install/cartographer/include/cartographer/common/lua.h
-- Installing: /home/tolasing/ros2_ws/install/cartographer/include/cartographer/common/lua_parameter_dictionary.h
-- Installing: /home/tolasing/ros2_ws/install/cartographer/include/cartographer/common/math.h
-- Installing: /home/tolasing/ros2_ws/install/cartographer/include/cartographer/common/port.h
-- Installing: /home/tolasing/ros2_ws/install/cartographer/include/cartographer/common/task.h
-- Installing: /home/tolasing/ros2_ws/install/cartographer/include/cartographer/common/thread_pool.h
-- Installing: /home/tolasing/ros2_ws/install/cartographer/include/cartographer/common/time.h
-- Installing: /home/tolasing/ros2_ws/install/cartographer/include/cartographer/ground_truth/autogenerate_ground_truth.h
-- Installing: /home/tolasing/ros2_ws/install/cartographer/include/cartographer/ground_truth/relations_text_file.h
-- Installing: /home/tolasing/ros2_ws/install/cartographer/include/cartographer/io/color.h
-- Installing: /home/tolasing/ros2_ws/install/cartographer/include/cartographer/io/coloring_points_processor.h
-- Installing: /home/tolasing/ros2_ws/install/cartographer/include/cartographer/io/counting_points_processor.h
-- Installing: /home/tolasing/ros2_ws/install/cartographer/include/cartographer/io/draw_trajectories.h
-- Installing: /home/tolasing/ros2_ws/install/cartographer/include/cartographer/io/file_writer.h
-- Installing: /home/tolasing/ros2_ws/install/cartographer/include/cartographer/io/fixed_ratio_sampling_points_processor.h
-- Installing: /home/tolasing/ros2_ws/install/cartographer/include/cartographer/io/frame_id_filtering_points_processor.h
-- Installing: /home/tolasing/ros2_ws/install/cartographer/include/cartographer/io/hybrid_grid_points_processor.h
-- Installing: /home/tolasing/ros2_ws/install/cartographer/include/cartographer/io/image.h
-- Installing: /home/tolasing/ros2_ws/install/cartographer/include/cartographer/io/intensity_to_color_points_processor.h
-- Installing: /home/tolasing/ros2_ws/install/cartographer/include/cartographer/io/min_max_range_filtering_points_processor.h
-- Installing: /home/tolasing/ros2_ws/install/cartographer/include/cartographer/io/null_points_processor.h
-- Installing: /home/tolasing/ros2_ws/install/cartographer/include/cartographer/io/outlier_removing_points_processor.h
-- Installing: /home/tolasing/ros2_ws/install/cartographer/include/cartographer/io/pcd_writing_points_processor.h
-- Installing: /home/tolasing/ros2_ws/install/cartographer/include/cartographer/io/ply_writing_points_processor.h
-- Installing: /home/tolasing/ros2_ws/install/cartographer/include/cartographer/io/points_batch.h
-- Installing: /home/tolasing/ros2_ws/install/cartographer/include/cartographer/io/points_processor.h
-- Installing: /home/tolasing/ros2_ws/install/cartographer/include/cartographer/io/points_processor_pipeline_builder.h
-- Installing: /home/tolasing/ros2_ws/install/cartographer/include/cartographer/io/probability_grid_points_processor.h
-- Installing: /home/tolasing/ros2_ws/install/cartographer/include/cartographer/io/proto_stream.h
-- Installing: /home/tolasing/ros2_ws/install/cartographer/include/cartographer/io/proto_stream_deserializer.h
-- Installing: /home/tolasing/ros2_ws/install/cartographer/include/cartographer/io/proto_stream_interface.h
-- Installing: /home/tolasing/ros2_ws/install/cartographer/include/cartographer/io/serialization_format_migration.h
-- Installing: /home/tolasing/ros2_ws/install/cartographer/include/cartographer/io/submap_painter.h
-- Installing: /home/tolasing/ros2_ws/install/cartographer/include/cartographer/io/vertical_range_filtering_points_processor.h
-- Installing: /home/tolasing/ros2_ws/install/cartographer/include/cartographer/io/xray_points_processor.h
-- Installing: /home/tolasing/ros2_ws/install/cartographer/include/cartographer/io/xyz_writing_points_processor.h
-- Installing: /home/tolasing/ros2_ws/install/cartographer/include/cartographer/mapping/2d/grid_2d.h
-- Installing: /home/tolasing/ros2_ws/install/cartographer/include/cartographer/mapping/2d/map_limits.h
-- Installing: /home/tolasing/ros2_ws/install/cartographer/include/cartographer/mapping/2d/probability_grid.h
-- Installing: /home/tolasing/ros2_ws/install/cartographer/include/cartographer/mapping/2d/probability_grid_range_data_inserter_2d.h
-- Installing: /home/tolasing/ros2_ws/install/cartographer/include/cartographer/mapping/2d/submap_2d.h
-- Installing: /home/tolasing/ros2_ws/install/cartographer/include/cartographer/mapping/2d/xy_index.h
-- Installing: /home/tolasing/ros2_ws/install/cartographer/include/cartographer/mapping/3d/hybrid_grid.h
-- Installing: /home/tolasing/ros2_ws/install/cartographer/include/cartographer/mapping/3d/range_data_inserter_3d.h
-- Installing: /home/tolasing/ros2_ws/install/cartographer/include/cartographer/mapping/3d/submap_3d.h
-- Installing: /home/tolasing/ros2_ws/install/cartographer/include/cartographer/mapping/detect_floors.h
-- Installing: /home/tolasing/ros2_ws/install/cartographer/include/cartographer/mapping/grid_interface.h
-- Installing: /home/tolasing/ros2_ws/install/cartographer/include/cartographer/mapping/id.h
-- Installing: /home/tolasing/ros2_ws/install/cartographer/include/cartographer/mapping/imu_tracker.h
-- Installing: /home/tolasing/ros2_ws/install/cartographer/include/cartographer/mapping/map_builder.h
-- Installing: /home/tolasing/ros2_ws/install/cartographer/include/cartographer/mapping/map_builder_interface.h
-- Installing: /home/tolasing/ros2_ws/install/cartographer/include/cartographer/mapping/pose_extrapolator.h
-- Installing: /home/tolasing/ros2_ws/install/cartographer/include/cartographer/mapping/pose_extrapolator_interface.h
-- Installing: /home/tolasing/ros2_ws/install/cartographer/include/cartographer/mapping/pose_graph.h
-- Installing: /home/tolasing/ros2_ws/install/cartographer/include/cartographer/mapping/pose_graph_interface.h
-- Installing: /home/tolasing/ros2_ws/install/cartographer/include/cartographer/mapping/pose_graph_trimmer.h
-- Installing: /home/tolasing/ros2_ws/install/cartographer/include/cartographer/mapping/probability_values.h
-- Installing: /home/tolasing/ros2_ws/install/cartographer/include/cartographer/mapping/range_data_inserter_interface.h
-- Installing: /home/tolasing/ros2_ws/install/cartographer/include/cartographer/mapping/submaps.h
-- Installing: /home/tolasing/ros2_ws/install/cartographer/include/cartographer/mapping/trajectory_builder_interface.h
-- Installing: /home/tolasing/ros2_ws/install/cartographer/include/cartographer/mapping/trajectory_node.h
-- Installing: /home/tolasing/ros2_ws/install/cartographer/include/cartographer/mapping/value_conversion_tables.h
-- Installing: /home/tolasing/ros2_ws/install/cartographer/include/cartographer/metrics/counter.h
-- Installing: /home/tolasing/ros2_ws/install/cartographer/include/cartographer/metrics/family_factory.h
-- Installing: /home/tolasing/ros2_ws/install/cartographer/include/cartographer/metrics/gauge.h
-- Installing: /home/tolasing/ros2_ws/install/cartographer/include/cartographer/metrics/histogram.h
-- Installing: /home/tolasing/ros2_ws/install/cartographer/include/cartographer/metrics/register.h
-- Installing: /home/tolasing/ros2_ws/install/cartographer/include/cartographer/sensor/collator_interface.h
-- Installing: /home/tolasing/ros2_ws/install/cartographer/include/cartographer/sensor/compressed_point_cloud.h
-- Installing: /home/tolasing/ros2_ws/install/cartographer/include/cartographer/sensor/data.h
-- Installing: /home/tolasing/ros2_ws/install/cartographer/include/cartographer/sensor/fixed_frame_pose_data.h
-- Installing: /home/tolasing/ros2_ws/install/cartographer/include/cartographer/sensor/imu_data.h
-- Installing: /home/tolasing/ros2_ws/install/cartographer/include/cartographer/sensor/landmark_data.h
-- Installing: /home/tolasing/ros2_ws/install/cartographer/include/cartographer/sensor/map_by_time.h
-- Installing: /home/tolasing/ros2_ws/install/cartographer/include/cartographer/sensor/odometry_data.h
-- Installing: /home/tolasing/ros2_ws/install/cartographer/include/cartographer/sensor/point_cloud.h
-- Installing: /home/tolasing/ros2_ws/install/cartographer/include/cartographer/sensor/range_data.h
-- Installing: /home/tolasing/ros2_ws/install/cartographer/include/cartographer/sensor/rangefinder_point.h
-- Installing: /home/tolasing/ros2_ws/install/cartographer/include/cartographer/sensor/timed_point_cloud_data.h
-- Installing: /home/tolasing/ros2_ws/install/cartographer/include/cartographer/transform/rigid_transform.h
-- Installing: /home/tolasing/ros2_ws/install/cartographer/include/cartographer/transform/timestamped_transform.h
-- Installing: /home/tolasing/ros2_ws/install/cartographer/include/cartographer/transform/transform.h
-- Installing: /home/tolasing/ros2_ws/install/cartographer/include/cartographer/transform/transform_interpolation_buffer.h
-- Installing: /home/tolasing/ros2_ws/install/cartographer/include/cartographer/io/fake_file_writer.h
-- Installing: /home/tolasing/ros2_ws/install/cartographer/include/cartographer/transform/rigid_transform_test_helpers.h
-- Installing: /home/tolasing/ros2_ws/install/cartographer/include/cartographer/common/proto/ceres_solver_options.pb.h
-- Installing: /home/tolasing/ros2_ws/install/cartographer/include/cartographer/ground_truth/proto/relations.pb.h
-- Installing: /home/tolasing/ros2_ws/install/cartographer/include/cartographer/mapping/proto/cell_limits_2d.pb.h
-- Installing: /home/tolasing/ros2_ws/install/cartographer/include/cartographer/mapping/proto/connected_components.pb.h
-- Installing: /home/tolasing/ros2_ws/install/cartographer/include/cartographer/mapping/proto/grid_2d.pb.h
-- Installing: /home/tolasing/ros2_ws/install/cartographer/include/cartographer/mapping/proto/grid_2d_options.pb.h
-- Installing: /home/tolasing/ros2_ws/install/cartographer/include/cartographer/mapping/proto/hybrid_grid.pb.h
-- Installing: /home/tolasing/ros2_ws/install/cartographer/include/cartographer/mapping/proto/local_trajectory_builder_options_2d.pb.h
-- Installing: /home/tolasing/ros2_ws/install/cartographer/include/cartographer/mapping/proto/local_trajectory_builder_options_3d.pb.h
-- Installing: /home/tolasing/ros2_ws/install/cartographer/include/cartographer/mapping/proto/map_builder_options.pb.h
-- Installing: /home/tolasing/ros2_ws/install/cartographer/include/cartographer/mapping/proto/map_limits.pb.h
-- Installing: /home/tolasing/ros2_ws/install/cartographer/include/cartographer/mapping/proto/motion_filter_options.pb.h
-- Installing: /home/tolasing/ros2_ws/install/cartographer/include/cartographer/mapping/proto/normal_estimation_options_2d.pb.h
-- Installing: /home/tolasing/ros2_ws/install/cartographer/include/cartographer/mapping/proto/pose_extrapolator_options.pb.h
-- Installing: /home/tolasing/ros2_ws/install/cartographer/include/cartographer/mapping/proto/pose_graph.pb.h
-- Installing: /home/tolasing/ros2_ws/install/cartographer/include/cartographer/mapping/proto/pose_graph/constraint_builder_options.pb.h
-- Installing: /home/tolasing/ros2_ws/install/cartographer/include/cartographer/mapping/proto/pose_graph/optimization_problem_options.pb.h
-- Installing: /home/tolasing/ros2_ws/install/cartographer/include/cartographer/mapping/proto/pose_graph_options.pb.h
-- Installing: /home/tolasing/ros2_ws/install/cartographer/include/cartographer/mapping/proto/probability_grid.pb.h
-- Installing: /home/tolasing/ros2_ws/install/cartographer/include/cartographer/mapping/proto/probability_grid_range_data_inserter_options_2d.pb.h
-- Installing: /home/tolasing/ros2_ws/install/cartographer/include/cartographer/mapping/proto/range_data_inserter_options.pb.h
-- Installing: /home/tolasing/ros2_ws/install/cartographer/include/cartographer/mapping/proto/range_data_inserter_options_3d.pb.h
-- Installing: /home/tolasing/ros2_ws/install/cartographer/include/cartographer/mapping/proto/scan_matching/ceres_scan_matcher_options_2d.pb.h
-- Installing: /home/tolasing/ros2_ws/install/cartographer/include/cartographer/mapping/proto/scan_matching/ceres_scan_matcher_options_3d.pb.h
-- Installing: /home/tolasing/ros2_ws/install/cartographer/include/cartographer/mapping/proto/scan_matching/fast_correlative_scan_matcher_options_2d.pb.h
-- Installing: /home/tolasing/ros2_ws/install/cartographer/include/cartographer/mapping/proto/scan_matching/fast_correlative_scan_matcher_options_3d.pb.h
-- Installing: /home/tolasing/ros2_ws/install/cartographer/include/cartographer/mapping/proto/scan_matching/real_time_correlative_scan_matcher_options.pb.h
-- Installing: /home/tolasing/ros2_ws/install/cartographer/include/cartographer/mapping/proto/serialization.pb.h
-- Installing: /home/tolasing/ros2_ws/install/cartographer/include/cartographer/mapping/proto/submap.pb.h
-- Installing: /home/tolasing/ros2_ws/install/cartographer/include/cartographer/mapping/proto/submap_visualization.pb.h
-- Installing: /home/tolasing/ros2_ws/install/cartographer/include/cartographer/mapping/proto/submaps_options_2d.pb.h
-- Installing: /home/tolasing/ros2_ws/install/cartographer/include/cartographer/mapping/proto/submaps_options_3d.pb.h
-- Installing: /home/tolasing/ros2_ws/install/cartographer/include/cartographer/mapping/proto/trajectory.pb.h
-- Installing: /home/tolasing/ros2_ws/install/cartographer/include/cartographer/mapping/proto/trajectory_builder_options.pb.h
-- Installing: /home/tolasing/ros2_ws/install/cartographer/include/cartographer/mapping/proto/trajectory_node_data.pb.h
-- Installing: /home/tolasing/ros2_ws/install/cartographer/include/cartographer/mapping/proto/tsdf_2d.pb.h
-- Installing: /home/tolasing/ros2_ws/install/cartographer/include/cartographer/mapping/proto/tsdf_range_data_inserter_options_2d.pb.h
-- Installing: /home/tolasing/ros2_ws/install/cartographer/include/cartographer/sensor/proto/adaptive_voxel_filter_options.pb.h
-- Installing: /home/tolasing/ros2_ws/install/cartographer/include/cartographer/sensor/proto/sensor.pb.h
-- Installing: /home/tolasing/ros2_ws/install/cartographer/include/cartographer/transform/proto/timestamped_transform.pb.h
-- Installing: /home/tolasing/ros2_ws/install/cartographer/include/cartographer/transform/proto/transform.pb.h
-- Installing: /home/tolasing/ros2_ws/install/cartographer/share/cartographer/cmake/CartographerTargets.cmake
-- Installing: /home/tolasing/ros2_ws/install/cartographer/share/cartographer/cmake/CartographerTargets-release.cmake
-- Installing: /home/tolasing/ros2_ws/install/cartographer/share/cartographer/cartographer-config.cmake
