[0.092s] Invoking command in '/home/tolasing/ros2_ws/build/serial': /usr/bin/cmake /home/tolasing/ros2_ws/src/serial -DCATKIN_INSTALL_INTO_PREFIX_ROOT=0 -DCMAKE_INSTALL_PREFIX=/home/tolasing/ros2_ws/install/serial
[0.639s] -- The C compiler identification is GNU 11.3.0
[0.639s] -- The CXX compiler identification is GNU 11.3.0
[0.640s] -- Detecting C compiler ABI info
[0.646s] -- Detecting C compiler ABI info - done
[0.664s] -- Check for working C compiler: /usr/bin/cc - skipped
[0.666s] -- Detecting C compile features
[0.666s] -- Detecting C compile features - done
[0.669s] -- Detecting CXX compiler ABI info
[0.824s] -- Detecting CXX compiler ABI info - done
[0.840s] -- Check for working CXX compiler: /usr/bin/c++ - skipped
[0.841s] -- Detecting CXX compile features
[0.842s] -- Detecting CXX compile features - done
[0.855s] -- Found ament_cmake: 1.3.3 (/opt/ros/humble/share/ament_cmake/cmake)
[1.233s] -- Found Python3: /usr/bin/python3.10 (found version "3.10.6") found components: Interpreter 
[1.487s] -- Found rclcpp: 16.0.3 (/opt/ros/humble/share/rclcpp/cmake)
[1.706s] -- Found rosidl_generator_c: 3.1.4 (/opt/ros/humble/share/rosidl_generator_c/cmake)
[1.717s] -- Found rosidl_adapter: 3.1.4 (/opt/ros/humble/share/rosidl_adapter/cmake)
[1.756s] -- Found rosidl_generator_cpp: 3.1.4 (/opt/ros/humble/share/rosidl_generator_cpp/cmake)
[1.809s] -- Using all available rosidl_typesupport_c: rosidl_typesupport_fastrtps_c;rosidl_typesupport_introspection_c
[1.868s] -- Using all available rosidl_typesupport_cpp: rosidl_typesupport_fastrtps_cpp;rosidl_typesupport_introspection_cpp
[2.050s] -- Found rmw_implementation_cmake: 6.1.1 (/opt/ros/humble/share/rmw_implementation_cmake/cmake)
[2.057s] -- Found rmw_fastrtps_cpp: 6.2.2 (/opt/ros/humble/share/rmw_fastrtps_cpp/cmake)
[2.288s] -- Found OpenSSL: /usr/lib/x86_64-linux-gnu/libcrypto.so (found version "3.0.2")  
[2.353s] -- Found FastRTPS: /opt/ros/humble/include  
[2.458s] -- Using RMW implementation 'rmw_fastrtps_cpp' as default
[2.479s] -- Looking for pthread.h
[2.732s] -- Looking for pthread.h - found
[2.733s] -- Performing Test CMAKE_HAVE_LIBC_PTHREAD
[2.883s] -- Performing Test CMAKE_HAVE_LIBC_PTHREAD - Success
[2.886s] -- Found Threads: TRUE  
[3.610s] -- Configuring done
[3.636s] -- Generating done
[3.639s] [33mCMake Warning:
[3.639s]   Manually-specified variables were not used by the project:
[3.639s] 
[3.639s]     CATKIN_INSTALL_INTO_PREFIX_ROOT
[3.640s] 
[3.640s] [0m
[3.641s] -- Build files have been written to: /home/tolasing/ros2_ws/build/serial
[3.662s] Invoked command in '/home/tolasing/ros2_ws/build/serial' returned '0': /usr/bin/cmake /home/tolasing/ros2_ws/src/serial -DCATKIN_INSTALL_INTO_PREFIX_ROOT=0 -DCMAKE_INSTALL_PREFIX=/home/tolasing/ros2_ws/install/serial
[3.662s] Invoking command in '/home/tolasing/ros2_ws/build/serial': /usr/bin/cmake --build /home/tolasing/ros2_ws/build/serial -- -j8 -l8
[3.785s] [ 16%] [32mBuilding CXX object CMakeFiles/serial.dir/src/serial.cc.o[0m
[3.799s] [ 33%] [32mBuilding CXX object CMakeFiles/serial.dir/src/impl/list_ports/list_ports_linux.cc.o[0m
[3.830s] [ 50%] [32mBuilding CXX object CMakeFiles/serial.dir/src/impl/unix.cc.o[0m
[5.545s] [ 66%] [32m[1mLinking CXX static library libserial.a[0m
[6.150s] [ 66%] Built target serial
[6.298s] [ 83%] [32mBuilding CXX object CMakeFiles/serial_example.dir/examples/serial_example.cc.o[0m
[7.583s] [100%] [32m[1mLinking CXX executable serial_example[0m
