-- The C compiler identification is GNU 9.4.0
-- The CXX compiler identification is GNU 9.4.0
-- Check for working C compiler: /usr/bin/cc
-- Check for working C compiler: /usr/bin/cc -- works
-- Detecting C compiler ABI info
-- Detecting C compiler ABI info - done
-- Detecting C compile features
-- Detecting C compile features - done
-- Check for working CXX compiler: /usr/bin/c++
-- Check for working CXX compiler: /usr/bin/c++ -- works
-- Detecting CXX compiler ABI info
-- Detecting CXX compiler ABI info - done
-- Detecting CXX compile features
-- Detecting CXX compile features - done
-- Found ament_cmake: 0.9.12 (/opt/ros/foxy/share/ament_cmake/cmake)
-- Found PythonInterp: /usr/bin/python3 (found suitable version "3.8.10", minimum required is "3") 
-- Using PYTHON_EXECUTABLE: /usr/bin/python3
-- Override CMake install command with custom implementation using symlinks instead of copying resources
-- Found rclpy: 1.0.13 (/opt/ros/foxy/share/rclpy/cmake)
-- Found urdf: 2.4.0 (/opt/ros/foxy/share/urdf/cmake)
-- Found xacro: 2.0.7 (/opt/ros/foxy/share/xacro/cmake)
-- Found ros2_control: 0.11.0 (/opt/ros/foxy/share/ros2_control/cmake)
-- Found joint_state_broadcaster: 0.9.0 (/opt/ros/foxy/share/joint_state_broadcaster/cmake)
-- Using all available rosidl_typesupport_c: rosidl_typesupport_fastrtps_c;rosidl_typesupport_introspection_c
-- Found rosidl_adapter: 1.3.1 (/opt/ros/foxy/share/rosidl_adapter/cmake)
-- Found OpenSSL: /usr/lib/aarch64-linux-gnu/libcrypto.so (found version "1.1.1f")  
-- Found FastRTPS: /opt/ros/foxy/include  
-- Using all available rosidl_typesupport_cpp: rosidl_typesupport_fastrtps_cpp;rosidl_typesupport_introspection_cpp
-- Found rmw_implementation_cmake: 1.0.4 (/opt/ros/foxy/share/rmw_implementation_cmake/cmake)
-- Using RMW implementation 'rmw_fastrtps_cpp' as default
-- Looking for pthread.h
-- Looking for pthread.h - found
-- Performing Test CMAKE_HAVE_LIBC_PTHREAD
-- Performing Test CMAKE_HAVE_LIBC_PTHREAD - Failed
-- Looking for pthread_create in pthreads
-- Looking for pthread_create in pthreads - not found
-- Looking for pthread_create in pthread
-- Looking for pthread_create in pthread - found
-- Found Threads: TRUE  
-- Found joint_trajectory_controller: 0.9.0 (/opt/ros/foxy/share/joint_trajectory_controller/cmake)
-- Found velocity_controllers: 0.9.0 (/opt/ros/foxy/share/velocity_controllers/cmake)
-- Found std_srvs: 2.0.5 (/opt/ros/foxy/share/std_srvs/cmake)
-- Found motor_control: 0.0.0 (/home/rock/robot_ws/install/motor_control/share/motor_control/cmake)
-- Found ament_lint_auto: 0.9.8 (/opt/ros/foxy/share/ament_lint_auto/cmake)
-- Added test 'copyright' to check source files copyright and LICENSE
-- Added test 'flake8' to check Python code syntax and style conventions
-- Added test 'lint_cmake' to check CMake code style
-- Added test 'pep257' to check Python code against some of the style conventions in PEP 257
-- Added test 'xmllint' to check XML markup files
-- Configuring done
-- Generating done
-- Build files have been written to: /home/rock/robot_ws/build/prototype
-- Install configuration: ""
-- Execute custom install script
-- Symlinking: /home/rock/robot_ws/install/prototype/share/prototype//config/ekf.yaml
-- Symlinking: /home/rock/robot_ws/install/prototype/share/prototype//config/ekf_map.yaml
-- Symlinking: /home/rock/robot_ws/install/prototype/share/prototype//config/motor_control.yaml
-- Symlinking: /home/rock/robot_ws/install/prototype/share/prototype//config/twist_mux.yaml
-- Symlinking: /home/rock/robot_ws/install/prototype/share/prototype//launch/camera_raw_launch.py
-- Symlinking: /home/rock/robot_ws/install/prototype/share/prototype//launch/camera_uncompressed_launch.py
-- Symlinking: /home/rock/robot_ws/install/prototype/share/prototype//launch/imu_launch.py
-- Symlinking: /home/rock/robot_ws/install/prototype/share/prototype//launch/laser_pose_launch.py
-- Symlinking: /home/rock/robot_ws/install/prototype/share/prototype//launch/main_launch.py
-- Symlinking: /home/rock/robot_ws/install/prototype/share/prototype//launch/motor_launch.py
-- Symlinking: /home/rock/robot_ws/install/prototype/share/prototype//launch/navigation_launch.py
-- Symlinking: /home/rock/robot_ws/install/prototype/share/prototype//launch/robot_localization_launch.py
-- Symlinking: /home/rock/robot_ws/install/prototype/share/prototype//launch/robotmodel_launch.py
-- Symlinking: /home/rock/robot_ws/install/prototype/share/prototype//launch/rplidar_launch.py
-- Symlinking: /home/rock/robot_ws/install/prototype/share/prototype//launch/sensors_launch.py
-- Symlinking: /home/rock/robot_ws/install/prototype/share/prototype//launch/spawn.launch.xml
-- Symlinking: /home/rock/robot_ws/install/prototype/share/prototype//launch/spawn_pos.launch.py
-- Symlinking: /home/rock/robot_ws/install/prototype/share/prototype//launch/twist_mux.launch.py
