[0.100s] Invoking command in '/home/tolasing/ros2_ws/build/asio_cmake_module': CMAKE_PREFIX_PATH=/home/tolasing/ros2_ws/src/cartographer:/usr/lib/x86_64-linux-gnu/libserial.so:/home/tolasing/ros2_ws/install/serial_driver:/home/tolasing/ros2_ws/install/motor_control:/opt/ros/humble:/home/tolasing/ros2_ws/install/serial:/home/tolasing/ros2_ws/install/ros2_mapping:/home/tolasing/ros2_ws/install/prototype:/home/tolasing/ros2_ws/install/io_context:/home/tolasing/ros2_ws/install/gazebo_sim:/home/tolasing/ros2_ws/install/asio_cmake_module /usr/bin/cmake --build /home/tolasing/ros2_ws/build/asio_cmake_module -- -j8 -l8
[0.220s] Invoked command in '/home/tolasing/ros2_ws/build/asio_cmake_module' returned '0': CMAKE_PREFIX_PATH=/home/tolasing/ros2_ws/src/cartographer:/usr/lib/x86_64-linux-gnu/libserial.so:/home/tolasing/ros2_ws/install/serial_driver:/home/tolasing/ros2_ws/install/motor_control:/opt/ros/humble:/home/tolasing/ros2_ws/install/serial:/home/tolasing/ros2_ws/install/ros2_mapping:/home/tolasing/ros2_ws/install/prototype:/home/tolasing/ros2_ws/install/io_context:/home/tolasing/ros2_ws/install/gazebo_sim:/home/tolasing/ros2_ws/install/asio_cmake_module /usr/bin/cmake --build /home/tolasing/ros2_ws/build/asio_cmake_module -- -j8 -l8
[0.278s] Invoking command in '/home/tolasing/ros2_ws/build/asio_cmake_module': CMAKE_PREFIX_PATH=/home/tolasing/ros2_ws/src/cartographer:/usr/lib/x86_64-linux-gnu/libserial.so:/home/tolasing/ros2_ws/install/serial_driver:/home/tolasing/ros2_ws/install/motor_control:/opt/ros/humble:/home/tolasing/ros2_ws/install/serial:/home/tolasing/ros2_ws/install/ros2_mapping:/home/tolasing/ros2_ws/install/prototype:/home/tolasing/ros2_ws/install/io_context:/home/tolasing/ros2_ws/install/gazebo_sim:/home/tolasing/ros2_ws/install/asio_cmake_module /usr/bin/cmake --install /home/tolasing/ros2_ws/build/asio_cmake_module
[0.295s] -- Install configuration: ""
[0.296s] -- Execute custom install script
[0.296s] -- Up-to-date symlink: /home/tolasing/ros2_ws/install/asio_cmake_module/share/ament_index/resource_index/package_run_dependencies/asio_cmake_module
[0.299s] -- Up-to-date symlink: /home/tolasing/ros2_ws/install/asio_cmake_module/share/ament_index/resource_index/parent_prefix_path/asio_cmake_module
[0.300s] -- Up-to-date symlink: /home/tolasing/ros2_ws/install/asio_cmake_module/share/asio_cmake_module/environment/ament_prefix_path.sh
[0.300s] -- Up-to-date symlink: /home/tolasing/ros2_ws/install/asio_cmake_module/share/asio_cmake_module/environment/ament_prefix_path.dsv
[0.301s] -- Up-to-date symlink: /home/tolasing/ros2_ws/install/asio_cmake_module/share/asio_cmake_module/environment/path.sh
[0.301s] -- Up-to-date symlink: /home/tolasing/ros2_ws/install/asio_cmake_module/share/asio_cmake_module/environment/path.dsv
[0.303s] -- Up-to-date symlink: /home/tolasing/ros2_ws/install/asio_cmake_module/share/asio_cmake_module/local_setup.bash
[0.304s] -- Up-to-date symlink: /home/tolasing/ros2_ws/install/asio_cmake_module/share/asio_cmake_module/local_setup.sh
[0.304s] -- Up-to-date symlink: /home/tolasing/ros2_ws/install/asio_cmake_module/share/asio_cmake_module/local_setup.zsh
[0.304s] -- Up-to-date symlink: /home/tolasing/ros2_ws/install/asio_cmake_module/share/asio_cmake_module/local_setup.dsv
[0.304s] -- Symlinking: /home/tolasing/ros2_ws/install/asio_cmake_module/share/asio_cmake_module/package.dsv
[0.342s] -- Up-to-date symlink: /home/tolasing/ros2_ws/install/asio_cmake_module/share/ament_index/resource_index/packages/asio_cmake_module
[0.342s] -- Up-to-date symlink: /home/tolasing/ros2_ws/install/asio_cmake_module/share/asio_cmake_module/cmake/asio_cmake_module-extras.cmake
[0.343s] -- Up-to-date symlink: /home/tolasing/ros2_ws/install/asio_cmake_module/share/asio_cmake_module/cmake/asio_cmake_moduleConfig.cmake
[0.344s] -- Up-to-date symlink: /home/tolasing/ros2_ws/install/asio_cmake_module/share/asio_cmake_module/cmake/asio_cmake_moduleConfig-version.cmake
[0.345s] -- Up-to-date symlink: /home/tolasing/ros2_ws/install/asio_cmake_module/share/asio_cmake_module/package.xml
[0.346s] -- Up-to-date symlink: /home/tolasing/ros2_ws/install/asio_cmake_module/share/asio_cmake_module/cmake/Modules/FindASIO.cmake
[0.369s] Invoked command in '/home/tolasing/ros2_ws/build/asio_cmake_module' returned '0': CMAKE_PREFIX_PATH=/home/tolasing/ros2_ws/src/cartographer:/usr/lib/x86_64-linux-gnu/libserial.so:/home/tolasing/ros2_ws/install/serial_driver:/home/tolasing/ros2_ws/install/motor_control:/opt/ros/humble:/home/tolasing/ros2_ws/install/serial:/home/tolasing/ros2_ws/install/ros2_mapping:/home/tolasing/ros2_ws/install/prototype:/home/tolasing/ros2_ws/install/io_context:/home/tolasing/ros2_ws/install/gazebo_sim:/home/tolasing/ros2_ws/install/asio_cmake_module /usr/bin/cmake --install /home/tolasing/ros2_ws/build/asio_cmake_module
