[0.077s] Invoking command in '/home/tolasing/ros2_ws/build/josh_path': CMAKE_PREFIX_PATH=/home/tolasing/ros2_ws/src/cartographer:/usr/lib/x86_64-linux-gnu/libserial.so:/home/tolasing/ros2_ws/src/cartographer:/usr/lib/x86_64-linux-gnu/libserial.so:/home/tolasing/ros2_ws/install/serial_driver:/home/tolasing/ros2_ws/install/motor_control:/home/tolasing/ros2_ws/install/path_planner:/opt/ros/humble:/home/tolasing/ros2_ws/install/serial:/home/tolasing/ros2_ws/install/ros2_mapping:/home/tolasing/ros2_ws/install/prototype:/home/tolasing/ros2_ws/install/navigator_planner:/home/tolasing/ros2_ws/install/io_context:/home/tolasing/ros2_ws/install/gazebo_sim:/home/tolasing/ros2_ws/install/asio_cmake_module:/home/tolasing/ros2_ws/install/articubot_one /usr/bin/cmake /home/tolasing/ros2_ws/src/josh_path -DCMAKE_INSTALL_PREFIX=/home/tolasing/ros2_ws/install/josh_path
[0.619s] -- The C compiler identification is GNU 11.3.0
[0.619s] -- The CXX compiler identification is GNU 11.3.0
[0.619s] -- Detecting C compiler ABI info
[0.619s] -- Detecting C compiler ABI info - done
[0.619s] -- Check for working C compiler: /usr/bin/cc - skipped
[0.620s] -- Detecting C compile features
[0.620s] -- Detecting C compile features - done
[0.620s] -- Detecting CXX compiler ABI info
[0.725s] -- Detecting CXX compiler ABI info - done
[0.746s] -- Check for working CXX compiler: /usr/bin/c++ - skipped
[0.747s] -- Detecting CXX compile features
[0.749s] -- Detecting CXX compile features - done
[0.753s] -- Found ament_cmake: 1.3.3 (/opt/ros/humble/share/ament_cmake/cmake)
[1.108s] -- Found Python3: /usr/bin/python3.10 (found version "3.10.6") found components: Interpreter 
[1.270s] -- Found navigation2: 1.1.6 (/opt/ros/humble/share/navigation2/cmake)
[1.273s] -- Found rclpy: 3.3.7 (/opt/ros/humble/share/rclpy/cmake)
[1.277s] -- Found rclcpp: 16.0.3 (/opt/ros/humble/share/rclcpp/cmake)
[1.362s] -- Found rosidl_generator_c: 3.1.4 (/opt/ros/humble/share/rosidl_generator_c/cmake)
[1.372s] -- Found rosidl_adapter: 3.1.4 (/opt/ros/humble/share/rosidl_adapter/cmake)
[1.389s] -- Found rosidl_generator_cpp: 3.1.4 (/opt/ros/humble/share/rosidl_generator_cpp/cmake)
[1.420s] -- Using all available rosidl_typesupport_c: rosidl_typesupport_fastrtps_c;rosidl_typesupport_introspection_c
[1.465s] -- Using all available rosidl_typesupport_cpp: rosidl_typesupport_fastrtps_cpp;rosidl_typesupport_introspection_cpp
[1.628s] -- Found rmw_implementation_cmake: 6.1.1 (/opt/ros/humble/share/rmw_implementation_cmake/cmake)
[1.629s] -- Found rmw_fastrtps_cpp: 6.2.2 (/opt/ros/humble/share/rmw_fastrtps_cpp/cmake)
[1.957s] -- Found OpenSSL: /usr/lib/x86_64-linux-gnu/libcrypto.so (found version "3.0.2")  
[2.057s] -- Found FastRTPS: /opt/ros/humble/include  
[2.236s] -- Using RMW implementation 'rmw_fastrtps_cpp' as default
[2.281s] -- Looking for pthread.h
[2.607s] -- Looking for pthread.h - found
[2.616s] -- Performing Test CMAKE_HAVE_LIBC_PTHREAD
[2.903s] -- Performing Test CMAKE_HAVE_LIBC_PTHREAD - Success
[2.905s] -- Found Threads: TRUE  
[3.262s] -- Found ament_lint_auto: 0.12.5 (/opt/ros/humble/share/ament_lint_auto/cmake)
[3.424s] -- Added test 'lint_cmake' to check CMake code style
[3.426s] -- Added test 'xmllint' to check XML markup files
[3.434s] -- Configuring done
[3.454s] -- Generating done
[3.457s] -- Build files have been written to: /home/tolasing/ros2_ws/build/josh_path
[3.480s] Invoked command in '/home/tolasing/ros2_ws/build/josh_path' returned '0': CMAKE_PREFIX_PATH=/home/tolasing/ros2_ws/src/cartographer:/usr/lib/x86_64-linux-gnu/libserial.so:/home/tolasing/ros2_ws/src/cartographer:/usr/lib/x86_64-linux-gnu/libserial.so:/home/tolasing/ros2_ws/install/serial_driver:/home/tolasing/ros2_ws/install/motor_control:/home/tolasing/ros2_ws/install/path_planner:/opt/ros/humble:/home/tolasing/ros2_ws/install/serial:/home/tolasing/ros2_ws/install/ros2_mapping:/home/tolasing/ros2_ws/install/prototype:/home/tolasing/ros2_ws/install/navigator_planner:/home/tolasing/ros2_ws/install/io_context:/home/tolasing/ros2_ws/install/gazebo_sim:/home/tolasing/ros2_ws/install/asio_cmake_module:/home/tolasing/ros2_ws/install/articubot_one /usr/bin/cmake /home/tolasing/ros2_ws/src/josh_path -DCMAKE_INSTALL_PREFIX=/home/tolasing/ros2_ws/install/josh_path
[3.481s] Invoking command in '/home/tolasing/ros2_ws/build/josh_path': CMAKE_PREFIX_PATH=/home/tolasing/ros2_ws/src/cartographer:/usr/lib/x86_64-linux-gnu/libserial.so:/home/tolasing/ros2_ws/src/cartographer:/usr/lib/x86_64-linux-gnu/libserial.so:/home/tolasing/ros2_ws/install/serial_driver:/home/tolasing/ros2_ws/install/motor_control:/home/tolasing/ros2_ws/install/path_planner:/opt/ros/humble:/home/tolasing/ros2_ws/install/serial:/home/tolasing/ros2_ws/install/ros2_mapping:/home/tolasing/ros2_ws/install/prototype:/home/tolasing/ros2_ws/install/navigator_planner:/home/tolasing/ros2_ws/install/io_context:/home/tolasing/ros2_ws/install/gazebo_sim:/home/tolasing/ros2_ws/install/asio_cmake_module:/home/tolasing/ros2_ws/install/articubot_one /usr/bin/cmake --build /home/tolasing/ros2_ws/build/josh_path -- -j8 -l8
[3.758s] Invoked command in '/home/tolasing/ros2_ws/build/josh_path' returned '0': CMAKE_PREFIX_PATH=/home/tolasing/ros2_ws/src/cartographer:/usr/lib/x86_64-linux-gnu/libserial.so:/home/tolasing/ros2_ws/src/cartographer:/usr/lib/x86_64-linux-gnu/libserial.so:/home/tolasing/ros2_ws/install/serial_driver:/home/tolasing/ros2_ws/install/motor_control:/home/tolasing/ros2_ws/install/path_planner:/opt/ros/humble:/home/tolasing/ros2_ws/install/serial:/home/tolasing/ros2_ws/install/ros2_mapping:/home/tolasing/ros2_ws/install/prototype:/home/tolasing/ros2_ws/install/navigator_planner:/home/tolasing/ros2_ws/install/io_context:/home/tolasing/ros2_ws/install/gazebo_sim:/home/tolasing/ros2_ws/install/asio_cmake_module:/home/tolasing/ros2_ws/install/articubot_one /usr/bin/cmake --build /home/tolasing/ros2_ws/build/josh_path -- -j8 -l8
[3.889s] Invoking command in '/home/tolasing/ros2_ws/build/josh_path': CMAKE_PREFIX_PATH=/home/tolasing/ros2_ws/src/cartographer:/usr/lib/x86_64-linux-gnu/libserial.so:/home/tolasing/ros2_ws/src/cartographer:/usr/lib/x86_64-linux-gnu/libserial.so:/home/tolasing/ros2_ws/install/serial_driver:/home/tolasing/ros2_ws/install/motor_control:/home/tolasing/ros2_ws/install/path_planner:/opt/ros/humble:/home/tolasing/ros2_ws/install/serial:/home/tolasing/ros2_ws/install/ros2_mapping:/home/tolasing/ros2_ws/install/prototype:/home/tolasing/ros2_ws/install/navigator_planner:/home/tolasing/ros2_ws/install/io_context:/home/tolasing/ros2_ws/install/gazebo_sim:/home/tolasing/ros2_ws/install/asio_cmake_module:/home/tolasing/ros2_ws/install/articubot_one /usr/bin/cmake --install /home/tolasing/ros2_ws/build/josh_path
[4.417s] -- Install configuration: ""
[4.417s] -- Installing: /home/tolasing/ros2_ws/install/josh_path/share/ament_index/resource_index/package_run_dependencies/josh_path
[4.417s] -- Installing: /home/tolasing/ros2_ws/install/josh_path/share/ament_index/resource_index/parent_prefix_path/josh_path
[4.417s] -- Installing: /home/tolasing/ros2_ws/install/josh_path/share/josh_path/environment/ament_prefix_path.sh
[4.418s] -- Installing: /home/tolasing/ros2_ws/install/josh_path/share/josh_path/environment/ament_prefix_path.dsv
[4.418s] -- Installing: /home/tolasing/ros2_ws/install/josh_path/share/josh_path/environment/path.sh
[4.418s] -- Installing: /home/tolasing/ros2_ws/install/josh_path/share/josh_path/environment/path.dsv
[4.418s] -- Installing: /home/tolasing/ros2_ws/install/josh_path/share/josh_path/local_setup.bash
[4.418s] -- Installing: /home/tolasing/ros2_ws/install/josh_path/share/josh_path/local_setup.sh
[4.418s] -- Installing: /home/tolasing/ros2_ws/install/josh_path/share/josh_path/local_setup.zsh
[4.418s] -- Installing: /home/tolasing/ros2_ws/install/josh_path/share/josh_path/local_setup.dsv
[4.419s] -- Installing: /home/tolasing/ros2_ws/install/josh_path/share/josh_path/package.dsv
[4.419s] -- Installing: /home/tolasing/ros2_ws/install/josh_path/share/ament_index/resource_index/packages/josh_path
[4.419s] -- Installing: /home/tolasing/ros2_ws/install/josh_path/share/josh_path/cmake/josh_pathConfig.cmake
[4.419s] -- Installing: /home/tolasing/ros2_ws/install/josh_path/share/josh_path/cmake/josh_pathConfig-version.cmake
[4.419s] -- Installing: /home/tolasing/ros2_ws/install/josh_path/share/josh_path/package.xml
[4.463s] Invoked command in '/home/tolasing/ros2_ws/build/josh_path' returned '0': CMAKE_PREFIX_PATH=/home/tolasing/ros2_ws/src/cartographer:/usr/lib/x86_64-linux-gnu/libserial.so:/home/tolasing/ros2_ws/src/cartographer:/usr/lib/x86_64-linux-gnu/libserial.so:/home/tolasing/ros2_ws/install/serial_driver:/home/tolasing/ros2_ws/install/motor_control:/home/tolasing/ros2_ws/install/path_planner:/opt/ros/humble:/home/tolasing/ros2_ws/install/serial:/home/tolasing/ros2_ws/install/ros2_mapping:/home/tolasing/ros2_ws/install/prototype:/home/tolasing/ros2_ws/install/navigator_planner:/home/tolasing/ros2_ws/install/io_context:/home/tolasing/ros2_ws/install/gazebo_sim:/home/tolasing/ros2_ws/install/asio_cmake_module:/home/tolasing/ros2_ws/install/articubot_one /usr/bin/cmake --install /home/tolasing/ros2_ws/build/josh_path
