[2.428s] Invoking command in '/home/tolasing/ros2_ws/src/service_pkg': PYTHONPATH=/home/tolasing/ros2_ws/build/service_pkg/prefix_override:/home/tolasing/ros2_ws/install/service_pkg/lib/python3.10/site-packages:${PYTHONPATH} /usr/bin/python3 setup.py egg_info --egg-base ../../build/service_pkg build --build-base /home/tolasing/ros2_ws/build/service_pkg/build install --record /home/tolasing/ros2_ws/build/service_pkg/install.log --single-version-externally-managed
[3.059s] running egg_info
[3.061s] writing ../../build/service_pkg/service_pkg.egg-info/PKG-INFO
[3.061s] writing dependency_links to ../../build/service_pkg/service_pkg.egg-info/dependency_links.txt
[3.061s] writing entry points to ../../build/service_pkg/service_pkg.egg-info/entry_points.txt
[3.061s] writing requirements to ../../build/service_pkg/service_pkg.egg-info/requires.txt
[3.062s] writing top-level names to ../../build/service_pkg/service_pkg.egg-info/top_level.txt
[3.066s] reading manifest file '../../build/service_pkg/service_pkg.egg-info/SOURCES.txt'
[3.067s] writing manifest file '../../build/service_pkg/service_pkg.egg-info/SOURCES.txt'
[3.068s] running build
[3.068s] running build_py
[3.068s] running install
[3.069s] /usr/lib/python3/dist-packages/setuptools/command/install.py:34: SetuptoolsDeprecationWarning: setup.py install is deprecated. Use build and pip and other standards-based tools.
[3.069s]   warnings.warn(
[3.071s] running install_lib
[3.073s] running install_data
[3.073s] running install_egg_info
[3.076s] removing '/home/tolasing/ros2_ws/install/service_pkg/lib/python3.10/site-packages/service_pkg-0.0.0-py3.10.egg-info' (and everything under it)
[3.077s] Copying ../../build/service_pkg/service_pkg.egg-info to /home/tolasing/ros2_ws/install/service_pkg/lib/python3.10/site-packages/service_pkg-0.0.0-py3.10.egg-info
[3.078s] running install_scripts
[3.119s] Installing service_velocity_node script to /home/tolasing/ros2_ws/install/service_pkg/lib/service_pkg
[3.119s] writing list of installed files to '/home/tolasing/ros2_ws/build/service_pkg/install.log'
[3.184s] Invoked command in '/home/tolasing/ros2_ws/src/service_pkg' returned '0': PYTHONPATH=/home/tolasing/ros2_ws/build/service_pkg/prefix_override:/home/tolasing/ros2_ws/install/service_pkg/lib/python3.10/site-packages:${PYTHONPATH} /usr/bin/python3 setup.py egg_info --egg-base ../../build/service_pkg build --build-base /home/tolasing/ros2_ws/build/service_pkg/build install --record /home/tolasing/ros2_ws/build/service_pkg/install.log --single-version-externally-managed
