[0.069s] Invoking command in '/home/tolasing/ros2_ws/build/asio_cmake_module': CMAKE_PREFIX_PATH=/home/tolasing/ros2_ws/install/ros2_mapping:/home/tolasing/ros2_ws/src/cartographer:/usr/lib/x86_64-linux-gnu/libserial.so:/home/tolasing/ros2_ws/src/cartographer:/usr/lib/x86_64-linux-gnu/libserial.so:/home/tolasing/ros2_ws/install/serial_driver:/home/tolasing/ros2_ws/install/motor_control:/opt/ros/humble:/home/tolasing/ros2_ws/install/serial:/home/tolasing/ros2_ws/install/prototype:/home/tolasing/ros2_ws/install/io_context:/home/tolasing/ros2_ws/install/gazebo_sim:/home/tolasing/ros2_ws/install/asio_cmake_module /usr/bin/cmake --build /home/tolasing/ros2_ws/build/asio_cmake_module -- -j8 -l8
[0.129s] Invoked command in '/home/tolasing/ros2_ws/build/asio_cmake_module' returned '0': CMAKE_PREFIX_PATH=/home/tolasing/ros2_ws/install/ros2_mapping:/home/tolasing/ros2_ws/src/cartographer:/usr/lib/x86_64-linux-gnu/libserial.so:/home/tolasing/ros2_ws/src/cartographer:/usr/lib/x86_64-linux-gnu/libserial.so:/home/tolasing/ros2_ws/install/serial_driver:/home/tolasing/ros2_ws/install/motor_control:/opt/ros/humble:/home/tolasing/ros2_ws/install/serial:/home/tolasing/ros2_ws/install/prototype:/home/tolasing/ros2_ws/install/io_context:/home/tolasing/ros2_ws/install/gazebo_sim:/home/tolasing/ros2_ws/install/asio_cmake_module /usr/bin/cmake --build /home/tolasing/ros2_ws/build/asio_cmake_module -- -j8 -l8
[0.173s] Invoking command in '/home/tolasing/ros2_ws/build/asio_cmake_module': CMAKE_PREFIX_PATH=/home/tolasing/ros2_ws/install/ros2_mapping:/home/tolasing/ros2_ws/src/cartographer:/usr/lib/x86_64-linux-gnu/libserial.so:/home/tolasing/ros2_ws/src/cartographer:/usr/lib/x86_64-linux-gnu/libserial.so:/home/tolasing/ros2_ws/install/serial_driver:/home/tolasing/ros2_ws/install/motor_control:/opt/ros/humble:/home/tolasing/ros2_ws/install/serial:/home/tolasing/ros2_ws/install/prototype:/home/tolasing/ros2_ws/install/io_context:/home/tolasing/ros2_ws/install/gazebo_sim:/home/tolasing/ros2_ws/install/asio_cmake_module /usr/bin/cmake --install /home/tolasing/ros2_ws/build/asio_cmake_module
[0.183s] -- Install configuration: ""
[0.184s] -- Execute custom install script
[0.184s] -- Up-to-date symlink: /home/tolasing/ros2_ws/install/asio_cmake_module/share/ament_index/resource_index/package_run_dependencies/asio_cmake_module
[0.185s] -- Up-to-date symlink: /home/tolasing/ros2_ws/install/asio_cmake_module/share/ament_index/resource_index/parent_prefix_path/asio_cmake_module
[0.189s] -- Up-to-date symlink: /home/tolasing/ros2_ws/install/asio_cmake_module/share/asio_cmake_module/environment/ament_prefix_path.sh
[0.190s] -- Up-to-date symlink: /home/tolasing/ros2_ws/install/asio_cmake_module/share/asio_cmake_module/environment/ament_prefix_path.dsv
[0.190s] -- Up-to-date symlink: /home/tolasing/ros2_ws/install/asio_cmake_module/share/asio_cmake_module/environment/path.sh
[0.191s] -- Up-to-date symlink: /home/tolasing/ros2_ws/install/asio_cmake_module/share/asio_cmake_module/environment/path.dsv
[0.191s] -- Up-to-date symlink: /home/tolasing/ros2_ws/install/asio_cmake_module/share/asio_cmake_module/local_setup.bash
[0.191s] -- Up-to-date symlink: /home/tolasing/ros2_ws/install/asio_cmake_module/share/asio_cmake_module/local_setup.sh
[0.191s] -- Up-to-date symlink: /home/tolasing/ros2_ws/install/asio_cmake_module/share/asio_cmake_module/local_setup.zsh
[0.192s] -- Up-to-date symlink: /home/tolasing/ros2_ws/install/asio_cmake_module/share/asio_cmake_module/local_setup.dsv
[0.192s] -- Symlinking: /home/tolasing/ros2_ws/install/asio_cmake_module/share/asio_cmake_module/package.dsv
[0.211s] -- Up-to-date symlink: /home/tolasing/ros2_ws/install/asio_cmake_module/share/ament_index/resource_index/packages/asio_cmake_module
[0.211s] -- Up-to-date symlink: /home/tolasing/ros2_ws/install/asio_cmake_module/share/asio_cmake_module/cmake/asio_cmake_module-extras.cmake
[0.212s] -- Up-to-date symlink: /home/tolasing/ros2_ws/install/asio_cmake_module/share/asio_cmake_module/cmake/asio_cmake_moduleConfig.cmake
[0.213s] -- Up-to-date symlink: /home/tolasing/ros2_ws/install/asio_cmake_module/share/asio_cmake_module/cmake/asio_cmake_moduleConfig-version.cmake
[0.215s] -- Up-to-date symlink: /home/tolasing/ros2_ws/install/asio_cmake_module/share/asio_cmake_module/package.xml
[0.219s] -- Up-to-date symlink: /home/tolasing/ros2_ws/install/asio_cmake_module/share/asio_cmake_module/cmake/Modules/FindASIO.cmake
[0.231s] Invoked command in '/home/tolasing/ros2_ws/build/asio_cmake_module' returned '0': CMAKE_PREFIX_PATH=/home/tolasing/ros2_ws/install/ros2_mapping:/home/tolasing/ros2_ws/src/cartographer:/usr/lib/x86_64-linux-gnu/libserial.so:/home/tolasing/ros2_ws/src/cartographer:/usr/lib/x86_64-linux-gnu/libserial.so:/home/tolasing/ros2_ws/install/serial_driver:/home/tolasing/ros2_ws/install/motor_control:/opt/ros/humble:/home/tolasing/ros2_ws/install/serial:/home/tolasing/ros2_ws/install/prototype:/home/tolasing/ros2_ws/install/io_context:/home/tolasing/ros2_ws/install/gazebo_sim:/home/tolasing/ros2_ws/install/asio_cmake_module /usr/bin/cmake --install /home/tolasing/ros2_ws/build/asio_cmake_module
