running egg_info
creating ../../build/service_pkg/service_pkg.egg-info
writing ../../build/service_pkg/service_pkg.egg-info/PKG-INFO
writing dependency_links to ../../build/service_pkg/service_pkg.egg-info/dependency_links.txt
writing entry points to ../../build/service_pkg/service_pkg.egg-info/entry_points.txt
writing requirements to ../../build/service_pkg/service_pkg.egg-info/requires.txt
writing top-level names to ../../build/service_pkg/service_pkg.egg-info/top_level.txt
writing manifest file '../../build/service_pkg/service_pkg.egg-info/SOURCES.txt'
reading manifest file '../../build/service_pkg/service_pkg.egg-info/SOURCES.txt'
writing manifest file '../../build/service_pkg/service_pkg.egg-info/SOURCES.txt'
running build
running build_py
creating /home/tolasing/ros2_ws/build/service_pkg/build
creating /home/tolasing/ros2_ws/build/service_pkg/build/lib
creating /home/tolasing/ros2_ws/build/service_pkg/build/lib/service_pkg
copying service_pkg/__init__.py -> /home/tolasing/ros2_ws/build/service_pkg/build/lib/service_pkg
copying service_pkg/service_velocity.py -> /home/tolasing/ros2_ws/build/service_pkg/build/lib/service_pkg
running install
running install_lib
creating /home/tolasing/ros2_ws/install/service_pkg/lib/python3.10/site-packages/service_pkg
copying /home/tolasing/ros2_ws/build/service_pkg/build/lib/service_pkg/__init__.py -> /home/tolasing/ros2_ws/install/service_pkg/lib/python3.10/site-packages/service_pkg
copying /home/tolasing/ros2_ws/build/service_pkg/build/lib/service_pkg/service_velocity.py -> /home/tolasing/ros2_ws/install/service_pkg/lib/python3.10/site-packages/service_pkg
byte-compiling /home/tolasing/ros2_ws/install/service_pkg/lib/python3.10/site-packages/service_pkg/__init__.py to __init__.cpython-310.pyc
byte-compiling /home/tolasing/ros2_ws/install/service_pkg/lib/python3.10/site-packages/service_pkg/service_velocity.py to service_velocity.cpython-310.pyc
running install_data
creating /home/tolasing/ros2_ws/install/service_pkg/share/ament_index
creating /home/tolasing/ros2_ws/install/service_pkg/share/ament_index/resource_index
creating /home/tolasing/ros2_ws/install/service_pkg/share/ament_index/resource_index/packages
copying resource/service_pkg -> /home/tolasing/ros2_ws/install/service_pkg/share/ament_index/resource_index/packages
copying package.xml -> /home/tolasing/ros2_ws/install/service_pkg/share/service_pkg
copying launch/service_velocity.launch.py -> /home/tolasing/ros2_ws/install/service_pkg/share/service_pkg
running install_egg_info
Copying ../../build/service_pkg/service_pkg.egg-info to /home/tolasing/ros2_ws/install/service_pkg/lib/python3.10/site-packages/service_pkg-0.0.0-py3.10.egg-info
running install_scripts
Installing service_velocity_node script to /home/tolasing/ros2_ws/install/service_pkg/lib/service_pkg
writing list of installed files to '/home/tolasing/ros2_ws/build/service_pkg/install.log'
