[2.439s] Invoking command in '/home/tolasing/ros2_ws/src/service_pkg': PYTHONPATH=/home/tolasing/ros2_ws/build/service_pkg/prefix_override:/home/tolasing/ros2_ws/install/service_pkg/lib/python3.10/site-packages:${PYTHONPATH} /usr/bin/python3 setup.py egg_info --egg-base ../../build/service_pkg build --build-base /home/tolasing/ros2_ws/build/service_pkg/build install --record /home/tolasing/ros2_ws/build/service_pkg/install.log --single-version-externally-managed
[3.000s] running egg_info
[3.002s] creating ../../build/service_pkg/service_pkg.egg-info
[3.002s] writing ../../build/service_pkg/service_pkg.egg-info/PKG-INFO
[3.003s] writing dependency_links to ../../build/service_pkg/service_pkg.egg-info/dependency_links.txt
[3.003s] writing entry points to ../../build/service_pkg/service_pkg.egg-info/entry_points.txt
[3.003s] writing requirements to ../../build/service_pkg/service_pkg.egg-info/requires.txt
[3.004s] writing top-level names to ../../build/service_pkg/service_pkg.egg-info/top_level.txt
[3.004s] writing manifest file '../../build/service_pkg/service_pkg.egg-info/SOURCES.txt'
[3.008s] reading manifest file '../../build/service_pkg/service_pkg.egg-info/SOURCES.txt'
[3.010s] writing manifest file '../../build/service_pkg/service_pkg.egg-info/SOURCES.txt'
[3.011s] running build
[3.011s] running build_py
[3.012s] creating /home/tolasing/ros2_ws/build/service_pkg/build
[3.012s] creating /home/tolasing/ros2_ws/build/service_pkg/build/lib
[3.012s] creating /home/tolasing/ros2_ws/build/service_pkg/build/lib/service_pkg
[3.012s] copying service_pkg/__init__.py -> /home/tolasing/ros2_ws/build/service_pkg/build/lib/service_pkg
[3.012s] copying service_pkg/service_velocity.py -> /home/tolasing/ros2_ws/build/service_pkg/build/lib/service_pkg
[3.012s] running install
[3.013s] /usr/lib/python3/dist-packages/setuptools/command/install.py:34: SetuptoolsDeprecationWarning: setup.py install is deprecated. Use build and pip and other standards-based tools.
[3.013s]   warnings.warn(
[3.014s] running install_lib
[3.015s] creating /home/tolasing/ros2_ws/install/service_pkg/lib/python3.10/site-packages/service_pkg
[3.015s] copying /home/tolasing/ros2_ws/build/service_pkg/build/lib/service_pkg/__init__.py -> /home/tolasing/ros2_ws/install/service_pkg/lib/python3.10/site-packages/service_pkg
[3.016s] copying /home/tolasing/ros2_ws/build/service_pkg/build/lib/service_pkg/service_velocity.py -> /home/tolasing/ros2_ws/install/service_pkg/lib/python3.10/site-packages/service_pkg
[3.017s] byte-compiling /home/tolasing/ros2_ws/install/service_pkg/lib/python3.10/site-packages/service_pkg/__init__.py to __init__.cpython-310.pyc
[3.018s] byte-compiling /home/tolasing/ros2_ws/install/service_pkg/lib/python3.10/site-packages/service_pkg/service_velocity.py to service_velocity.cpython-310.pyc
[3.019s] running install_data
[3.021s] creating /home/tolasing/ros2_ws/install/service_pkg/share/ament_index
[3.021s] creating /home/tolasing/ros2_ws/install/service_pkg/share/ament_index/resource_index
[3.022s] creating /home/tolasing/ros2_ws/install/service_pkg/share/ament_index/resource_index/packages
[3.022s] copying resource/service_pkg -> /home/tolasing/ros2_ws/install/service_pkg/share/ament_index/resource_index/packages
[3.022s] copying package.xml -> /home/tolasing/ros2_ws/install/service_pkg/share/service_pkg
[3.023s] copying launch/service_velocity.launch.py -> /home/tolasing/ros2_ws/install/service_pkg/share/service_pkg
[3.024s] running install_egg_info
[3.027s] Copying ../../build/service_pkg/service_pkg.egg-info to /home/tolasing/ros2_ws/install/service_pkg/lib/python3.10/site-packages/service_pkg-0.0.0-py3.10.egg-info
[3.029s] running install_scripts
[3.078s] Installing service_velocity_node script to /home/tolasing/ros2_ws/install/service_pkg/lib/service_pkg
[3.079s] writing list of installed files to '/home/tolasing/ros2_ws/build/service_pkg/install.log'
[3.180s] Invoked command in '/home/tolasing/ros2_ws/src/service_pkg' returned '0': PYTHONPATH=/home/tolasing/ros2_ws/build/service_pkg/prefix_override:/home/tolasing/ros2_ws/install/service_pkg/lib/python3.10/site-packages:${PYTHONPATH} /usr/bin/python3 setup.py egg_info --egg-base ../../build/service_pkg build --build-base /home/tolasing/ros2_ws/build/service_pkg/build install --record /home/tolasing/ros2_ws/build/service_pkg/install.log --single-version-externally-managed
