[0.042s] Invoking command in '/home/tolasing/ros2_ws/build/io_context': CMAKE_PREFIX_PATH=/home/tolasing/ros2_ws/install/asio_cmake_module:/home/tolasing/ros2_ws/install/cartographer_ros_msgs:/usr/lib/x86_64-linux-gnu/libserial.so:/usr/lib/x86_64-linux-gnu/libserial.so:/home/tolasing/ros2_ws/install/rosard_com:/home/tolasing/ros2_ws/install/arduino_test:/home/tolasing/ros2_ws/install/serial_driver:/home/tolasing/ros2_ws/install/motor_control:/home/tolasing/ros2_ws/install/serial:/home/tolasing/ros2_ws/install/prototype:/home/tolasing/ros2_ws/install/nav2_course:/home/tolasing/ros2_ws/install/io_context:/home/tolasing/ros2_ws/install/gazebo_sim:/home/tolasing/ros2_ws/install/cartographer_msgs:/home/tolasing/ros2_ws/install/udp_driver:/home/tolasing/ros2_ws/install/service_pkg:/home/tolasing/ros2_ws/install/nav2_project:/home/tolasing/ros2_ws/install/joint_trajectory_publisher:/opt/ros/humble /usr/bin/cmake /home/tolasing/ros2_ws/src/transport_drivers/io_context -DCMAKE_INSTALL_PREFIX=/home/tolasing/ros2_ws/install/io_context
[0.155s] -- The C compiler identification is GNU 11.3.0
[0.263s] -- The CXX compiler identification is GNU 11.3.0
[0.276s] -- Detecting C compiler ABI info
[0.403s] -- Detecting C compiler ABI info - done
[0.417s] -- Check for working C compiler: /usr/bin/cc - skipped
[0.418s] -- Detecting C compile features
[0.419s] -- Detecting C compile features - done
[0.425s] -- Detecting CXX compiler ABI info
[0.681s] -- Detecting CXX compiler ABI info - done
[0.704s] -- Check for working CXX compiler: /usr/bin/c++ - skipped
[0.706s] -- Detecting CXX compile features
[0.707s] -- Detecting CXX compile features - done
[0.713s] -- Found ament_cmake_auto: 1.3.3 (/opt/ros/humble/share/ament_cmake_auto/cmake)
[1.265s] -- Found Python3: /usr/bin/python3.10 (found version "3.10.6") found components: Interpreter 
[1.784s] -- Found rosidl_generator_c: 3.1.4 (/opt/ros/humble/share/rosidl_generator_c/cmake)
[1.796s] -- Found rosidl_adapter: 3.1.4 (/opt/ros/humble/share/rosidl_adapter/cmake)
[1.824s] -- Found rosidl_generator_cpp: 3.1.4 (/opt/ros/humble/share/rosidl_generator_cpp/cmake)
[1.866s] -- Using all available rosidl_typesupport_c: rosidl_typesupport_fastrtps_c;rosidl_typesupport_introspection_c
[1.927s] -- Using all available rosidl_typesupport_cpp: rosidl_typesupport_fastrtps_cpp;rosidl_typesupport_introspection_cpp
[2.245s] -- Found rmw_implementation_cmake: 6.1.1 (/opt/ros/humble/share/rmw_implementation_cmake/cmake)
[2.254s] -- Found rmw_fastrtps_cpp: 6.2.2 (/opt/ros/humble/share/rmw_fastrtps_cpp/cmake)
[2.898s] -- Found OpenSSL: /usr/lib/x86_64-linux-gnu/libcrypto.so (found version "3.0.2")  
[2.998s] -- Found FastRTPS: /opt/ros/humble/include  
[3.167s] -- Using RMW implementation 'rmw_fastrtps_cpp' as default
[3.220s] -- Looking for pthread.h
[3.710s] -- Looking for pthread.h - found
[3.711s] -- Performing Test CMAKE_HAVE_LIBC_PTHREAD
[4.288s] -- Performing Test CMAKE_HAVE_LIBC_PTHREAD - Success
[4.289s] -- Found Threads: TRUE  
[5.563s] -- Found ASIO: /usr/include  
[5.601s] -- Found ament_lint_auto: 0.12.5 (/opt/ros/humble/share/ament_lint_auto/cmake)
[5.770s] -- Found gtest sources under '/opt/ros/humble/src/gtest_vendor': C++ tests using 'Google Test' will be built
[5.915s] -- Added test 'copyright' to check source files copyright and LICENSE
[5.942s] -- Added test 'cppcheck' to perform static code analysis on C / C++ code
[5.949s] -- Configured cppcheck include dirs: /home/tolasing/ros2_ws/src/transport_drivers/io_context/include
[5.954s] -- Configured cppcheck exclude dirs and/or files: 
[5.958s] -- Added test 'cpplint' to check C / C++ code against the Google style
[5.965s] -- Configured cpplint exclude dirs and/or files: 
[5.974s] -- Added test 'lint_cmake' to check CMake code style
[5.991s] -- Added test 'uncrustify' to check C / C++ code style
[5.993s] -- Configured uncrustify additional arguments: 
[6.013s] -- Added test 'xmllint' to check XML markup files
[31.199s] -- Configuring done
