[0.027s] Invoking command in '/home/tolasing/ros2_ws/build/cartographer': CMAKE_PREFIX_PATH=/home/tolasing/ros2_ws/src/cartographer:/usr/lib/x86_64-linux-gnu/libserial.so:/home/tolasing/ros2_ws/src/cartographer:/usr/lib/x86_64-linux-gnu/libserial.so:/home/tolasing/ros2_ws/install/serial_driver:/home/tolasing/ros2_ws/install/motor_control:/home/tolasing/ros2_ws/install/service_pkg:/home/tolasing/ros2_ws/install/nav2_project:/opt/ros/humble:/home/tolasing/ros2_ws/install/serial:/home/tolasing/ros2_ws/install/prototype:/home/tolasing/ros2_ws/install/nav2_course:/home/tolasing/ros2_ws/install/io_context:/home/tolasing/ros2_ws/install/asio_cmake_module /usr/bin/cmake --build /home/tolasing/ros2_ws/build/cartographer -- -j8 -l8
[0.135s] [35m[1mConsolidate compiler generated dependencies of target gtest[0m
[0.145s] [  0%] [34m[1mBuilding documentation.[0m
[0.153s] [  1%] Built target gtest
[0.162s] [  1%] Built target cartographer_detect_changes
[0.168s] [35m[1mConsolidate compiler generated dependencies of target gmock[0m
[0.187s] [  2%] Built target gmock
[0.201s] [35m[1mConsolidate compiler generated dependencies of target gmock_main[0m
[0.219s] [  2%] Built target gmock_main
[0.259s] [35m[1mConsolidate compiler generated dependencies of target cartographer[0m
[0.558s] [  3%] [32mBuilding CXX object CMakeFiles/cartographer.dir/cartographer/mapping/internal/3d/local_trajectory_builder_3d.cc.o[0m
[0.558s] [  3%] [32mBuilding CXX object CMakeFiles/cartographer.dir/cartographer/mapping/internal/3d/pose_graph_3d.cc.o[0m
[0.561s] [  3%] [32mBuilding CXX object CMakeFiles/cartographer.dir/cartographer/mapping/internal/3d/scan_matching/intensity_cost_function_3d.cc.o[0m
[0.561s] [  3%] [32mBuilding CXX object CMakeFiles/cartographer.dir/cartographer/mapping/internal/3d/scan_matching/ceres_scan_matcher_3d.cc.o[0m
[0.562s] [  4%] [32mBuilding CXX object CMakeFiles/cartographer.dir/cartographer/mapping/internal/3d/scan_matching/low_resolution_matcher.cc.o[0m
[0.563s] [  4%] [32mBuilding CXX object CMakeFiles/cartographer.dir/cartographer/mapping/internal/3d/scan_matching/fast_correlative_scan_matcher_3d.cc.o[0m
[0.569s] [  4%] [32mBuilding CXX object CMakeFiles/cartographer.dir/cartographer/mapping/internal/3d/scan_matching/precomputation_grid_3d.cc.o[0m
[0.823s] [01mRunning Sphinx v4.3.2[39;49;00m
[1.622s] [01mloading pickled environment... [39;49;00mdone
[1.649s] [01mbuilding [mo]: [39;49;00mtargets for 0 po files that are out of date
[1.652s] [01mbuilding [html]: [39;49;00mtargets for 0 source files that are out of date
[1.654s] [01mupdating environment: [39;49;00m0 added, 0 changed, 0 removed
[1.654s] [01mlooking for now-outdated files... [39;49;00mnone found
[1.654s] [01mno targets are out of date.[39;49;00m
[1.654s] [01mbuild succeeded.[39;49;00m
[1.654s] 
[1.655s] The HTML pages are in html.
[1.888s] [  4%] Built target build_doc
[1.920s] [  4%] [32mBuilding CXX object CMakeFiles/cartographer.dir/cartographer/mapping/internal/3d/scan_matching/real_time_correlative_scan_matcher_3d.cc.o[0m
[9.231s] [  4%] [32mBuilding CXX object CMakeFiles/cartographer.dir/cartographer/mapping/internal/3d/scan_matching/rotational_scan_matcher.cc.o[0m
[9.514s] [  5%] [32mBuilding CXX object CMakeFiles/cartographer.dir/cartographer/mapping/internal/collated_trajectory_builder.cc.o[0m
[11.186s] [  5%] [32mBuilding CXX object CMakeFiles/cartographer.dir/cartographer/mapping/internal/connected_components.cc.o[0m
[12.255s] [  5%] [32mBuilding CXX object CMakeFiles/cartographer.dir/cartographer/mapping/internal/constraints/constraint_builder.cc.o[0m
[14.731s] [  5%] [32mBuilding CXX object CMakeFiles/cartographer.dir/cartographer/mapping/internal/constraints/constraint_builder_2d.cc.o[0m
[15.284s] [  6%] [32mBuilding CXX object CMakeFiles/cartographer.dir/cartographer/mapping/internal/constraints/constraint_builder_3d.cc.o[0m
[17.181s] [  6%] [32mBuilding CXX object CMakeFiles/cartographer.dir/cartographer/mapping/internal/eigen_quaterniond_from_two_vectors.cc.o[0m
[19.270s] [  6%] [32mBuilding CXX object CMakeFiles/cartographer.dir/cartographer/mapping/internal/global_trajectory_builder.cc.o[0m
[21.085s] [  6%] [32mBuilding CXX object CMakeFiles/cartographer.dir/cartographer/mapping/internal/imu_based_pose_extrapolator.cc.o[0m
[21.215s] [  7%] [32mBuilding CXX object CMakeFiles/cartographer.dir/cartographer/mapping/internal/motion_filter.cc.o[0m
[21.890s] [  7%] [32mBuilding CXX object CMakeFiles/cartographer.dir/cartographer/mapping/internal/optimization/ceres_pose.cc.o[0m
[28.408s] [  7%] [32mBuilding CXX object CMakeFiles/cartographer.dir/cartographer/mapping/internal/optimization/cost_functions/spa_cost_function_2d.cc.o[0m
[28.861s] [  7%] [32mBuilding CXX object CMakeFiles/cartographer.dir/cartographer/mapping/internal/optimization/optimization_problem_2d.cc.o[0m
[28.908s] [  8%] [32mBuilding CXX object CMakeFiles/cartographer.dir/cartographer/mapping/internal/optimization/optimization_problem_3d.cc.o[0m
[28.979s] [  8%] [32mBuilding CXX object CMakeFiles/cartographer.dir/cartographer/mapping/internal/optimization/optimization_problem_options.cc.o[0m
[30.581s] [  8%] [32mBuilding CXX object CMakeFiles/cartographer.dir/cartographer/mapping/internal/range_data_collator.cc.o[0m
[32.265s] [  9%] [32mBuilding CXX object CMakeFiles/cartographer.dir/cartographer/mapping/internal/scan_matching/real_time_correlative_scan_matcher.cc.o[0m
[34.399s] [  9%] [32mBuilding CXX object CMakeFiles/cartographer.dir/cartographer/mapping/internal/submap_controller.cc.o[0m
[34.909s] [  9%] [32mBuilding CXX object CMakeFiles/cartographer.dir/cartographer/mapping/internal/trajectory_connectivity_state.cc.o[0m
[35.893s] [  9%] [32mBuilding CXX object CMakeFiles/cartographer.dir/cartographer/mapping/map_builder.cc.o[0m
[38.136s] [ 10%] [32mBuilding CXX object CMakeFiles/cartographer.dir/cartographer/mapping/map_builder_interface.cc.o[0m
[39.216s] [ 10%] [32mBuilding CXX object CMakeFiles/cartographer.dir/cartographer/mapping/pose_extrapolator.cc.o[0m
[42.898s] [ 10%] [32mBuilding CXX object CMakeFiles/cartographer.dir/cartographer/mapping/pose_extrapolator_interface.cc.o[0m
[43.514s] [ 10%] [32mBuilding CXX object CMakeFiles/cartographer.dir/cartographer/mapping/pose_graph.cc.o[0m
[47.446s] [ 10%] [32mBuilding CXX object CMakeFiles/cartographer.dir/cartographer/mapping/probability_values.cc.o[0m
[47.446s] [ 11%] [32mBuilding CXX object CMakeFiles/cartographer.dir/cartographer/mapping/pose_graph_trimmer.cc.o[0m
[48.380s] [ 11%] [32mBuilding CXX object CMakeFiles/cartographer.dir/cartographer/mapping/range_data_inserter_interface.cc.o[0m
[50.556s] [ 11%] [32mBuilding CXX object CMakeFiles/cartographer.dir/cartographer/mapping/trajectory_builder_interface.cc.o[0m
[51.034s] [ 12%] [32mBuilding CXX object CMakeFiles/cartographer.dir/cartographer/mapping/trajectory_node.cc.o[0m
[57.995s] [ 12%] [32mBuilding CXX object CMakeFiles/cartographer.dir/cartographer/sensor/fixed_frame_pose_data.cc.o[0m
[59.008s] [ 12%] [32mBuilding CXX object CMakeFiles/cartographer.dir/cartographer/sensor/compressed_point_cloud.cc.o[0m
[60.021s] [ 12%] [32mBuilding CXX object CMakeFiles/cartographer.dir/cartographer/metrics/register.cc.o[0m
[60.300s] [ 13%] [32mBuilding CXX object CMakeFiles/cartographer.dir/cartographer/metrics/histogram.cc.o[0m
[61.012s] [ 14%] [32mBuilding CXX object CMakeFiles/cartographer.dir/cartographer/sensor/imu_data.cc.o[0m
[61.773s] [ 14%] [32mBuilding CXX object CMakeFiles/cartographer.dir/cartographer/sensor/internal/collator.cc.o[0m
[62.791s] [ 14%] [32mBuilding CXX object CMakeFiles/cartographer.dir/cartographer/sensor/internal/ordered_multi_queue.cc.o[0m
[63.813s] [ 14%] [32mBuilding CXX object CMakeFiles/cartographer.dir/cartographer/metrics/gauge.cc.o[0m
[63.818s] [ 14%] [32mBuilding CXX object CMakeFiles/cartographer.dir/cartographer/metrics/counter.cc.o[0m
[64.178s] [ 14%] [32mBuilding CXX object CMakeFiles/cartographer.dir/cartographer/mapping/value_conversion_tables.cc.o[0m
[64.202s] [ 14%] [32mBuilding CXX object CMakeFiles/cartographer.dir/cartographer/sensor/internal/trajectory_collator.cc.o[0m
[64.213s] [ 15%] [32mBuilding CXX object CMakeFiles/cartographer.dir/cartographer/sensor/internal/voxel_filter.cc.o[0m
[65.162s] [ 15%] [32mBuilding CXX object CMakeFiles/cartographer.dir/cartographer/sensor/landmark_data.cc.o[0m
[65.543s] [ 15%] [32mBuilding CXX object CMakeFiles/cartographer.dir/cartographer/sensor/odometry_data.cc.o[0m
[72.876s] [ 16%] [32mBuilding CXX object CMakeFiles/cartographer.dir/cartographer/transform/timestamped_transform.cc.o[0m
[72.883s] [ 16%] [32mBuilding CXX object CMakeFiles/cartographer.dir/cartographer/transform/transform.cc.o[0m
[72.898s] [ 16%] [32mBuilding CXX object CMakeFiles/cartographer.dir/cartographer/transform/transform_interpolation_buffer.cc.o[0m
[73.912s] [ 16%] [32mBuilding CXX object CMakeFiles/cartographer.dir/cartographer/transform/rigid_transform.cc.o[0m
[73.912s] [ 16%] [32mBuilding CXX object CMakeFiles/cartographer.dir/cartographer/common/proto/ceres_solver_options.pb.cc.o[0m
[74.927s] [ 16%] [32mBuilding CXX object CMakeFiles/cartographer.dir/cartographer/sensor/timed_point_cloud_data.cc.o[0m
[74.928s] [ 17%] [32mBuilding CXX object CMakeFiles/cartographer.dir/cartographer/sensor/range_data.cc.o[0m
[75.965s] [ 17%] [32mBuilding CXX object CMakeFiles/cartographer.dir/cartographer/sensor/point_cloud.cc.o[0m
[76.078s] [ 18%] [32mBuilding CXX object CMakeFiles/cartographer.dir/cartographer/ground_truth/proto/relations.pb.cc.o[0m
[81.559s] [ 18%] [32mBuilding CXX object CMakeFiles/cartographer.dir/cartographer/mapping/proto/local_trajectory_builder_options_3d.pb.cc.o[0m
[83.164s] [ 19%] [32mBuilding CXX object CMakeFiles/cartographer.dir/cartographer/mapping/proto/map_builder_options.pb.cc.o[0m
[84.182s] [ 19%] [32mBuilding CXX object CMakeFiles/cartographer.dir/cartographer/mapping/proto/map_limits.pb.cc.o[0m
[84.195s] [ 19%] [32mBuilding CXX object CMakeFiles/cartographer.dir/cartographer/mapping/proto/local_trajectory_builder_options_2d.pb.cc.o[0m
[84.397s] [ 19%] [32mBuilding CXX object CMakeFiles/cartographer.dir/cartographer/mapping/proto/hybrid_grid.pb.cc.o[0m
[85.409s] [ 19%] [32mBuilding CXX object CMakeFiles/cartographer.dir/cartographer/mapping/proto/motion_filter_options.pb.cc.o[0m
[85.646s] [ 20%] [32mBuilding CXX object CMakeFiles/cartographer.dir/cartographer/mapping/proto/grid_2d_options.pb.cc.o[0m
[85.919s] [ 20%] [32mBuilding CXX object CMakeFiles/cartographer.dir/cartographer/mapping/proto/normal_estimation_options_2d.pb.cc.o[0m
[86.002s] [ 21%] [32mBuilding CXX object CMakeFiles/cartographer.dir/cartographer/mapping/proto/pose_extrapolator_options.pb.cc.o[0m
[87.017s] [ 21%] [32mBuilding CXX object CMakeFiles/cartographer.dir/cartographer/mapping/proto/pose_graph.pb.cc.o[0m
[87.128s] [ 21%] [32mBuilding CXX object CMakeFiles/cartographer.dir/cartographer/mapping/proto/grid_2d.pb.cc.o[0m
[87.292s] [ 21%] [32mBuilding CXX object CMakeFiles/cartographer.dir/cartographer/mapping/proto/connected_components.pb.cc.o[0m
[87.292s] [ 21%] [32mBuilding CXX object CMakeFiles/cartographer.dir/cartographer/mapping/proto/pose_graph/constraint_builder_options.pb.cc.o[0m
[87.394s] [ 21%] [32mBuilding CXX object CMakeFiles/cartographer.dir/cartographer/mapping/proto/pose_graph/optimization_problem_options.pb.cc.o[0m
[88.374s] [ 22%] [32mBuilding CXX object CMakeFiles/cartographer.dir/cartographer/mapping/proto/cell_limits_2d.pb.cc.o[0m
[88.375s] [ 22%] [32mBuilding CXX object CMakeFiles/cartographer.dir/cartographer/mapping/proto/pose_graph_options.pb.cc.o[0m
[89.424s] [ 22%] [32mBuilding CXX object CMakeFiles/cartographer.dir/cartographer/mapping/proto/probability_grid.pb.cc.o[0m
[89.541s] [ 22%] [32mBuilding CXX object CMakeFiles/cartographer.dir/cartographer/mapping/proto/probability_grid_range_data_inserter_options_2d.pb.cc.o[0m
[89.714s] [ 22%] [32mBuilding CXX object CMakeFiles/cartographer.dir/cartographer/mapping/proto/range_data_inserter_options.pb.cc.o[0m
[90.267s] [ 23%] [32mBuilding CXX object CMakeFiles/cartographer.dir/cartographer/mapping/proto/range_data_inserter_options_3d.pb.cc.o[0m
[90.454s] [ 23%] [32mBuilding CXX object CMakeFiles/cartographer.dir/cartographer/mapping/proto/scan_matching/ceres_scan_matcher_options_2d.pb.cc.o[0m
[90.461s] [ 23%] [32mBuilding CXX object CMakeFiles/cartographer.dir/cartographer/mapping/proto/scan_matching/ceres_scan_matcher_options_3d.pb.cc.o[0m
[91.368s] [ 23%] [32mBuilding CXX object CMakeFiles/cartographer.dir/cartographer/mapping/proto/scan_matching/fast_correlative_scan_matcher_options_2d.pb.cc.o[0m
[91.541s] [ 24%] [32mBuilding CXX object CMakeFiles/cartographer.dir/cartographer/mapping/proto/scan_matching/fast_correlative_scan_matcher_options_3d.pb.cc.o[0m
[91.597s] [ 24%] [32mBuilding CXX object CMakeFiles/cartographer.dir/cartographer/mapping/proto/scan_matching/real_time_correlative_scan_matcher_options.pb.cc.o[0m
[92.269s] [ 24%] [32mBuilding CXX object CMakeFiles/cartographer.dir/cartographer/mapping/proto/serialization.pb.cc.o[0m
[92.372s] [ 25%] [32mBuilding CXX object CMakeFiles/cartographer.dir/cartographer/mapping/proto/submap.pb.cc.o[0m
[93.086s] [ 25%] [32mBuilding CXX object CMakeFiles/cartographer.dir/cartographer/mapping/proto/submap_visualization.pb.cc.o[0m
[93.416s] [ 25%] [32mBuilding CXX object CMakeFiles/cartographer.dir/cartographer/mapping/proto/submaps_options_2d.pb.cc.o[0m
[93.868s] [ 25%] [32mBuilding CXX object CMakeFiles/cartographer.dir/cartographer/mapping/proto/submaps_options_3d.pb.cc.o[0m
[94.110s] [ 26%] [32mBuilding CXX object CMakeFiles/cartographer.dir/cartographer/mapping/proto/trajectory.pb.cc.o[0m
[94.132s] [ 26%] [32mBuilding CXX object CMakeFiles/cartographer.dir/cartographer/mapping/proto/trajectory_builder_options.pb.cc.o[0m
[94.270s] [ 26%] [32mBuilding CXX object CMakeFiles/cartographer.dir/cartographer/mapping/proto/trajectory_node_data.pb.cc.o[0m
[95.785s] [ 26%] [32mBuilding CXX object CMakeFiles/cartographer.dir/cartographer/mapping/proto/tsdf_2d.pb.cc.o[0m
[96.247s] [ 27%] [32mBuilding CXX object CMakeFiles/cartographer.dir/cartographer/mapping/proto/tsdf_range_data_inserter_options_2d.pb.cc.o[0m
[96.620s] [ 27%] [32mBuilding CXX object CMakeFiles/cartographer.dir/cartographer/sensor/proto/adaptive_voxel_filter_options.pb.cc.o[0m
[97.244s] [ 27%] [32mBuilding CXX object CMakeFiles/cartographer.dir/cartographer/sensor/proto/sensor.pb.cc.o[0m
[97.514s] [ 27%] [32mBuilding CXX object CMakeFiles/cartographer.dir/cartographer/transform/proto/timestamped_transform.pb.cc.o[0m
[97.550s] [ 28%] [32mBuilding CXX object CMakeFiles/cartographer.dir/cartographer/transform/proto/transform.pb.cc.o[0m
[101.372s] [ 28%] [32m[1mLinking CXX static library libcartographer.a[0m
[101.911s] [ 55%] Built target cartographer
[101.939s] [ 55%] [32mBuilding CXX object CMakeFiles/cartographer_autogenerate_ground_truth.dir/cartographer/ground_truth/autogenerate_ground_truth_main.cc.o[0m
[105.383s] [ 56%] [32m[1mLinking CXX executable cartographer_autogenerate_ground_truth[0m
[105.718s] [ 56%] Built target cartographer_autogenerate_ground_truth
[105.744s] [ 56%] [32mBuilding CXX object CMakeFiles/cartographer_print_configuration.dir/cartographer/common/print_configuration_main.cc.o[0m
[105.749s] [ 57%] [32mBuilding CXX object CMakeFiles/cartographer_test_library.dir/cartographer/io/fake_file_writer_test.cc.o[0m
[105.749s] [ 57%] [32mBuilding CXX object CMakeFiles/cartographer_test_library.dir/cartographer/io/fake_file_writer.cc.o[0m
[105.749s] [ 57%] [32mBuilding CXX object CMakeFiles/cartographer_test_library.dir/cartographer/io/internal/testing/test_helpers.cc.o[0m
[105.750s] [ 57%] [32mBuilding CXX object CMakeFiles/cartographer_pbstream.dir/cartographer/io/pbstream_main.cc.o[0m
[107.543s] [ 58%] [32m[1mLinking CXX executable cartographer_pbstream[0m
[108.356s] [ 58%] Built target cartographer_pbstream
[108.388s] [ 58%] [32mBuilding CXX object CMakeFiles/cartographer_compute_relations_metrics.dir/cartographer/ground_truth/compute_relations_metrics_main.cc.o[0m
[108.459s] [ 58%] [32mBuilding CXX object CMakeFiles/cartographer_test_library.dir/cartographer/mapping/internal/testing/test_helpers.cc.o[0m
[108.795s] [ 58%] [32m[1mLinking CXX executable cartographer_print_configuration[0m
[108.955s] [ 58%] Built target cartographer_print_configuration
[112.975s] [ 58%] [32m[1mLinking CXX executable cartographer_compute_relations_metrics[0m
[113.199s] [ 58%] [32m[1mLinking CXX static library libcartographer_test_library.a[0m
[113.297s] [ 58%] Built target cartographer_test_library
[113.305s] [ 58%] Built target cartographer_compute_relations_metrics
[113.320s] [ 59%] [32mBuilding CXX object CMakeFiles/cartographer.common.configuration_files_test.dir/cartographer/common/configuration_files_test.cc.o[0m
[113.320s] [ 59%] [32mBuilding CXX object CMakeFiles/cartographer.common.fixed_ratio_sampler_test.dir/cartographer/common/fixed_ratio_sampler_test.cc.o[0m
[113.323s] [ 59%] [32mBuilding CXX object CMakeFiles/cartographer.common.internal.blocking_queue_test.dir/cartographer/common/internal/blocking_queue_test.cc.o[0m
[113.330s] [ 59%] [32mBuilding CXX object CMakeFiles/cartographer.common.task_test.dir/cartographer/common/task_test.cc.o[0m
[114.355s] [ 60%] [32mBuilding CXX object CMakeFiles/cartographer.common.math_test.dir/cartographer/common/math_test.cc.o[0m
[114.359s] [ 61%] [32mBuilding CXX object CMakeFiles/cartographer.common.thread_pool_test.dir/cartographer/common/thread_pool_test.cc.o[0m
[114.362s] [ 61%] [32mBuilding CXX object CMakeFiles/cartographer.common.lua_parameter_dictionary_test.dir/cartographer/common/lua_parameter_dictionary_test.cc.o[0m
[115.412s] [ 62%] [32mBuilding CXX object CMakeFiles/cartographer.common.internal.rate_timer_test.dir/cartographer/common/internal/rate_timer_test.cc.o[0m
[117.396s] [ 62%] [32m[1mLinking CXX executable cartographer.common.fixed_ratio_sampler_test[0m
[117.881s] [ 62%] Built target cartographer.common.fixed_ratio_sampler_test
[117.931s] [ 62%] [32mBuilding CXX object CMakeFiles/cartographer.io.fake_file_writer_test.dir/cartographer/io/fake_file_writer_test.cc.o[0m
[119.423s] [ 62%] [32m[1mLinking CXX executable cartographer.common.thread_pool_test[0m
[119.761s] [ 62%] Built target cartographer.common.thread_pool_test
[119.815s] [ 63%] [32mBuilding CXX object CMakeFiles/cartographer.io.internal.in_memory_proto_stream_test.dir/cartographer/io/internal/in_memory_proto_stream_test.cc.o[0m
[120.852s] [ 63%] [32m[1mLinking CXX executable cartographer.common.task_test[0m
[121.030s] [ 63%] [32m[1mLinking CXX executable cartographer.common.configuration_files_test[0m
[121.081s] [ 63%] [32m[1mLinking CXX executable cartographer.common.math_test[0m
[121.196s] [ 63%] Built target cartographer.common.task_test
[121.254s] [ 63%] [32mBuilding CXX object CMakeFiles/cartographer.io.points_processor_pipeline_builder_test.dir/cartographer/io/points_processor_pipeline_builder_test.cc.o[0m
[121.279s] [ 63%] [32m[1mLinking CXX executable cartographer.common.internal.blocking_queue_test[0m
[121.487s] [ 63%] Built target cartographer.common.math_test
[121.537s] [ 63%] [32mBuilding CXX object CMakeFiles/cartographer.io.probability_grid_points_processor_test.dir/cartographer/io/probability_grid_points_processor_test.cc.o[0m
[121.716s] [ 63%] Built target cartographer.common.internal.blocking_queue_test
[121.758s] [ 63%] [32mBuilding CXX object CMakeFiles/cartographer.io.proto_stream_deserializer_test.dir/cartographer/io/proto_stream_deserializer_test.cc.o[0m
[121.926s] [ 63%] Built target cartographer.common.configuration_files_test
[121.961s] [ 63%] [32mBuilding CXX object CMakeFiles/cartographer.io.proto_stream_test.dir/cartographer/io/proto_stream_test.cc.o[0m
[123.072s] [ 63%] [32m[1mLinking CXX executable cartographer.common.internal.rate_timer_test[0m
[123.442s] [ 63%] Built target cartographer.common.internal.rate_timer_test
[123.485s] [ 63%] [32mBuilding CXX object CMakeFiles/cartographer.io.serialization_format_migration_test.dir/cartographer/io/serialization_format_migration_test.cc.o[0m
[123.897s] [ 63%] [32m[1mLinking CXX executable cartographer.common.lua_parameter_dictionary_test[0m
[124.327s] [ 63%] Built target cartographer.common.lua_parameter_dictionary_test
[124.385s] [ 63%] [32mBuilding CXX object CMakeFiles/cartographer.mapping.2d.map_limits_test.dir/cartographer/mapping/2d/map_limits_test.cc.o[0m
[125.064s] [ 63%] [32m[1mLinking CXX executable cartographer.io.fake_file_writer_test[0m
[125.438s] [ 63%] Built target cartographer.io.fake_file_writer_test
[125.480s] [ 63%] [32mBuilding CXX object CMakeFiles/cartographer.mapping.2d.probability_grid_test.dir/cartographer/mapping/2d/probability_grid_test.cc.o[0m
[127.024s] [ 63%] [32m[1mLinking CXX executable cartographer.io.proto_stream_test[0m
[127.245s] [ 63%] [32m[1mLinking CXX executable cartographer.io.internal.in_memory_proto_stream_test[0m
[127.576s] [ 63%] Built target cartographer.io.proto_stream_test
[127.619s] [ 63%] [32mBuilding CXX object CMakeFiles/cartographer.mapping.2d.range_data_inserter_2d_test.dir/cartographer/mapping/2d/range_data_inserter_2d_test.cc.o[0m
[127.936s] [ 63%] Built target cartographer.io.internal.in_memory_proto_stream_test
[127.975s] [ 63%] [32mBuilding CXX object CMakeFiles/cartographer.mapping.2d.submap_2d_test.dir/cartographer/mapping/2d/submap_2d_test.cc.o[0m
[130.342s] [ 64%] [32m[1mLinking CXX executable cartographer.io.points_processor_pipeline_builder_test[0m
[130.484s] [ 65%] [32m[1mLinking CXX executable cartographer.io.proto_stream_deserializer_test[0m
[131.196s] [ 65%] Built target cartographer.io.points_processor_pipeline_builder_test
[131.240s] [ 65%] [32mBuilding CXX object CMakeFiles/cartographer.mapping.2d.xy_index_test.dir/cartographer/mapping/2d/xy_index_test.cc.o[0m
[131.272s] [ 65%] Built target cartographer.io.proto_stream_deserializer_test
[131.326s] [ 65%] [32mBuilding CXX object CMakeFiles/cartographer.mapping.3d.hybrid_grid_test.dir/cartographer/mapping/3d/hybrid_grid_test.cc.o[0m
[132.790s] [ 65%] [32m[1mLinking CXX executable cartographer.mapping.2d.map_limits_test[0m
[133.220s] [ 66%] [32m[1mLinking CXX executable cartographer.io.serialization_format_migration_test[0m
[133.356s] [ 66%] Built target cartographer.mapping.2d.map_limits_test
[133.400s] [ 66%] [32mBuilding CXX object CMakeFiles/cartographer.mapping.3d.range_data_inserter_3d_test.dir/cartographer/mapping/3d/range_data_inserter_3d_test.cc.o[0m
[134.550s] [ 66%] Built target cartographer.io.serialization_format_migration_test
[134.589s] [ 66%] [32mBuilding CXX object CMakeFiles/cartographer.mapping.3d.submap_3d_test.dir/cartographer/mapping/3d/submap_3d_test.cc.o[0m
[134.870s] [ 66%] [32m[1mLinking CXX executable cartographer.io.probability_grid_points_processor_test[0m
[135.723s] [ 66%] Built target cartographer.io.probability_grid_points_processor_test
[135.769s] [ 66%] [32mBuilding CXX object CMakeFiles/cartographer.mapping.id_test.dir/cartographer/mapping/id_test.cc.o[0m
[136.621s] [ 67%] [32m[1mLinking CXX executable cartographer.mapping.2d.probability_grid_test[0m
[137.183s] [ 67%] Built target cartographer.mapping.2d.probability_grid_test
[137.219s] [ 67%] [32mBuilding CXX object CMakeFiles/cartographer.mapping.imu_tracker_test.dir/cartographer/mapping/imu_tracker_test.cc.o[0m
[138.427s] [ 67%] [32m[1mLinking CXX executable cartographer.mapping.2d.xy_index_test[0m
[139.103s] [ 67%] Built target cartographer.mapping.2d.xy_index_test
[139.108s] [ 67%] [32m[1mLinking CXX executable cartographer.mapping.2d.range_data_inserter_2d_test[0m
[139.174s] [ 67%] [32mBuilding CXX object CMakeFiles/cartographer.mapping.internal.2d.normal_estimation_2d_test.dir/cartographer/mapping/internal/2d/normal_estimation_2d_test.cc.o[0m
[139.813s] [ 68%] [32m[1mLinking CXX executable cartographer.mapping.2d.submap_2d_test[0m
[140.008s] [ 68%] Built target cartographer.mapping.2d.range_data_inserter_2d_test
[140.113s] [ 69%] [32mBuilding CXX object CMakeFiles/cartographer.mapping.internal.2d.overlapping_submaps_trimmer_2d_test.dir/cartographer/mapping/internal/2d/overlapping_submaps_trimmer_2d_test.cc.o[0m
[140.650s] [ 69%] Built target cartographer.mapping.2d.submap_2d_test
[140.707s] [ 69%] [32mBuilding CXX object CMakeFiles/cartographer.mapping.internal.2d.pose_graph_2d_test.dir/cartographer/mapping/internal/2d/pose_graph_2d_test.cc.o[0m
[144.394s] [ 70%] [32m[1mLinking CXX executable cartographer.mapping.imu_tracker_test[0m
[144.809s] [ 70%] Built target cartographer.mapping.imu_tracker_test
[144.959s] [ 71%] [32mBuilding CXX object CMakeFiles/cartographer.mapping.internal.2d.ray_to_pixel_mask_test.dir/cartographer/mapping/internal/2d/ray_to_pixel_mask_test.cc.o[0m
[146.034s] [ 72%] [32m[1mLinking CXX executable cartographer.mapping.3d.submap_3d_test[0m
[146.665s] [ 72%] [32m[1mLinking CXX executable cartographer.mapping.id_test[0m
[146.808s] [ 72%] Built target cartographer.mapping.3d.submap_3d_test
[146.861s] [ 72%] [32mBuilding CXX object CMakeFiles/cartographer.mapping.internal.2d.scan_matching.ceres_scan_matcher_2d_test.dir/cartographer/mapping/internal/2d/scan_matching/ceres_scan_matcher_2d_test.cc.o[0m
[146.943s] [ 72%] [32m[1mLinking CXX executable cartographer.mapping.3d.range_data_inserter_3d_test[0m
[147.105s] [ 72%] Built target cartographer.mapping.id_test
[147.152s] [ 73%] [32mBuilding CXX object CMakeFiles/cartographer.mapping.internal.2d.scan_matching.correlative_scan_matcher_test.dir/cartographer/mapping/internal/2d/scan_matching/correlative_scan_matcher_test.cc.o[0m
[147.600s] [ 73%] Built target cartographer.mapping.3d.range_data_inserter_3d_test
[147.636s] [ 73%] [32mBuilding CXX object CMakeFiles/cartographer.mapping.internal.2d.scan_matching.fast_correlative_scan_matcher_2d_test.dir/cartographer/mapping/internal/2d/scan_matching/fast_correlative_scan_matcher_2d_test.cc.o[0m
[149.991s] [ 74%] [32m[1mLinking CXX executable cartographer.mapping.3d.hybrid_grid_test[0m
[150.537s] [ 74%] Built target cartographer.mapping.3d.hybrid_grid_test
[150.581s] [ 75%] [32mBuilding CXX object CMakeFiles/cartographer.mapping.internal.2d.scan_matching.interpolated_tsdf_2d_test.dir/cartographer/mapping/internal/2d/scan_matching/interpolated_tsdf_2d_test.cc.o[0m
[150.626s] [ 75%] [32m[1mLinking CXX executable cartographer.mapping.internal.2d.normal_estimation_2d_test[0m
[151.210s] [ 75%] Built target cartographer.mapping.internal.2d.normal_estimation_2d_test
[151.252s] [ 75%] [32mBuilding CXX object CMakeFiles/cartographer.mapping.internal.2d.scan_matching.occupied_space_cost_function_2d_test.dir/cartographer/mapping/internal/2d/scan_matching/occupied_space_cost_function_2d_test.cc.o[0m
[155.522s] [ 75%] [32m[1mLinking CXX executable cartographer.mapping.internal.2d.overlapping_submaps_trimmer_2d_test[0m
[156.448s] [ 75%] Built target cartographer.mapping.internal.2d.overlapping_submaps_trimmer_2d_test
[156.497s] [ 76%] [32mBuilding CXX object CMakeFiles/cartographer.mapping.internal.2d.scan_matching.real_time_correlative_scan_matcher_2d_test.dir/cartographer/mapping/internal/2d/scan_matching/real_time_correlative_scan_matcher_2d_test.cc.o[0m
[156.858s] [ 76%] [32m[1mLinking CXX executable cartographer.mapping.internal.2d.scan_matching.correlative_scan_matcher_test[0m
[157.334s] [ 76%] Built target cartographer.mapping.internal.2d.scan_matching.correlative_scan_matcher_test
[157.395s] [ 76%] [32mBuilding CXX object CMakeFiles/cartographer.mapping.internal.2d.scan_matching.tsdf_match_cost_function_2d_test.dir/cartographer/mapping/internal/2d/scan_matching/tsdf_match_cost_function_2d_test.cc.o[0m
[159.083s] [ 76%] [32m[1mLinking CXX executable cartographer.mapping.internal.2d.ray_to_pixel_mask_test[0m
[159.637s] [ 76%] Built target cartographer.mapping.internal.2d.ray_to_pixel_mask_test
[159.799s] [ 77%] [32mBuilding CXX object CMakeFiles/cartographer.mapping.internal.2d.tsd_value_converter_test.dir/cartographer/mapping/internal/2d/tsd_value_converter_test.cc.o[0m
[160.777s] [ 77%] [32m[1mLinking CXX executable cartographer.mapping.internal.2d.scan_matching.interpolated_tsdf_2d_test[0m
[161.374s] [ 77%] Built target cartographer.mapping.internal.2d.scan_matching.interpolated_tsdf_2d_test
[161.410s] [ 77%] [32mBuilding CXX object CMakeFiles/cartographer.mapping.internal.2d.tsdf_2d_test.dir/cartographer/mapping/internal/2d/tsdf_2d_test.cc.o[0m
[161.864s] [ 77%] [32m[1mLinking CXX executable cartographer.mapping.internal.2d.scan_matching.occupied_space_cost_function_2d_test[0m
[162.184s] [ 77%] [32m[1mLinking CXX executable cartographer.mapping.internal.2d.scan_matching.ceres_scan_matcher_2d_test[0m
[162.781s] [ 77%] Built target cartographer.mapping.internal.2d.scan_matching.occupied_space_cost_function_2d_test
[162.862s] [ 78%] [32mBuilding CXX object CMakeFiles/cartographer.mapping.internal.2d.tsdf_range_data_inserter_2d_test.dir/cartographer/mapping/internal/2d/tsdf_range_data_inserter_2d_test.cc.o[0m
[162.924s] [ 78%] Built target cartographer.mapping.internal.2d.scan_matching.ceres_scan_matcher_2d_test
[162.962s] [ 78%] [32m[1mLinking CXX executable cartographer.mapping.internal.2d.scan_matching.fast_correlative_scan_matcher_2d_test[0m
[162.967s] [ 78%] [32m[1mLinking CXX executable cartographer.mapping.internal.2d.pose_graph_2d_test[0m
[162.975s] [ 78%] [32mBuilding CXX object CMakeFiles/cartographer.mapping.internal.3d.local_trajectory_builder_3d_test.dir/cartographer/mapping/internal/3d/local_trajectory_builder_3d_test.cc.o[0m
[163.782s] [ 78%] Built target cartographer.mapping.internal.2d.scan_matching.fast_correlative_scan_matcher_2d_test
[163.870s] [ 79%] [32mBuilding CXX object CMakeFiles/cartographer.mapping.internal.3d.pose_graph_3d_test.dir/cartographer/mapping/internal/3d/pose_graph_3d_test.cc.o[0m
[164.131s] [ 79%] Built target cartographer.mapping.internal.2d.pose_graph_2d_test
[164.204s] [ 79%] [32mBuilding CXX object CMakeFiles/cartographer.mapping.internal.3d.scan_matching.ceres_scan_matcher_3d_test.dir/cartographer/mapping/internal/3d/scan_matching/ceres_scan_matcher_3d_test.cc.o[0m
[167.597s] [ 79%] [32m[1mLinking CXX executable cartographer.mapping.internal.2d.tsd_value_converter_test[0m
[168.061s] [ 79%] Built target cartographer.mapping.internal.2d.tsd_value_converter_test
[168.662s] [ 79%] [32m[1mLinking CXX executable cartographer.mapping.internal.2d.scan_matching.real_time_correlative_scan_matcher_2d_test[0m
[169.234s] [ 79%] Built target cartographer.mapping.internal.2d.scan_matching.real_time_correlative_scan_matcher_2d_test
[171.833s] [ 79%] [32m[1mLinking CXX executable cartographer.mapping.internal.2d.tsdf_2d_test[0m
[172.132s] [ 79%] [32m[1mLinking CXX executable cartographer.mapping.internal.2d.scan_matching.tsdf_match_cost_function_2d_test[0m
[172.290s] [ 79%] Built target cartographer.mapping.internal.2d.tsdf_2d_test
[172.579s] [ 79%] Built target cartographer.mapping.internal.2d.scan_matching.tsdf_match_cost_function_2d_test
[174.143s] [ 79%] [32m[1mLinking CXX executable cartographer.mapping.internal.2d.tsdf_range_data_inserter_2d_test[0m
[174.504s] [ 79%] Built target cartographer.mapping.internal.2d.tsdf_range_data_inserter_2d_test
[176.972s] [ 79%] [32m[1mLinking CXX executable cartographer.mapping.internal.3d.local_trajectory_builder_3d_test[0m
[177.316s] [ 80%] [32m[1mLinking CXX executable cartographer.mapping.internal.3d.scan_matching.ceres_scan_matcher_3d_test[0m
[177.493s] [ 80%] Built target cartographer.mapping.internal.3d.local_trajectory_builder_3d_test
[177.589s] [ 80%] [32m[1mLinking CXX executable cartographer.mapping.internal.3d.pose_graph_3d_test[0m
[177.679s] [ 80%] Built target cartographer.mapping.internal.3d.scan_matching.ceres_scan_matcher_3d_test
[178.096s] [ 80%] Built target cartographer.mapping.internal.3d.pose_graph_3d_test
[178.131s] [ 80%] [32mBuilding CXX object CMakeFiles/cartographer.mapping.internal.3d.scan_matching.rotational_scan_matcher_test.dir/cartographer/mapping/internal/3d/scan_matching/rotational_scan_matcher_test.cc.o[0m
[179.158s] [ 80%] [32mBuilding CXX object CMakeFiles/cartographer.mapping.internal.connected_components_test.dir/cartographer/mapping/internal/connected_components_test.cc.o[0m
[180.169s] [ 80%] [32mBuilding CXX object CMakeFiles/cartographer.mapping.internal.3d.scan_matching.rotation_delta_cost_functor_3d_test.dir/cartographer/mapping/internal/3d/scan_matching/rotation_delta_cost_functor_3d_test.cc.o[0m
[181.196s] [ 80%] [32mBuilding CXX object CMakeFiles/cartographer.mapping.internal.3d.scan_matching.real_time_correlative_scan_matcher_3d_test.dir/cartographer/mapping/internal/3d/scan_matching/real_time_correlative_scan_matcher_3d_test.cc.o[0m
[181.219s] [ 80%] [32mBuilding CXX object CMakeFiles/cartographer.mapping.internal.3d.scan_matching.precomputation_grid_3d_test.dir/cartographer/mapping/internal/3d/scan_matching/precomputation_grid_3d_test.cc.o[0m
[182.248s] [ 80%] [32mBuilding CXX object CMakeFiles/cartographer.mapping.internal.3d.scan_matching.interpolated_grid_test.dir/cartographer/mapping/internal/3d/scan_matching/interpolated_grid_test.cc.o[0m
[182.824s] [ 80%] [32m[1mLinking CXX executable cartographer.mapping.internal.3d.scan_matching.rotational_scan_matcher_test[0m
[183.067s] [ 80%] Built target cartographer.mapping.internal.3d.scan_matching.rotational_scan_matcher_test
[183.095s] [ 80%] [32mBuilding CXX object CMakeFiles/cartographer.mapping.internal.3d.scan_matching.intensity_cost_function_3d_test.dir/cartographer/mapping/internal/3d/scan_matching/intensity_cost_function_3d_test.cc.o[0m
[184.123s] [ 80%] [32mBuilding CXX object CMakeFiles/cartographer.mapping.internal.constraints.constraint_builder_2d_test.dir/cartographer/mapping/internal/constraints/constraint_builder_2d_test.cc.o[0m
[185.041s] [ 81%] [32m[1mLinking CXX executable cartographer.mapping.internal.3d.scan_matching.rotation_delta_cost_functor_3d_test[0m
[185.199s] [ 81%] [32mBuilding CXX object CMakeFiles/cartographer.mapping.internal.3d.scan_matching.fast_correlative_scan_matcher_3d_test.dir/cartographer/mapping/internal/3d/scan_matching/fast_correlative_scan_matcher_3d_test.cc.o[0m
[185.455s] [ 81%] Built target cartographer.mapping.internal.3d.scan_matching.rotation_delta_cost_functor_3d_test
[185.500s] [ 81%] [32mBuilding CXX object CMakeFiles/cartographer.mapping.internal.constraints.constraint_builder_3d_test.dir/cartographer/mapping/internal/constraints/constraint_builder_3d_test.cc.o[0m
[188.616s] [ 82%] [32m[1mLinking CXX executable cartographer.mapping.internal.connected_components_test[0m
[189.375s] [ 82%] Built target cartographer.mapping.internal.connected_components_test
[189.432s] [ 82%] [32mBuilding CXX object CMakeFiles/cartographer.mapping.internal.motion_filter_test.dir/cartographer/mapping/internal/motion_filter_test.cc.o[0m
[189.952s] [ 83%] [32m[1mLinking CXX executable cartographer.mapping.internal.3d.scan_matching.precomputation_grid_3d_test[0m
[190.301s] [ 83%] Built target cartographer.mapping.internal.3d.scan_matching.precomputation_grid_3d_test
[190.351s] [ 83%] [32mBuilding CXX object CMakeFiles/cartographer.mapping.internal.optimization.cost_functions.landmark_cost_function_2d_test.dir/cartographer/mapping/internal/optimization/cost_functions/landmark_cost_function_2d_test.cc.o[0m
[192.862s] [ 83%] [32m[1mLinking CXX executable cartographer.mapping.internal.3d.scan_matching.interpolated_grid_test[0m
[193.259s] [ 83%] Built target cartographer.mapping.internal.3d.scan_matching.interpolated_grid_test
[194.720s] [ 84%] [32m[1mLinking CXX executable cartographer.mapping.internal.3d.scan_matching.intensity_cost_function_3d_test[0m
[195.000s] [ 84%] Built target cartographer.mapping.internal.3d.scan_matching.intensity_cost_function_3d_test
[197.036s] [ 84%] [32m[1mLinking CXX executable cartographer.mapping.internal.motion_filter_test[0m
[197.514s] [ 84%] Built target cartographer.mapping.internal.motion_filter_test
[197.717s] [ 84%] [32m[1mLinking CXX executable cartographer.mapping.internal.3d.scan_matching.real_time_correlative_scan_matcher_3d_test[0m
[198.225s] [ 84%] Built target cartographer.mapping.internal.3d.scan_matching.real_time_correlative_scan_matcher_3d_test
[198.252s] [ 84%] [32mBuilding CXX object CMakeFiles/cartographer.mapping.internal.optimization.optimization_problem_3d_test.dir/cartographer/mapping/internal/optimization/optimization_problem_3d_test.cc.o[0m
[198.276s] [ 84%] [32mBuilding CXX object CMakeFiles/cartographer.mapping.internal.optimization.cost_functions.spa_cost_function_2d_test.dir/cartographer/mapping/internal/optimization/cost_functions/spa_cost_function_2d_test.cc.o[0m
[199.311s] [ 84%] [32mBuilding CXX object CMakeFiles/cartographer.mapping.internal.range_data_collator_test.dir/cartographer/mapping/internal/range_data_collator_test.cc.o[0m
[200.332s] [ 84%] [32mBuilding CXX object CMakeFiles/cartographer.mapping.internal.optimization.cost_functions.landmark_cost_function_3d_test.dir/cartographer/mapping/internal/optimization/cost_functions/landmark_cost_function_3d_test.cc.o[0m
[200.826s] [ 84%] [32m[1mLinking CXX executable cartographer.mapping.internal.3d.scan_matching.fast_correlative_scan_matcher_3d_test[0m
[201.355s] [ 84%] Built target cartographer.mapping.internal.3d.scan_matching.fast_correlative_scan_matcher_3d_test
[201.388s] [ 84%] [32mBuilding CXX object CMakeFiles/cartographer.mapping.internal.trajectory_connectivity_state_test.dir/cartographer/mapping/internal/trajectory_connectivity_state_test.cc.o[0m
[201.568s] [ 85%] [32m[1mLinking CXX executable cartographer.mapping.internal.constraints.constraint_builder_3d_test[0m
[202.824s] [ 85%] Built target cartographer.mapping.internal.constraints.constraint_builder_3d_test
[202.861s] [ 86%] [32mBuilding CXX object CMakeFiles/cartographer.mapping.map_builder_test.dir/cartographer/mapping/map_builder_test.cc.o[0m
[203.300s] [ 86%] [32m[1mLinking CXX executable cartographer.mapping.internal.constraints.constraint_builder_2d_test[0m
[204.250s] [ 86%] Built target cartographer.mapping.internal.constraints.constraint_builder_2d_test
[205.198s] [ 87%] [32m[1mLinking CXX executable cartographer.mapping.internal.optimization.cost_functions.landmark_cost_function_2d_test[0m
[205.550s] [ 87%] Built target cartographer.mapping.internal.optimization.cost_functions.landmark_cost_function_2d_test
[209.341s] [ 87%] [32m[1mLinking CXX executable cartographer.mapping.internal.trajectory_connectivity_state_test[0m
[209.851s] [ 87%] Built target cartographer.mapping.internal.trajectory_connectivity_state_test
[211.282s] [ 88%] [32m[1mLinking CXX executable cartographer.mapping.internal.range_data_collator_test[0m
[211.534s] [ 89%] [32m[1mLinking CXX executable cartographer.mapping.internal.optimization.cost_functions.spa_cost_function_2d_test[0m
[211.600s] [ 89%] Built target cartographer.mapping.internal.range_data_collator_test
[211.673s] [ 89%] [32m[1mLinking CXX executable cartographer.mapping.internal.optimization.optimization_problem_3d_test[0m
[211.759s] [ 89%] Built target cartographer.mapping.internal.optimization.cost_functions.spa_cost_function_2d_test
[212.168s] [ 89%] Built target cartographer.mapping.internal.optimization.optimization_problem_3d_test
[213.199s] [ 90%] [32mBuilding CXX object CMakeFiles/cartographer.mapping.submaps_test.dir/cartographer/mapping/submaps_test.cc.o[0m
[213.199s] [ 90%] [32mBuilding CXX object CMakeFiles/cartographer.mapping.trajectory_node_test.dir/cartographer/mapping/trajectory_node_test.cc.o[0m
[213.217s] [ 90%] [32mBuilding CXX object CMakeFiles/cartographer.mapping.pose_graph_trimmer_test.dir/cartographer/mapping/pose_graph_trimmer_test.cc.o[0m
[213.218s] [ 91%] [32mBuilding CXX object CMakeFiles/cartographer.mapping.probability_values_test.dir/cartographer/mapping/probability_values_test.cc.o[0m
[214.253s] [ 92%] [32mBuilding CXX object CMakeFiles/cartographer.mapping.pose_graph_test.dir/cartographer/mapping/pose_graph_test.cc.o[0m
[214.258s] [ 92%] [32mBuilding CXX object CMakeFiles/cartographer.mapping.pose_extrapolator_test.dir/cartographer/mapping/pose_extrapolator_test.cc.o[0m
[216.399s] [ 92%] [32m[1mLinking CXX executable cartographer.mapping.internal.optimization.cost_functions.landmark_cost_function_3d_test[0m
[216.722s] [ 92%] Built target cartographer.mapping.internal.optimization.cost_functions.landmark_cost_function_3d_test
[216.788s] [ 92%] [32mBuilding CXX object CMakeFiles/cartographer.mapping.value_conversion_tables_test.dir/cartographer/mapping/value_conversion_tables_test.cc.o[0m
[220.695s] [ 92%] [32m[1mLinking CXX executable cartographer.mapping.probability_values_test[0m
[221.056s] [ 92%] Built target cartographer.mapping.probability_values_test
[221.120s] [ 93%] [32mBuilding CXX object CMakeFiles/cartographer.sensor.compressed_point_cloud_test.dir/cartographer/sensor/compressed_point_cloud_test.cc.o[0m
[221.448s] [ 93%] [32m[1mLinking CXX executable cartographer.mapping.submaps_test[0m
[221.825s] [ 93%] Built target cartographer.mapping.submaps_test
[221.874s] [ 93%] [32mBuilding CXX object CMakeFiles/cartographer.sensor.internal.collator_test.dir/cartographer/sensor/internal/collator_test.cc.o[0m
[222.914s] [ 93%] [32m[1mLinking CXX executable cartographer.mapping.map_builder_test[0m
[222.951s] [ 93%] [32m[1mLinking CXX executable cartographer.mapping.value_conversion_tables_test[0m
[223.305s] [ 93%] Built target cartographer.mapping.value_conversion_tables_test
[223.361s] [ 94%] [32mBuilding CXX object CMakeFiles/cartographer.sensor.internal.ordered_multi_queue_test.dir/cartographer/sensor/internal/ordered_multi_queue_test.cc.o[0m
[224.255s] [ 94%] [32m[1mLinking CXX executable cartographer.mapping.pose_graph_trimmer_test[0m
[224.615s] [ 94%] Built target cartographer.mapping.map_builder_test
[224.651s] [ 94%] [32mBuilding CXX object CMakeFiles/cartographer.sensor.internal.trajectory_collator_test.dir/cartographer/sensor/internal/trajectory_collator_test.cc.o[0m
[224.654s] [ 94%] Built target cartographer.mapping.pose_graph_trimmer_test
[224.726s] [ 95%] [32mBuilding CXX object CMakeFiles/cartographer.sensor.internal.voxel_filter_test.dir/cartographer/sensor/internal/voxel_filter_test.cc.o[0m
[225.963s] [ 95%] [32m[1mLinking CXX executable cartographer.mapping.pose_graph_test[0m
[226.945s] [ 95%] Built target cartographer.mapping.pose_graph_test
[226.979s] [ 95%] [32mBuilding CXX object CMakeFiles/cartographer.sensor.landmark_data_test.dir/cartographer/sensor/landmark_data_test.cc.o[0m
[227.466s] [ 95%] [32m[1mLinking CXX executable cartographer.mapping.trajectory_node_test[0m
[228.040s] [ 95%] Built target cartographer.mapping.trajectory_node_test
[228.073s] [ 96%] [32mBuilding CXX object CMakeFiles/cartographer.sensor.map_by_time_test.dir/cartographer/sensor/map_by_time_test.cc.o[0m
[228.444s] [ 96%] [32m[1mLinking CXX executable cartographer.mapping.pose_extrapolator_test[0m
[228.846s] [ 96%] Built target cartographer.mapping.pose_extrapolator_test
[228.886s] [ 96%] [32mBuilding CXX object CMakeFiles/cartographer.sensor.point_cloud_test.dir/cartographer/sensor/point_cloud_test.cc.o[0m
[232.555s] [ 96%] [32m[1mLinking CXX executable cartographer.sensor.compressed_point_cloud_test[0m
[233.310s] [ 96%] Built target cartographer.sensor.compressed_point_cloud_test
[233.354s] [ 96%] [32mBuilding CXX object CMakeFiles/cartographer.sensor.range_data_test.dir/cartographer/sensor/range_data_test.cc.o[0m
[235.627s] [ 96%] [32m[1mLinking CXX executable cartographer.sensor.internal.ordered_multi_queue_test[0m
[236.073s] [ 96%] Built target cartographer.sensor.internal.ordered_multi_queue_test
[236.156s] [ 96%] [32mBuilding CXX object CMakeFiles/cartographer.transform.rigid_transform_test.dir/cartographer/transform/rigid_transform_test.cc.o[0m
[236.456s] [ 96%] [32m[1mLinking CXX executable cartographer.sensor.internal.collator_test[0m
[236.882s] [ 96%] Built target cartographer.sensor.internal.collator_test
[236.946s] [ 96%] [32mBuilding CXX object CMakeFiles/cartographer.transform.timestamped_transform_test.dir/cartographer/transform/timestamped_transform_test.cc.o[0m
[238.086s] [ 96%] [32m[1mLinking CXX executable cartographer.sensor.internal.voxel_filter_test[0m
[238.414s] [ 96%] [32m[1mLinking CXX executable cartographer.sensor.map_by_time_test[0m
[238.764s] [ 96%] Built target cartographer.sensor.internal.voxel_filter_test
[238.766s] [ 96%] Built target cartographer.sensor.map_by_time_test
[238.798s] [ 96%] [32mBuilding CXX object CMakeFiles/cartographer.transform.transform_interpolation_buffer_test.dir/cartographer/transform/transform_interpolation_buffer_test.cc.o[0m
[238.830s] [ 96%] [32mBuilding CXX object CMakeFiles/cartographer.transform.transform_test.dir/cartographer/transform/transform_test.cc.o[0m
[242.667s] [ 97%] [32m[1mLinking CXX executable cartographer.sensor.point_cloud_test[0m
[243.033s] [ 97%] Built target cartographer.sensor.point_cloud_test
[243.358s] [ 97%] [32m[1mLinking CXX executable cartographer.sensor.internal.trajectory_collator_test[0m
[243.836s] [ 97%] Built target cartographer.sensor.internal.trajectory_collator_test
[244.311s] [ 97%] [32m[1mLinking CXX executable cartographer.sensor.range_data_test[0m
[244.692s] [ 97%] Built target cartographer.sensor.range_data_test
[245.738s] [ 97%] [32m[1mLinking CXX executable cartographer.sensor.landmark_data_test[0m
[246.287s] [ 97%] Built target cartographer.sensor.landmark_data_test
[248.068s] [ 97%] [32m[1mLinking CXX executable cartographer.transform.timestamped_transform_test[0m
[248.406s] [ 97%] Built target cartographer.transform.timestamped_transform_test
[250.326s] [ 97%] [32m[1mLinking CXX executable cartographer.transform.transform_test[0m
[250.541s] [ 97%] Built target cartographer.transform.transform_test
[250.879s] [ 98%] [32m[1mLinking CXX executable cartographer.transform.transform_interpolation_buffer_test[0m
[251.174s] [ 98%] Built target cartographer.transform.transform_interpolation_buffer_test
[251.751s] [100%] [32m[1mLinking CXX executable cartographer.transform.rigid_transform_test[0m
[251.933s] [100%] Built target cartographer.transform.rigid_transform_test
[252.059s] Invoked command in '/home/tolasing/ros2_ws/build/cartographer' returned '0': CMAKE_PREFIX_PATH=/home/tolasing/ros2_ws/src/cartographer:/usr/lib/x86_64-linux-gnu/libserial.so:/home/tolasing/ros2_ws/src/cartographer:/usr/lib/x86_64-linux-gnu/libserial.so:/home/tolasing/ros2_ws/install/serial_driver:/home/tolasing/ros2_ws/install/motor_control:/home/tolasing/ros2_ws/install/service_pkg:/home/tolasing/ros2_ws/install/nav2_project:/opt/ros/humble:/home/tolasing/ros2_ws/install/serial:/home/tolasing/ros2_ws/install/prototype:/home/tolasing/ros2_ws/install/nav2_course:/home/tolasing/ros2_ws/install/io_context:/home/tolasing/ros2_ws/install/asio_cmake_module /usr/bin/cmake --build /home/tolasing/ros2_ws/build/cartographer -- -j8 -l8
[252.729s] Invoking command in '/home/tolasing/ros2_ws/build/cartographer': CMAKE_PREFIX_PATH=/home/tolasing/ros2_ws/src/cartographer:/usr/lib/x86_64-linux-gnu/libserial.so:/home/tolasing/ros2_ws/src/cartographer:/usr/lib/x86_64-linux-gnu/libserial.so:/home/tolasing/ros2_ws/install/serial_driver:/home/tolasing/ros2_ws/install/motor_control:/home/tolasing/ros2_ws/install/service_pkg:/home/tolasing/ros2_ws/install/nav2_project:/opt/ros/humble:/home/tolasing/ros2_ws/install/serial:/home/tolasing/ros2_ws/install/prototype:/home/tolasing/ros2_ws/install/nav2_course:/home/tolasing/ros2_ws/install/io_context:/home/tolasing/ros2_ws/install/asio_cmake_module /usr/bin/cmake --install /home/tolasing/ros2_ws/build/cartographer
[252.739s] -- Install configuration: "Release"
[252.740s] -- Installing: /home/tolasing/ros2_ws/install/cartographer/share/cartographer/package.xml
[252.741s] -- Installing: /home/tolasing/ros2_ws/install/cartographer/share/cartographer//configuration_files
[252.741s] -- Installing: /home/tolasing/ros2_ws/install/cartographer/share/cartographer//configuration_files/map_builder_server.lua
[252.741s] -- Installing: /home/tolasing/ros2_ws/install/cartographer/share/cartographer//configuration_files/pose_graph.lua
[252.741s] -- Installing: /home/tolasing/ros2_ws/install/cartographer/share/cartographer//configuration_files/trajectory_builder_3d.lua
[252.742s] -- Installing: /home/tolasing/ros2_ws/install/cartographer/share/cartographer//configuration_files/trajectory_builder.lua
[252.742s] -- Installing: /home/tolasing/ros2_ws/install/cartographer/share/cartographer//configuration_files/trajectory_builder_2d.lua
[252.742s] -- Installing: /home/tolasing/ros2_ws/install/cartographer/share/cartographer//configuration_files/map_builder.lua
[252.742s] -- Installing: /home/tolasing/ros2_ws/install/cartographer/share/cartographer//cmake
[252.743s] -- Installing: /home/tolasing/ros2_ws/install/cartographer/share/cartographer//cmake/modules
[252.743s] -- Installing: /home/tolasing/ros2_ws/install/cartographer/share/cartographer//cmake/modules/FindSphinx.cmake
[252.743s] -- Installing: /home/tolasing/ros2_ws/install/cartographer/share/cartographer//cmake/modules/FindGMock.cmake
[252.743s] -- Installing: /home/tolasing/ros2_ws/install/cartographer/share/cartographer//cmake/modules/FindEigen3.cmake
[252.743s] -- Installing: /home/tolasing/ros2_ws/install/cartographer/share/cartographer//cmake/modules/FindLuaGoogle.cmake
[252.743s] -- Installing: /home/tolasing/ros2_ws/install/cartographer/share/cartographer//cmake/functions.cmake
[252.744s] -- Installing: /home/tolasing/ros2_ws/install/cartographer/bin/cartographer_autogenerate_ground_truth
[252.754s] -- Installing: /home/tolasing/ros2_ws/install/cartographer/bin/cartographer_compute_relations_metrics
[252.764s] -- Installing: /home/tolasing/ros2_ws/install/cartographer/bin/cartographer_pbstream
[252.777s] -- Installing: /home/tolasing/ros2_ws/install/cartographer/bin/cartographer_print_configuration
[252.778s] -- Installing: /home/tolasing/ros2_ws/install/cartographer/lib/libcartographer.a
[252.792s] -- Installing: /home/tolasing/ros2_ws/install/cartographer/include/cartographer/common/configuration_file_resolver.h
[252.792s] -- Installing: /home/tolasing/ros2_ws/install/cartographer/include/cartographer/common/fixed_ratio_sampler.h
[252.793s] -- Installing: /home/tolasing/ros2_ws/install/cartographer/include/cartographer/common/histogram.h
[252.793s] -- Installing: /home/tolasing/ros2_ws/install/cartographer/include/cartographer/common/lua.h
[252.793s] -- Installing: /home/tolasing/ros2_ws/install/cartographer/include/cartographer/common/lua_parameter_dictionary.h
[252.793s] -- Installing: /home/tolasing/ros2_ws/install/cartographer/include/cartographer/common/math.h
[252.794s] -- Installing: /home/tolasing/ros2_ws/install/cartographer/include/cartographer/common/port.h
[252.794s] -- Installing: /home/tolasing/ros2_ws/install/cartographer/include/cartographer/common/task.h
[252.794s] -- Installing: /home/tolasing/ros2_ws/install/cartographer/include/cartographer/common/thread_pool.h
[252.794s] -- Installing: /home/tolasing/ros2_ws/install/cartographer/include/cartographer/common/time.h
[252.795s] -- Installing: /home/tolasing/ros2_ws/install/cartographer/include/cartographer/ground_truth/autogenerate_ground_truth.h
[252.795s] -- Installing: /home/tolasing/ros2_ws/install/cartographer/include/cartographer/ground_truth/relations_text_file.h
[252.795s] -- Installing: /home/tolasing/ros2_ws/install/cartographer/include/cartographer/io/color.h
[252.795s] -- Installing: /home/tolasing/ros2_ws/install/cartographer/include/cartographer/io/coloring_points_processor.h
[252.795s] -- Installing: /home/tolasing/ros2_ws/install/cartographer/include/cartographer/io/counting_points_processor.h
[252.796s] -- Installing: /home/tolasing/ros2_ws/install/cartographer/include/cartographer/io/draw_trajectories.h
[252.796s] -- Installing: /home/tolasing/ros2_ws/install/cartographer/include/cartographer/io/file_writer.h
[252.796s] -- Installing: /home/tolasing/ros2_ws/install/cartographer/include/cartographer/io/fixed_ratio_sampling_points_processor.h
[252.796s] -- Installing: /home/tolasing/ros2_ws/install/cartographer/include/cartographer/io/frame_id_filtering_points_processor.h
[252.797s] -- Installing: /home/tolasing/ros2_ws/install/cartographer/include/cartographer/io/hybrid_grid_points_processor.h
[252.797s] -- Installing: /home/tolasing/ros2_ws/install/cartographer/include/cartographer/io/image.h
[252.797s] -- Installing: /home/tolasing/ros2_ws/install/cartographer/include/cartographer/io/intensity_to_color_points_processor.h
[252.798s] -- Installing: /home/tolasing/ros2_ws/install/cartographer/include/cartographer/io/min_max_range_filtering_points_processor.h
[252.798s] -- Installing: /home/tolasing/ros2_ws/install/cartographer/include/cartographer/io/null_points_processor.h
[252.798s] -- Installing: /home/tolasing/ros2_ws/install/cartographer/include/cartographer/io/outlier_removing_points_processor.h
[252.798s] -- Installing: /home/tolasing/ros2_ws/install/cartographer/include/cartographer/io/pcd_writing_points_processor.h
[252.799s] -- Installing: /home/tolasing/ros2_ws/install/cartographer/include/cartographer/io/ply_writing_points_processor.h
[252.799s] -- Installing: /home/tolasing/ros2_ws/install/cartographer/include/cartographer/io/points_batch.h
[252.799s] -- Installing: /home/tolasing/ros2_ws/install/cartographer/include/cartographer/io/points_processor.h
[252.800s] -- Installing: /home/tolasing/ros2_ws/install/cartographer/include/cartographer/io/points_processor_pipeline_builder.h
[252.800s] -- Installing: /home/tolasing/ros2_ws/install/cartographer/include/cartographer/io/probability_grid_points_processor.h
[252.800s] -- Installing: /home/tolasing/ros2_ws/install/cartographer/include/cartographer/io/proto_stream.h
[252.801s] -- Installing: /home/tolasing/ros2_ws/install/cartographer/include/cartographer/io/proto_stream_deserializer.h
[252.801s] -- Installing: /home/tolasing/ros2_ws/install/cartographer/include/cartographer/io/proto_stream_interface.h
[252.801s] -- Installing: /home/tolasing/ros2_ws/install/cartographer/include/cartographer/io/serialization_format_migration.h
[252.802s] -- Installing: /home/tolasing/ros2_ws/install/cartographer/include/cartographer/io/submap_painter.h
[252.802s] -- Installing: /home/tolasing/ros2_ws/install/cartographer/include/cartographer/io/vertical_range_filtering_points_processor.h
[252.802s] -- Installing: /home/tolasing/ros2_ws/install/cartographer/include/cartographer/io/xray_points_processor.h
[252.802s] -- Installing: /home/tolasing/ros2_ws/install/cartographer/include/cartographer/io/xyz_writing_points_processor.h
[252.803s] -- Installing: /home/tolasing/ros2_ws/install/cartographer/include/cartographer/mapping/2d/grid_2d.h
[252.803s] -- Installing: /home/tolasing/ros2_ws/install/cartographer/include/cartographer/mapping/2d/map_limits.h
[252.803s] -- Installing: /home/tolasing/ros2_ws/install/cartographer/include/cartographer/mapping/2d/probability_grid.h
[252.804s] -- Installing: /home/tolasing/ros2_ws/install/cartographer/include/cartographer/mapping/2d/probability_grid_range_data_inserter_2d.h
[252.804s] -- Installing: /home/tolasing/ros2_ws/install/cartographer/include/cartographer/mapping/2d/submap_2d.h
[252.804s] -- Installing: /home/tolasing/ros2_ws/install/cartographer/include/cartographer/mapping/2d/xy_index.h
[252.804s] -- Installing: /home/tolasing/ros2_ws/install/cartographer/include/cartographer/mapping/3d/hybrid_grid.h
[252.804s] -- Installing: /home/tolasing/ros2_ws/install/cartographer/include/cartographer/mapping/3d/range_data_inserter_3d.h
[252.804s] -- Installing: /home/tolasing/ros2_ws/install/cartographer/include/cartographer/mapping/3d/submap_3d.h
[252.804s] -- Installing: /home/tolasing/ros2_ws/install/cartographer/include/cartographer/mapping/detect_floors.h
[252.805s] -- Installing: /home/tolasing/ros2_ws/install/cartographer/include/cartographer/mapping/grid_interface.h
[252.805s] -- Installing: /home/tolasing/ros2_ws/install/cartographer/include/cartographer/mapping/id.h
[252.805s] -- Installing: /home/tolasing/ros2_ws/install/cartographer/include/cartographer/mapping/imu_tracker.h
[252.805s] -- Installing: /home/tolasing/ros2_ws/install/cartographer/include/cartographer/mapping/map_builder.h
[252.805s] -- Installing: /home/tolasing/ros2_ws/install/cartographer/include/cartographer/mapping/map_builder_interface.h
[252.805s] -- Installing: /home/tolasing/ros2_ws/install/cartographer/include/cartographer/mapping/pose_extrapolator.h
[252.806s] -- Installing: /home/tolasing/ros2_ws/install/cartographer/include/cartographer/mapping/pose_extrapolator_interface.h
[252.806s] -- Installing: /home/tolasing/ros2_ws/install/cartographer/include/cartographer/mapping/pose_graph.h
[252.806s] -- Installing: /home/tolasing/ros2_ws/install/cartographer/include/cartographer/mapping/pose_graph_interface.h
[252.806s] -- Installing: /home/tolasing/ros2_ws/install/cartographer/include/cartographer/mapping/pose_graph_trimmer.h
[252.806s] -- Installing: /home/tolasing/ros2_ws/install/cartographer/include/cartographer/mapping/probability_values.h
[252.806s] -- Installing: /home/tolasing/ros2_ws/install/cartographer/include/cartographer/mapping/range_data_inserter_interface.h
[252.807s] -- Installing: /home/tolasing/ros2_ws/install/cartographer/include/cartographer/mapping/submaps.h
[252.807s] -- Installing: /home/tolasing/ros2_ws/install/cartographer/include/cartographer/mapping/trajectory_builder_interface.h
[252.807s] -- Installing: /home/tolasing/ros2_ws/install/cartographer/include/cartographer/mapping/trajectory_node.h
[252.807s] -- Installing: /home/tolasing/ros2_ws/install/cartographer/include/cartographer/mapping/value_conversion_tables.h
[252.807s] -- Installing: /home/tolasing/ros2_ws/install/cartographer/include/cartographer/metrics/counter.h
[252.807s] -- Installing: /home/tolasing/ros2_ws/install/cartographer/include/cartographer/metrics/family_factory.h
[252.807s] -- Installing: /home/tolasing/ros2_ws/install/cartographer/include/cartographer/metrics/gauge.h
[252.808s] -- Installing: /home/tolasing/ros2_ws/install/cartographer/include/cartographer/metrics/histogram.h
[252.808s] -- Installing: /home/tolasing/ros2_ws/install/cartographer/include/cartographer/metrics/register.h
[252.808s] -- Installing: /home/tolasing/ros2_ws/install/cartographer/include/cartographer/sensor/collator_interface.h
[252.808s] -- Installing: /home/tolasing/ros2_ws/install/cartographer/include/cartographer/sensor/compressed_point_cloud.h
[252.808s] -- Installing: /home/tolasing/ros2_ws/install/cartographer/include/cartographer/sensor/data.h
[252.808s] -- Installing: /home/tolasing/ros2_ws/install/cartographer/include/cartographer/sensor/fixed_frame_pose_data.h
[252.808s] -- Installing: /home/tolasing/ros2_ws/install/cartographer/include/cartographer/sensor/imu_data.h
[252.809s] -- Installing: /home/tolasing/ros2_ws/install/cartographer/include/cartographer/sensor/landmark_data.h
[252.809s] -- Installing: /home/tolasing/ros2_ws/install/cartographer/include/cartographer/sensor/map_by_time.h
[252.809s] -- Installing: /home/tolasing/ros2_ws/install/cartographer/include/cartographer/sensor/odometry_data.h
[252.809s] -- Installing: /home/tolasing/ros2_ws/install/cartographer/include/cartographer/sensor/point_cloud.h
[252.809s] -- Installing: /home/tolasing/ros2_ws/install/cartographer/include/cartographer/sensor/range_data.h
[252.809s] -- Installing: /home/tolasing/ros2_ws/install/cartographer/include/cartographer/sensor/rangefinder_point.h
[252.809s] -- Installing: /home/tolasing/ros2_ws/install/cartographer/include/cartographer/sensor/timed_point_cloud_data.h
[252.810s] -- Installing: /home/tolasing/ros2_ws/install/cartographer/include/cartographer/transform/rigid_transform.h
[252.810s] -- Installing: /home/tolasing/ros2_ws/install/cartographer/include/cartographer/transform/timestamped_transform.h
[252.810s] -- Installing: /home/tolasing/ros2_ws/install/cartographer/include/cartographer/transform/transform.h
[252.810s] -- Installing: /home/tolasing/ros2_ws/install/cartographer/include/cartographer/transform/transform_interpolation_buffer.h
[252.810s] -- Installing: /home/tolasing/ros2_ws/install/cartographer/include/cartographer/io/fake_file_writer.h
[252.810s] -- Installing: /home/tolasing/ros2_ws/install/cartographer/include/cartographer/transform/rigid_transform_test_helpers.h
[252.810s] -- Installing: /home/tolasing/ros2_ws/install/cartographer/include/cartographer/common/proto/ceres_solver_options.pb.h
[252.811s] -- Installing: /home/tolasing/ros2_ws/install/cartographer/include/cartographer/ground_truth/proto/relations.pb.h
[252.811s] -- Installing: /home/tolasing/ros2_ws/install/cartographer/include/cartographer/mapping/proto/cell_limits_2d.pb.h
[252.811s] -- Installing: /home/tolasing/ros2_ws/install/cartographer/include/cartographer/mapping/proto/connected_components.pb.h
[252.811s] -- Installing: /home/tolasing/ros2_ws/install/cartographer/include/cartographer/mapping/proto/grid_2d.pb.h
[252.811s] -- Installing: /home/tolasing/ros2_ws/install/cartographer/include/cartographer/mapping/proto/grid_2d_options.pb.h
[252.811s] -- Installing: /home/tolasing/ros2_ws/install/cartographer/include/cartographer/mapping/proto/hybrid_grid.pb.h
[252.811s] -- Installing: /home/tolasing/ros2_ws/install/cartographer/include/cartographer/mapping/proto/local_trajectory_builder_options_2d.pb.h
[252.812s] -- Installing: /home/tolasing/ros2_ws/install/cartographer/include/cartographer/mapping/proto/local_trajectory_builder_options_3d.pb.h
[252.812s] -- Installing: /home/tolasing/ros2_ws/install/cartographer/include/cartographer/mapping/proto/map_builder_options.pb.h
[252.812s] -- Installing: /home/tolasing/ros2_ws/install/cartographer/include/cartographer/mapping/proto/map_limits.pb.h
[252.812s] -- Installing: /home/tolasing/ros2_ws/install/cartographer/include/cartographer/mapping/proto/motion_filter_options.pb.h
[252.812s] -- Installing: /home/tolasing/ros2_ws/install/cartographer/include/cartographer/mapping/proto/normal_estimation_options_2d.pb.h
[252.812s] -- Installing: /home/tolasing/ros2_ws/install/cartographer/include/cartographer/mapping/proto/pose_extrapolator_options.pb.h
[252.812s] -- Installing: /home/tolasing/ros2_ws/install/cartographer/include/cartographer/mapping/proto/pose_graph.pb.h
[252.813s] -- Installing: /home/tolasing/ros2_ws/install/cartographer/include/cartographer/mapping/proto/pose_graph/constraint_builder_options.pb.h
[252.813s] -- Installing: /home/tolasing/ros2_ws/install/cartographer/include/cartographer/mapping/proto/pose_graph/optimization_problem_options.pb.h
[252.813s] -- Installing: /home/tolasing/ros2_ws/install/cartographer/include/cartographer/mapping/proto/pose_graph_options.pb.h
[252.813s] -- Installing: /home/tolasing/ros2_ws/install/cartographer/include/cartographer/mapping/proto/probability_grid.pb.h
[252.813s] -- Installing: /home/tolasing/ros2_ws/install/cartographer/include/cartographer/mapping/proto/probability_grid_range_data_inserter_options_2d.pb.h
[252.814s] -- Installing: /home/tolasing/ros2_ws/install/cartographer/include/cartographer/mapping/proto/range_data_inserter_options.pb.h
[252.814s] -- Installing: /home/tolasing/ros2_ws/install/cartographer/include/cartographer/mapping/proto/range_data_inserter_options_3d.pb.h
[252.814s] -- Installing: /home/tolasing/ros2_ws/install/cartographer/include/cartographer/mapping/proto/scan_matching/ceres_scan_matcher_options_2d.pb.h
[252.814s] -- Installing: /home/tolasing/ros2_ws/install/cartographer/include/cartographer/mapping/proto/scan_matching/ceres_scan_matcher_options_3d.pb.h
[252.815s] -- Installing: /home/tolasing/ros2_ws/install/cartographer/include/cartographer/mapping/proto/scan_matching/fast_correlative_scan_matcher_options_2d.pb.h
[252.815s] -- Installing: /home/tolasing/ros2_ws/install/cartographer/include/cartographer/mapping/proto/scan_matching/fast_correlative_scan_matcher_options_3d.pb.h
[252.815s] -- Installing: /home/tolasing/ros2_ws/install/cartographer/include/cartographer/mapping/proto/scan_matching/real_time_correlative_scan_matcher_options.pb.h
[252.815s] -- Installing: /home/tolasing/ros2_ws/install/cartographer/include/cartographer/mapping/proto/serialization.pb.h
[252.816s] -- Installing: /home/tolasing/ros2_ws/install/cartographer/include/cartographer/mapping/proto/submap.pb.h
[252.816s] -- Installing: /home/tolasing/ros2_ws/install/cartographer/include/cartographer/mapping/proto/submap_visualization.pb.h
[252.816s] -- Installing: /home/tolasing/ros2_ws/install/cartographer/include/cartographer/mapping/proto/submaps_options_2d.pb.h
[252.816s] -- Installing: /home/tolasing/ros2_ws/install/cartographer/include/cartographer/mapping/proto/submaps_options_3d.pb.h
[252.816s] -- Installing: /home/tolasing/ros2_ws/install/cartographer/include/cartographer/mapping/proto/trajectory.pb.h
[252.817s] -- Installing: /home/tolasing/ros2_ws/install/cartographer/include/cartographer/mapping/proto/trajectory_builder_options.pb.h
[252.817s] -- Installing: /home/tolasing/ros2_ws/install/cartographer/include/cartographer/mapping/proto/trajectory_node_data.pb.h
[252.817s] -- Installing: /home/tolasing/ros2_ws/install/cartographer/include/cartographer/mapping/proto/tsdf_2d.pb.h
[252.817s] -- Installing: /home/tolasing/ros2_ws/install/cartographer/include/cartographer/mapping/proto/tsdf_range_data_inserter_options_2d.pb.h
[252.818s] -- Installing: /home/tolasing/ros2_ws/install/cartographer/include/cartographer/sensor/proto/adaptive_voxel_filter_options.pb.h
[252.818s] -- Installing: /home/tolasing/ros2_ws/install/cartographer/include/cartographer/sensor/proto/sensor.pb.h
[252.819s] -- Installing: /home/tolasing/ros2_ws/install/cartographer/include/cartographer/transform/proto/timestamped_transform.pb.h
[252.819s] -- Installing: /home/tolasing/ros2_ws/install/cartographer/include/cartographer/transform/proto/transform.pb.h
[252.819s] -- Installing: /home/tolasing/ros2_ws/install/cartographer/share/cartographer/cmake/CartographerTargets.cmake
[252.820s] -- Installing: /home/tolasing/ros2_ws/install/cartographer/share/cartographer/cmake/CartographerTargets-release.cmake
[252.820s] -- Installing: /home/tolasing/ros2_ws/install/cartographer/share/cartographer/cartographer-config.cmake
[252.825s] Invoked command in '/home/tolasing/ros2_ws/build/cartographer' returned '0': CMAKE_PREFIX_PATH=/home/tolasing/ros2_ws/src/cartographer:/usr/lib/x86_64-linux-gnu/libserial.so:/home/tolasing/ros2_ws/src/cartographer:/usr/lib/x86_64-linux-gnu/libserial.so:/home/tolasing/ros2_ws/install/serial_driver:/home/tolasing/ros2_ws/install/motor_control:/home/tolasing/ros2_ws/install/service_pkg:/home/tolasing/ros2_ws/install/nav2_project:/opt/ros/humble:/home/tolasing/ros2_ws/install/serial:/home/tolasing/ros2_ws/install/prototype:/home/tolasing/ros2_ws/install/nav2_course:/home/tolasing/ros2_ws/install/io_context:/home/tolasing/ros2_ws/install/asio_cmake_module /usr/bin/cmake --install /home/tolasing/ros2_ws/build/cartographer
