[0.674s] Invoking command in '/home/tolasing/ros2_ws/build/prototype': CMAKE_PREFIX_PATH=/home/tolasing/ros2_ws/src/cartographer:/usr/lib/x86_64-linux-gnu/libserial.so:/home/tolasing/ros2_ws/src/cartographer:/usr/lib/x86_64-linux-gnu/libserial.so:/home/tolasing/ros2_ws/install/udp_driver:/home/tolasing/ros2_ws/install/serial_driver:/home/tolasing/ros2_ws/install/motor_control:/home/tolasing/ros2_ws/install/service_pkg:/home/tolasing/ros2_ws/install/nav2_project:/opt/ros/humble:/home/tolasing/ros2_ws/install/serial:/home/tolasing/ros2_ws/install/prototype:/home/tolasing/ros2_ws/install/nav2_course:/home/tolasing/ros2_ws/install/io_context:/home/tolasing/ros2_ws/install/gazebo_sim:/home/tolasing/ros2_ws/install/cartographer_slam:/home/tolasing/ros2_ws/install/cartographer:/home/tolasing/ros2_ws/install/asio_cmake_module /usr/bin/cmake --build /home/tolasing/ros2_ws/build/prototype -- -j8 -l8
[0.827s] Invoked command in '/home/tolasing/ros2_ws/build/prototype' returned '0': CMAKE_PREFIX_PATH=/home/tolasing/ros2_ws/src/cartographer:/usr/lib/x86_64-linux-gnu/libserial.so:/home/tolasing/ros2_ws/src/cartographer:/usr/lib/x86_64-linux-gnu/libserial.so:/home/tolasing/ros2_ws/install/udp_driver:/home/tolasing/ros2_ws/install/serial_driver:/home/tolasing/ros2_ws/install/motor_control:/home/tolasing/ros2_ws/install/service_pkg:/home/tolasing/ros2_ws/install/nav2_project:/opt/ros/humble:/home/tolasing/ros2_ws/install/serial:/home/tolasing/ros2_ws/install/prototype:/home/tolasing/ros2_ws/install/nav2_course:/home/tolasing/ros2_ws/install/io_context:/home/tolasing/ros2_ws/install/gazebo_sim:/home/tolasing/ros2_ws/install/cartographer_slam:/home/tolasing/ros2_ws/install/cartographer:/home/tolasing/ros2_ws/install/asio_cmake_module /usr/bin/cmake --build /home/tolasing/ros2_ws/build/prototype -- -j8 -l8
[1.087s] Invoking command in '/home/tolasing/ros2_ws/build/prototype': CMAKE_PREFIX_PATH=/home/tolasing/ros2_ws/src/cartographer:/usr/lib/x86_64-linux-gnu/libserial.so:/home/tolasing/ros2_ws/src/cartographer:/usr/lib/x86_64-linux-gnu/libserial.so:/home/tolasing/ros2_ws/install/udp_driver:/home/tolasing/ros2_ws/install/serial_driver:/home/tolasing/ros2_ws/install/motor_control:/home/tolasing/ros2_ws/install/service_pkg:/home/tolasing/ros2_ws/install/nav2_project:/opt/ros/humble:/home/tolasing/ros2_ws/install/serial:/home/tolasing/ros2_ws/install/prototype:/home/tolasing/ros2_ws/install/nav2_course:/home/tolasing/ros2_ws/install/io_context:/home/tolasing/ros2_ws/install/gazebo_sim:/home/tolasing/ros2_ws/install/cartographer_slam:/home/tolasing/ros2_ws/install/cartographer:/home/tolasing/ros2_ws/install/asio_cmake_module /usr/bin/cmake --install /home/tolasing/ros2_ws/build/prototype
[1.147s] -- Install configuration: ""
[1.147s] -- Up-to-date: /home/tolasing/ros2_ws/install/prototype/share/prototype//launch
[1.147s] -- Up-to-date: /home/tolasing/ros2_ws/install/prototype/share/prototype//launch/control_velocity.launch.py
[1.147s] -- Up-to-date: /home/tolasing/ros2_ws/install/prototype/share/prototype//launch/prototype_publisher.launch.py
[1.147s] -- Up-to-date: /home/tolasing/ros2_ws/install/prototype/share/prototype//launch/launch_mo.launch.py
[1.148s] -- Up-to-date: /home/tolasing/ros2_ws/install/prototype/share/prototype//launch/spawn.launch.xml
[1.148s] -- Up-to-date: /home/tolasing/ros2_ws/install/prototype/share/prototype//launch/auto_run.py
[1.148s] -- Up-to-date: /home/tolasing/ros2_ws/install/prototype/share/prototype//launch/spawn_pos.launch.py
[1.148s] -- Up-to-date: /home/tolasing/ros2_ws/install/prototype/share/prototype//launch/launch_arduino.launch.py
[1.148s] -- Up-to-date: /home/tolasing/ros2_ws/install/prototype/share/prototype//worlds
[1.148s] -- Up-to-date: /home/tolasing/ros2_ws/install/prototype/share/prototype//worlds/empty_world.world
[1.148s] -- Up-to-date: /home/tolasing/ros2_ws/install/prototype/share/prototype//models
[1.149s] -- Up-to-date: /home/tolasing/ros2_ws/install/prototype/share/prototype//models/model.config
[1.149s] -- Up-to-date: /home/tolasing/ros2_ws/install/prototype/share/prototype//models/model.sdf
[1.149s] -- Up-to-date: /home/tolasing/ros2_ws/install/prototype/share/prototype//models/box_room
[1.149s] -- Up-to-date: /home/tolasing/ros2_ws/install/prototype/share/prototype//models/box_room/meshes
[1.149s] -- Up-to-date: /home/tolasing/ros2_ws/install/prototype/share/prototype//models/box_room/meshes/box_room.dae
[1.150s] -- Up-to-date: /home/tolasing/ros2_ws/install/prototype/share/prototype//models/box_room/meshes/chambre.png
[1.150s] -- Up-to-date: /home/tolasing/ros2_ws/install/prototype/share/prototype//urdf
[1.150s] -- Up-to-date: /home/tolasing/ros2_ws/install/prototype/share/prototype//urdf/prototype.control.xacro
[1.150s] -- Installing: /home/tolasing/ros2_ws/install/prototype/share/prototype//urdf/prototype.xacro
[1.150s] -- Up-to-date: /home/tolasing/ros2_ws/install/prototype/share/prototype//meshes
[1.150s] -- Up-to-date: /home/tolasing/ros2_ws/install/prototype/share/prototype//meshes/motor .png
[1.150s] -- Up-to-date: /home/tolasing/ros2_ws/install/prototype/share/prototype//meshes/crane_base.png
[1.151s] -- Up-to-date: /home/tolasing/ros2_ws/install/prototype/share/prototype//meshes/gear color.png
[1.151s] -- Up-to-date: /home/tolasing/ros2_ws/install/prototype/share/prototype//meshes/lambert3_baseColor.png
[1.151s] -- Up-to-date: /home/tolasing/ros2_ws/install/prototype/share/prototype//meshes/Material Base Color.png
[1.151s] -- Up-to-date: /home/tolasing/ros2_ws/install/prototype/share/prototype//meshes/crane base.png
[1.157s] -- Up-to-date: /home/tolasing/ros2_ws/install/prototype/share/prototype//meshes/sensors
[1.157s] -- Up-to-date: /home/tolasing/ros2_ws/install/prototype/share/prototype//meshes/sensors/rplidar.dae
[1.158s] -- Up-to-date: /home/tolasing/ros2_ws/install/prototype/share/prototype//meshes/sensors/rplidartexture.png
[1.158s] -- Up-to-date: /home/tolasing/ros2_ws/install/prototype/share/prototype//meshes/sensors/realsense.dae
[1.158s] -- Up-to-date: /home/tolasing/ros2_ws/install/prototype/share/prototype//meshes/Material.005 Base Color.png
[1.158s] -- Up-to-date: /home/tolasing/ros2_ws/install/prototype/share/prototype//meshes/crane.blend1
[1.158s] -- Up-to-date: /home/tolasing/ros2_ws/install/prototype/share/prototype//meshes/textures
[1.158s] -- Up-to-date: /home/tolasing/ros2_ws/install/prototype/share/prototype//meshes/textures/lambert3_baseColor.png
[1.159s] -- Up-to-date: /home/tolasing/ros2_ws/install/prototype/share/prototype//meshes/first wheel.blend
[1.159s] -- Up-to-date: /home/tolasing/ros2_ws/install/prototype/share/prototype//meshes/prototype.blend
[1.159s] -- Up-to-date: /home/tolasing/ros2_ws/install/prototype/share/prototype//meshes/crane.dae
[1.159s] -- Up-to-date: /home/tolasing/ros2_ws/install/prototype/share/prototype//meshes/cute_cube.dae
[1.159s] -- Up-to-date: /home/tolasing/ros2_ws/install/prototype/share/prototype//meshes/crane_stand.png
[1.159s] -- Up-to-date: /home/tolasing/ros2_ws/install/prototype/share/prototype//meshes/crane.blend
[1.160s] -- Up-to-date: /home/tolasing/ros2_ws/install/prototype/share/prototype//meshes/prototype.dae
[1.160s] -- Up-to-date: /home/tolasing/ros2_ws/install/prototype/share/prototype//meshes/cute_cube.blend
[1.160s] -- Up-to-date: /home/tolasing/ros2_ws/install/prototype/share/prototype//meshes/crane stand.001.png
[1.160s] -- Up-to-date: /home/tolasing/ros2_ws/install/prototype/share/prototype//config
[1.160s] -- Up-to-date: /home/tolasing/ros2_ws/install/prototype/share/prototype//config/controller_position.yaml
[1.160s] -- Up-to-date: /home/tolasing/ros2_ws/install/prototype/share/prototype//config/controller_shaft.yaml
[1.161s] -- Up-to-date: /home/tolasing/ros2_ws/install/prototype/share/prototype//config/controller_config.yaml
[1.161s] -- Up-to-date: /home/tolasing/ros2_ws/install/prototype/share/prototype//config/velocity.yaml
[1.161s] -- Installing: /home/tolasing/ros2_ws/install/prototype/share/prototype//config/mapper_params_online_async.yaml
[1.161s] -- Up-to-date: /home/tolasing/ros2_ws/install/prototype/share/prototype//config/rr_control.yaml
[1.162s] -- Up-to-date: /home/tolasing/ros2_ws/install/prototype/share/prototype//config/controller_velocity.yaml
[1.162s] -- Up-to-date: /home/tolasing/ros2_ws/install/prototype/share/prototype//scripts
[1.168s] -- Up-to-date: /home/tolasing/ros2_ws/install/prototype/share/prototype//scripts/test.py
[1.168s] -- Up-to-date: /home/tolasing/ros2_ws/install/prototype/share/prototype//scripts/velocity.py
[1.169s] -- Up-to-date: /home/tolasing/ros2_ws/install/prototype/share/prototype//scripts/publisher.py
[1.169s] -- Up-to-date: /home/tolasing/ros2_ws/install/prototype/share/prototype//scripts/service_sample.py
[1.169s] -- Up-to-date: /home/tolasing/ros2_ws/install/prototype/share/prototype//scripts/move_shaft.py
[1.169s] -- Up-to-date: /home/tolasing/ros2_ws/install/prototype/share/prototype//scripts/service_velocity.py
[1.169s] -- Up-to-date: /home/tolasing/ros2_ws/install/prototype/share/prototype//scripts/move_laser.py
[1.169s] -- Up-to-date: /home/tolasing/ros2_ws/install/prototype/lib/prototype/move_laser.py
[1.170s] -- Up-to-date: /home/tolasing/ros2_ws/install/prototype/lib/prototype/move_shaft.py
[1.170s] -- Up-to-date: /home/tolasing/ros2_ws/install/prototype/share/ament_index/resource_index/package_run_dependencies/prototype
[1.170s] -- Up-to-date: /home/tolasing/ros2_ws/install/prototype/share/ament_index/resource_index/parent_prefix_path/prototype
[1.170s] -- Up-to-date: /home/tolasing/ros2_ws/install/prototype/share/prototype/environment/ament_prefix_path.sh
[1.170s] -- Up-to-date: /home/tolasing/ros2_ws/install/prototype/share/prototype/environment/ament_prefix_path.dsv
[1.170s] -- Up-to-date: /home/tolasing/ros2_ws/install/prototype/share/prototype/environment/path.sh
[1.170s] -- Up-to-date: /home/tolasing/ros2_ws/install/prototype/share/prototype/environment/path.dsv
[1.171s] -- Up-to-date: /home/tolasing/ros2_ws/install/prototype/share/prototype/local_setup.bash
[1.171s] -- Up-to-date: /home/tolasing/ros2_ws/install/prototype/share/prototype/local_setup.sh
[1.171s] -- Up-to-date: /home/tolasing/ros2_ws/install/prototype/share/prototype/local_setup.zsh
[1.171s] -- Up-to-date: /home/tolasing/ros2_ws/install/prototype/share/prototype/local_setup.dsv
[1.171s] -- Installing: /home/tolasing/ros2_ws/install/prototype/share/prototype/package.dsv
[1.171s] -- Up-to-date: /home/tolasing/ros2_ws/install/prototype/share/ament_index/resource_index/packages/prototype
[1.172s] -- Up-to-date: /home/tolasing/ros2_ws/install/prototype/share/prototype/cmake/prototypeConfig.cmake
[1.172s] -- Up-to-date: /home/tolasing/ros2_ws/install/prototype/share/prototype/cmake/prototypeConfig-version.cmake
[1.172s] -- Up-to-date: /home/tolasing/ros2_ws/install/prototype/share/prototype/package.xml
[1.271s] Invoked command in '/home/tolasing/ros2_ws/build/prototype' returned '0': CMAKE_PREFIX_PATH=/home/tolasing/ros2_ws/src/cartographer:/usr/lib/x86_64-linux-gnu/libserial.so:/home/tolasing/ros2_ws/src/cartographer:/usr/lib/x86_64-linux-gnu/libserial.so:/home/tolasing/ros2_ws/install/udp_driver:/home/tolasing/ros2_ws/install/serial_driver:/home/tolasing/ros2_ws/install/motor_control:/home/tolasing/ros2_ws/install/service_pkg:/home/tolasing/ros2_ws/install/nav2_project:/opt/ros/humble:/home/tolasing/ros2_ws/install/serial:/home/tolasing/ros2_ws/install/prototype:/home/tolasing/ros2_ws/install/nav2_course:/home/tolasing/ros2_ws/install/io_context:/home/tolasing/ros2_ws/install/gazebo_sim:/home/tolasing/ros2_ws/install/cartographer_slam:/home/tolasing/ros2_ws/install/cartographer:/home/tolasing/ros2_ws/install/asio_cmake_module /usr/bin/cmake --install /home/tolasing/ros2_ws/build/prototype
