[0.024s] Invoking command in '/home/tolasing/ros2_ws/build/cartographer_slam': CMAKE_PREFIX_PATH=/home/tolasing/ros2_ws/install/cartographer:/home/tolasing/ros2_ws/src/cartographer:/usr/lib/x86_64-linux-gnu/libserial.so:/home/tolasing/ros2_ws/src/cartographer:/usr/lib/x86_64-linux-gnu/libserial.so:/home/tolasing/ros2_ws/install/udp_driver:/home/tolasing/ros2_ws/install/serial_driver:/home/tolasing/ros2_ws/install/motor_control:/home/tolasing/ros2_ws/install/service_pkg:/home/tolasing/ros2_ws/install/nav2_project:/opt/ros/humble:/home/tolasing/ros2_ws/install/serial:/home/tolasing/ros2_ws/install/prototype:/home/tolasing/ros2_ws/install/nav2_course:/home/tolasing/ros2_ws/install/io_context:/home/tolasing/ros2_ws/install/gazebo_sim:/home/tolasing/ros2_ws/install/cartographer_slam:/home/tolasing/ros2_ws/install/asio_cmake_module PATH=/home/tolasing/ros2_ws/install/cartographer/bin:/home/tolasing/.local/bin:/opt/ros/humble/bin:/home/tolasing/.local/bin:/usr/local/sbin:/usr/local/bin:/usr/sbin:/usr/bin:/sbin:/bin:/usr/games:/usr/local/games:/snap/bin:/snap/bin PKG_CONFIG_PATH=/home/tolasing/ros2_ws/install/cartographer/lib/x86_64-linux-gnu/pkgconfig:/home/tolasing/ros2_ws/install/cartographer/lib/pkgconfig:/home/tolasing/ros2_ws/install/serial/lib/x86_64-linux-gnu/pkgconfig:/home/tolasing/ros2_ws/install/serial/lib/pkgconfig /usr/bin/cmake --build /home/tolasing/ros2_ws/build/cartographer_slam -- -j8 -l8
[0.078s] -- Found ament_cmake: 1.3.3 (/opt/ros/humble/share/ament_cmake/cmake)
[0.245s] -- Override CMake install command with custom implementation using symlinks instead of copying resources
[0.267s] [31mCMake Error at CMakeLists.txt:10 (find_package):
[0.267s]   By not providing "Findcartograpr.cmake" in CMAKE_MODULE_PATH this project
[0.267s]   has asked CMake to find a package configuration file provided by
[0.267s]   "cartograpr", but CMake did not find one.
[0.267s] 
[0.267s]   Could not find a package configuration file provided by "cartograpr" with
[0.267s]   any of the following names:
[0.268s] 
[0.268s]     cartograprConfig.cmake
[0.268s]     cartograpr-config.cmake
[0.268s] 
[0.268s]   Add the installation prefix of "cartograpr" to CMAKE_PREFIX_PATH or set
[0.268s]   "cartograpr_DIR" to a directory containing one of the above files.  If
[0.268s]   "cartograpr" provides a separate development package or SDK, be sure it has
[0.268s]   been installed.
[0.268s] 
[0.269s] [0m
[0.269s] -- Configuring incomplete, errors occurred!
[0.269s] See also "/home/tolasing/ros2_ws/build/cartographer_slam/CMakeFiles/CMakeOutput.log".
[0.270s] gmake: *** [Makefile:226: cmake_check_build_system] Error 1
[0.275s] Invoked command in '/home/tolasing/ros2_ws/build/cartographer_slam' returned '2': CMAKE_PREFIX_PATH=/home/tolasing/ros2_ws/install/cartographer:/home/tolasing/ros2_ws/src/cartographer:/usr/lib/x86_64-linux-gnu/libserial.so:/home/tolasing/ros2_ws/src/cartographer:/usr/lib/x86_64-linux-gnu/libserial.so:/home/tolasing/ros2_ws/install/udp_driver:/home/tolasing/ros2_ws/install/serial_driver:/home/tolasing/ros2_ws/install/motor_control:/home/tolasing/ros2_ws/install/service_pkg:/home/tolasing/ros2_ws/install/nav2_project:/opt/ros/humble:/home/tolasing/ros2_ws/install/serial:/home/tolasing/ros2_ws/install/prototype:/home/tolasing/ros2_ws/install/nav2_course:/home/tolasing/ros2_ws/install/io_context:/home/tolasing/ros2_ws/install/gazebo_sim:/home/tolasing/ros2_ws/install/cartographer_slam:/home/tolasing/ros2_ws/install/asio_cmake_module PATH=/home/tolasing/ros2_ws/install/cartographer/bin:/home/tolasing/.local/bin:/opt/ros/humble/bin:/home/tolasing/.local/bin:/usr/local/sbin:/usr/local/bin:/usr/sbin:/usr/bin:/sbin:/bin:/usr/games:/usr/local/games:/snap/bin:/snap/bin PKG_CONFIG_PATH=/home/tolasing/ros2_ws/install/cartographer/lib/x86_64-linux-gnu/pkgconfig:/home/tolasing/ros2_ws/install/cartographer/lib/pkgconfig:/home/tolasing/ros2_ws/install/serial/lib/x86_64-linux-gnu/pkgconfig:/home/tolasing/ros2_ws/install/serial/lib/pkgconfig /usr/bin/cmake --build /home/tolasing/ros2_ws/build/cartographer_slam -- -j8 -l8
