[35m[1mConsolidate compiler generated dependencies of target serial[0m
[ 66%] Built target serial
[35m[1mConsolidate compiler generated dependencies of target serial_example[0m
[100%] Built target serial_example
-- Install configuration: ""
-- Installing: /home/tolasing/ros2_ws/install/serial/share/serial/environment/library_path.sh
-- Installing: /home/tolasing/ros2_ws/install/serial/share/serial/environment/library_path.dsv
-- Installing: /home/tolasing/ros2_ws/install/serial/include/serial
-- Installing: /home/tolasing/ros2_ws/install/serial/include/serial/impl
-- Installing: /home/tolasing/ros2_ws/install/serial/include/serial/impl/unix.h
-- Installing: /home/tolasing/ros2_ws/install/serial/include/serial/impl/win.h
-- Installing: /home/tolasing/ros2_ws/install/serial/include/serial/v8stdint.h
-- Installing: /home/tolasing/ros2_ws/install/serial/include/serial/serial.h
-- Installing: /home/tolasing/ros2_ws/install/serial/lib/libserial.a
-- Up-to-date: /home/tolasing/ros2_ws/install/serial/include/serial/serial.h
-- Up-to-date: /home/tolasing/ros2_ws/install/serial/include/serial/v8stdint.h
-- Installing: /home/tolasing/ros2_ws/install/serial/share/ament_index/resource_index/package_run_dependencies/serial
-- Installing: /home/tolasing/ros2_ws/install/serial/share/ament_index/resource_index/parent_prefix_path/serial
-- Installing: /home/tolasing/ros2_ws/install/serial/share/serial/environment/ament_prefix_path.sh
-- Installing: /home/tolasing/ros2_ws/install/serial/share/serial/environment/ament_prefix_path.dsv
-- Installing: /home/tolasing/ros2_ws/install/serial/share/serial/environment/path.sh
-- Installing: /home/tolasing/ros2_ws/install/serial/share/serial/environment/path.dsv
-- Installing: /home/tolasing/ros2_ws/install/serial/share/serial/local_setup.bash
-- Installing: /home/tolasing/ros2_ws/install/serial/share/serial/local_setup.sh
-- Installing: /home/tolasing/ros2_ws/install/serial/share/serial/local_setup.zsh
-- Installing: /home/tolasing/ros2_ws/install/serial/share/serial/local_setup.dsv
-- Installing: /home/tolasing/ros2_ws/install/serial/share/serial/package.dsv
-- Installing: /home/tolasing/ros2_ws/install/serial/share/ament_index/resource_index/packages/serial
-- Installing: /home/tolasing/ros2_ws/install/serial/share/serial/cmake/serialExport.cmake
-- Installing: /home/tolasing/ros2_ws/install/serial/share/serial/cmake/serialExport-noconfig.cmake
-- Installing: /home/tolasing/ros2_ws/install/serial/share/serial/cmake/ament_cmake_export_targets-extras.cmake
-- Installing: /home/tolasing/ros2_ws/install/serial/share/serial/cmake/ament_cmake_export_include_directories-extras.cmake
-- Installing: /home/tolasing/ros2_ws/install/serial/share/serial/cmake/ament_cmake_export_libraries-extras.cmake
-- Installing: /home/tolasing/ros2_ws/install/serial/share/serial/cmake/ament_cmake_export_dependencies-extras.cmake
-- Installing: /home/tolasing/ros2_ws/install/serial/share/serial/cmake/serialConfig.cmake
-- Installing: /home/tolasing/ros2_ws/install/serial/share/serial/cmake/serialConfig-version.cmake
-- Installing: /home/tolasing/ros2_ws/install/serial/share/serial/package.xml
