[0.019s] Invoking command in '/home/tolasing/ros2_ws/build/serial': /usr/bin/cmake --build /home/tolasing/ros2_ws/build/serial -- -j8 -l8
[0.140s] [35m[1mConsolidate compiler generated dependencies of target serial[0m
[0.158s] [ 66%] Built target serial
[0.171s] [35m[1mConsolidate compiler generated dependencies of target serial_example[0m
[0.187s] [100%] Built target serial_example
[0.200s] Invoked command in '/home/tolasing/ros2_ws/build/serial' returned '0': /usr/bin/cmake --build /home/tolasing/ros2_ws/build/serial -- -j8 -l8
[0.301s] Invoking command in '/home/tolasing/ros2_ws/build/serial': /usr/bin/cmake --install /home/tolasing/ros2_ws/build/serial
[0.312s] -- Install configuration: ""
[0.312s] -- Installing: /home/tolasing/ros2_ws/install/serial/share/serial/environment/library_path.sh
[0.312s] -- Installing: /home/tolasing/ros2_ws/install/serial/share/serial/environment/library_path.dsv
[0.313s] -- Installing: /home/tolasing/ros2_ws/install/serial/include/serial
[0.313s] -- Installing: /home/tolasing/ros2_ws/install/serial/include/serial/impl
[0.314s] -- Installing: /home/tolasing/ros2_ws/install/serial/include/serial/impl/unix.h
[0.314s] -- Installing: /home/tolasing/ros2_ws/install/serial/include/serial/impl/win.h
[0.314s] -- Installing: /home/tolasing/ros2_ws/install/serial/include/serial/v8stdint.h
[0.315s] -- Installing: /home/tolasing/ros2_ws/install/serial/include/serial/serial.h
[0.315s] -- Installing: /home/tolasing/ros2_ws/install/serial/lib/libserial.a
[0.316s] -- Up-to-date: /home/tolasing/ros2_ws/install/serial/include/serial/serial.h
[0.317s] -- Up-to-date: /home/tolasing/ros2_ws/install/serial/include/serial/v8stdint.h
[0.317s] -- Installing: /home/tolasing/ros2_ws/install/serial/share/ament_index/resource_index/package_run_dependencies/serial
[0.317s] -- Installing: /home/tolasing/ros2_ws/install/serial/share/ament_index/resource_index/parent_prefix_path/serial
[0.317s] -- Installing: /home/tolasing/ros2_ws/install/serial/share/serial/environment/ament_prefix_path.sh
[0.318s] -- Installing: /home/tolasing/ros2_ws/install/serial/share/serial/environment/ament_prefix_path.dsv
[0.318s] -- Installing: /home/tolasing/ros2_ws/install/serial/share/serial/environment/path.sh
[0.319s] -- Installing: /home/tolasing/ros2_ws/install/serial/share/serial/environment/path.dsv
[0.319s] -- Installing: /home/tolasing/ros2_ws/install/serial/share/serial/local_setup.bash
[0.319s] -- Installing: /home/tolasing/ros2_ws/install/serial/share/serial/local_setup.sh
[0.319s] -- Installing: /home/tolasing/ros2_ws/install/serial/share/serial/local_setup.zsh
[0.319s] -- Installing: /home/tolasing/ros2_ws/install/serial/share/serial/local_setup.dsv
[0.320s] -- Installing: /home/tolasing/ros2_ws/install/serial/share/serial/package.dsv
[0.320s] -- Installing: /home/tolasing/ros2_ws/install/serial/share/ament_index/resource_index/packages/serial
[0.321s] -- Installing: /home/tolasing/ros2_ws/install/serial/share/serial/cmake/serialExport.cmake
[0.321s] -- Installing: /home/tolasing/ros2_ws/install/serial/share/serial/cmake/serialExport-noconfig.cmake
[0.322s] -- Installing: /home/tolasing/ros2_ws/install/serial/share/serial/cmake/ament_cmake_export_targets-extras.cmake
[0.322s] -- Installing: /home/tolasing/ros2_ws/install/serial/share/serial/cmake/ament_cmake_export_include_directories-extras.cmake
[0.322s] -- Installing: /home/tolasing/ros2_ws/install/serial/share/serial/cmake/ament_cmake_export_libraries-extras.cmake
[0.323s] -- Installing: /home/tolasing/ros2_ws/install/serial/share/serial/cmake/ament_cmake_export_dependencies-extras.cmake
[0.323s] -- Installing: /home/tolasing/ros2_ws/install/serial/share/serial/cmake/serialConfig.cmake
[0.323s] -- Installing: /home/tolasing/ros2_ws/install/serial/share/serial/cmake/serialConfig-version.cmake
[0.323s] -- Installing: /home/tolasing/ros2_ws/install/serial/share/serial/package.xml
[0.326s] Invoked command in '/home/tolasing/ros2_ws/build/serial' returned '0': /usr/bin/cmake --install /home/tolasing/ros2_ws/build/serial
