-- Install configuration: ""
-- Execute custom install script
-- Up-to-date symlink: /home/tolasing/ros2_ws/install/navigator_planner/share/navigator_planner/launch/planner_server.launch.py
-- Up-to-date symlink: /home/tolasing/ros2_ws/install/navigator_planner/share/navigator_planner/config/behavior.xml
-- Up-to-date symlink: /home/tolasing/ros2_ws/install/navigator_planner/share/navigator_planner/config/behavior.yaml
-- Up-to-date symlink: /home/tolasing/ros2_ws/install/navigator_planner/share/navigator_planner/config/bt_navigator.yaml
-- Up-to-date symlink: /home/tolasing/ros2_ws/install/navigator_planner/share/navigator_planner/config/controller_server.yaml
-- Up-to-date symlink: /home/tolasing/ros2_ws/install/navigator_planner/share/navigator_planner/config/global_costmap.yaml
-- Up-to-date symlink: /home/tolasing/ros2_ws/install/navigator_planner/share/navigator_planner/config/nav_params.yaml
-- Symlinking: /home/tolasing/ros2_ws/install/navigator_planner/share/navigator_planner/config/navigate_through_poses_w_replanning_and_recovery.xml
-- Up-to-date symlink: /home/tolasing/ros2_ws/install/navigator_planner/share/navigator_planner/config/navigate_to_pose_w_replanning_and_recovery.xml
-- Up-to-date symlink: /home/tolasing/ros2_ws/install/navigator_planner/share/navigator_planner/config/planner_server.yaml
-- Up-to-date symlink: /home/tolasing/ros2_ws/install/navigator_planner/share/navigator_planner/config/recovery_server.yaml
-- Up-to-date symlink: /home/tolasing/ros2_ws/install/navigator_planner/share/ament_index/resource_index/package_run_dependencies/navigator_planner
-- Up-to-date symlink: /home/tolasing/ros2_ws/install/navigator_planner/share/ament_index/resource_index/parent_prefix_path/navigator_planner
-- Up-to-date symlink: /home/tolasing/ros2_ws/install/navigator_planner/share/navigator_planner/environment/ament_prefix_path.sh
-- Up-to-date symlink: /home/tolasing/ros2_ws/install/navigator_planner/share/navigator_planner/environment/ament_prefix_path.dsv
-- Up-to-date symlink: /home/tolasing/ros2_ws/install/navigator_planner/share/navigator_planner/environment/path.sh
-- Up-to-date symlink: /home/tolasing/ros2_ws/install/navigator_planner/share/navigator_planner/environment/path.dsv
-- Up-to-date symlink: /home/tolasing/ros2_ws/install/navigator_planner/share/navigator_planner/local_setup.bash
-- Up-to-date symlink: /home/tolasing/ros2_ws/install/navigator_planner/share/navigator_planner/local_setup.sh
-- Up-to-date symlink: /home/tolasing/ros2_ws/install/navigator_planner/share/navigator_planner/local_setup.zsh
-- Up-to-date symlink: /home/tolasing/ros2_ws/install/navigator_planner/share/navigator_planner/local_setup.dsv
-- Symlinking: /home/tolasing/ros2_ws/install/navigator_planner/share/navigator_planner/package.dsv
-- Up-to-date symlink: /home/tolasing/ros2_ws/install/navigator_planner/share/ament_index/resource_index/packages/navigator_planner
-- Up-to-date symlink: /home/tolasing/ros2_ws/install/navigator_planner/share/navigator_planner/cmake/navigator_plannerConfig.cmake
-- Up-to-date symlink: /home/tolasing/ros2_ws/install/navigator_planner/share/navigator_planner/cmake/navigator_plannerConfig-version.cmake
-- Up-to-date symlink: /home/tolasing/ros2_ws/install/navigator_planner/share/navigator_planner/package.xml
