[0.031s] Invoking command in '/home/tolasing/ros2_ws/build/ros2_mapping': CMAKE_PREFIX_PATH=/home/tolasing/ros2_ws/src/cartographer:/usr/lib/x86_64-linux-gnu/libserial.so:/home/tolasing/ros2_ws/src/cartographer:/usr/lib/x86_64-linux-gnu/libserial.so:/home/tolasing/ros2_ws/install/serial_driver:/home/tolasing/ros2_ws/install/motor_control:/home/tolasing/ros2_ws/install/path_planner:/opt/ros/humble:/home/tolasing/ros2_ws/install/serial:/home/tolasing/ros2_ws/install/ros2_mapping:/home/tolasing/ros2_ws/install/prototype:/home/tolasing/ros2_ws/install/io_context:/home/tolasing/ros2_ws/install/gazebo_sim:/home/tolasing/ros2_ws/install/asio_cmake_module /usr/bin/cmake --build /home/tolasing/ros2_ws/build/ros2_mapping -- -j8 -l8
[0.140s] Invoked command in '/home/tolasing/ros2_ws/build/ros2_mapping' returned '0': CMAKE_PREFIX_PATH=/home/tolasing/ros2_ws/src/cartographer:/usr/lib/x86_64-linux-gnu/libserial.so:/home/tolasing/ros2_ws/src/cartographer:/usr/lib/x86_64-linux-gnu/libserial.so:/home/tolasing/ros2_ws/install/serial_driver:/home/tolasing/ros2_ws/install/motor_control:/home/tolasing/ros2_ws/install/path_planner:/opt/ros/humble:/home/tolasing/ros2_ws/install/serial:/home/tolasing/ros2_ws/install/ros2_mapping:/home/tolasing/ros2_ws/install/prototype:/home/tolasing/ros2_ws/install/io_context:/home/tolasing/ros2_ws/install/gazebo_sim:/home/tolasing/ros2_ws/install/asio_cmake_module /usr/bin/cmake --build /home/tolasing/ros2_ws/build/ros2_mapping -- -j8 -l8
[0.182s] Invoking command in '/home/tolasing/ros2_ws/build/ros2_mapping': CMAKE_PREFIX_PATH=/home/tolasing/ros2_ws/src/cartographer:/usr/lib/x86_64-linux-gnu/libserial.so:/home/tolasing/ros2_ws/src/cartographer:/usr/lib/x86_64-linux-gnu/libserial.so:/home/tolasing/ros2_ws/install/serial_driver:/home/tolasing/ros2_ws/install/motor_control:/home/tolasing/ros2_ws/install/path_planner:/opt/ros/humble:/home/tolasing/ros2_ws/install/serial:/home/tolasing/ros2_ws/install/ros2_mapping:/home/tolasing/ros2_ws/install/prototype:/home/tolasing/ros2_ws/install/io_context:/home/tolasing/ros2_ws/install/gazebo_sim:/home/tolasing/ros2_ws/install/asio_cmake_module /usr/bin/cmake --install /home/tolasing/ros2_ws/build/ros2_mapping
[0.195s] -- Install configuration: ""
[0.197s] -- Execute custom install script
[0.198s] -- Up-to-date symlink: /home/tolasing/ros2_ws/install/ros2_mapping/share/ros2_mapping/launch/nav2_map_server.launch.py
[0.198s] -- Up-to-date symlink: /home/tolasing/ros2_ws/install/ros2_mapping/share/ros2_mapping/launch/online_async_launch.py
[0.199s] -- Up-to-date symlink: /home/tolasing/ros2_ws/install/ros2_mapping/share/ros2_mapping/config/amcl_config.yaml
[0.199s] -- Up-to-date symlink: /home/tolasing/ros2_ws/install/ros2_mapping/share/ros2_mapping/config/amcl_config_initialized.yaml
[0.200s] -- Up-to-date symlink: /home/tolasing/ros2_ws/install/ros2_mapping/share/ros2_mapping/config/mapper_params_online_async.yaml
[0.200s] -- Up-to-date symlink: /home/tolasing/ros2_ws/install/ros2_mapping/share/ros2_mapping/config/protobot_area.pgm
[0.200s] -- Up-to-date symlink: /home/tolasing/ros2_ws/install/ros2_mapping/share/ros2_mapping/config/protobot_area.yaml
[0.201s] -- Up-to-date symlink: /home/tolasing/ros2_ws/install/ros2_mapping/share/ros2_mapping/config/test_area.pgm
[0.201s] -- Up-to-date symlink: /home/tolasing/ros2_ws/install/ros2_mapping/share/ros2_mapping/config/test_area.yaml
[0.201s] -- Symlinking: /home/tolasing/ros2_ws/install/ros2_mapping/share/ros2_mapping/config/walled_area.pgm
[0.217s] -- Symlinking: /home/tolasing/ros2_ws/install/ros2_mapping/share/ros2_mapping/config/walled_area.yaml
[0.228s] -- Up-to-date symlink: /home/tolasing/ros2_ws/install/ros2_mapping/share/ament_index/resource_index/package_run_dependencies/ros2_mapping
[0.228s] -- Up-to-date symlink: /home/tolasing/ros2_ws/install/ros2_mapping/share/ament_index/resource_index/parent_prefix_path/ros2_mapping
[0.229s] -- Up-to-date symlink: /home/tolasing/ros2_ws/install/ros2_mapping/share/ros2_mapping/environment/ament_prefix_path.sh
[0.229s] -- Up-to-date symlink: /home/tolasing/ros2_ws/install/ros2_mapping/share/ros2_mapping/environment/ament_prefix_path.dsv
[0.229s] -- Up-to-date symlink: /home/tolasing/ros2_ws/install/ros2_mapping/share/ros2_mapping/environment/path.sh
[0.230s] -- Up-to-date symlink: /home/tolasing/ros2_ws/install/ros2_mapping/share/ros2_mapping/environment/path.dsv
[0.230s] -- Up-to-date symlink: /home/tolasing/ros2_ws/install/ros2_mapping/share/ros2_mapping/local_setup.bash
[0.230s] -- Up-to-date symlink: /home/tolasing/ros2_ws/install/ros2_mapping/share/ros2_mapping/local_setup.sh
[0.231s] -- Up-to-date symlink: /home/tolasing/ros2_ws/install/ros2_mapping/share/ros2_mapping/local_setup.zsh
[0.231s] -- Up-to-date symlink: /home/tolasing/ros2_ws/install/ros2_mapping/share/ros2_mapping/local_setup.dsv
[0.232s] -- Symlinking: /home/tolasing/ros2_ws/install/ros2_mapping/share/ros2_mapping/package.dsv
[0.241s] -- Up-to-date symlink: /home/tolasing/ros2_ws/install/ros2_mapping/share/ament_index/resource_index/packages/ros2_mapping
[0.241s] -- Up-to-date symlink: /home/tolasing/ros2_ws/install/ros2_mapping/share/ros2_mapping/cmake/ros2_mappingConfig.cmake
[0.241s] -- Up-to-date symlink: /home/tolasing/ros2_ws/install/ros2_mapping/share/ros2_mapping/cmake/ros2_mappingConfig-version.cmake
[0.242s] -- Up-to-date symlink: /home/tolasing/ros2_ws/install/ros2_mapping/share/ros2_mapping/package.xml
[0.247s] Invoked command in '/home/tolasing/ros2_ws/build/ros2_mapping' returned '0': CMAKE_PREFIX_PATH=/home/tolasing/ros2_ws/src/cartographer:/usr/lib/x86_64-linux-gnu/libserial.so:/home/tolasing/ros2_ws/src/cartographer:/usr/lib/x86_64-linux-gnu/libserial.so:/home/tolasing/ros2_ws/install/serial_driver:/home/tolasing/ros2_ws/install/motor_control:/home/tolasing/ros2_ws/install/path_planner:/opt/ros/humble:/home/tolasing/ros2_ws/install/serial:/home/tolasing/ros2_ws/install/ros2_mapping:/home/tolasing/ros2_ws/install/prototype:/home/tolasing/ros2_ws/install/io_context:/home/tolasing/ros2_ws/install/gazebo_sim:/home/tolasing/ros2_ws/install/asio_cmake_module /usr/bin/cmake --install /home/tolasing/ros2_ws/build/ros2_mapping
