[0.073s] Invoking command in '/home/tolasing/ros2_ws/build/serial': /usr/bin/cmake --build /home/tolasing/ros2_ws/build/serial -- -j8 -l8
[0.195s] [ 66%] Built target serial
[0.228s] [100%] Built target serial_example
[0.297s] Invoked command in '/home/tolasing/ros2_ws/build/serial' returned '0': /usr/bin/cmake --build /home/tolasing/ros2_ws/build/serial -- -j8 -l8
[0.466s] Invoking command in '/home/tolasing/ros2_ws/build/serial': /usr/bin/cmake --install /home/tolasing/ros2_ws/build/serial
[0.476s] -- Install configuration: ""
[0.476s] -- Up-to-date: /home/tolasing/ros2_ws/install/serial/share/serial/environment/library_path.sh
[0.476s] -- Up-to-date: /home/tolasing/ros2_ws/install/serial/share/serial/environment/library_path.dsv
[0.477s] -- Up-to-date: /home/tolasing/ros2_ws/install/serial/include/serial
[0.477s] -- Up-to-date: /home/tolasing/ros2_ws/install/serial/include/serial/impl
[0.477s] -- Up-to-date: /home/tolasing/ros2_ws/install/serial/include/serial/impl/unix.h
[0.477s] -- Up-to-date: /home/tolasing/ros2_ws/install/serial/include/serial/impl/win.h
[0.478s] -- Up-to-date: /home/tolasing/ros2_ws/install/serial/include/serial/v8stdint.h
[0.478s] -- Up-to-date: /home/tolasing/ros2_ws/install/serial/include/serial/serial.h
[0.478s] -- Up-to-date: /home/tolasing/ros2_ws/install/serial/lib/libserial.a
[0.478s] -- Up-to-date: /home/tolasing/ros2_ws/install/serial/include/serial/serial.h
[0.478s] -- Up-to-date: /home/tolasing/ros2_ws/install/serial/include/serial/v8stdint.h
[0.479s] -- Up-to-date: /home/tolasing/ros2_ws/install/serial/share/ament_index/resource_index/package_run_dependencies/serial
[0.479s] -- Up-to-date: /home/tolasing/ros2_ws/install/serial/share/ament_index/resource_index/parent_prefix_path/serial
[0.479s] -- Up-to-date: /home/tolasing/ros2_ws/install/serial/share/serial/environment/ament_prefix_path.sh
[0.479s] -- Up-to-date: /home/tolasing/ros2_ws/install/serial/share/serial/environment/ament_prefix_path.dsv
[0.479s] -- Up-to-date: /home/tolasing/ros2_ws/install/serial/share/serial/environment/path.sh
[0.479s] -- Up-to-date: /home/tolasing/ros2_ws/install/serial/share/serial/environment/path.dsv
[0.479s] -- Up-to-date: /home/tolasing/ros2_ws/install/serial/share/serial/local_setup.bash
[0.479s] -- Up-to-date: /home/tolasing/ros2_ws/install/serial/share/serial/local_setup.sh
[0.479s] -- Up-to-date: /home/tolasing/ros2_ws/install/serial/share/serial/local_setup.zsh
[0.479s] -- Up-to-date: /home/tolasing/ros2_ws/install/serial/share/serial/local_setup.dsv
[0.480s] -- Up-to-date: /home/tolasing/ros2_ws/install/serial/share/serial/package.dsv
[0.480s] -- Up-to-date: /home/tolasing/ros2_ws/install/serial/share/ament_index/resource_index/packages/serial
[0.480s] -- Up-to-date: /home/tolasing/ros2_ws/install/serial/share/serial/cmake/serialExport.cmake
[0.480s] -- Up-to-date: /home/tolasing/ros2_ws/install/serial/share/serial/cmake/serialExport-noconfig.cmake
[0.480s] -- Up-to-date: /home/tolasing/ros2_ws/install/serial/share/serial/cmake/ament_cmake_export_targets-extras.cmake
[0.481s] -- Up-to-date: /home/tolasing/ros2_ws/install/serial/share/serial/cmake/ament_cmake_export_include_directories-extras.cmake
[0.481s] -- Up-to-date: /home/tolasing/ros2_ws/install/serial/share/serial/cmake/ament_cmake_export_libraries-extras.cmake
[0.482s] -- Up-to-date: /home/tolasing/ros2_ws/install/serial/share/serial/cmake/ament_cmake_export_dependencies-extras.cmake
[0.482s] -- Up-to-date: /home/tolasing/ros2_ws/install/serial/share/serial/cmake/serialConfig.cmake
[0.483s] -- Up-to-date: /home/tolasing/ros2_ws/install/serial/share/serial/cmake/serialConfig-version.cmake
[0.483s] -- Up-to-date: /home/tolasing/ros2_ws/install/serial/share/serial/package.xml
[0.484s] Invoked command in '/home/tolasing/ros2_ws/build/serial' returned '0': /usr/bin/cmake --install /home/tolasing/ros2_ws/build/serial
