[0.904s] DEBUG:colcon:Command line arguments: ['/usr/bin/colcon', 'build', '--packages-select', 'cartographer_slam', '--symlink-install']
[0.904s] DEBUG:colcon:Parsed command line arguments: Namespace(log_base=None, log_level=None, verb_name='build', build_base='build', install_base='install', merge_install=False, symlink_install=True, test_result_base=None, continue_on_error=False, executor='parallel', parallel_workers=8, event_handlers=None, ignore_user_meta=False, metas=['./colcon.meta'], base_paths=['.'], packages_ignore=None, packages_ignore_regex=None, paths=None, packages_up_to=None, packages_up_to_regex=None, packages_above=None, packages_above_and_dependencies=None, packages_above_depth=None, packages_select_by_dep=None, packages_skip_by_dep=None, packages_skip_up_to=None, packages_select_build_failed=False, packages_skip_build_finished=False, packages_select_test_failures=False, packages_skip_test_passed=False, packages_select=['cartographer_slam'], packages_skip=None, packages_select_regex=None, packages_skip_regex=None, packages_start=None, packages_end=None, allow_overriding=[], cmake_args=None, cmake_target=None, cmake_target_skip_unavailable=False, cmake_clean_cache=False, cmake_clean_first=False, cmake_force_configure=False, ament_cmake_args=None, catkin_cmake_args=None, catkin_skip_building_tests=False, verb_parser=<colcon_defaults.argument_parser.defaults.DefaultArgumentsDecorator object at 0x7ff355df8700>, verb_extension=<colcon_core.verb.build.BuildVerb object at 0x7ff3565eaaa0>, main=<bound method BuildVerb.main of <colcon_core.verb.build.BuildVerb object at 0x7ff3565eaaa0>>)
[1.000s] Level 1:colcon.colcon_core.package_discovery:discover_packages(colcon_meta) check parameters
[1.000s] Level 1:colcon.colcon_core.package_discovery:discover_packages(recursive) check parameters
[1.001s] Level 1:colcon.colcon_core.package_discovery:discover_packages(ignore) check parameters
[1.001s] Level 1:colcon.colcon_core.package_discovery:discover_packages(path) check parameters
[1.001s] Level 1:colcon.colcon_core.package_discovery:discover_packages(colcon_meta) discover
[1.001s] Level 1:colcon.colcon_core.package_discovery:discover_packages(recursive) discover
[1.001s] INFO:colcon.colcon_core.package_discovery:Crawling recursively for packages in '/home/tolasing/ros2_ws'
[1.001s] Level 1:colcon.colcon_core.package_identification:_identify(.) by extensions ['ignore', 'ignore_ament_install']
[1.001s] Level 1:colcon.colcon_core.package_identification:_identify(.) by extension 'ignore'
[1.002s] Level 1:colcon.colcon_core.package_identification:_identify(.) by extension 'ignore_ament_install'
[1.002s] Level 1:colcon.colcon_core.package_identification:_identify(.) by extensions ['colcon_pkg']
[1.002s] Level 1:colcon.colcon_core.package_identification:_identify(.) by extension 'colcon_pkg'
[1.002s] Level 1:colcon.colcon_core.package_identification:_identify(.) by extensions ['colcon_meta']
[1.002s] Level 1:colcon.colcon_core.package_identification:_identify(.) by extension 'colcon_meta'
[1.002s] Level 1:colcon.colcon_core.package_identification:_identify(.) by extensions ['ros']
[1.002s] Level 1:colcon.colcon_core.package_identification:_identify(.) by extension 'ros'
[1.029s] Level 1:colcon.colcon_core.package_identification:_identify(.) by extensions ['cmake', 'python']
[1.029s] Level 1:colcon.colcon_core.package_identification:_identify(.) by extension 'cmake'
[1.029s] Level 1:colcon.colcon_core.package_identification:_identify(.) by extension 'python'
[1.029s] Level 1:colcon.colcon_core.package_identification:_identify(.) by extensions ['python_setup_py']
[1.029s] Level 1:colcon.colcon_core.package_identification:_identify(.) by extension 'python_setup_py'
[1.029s] Level 1:colcon.colcon_core.package_identification:_identify(abseil-cpp) by extensions ['ignore', 'ignore_ament_install']
[1.030s] Level 1:colcon.colcon_core.package_identification:_identify(abseil-cpp) by extension 'ignore'
[1.030s] Level 1:colcon.colcon_core.package_identification:_identify(abseil-cpp) by extension 'ignore_ament_install'
[1.030s] Level 1:colcon.colcon_core.package_identification:_identify(abseil-cpp) by extensions ['colcon_pkg']
[1.030s] Level 1:colcon.colcon_core.package_identification:_identify(abseil-cpp) by extension 'colcon_pkg'
[1.030s] Level 1:colcon.colcon_core.package_identification:_identify(abseil-cpp) by extensions ['colcon_meta']
[1.030s] Level 1:colcon.colcon_core.package_identification:_identify(abseil-cpp) by extension 'colcon_meta'
[1.030s] Level 1:colcon.colcon_core.package_identification:_identify(abseil-cpp) by extensions ['ros']
[1.030s] Level 1:colcon.colcon_core.package_identification:_identify(abseil-cpp) by extension 'ros'
[1.030s] Level 1:colcon.colcon_core.package_identification:_identify(abseil-cpp) by extensions ['cmake', 'python']
[1.030s] Level 1:colcon.colcon_core.package_identification:_identify(abseil-cpp) by extension 'cmake'
[1.091s] Level 1:colcon.colcon_core.package_identification:_identify(abseil-cpp) by extension 'python'
[1.091s] DEBUG:colcon.colcon_core.package_identification:Package 'abseil-cpp' with type 'cmake' and name 'absl'
[1.092s] Level 1:colcon.colcon_core.package_identification:_identify(build) by extensions ['ignore', 'ignore_ament_install']
[1.092s] Level 1:colcon.colcon_core.package_identification:_identify(build) by extension 'ignore'
[1.092s] Level 1:colcon.colcon_core.package_identification:_identify(build) ignored
[1.092s] Level 1:colcon.colcon_core.package_identification:_identify(install) by extensions ['ignore', 'ignore_ament_install']
[1.092s] Level 1:colcon.colcon_core.package_identification:_identify(install) by extension 'ignore'
[1.093s] Level 1:colcon.colcon_core.package_identification:_identify(install) ignored
[1.093s] Level 1:colcon.colcon_core.package_identification:_identify(log) by extensions ['ignore', 'ignore_ament_install']
[1.093s] Level 1:colcon.colcon_core.package_identification:_identify(log) by extension 'ignore'
[1.094s] Level 1:colcon.colcon_core.package_identification:_identify(log) ignored
[1.094s] Level 1:colcon.colcon_core.package_identification:_identify(src) by extensions ['ignore', 'ignore_ament_install']
[1.094s] Level 1:colcon.colcon_core.package_identification:_identify(src) by extension 'ignore'
[1.094s] Level 1:colcon.colcon_core.package_identification:_identify(src) by extension 'ignore_ament_install'
[1.095s] Level 1:colcon.colcon_core.package_identification:_identify(src) by extensions ['colcon_pkg']
[1.095s] Level 1:colcon.colcon_core.package_identification:_identify(src) by extension 'colcon_pkg'
[1.095s] Level 1:colcon.colcon_core.package_identification:_identify(src) by extensions ['colcon_meta']
[1.095s] Level 1:colcon.colcon_core.package_identification:_identify(src) by extension 'colcon_meta'
[1.095s] Level 1:colcon.colcon_core.package_identification:_identify(src) by extensions ['ros']
[1.095s] Level 1:colcon.colcon_core.package_identification:_identify(src) by extension 'ros'
[1.095s] Level 1:colcon.colcon_core.package_identification:_identify(src) by extensions ['cmake', 'python']
[1.095s] Level 1:colcon.colcon_core.package_identification:_identify(src) by extension 'cmake'
[1.095s] Level 1:colcon.colcon_core.package_identification:_identify(src) by extension 'python'
[1.095s] Level 1:colcon.colcon_core.package_identification:_identify(src) by extensions ['python_setup_py']
[1.096s] Level 1:colcon.colcon_core.package_identification:_identify(src) by extension 'python_setup_py'
[1.096s] Level 1:colcon.colcon_core.package_identification:_identify(src/arduino_package) by extensions ['ignore', 'ignore_ament_install']
[1.096s] Level 1:colcon.colcon_core.package_identification:_identify(src/arduino_package) by extension 'ignore'
[1.096s] Level 1:colcon.colcon_core.package_identification:_identify(src/arduino_package) by extension 'ignore_ament_install'
[1.096s] Level 1:colcon.colcon_core.package_identification:_identify(src/arduino_package) by extensions ['colcon_pkg']
[1.096s] Level 1:colcon.colcon_core.package_identification:_identify(src/arduino_package) by extension 'colcon_pkg'
[1.097s] Level 1:colcon.colcon_core.package_identification:_identify(src/arduino_package) by extensions ['colcon_meta']
[1.097s] Level 1:colcon.colcon_core.package_identification:_identify(src/arduino_package) by extension 'colcon_meta'
[1.097s] Level 1:colcon.colcon_core.package_identification:_identify(src/arduino_package) by extensions ['ros']
[1.097s] Level 1:colcon.colcon_core.package_identification:_identify(src/arduino_package) by extension 'ros'
[1.097s] Level 1:colcon.colcon_core.package_identification:_identify(src/arduino_package) by extensions ['cmake', 'python']
[1.097s] Level 1:colcon.colcon_core.package_identification:_identify(src/arduino_package) by extension 'cmake'
[1.097s] Level 1:colcon.colcon_core.package_identification:_identify(src/arduino_package) by extension 'python'
[1.097s] Level 1:colcon.colcon_core.package_identification:_identify(src/arduino_package) by extensions ['python_setup_py']
[1.097s] Level 1:colcon.colcon_core.package_identification:_identify(src/arduino_package) by extension 'python_setup_py'
[1.098s] Level 1:colcon.colcon_core.package_identification:_identify(src/arduino_package/ros_arduino_bridge) by extensions ['ignore', 'ignore_ament_install']
[1.098s] Level 1:colcon.colcon_core.package_identification:_identify(src/arduino_package/ros_arduino_bridge) by extension 'ignore'
[1.098s] Level 1:colcon.colcon_core.package_identification:_identify(src/arduino_package/ros_arduino_bridge) by extension 'ignore_ament_install'
[1.098s] Level 1:colcon.colcon_core.package_identification:_identify(src/arduino_package/ros_arduino_bridge) by extensions ['colcon_pkg']
[1.098s] Level 1:colcon.colcon_core.package_identification:_identify(src/arduino_package/ros_arduino_bridge) by extension 'colcon_pkg'
[1.098s] Level 1:colcon.colcon_core.package_identification:_identify(src/arduino_package/ros_arduino_bridge) by extensions ['colcon_meta']
[1.098s] Level 1:colcon.colcon_core.package_identification:_identify(src/arduino_package/ros_arduino_bridge) by extension 'colcon_meta'
[1.099s] Level 1:colcon.colcon_core.package_identification:_identify(src/arduino_package/ros_arduino_bridge) by extensions ['ros']
[1.099s] Level 1:colcon.colcon_core.package_identification:_identify(src/arduino_package/ros_arduino_bridge) by extension 'ros'
[1.099s] Level 1:colcon.colcon_core.package_identification:_identify(src/arduino_package/ros_arduino_bridge) by extensions ['cmake', 'python']
[1.099s] Level 1:colcon.colcon_core.package_identification:_identify(src/arduino_package/ros_arduino_bridge) by extension 'cmake'
[1.099s] Level 1:colcon.colcon_core.package_identification:_identify(src/arduino_package/ros_arduino_bridge) by extension 'python'
[1.099s] Level 1:colcon.colcon_core.package_identification:_identify(src/arduino_package/ros_arduino_bridge) by extensions ['python_setup_py']
[1.099s] Level 1:colcon.colcon_core.package_identification:_identify(src/arduino_package/ros_arduino_bridge) by extension 'python_setup_py'
[1.100s] Level 1:colcon.colcon_core.package_identification:_identify(src/arduino_package/ros_arduino_bridge/ROSArduinoBridge) by extensions ['ignore', 'ignore_ament_install']
[1.100s] Level 1:colcon.colcon_core.package_identification:_identify(src/arduino_package/ros_arduino_bridge/ROSArduinoBridge) by extension 'ignore'
[1.100s] Level 1:colcon.colcon_core.package_identification:_identify(src/arduino_package/ros_arduino_bridge/ROSArduinoBridge) by extension 'ignore_ament_install'
[1.100s] Level 1:colcon.colcon_core.package_identification:_identify(src/arduino_package/ros_arduino_bridge/ROSArduinoBridge) by extensions ['colcon_pkg']
[1.100s] Level 1:colcon.colcon_core.package_identification:_identify(src/arduino_package/ros_arduino_bridge/ROSArduinoBridge) by extension 'colcon_pkg'
[1.100s] Level 1:colcon.colcon_core.package_identification:_identify(src/arduino_package/ros_arduino_bridge/ROSArduinoBridge) by extensions ['colcon_meta']
[1.100s] Level 1:colcon.colcon_core.package_identification:_identify(src/arduino_package/ros_arduino_bridge/ROSArduinoBridge) by extension 'colcon_meta'
[1.100s] Level 1:colcon.colcon_core.package_identification:_identify(src/arduino_package/ros_arduino_bridge/ROSArduinoBridge) by extensions ['ros']
[1.100s] Level 1:colcon.colcon_core.package_identification:_identify(src/arduino_package/ros_arduino_bridge/ROSArduinoBridge) by extension 'ros'
[1.101s] Level 1:colcon.colcon_core.package_identification:_identify(src/arduino_package/ros_arduino_bridge/ROSArduinoBridge) by extensions ['cmake', 'python']
[1.101s] Level 1:colcon.colcon_core.package_identification:_identify(src/arduino_package/ros_arduino_bridge/ROSArduinoBridge) by extension 'cmake'
[1.101s] Level 1:colcon.colcon_core.package_identification:_identify(src/arduino_package/ros_arduino_bridge/ROSArduinoBridge) by extension 'python'
[1.101s] Level 1:colcon.colcon_core.package_identification:_identify(src/arduino_package/ros_arduino_bridge/ROSArduinoBridge) by extensions ['python_setup_py']
[1.101s] Level 1:colcon.colcon_core.package_identification:_identify(src/arduino_package/ros_arduino_bridge/ROSArduinoBridge) by extension 'python_setup_py'
[1.101s] Level 1:colcon.colcon_core.package_identification:_identify(src/cartographer) by extensions ['ignore', 'ignore_ament_install']
[1.102s] Level 1:colcon.colcon_core.package_identification:_identify(src/cartographer) by extension 'ignore'
[1.102s] Level 1:colcon.colcon_core.package_identification:_identify(src/cartographer) by extension 'ignore_ament_install'
[1.102s] Level 1:colcon.colcon_core.package_identification:_identify(src/cartographer) by extensions ['colcon_pkg']
[1.102s] Level 1:colcon.colcon_core.package_identification:_identify(src/cartographer) by extension 'colcon_pkg'
[1.102s] Level 1:colcon.colcon_core.package_identification:_identify(src/cartographer) by extensions ['colcon_meta']
[1.102s] Level 1:colcon.colcon_core.package_identification:_identify(src/cartographer) by extension 'colcon_meta'
[1.102s] Level 1:colcon.colcon_core.package_identification:_identify(src/cartographer) by extensions ['ros']
[1.102s] Level 1:colcon.colcon_core.package_identification:_identify(src/cartographer) by extension 'ros'
[1.109s] DEBUG:colcon.colcon_core.package_identification:Package 'src/cartographer' with type 'ros.cmake' and name 'cartographer'
[1.110s] Level 1:colcon.colcon_core.package_identification:_identify(src/cartographer_slam) by extensions ['ignore', 'ignore_ament_install']
[1.110s] Level 1:colcon.colcon_core.package_identification:_identify(src/cartographer_slam) by extension 'ignore'
[1.110s] Level 1:colcon.colcon_core.package_identification:_identify(src/cartographer_slam) by extension 'ignore_ament_install'
[1.110s] Level 1:colcon.colcon_core.package_identification:_identify(src/cartographer_slam) by extensions ['colcon_pkg']
[1.111s] Level 1:colcon.colcon_core.package_identification:_identify(src/cartographer_slam) by extension 'colcon_pkg'
[1.111s] Level 1:colcon.colcon_core.package_identification:_identify(src/cartographer_slam) by extensions ['colcon_meta']
[1.111s] Level 1:colcon.colcon_core.package_identification:_identify(src/cartographer_slam) by extension 'colcon_meta'
[1.111s] Level 1:colcon.colcon_core.package_identification:_identify(src/cartographer_slam) by extensions ['ros']
[1.111s] Level 1:colcon.colcon_core.package_identification:_identify(src/cartographer_slam) by extension 'ros'
[1.113s] DEBUG:colcon.colcon_core.package_identification:Package 'src/cartographer_slam' with type 'ros.ament_cmake' and name 'cartographer_slam'
[1.113s] Level 1:colcon.colcon_core.package_identification:_identify(src/gazebo_sim) by extensions ['ignore', 'ignore_ament_install']
[1.113s] Level 1:colcon.colcon_core.package_identification:_identify(src/gazebo_sim) by extension 'ignore'
[1.114s] Level 1:colcon.colcon_core.package_identification:_identify(src/gazebo_sim) by extension 'ignore_ament_install'
[1.114s] Level 1:colcon.colcon_core.package_identification:_identify(src/gazebo_sim) by extensions ['colcon_pkg']
[1.114s] Level 1:colcon.colcon_core.package_identification:_identify(src/gazebo_sim) by extension 'colcon_pkg'
[1.114s] Level 1:colcon.colcon_core.package_identification:_identify(src/gazebo_sim) by extensions ['colcon_meta']
[1.114s] Level 1:colcon.colcon_core.package_identification:_identify(src/gazebo_sim) by extension 'colcon_meta'
[1.114s] Level 1:colcon.colcon_core.package_identification:_identify(src/gazebo_sim) by extensions ['ros']
[1.114s] Level 1:colcon.colcon_core.package_identification:_identify(src/gazebo_sim) by extension 'ros'
[1.116s] DEBUG:colcon.colcon_core.package_identification:Package 'src/gazebo_sim' with type 'ros.ament_cmake' and name 'gazebo_sim'
[1.116s] Level 1:colcon.colcon_core.package_identification:_identify(src/motor_control) by extensions ['ignore', 'ignore_ament_install']
[1.116s] Level 1:colcon.colcon_core.package_identification:_identify(src/motor_control) by extension 'ignore'
[1.116s] Level 1:colcon.colcon_core.package_identification:_identify(src/motor_control) by extension 'ignore_ament_install'
[1.117s] Level 1:colcon.colcon_core.package_identification:_identify(src/motor_control) by extensions ['colcon_pkg']
[1.117s] Level 1:colcon.colcon_core.package_identification:_identify(src/motor_control) by extension 'colcon_pkg'
[1.117s] Level 1:colcon.colcon_core.package_identification:_identify(src/motor_control) by extensions ['colcon_meta']
[1.117s] Level 1:colcon.colcon_core.package_identification:_identify(src/motor_control) by extension 'colcon_meta'
[1.117s] Level 1:colcon.colcon_core.package_identification:_identify(src/motor_control) by extensions ['ros']
[1.117s] Level 1:colcon.colcon_core.package_identification:_identify(src/motor_control) by extension 'ros'
[1.119s] DEBUG:colcon.colcon_core.package_identification:Package 'src/motor_control' with type 'ros.ament_cmake' and name 'motor_control'
[1.119s] Level 1:colcon.colcon_core.package_identification:_identify(src/prototype) by extensions ['ignore', 'ignore_ament_install']
[1.120s] Level 1:colcon.colcon_core.package_identification:_identify(src/prototype) by extension 'ignore'
[1.120s] Level 1:colcon.colcon_core.package_identification:_identify(src/prototype) by extension 'ignore_ament_install'
[1.120s] Level 1:colcon.colcon_core.package_identification:_identify(src/prototype) by extensions ['colcon_pkg']
[1.120s] Level 1:colcon.colcon_core.package_identification:_identify(src/prototype) by extension 'colcon_pkg'
[1.120s] Level 1:colcon.colcon_core.package_identification:_identify(src/prototype) by extensions ['colcon_meta']
[1.120s] Level 1:colcon.colcon_core.package_identification:_identify(src/prototype) by extension 'colcon_meta'
[1.120s] Level 1:colcon.colcon_core.package_identification:_identify(src/prototype) by extensions ['ros']
[1.120s] Level 1:colcon.colcon_core.package_identification:_identify(src/prototype) by extension 'ros'
[1.122s] DEBUG:colcon.colcon_core.package_identification:Package 'src/prototype' with type 'ros.ament_cmake' and name 'prototype'
[1.123s] Level 1:colcon.colcon_core.package_identification:_identify(src/ros2_nav_files) by extensions ['ignore', 'ignore_ament_install']
[1.123s] Level 1:colcon.colcon_core.package_identification:_identify(src/ros2_nav_files) by extension 'ignore'
[1.123s] Level 1:colcon.colcon_core.package_identification:_identify(src/ros2_nav_files) by extension 'ignore_ament_install'
[1.123s] Level 1:colcon.colcon_core.package_identification:_identify(src/ros2_nav_files) by extensions ['colcon_pkg']
[1.123s] Level 1:colcon.colcon_core.package_identification:_identify(src/ros2_nav_files) by extension 'colcon_pkg'
[1.123s] Level 1:colcon.colcon_core.package_identification:_identify(src/ros2_nav_files) by extensions ['colcon_meta']
[1.123s] Level 1:colcon.colcon_core.package_identification:_identify(src/ros2_nav_files) by extension 'colcon_meta'
[1.123s] Level 1:colcon.colcon_core.package_identification:_identify(src/ros2_nav_files) by extensions ['ros']
[1.124s] Level 1:colcon.colcon_core.package_identification:_identify(src/ros2_nav_files) by extension 'ros'
[1.124s] Level 1:colcon.colcon_core.package_identification:_identify(src/ros2_nav_files) by extensions ['cmake', 'python']
[1.124s] Level 1:colcon.colcon_core.package_identification:_identify(src/ros2_nav_files) by extension 'cmake'
[1.124s] Level 1:colcon.colcon_core.package_identification:_identify(src/ros2_nav_files) by extension 'python'
[1.124s] Level 1:colcon.colcon_core.package_identification:_identify(src/ros2_nav_files) by extensions ['python_setup_py']
[1.124s] Level 1:colcon.colcon_core.package_identification:_identify(src/ros2_nav_files) by extension 'python_setup_py'
[1.124s] Level 1:colcon.colcon_core.package_identification:_identify(src/ros2_nav_files/nav2_course) by extensions ['ignore', 'ignore_ament_install']
[1.124s] Level 1:colcon.colcon_core.package_identification:_identify(src/ros2_nav_files/nav2_course) by extension 'ignore'
[1.125s] Level 1:colcon.colcon_core.package_identification:_identify(src/ros2_nav_files/nav2_course) by extension 'ignore_ament_install'
[1.125s] Level 1:colcon.colcon_core.package_identification:_identify(src/ros2_nav_files/nav2_course) by extensions ['colcon_pkg']
[1.125s] Level 1:colcon.colcon_core.package_identification:_identify(src/ros2_nav_files/nav2_course) by extension 'colcon_pkg'
[1.125s] Level 1:colcon.colcon_core.package_identification:_identify(src/ros2_nav_files/nav2_course) by extensions ['colcon_meta']
[1.125s] Level 1:colcon.colcon_core.package_identification:_identify(src/ros2_nav_files/nav2_course) by extension 'colcon_meta'
[1.125s] Level 1:colcon.colcon_core.package_identification:_identify(src/ros2_nav_files/nav2_course) by extensions ['ros']
[1.125s] Level 1:colcon.colcon_core.package_identification:_identify(src/ros2_nav_files/nav2_course) by extension 'ros'
[1.127s] DEBUG:colcon.colcon_core.package_identification:Package 'src/ros2_nav_files/nav2_course' with type 'ros.ament_cmake' and name 'nav2_course'
[1.127s] Level 1:colcon.colcon_core.package_identification:_identify(src/ros2_nav_files/nav2_project) by extensions ['ignore', 'ignore_ament_install']
[1.127s] Level 1:colcon.colcon_core.package_identification:_identify(src/ros2_nav_files/nav2_project) by extension 'ignore'
[1.128s] Level 1:colcon.colcon_core.package_identification:_identify(src/ros2_nav_files/nav2_project) by extension 'ignore_ament_install'
[1.128s] Level 1:colcon.colcon_core.package_identification:_identify(src/ros2_nav_files/nav2_project) by extensions ['colcon_pkg']
[1.128s] Level 1:colcon.colcon_core.package_identification:_identify(src/ros2_nav_files/nav2_project) by extension 'colcon_pkg'
[1.128s] Level 1:colcon.colcon_core.package_identification:_identify(src/ros2_nav_files/nav2_project) by extensions ['colcon_meta']
[1.128s] Level 1:colcon.colcon_core.package_identification:_identify(src/ros2_nav_files/nav2_project) by extension 'colcon_meta'
[1.128s] Level 1:colcon.colcon_core.package_identification:_identify(src/ros2_nav_files/nav2_project) by extensions ['ros']
[1.128s] Level 1:colcon.colcon_core.package_identification:_identify(src/ros2_nav_files/nav2_project) by extension 'ros'
[1.129s] DEBUG:colcon.colcon_core.package_identification:Package 'src/ros2_nav_files/nav2_project' with type 'ros.ament_python' and name 'nav2_project'
[1.129s] Level 1:colcon.colcon_core.package_identification:_identify(src/ros2_nav_files/rviz) by extensions ['ignore', 'ignore_ament_install']
[1.129s] Level 1:colcon.colcon_core.package_identification:_identify(src/ros2_nav_files/rviz) by extension 'ignore'
[1.130s] Level 1:colcon.colcon_core.package_identification:_identify(src/ros2_nav_files/rviz) by extension 'ignore_ament_install'
[1.130s] Level 1:colcon.colcon_core.package_identification:_identify(src/ros2_nav_files/rviz) by extensions ['colcon_pkg']
[1.130s] Level 1:colcon.colcon_core.package_identification:_identify(src/ros2_nav_files/rviz) by extension 'colcon_pkg'
[1.130s] Level 1:colcon.colcon_core.package_identification:_identify(src/ros2_nav_files/rviz) by extensions ['colcon_meta']
[1.130s] Level 1:colcon.colcon_core.package_identification:_identify(src/ros2_nav_files/rviz) by extension 'colcon_meta'
[1.130s] Level 1:colcon.colcon_core.package_identification:_identify(src/ros2_nav_files/rviz) by extensions ['ros']
[1.130s] Level 1:colcon.colcon_core.package_identification:_identify(src/ros2_nav_files/rviz) by extension 'ros'
[1.130s] Level 1:colcon.colcon_core.package_identification:_identify(src/ros2_nav_files/rviz) by extensions ['cmake', 'python']
[1.130s] Level 1:colcon.colcon_core.package_identification:_identify(src/ros2_nav_files/rviz) by extension 'cmake'
[1.130s] Level 1:colcon.colcon_core.package_identification:_identify(src/ros2_nav_files/rviz) by extension 'python'
[1.130s] Level 1:colcon.colcon_core.package_identification:_identify(src/ros2_nav_files/rviz) by extensions ['python_setup_py']
[1.130s] Level 1:colcon.colcon_core.package_identification:_identify(src/ros2_nav_files/rviz) by extension 'python_setup_py'
[1.131s] Level 1:colcon.colcon_core.package_identification:_identify(src/serial) by extensions ['ignore', 'ignore_ament_install']
[1.131s] Level 1:colcon.colcon_core.package_identification:_identify(src/serial) by extension 'ignore'
[1.131s] Level 1:colcon.colcon_core.package_identification:_identify(src/serial) by extension 'ignore_ament_install'
[1.131s] Level 1:colcon.colcon_core.package_identification:_identify(src/serial) by extensions ['colcon_pkg']
[1.131s] Level 1:colcon.colcon_core.package_identification:_identify(src/serial) by extension 'colcon_pkg'
[1.131s] Level 1:colcon.colcon_core.package_identification:_identify(src/serial) by extensions ['colcon_meta']
[1.131s] Level 1:colcon.colcon_core.package_identification:_identify(src/serial) by extension 'colcon_meta'
[1.131s] Level 1:colcon.colcon_core.package_identification:_identify(src/serial) by extensions ['ros']
[1.131s] Level 1:colcon.colcon_core.package_identification:_identify(src/serial) by extension 'ros'
[1.133s] DEBUG:colcon.colcon_core.package_identification:Package 'src/serial' with type 'ros.catkin' and name 'serial'
[1.133s] Level 1:colcon.colcon_core.package_identification:_identify(src/service_pkg) by extensions ['ignore', 'ignore_ament_install']
[1.133s] Level 1:colcon.colcon_core.package_identification:_identify(src/service_pkg) by extension 'ignore'
[1.133s] Level 1:colcon.colcon_core.package_identification:_identify(src/service_pkg) by extension 'ignore_ament_install'
[1.134s] Level 1:colcon.colcon_core.package_identification:_identify(src/service_pkg) by extensions ['colcon_pkg']
[1.134s] Level 1:colcon.colcon_core.package_identification:_identify(src/service_pkg) by extension 'colcon_pkg'
[1.134s] Level 1:colcon.colcon_core.package_identification:_identify(src/service_pkg) by extensions ['colcon_meta']
[1.134s] Level 1:colcon.colcon_core.package_identification:_identify(src/service_pkg) by extension 'colcon_meta'
[1.134s] Level 1:colcon.colcon_core.package_identification:_identify(src/service_pkg) by extensions ['ros']
[1.134s] Level 1:colcon.colcon_core.package_identification:_identify(src/service_pkg) by extension 'ros'
[1.136s] DEBUG:colcon.colcon_core.package_identification:Package 'src/service_pkg' with type 'ros.ament_python' and name 'service_pkg'
[1.137s] Level 1:colcon.colcon_core.package_identification:_identify(src/transport_drivers) by extensions ['ignore', 'ignore_ament_install']
[1.137s] Level 1:colcon.colcon_core.package_identification:_identify(src/transport_drivers) by extension 'ignore'
[1.137s] Level 1:colcon.colcon_core.package_identification:_identify(src/transport_drivers) by extension 'ignore_ament_install'
[1.137s] Level 1:colcon.colcon_core.package_identification:_identify(src/transport_drivers) by extensions ['colcon_pkg']
[1.137s] Level 1:colcon.colcon_core.package_identification:_identify(src/transport_drivers) by extension 'colcon_pkg'
[1.137s] Level 1:colcon.colcon_core.package_identification:_identify(src/transport_drivers) by extensions ['colcon_meta']
[1.137s] Level 1:colcon.colcon_core.package_identification:_identify(src/transport_drivers) by extension 'colcon_meta'
[1.138s] Level 1:colcon.colcon_core.package_identification:_identify(src/transport_drivers) by extensions ['ros']
[1.138s] Level 1:colcon.colcon_core.package_identification:_identify(src/transport_drivers) by extension 'ros'
[1.138s] Level 1:colcon.colcon_core.package_identification:_identify(src/transport_drivers) by extensions ['cmake', 'python']
[1.138s] Level 1:colcon.colcon_core.package_identification:_identify(src/transport_drivers) by extension 'cmake'
[1.138s] Level 1:colcon.colcon_core.package_identification:_identify(src/transport_drivers) by extension 'python'
[1.138s] Level 1:colcon.colcon_core.package_identification:_identify(src/transport_drivers) by extensions ['python_setup_py']
[1.138s] Level 1:colcon.colcon_core.package_identification:_identify(src/transport_drivers) by extension 'python_setup_py'
[1.138s] Level 1:colcon.colcon_core.package_identification:_identify(src/transport_drivers/asio_cmake_module) by extensions ['ignore', 'ignore_ament_install']
[1.139s] Level 1:colcon.colcon_core.package_identification:_identify(src/transport_drivers/asio_cmake_module) by extension 'ignore'
[1.139s] Level 1:colcon.colcon_core.package_identification:_identify(src/transport_drivers/asio_cmake_module) by extension 'ignore_ament_install'
[1.139s] Level 1:colcon.colcon_core.package_identification:_identify(src/transport_drivers/asio_cmake_module) by extensions ['colcon_pkg']
[1.139s] Level 1:colcon.colcon_core.package_identification:_identify(src/transport_drivers/asio_cmake_module) by extension 'colcon_pkg'
[1.139s] Level 1:colcon.colcon_core.package_identification:_identify(src/transport_drivers/asio_cmake_module) by extensions ['colcon_meta']
[1.139s] Level 1:colcon.colcon_core.package_identification:_identify(src/transport_drivers/asio_cmake_module) by extension 'colcon_meta'
[1.139s] Level 1:colcon.colcon_core.package_identification:_identify(src/transport_drivers/asio_cmake_module) by extensions ['ros']
[1.139s] Level 1:colcon.colcon_core.package_identification:_identify(src/transport_drivers/asio_cmake_module) by extension 'ros'
[1.140s] DEBUG:colcon.colcon_core.package_identification:Package 'src/transport_drivers/asio_cmake_module' with type 'ros.ament_cmake' and name 'asio_cmake_module'
[1.141s] Level 1:colcon.colcon_core.package_identification:_identify(src/transport_drivers/io_context) by extensions ['ignore', 'ignore_ament_install']
[1.141s] Level 1:colcon.colcon_core.package_identification:_identify(src/transport_drivers/io_context) by extension 'ignore'
[1.141s] Level 1:colcon.colcon_core.package_identification:_identify(src/transport_drivers/io_context) by extension 'ignore_ament_install'
[1.141s] Level 1:colcon.colcon_core.package_identification:_identify(src/transport_drivers/io_context) by extensions ['colcon_pkg']
[1.141s] Level 1:colcon.colcon_core.package_identification:_identify(src/transport_drivers/io_context) by extension 'colcon_pkg'
[1.141s] Level 1:colcon.colcon_core.package_identification:_identify(src/transport_drivers/io_context) by extensions ['colcon_meta']
[1.141s] Level 1:colcon.colcon_core.package_identification:_identify(src/transport_drivers/io_context) by extension 'colcon_meta'
[1.141s] Level 1:colcon.colcon_core.package_identification:_identify(src/transport_drivers/io_context) by extensions ['ros']
[1.141s] Level 1:colcon.colcon_core.package_identification:_identify(src/transport_drivers/io_context) by extension 'ros'
[1.143s] DEBUG:colcon.colcon_core.package_identification:Package 'src/transport_drivers/io_context' with type 'ros.ament_cmake' and name 'io_context'
[1.143s] Level 1:colcon.colcon_core.package_identification:_identify(src/transport_drivers/serial_driver) by extensions ['ignore', 'ignore_ament_install']
[1.143s] Level 1:colcon.colcon_core.package_identification:_identify(src/transport_drivers/serial_driver) by extension 'ignore'
[1.143s] Level 1:colcon.colcon_core.package_identification:_identify(src/transport_drivers/serial_driver) by extension 'ignore_ament_install'
[1.144s] Level 1:colcon.colcon_core.package_identification:_identify(src/transport_drivers/serial_driver) by extensions ['colcon_pkg']
[1.144s] Level 1:colcon.colcon_core.package_identification:_identify(src/transport_drivers/serial_driver) by extension 'colcon_pkg'
[1.144s] Level 1:colcon.colcon_core.package_identification:_identify(src/transport_drivers/serial_driver) by extensions ['colcon_meta']
[1.144s] Level 1:colcon.colcon_core.package_identification:_identify(src/transport_drivers/serial_driver) by extension 'colcon_meta'
[1.144s] Level 1:colcon.colcon_core.package_identification:_identify(src/transport_drivers/serial_driver) by extensions ['ros']
[1.144s] Level 1:colcon.colcon_core.package_identification:_identify(src/transport_drivers/serial_driver) by extension 'ros'
[1.146s] DEBUG:colcon.colcon_core.package_identification:Package 'src/transport_drivers/serial_driver' with type 'ros.ament_cmake' and name 'serial_driver'
[1.147s] Level 1:colcon.colcon_core.package_identification:_identify(src/transport_drivers/udp_driver) by extensions ['ignore', 'ignore_ament_install']
[1.147s] Level 1:colcon.colcon_core.package_identification:_identify(src/transport_drivers/udp_driver) by extension 'ignore'
[1.147s] Level 1:colcon.colcon_core.package_identification:_identify(src/transport_drivers/udp_driver) by extension 'ignore_ament_install'
[1.147s] Level 1:colcon.colcon_core.package_identification:_identify(src/transport_drivers/udp_driver) by extensions ['colcon_pkg']
[1.147s] Level 1:colcon.colcon_core.package_identification:_identify(src/transport_drivers/udp_driver) by extension 'colcon_pkg'
[1.147s] Level 1:colcon.colcon_core.package_identification:_identify(src/transport_drivers/udp_driver) by extensions ['colcon_meta']
[1.148s] Level 1:colcon.colcon_core.package_identification:_identify(src/transport_drivers/udp_driver) by extension 'colcon_meta'
[1.148s] Level 1:colcon.colcon_core.package_identification:_identify(src/transport_drivers/udp_driver) by extensions ['ros']
[1.148s] Level 1:colcon.colcon_core.package_identification:_identify(src/transport_drivers/udp_driver) by extension 'ros'
[1.151s] DEBUG:colcon.colcon_core.package_identification:Package 'src/transport_drivers/udp_driver' with type 'ros.ament_cmake' and name 'udp_driver'
[1.152s] Level 1:colcon.colcon_core.package_discovery:discover_packages(recursive) using defaults
[1.152s] Level 1:colcon.colcon_core.package_discovery:discover_packages(ignore) discover
[1.152s] Level 1:colcon.colcon_core.package_discovery:discover_packages(ignore) using defaults
[1.152s] Level 1:colcon.colcon_core.package_discovery:discover_packages(path) discover
[1.152s] Level 1:colcon.colcon_core.package_discovery:discover_packages(path) using defaults
[1.216s] INFO:colcon.colcon_core.package_selection:Skipping not selected package 'absl' in 'abseil-cpp'
[1.216s] INFO:colcon.colcon_core.package_selection:Skipping not selected package 'asio_cmake_module' in 'src/transport_drivers/asio_cmake_module'
[1.216s] INFO:colcon.colcon_core.package_selection:Skipping not selected package 'cartographer' in 'src/cartographer'
[1.216s] INFO:colcon.colcon_core.package_selection:Skipping not selected package 'gazebo_sim' in 'src/gazebo_sim'
[1.216s] INFO:colcon.colcon_core.package_selection:Skipping not selected package 'nav2_course' in 'src/ros2_nav_files/nav2_course'
[1.216s] INFO:colcon.colcon_core.package_selection:Skipping not selected package 'nav2_project' in 'src/ros2_nav_files/nav2_project'
[1.216s] INFO:colcon.colcon_core.package_selection:Skipping not selected package 'prototype' in 'src/prototype'
[1.216s] INFO:colcon.colcon_core.package_selection:Skipping not selected package 'serial' in 'src/serial'
[1.216s] INFO:colcon.colcon_core.package_selection:Skipping not selected package 'service_pkg' in 'src/service_pkg'
[1.216s] INFO:colcon.colcon_core.package_selection:Skipping not selected package 'io_context' in 'src/transport_drivers/io_context'
[1.216s] INFO:colcon.colcon_core.package_selection:Skipping not selected package 'motor_control' in 'src/motor_control'
[1.216s] INFO:colcon.colcon_core.package_selection:Skipping not selected package 'serial_driver' in 'src/transport_drivers/serial_driver'
[1.217s] INFO:colcon.colcon_core.package_selection:Skipping not selected package 'udp_driver' in 'src/transport_drivers/udp_driver'
[1.219s] Level 1:colcon.colcon_core.package_discovery:discover_packages(prefix_path) check parameters
[1.219s] Level 1:colcon.colcon_core.package_discovery:discover_packages(prefix_path) discover
[1.240s] DEBUG:colcon.colcon_installed_package_information.package_discovery:Found 13 installed packages in /home/tolasing/ros2_ws/install
[1.249s] DEBUG:colcon.colcon_installed_package_information.package_discovery:Found 379 installed packages in /opt/ros/humble
[1.258s] Level 1:colcon.colcon_core.package_discovery:discover_packages(prefix_path) using defaults
[1.478s] Level 5:colcon.colcon_core.verb:set package 'cartographer_slam' build argument 'cmake_args' from command line to 'None'
[1.478s] Level 5:colcon.colcon_core.verb:set package 'cartographer_slam' build argument 'cmake_target' from command line to 'None'
[1.478s] Level 5:colcon.colcon_core.verb:set package 'cartographer_slam' build argument 'cmake_target_skip_unavailable' from command line to 'False'
[1.478s] Level 5:colcon.colcon_core.verb:set package 'cartographer_slam' build argument 'cmake_clean_cache' from command line to 'False'
[1.478s] Level 5:colcon.colcon_core.verb:set package 'cartographer_slam' build argument 'cmake_clean_first' from command line to 'False'
[1.478s] Level 5:colcon.colcon_core.verb:set package 'cartographer_slam' build argument 'cmake_force_configure' from command line to 'False'
[1.478s] Level 5:colcon.colcon_core.verb:set package 'cartographer_slam' build argument 'ament_cmake_args' from command line to 'None'
[1.478s] Level 5:colcon.colcon_core.verb:set package 'cartographer_slam' build argument 'catkin_cmake_args' from command line to 'None'
[1.479s] Level 5:colcon.colcon_core.verb:set package 'cartographer_slam' build argument 'catkin_skip_building_tests' from command line to 'False'
[1.479s] DEBUG:colcon.colcon_core.verb:Building package 'cartographer_slam' with the following arguments: {'ament_cmake_args': None, 'build_base': '/home/tolasing/ros2_ws/build/cartographer_slam', 'catkin_cmake_args': None, 'catkin_skip_building_tests': False, 'cmake_args': None, 'cmake_clean_cache': False, 'cmake_clean_first': False, 'cmake_force_configure': False, 'cmake_target': None, 'cmake_target_skip_unavailable': False, 'install_base': '/home/tolasing/ros2_ws/install/cartographer_slam', 'merge_install': False, 'path': '/home/tolasing/ros2_ws/src/cartographer_slam', 'symlink_install': True, 'test_result_base': None}
[1.480s] INFO:colcon.colcon_core.executor:Executing jobs using 'parallel' executor
[1.487s] DEBUG:colcon.colcon_parallel_executor.executor.parallel:run_until_complete
[1.488s] INFO:colcon.colcon_ros.task.ament_cmake.build:Building ROS package in '/home/tolasing/ros2_ws/src/cartographer_slam' with build type 'ament_cmake'
[1.488s] INFO:colcon.colcon_cmake.task.cmake.build:Building CMake package in '/home/tolasing/ros2_ws/src/cartographer_slam'
[1.503s] INFO:colcon.colcon_core.plugin_system:Skipping extension 'colcon_core.shell.bat': Not used on non-Windows systems
[1.504s] INFO:colcon.colcon_core.shell:Skip shell extension 'powershell' for command environment: Not usable outside of PowerShell
[1.504s] DEBUG:colcon.colcon_core.shell:Skip shell extension 'dsv' for command environment
[1.529s] DEBUG:colcon.colcon_core.event_handler.log_command:Invoking command in '/home/tolasing/ros2_ws/build/cartographer_slam': CMAKE_PREFIX_PATH=/home/tolasing/ros2_ws/install/cartographer_slam:/home/tolasing/ros2_ws/src/cartographer:/usr/lib/x86_64-linux-gnu/libserial.so:/home/tolasing/ros2_ws/src/cartographer:/usr/lib/x86_64-linux-gnu/libserial.so:/home/tolasing/ros2_ws/install/udp_driver:/home/tolasing/ros2_ws/install/serial_driver:/home/tolasing/ros2_ws/install/motor_control:/home/tolasing/ros2_ws/install/service_pkg:/home/tolasing/ros2_ws/install/nav2_project:/opt/ros/humble:/home/tolasing/ros2_ws/install/serial:/home/tolasing/ros2_ws/install/prototype:/home/tolasing/ros2_ws/install/nav2_course:/home/tolasing/ros2_ws/install/io_context:/home/tolasing/ros2_ws/install/gazebo_sim:/home/tolasing/ros2_ws/install/cartographer:/home/tolasing/ros2_ws/install/asio_cmake_module /usr/bin/cmake /home/tolasing/ros2_ws/src/cartographer_slam -DAMENT_CMAKE_SYMLINK_INSTALL=1 -DCMAKE_INSTALL_PREFIX=/home/tolasing/ros2_ws/install/cartographer_slam
[7.936s] DEBUG:colcon.colcon_core.event_handler.log_command:Invoked command in '/home/tolasing/ros2_ws/build/cartographer_slam' returned '0': CMAKE_PREFIX_PATH=/home/tolasing/ros2_ws/install/cartographer_slam:/home/tolasing/ros2_ws/src/cartographer:/usr/lib/x86_64-linux-gnu/libserial.so:/home/tolasing/ros2_ws/src/cartographer:/usr/lib/x86_64-linux-gnu/libserial.so:/home/tolasing/ros2_ws/install/udp_driver:/home/tolasing/ros2_ws/install/serial_driver:/home/tolasing/ros2_ws/install/motor_control:/home/tolasing/ros2_ws/install/service_pkg:/home/tolasing/ros2_ws/install/nav2_project:/opt/ros/humble:/home/tolasing/ros2_ws/install/serial:/home/tolasing/ros2_ws/install/prototype:/home/tolasing/ros2_ws/install/nav2_course:/home/tolasing/ros2_ws/install/io_context:/home/tolasing/ros2_ws/install/gazebo_sim:/home/tolasing/ros2_ws/install/cartographer:/home/tolasing/ros2_ws/install/asio_cmake_module /usr/bin/cmake /home/tolasing/ros2_ws/src/cartographer_slam -DAMENT_CMAKE_SYMLINK_INSTALL=1 -DCMAKE_INSTALL_PREFIX=/home/tolasing/ros2_ws/install/cartographer_slam
[7.938s] DEBUG:colcon.colcon_core.event_handler.log_command:Invoking command in '/home/tolasing/ros2_ws/build/cartographer_slam': CMAKE_PREFIX_PATH=/home/tolasing/ros2_ws/install/cartographer_slam:/home/tolasing/ros2_ws/src/cartographer:/usr/lib/x86_64-linux-gnu/libserial.so:/home/tolasing/ros2_ws/src/cartographer:/usr/lib/x86_64-linux-gnu/libserial.so:/home/tolasing/ros2_ws/install/udp_driver:/home/tolasing/ros2_ws/install/serial_driver:/home/tolasing/ros2_ws/install/motor_control:/home/tolasing/ros2_ws/install/service_pkg:/home/tolasing/ros2_ws/install/nav2_project:/opt/ros/humble:/home/tolasing/ros2_ws/install/serial:/home/tolasing/ros2_ws/install/prototype:/home/tolasing/ros2_ws/install/nav2_course:/home/tolasing/ros2_ws/install/io_context:/home/tolasing/ros2_ws/install/gazebo_sim:/home/tolasing/ros2_ws/install/cartographer:/home/tolasing/ros2_ws/install/asio_cmake_module /usr/bin/cmake --build /home/tolasing/ros2_ws/build/cartographer_slam -- -j8 -l8
[8.024s] DEBUG:colcon.colcon_core.event_handler.log_command:Invoked command in '/home/tolasing/ros2_ws/build/cartographer_slam' returned '0': CMAKE_PREFIX_PATH=/home/tolasing/ros2_ws/install/cartographer_slam:/home/tolasing/ros2_ws/src/cartographer:/usr/lib/x86_64-linux-gnu/libserial.so:/home/tolasing/ros2_ws/src/cartographer:/usr/lib/x86_64-linux-gnu/libserial.so:/home/tolasing/ros2_ws/install/udp_driver:/home/tolasing/ros2_ws/install/serial_driver:/home/tolasing/ros2_ws/install/motor_control:/home/tolasing/ros2_ws/install/service_pkg:/home/tolasing/ros2_ws/install/nav2_project:/opt/ros/humble:/home/tolasing/ros2_ws/install/serial:/home/tolasing/ros2_ws/install/prototype:/home/tolasing/ros2_ws/install/nav2_course:/home/tolasing/ros2_ws/install/io_context:/home/tolasing/ros2_ws/install/gazebo_sim:/home/tolasing/ros2_ws/install/cartographer:/home/tolasing/ros2_ws/install/asio_cmake_module /usr/bin/cmake --build /home/tolasing/ros2_ws/build/cartographer_slam -- -j8 -l8
[8.072s] DEBUG:colcon.colcon_core.event_handler.log_command:Invoking command in '/home/tolasing/ros2_ws/build/cartographer_slam': CMAKE_PREFIX_PATH=/home/tolasing/ros2_ws/install/cartographer_slam:/home/tolasing/ros2_ws/src/cartographer:/usr/lib/x86_64-linux-gnu/libserial.so:/home/tolasing/ros2_ws/src/cartographer:/usr/lib/x86_64-linux-gnu/libserial.so:/home/tolasing/ros2_ws/install/udp_driver:/home/tolasing/ros2_ws/install/serial_driver:/home/tolasing/ros2_ws/install/motor_control:/home/tolasing/ros2_ws/install/service_pkg:/home/tolasing/ros2_ws/install/nav2_project:/opt/ros/humble:/home/tolasing/ros2_ws/install/serial:/home/tolasing/ros2_ws/install/prototype:/home/tolasing/ros2_ws/install/nav2_course:/home/tolasing/ros2_ws/install/io_context:/home/tolasing/ros2_ws/install/gazebo_sim:/home/tolasing/ros2_ws/install/cartographer:/home/tolasing/ros2_ws/install/asio_cmake_module /usr/bin/cmake --install /home/tolasing/ros2_ws/build/cartographer_slam
[8.326s] Level 1:colcon.colcon_core.environment:create_environment_scripts_only(cartographer_slam)
[8.329s] DEBUG:colcon.colcon_core.event_handler.log_command:Invoked command in '/home/tolasing/ros2_ws/build/cartographer_slam' returned '0': CMAKE_PREFIX_PATH=/home/tolasing/ros2_ws/install/cartographer_slam:/home/tolasing/ros2_ws/src/cartographer:/usr/lib/x86_64-linux-gnu/libserial.so:/home/tolasing/ros2_ws/src/cartographer:/usr/lib/x86_64-linux-gnu/libserial.so:/home/tolasing/ros2_ws/install/udp_driver:/home/tolasing/ros2_ws/install/serial_driver:/home/tolasing/ros2_ws/install/motor_control:/home/tolasing/ros2_ws/install/service_pkg:/home/tolasing/ros2_ws/install/nav2_project:/opt/ros/humble:/home/tolasing/ros2_ws/install/serial:/home/tolasing/ros2_ws/install/prototype:/home/tolasing/ros2_ws/install/nav2_course:/home/tolasing/ros2_ws/install/io_context:/home/tolasing/ros2_ws/install/gazebo_sim:/home/tolasing/ros2_ws/install/cartographer:/home/tolasing/ros2_ws/install/asio_cmake_module /usr/bin/cmake --install /home/tolasing/ros2_ws/build/cartographer_slam
[8.345s] Level 1:colcon.colcon_core.environment:checking '/home/tolasing/ros2_ws/install/cartographer_slam' for CMake module files
[8.346s] Level 1:colcon.colcon_core.environment:checking '/home/tolasing/ros2_ws/install/cartographer_slam' for CMake config files
[8.347s] Level 1:colcon.colcon_core.shell:create_environment_hook('cartographer_slam', 'cmake_prefix_path')
[8.351s] INFO:colcon.colcon_core.shell:Creating environment hook '/home/tolasing/ros2_ws/install/cartographer_slam/share/cartographer_slam/hook/cmake_prefix_path.ps1'
[8.354s] INFO:colcon.colcon_core.shell:Creating environment descriptor '/home/tolasing/ros2_ws/install/cartographer_slam/share/cartographer_slam/hook/cmake_prefix_path.dsv'
[8.356s] INFO:colcon.colcon_core.shell:Creating environment hook '/home/tolasing/ros2_ws/install/cartographer_slam/share/cartographer_slam/hook/cmake_prefix_path.sh'
[8.359s] Level 1:colcon.colcon_core.environment:checking '/home/tolasing/ros2_ws/install/cartographer_slam/bin'
[8.359s] Level 1:colcon.colcon_core.environment:checking '/home/tolasing/ros2_ws/install/cartographer_slam/lib/pkgconfig/cartographer_slam.pc'
[8.359s] Level 1:colcon.colcon_core.environment:checking '/home/tolasing/ros2_ws/install/cartographer_slam/lib/python3.10/site-packages'
[8.359s] Level 1:colcon.colcon_core.environment:checking '/home/tolasing/ros2_ws/install/cartographer_slam/bin'
[8.362s] INFO:colcon.colcon_core.shell:Creating package script '/home/tolasing/ros2_ws/install/cartographer_slam/share/cartographer_slam/package.ps1'
[8.364s] INFO:colcon.colcon_core.shell:Creating package descriptor '/home/tolasing/ros2_ws/install/cartographer_slam/share/cartographer_slam/package.dsv'
[8.365s] INFO:colcon.colcon_core.shell:Creating package script '/home/tolasing/ros2_ws/install/cartographer_slam/share/cartographer_slam/package.sh'
[8.366s] INFO:colcon.colcon_core.shell:Creating package script '/home/tolasing/ros2_ws/install/cartographer_slam/share/cartographer_slam/package.bash'
[8.368s] INFO:colcon.colcon_core.shell:Creating package script '/home/tolasing/ros2_ws/install/cartographer_slam/share/cartographer_slam/package.zsh'
[8.370s] Level 1:colcon.colcon_core.environment:create_file_with_runtime_dependencies(/home/tolasing/ros2_ws/install/cartographer_slam/share/colcon-core/packages/cartographer_slam)
[8.402s] Level 1:colcon.colcon_core.environment:create_environment_scripts_only(cartographer_slam)
[8.406s] Level 1:colcon.colcon_core.environment:checking '/home/tolasing/ros2_ws/install/cartographer_slam' for CMake module files
[8.407s] Level 1:colcon.colcon_core.environment:checking '/home/tolasing/ros2_ws/install/cartographer_slam' for CMake config files
[8.408s] Level 1:colcon.colcon_core.shell:create_environment_hook('cartographer_slam', 'cmake_prefix_path')
[8.412s] INFO:colcon.colcon_core.shell:Creating environment hook '/home/tolasing/ros2_ws/install/cartographer_slam/share/cartographer_slam/hook/cmake_prefix_path.ps1'
[8.413s] INFO:colcon.colcon_core.shell:Creating environment descriptor '/home/tolasing/ros2_ws/install/cartographer_slam/share/cartographer_slam/hook/cmake_prefix_path.dsv'
[8.413s] INFO:colcon.colcon_core.shell:Creating environment hook '/home/tolasing/ros2_ws/install/cartographer_slam/share/cartographer_slam/hook/cmake_prefix_path.sh'
[8.415s] Level 1:colcon.colcon_core.environment:checking '/home/tolasing/ros2_ws/install/cartographer_slam/bin'
[8.415s] Level 1:colcon.colcon_core.environment:checking '/home/tolasing/ros2_ws/install/cartographer_slam/lib/pkgconfig/cartographer_slam.pc'
[8.416s] Level 1:colcon.colcon_core.environment:checking '/home/tolasing/ros2_ws/install/cartographer_slam/lib/python3.10/site-packages'
[8.416s] Level 1:colcon.colcon_core.environment:checking '/home/tolasing/ros2_ws/install/cartographer_slam/bin'
[8.421s] INFO:colcon.colcon_core.shell:Creating package script '/home/tolasing/ros2_ws/install/cartographer_slam/share/cartographer_slam/package.ps1'
[8.422s] INFO:colcon.colcon_core.shell:Creating package descriptor '/home/tolasing/ros2_ws/install/cartographer_slam/share/cartographer_slam/package.dsv'
[8.424s] INFO:colcon.colcon_core.shell:Creating package script '/home/tolasing/ros2_ws/install/cartographer_slam/share/cartographer_slam/package.sh'
[8.425s] INFO:colcon.colcon_core.shell:Creating package script '/home/tolasing/ros2_ws/install/cartographer_slam/share/cartographer_slam/package.bash'
[8.426s] INFO:colcon.colcon_core.shell:Creating package script '/home/tolasing/ros2_ws/install/cartographer_slam/share/cartographer_slam/package.zsh'
[8.427s] Level 1:colcon.colcon_core.environment:create_file_with_runtime_dependencies(/home/tolasing/ros2_ws/install/cartographer_slam/share/colcon-core/packages/cartographer_slam)
[8.428s] DEBUG:colcon.colcon_parallel_executor.executor.parallel:closing loop
[8.428s] DEBUG:colcon.colcon_parallel_executor.executor.parallel:loop closed
[8.428s] DEBUG:colcon.colcon_parallel_executor.executor.parallel:run_until_complete finished with '0'
[8.429s] DEBUG:colcon.colcon_core.event_reactor:joining thread
[8.450s] INFO:colcon.colcon_core.plugin_system:Skipping extension 'colcon_notification.desktop_notification.terminal_notifier': Not used on non-Darwin systems
[8.450s] INFO:colcon.colcon_core.plugin_system:Skipping extension 'colcon_notification.desktop_notification.win32': Not used on non-Windows systems
[8.450s] INFO:colcon.colcon_notification.desktop_notification:Sending desktop notification using 'notify2'
[8.538s] DEBUG:colcon.colcon_core.event_reactor:joined thread
[8.541s] INFO:colcon.colcon_core.shell:Creating prefix script '/home/tolasing/ros2_ws/install/local_setup.ps1'
[8.543s] INFO:colcon.colcon_core.shell:Creating prefix util module '/home/tolasing/ros2_ws/install/_local_setup_util_ps1.py'
[8.547s] INFO:colcon.colcon_core.shell:Creating prefix chain script '/home/tolasing/ros2_ws/install/setup.ps1'
[8.552s] INFO:colcon.colcon_core.shell:Creating prefix script '/home/tolasing/ros2_ws/install/local_setup.sh'
[8.553s] INFO:colcon.colcon_core.shell:Creating prefix util module '/home/tolasing/ros2_ws/install/_local_setup_util_sh.py'
[8.554s] INFO:colcon.colcon_core.shell:Creating prefix chain script '/home/tolasing/ros2_ws/install/setup.sh'
[8.561s] INFO:colcon.colcon_core.shell:Creating prefix script '/home/tolasing/ros2_ws/install/local_setup.bash'
[8.562s] INFO:colcon.colcon_core.shell:Creating prefix chain script '/home/tolasing/ros2_ws/install/setup.bash'
[8.566s] INFO:colcon.colcon_core.shell:Creating prefix script '/home/tolasing/ros2_ws/install/local_setup.zsh'
[8.567s] INFO:colcon.colcon_core.shell:Creating prefix chain script '/home/tolasing/ros2_ws/install/setup.zsh'
