-- Found ament_cmake: 1.3.3 (/opt/ros/humble/share/ament_cmake/cmake)
-- Found rclcpp: 16.0.3 (/opt/ros/humble/share/rclcpp/cmake)
-- Found rosidl_generator_c: 3.1.4 (/opt/ros/humble/share/rosidl_generator_c/cmake)
-- Found rosidl_adapter: 3.1.4 (/opt/ros/humble/share/rosidl_adapter/cmake)
-- Found rosidl_generator_cpp: 3.1.4 (/opt/ros/humble/share/rosidl_generator_cpp/cmake)
-- Using all available rosidl_typesupport_c: rosidl_typesupport_fastrtps_c;rosidl_typesupport_introspection_c
-- Using all available rosidl_typesupport_cpp: rosidl_typesupport_fastrtps_cpp;rosidl_typesupport_introspection_cpp
-- Found rmw_implementation_cmake: 6.1.1 (/opt/ros/humble/share/rmw_implementation_cmake/cmake)
-- Found rmw_fastrtps_cpp: 6.2.2 (/opt/ros/humble/share/rmw_fastrtps_cpp/cmake)
-- Using RMW implementation 'rmw_fastrtps_cpp' as default
-- Configuring done
-- Generating done
-- Build files have been written to: /home/tolasing/ros2_ws/build/serial
[35m[1mConsolidate compiler generated dependencies of target serial[0m
[ 66%] Built target serial
[35m[1mConsolidate compiler generated dependencies of target serial_example[0m
[100%] Built target serial_example
-- Install configuration: ""
-- Up-to-date: /home/tolasing/ros2_ws/install/serial/share/serial/environment/library_path.sh
-- Installing: /home/tolasing/ros2_ws/install/serial/share/serial/environment/library_path.dsv
-- Up-to-date: /home/tolasing/ros2_ws/install/serial/include/serial
-- Up-to-date: /home/tolasing/ros2_ws/install/serial/include/serial/impl
-- Up-to-date: /home/tolasing/ros2_ws/install/serial/include/serial/impl/unix.h
-- Up-to-date: /home/tolasing/ros2_ws/install/serial/include/serial/impl/win.h
-- Up-to-date: /home/tolasing/ros2_ws/install/serial/include/serial/v8stdint.h
-- Up-to-date: /home/tolasing/ros2_ws/install/serial/include/serial/serial.h
-- Up-to-date: /home/tolasing/ros2_ws/install/serial/lib/libserial.a
-- Up-to-date: /home/tolasing/ros2_ws/install/serial/include/serial/serial.h
-- Up-to-date: /home/tolasing/ros2_ws/install/serial/include/serial/v8stdint.h
-- Up-to-date: /home/tolasing/ros2_ws/install/serial/share/ament_index/resource_index/package_run_dependencies/serial
-- Installing: /home/tolasing/ros2_ws/install/serial/share/ament_index/resource_index/parent_prefix_path/serial
-- Up-to-date: /home/tolasing/ros2_ws/install/serial/share/serial/environment/ament_prefix_path.sh
-- Installing: /home/tolasing/ros2_ws/install/serial/share/serial/environment/ament_prefix_path.dsv
-- Up-to-date: /home/tolasing/ros2_ws/install/serial/share/serial/environment/path.sh
-- Installing: /home/tolasing/ros2_ws/install/serial/share/serial/environment/path.dsv
-- Up-to-date: /home/tolasing/ros2_ws/install/serial/share/serial/local_setup.bash
-- Up-to-date: /home/tolasing/ros2_ws/install/serial/share/serial/local_setup.sh
-- Up-to-date: /home/tolasing/ros2_ws/install/serial/share/serial/local_setup.zsh
-- Installing: /home/tolasing/ros2_ws/install/serial/share/serial/local_setup.dsv
-- Installing: /home/tolasing/ros2_ws/install/serial/share/serial/package.dsv
-- Up-to-date: /home/tolasing/ros2_ws/install/serial/share/ament_index/resource_index/packages/serial
-- Up-to-date: /home/tolasing/ros2_ws/install/serial/share/serial/cmake/serialExport.cmake
-- Up-to-date: /home/tolasing/ros2_ws/install/serial/share/serial/cmake/serialExport-noconfig.cmake
-- Up-to-date: /home/tolasing/ros2_ws/install/serial/share/serial/cmake/ament_cmake_export_targets-extras.cmake
-- Up-to-date: /home/tolasing/ros2_ws/install/serial/share/serial/cmake/ament_cmake_export_include_directories-extras.cmake
-- Up-to-date: /home/tolasing/ros2_ws/install/serial/share/serial/cmake/ament_cmake_export_libraries-extras.cmake
-- Up-to-date: /home/tolasing/ros2_ws/install/serial/share/serial/cmake/ament_cmake_export_dependencies-extras.cmake
-- Up-to-date: /home/tolasing/ros2_ws/install/serial/share/serial/cmake/serialConfig.cmake
-- Up-to-date: /home/tolasing/ros2_ws/install/serial/share/serial/cmake/serialConfig-version.cmake
-- Up-to-date: /home/tolasing/ros2_ws/install/serial/share/serial/package.xml
