[0.058s] Invoking command in '/home/tolasing/ros2_ws/build/serial': /usr/bin/cmake /home/tolasing/ros2_ws/src/serial -DCATKIN_INSTALL_INTO_PREFIX_ROOT=0 -DCATKIN_SYMLINK_INSTALL=ON -DCMAKE_INSTALL_PREFIX=/home/tolasing/ros2_ws/install/serial
[0.076s] -- Found ament_cmake: 1.3.3 (/opt/ros/humble/share/ament_cmake/cmake)
[0.341s] -- Found rclcpp: 16.0.3 (/opt/ros/humble/share/rclcpp/cmake)
[0.412s] -- Found rosidl_generator_c: 3.1.4 (/opt/ros/humble/share/rosidl_generator_c/cmake)
[0.417s] -- Found rosidl_adapter: 3.1.4 (/opt/ros/humble/share/rosidl_adapter/cmake)
[0.428s] -- Found rosidl_generator_cpp: 3.1.4 (/opt/ros/humble/share/rosidl_generator_cpp/cmake)
[0.448s] -- Using all available rosidl_typesupport_c: rosidl_typesupport_fastrtps_c;rosidl_typesupport_introspection_c
[0.477s] -- Using all available rosidl_typesupport_cpp: rosidl_typesupport_fastrtps_cpp;rosidl_typesupport_introspection_cpp
[0.589s] -- Found rmw_implementation_cmake: 6.1.1 (/opt/ros/humble/share/rmw_implementation_cmake/cmake)
[0.592s] -- Found rmw_fastrtps_cpp: 6.2.2 (/opt/ros/humble/share/rmw_fastrtps_cpp/cmake)
[0.796s] -- Using RMW implementation 'rmw_fastrtps_cpp' as default
[1.237s] -- Configuring done
[1.250s] -- Generating done
[1.253s] -- Build files have been written to: /home/tolasing/ros2_ws/build/serial
[1.265s] Invoked command in '/home/tolasing/ros2_ws/build/serial' returned '0': /usr/bin/cmake /home/tolasing/ros2_ws/src/serial -DCATKIN_INSTALL_INTO_PREFIX_ROOT=0 -DCATKIN_SYMLINK_INSTALL=ON -DCMAKE_INSTALL_PREFIX=/home/tolasing/ros2_ws/install/serial
[1.268s] Invoking command in '/home/tolasing/ros2_ws/build/serial': /usr/bin/cmake --build /home/tolasing/ros2_ws/build/serial -- -j8 -l8
[1.316s] [35m[1mConsolidate compiler generated dependencies of target serial[0m
[1.334s] [ 66%] Built target serial
[1.345s] [35m[1mConsolidate compiler generated dependencies of target serial_example[0m
[1.360s] [100%] Built target serial_example
[1.381s] Invoked command in '/home/tolasing/ros2_ws/build/serial' returned '0': /usr/bin/cmake --build /home/tolasing/ros2_ws/build/serial -- -j8 -l8
[1.460s] Invoking command in '/home/tolasing/ros2_ws/build/serial': /usr/bin/cmake --install /home/tolasing/ros2_ws/build/serial
[1.469s] -- Install configuration: ""
[1.469s] -- Up-to-date: /home/tolasing/ros2_ws/install/serial/share/serial/environment/library_path.sh
[1.469s] -- Installing: /home/tolasing/ros2_ws/install/serial/share/serial/environment/library_path.dsv
[1.470s] -- Up-to-date: /home/tolasing/ros2_ws/install/serial/include/serial
[1.470s] -- Up-to-date: /home/tolasing/ros2_ws/install/serial/include/serial/impl
[1.470s] -- Up-to-date: /home/tolasing/ros2_ws/install/serial/include/serial/impl/unix.h
[1.470s] -- Up-to-date: /home/tolasing/ros2_ws/install/serial/include/serial/impl/win.h
[1.470s] -- Up-to-date: /home/tolasing/ros2_ws/install/serial/include/serial/v8stdint.h
[1.471s] -- Up-to-date: /home/tolasing/ros2_ws/install/serial/include/serial/serial.h
[1.471s] -- Up-to-date: /home/tolasing/ros2_ws/install/serial/lib/libserial.a
[1.471s] -- Up-to-date: /home/tolasing/ros2_ws/install/serial/include/serial/serial.h
[1.471s] -- Up-to-date: /home/tolasing/ros2_ws/install/serial/include/serial/v8stdint.h
[1.471s] -- Up-to-date: /home/tolasing/ros2_ws/install/serial/share/ament_index/resource_index/package_run_dependencies/serial
[1.471s] -- Installing: /home/tolasing/ros2_ws/install/serial/share/ament_index/resource_index/parent_prefix_path/serial
[1.472s] -- Up-to-date: /home/tolasing/ros2_ws/install/serial/share/serial/environment/ament_prefix_path.sh
[1.472s] -- Installing: /home/tolasing/ros2_ws/install/serial/share/serial/environment/ament_prefix_path.dsv
[1.472s] -- Up-to-date: /home/tolasing/ros2_ws/install/serial/share/serial/environment/path.sh
[1.472s] -- Installing: /home/tolasing/ros2_ws/install/serial/share/serial/environment/path.dsv
[1.472s] -- Up-to-date: /home/tolasing/ros2_ws/install/serial/share/serial/local_setup.bash
[1.472s] -- Up-to-date: /home/tolasing/ros2_ws/install/serial/share/serial/local_setup.sh
[1.472s] -- Up-to-date: /home/tolasing/ros2_ws/install/serial/share/serial/local_setup.zsh
[1.472s] -- Installing: /home/tolasing/ros2_ws/install/serial/share/serial/local_setup.dsv
[1.472s] -- Installing: /home/tolasing/ros2_ws/install/serial/share/serial/package.dsv
[1.473s] -- Up-to-date: /home/tolasing/ros2_ws/install/serial/share/ament_index/resource_index/packages/serial
[1.473s] -- Up-to-date: /home/tolasing/ros2_ws/install/serial/share/serial/cmake/serialExport.cmake
[1.473s] -- Up-to-date: /home/tolasing/ros2_ws/install/serial/share/serial/cmake/serialExport-noconfig.cmake
[1.473s] -- Up-to-date: /home/tolasing/ros2_ws/install/serial/share/serial/cmake/ament_cmake_export_targets-extras.cmake
[1.473s] -- Up-to-date: /home/tolasing/ros2_ws/install/serial/share/serial/cmake/ament_cmake_export_include_directories-extras.cmake
[1.473s] -- Up-to-date: /home/tolasing/ros2_ws/install/serial/share/serial/cmake/ament_cmake_export_libraries-extras.cmake
[1.473s] -- Up-to-date: /home/tolasing/ros2_ws/install/serial/share/serial/cmake/ament_cmake_export_dependencies-extras.cmake
[1.473s] -- Up-to-date: /home/tolasing/ros2_ws/install/serial/share/serial/cmake/serialConfig.cmake
[1.474s] -- Up-to-date: /home/tolasing/ros2_ws/install/serial/share/serial/cmake/serialConfig-version.cmake
[1.474s] -- Up-to-date: /home/tolasing/ros2_ws/install/serial/share/serial/package.xml
[1.475s] Invoked command in '/home/tolasing/ros2_ws/build/serial' returned '0': /usr/bin/cmake --install /home/tolasing/ros2_ws/build/serial
