[0.376s] DEBUG:colcon:Command line arguments: ['/usr/bin/colcon', 'build', '--packages-select', 'prototype']
[0.376s] DEBUG:colcon:Parsed command line arguments: Namespace(log_base=None, log_level=None, verb_name='build', build_base='build', install_base='install', merge_install=False, symlink_install=False, test_result_base=None, continue_on_error=False, executor='parallel', parallel_workers=8, event_handlers=None, ignore_user_meta=False, metas=['./colcon.meta'], base_paths=['.'], packages_ignore=None, packages_ignore_regex=None, paths=None, packages_up_to=None, packages_up_to_regex=None, packages_above=None, packages_above_and_dependencies=None, packages_above_depth=None, packages_select_by_dep=None, packages_skip_by_dep=None, packages_skip_up_to=None, packages_select_build_failed=False, packages_skip_build_finished=False, packages_select_test_failures=False, packages_skip_test_passed=False, packages_select=['prototype'], packages_skip=None, packages_select_regex=None, packages_skip_regex=None, packages_start=None, packages_end=None, allow_overriding=[], cmake_args=None, cmake_target=None, cmake_target_skip_unavailable=False, cmake_clean_cache=False, cmake_clean_first=False, cmake_force_configure=False, ament_cmake_args=None, catkin_cmake_args=None, catkin_skip_building_tests=False, verb_parser=<colcon_defaults.argument_parser.defaults.DefaultArgumentsDecorator object at 0x7f892c2c3ee0>, verb_extension=<colcon_core.verb.build.BuildVerb object at 0x7f892cae3ca0>, main=<bound method BuildVerb.main of <colcon_core.verb.build.BuildVerb object at 0x7f892cae3ca0>>)
[0.414s] Level 1:colcon.colcon_core.package_discovery:discover_packages(colcon_meta) check parameters
[0.414s] Level 1:colcon.colcon_core.package_discovery:discover_packages(recursive) check parameters
[0.414s] Level 1:colcon.colcon_core.package_discovery:discover_packages(ignore) check parameters
[0.414s] Level 1:colcon.colcon_core.package_discovery:discover_packages(path) check parameters
[0.414s] Level 1:colcon.colcon_core.package_discovery:discover_packages(colcon_meta) discover
[0.415s] Level 1:colcon.colcon_core.package_discovery:discover_packages(recursive) discover
[0.415s] INFO:colcon.colcon_core.package_discovery:Crawling recursively for packages in '/home/tolasing/ros2_ws'
[0.415s] Level 1:colcon.colcon_core.package_identification:_identify(.) by extensions ['ignore', 'ignore_ament_install']
[0.416s] Level 1:colcon.colcon_core.package_identification:_identify(.) by extension 'ignore'
[0.416s] Level 1:colcon.colcon_core.package_identification:_identify(.) by extension 'ignore_ament_install'
[0.416s] Level 1:colcon.colcon_core.package_identification:_identify(.) by extensions ['colcon_pkg']
[0.416s] Level 1:colcon.colcon_core.package_identification:_identify(.) by extension 'colcon_pkg'
[0.416s] Level 1:colcon.colcon_core.package_identification:_identify(.) by extensions ['colcon_meta']
[0.416s] Level 1:colcon.colcon_core.package_identification:_identify(.) by extension 'colcon_meta'
[0.416s] Level 1:colcon.colcon_core.package_identification:_identify(.) by extensions ['ros']
[0.416s] Level 1:colcon.colcon_core.package_identification:_identify(.) by extension 'ros'
[0.428s] Level 1:colcon.colcon_core.package_identification:_identify(.) by extensions ['cmake', 'python']
[0.428s] Level 1:colcon.colcon_core.package_identification:_identify(.) by extension 'cmake'
[0.428s] Level 1:colcon.colcon_core.package_identification:_identify(.) by extension 'python'
[0.428s] Level 1:colcon.colcon_core.package_identification:_identify(.) by extensions ['python_setup_py']
[0.428s] Level 1:colcon.colcon_core.package_identification:_identify(.) by extension 'python_setup_py'
[0.428s] Level 1:colcon.colcon_core.package_identification:_identify(build) by extensions ['ignore', 'ignore_ament_install']
[0.428s] Level 1:colcon.colcon_core.package_identification:_identify(build) by extension 'ignore'
[0.428s] Level 1:colcon.colcon_core.package_identification:_identify(build) ignored
[0.428s] Level 1:colcon.colcon_core.package_identification:_identify(install) by extensions ['ignore', 'ignore_ament_install']
[0.429s] Level 1:colcon.colcon_core.package_identification:_identify(install) by extension 'ignore'
[0.429s] Level 1:colcon.colcon_core.package_identification:_identify(install) ignored
[0.429s] Level 1:colcon.colcon_core.package_identification:_identify(log) by extensions ['ignore', 'ignore_ament_install']
[0.429s] Level 1:colcon.colcon_core.package_identification:_identify(log) by extension 'ignore'
[0.429s] Level 1:colcon.colcon_core.package_identification:_identify(log) ignored
[0.429s] Level 1:colcon.colcon_core.package_identification:_identify(src) by extensions ['ignore', 'ignore_ament_install']
[0.429s] Level 1:colcon.colcon_core.package_identification:_identify(src) by extension 'ignore'
[0.429s] Level 1:colcon.colcon_core.package_identification:_identify(src) by extension 'ignore_ament_install'
[0.429s] Level 1:colcon.colcon_core.package_identification:_identify(src) by extensions ['colcon_pkg']
[0.429s] Level 1:colcon.colcon_core.package_identification:_identify(src) by extension 'colcon_pkg'
[0.429s] Level 1:colcon.colcon_core.package_identification:_identify(src) by extensions ['colcon_meta']
[0.429s] Level 1:colcon.colcon_core.package_identification:_identify(src) by extension 'colcon_meta'
[0.429s] Level 1:colcon.colcon_core.package_identification:_identify(src) by extensions ['ros']
[0.429s] Level 1:colcon.colcon_core.package_identification:_identify(src) by extension 'ros'
[0.429s] Level 1:colcon.colcon_core.package_identification:_identify(src) by extensions ['cmake', 'python']
[0.429s] Level 1:colcon.colcon_core.package_identification:_identify(src) by extension 'cmake'
[0.429s] Level 1:colcon.colcon_core.package_identification:_identify(src) by extension 'python'
[0.429s] Level 1:colcon.colcon_core.package_identification:_identify(src) by extensions ['python_setup_py']
[0.430s] Level 1:colcon.colcon_core.package_identification:_identify(src) by extension 'python_setup_py'
[0.430s] Level 1:colcon.colcon_core.package_identification:_identify(src/arduino_package) by extensions ['ignore', 'ignore_ament_install']
[0.430s] Level 1:colcon.colcon_core.package_identification:_identify(src/arduino_package) by extension 'ignore'
[0.430s] Level 1:colcon.colcon_core.package_identification:_identify(src/arduino_package) by extension 'ignore_ament_install'
[0.430s] Level 1:colcon.colcon_core.package_identification:_identify(src/arduino_package) by extensions ['colcon_pkg']
[0.430s] Level 1:colcon.colcon_core.package_identification:_identify(src/arduino_package) by extension 'colcon_pkg'
[0.430s] Level 1:colcon.colcon_core.package_identification:_identify(src/arduino_package) by extensions ['colcon_meta']
[0.430s] Level 1:colcon.colcon_core.package_identification:_identify(src/arduino_package) by extension 'colcon_meta'
[0.430s] Level 1:colcon.colcon_core.package_identification:_identify(src/arduino_package) by extensions ['ros']
[0.430s] Level 1:colcon.colcon_core.package_identification:_identify(src/arduino_package) by extension 'ros'
[0.430s] Level 1:colcon.colcon_core.package_identification:_identify(src/arduino_package) by extensions ['cmake', 'python']
[0.430s] Level 1:colcon.colcon_core.package_identification:_identify(src/arduino_package) by extension 'cmake'
[0.430s] Level 1:colcon.colcon_core.package_identification:_identify(src/arduino_package) by extension 'python'
[0.430s] Level 1:colcon.colcon_core.package_identification:_identify(src/arduino_package) by extensions ['python_setup_py']
[0.430s] Level 1:colcon.colcon_core.package_identification:_identify(src/arduino_package) by extension 'python_setup_py'
[0.430s] Level 1:colcon.colcon_core.package_identification:_identify(src/arduino_package/ros_arduino_bridge) by extensions ['ignore', 'ignore_ament_install']
[0.430s] Level 1:colcon.colcon_core.package_identification:_identify(src/arduino_package/ros_arduino_bridge) by extension 'ignore'
[0.431s] Level 1:colcon.colcon_core.package_identification:_identify(src/arduino_package/ros_arduino_bridge) by extension 'ignore_ament_install'
[0.431s] Level 1:colcon.colcon_core.package_identification:_identify(src/arduino_package/ros_arduino_bridge) by extensions ['colcon_pkg']
[0.431s] Level 1:colcon.colcon_core.package_identification:_identify(src/arduino_package/ros_arduino_bridge) by extension 'colcon_pkg'
[0.431s] Level 1:colcon.colcon_core.package_identification:_identify(src/arduino_package/ros_arduino_bridge) by extensions ['colcon_meta']
[0.431s] Level 1:colcon.colcon_core.package_identification:_identify(src/arduino_package/ros_arduino_bridge) by extension 'colcon_meta'
[0.431s] Level 1:colcon.colcon_core.package_identification:_identify(src/arduino_package/ros_arduino_bridge) by extensions ['ros']
[0.431s] Level 1:colcon.colcon_core.package_identification:_identify(src/arduino_package/ros_arduino_bridge) by extension 'ros'
[0.431s] Level 1:colcon.colcon_core.package_identification:_identify(src/arduino_package/ros_arduino_bridge) by extensions ['cmake', 'python']
[0.431s] Level 1:colcon.colcon_core.package_identification:_identify(src/arduino_package/ros_arduino_bridge) by extension 'cmake'
[0.431s] Level 1:colcon.colcon_core.package_identification:_identify(src/arduino_package/ros_arduino_bridge) by extension 'python'
[0.431s] Level 1:colcon.colcon_core.package_identification:_identify(src/arduino_package/ros_arduino_bridge) by extensions ['python_setup_py']
[0.431s] Level 1:colcon.colcon_core.package_identification:_identify(src/arduino_package/ros_arduino_bridge) by extension 'python_setup_py'
[0.431s] Level 1:colcon.colcon_core.package_identification:_identify(src/arduino_package/ros_arduino_bridge/ROSArduinoBridge) by extensions ['ignore', 'ignore_ament_install']
[0.431s] Level 1:colcon.colcon_core.package_identification:_identify(src/arduino_package/ros_arduino_bridge/ROSArduinoBridge) by extension 'ignore'
[0.431s] Level 1:colcon.colcon_core.package_identification:_identify(src/arduino_package/ros_arduino_bridge/ROSArduinoBridge) by extension 'ignore_ament_install'
[0.431s] Level 1:colcon.colcon_core.package_identification:_identify(src/arduino_package/ros_arduino_bridge/ROSArduinoBridge) by extensions ['colcon_pkg']
[0.431s] Level 1:colcon.colcon_core.package_identification:_identify(src/arduino_package/ros_arduino_bridge/ROSArduinoBridge) by extension 'colcon_pkg'
[0.431s] Level 1:colcon.colcon_core.package_identification:_identify(src/arduino_package/ros_arduino_bridge/ROSArduinoBridge) by extensions ['colcon_meta']
[0.431s] Level 1:colcon.colcon_core.package_identification:_identify(src/arduino_package/ros_arduino_bridge/ROSArduinoBridge) by extension 'colcon_meta'
[0.432s] Level 1:colcon.colcon_core.package_identification:_identify(src/arduino_package/ros_arduino_bridge/ROSArduinoBridge) by extensions ['ros']
[0.432s] Level 1:colcon.colcon_core.package_identification:_identify(src/arduino_package/ros_arduino_bridge/ROSArduinoBridge) by extension 'ros'
[0.432s] Level 1:colcon.colcon_core.package_identification:_identify(src/arduino_package/ros_arduino_bridge/ROSArduinoBridge) by extensions ['cmake', 'python']
[0.432s] Level 1:colcon.colcon_core.package_identification:_identify(src/arduino_package/ros_arduino_bridge/ROSArduinoBridge) by extension 'cmake'
[0.432s] Level 1:colcon.colcon_core.package_identification:_identify(src/arduino_package/ros_arduino_bridge/ROSArduinoBridge) by extension 'python'
[0.432s] Level 1:colcon.colcon_core.package_identification:_identify(src/arduino_package/ros_arduino_bridge/ROSArduinoBridge) by extensions ['python_setup_py']
[0.432s] Level 1:colcon.colcon_core.package_identification:_identify(src/arduino_package/ros_arduino_bridge/ROSArduinoBridge) by extension 'python_setup_py'
[0.432s] Level 1:colcon.colcon_core.package_identification:_identify(src/arduino_test) by extensions ['ignore', 'ignore_ament_install']
[0.432s] Level 1:colcon.colcon_core.package_identification:_identify(src/arduino_test) by extension 'ignore'
[0.432s] Level 1:colcon.colcon_core.package_identification:_identify(src/arduino_test) by extension 'ignore_ament_install'
[0.432s] Level 1:colcon.colcon_core.package_identification:_identify(src/arduino_test) by extensions ['colcon_pkg']
[0.432s] Level 1:colcon.colcon_core.package_identification:_identify(src/arduino_test) by extension 'colcon_pkg'
[0.432s] Level 1:colcon.colcon_core.package_identification:_identify(src/arduino_test) by extensions ['colcon_meta']
[0.432s] Level 1:colcon.colcon_core.package_identification:_identify(src/arduino_test) by extension 'colcon_meta'
[0.432s] Level 1:colcon.colcon_core.package_identification:_identify(src/arduino_test) by extensions ['ros']
[0.432s] Level 1:colcon.colcon_core.package_identification:_identify(src/arduino_test) by extension 'ros'
[0.435s] DEBUG:colcon.colcon_core.package_identification:Package 'src/arduino_test' with type 'ros.ament_cmake' and name 'arduino_test'
[0.435s] Level 1:colcon.colcon_core.package_identification:_identify(src/cartographer) by extensions ['ignore', 'ignore_ament_install']
[0.436s] Level 1:colcon.colcon_core.package_identification:_identify(src/cartographer) by extension 'ignore'
[0.436s] Level 1:colcon.colcon_core.package_identification:_identify(src/cartographer) by extension 'ignore_ament_install'
[0.436s] Level 1:colcon.colcon_core.package_identification:_identify(src/cartographer) by extensions ['colcon_pkg']
[0.436s] Level 1:colcon.colcon_core.package_identification:_identify(src/cartographer) by extension 'colcon_pkg'
[0.436s] Level 1:colcon.colcon_core.package_identification:_identify(src/cartographer) by extensions ['colcon_meta']
[0.436s] Level 1:colcon.colcon_core.package_identification:_identify(src/cartographer) by extension 'colcon_meta'
[0.436s] Level 1:colcon.colcon_core.package_identification:_identify(src/cartographer) by extensions ['ros']
[0.436s] Level 1:colcon.colcon_core.package_identification:_identify(src/cartographer) by extension 'ros'
[0.438s] DEBUG:colcon.colcon_core.package_identification:Package 'src/cartographer' with type 'ros.cmake' and name 'cartographer'
[0.438s] Level 1:colcon.colcon_core.package_identification:_identify(src/gazebo_sim) by extensions ['ignore', 'ignore_ament_install']
[0.438s] Level 1:colcon.colcon_core.package_identification:_identify(src/gazebo_sim) by extension 'ignore'
[0.438s] Level 1:colcon.colcon_core.package_identification:_identify(src/gazebo_sim) by extension 'ignore_ament_install'
[0.438s] Level 1:colcon.colcon_core.package_identification:_identify(src/gazebo_sim) by extensions ['colcon_pkg']
[0.438s] Level 1:colcon.colcon_core.package_identification:_identify(src/gazebo_sim) by extension 'colcon_pkg'
[0.438s] Level 1:colcon.colcon_core.package_identification:_identify(src/gazebo_sim) by extensions ['colcon_meta']
[0.438s] Level 1:colcon.colcon_core.package_identification:_identify(src/gazebo_sim) by extension 'colcon_meta'
[0.438s] Level 1:colcon.colcon_core.package_identification:_identify(src/gazebo_sim) by extensions ['ros']
[0.438s] Level 1:colcon.colcon_core.package_identification:_identify(src/gazebo_sim) by extension 'ros'
[0.439s] DEBUG:colcon.colcon_core.package_identification:Package 'src/gazebo_sim' with type 'ros.ament_cmake' and name 'gazebo_sim'
[0.439s] Level 1:colcon.colcon_core.package_identification:_identify(src/motor_control) by extensions ['ignore', 'ignore_ament_install']
[0.439s] Level 1:colcon.colcon_core.package_identification:_identify(src/motor_control) by extension 'ignore'
[0.439s] Level 1:colcon.colcon_core.package_identification:_identify(src/motor_control) by extension 'ignore_ament_install'
[0.439s] Level 1:colcon.colcon_core.package_identification:_identify(src/motor_control) by extensions ['colcon_pkg']
[0.439s] Level 1:colcon.colcon_core.package_identification:_identify(src/motor_control) by extension 'colcon_pkg'
[0.439s] Level 1:colcon.colcon_core.package_identification:_identify(src/motor_control) by extensions ['colcon_meta']
[0.439s] Level 1:colcon.colcon_core.package_identification:_identify(src/motor_control) by extension 'colcon_meta'
[0.440s] Level 1:colcon.colcon_core.package_identification:_identify(src/motor_control) by extensions ['ros']
[0.440s] Level 1:colcon.colcon_core.package_identification:_identify(src/motor_control) by extension 'ros'
[0.440s] DEBUG:colcon.colcon_core.package_identification:Package 'src/motor_control' with type 'ros.ament_cmake' and name 'motor_control'
[0.441s] Level 1:colcon.colcon_core.package_identification:_identify(src/prototype) by extensions ['ignore', 'ignore_ament_install']
[0.441s] Level 1:colcon.colcon_core.package_identification:_identify(src/prototype) by extension 'ignore'
[0.441s] Level 1:colcon.colcon_core.package_identification:_identify(src/prototype) by extension 'ignore_ament_install'
[0.441s] Level 1:colcon.colcon_core.package_identification:_identify(src/prototype) by extensions ['colcon_pkg']
[0.441s] Level 1:colcon.colcon_core.package_identification:_identify(src/prototype) by extension 'colcon_pkg'
[0.441s] Level 1:colcon.colcon_core.package_identification:_identify(src/prototype) by extensions ['colcon_meta']
[0.441s] Level 1:colcon.colcon_core.package_identification:_identify(src/prototype) by extension 'colcon_meta'
[0.441s] Level 1:colcon.colcon_core.package_identification:_identify(src/prototype) by extensions ['ros']
[0.441s] Level 1:colcon.colcon_core.package_identification:_identify(src/prototype) by extension 'ros'
[0.442s] DEBUG:colcon.colcon_core.package_identification:Package 'src/prototype' with type 'ros.ament_cmake' and name 'prototype'
[0.442s] Level 1:colcon.colcon_core.package_identification:_identify(src/ros2_nav_files) by extensions ['ignore', 'ignore_ament_install']
[0.442s] Level 1:colcon.colcon_core.package_identification:_identify(src/ros2_nav_files) by extension 'ignore'
[0.442s] Level 1:colcon.colcon_core.package_identification:_identify(src/ros2_nav_files) by extension 'ignore_ament_install'
[0.442s] Level 1:colcon.colcon_core.package_identification:_identify(src/ros2_nav_files) by extensions ['colcon_pkg']
[0.442s] Level 1:colcon.colcon_core.package_identification:_identify(src/ros2_nav_files) by extension 'colcon_pkg'
[0.442s] Level 1:colcon.colcon_core.package_identification:_identify(src/ros2_nav_files) by extensions ['colcon_meta']
[0.442s] Level 1:colcon.colcon_core.package_identification:_identify(src/ros2_nav_files) by extension 'colcon_meta'
[0.442s] Level 1:colcon.colcon_core.package_identification:_identify(src/ros2_nav_files) by extensions ['ros']
[0.442s] Level 1:colcon.colcon_core.package_identification:_identify(src/ros2_nav_files) by extension 'ros'
[0.442s] Level 1:colcon.colcon_core.package_identification:_identify(src/ros2_nav_files) by extensions ['cmake', 'python']
[0.442s] Level 1:colcon.colcon_core.package_identification:_identify(src/ros2_nav_files) by extension 'cmake'
[0.442s] Level 1:colcon.colcon_core.package_identification:_identify(src/ros2_nav_files) by extension 'python'
[0.443s] Level 1:colcon.colcon_core.package_identification:_identify(src/ros2_nav_files) by extensions ['python_setup_py']
[0.443s] Level 1:colcon.colcon_core.package_identification:_identify(src/ros2_nav_files) by extension 'python_setup_py'
[0.443s] Level 1:colcon.colcon_core.package_identification:_identify(src/ros2_nav_files/nav2_course) by extensions ['ignore', 'ignore_ament_install']
[0.443s] Level 1:colcon.colcon_core.package_identification:_identify(src/ros2_nav_files/nav2_course) by extension 'ignore'
[0.443s] Level 1:colcon.colcon_core.package_identification:_identify(src/ros2_nav_files/nav2_course) by extension 'ignore_ament_install'
[0.443s] Level 1:colcon.colcon_core.package_identification:_identify(src/ros2_nav_files/nav2_course) by extensions ['colcon_pkg']
[0.443s] Level 1:colcon.colcon_core.package_identification:_identify(src/ros2_nav_files/nav2_course) by extension 'colcon_pkg'
[0.443s] Level 1:colcon.colcon_core.package_identification:_identify(src/ros2_nav_files/nav2_course) by extensions ['colcon_meta']
[0.443s] Level 1:colcon.colcon_core.package_identification:_identify(src/ros2_nav_files/nav2_course) by extension 'colcon_meta'
[0.443s] Level 1:colcon.colcon_core.package_identification:_identify(src/ros2_nav_files/nav2_course) by extensions ['ros']
[0.443s] Level 1:colcon.colcon_core.package_identification:_identify(src/ros2_nav_files/nav2_course) by extension 'ros'
[0.444s] DEBUG:colcon.colcon_core.package_identification:Package 'src/ros2_nav_files/nav2_course' with type 'ros.ament_cmake' and name 'nav2_course'
[0.444s] Level 1:colcon.colcon_core.package_identification:_identify(src/ros2_nav_files/nav2_project) by extensions ['ignore', 'ignore_ament_install']
[0.444s] Level 1:colcon.colcon_core.package_identification:_identify(src/ros2_nav_files/nav2_project) by extension 'ignore'
[0.444s] Level 1:colcon.colcon_core.package_identification:_identify(src/ros2_nav_files/nav2_project) by extension 'ignore_ament_install'
[0.444s] Level 1:colcon.colcon_core.package_identification:_identify(src/ros2_nav_files/nav2_project) by extensions ['colcon_pkg']
[0.444s] Level 1:colcon.colcon_core.package_identification:_identify(src/ros2_nav_files/nav2_project) by extension 'colcon_pkg'
[0.444s] Level 1:colcon.colcon_core.package_identification:_identify(src/ros2_nav_files/nav2_project) by extensions ['colcon_meta']
[0.444s] Level 1:colcon.colcon_core.package_identification:_identify(src/ros2_nav_files/nav2_project) by extension 'colcon_meta'
[0.444s] Level 1:colcon.colcon_core.package_identification:_identify(src/ros2_nav_files/nav2_project) by extensions ['ros']
[0.444s] Level 1:colcon.colcon_core.package_identification:_identify(src/ros2_nav_files/nav2_project) by extension 'ros'
[0.445s] DEBUG:colcon.colcon_core.package_identification:Package 'src/ros2_nav_files/nav2_project' with type 'ros.ament_python' and name 'nav2_project'
[0.445s] Level 1:colcon.colcon_core.package_identification:_identify(src/ros2_nav_files/rviz) by extensions ['ignore', 'ignore_ament_install']
[0.445s] Level 1:colcon.colcon_core.package_identification:_identify(src/ros2_nav_files/rviz) by extension 'ignore'
[0.445s] Level 1:colcon.colcon_core.package_identification:_identify(src/ros2_nav_files/rviz) by extension 'ignore_ament_install'
[0.445s] Level 1:colcon.colcon_core.package_identification:_identify(src/ros2_nav_files/rviz) by extensions ['colcon_pkg']
[0.445s] Level 1:colcon.colcon_core.package_identification:_identify(src/ros2_nav_files/rviz) by extension 'colcon_pkg'
[0.445s] Level 1:colcon.colcon_core.package_identification:_identify(src/ros2_nav_files/rviz) by extensions ['colcon_meta']
[0.445s] Level 1:colcon.colcon_core.package_identification:_identify(src/ros2_nav_files/rviz) by extension 'colcon_meta'
[0.445s] Level 1:colcon.colcon_core.package_identification:_identify(src/ros2_nav_files/rviz) by extensions ['ros']
[0.445s] Level 1:colcon.colcon_core.package_identification:_identify(src/ros2_nav_files/rviz) by extension 'ros'
[0.445s] Level 1:colcon.colcon_core.package_identification:_identify(src/ros2_nav_files/rviz) by extensions ['cmake', 'python']
[0.445s] Level 1:colcon.colcon_core.package_identification:_identify(src/ros2_nav_files/rviz) by extension 'cmake'
[0.446s] Level 1:colcon.colcon_core.package_identification:_identify(src/ros2_nav_files/rviz) by extension 'python'
[0.446s] Level 1:colcon.colcon_core.package_identification:_identify(src/ros2_nav_files/rviz) by extensions ['python_setup_py']
[0.446s] Level 1:colcon.colcon_core.package_identification:_identify(src/ros2_nav_files/rviz) by extension 'python_setup_py'
[0.446s] Level 1:colcon.colcon_core.package_identification:_identify(src/serial) by extensions ['ignore', 'ignore_ament_install']
[0.446s] Level 1:colcon.colcon_core.package_identification:_identify(src/serial) by extension 'ignore'
[0.446s] Level 1:colcon.colcon_core.package_identification:_identify(src/serial) by extension 'ignore_ament_install'
[0.446s] Level 1:colcon.colcon_core.package_identification:_identify(src/serial) by extensions ['colcon_pkg']
[0.446s] Level 1:colcon.colcon_core.package_identification:_identify(src/serial) by extension 'colcon_pkg'
[0.446s] Level 1:colcon.colcon_core.package_identification:_identify(src/serial) by extensions ['colcon_meta']
[0.446s] Level 1:colcon.colcon_core.package_identification:_identify(src/serial) by extension 'colcon_meta'
[0.446s] Level 1:colcon.colcon_core.package_identification:_identify(src/serial) by extensions ['ros']
[0.446s] Level 1:colcon.colcon_core.package_identification:_identify(src/serial) by extension 'ros'
[0.447s] DEBUG:colcon.colcon_core.package_identification:Package 'src/serial' with type 'ros.catkin' and name 'serial'
[0.447s] Level 1:colcon.colcon_core.package_identification:_identify(src/service_pkg) by extensions ['ignore', 'ignore_ament_install']
[0.447s] Level 1:colcon.colcon_core.package_identification:_identify(src/service_pkg) by extension 'ignore'
[0.447s] Level 1:colcon.colcon_core.package_identification:_identify(src/service_pkg) by extension 'ignore_ament_install'
[0.447s] Level 1:colcon.colcon_core.package_identification:_identify(src/service_pkg) by extensions ['colcon_pkg']
[0.447s] Level 1:colcon.colcon_core.package_identification:_identify(src/service_pkg) by extension 'colcon_pkg'
[0.447s] Level 1:colcon.colcon_core.package_identification:_identify(src/service_pkg) by extensions ['colcon_meta']
[0.447s] Level 1:colcon.colcon_core.package_identification:_identify(src/service_pkg) by extension 'colcon_meta'
[0.447s] Level 1:colcon.colcon_core.package_identification:_identify(src/service_pkg) by extensions ['ros']
[0.447s] Level 1:colcon.colcon_core.package_identification:_identify(src/service_pkg) by extension 'ros'
[0.448s] DEBUG:colcon.colcon_core.package_identification:Package 'src/service_pkg' with type 'ros.ament_python' and name 'service_pkg'
[0.448s] Level 1:colcon.colcon_core.package_identification:_identify(src/transport_drivers) by extensions ['ignore', 'ignore_ament_install']
[0.448s] Level 1:colcon.colcon_core.package_identification:_identify(src/transport_drivers) by extension 'ignore'
[0.448s] Level 1:colcon.colcon_core.package_identification:_identify(src/transport_drivers) by extension 'ignore_ament_install'
[0.448s] Level 1:colcon.colcon_core.package_identification:_identify(src/transport_drivers) by extensions ['colcon_pkg']
[0.448s] Level 1:colcon.colcon_core.package_identification:_identify(src/transport_drivers) by extension 'colcon_pkg'
[0.448s] Level 1:colcon.colcon_core.package_identification:_identify(src/transport_drivers) by extensions ['colcon_meta']
[0.448s] Level 1:colcon.colcon_core.package_identification:_identify(src/transport_drivers) by extension 'colcon_meta'
[0.448s] Level 1:colcon.colcon_core.package_identification:_identify(src/transport_drivers) by extensions ['ros']
[0.448s] Level 1:colcon.colcon_core.package_identification:_identify(src/transport_drivers) by extension 'ros'
[0.449s] Level 1:colcon.colcon_core.package_identification:_identify(src/transport_drivers) by extensions ['cmake', 'python']
[0.449s] Level 1:colcon.colcon_core.package_identification:_identify(src/transport_drivers) by extension 'cmake'
[0.449s] Level 1:colcon.colcon_core.package_identification:_identify(src/transport_drivers) by extension 'python'
[0.449s] Level 1:colcon.colcon_core.package_identification:_identify(src/transport_drivers) by extensions ['python_setup_py']
[0.449s] Level 1:colcon.colcon_core.package_identification:_identify(src/transport_drivers) by extension 'python_setup_py'
[0.449s] Level 1:colcon.colcon_core.package_identification:_identify(src/transport_drivers/asio_cmake_module) by extensions ['ignore', 'ignore_ament_install']
[0.449s] Level 1:colcon.colcon_core.package_identification:_identify(src/transport_drivers/asio_cmake_module) by extension 'ignore'
[0.449s] Level 1:colcon.colcon_core.package_identification:_identify(src/transport_drivers/asio_cmake_module) by extension 'ignore_ament_install'
[0.449s] Level 1:colcon.colcon_core.package_identification:_identify(src/transport_drivers/asio_cmake_module) by extensions ['colcon_pkg']
[0.449s] Level 1:colcon.colcon_core.package_identification:_identify(src/transport_drivers/asio_cmake_module) by extension 'colcon_pkg'
[0.449s] Level 1:colcon.colcon_core.package_identification:_identify(src/transport_drivers/asio_cmake_module) by extensions ['colcon_meta']
[0.449s] Level 1:colcon.colcon_core.package_identification:_identify(src/transport_drivers/asio_cmake_module) by extension 'colcon_meta'
[0.449s] Level 1:colcon.colcon_core.package_identification:_identify(src/transport_drivers/asio_cmake_module) by extensions ['ros']
[0.449s] Level 1:colcon.colcon_core.package_identification:_identify(src/transport_drivers/asio_cmake_module) by extension 'ros'
[0.450s] DEBUG:colcon.colcon_core.package_identification:Package 'src/transport_drivers/asio_cmake_module' with type 'ros.ament_cmake' and name 'asio_cmake_module'
[0.450s] Level 1:colcon.colcon_core.package_identification:_identify(src/transport_drivers/io_context) by extensions ['ignore', 'ignore_ament_install']
[0.450s] Level 1:colcon.colcon_core.package_identification:_identify(src/transport_drivers/io_context) by extension 'ignore'
[0.450s] Level 1:colcon.colcon_core.package_identification:_identify(src/transport_drivers/io_context) by extension 'ignore_ament_install'
[0.451s] Level 1:colcon.colcon_core.package_identification:_identify(src/transport_drivers/io_context) by extensions ['colcon_pkg']
[0.451s] Level 1:colcon.colcon_core.package_identification:_identify(src/transport_drivers/io_context) by extension 'colcon_pkg'
[0.451s] Level 1:colcon.colcon_core.package_identification:_identify(src/transport_drivers/io_context) by extensions ['colcon_meta']
[0.451s] Level 1:colcon.colcon_core.package_identification:_identify(src/transport_drivers/io_context) by extension 'colcon_meta'
[0.451s] Level 1:colcon.colcon_core.package_identification:_identify(src/transport_drivers/io_context) by extensions ['ros']
[0.451s] Level 1:colcon.colcon_core.package_identification:_identify(src/transport_drivers/io_context) by extension 'ros'
[0.452s] DEBUG:colcon.colcon_core.package_identification:Package 'src/transport_drivers/io_context' with type 'ros.ament_cmake' and name 'io_context'
[0.452s] Level 1:colcon.colcon_core.package_identification:_identify(src/transport_drivers/serial_driver) by extensions ['ignore', 'ignore_ament_install']
[0.452s] Level 1:colcon.colcon_core.package_identification:_identify(src/transport_drivers/serial_driver) by extension 'ignore'
[0.452s] Level 1:colcon.colcon_core.package_identification:_identify(src/transport_drivers/serial_driver) by extension 'ignore_ament_install'
[0.452s] Level 1:colcon.colcon_core.package_identification:_identify(src/transport_drivers/serial_driver) by extensions ['colcon_pkg']
[0.452s] Level 1:colcon.colcon_core.package_identification:_identify(src/transport_drivers/serial_driver) by extension 'colcon_pkg'
[0.452s] Level 1:colcon.colcon_core.package_identification:_identify(src/transport_drivers/serial_driver) by extensions ['colcon_meta']
[0.452s] Level 1:colcon.colcon_core.package_identification:_identify(src/transport_drivers/serial_driver) by extension 'colcon_meta'
[0.452s] Level 1:colcon.colcon_core.package_identification:_identify(src/transport_drivers/serial_driver) by extensions ['ros']
[0.452s] Level 1:colcon.colcon_core.package_identification:_identify(src/transport_drivers/serial_driver) by extension 'ros'
[0.454s] DEBUG:colcon.colcon_core.package_identification:Package 'src/transport_drivers/serial_driver' with type 'ros.ament_cmake' and name 'serial_driver'
[0.454s] Level 1:colcon.colcon_core.package_identification:_identify(src/transport_drivers/udp_driver) by extensions ['ignore', 'ignore_ament_install']
[0.454s] Level 1:colcon.colcon_core.package_identification:_identify(src/transport_drivers/udp_driver) by extension 'ignore'
[0.454s] Level 1:colcon.colcon_core.package_identification:_identify(src/transport_drivers/udp_driver) by extension 'ignore_ament_install'
[0.454s] Level 1:colcon.colcon_core.package_identification:_identify(src/transport_drivers/udp_driver) by extensions ['colcon_pkg']
[0.454s] Level 1:colcon.colcon_core.package_identification:_identify(src/transport_drivers/udp_driver) by extension 'colcon_pkg'
[0.455s] Level 1:colcon.colcon_core.package_identification:_identify(src/transport_drivers/udp_driver) by extensions ['colcon_meta']
[0.455s] Level 1:colcon.colcon_core.package_identification:_identify(src/transport_drivers/udp_driver) by extension 'colcon_meta'
[0.455s] Level 1:colcon.colcon_core.package_identification:_identify(src/transport_drivers/udp_driver) by extensions ['ros']
[0.455s] Level 1:colcon.colcon_core.package_identification:_identify(src/transport_drivers/udp_driver) by extension 'ros'
[0.458s] DEBUG:colcon.colcon_core.package_identification:Package 'src/transport_drivers/udp_driver' with type 'ros.ament_cmake' and name 'udp_driver'
[0.458s] Level 1:colcon.colcon_core.package_discovery:discover_packages(recursive) using defaults
[0.458s] Level 1:colcon.colcon_core.package_discovery:discover_packages(ignore) discover
[0.458s] Level 1:colcon.colcon_core.package_discovery:discover_packages(ignore) using defaults
[0.458s] Level 1:colcon.colcon_core.package_discovery:discover_packages(path) discover
[0.458s] Level 1:colcon.colcon_core.package_discovery:discover_packages(path) using defaults
[0.483s] INFO:colcon.colcon_core.package_selection:Skipping not selected package 'asio_cmake_module' in 'src/transport_drivers/asio_cmake_module'
[0.483s] INFO:colcon.colcon_core.package_selection:Skipping not selected package 'cartographer' in 'src/cartographer'
[0.483s] INFO:colcon.colcon_core.package_selection:Skipping not selected package 'gazebo_sim' in 'src/gazebo_sim'
[0.483s] INFO:colcon.colcon_core.package_selection:Skipping not selected package 'nav2_course' in 'src/ros2_nav_files/nav2_course'
[0.483s] INFO:colcon.colcon_core.package_selection:Skipping not selected package 'nav2_project' in 'src/ros2_nav_files/nav2_project'
[0.483s] INFO:colcon.colcon_core.package_selection:Skipping not selected package 'serial' in 'src/serial'
[0.483s] INFO:colcon.colcon_core.package_selection:Skipping not selected package 'service_pkg' in 'src/service_pkg'
[0.483s] INFO:colcon.colcon_core.package_selection:Skipping not selected package 'io_context' in 'src/transport_drivers/io_context'
[0.483s] INFO:colcon.colcon_core.package_selection:Skipping not selected package 'motor_control' in 'src/motor_control'
[0.483s] INFO:colcon.colcon_core.package_selection:Skipping not selected package 'serial_driver' in 'src/transport_drivers/serial_driver'
[0.483s] INFO:colcon.colcon_core.package_selection:Skipping not selected package 'udp_driver' in 'src/transport_drivers/udp_driver'
[0.483s] INFO:colcon.colcon_core.package_selection:Skipping not selected package 'arduino_test' in 'src/arduino_test'
[0.484s] Level 1:colcon.colcon_core.package_discovery:discover_packages(prefix_path) check parameters
[0.484s] Level 1:colcon.colcon_core.package_discovery:discover_packages(prefix_path) discover
[0.488s] DEBUG:colcon.colcon_installed_package_information.package_discovery:Found 10 installed packages in /home/tolasing/ros2_ws/install
[0.490s] DEBUG:colcon.colcon_installed_package_information.package_discovery:Found 376 installed packages in /opt/ros/humble
[0.493s] Level 1:colcon.colcon_core.package_discovery:discover_packages(prefix_path) using defaults
[0.577s] Level 5:colcon.colcon_core.verb:set package 'prototype' build argument 'cmake_args' from command line to 'None'
[0.577s] Level 5:colcon.colcon_core.verb:set package 'prototype' build argument 'cmake_target' from command line to 'None'
[0.577s] Level 5:colcon.colcon_core.verb:set package 'prototype' build argument 'cmake_target_skip_unavailable' from command line to 'False'
[0.577s] Level 5:colcon.colcon_core.verb:set package 'prototype' build argument 'cmake_clean_cache' from command line to 'False'
[0.577s] Level 5:colcon.colcon_core.verb:set package 'prototype' build argument 'cmake_clean_first' from command line to 'False'
[0.577s] Level 5:colcon.colcon_core.verb:set package 'prototype' build argument 'cmake_force_configure' from command line to 'False'
[0.577s] Level 5:colcon.colcon_core.verb:set package 'prototype' build argument 'ament_cmake_args' from command line to 'None'
[0.577s] Level 5:colcon.colcon_core.verb:set package 'prototype' build argument 'catkin_cmake_args' from command line to 'None'
[0.577s] Level 5:colcon.colcon_core.verb:set package 'prototype' build argument 'catkin_skip_building_tests' from command line to 'False'
[0.578s] DEBUG:colcon.colcon_core.verb:Building package 'prototype' with the following arguments: {'ament_cmake_args': None, 'build_base': '/home/tolasing/ros2_ws/build/prototype', 'catkin_cmake_args': None, 'catkin_skip_building_tests': False, 'cmake_args': None, 'cmake_clean_cache': False, 'cmake_clean_first': False, 'cmake_force_configure': False, 'cmake_target': None, 'cmake_target_skip_unavailable': False, 'install_base': '/home/tolasing/ros2_ws/install/prototype', 'merge_install': False, 'path': '/home/tolasing/ros2_ws/src/prototype', 'symlink_install': False, 'test_result_base': None}
[0.579s] INFO:colcon.colcon_core.executor:Executing jobs using 'parallel' executor
[0.583s] DEBUG:colcon.colcon_parallel_executor.executor.parallel:run_until_complete
[0.583s] INFO:colcon.colcon_ros.task.ament_cmake.build:Building ROS package in '/home/tolasing/ros2_ws/src/prototype' with build type 'ament_cmake'
[0.583s] INFO:colcon.colcon_cmake.task.cmake.build:Building CMake package in '/home/tolasing/ros2_ws/src/prototype'
[0.594s] INFO:colcon.colcon_core.plugin_system:Skipping extension 'colcon_core.shell.bat': Not used on non-Windows systems
[0.594s] INFO:colcon.colcon_core.shell:Skip shell extension 'powershell' for command environment: Not usable outside of PowerShell
[0.594s] DEBUG:colcon.colcon_core.shell:Skip shell extension 'dsv' for command environment
[0.620s] DEBUG:colcon.colcon_core.event_handler.log_command:Invoking command in '/home/tolasing/ros2_ws/build/prototype': CMAKE_PREFIX_PATH=/home/tolasing/ros2_ws/install/serial_driver:/home/tolasing/ros2_ws/install/io_context:/home/tolasing/ros2_ws/install/service_pkg:/home/tolasing/ros2_ws/install/nav2_project:/opt/ros/humble:/home/tolasing/ros2_ws/install/serial:/home/tolasing/ros2_ws/install/nav2_course:/home/tolasing/ros2_ws/install/asio_cmake_module:/usr/lib/x86_64-linux-gnu/libserial.so:/usr/lib/x86_64-linux-gnu/libserial.so: /usr/bin/cmake /home/tolasing/ros2_ws/src/prototype -DCMAKE_INSTALL_PREFIX=/home/tolasing/ros2_ws/install/prototype
[4.067s] DEBUG:colcon.colcon_core.event_handler.log_command:Invoked command in '/home/tolasing/ros2_ws/build/prototype' returned '1': CMAKE_PREFIX_PATH=/home/tolasing/ros2_ws/install/serial_driver:/home/tolasing/ros2_ws/install/io_context:/home/tolasing/ros2_ws/install/service_pkg:/home/tolasing/ros2_ws/install/nav2_project:/opt/ros/humble:/home/tolasing/ros2_ws/install/serial:/home/tolasing/ros2_ws/install/nav2_course:/home/tolasing/ros2_ws/install/asio_cmake_module:/usr/lib/x86_64-linux-gnu/libserial.so:/usr/lib/x86_64-linux-gnu/libserial.so: /usr/bin/cmake /home/tolasing/ros2_ws/src/prototype -DCMAKE_INSTALL_PREFIX=/home/tolasing/ros2_ws/install/prototype
[4.091s] Level 1:colcon.colcon_core.environment:create_environment_scripts_only(prototype)
[4.100s] Level 1:colcon.colcon_core.environment:checking '/home/tolasing/ros2_ws/install/prototype' for CMake module files
[4.100s] Level 1:colcon.colcon_core.environment:checking '/home/tolasing/ros2_ws/install/prototype' for CMake config files
[4.101s] Level 1:colcon.colcon_core.environment:checking '/home/tolasing/ros2_ws/install/prototype/bin'
[4.102s] Level 1:colcon.colcon_core.environment:checking '/home/tolasing/ros2_ws/install/prototype/lib/pkgconfig/prototype.pc'
[4.102s] Level 1:colcon.colcon_core.environment:checking '/home/tolasing/ros2_ws/install/prototype/lib/python3.10/site-packages'
[4.102s] Level 1:colcon.colcon_core.environment:checking '/home/tolasing/ros2_ws/install/prototype/bin'
[4.104s] INFO:colcon.colcon_core.shell:Creating package script '/home/tolasing/ros2_ws/install/prototype/share/prototype/package.ps1'
[4.106s] INFO:colcon.colcon_core.shell:Creating package descriptor '/home/tolasing/ros2_ws/install/prototype/share/prototype/package.dsv'
[4.106s] INFO:colcon.colcon_core.shell:Creating package script '/home/tolasing/ros2_ws/install/prototype/share/prototype/package.sh'
[4.107s] INFO:colcon.colcon_core.shell:Creating package script '/home/tolasing/ros2_ws/install/prototype/share/prototype/package.bash'
[4.107s] INFO:colcon.colcon_core.shell:Creating package script '/home/tolasing/ros2_ws/install/prototype/share/prototype/package.zsh'
[4.108s] Level 1:colcon.colcon_core.environment:create_file_with_runtime_dependencies(/home/tolasing/ros2_ws/install/prototype/share/colcon-core/packages/prototype)
[4.119s] DEBUG:colcon.colcon_parallel_executor.executor.parallel:closing loop
[4.119s] DEBUG:colcon.colcon_parallel_executor.executor.parallel:loop closed
[4.119s] DEBUG:colcon.colcon_parallel_executor.executor.parallel:run_until_complete finished with '1'
[4.119s] DEBUG:colcon.colcon_core.event_reactor:joining thread
[4.134s] INFO:colcon.colcon_core.plugin_system:Skipping extension 'colcon_notification.desktop_notification.terminal_notifier': Not used on non-Darwin systems
[4.134s] INFO:colcon.colcon_core.plugin_system:Skipping extension 'colcon_notification.desktop_notification.win32': Not used on non-Windows systems
[4.134s] INFO:colcon.colcon_notification.desktop_notification:Sending desktop notification using 'notify2'
[4.162s] DEBUG:colcon.colcon_core.event_reactor:joined thread
[4.168s] INFO:colcon.colcon_core.shell:Creating prefix script '/home/tolasing/ros2_ws/install/local_setup.ps1'
[4.171s] INFO:colcon.colcon_core.shell:Creating prefix util module '/home/tolasing/ros2_ws/install/_local_setup_util_ps1.py'
[4.175s] INFO:colcon.colcon_core.shell:Creating prefix chain script '/home/tolasing/ros2_ws/install/setup.ps1'
[4.180s] INFO:colcon.colcon_core.shell:Creating prefix script '/home/tolasing/ros2_ws/install/local_setup.sh'
[4.182s] INFO:colcon.colcon_core.shell:Creating prefix util module '/home/tolasing/ros2_ws/install/_local_setup_util_sh.py'
[4.184s] INFO:colcon.colcon_core.shell:Creating prefix chain script '/home/tolasing/ros2_ws/install/setup.sh'
[4.189s] INFO:colcon.colcon_core.shell:Creating prefix script '/home/tolasing/ros2_ws/install/local_setup.bash'
[4.190s] INFO:colcon.colcon_core.shell:Creating prefix chain script '/home/tolasing/ros2_ws/install/setup.bash'
[4.196s] INFO:colcon.colcon_core.shell:Creating prefix script '/home/tolasing/ros2_ws/install/local_setup.zsh'
[4.197s] INFO:colcon.colcon_core.shell:Creating prefix chain script '/home/tolasing/ros2_ws/install/setup.zsh'
