[1.531s] Invoking command in '/home/tolasing/ros2_ws/build/path_planner': PYTHONPATH=/home/tolasing/ros2_ws/build/path_planner/prefix_override:/home/tolasing/ros2_ws/install/path_planner/lib/python3.10/site-packages:${PYTHONPATH} /usr/bin/python3 setup.py develop --uninstall --editable --build-directory /home/tolasing/ros2_ws/build/path_planner/build
[2.025s] running develop
[2.026s] /usr/lib/python3/dist-packages/setuptools/command/easy_install.py:158: EasyInstallDeprecationWarning: easy_install command is deprecated. Use build and pip and other standards-based tools.
[2.027s]   warnings.warn(
[2.030s] /usr/lib/python3/dist-packages/setuptools/command/install.py:34: SetuptoolsDeprecationWarning: setup.py install is deprecated. Use build and pip and other standards-based tools.
[2.030s]   warnings.warn(
[2.142s] /usr/lib/python3/dist-packages/pkg_resources/__init__.py:116: PkgResourcesDeprecationWarning: 1.16.0-unknown is an invalid version and will not be supported in a future release
[2.142s]   warnings.warn(
[2.142s] /usr/lib/python3/dist-packages/pkg_resources/__init__.py:116: PkgResourcesDeprecationWarning: 0.1.43ubuntu1 is an invalid version and will not be supported in a future release
[2.142s]   warnings.warn(
[2.143s] /usr/lib/python3/dist-packages/pkg_resources/__init__.py:116: PkgResourcesDeprecationWarning: 1.1build1 is an invalid version and will not be supported in a future release
[2.143s]   warnings.warn(
[2.358s] Removing /home/tolasing/ros2_ws/install/path_planner/lib/python3.10/site-packages/path-planner.egg-link (link to .)
[2.440s] Invoked command in '/home/tolasing/ros2_ws/build/path_planner' returned '0': PYTHONPATH=/home/tolasing/ros2_ws/build/path_planner/prefix_override:/home/tolasing/ros2_ws/install/path_planner/lib/python3.10/site-packages:${PYTHONPATH} /usr/bin/python3 setup.py develop --uninstall --editable --build-directory /home/tolasing/ros2_ws/build/path_planner/build
[2.443s] Invoking command in '/home/tolasing/ros2_ws/src/path_planner': PYTHONPATH=/home/tolasing/ros2_ws/build/path_planner/prefix_override:/home/tolasing/ros2_ws/install/path_planner/lib/python3.10/site-packages:${PYTHONPATH} /usr/bin/python3 setup.py egg_info --egg-base ../../build/path_planner build --build-base /home/tolasing/ros2_ws/build/path_planner/build install --record /home/tolasing/ros2_ws/build/path_planner/install.log --single-version-externally-managed
[2.881s] running egg_info
[2.882s] writing ../../build/path_planner/path_planner.egg-info/PKG-INFO
[2.883s] writing dependency_links to ../../build/path_planner/path_planner.egg-info/dependency_links.txt
[2.883s] writing entry points to ../../build/path_planner/path_planner.egg-info/entry_points.txt
[2.883s] writing requirements to ../../build/path_planner/path_planner.egg-info/requires.txt
[2.883s] writing top-level names to ../../build/path_planner/path_planner.egg-info/top_level.txt
[2.887s] reading manifest file '../../build/path_planner/path_planner.egg-info/SOURCES.txt'
[2.888s] writing manifest file '../../build/path_planner/path_planner.egg-info/SOURCES.txt'
[2.888s] running build
[2.889s] running build_py
[2.889s] running install
[2.889s] /usr/lib/python3/dist-packages/setuptools/command/install.py:34: SetuptoolsDeprecationWarning: setup.py install is deprecated. Use build and pip and other standards-based tools.
[2.890s]   warnings.warn(
[2.890s] running install_lib
[2.891s] creating /home/tolasing/ros2_ws/install/path_planner/lib/python3.10/site-packages/path_planner
[2.892s] copying /home/tolasing/ros2_ws/build/path_planner/build/lib/path_planner/__init__.py -> /home/tolasing/ros2_ws/install/path_planner/lib/python3.10/site-packages/path_planner
[2.892s] byte-compiling /home/tolasing/ros2_ws/install/path_planner/lib/python3.10/site-packages/path_planner/__init__.py to __init__.cpython-310.pyc
[2.893s] running install_data
[2.894s] copying launch/planner_server.launch.py -> /home/tolasing/ros2_ws/install/path_planner/share/path_planner/launch
[2.894s] copying config/nav_params.yaml -> /home/tolasing/ros2_ws/install/path_planner/share/path_planner/config
[2.895s] running install_egg_info
[2.898s] Copying ../../build/path_planner/path_planner.egg-info to /home/tolasing/ros2_ws/install/path_planner/lib/python3.10/site-packages/path_planner-0.0.0-py3.10.egg-info
[2.899s] running install_scripts
[2.936s] Installing navigation_node script to /home/tolasing/ros2_ws/install/path_planner/lib/path_planner
[2.936s] writing list of installed files to '/home/tolasing/ros2_ws/build/path_planner/install.log'
[3.002s] Invoked command in '/home/tolasing/ros2_ws/src/path_planner' returned '0': PYTHONPATH=/home/tolasing/ros2_ws/build/path_planner/prefix_override:/home/tolasing/ros2_ws/install/path_planner/lib/python3.10/site-packages:${PYTHONPATH} /usr/bin/python3 setup.py egg_info --egg-base ../../build/path_planner build --build-base /home/tolasing/ros2_ws/build/path_planner/build install --record /home/tolasing/ros2_ws/build/path_planner/install.log --single-version-externally-managed
