[0.082s] Invoking command in '/home/tolasing/ros2_ws/build/gazebo_sim': CMAKE_PREFIX_PATH=${CMAKE_PREFIX_PATH}:/home/tolasing/ros2_ws/install/udp_driver:/home/tolasing/ros2_ws/install/service_pkg:/home/tolasing/ros2_ws/install/nav2_project:/home/tolasing/ros2_ws/install/joint_trajectory_publisher:/opt/ros/humble /usr/bin/cmake /home/tolasing/ros2_ws/src/gazebo_sim -DCMAKE_INSTALL_PREFIX=/home/tolasing/ros2_ws/install/gazebo_sim
[0.622s] -- The C compiler identification is GNU 11.3.0
[0.622s] -- The CXX compiler identification is GNU 11.3.0
[0.622s] -- Detecting C compiler ABI info
[0.683s] -- Detecting C compiler ABI info - done
[0.700s] -- Check for working C compiler: /usr/bin/cc - skipped
[0.701s] -- Detecting C compile features
[0.702s] -- Detecting C compile features - done
[0.708s] -- Detecting CXX compiler ABI info
[0.911s] -- Detecting CXX compiler ABI info - done
[0.930s] -- Check for working CXX compiler: /usr/bin/c++ - skipped
[0.931s] -- Detecting CXX compile features
[0.933s] -- Detecting CXX compile features - done
[0.939s] -- Found ament_cmake: 1.3.3 (/opt/ros/humble/share/ament_cmake/cmake)
[1.332s] -- Found Python3: /usr/bin/python3.10 (found version "3.10.6") found components: Interpreter 
[1.532s] -- Found rclpy: 3.3.7 (/opt/ros/humble/share/rclpy/cmake)
[1.543s] -- Found gazebo_ros: 3.7.0 (/opt/ros/humble/share/gazebo_ros/cmake)
[1.684s] -- Found rosidl_generator_c: 3.1.4 (/opt/ros/humble/share/rosidl_generator_c/cmake)
[1.696s] -- Found rosidl_adapter: 3.1.4 (/opt/ros/humble/share/rosidl_adapter/cmake)
[1.734s] -- Found rosidl_generator_cpp: 3.1.4 (/opt/ros/humble/share/rosidl_generator_cpp/cmake)
[1.787s] -- Using all available rosidl_typesupport_c: rosidl_typesupport_fastrtps_c;rosidl_typesupport_introspection_c
[1.847s] -- Using all available rosidl_typesupport_cpp: rosidl_typesupport_fastrtps_cpp;rosidl_typesupport_introspection_cpp
[2.026s] -- Found rmw_implementation_cmake: 6.1.1 (/opt/ros/humble/share/rmw_implementation_cmake/cmake)
[2.035s] -- Found rmw_fastrtps_cpp: 6.2.2 (/opt/ros/humble/share/rmw_fastrtps_cpp/cmake)
[2.261s] -- Found OpenSSL: /usr/lib/x86_64-linux-gnu/libcrypto.so (found version "3.0.2")  
[2.337s] -- Found FastRTPS: /opt/ros/humble/include  
[2.433s] -- Using RMW implementation 'rmw_fastrtps_cpp' as default
[2.456s] -- Looking for pthread.h
[2.632s] -- Looking for pthread.h - found
[2.633s] -- Performing Test CMAKE_HAVE_LIBC_PTHREAD
[2.805s] -- Performing Test CMAKE_HAVE_LIBC_PTHREAD - Success
[2.807s] -- Found Threads: TRUE  
[3.468s] -- Found PkgConfig: /usr/bin/pkg-config (found version "0.29.2") 
[3.471s] -- Checking for module 'bullet>=2.82'
[3.516s] --   Found bullet, version 3.05
[3.977s] -- Found fcl: /usr/include (found suitable version "0.7.0", minimum required is "0.5.0") 
[4.392s] -- Found assimp: /usr/include (found version "5.2.0") 
[4.533s] -- Found DART: /usr/include (Required is at least version "6.6") found components: dart 
[4.682s] -- Found Boost: /usr/lib/x86_64-linux-gnu/cmake/Boost-1.74.0/BoostConfig.cmake (found suitable version "1.74.0", minimum required is "1.40.0") found components: thread system filesystem program_options regex iostreams date_time 
[4.757s] -- Found Protobuf: /usr/lib/x86_64-linux-gnu/libprotobuf.so (found version "3.12.4") 
[4.775s] -- Looking for ignition-math6 -- found version 6.13.0
[4.799s] -- Searching for dependencies of ignition-math6
[4.812s] -- Looking for OGRE...
[4.813s] -- OGRE_PREFIX_WATCH changed.
[4.826s] -- Checking for module 'OGRE'
[4.868s] --   Found OGRE, version 1.9.0
[5.180s] -- Found Ogre Ghadamon (1.9.0)
[5.224s] -- Found OGRE: optimized;/usr/lib/x86_64-linux-gnu/libOgreMain.so;debug;/usr/lib/x86_64-linux-gnu/libOgreMain.so
[5.276s] -- Looking for OGRE_Paging...
[5.308s] -- Found OGRE_Paging: optimized;/usr/lib/x86_64-linux-gnu/libOgrePaging.so;debug;/usr/lib/x86_64-linux-gnu/libOgrePaging.so
[5.308s] -- Looking for OGRE_Terrain...
[5.339s] -- Found OGRE_Terrain: optimized;/usr/lib/x86_64-linux-gnu/libOgreTerrain.so;debug;/usr/lib/x86_64-linux-gnu/libOgreTerrain.so
[5.339s] -- Looking for OGRE_Property...
[5.385s] -- Found OGRE_Property: optimized;/usr/lib/x86_64-linux-gnu/libOgreProperty.so;debug;/usr/lib/x86_64-linux-gnu/libOgreProperty.so
[5.385s] -- Looking for OGRE_RTShaderSystem...
[5.416s] -- Found OGRE_RTShaderSystem: optimized;/usr/lib/x86_64-linux-gnu/libOgreRTShaderSystem.so;debug;/usr/lib/x86_64-linux-gnu/libOgreRTShaderSystem.so
[5.417s] -- Looking for OGRE_Volume...
[5.446s] -- Found OGRE_Volume: optimized;/usr/lib/x86_64-linux-gnu/libOgreVolume.so;debug;/usr/lib/x86_64-linux-gnu/libOgreVolume.so
[5.460s] -- Looking for OGRE_Overlay...
[5.494s] -- Found OGRE_Overlay: optimized;/usr/lib/x86_64-linux-gnu/libOgreOverlay.so;debug;/usr/lib/x86_64-linux-gnu/libOgreOverlay.so
[6.530s] -- Looking for ignition-math6 -- found version 6.13.0
[6.542s] -- Looking for ignition-transport8 -- found version 8.2.1
[6.543s] -- Searching for dependencies of ignition-transport8
[6.663s] -- Found Protobuf: /usr/lib/x86_64-linux-gnu/libprotobuf.so (found suitable version "3.12.4", minimum required is "3") 
[6.696s] -- Config-file not installed for ZeroMQ -- checking for pkg-config
[6.737s] -- Checking for module 'libzmq >= 4'
[6.844s] --   Found libzmq , version 4.3.4
[6.920s] -- Found ZeroMQ: TRUE (Required is at least version "4") 
[6.969s] -- Checking for module 'uuid'
[7.116s] --   Found uuid, version 2.37.2
[7.328s] -- Found UUID: TRUE  
[7.334s] -- Looking for ignition-msgs5 -- found version 5.8.1
[7.336s] -- Searching for dependencies of ignition-msgs5
[7.399s] -- Looking for ignition-math6 -- found version 6.13.0
[7.412s] -- Checking for module 'tinyxml2'
[7.470s] --   Found tinyxml2, version 9.0.0
[7.722s] -- Looking for ignition-msgs5 -- found version 5.8.1
[7.738s] -- Looking for ignition-common3 -- found version 3.14.0
[7.739s] -- Searching for dependencies of ignition-common3
[7.740s] -- Looking for dlfcn.h - found
[7.743s] -- Looking for libdl - found
[7.747s] -- Found DL: TRUE  
[7.833s] -- Found tinyobjloader: /usr/lib/x86_64-linux-gnu/cmake/tinyobjloader/tinyobjloader-config.cmake (found version "2.0.0") 
[7.835s] -- Searching for <ignition-common3> component [graphics]
[7.848s] -- Looking for ignition-common3-graphics -- found version 3.14.0
[7.850s] -- Searching for dependencies of ignition-common3-graphics
[7.868s] -- Looking for ignition-math6 -- found version 6.13.0
[7.887s] -- Looking for ignition-fuel_tools4 -- found version 4.4.0
[7.888s] -- Searching for dependencies of ignition-fuel_tools4
