[0.076s] Invoking command in '/home/tolasing/ros2_ws/build/nav2_course': CMAKE_PREFIX_PATH=${CMAKE_PREFIX_PATH}:/home/tolasing/ros2_ws/install/udp_driver:/home/tolasing/ros2_ws/install/service_pkg:/home/tolasing/ros2_ws/install/nav2_project:/home/tolasing/ros2_ws/install/joint_trajectory_publisher:/opt/ros/humble /usr/bin/cmake /home/tolasing/ros2_ws/src/ros2_nav_files/nav2_course -DCMAKE_INSTALL_PREFIX=/home/tolasing/ros2_ws/install/nav2_course
[0.618s] -- The C compiler identification is GNU 11.3.0
[0.629s] -- The CXX compiler identification is GNU 11.3.0
[0.634s] -- Detecting C compiler ABI info
[0.639s] -- Detecting C compiler ABI info - done
[0.643s] -- Check for working C compiler: /usr/bin/cc - skipped
[0.644s] -- Detecting C compile features
[0.646s] -- Detecting C compile features - done
[0.652s] -- Detecting CXX compiler ABI info
[0.813s] -- Detecting CXX compiler ABI info - done
[0.829s] -- Check for working CXX compiler: /usr/bin/c++ - skipped
[0.829s] -- Detecting CXX compile features
[0.830s] -- Detecting CXX compile features - done
[0.834s] -- Found ament_cmake: 1.3.3 (/opt/ros/humble/share/ament_cmake/cmake)
[1.253s] -- Found Python3: /usr/bin/python3.10 (found version "3.10.6") found components: Interpreter 
[1.455s] -- Found nav2_common: 1.1.6 (/opt/ros/humble/share/nav2_common/cmake)
[1.460s] -- Found navigation2: 1.1.6 (/opt/ros/humble/share/navigation2/cmake)
[1.460s] -- Setting build type to Release as none was specified.
[1.473s] -- Found ament_lint_auto: 0.12.5 (/opt/ros/humble/share/ament_lint_auto/cmake)
[1.740s] -- Added test 'copyright' to check source files copyright and LICENSE
[1.748s] -- Added test 'flake8' to check Python code syntax and style conventions
[1.750s] -- Added test 'lint_cmake' to check CMake code style
[1.752s] -- Added test 'pep257' to check Python code against some of the docstring style conventions in PEP 257
[1.756s] -- Added test 'xmllint' to check XML markup files
[1.761s] -- Configuring done
[1.771s] -- Generating done
[1.775s] -- Build files have been written to: /home/tolasing/ros2_ws/build/nav2_course
[1.784s] Invoked command in '/home/tolasing/ros2_ws/build/nav2_course' returned '0': CMAKE_PREFIX_PATH=${CMAKE_PREFIX_PATH}:/home/tolasing/ros2_ws/install/udp_driver:/home/tolasing/ros2_ws/install/service_pkg:/home/tolasing/ros2_ws/install/nav2_project:/home/tolasing/ros2_ws/install/joint_trajectory_publisher:/opt/ros/humble /usr/bin/cmake /home/tolasing/ros2_ws/src/ros2_nav_files/nav2_course -DCMAKE_INSTALL_PREFIX=/home/tolasing/ros2_ws/install/nav2_course
[1.788s] Invoking command in '/home/tolasing/ros2_ws/build/nav2_course': CMAKE_PREFIX_PATH=${CMAKE_PREFIX_PATH}:/home/tolasing/ros2_ws/install/udp_driver:/home/tolasing/ros2_ws/install/service_pkg:/home/tolasing/ros2_ws/install/nav2_project:/home/tolasing/ros2_ws/install/joint_trajectory_publisher:/opt/ros/humble /usr/bin/cmake --build /home/tolasing/ros2_ws/build/nav2_course -- -j8 -l8
[1.868s] Invoked command in '/home/tolasing/ros2_ws/build/nav2_course' returned '0': CMAKE_PREFIX_PATH=${CMAKE_PREFIX_PATH}:/home/tolasing/ros2_ws/install/udp_driver:/home/tolasing/ros2_ws/install/service_pkg:/home/tolasing/ros2_ws/install/nav2_project:/home/tolasing/ros2_ws/install/joint_trajectory_publisher:/opt/ros/humble /usr/bin/cmake --build /home/tolasing/ros2_ws/build/nav2_course -- -j8 -l8
[1.923s] Invoking command in '/home/tolasing/ros2_ws/build/nav2_course': CMAKE_PREFIX_PATH=${CMAKE_PREFIX_PATH}:/home/tolasing/ros2_ws/install/udp_driver:/home/tolasing/ros2_ws/install/service_pkg:/home/tolasing/ros2_ws/install/nav2_project:/home/tolasing/ros2_ws/install/joint_trajectory_publisher:/opt/ros/humble /usr/bin/cmake --install /home/tolasing/ros2_ws/build/nav2_course
[1.937s] -- Install configuration: "Release"
[1.937s] -- Installing: /home/tolasing/ros2_ws/install/nav2_course/share/nav2_course/launch
[1.937s] -- Installing: /home/tolasing/ros2_ws/install/nav2_course/share/nav2_course/launch/map_server_launch.py
[1.937s] -- Installing: /home/tolasing/ros2_ws/install/nav2_course/share/nav2_course/launch/nav2_demo.launch.py
[1.937s] -- Installing: /home/tolasing/ros2_ws/install/nav2_course/share/nav2_course/launch/nav2_complete.launch.py
[1.938s] -- Installing: /home/tolasing/ros2_ws/install/nav2_course/share/nav2_course/launch/rviz.launch.py
[1.938s] -- Installing: /home/tolasing/ros2_ws/install/nav2_course/share/nav2_course/launch/map_saver.launch.py
[1.938s] -- Installing: /home/tolasing/ros2_ws/install/nav2_course/share/nav2_course/launch/navigation2_launch.py
[1.938s] -- Installing: /home/tolasing/ros2_ws/install/nav2_course/share/nav2_course/launch/tb3_world_navigation_with_tools_launch.py
[1.938s] -- Installing: /home/tolasing/ros2_ws/install/nav2_course/share/nav2_course/launch/localization_launch.py
[1.938s] -- Installing: /home/tolasing/ros2_ws/install/nav2_course/share/nav2_course/config
[1.939s] -- Installing: /home/tolasing/ros2_ws/install/nav2_course/share/nav2_course/config/navigate_w_replanning_and_recovery_old.xml
[1.940s] -- Installing: /home/tolasing/ros2_ws/install/nav2_course/share/nav2_course/config/nav2_house_sim_params.yaml
[1.940s] -- Installing: /home/tolasing/ros2_ws/install/nav2_course/share/nav2_course/config/navigate_w_replanning_and_recovery.xml
[1.942s] -- Installing: /home/tolasing/ros2_ws/install/nav2_course/share/nav2_course/config/default.rviz
[1.943s] -- Installing: /home/tolasing/ros2_ws/install/nav2_course/share/nav2_course/config/localization_params.yaml
[1.943s] -- Installing: /home/tolasing/ros2_ws/install/nav2_course/share/nav2_course/config/nav2_default_view.rviz
[1.943s] -- Installing: /home/tolasing/ros2_ws/install/nav2_course/share/nav2_course/config/nav2_params.yaml
[1.947s] -- Installing: /home/tolasing/ros2_ws/install/nav2_course/share/nav2_course/config/nav2.yaml
[1.950s] -- Installing: /home/tolasing/ros2_ws/install/nav2_course/share/nav2_course/config/turtlebot3_world.pgm
[1.953s] -- Installing: /home/tolasing/ros2_ws/install/nav2_course/share/nav2_course/config/turtlebot3_world.yaml
[1.953s] -- Installing: /home/tolasing/ros2_ws/install/nav2_course/share/nav2_course/worlds
[1.953s] -- Installing: /home/tolasing/ros2_ws/install/nav2_course/share/nav2_course/worlds/waffle.model
[1.954s] -- Installing: /home/tolasing/ros2_ws/install/nav2_course/share/nav2_course/worlds/world_only.model
[1.954s] -- Installing: /home/tolasing/ros2_ws/install/nav2_course/share/nav2_course/worlds/house_waffle.model
[1.954s] -- Installing: /home/tolasing/ros2_ws/install/nav2_course/share/nav2_course/maps
[1.954s] -- Installing: /home/tolasing/ros2_ws/install/nav2_course/share/nav2_course/maps/turtlebot_area.yaml
[1.954s] -- Installing: /home/tolasing/ros2_ws/install/nav2_course/share/nav2_course/maps/turtlebot_area.pgm
[1.954s] -- Installing: /home/tolasing/ros2_ws/install/nav2_course/share/ament_index/resource_index/package_run_dependencies/nav2_course
[1.954s] -- Installing: /home/tolasing/ros2_ws/install/nav2_course/share/ament_index/resource_index/parent_prefix_path/nav2_course
[1.956s] -- Installing: /home/tolasing/ros2_ws/install/nav2_course/share/nav2_course/environment/ament_prefix_path.sh
[1.956s] -- Installing: /home/tolasing/ros2_ws/install/nav2_course/share/nav2_course/environment/ament_prefix_path.dsv
[1.956s] -- Installing: /home/tolasing/ros2_ws/install/nav2_course/share/nav2_course/environment/path.sh
[1.956s] -- Installing: /home/tolasing/ros2_ws/install/nav2_course/share/nav2_course/environment/path.dsv
[1.956s] -- Installing: /home/tolasing/ros2_ws/install/nav2_course/share/nav2_course/local_setup.bash
[1.956s] -- Installing: /home/tolasing/ros2_ws/install/nav2_course/share/nav2_course/local_setup.sh
[1.956s] -- Installing: /home/tolasing/ros2_ws/install/nav2_course/share/nav2_course/local_setup.zsh
[1.957s] -- Installing: /home/tolasing/ros2_ws/install/nav2_course/share/nav2_course/local_setup.dsv
[1.957s] -- Installing: /home/tolasing/ros2_ws/install/nav2_course/share/nav2_course/package.dsv
[1.957s] -- Installing: /home/tolasing/ros2_ws/install/nav2_course/share/ament_index/resource_index/packages/nav2_course
[1.957s] -- Installing: /home/tolasing/ros2_ws/install/nav2_course/share/nav2_course/cmake/nav2_courseConfig.cmake
[1.957s] -- Installing: /home/tolasing/ros2_ws/install/nav2_course/share/nav2_course/cmake/nav2_courseConfig-version.cmake
[1.957s] -- Installing: /home/tolasing/ros2_ws/install/nav2_course/share/nav2_course/package.xml
[2.005s] Invoked command in '/home/tolasing/ros2_ws/build/nav2_course' returned '0': CMAKE_PREFIX_PATH=${CMAKE_PREFIX_PATH}:/home/tolasing/ros2_ws/install/udp_driver:/home/tolasing/ros2_ws/install/service_pkg:/home/tolasing/ros2_ws/install/nav2_project:/home/tolasing/ros2_ws/install/joint_trajectory_publisher:/opt/ros/humble /usr/bin/cmake --install /home/tolasing/ros2_ws/build/nav2_course
