[0.095s] Invoking command in '/home/tolasing/ros2_ws/build/motor_control': CMAKE_PREFIX_PATH=/home/tolasing/ros2_ws/install/path_planner:/opt/ros/humble:/home/tolasing/ros2_ws/install/serial:/home/tolasing/ros2_ws/src/cartographer:/usr/lib/x86_64-linux-gnu/libserial.so:/home/tolasing/ros2_ws/src/cartographer:/usr/lib/x86_64-linux-gnu/libserial.so:/home/tolasing/ros2_ws/install/serial_driver:/home/tolasing/ros2_ws/install/motor_control:/home/tolasing/ros2_ws/install/ros2_mapping:/home/tolasing/ros2_ws/install/prototype:/home/tolasing/ros2_ws/install/navigator_planner:/home/tolasing/ros2_ws/install/io_context:/home/tolasing/ros2_ws/install/gazebo_sim:/home/tolasing/ros2_ws/install/asio_cmake_module:/home/tolasing/ros2_ws/install/articubot_one /usr/bin/cmake /home/tolasing/ros2_ws/src/motor_control -DCMAKE_INSTALL_PREFIX=/home/tolasing/ros2_ws/install/motor_control
[0.134s] -- Found ament_cmake: 1.3.3 (/opt/ros/humble/share/ament_cmake/cmake)
[0.467s] -- Override CMake install command with custom implementation using symlinks instead of copying resources
[0.478s] -- Found hardware_interface: 2.24.1 (/opt/ros/humble/share/hardware_interface/cmake)
[0.542s] -- Found rosidl_generator_c: 3.1.4 (/opt/ros/humble/share/rosidl_generator_c/cmake)
[0.549s] -- Found rosidl_adapter: 3.1.4 (/opt/ros/humble/share/rosidl_adapter/cmake)
[0.562s] -- Found rosidl_generator_cpp: 3.1.4 (/opt/ros/humble/share/rosidl_generator_cpp/cmake)
[0.588s] -- Using all available rosidl_typesupport_c: rosidl_typesupport_fastrtps_c;rosidl_typesupport_introspection_c
[0.627s] -- Using all available rosidl_typesupport_cpp: rosidl_typesupport_fastrtps_cpp;rosidl_typesupport_introspection_cpp
[2.051s] -- Found rmw_implementation_cmake: 6.1.1 (/opt/ros/humble/share/rmw_implementation_cmake/cmake)
[2.056s] -- Found rmw_fastrtps_cpp: 6.2.2 (/opt/ros/humble/share/rmw_fastrtps_cpp/cmake)
[2.292s] -- Using RMW implementation 'rmw_fastrtps_cpp' as default
[2.619s] -- Found serial: 1.2.1 (/home/tolasing/ros2_ws/install/serial/share/serial/cmake)
[2.749s] -- Found ament_cmake_gtest: 1.3.3 (/opt/ros/humble/share/ament_cmake_gtest/cmake)
[2.873s] -- Configuring done
[2.940s] -- Generating done
[2.943s] -- Build files have been written to: /home/tolasing/ros2_ws/build/motor_control
[2.956s] Invoked command in '/home/tolasing/ros2_ws/build/motor_control' returned '0': CMAKE_PREFIX_PATH=/home/tolasing/ros2_ws/install/path_planner:/opt/ros/humble:/home/tolasing/ros2_ws/install/serial:/home/tolasing/ros2_ws/src/cartographer:/usr/lib/x86_64-linux-gnu/libserial.so:/home/tolasing/ros2_ws/src/cartographer:/usr/lib/x86_64-linux-gnu/libserial.so:/home/tolasing/ros2_ws/install/serial_driver:/home/tolasing/ros2_ws/install/motor_control:/home/tolasing/ros2_ws/install/ros2_mapping:/home/tolasing/ros2_ws/install/prototype:/home/tolasing/ros2_ws/install/navigator_planner:/home/tolasing/ros2_ws/install/io_context:/home/tolasing/ros2_ws/install/gazebo_sim:/home/tolasing/ros2_ws/install/asio_cmake_module:/home/tolasing/ros2_ws/install/articubot_one /usr/bin/cmake /home/tolasing/ros2_ws/src/motor_control -DCMAKE_INSTALL_PREFIX=/home/tolasing/ros2_ws/install/motor_control
[2.958s] Invoking command in '/home/tolasing/ros2_ws/build/motor_control': CMAKE_PREFIX_PATH=/home/tolasing/ros2_ws/install/path_planner:/opt/ros/humble:/home/tolasing/ros2_ws/install/serial:/home/tolasing/ros2_ws/src/cartographer:/usr/lib/x86_64-linux-gnu/libserial.so:/home/tolasing/ros2_ws/src/cartographer:/usr/lib/x86_64-linux-gnu/libserial.so:/home/tolasing/ros2_ws/install/serial_driver:/home/tolasing/ros2_ws/install/motor_control:/home/tolasing/ros2_ws/install/ros2_mapping:/home/tolasing/ros2_ws/install/prototype:/home/tolasing/ros2_ws/install/navigator_planner:/home/tolasing/ros2_ws/install/io_context:/home/tolasing/ros2_ws/install/gazebo_sim:/home/tolasing/ros2_ws/install/asio_cmake_module:/home/tolasing/ros2_ws/install/articubot_one /usr/bin/cmake --build /home/tolasing/ros2_ws/build/motor_control -- -j8 -l8
[3.010s] [35m[1mConsolidate compiler generated dependencies of target motor_control[0m
[3.047s] [ 25%] [32mBuilding CXX object CMakeFiles/motor_control.dir/src/motor_interface.cpp.o[0m
[3.048s] [ 50%] [32mBuilding CXX object CMakeFiles/motor_control.dir/src/wheel.cpp.o[0m
[3.049s] [ 75%] [32mBuilding CXX object CMakeFiles/motor_control.dir/src/comms.cpp.o[0m
[8.513s] [100%] [32m[1mLinking CXX shared library libmotor_control.so[0m
[8.805s] [100%] Built target motor_control
[8.826s] Invoked command in '/home/tolasing/ros2_ws/build/motor_control' returned '0': CMAKE_PREFIX_PATH=/home/tolasing/ros2_ws/install/path_planner:/opt/ros/humble:/home/tolasing/ros2_ws/install/serial:/home/tolasing/ros2_ws/src/cartographer:/usr/lib/x86_64-linux-gnu/libserial.so:/home/tolasing/ros2_ws/src/cartographer:/usr/lib/x86_64-linux-gnu/libserial.so:/home/tolasing/ros2_ws/install/serial_driver:/home/tolasing/ros2_ws/install/motor_control:/home/tolasing/ros2_ws/install/ros2_mapping:/home/tolasing/ros2_ws/install/prototype:/home/tolasing/ros2_ws/install/navigator_planner:/home/tolasing/ros2_ws/install/io_context:/home/tolasing/ros2_ws/install/gazebo_sim:/home/tolasing/ros2_ws/install/asio_cmake_module:/home/tolasing/ros2_ws/install/articubot_one /usr/bin/cmake --build /home/tolasing/ros2_ws/build/motor_control -- -j8 -l8
[8.858s] Invoking command in '/home/tolasing/ros2_ws/build/motor_control': CMAKE_PREFIX_PATH=/home/tolasing/ros2_ws/install/path_planner:/opt/ros/humble:/home/tolasing/ros2_ws/install/serial:/home/tolasing/ros2_ws/src/cartographer:/usr/lib/x86_64-linux-gnu/libserial.so:/home/tolasing/ros2_ws/src/cartographer:/usr/lib/x86_64-linux-gnu/libserial.so:/home/tolasing/ros2_ws/install/serial_driver:/home/tolasing/ros2_ws/install/motor_control:/home/tolasing/ros2_ws/install/ros2_mapping:/home/tolasing/ros2_ws/install/prototype:/home/tolasing/ros2_ws/install/navigator_planner:/home/tolasing/ros2_ws/install/io_context:/home/tolasing/ros2_ws/install/gazebo_sim:/home/tolasing/ros2_ws/install/asio_cmake_module:/home/tolasing/ros2_ws/install/articubot_one /usr/bin/cmake --install /home/tolasing/ros2_ws/build/motor_control
[8.868s] -- Install configuration: ""
[8.868s] -- Execute custom install script
[8.869s] -- Up-to-date symlink: /home/tolasing/ros2_ws/install/motor_control/share/motor_control//motor_interface.xml
[8.869s] -- Up-to-date symlink: /home/tolasing/ros2_ws/install/motor_control/lib/libmotor_control.so
[8.869s] -- Up-to-date symlink: /home/tolasing/ros2_ws/install/motor_control/include/motor_control/comms.h
[8.869s] -- Up-to-date symlink: /home/tolasing/ros2_ws/install/motor_control/include/motor_control/config.h
[8.870s] -- Up-to-date symlink: /home/tolasing/ros2_ws/install/motor_control/include/motor_control/motor_interface.hpp
[8.870s] -- Up-to-date symlink: /home/tolasing/ros2_ws/install/motor_control/include/motor_control/wheel.h
[8.870s] -- Up-to-date symlink: /home/tolasing/ros2_ws/install/motor_control/share/motor_control//launch/launch_arduino.launch.py
[8.870s] -- Up-to-date symlink: /home/tolasing/ros2_ws/install/motor_control/share/motor_control//config/controller_config.yaml
[8.871s] -- Up-to-date symlink: /home/tolasing/ros2_ws/install/motor_control/share/motor_control/environment/library_path.sh
[8.871s] -- Up-to-date symlink: /home/tolasing/ros2_ws/install/motor_control/share/motor_control/environment/library_path.dsv
[8.871s] -- Up-to-date symlink: /home/tolasing/ros2_ws/install/motor_control/share/ament_index/resource_index/package_run_dependencies/motor_control
[8.871s] -- Up-to-date symlink: /home/tolasing/ros2_ws/install/motor_control/share/ament_index/resource_index/parent_prefix_path/motor_control
[8.874s] -- Up-to-date symlink: /home/tolasing/ros2_ws/install/motor_control/share/motor_control/environment/ament_prefix_path.sh
[8.874s] -- Up-to-date symlink: /home/tolasing/ros2_ws/install/motor_control/share/motor_control/environment/ament_prefix_path.dsv
[8.874s] -- Up-to-date symlink: /home/tolasing/ros2_ws/install/motor_control/share/motor_control/environment/path.sh
[8.875s] -- Up-to-date symlink: /home/tolasing/ros2_ws/install/motor_control/share/motor_control/environment/path.dsv
[8.875s] -- Up-to-date symlink: /home/tolasing/ros2_ws/install/motor_control/share/motor_control/local_setup.bash
[8.875s] -- Up-to-date symlink: /home/tolasing/ros2_ws/install/motor_control/share/motor_control/local_setup.sh
[8.875s] -- Up-to-date symlink: /home/tolasing/ros2_ws/install/motor_control/share/motor_control/local_setup.zsh
[8.876s] -- Up-to-date symlink: /home/tolasing/ros2_ws/install/motor_control/share/motor_control/local_setup.dsv
[8.876s] -- Symlinking: /home/tolasing/ros2_ws/install/motor_control/share/motor_control/package.dsv
[8.883s] -- Up-to-date symlink: /home/tolasing/ros2_ws/install/motor_control/share/ament_index/resource_index/packages/motor_control
[8.884s] -- Up-to-date symlink: /home/tolasing/ros2_ws/install/motor_control/share/ament_index/resource_index/hardware_interface__pluginlib__plugin/motor_control
[8.884s] -- Up-to-date symlink: /home/tolasing/ros2_ws/install/motor_control/share/motor_control/cmake/ament_cmake_export_include_directories-extras.cmake
[8.884s] -- Up-to-date symlink: /home/tolasing/ros2_ws/install/motor_control/share/motor_control/cmake/ament_cmake_export_libraries-extras.cmake
[8.885s] -- Up-to-date symlink: /home/tolasing/ros2_ws/install/motor_control/share/motor_control/cmake/ament_cmake_export_dependencies-extras.cmake
[8.885s] -- Up-to-date symlink: /home/tolasing/ros2_ws/install/motor_control/share/motor_control/cmake/motor_controlConfig.cmake
[8.885s] -- Up-to-date symlink: /home/tolasing/ros2_ws/install/motor_control/share/motor_control/cmake/motor_controlConfig-version.cmake
[8.885s] -- Up-to-date symlink: /home/tolasing/ros2_ws/install/motor_control/share/motor_control/package.xml
[8.892s] Invoked command in '/home/tolasing/ros2_ws/build/motor_control' returned '0': CMAKE_PREFIX_PATH=/home/tolasing/ros2_ws/install/path_planner:/opt/ros/humble:/home/tolasing/ros2_ws/install/serial:/home/tolasing/ros2_ws/src/cartographer:/usr/lib/x86_64-linux-gnu/libserial.so:/home/tolasing/ros2_ws/src/cartographer:/usr/lib/x86_64-linux-gnu/libserial.so:/home/tolasing/ros2_ws/install/serial_driver:/home/tolasing/ros2_ws/install/motor_control:/home/tolasing/ros2_ws/install/ros2_mapping:/home/tolasing/ros2_ws/install/prototype:/home/tolasing/ros2_ws/install/navigator_planner:/home/tolasing/ros2_ws/install/io_context:/home/tolasing/ros2_ws/install/gazebo_sim:/home/tolasing/ros2_ws/install/asio_cmake_module:/home/tolasing/ros2_ws/install/articubot_one /usr/bin/cmake --install /home/tolasing/ros2_ws/build/motor_control
