[1.743s] Invoking command in '/home/tolasing/ros2_ws/build/path_planner': PYTHONPATH=/home/tolasing/ros2_ws/build/path_planner/prefix_override:/home/tolasing/ros2_ws/install/path_planner/lib/python3.10/site-packages:${PYTHONPATH} /usr/bin/python3 setup.py develop --editable --build-directory /home/tolasing/ros2_ws/build/path_planner/build --no-deps install_data
[2.227s] running develop
[2.233s] /usr/lib/python3/dist-packages/setuptools/command/easy_install.py:158: EasyInstallDeprecationWarning: easy_install command is deprecated. Use build and pip and other standards-based tools.
[2.233s]   warnings.warn(
[2.233s] /usr/lib/python3/dist-packages/setuptools/command/install.py:34: SetuptoolsDeprecationWarning: setup.py install is deprecated. Use build and pip and other standards-based tools.
[2.238s]   warnings.warn(
[2.330s] /usr/lib/python3/dist-packages/pkg_resources/__init__.py:116: PkgResourcesDeprecationWarning: 1.16.0-unknown is an invalid version and will not be supported in a future release
[2.333s]   warnings.warn(
[2.334s] /usr/lib/python3/dist-packages/pkg_resources/__init__.py:116: PkgResourcesDeprecationWarning: 0.1.43ubuntu1 is an invalid version and will not be supported in a future release
[2.335s]   warnings.warn(
[2.335s] /usr/lib/python3/dist-packages/pkg_resources/__init__.py:116: PkgResourcesDeprecationWarning: 1.1build1 is an invalid version and will not be supported in a future release
[2.336s]   warnings.warn(
[2.567s] running egg_info
[2.568s] writing path_planner.egg-info/PKG-INFO
[2.568s] writing dependency_links to path_planner.egg-info/dependency_links.txt
[2.572s] writing entry points to path_planner.egg-info/entry_points.txt
[2.576s] writing requirements to path_planner.egg-info/requires.txt
[2.577s] writing top-level names to path_planner.egg-info/top_level.txt
[2.578s] reading manifest file 'path_planner.egg-info/SOURCES.txt'
[2.578s] writing manifest file 'path_planner.egg-info/SOURCES.txt'
[2.578s] running build_ext
[2.578s] Creating /home/tolasing/ros2_ws/install/path_planner/lib/python3.10/site-packages/path-planner.egg-link (link to .)
[2.579s] Installing navigation_node script to /home/tolasing/ros2_ws/install/path_planner/lib/path_planner
[2.579s] 
[2.580s] Installed /home/tolasing/ros2_ws/build/path_planner
[2.580s] running install_data
[2.677s] Invoked command in '/home/tolasing/ros2_ws/build/path_planner' returned '0': PYTHONPATH=/home/tolasing/ros2_ws/build/path_planner/prefix_override:/home/tolasing/ros2_ws/install/path_planner/lib/python3.10/site-packages:${PYTHONPATH} /usr/bin/python3 setup.py develop --editable --build-directory /home/tolasing/ros2_ws/build/path_planner/build --no-deps install_data
