[0.398s] DEBUG:colcon:Command line arguments: ['/usr/bin/colcon', 'build', '--packages-select', 'cartographer_slam', '--symlink-install']
[0.398s] DEBUG:colcon:Parsed command line arguments: Namespace(log_base=None, log_level=None, verb_name='build', build_base='build', install_base='install', merge_install=False, symlink_install=True, test_result_base=None, continue_on_error=False, executor='parallel', parallel_workers=8, event_handlers=None, ignore_user_meta=False, metas=['./colcon.meta'], base_paths=['.'], packages_ignore=None, packages_ignore_regex=None, paths=None, packages_up_to=None, packages_up_to_regex=None, packages_above=None, packages_above_and_dependencies=None, packages_above_depth=None, packages_select_by_dep=None, packages_skip_by_dep=None, packages_skip_up_to=None, packages_select_build_failed=False, packages_skip_build_finished=False, packages_select_test_failures=False, packages_skip_test_passed=False, packages_select=['cartographer_slam'], packages_skip=None, packages_select_regex=None, packages_skip_regex=None, packages_start=None, packages_end=None, allow_overriding=[], cmake_args=None, cmake_target=None, cmake_target_skip_unavailable=False, cmake_clean_cache=False, cmake_clean_first=False, cmake_force_configure=False, ament_cmake_args=None, catkin_cmake_args=None, catkin_skip_building_tests=False, verb_parser=<colcon_defaults.argument_parser.defaults.DefaultArgumentsDecorator object at 0x7fc5536f0940>, verb_extension=<colcon_core.verb.build.BuildVerb object at 0x7fc553e72cb0>, main=<bound method BuildVerb.main of <colcon_core.verb.build.BuildVerb object at 0x7fc553e72cb0>>)
[0.442s] Level 1:colcon.colcon_core.package_discovery:discover_packages(colcon_meta) check parameters
[0.442s] Level 1:colcon.colcon_core.package_discovery:discover_packages(recursive) check parameters
[0.442s] Level 1:colcon.colcon_core.package_discovery:discover_packages(ignore) check parameters
[0.442s] Level 1:colcon.colcon_core.package_discovery:discover_packages(path) check parameters
[0.442s] Level 1:colcon.colcon_core.package_discovery:discover_packages(colcon_meta) discover
[0.442s] Level 1:colcon.colcon_core.package_discovery:discover_packages(recursive) discover
[0.442s] INFO:colcon.colcon_core.package_discovery:Crawling recursively for packages in '/home/tolasing/ros2_ws'
[0.442s] Level 1:colcon.colcon_core.package_identification:_identify(.) by extensions ['ignore', 'ignore_ament_install']
[0.442s] Level 1:colcon.colcon_core.package_identification:_identify(.) by extension 'ignore'
[0.442s] Level 1:colcon.colcon_core.package_identification:_identify(.) by extension 'ignore_ament_install'
[0.442s] Level 1:colcon.colcon_core.package_identification:_identify(.) by extensions ['colcon_pkg']
[0.443s] Level 1:colcon.colcon_core.package_identification:_identify(.) by extension 'colcon_pkg'
[0.443s] Level 1:colcon.colcon_core.package_identification:_identify(.) by extensions ['colcon_meta']
[0.443s] Level 1:colcon.colcon_core.package_identification:_identify(.) by extension 'colcon_meta'
[0.443s] Level 1:colcon.colcon_core.package_identification:_identify(.) by extensions ['ros']
[0.443s] Level 1:colcon.colcon_core.package_identification:_identify(.) by extension 'ros'
[0.457s] Level 1:colcon.colcon_core.package_identification:_identify(.) by extensions ['cmake', 'python']
[0.457s] Level 1:colcon.colcon_core.package_identification:_identify(.) by extension 'cmake'
[0.457s] Level 1:colcon.colcon_core.package_identification:_identify(.) by extension 'python'
[0.457s] Level 1:colcon.colcon_core.package_identification:_identify(.) by extensions ['python_setup_py']
[0.457s] Level 1:colcon.colcon_core.package_identification:_identify(.) by extension 'python_setup_py'
[0.457s] Level 1:colcon.colcon_core.package_identification:_identify(abseil-cpp) by extensions ['ignore', 'ignore_ament_install']
[0.457s] Level 1:colcon.colcon_core.package_identification:_identify(abseil-cpp) by extension 'ignore'
[0.457s] Level 1:colcon.colcon_core.package_identification:_identify(abseil-cpp) by extension 'ignore_ament_install'
[0.457s] Level 1:colcon.colcon_core.package_identification:_identify(abseil-cpp) by extensions ['colcon_pkg']
[0.457s] Level 1:colcon.colcon_core.package_identification:_identify(abseil-cpp) by extension 'colcon_pkg'
[0.458s] Level 1:colcon.colcon_core.package_identification:_identify(abseil-cpp) by extensions ['colcon_meta']
[0.458s] Level 1:colcon.colcon_core.package_identification:_identify(abseil-cpp) by extension 'colcon_meta'
[0.458s] Level 1:colcon.colcon_core.package_identification:_identify(abseil-cpp) by extensions ['ros']
[0.458s] Level 1:colcon.colcon_core.package_identification:_identify(abseil-cpp) by extension 'ros'
[0.458s] Level 1:colcon.colcon_core.package_identification:_identify(abseil-cpp) by extensions ['cmake', 'python']
[0.458s] Level 1:colcon.colcon_core.package_identification:_identify(abseil-cpp) by extension 'cmake'
[0.483s] Level 1:colcon.colcon_core.package_identification:_identify(abseil-cpp) by extension 'python'
[0.483s] DEBUG:colcon.colcon_core.package_identification:Package 'abseil-cpp' with type 'cmake' and name 'absl'
[0.483s] Level 1:colcon.colcon_core.package_identification:_identify(build) by extensions ['ignore', 'ignore_ament_install']
[0.483s] Level 1:colcon.colcon_core.package_identification:_identify(build) by extension 'ignore'
[0.483s] Level 1:colcon.colcon_core.package_identification:_identify(build) ignored
[0.484s] Level 1:colcon.colcon_core.package_identification:_identify(install) by extensions ['ignore', 'ignore_ament_install']
[0.484s] Level 1:colcon.colcon_core.package_identification:_identify(install) by extension 'ignore'
[0.484s] Level 1:colcon.colcon_core.package_identification:_identify(install) ignored
[0.484s] Level 1:colcon.colcon_core.package_identification:_identify(log) by extensions ['ignore', 'ignore_ament_install']
[0.484s] Level 1:colcon.colcon_core.package_identification:_identify(log) by extension 'ignore'
[0.484s] Level 1:colcon.colcon_core.package_identification:_identify(log) ignored
[0.484s] Level 1:colcon.colcon_core.package_identification:_identify(src) by extensions ['ignore', 'ignore_ament_install']
[0.484s] Level 1:colcon.colcon_core.package_identification:_identify(src) by extension 'ignore'
[0.484s] Level 1:colcon.colcon_core.package_identification:_identify(src) by extension 'ignore_ament_install'
[0.484s] Level 1:colcon.colcon_core.package_identification:_identify(src) by extensions ['colcon_pkg']
[0.484s] Level 1:colcon.colcon_core.package_identification:_identify(src) by extension 'colcon_pkg'
[0.484s] Level 1:colcon.colcon_core.package_identification:_identify(src) by extensions ['colcon_meta']
[0.484s] Level 1:colcon.colcon_core.package_identification:_identify(src) by extension 'colcon_meta'
[0.484s] Level 1:colcon.colcon_core.package_identification:_identify(src) by extensions ['ros']
[0.484s] Level 1:colcon.colcon_core.package_identification:_identify(src) by extension 'ros'
[0.485s] Level 1:colcon.colcon_core.package_identification:_identify(src) by extensions ['cmake', 'python']
[0.485s] Level 1:colcon.colcon_core.package_identification:_identify(src) by extension 'cmake'
[0.485s] Level 1:colcon.colcon_core.package_identification:_identify(src) by extension 'python'
[0.485s] Level 1:colcon.colcon_core.package_identification:_identify(src) by extensions ['python_setup_py']
[0.485s] Level 1:colcon.colcon_core.package_identification:_identify(src) by extension 'python_setup_py'
[0.485s] Level 1:colcon.colcon_core.package_identification:_identify(src/arduino_package) by extensions ['ignore', 'ignore_ament_install']
[0.485s] Level 1:colcon.colcon_core.package_identification:_identify(src/arduino_package) by extension 'ignore'
[0.485s] Level 1:colcon.colcon_core.package_identification:_identify(src/arduino_package) by extension 'ignore_ament_install'
[0.485s] Level 1:colcon.colcon_core.package_identification:_identify(src/arduino_package) by extensions ['colcon_pkg']
[0.485s] Level 1:colcon.colcon_core.package_identification:_identify(src/arduino_package) by extension 'colcon_pkg'
[0.485s] Level 1:colcon.colcon_core.package_identification:_identify(src/arduino_package) by extensions ['colcon_meta']
[0.485s] Level 1:colcon.colcon_core.package_identification:_identify(src/arduino_package) by extension 'colcon_meta'
[0.485s] Level 1:colcon.colcon_core.package_identification:_identify(src/arduino_package) by extensions ['ros']
[0.485s] Level 1:colcon.colcon_core.package_identification:_identify(src/arduino_package) by extension 'ros'
[0.485s] Level 1:colcon.colcon_core.package_identification:_identify(src/arduino_package) by extensions ['cmake', 'python']
[0.485s] Level 1:colcon.colcon_core.package_identification:_identify(src/arduino_package) by extension 'cmake'
[0.485s] Level 1:colcon.colcon_core.package_identification:_identify(src/arduino_package) by extension 'python'
[0.485s] Level 1:colcon.colcon_core.package_identification:_identify(src/arduino_package) by extensions ['python_setup_py']
[0.485s] Level 1:colcon.colcon_core.package_identification:_identify(src/arduino_package) by extension 'python_setup_py'
[0.486s] Level 1:colcon.colcon_core.package_identification:_identify(src/arduino_package/ros_arduino_bridge) by extensions ['ignore', 'ignore_ament_install']
[0.486s] Level 1:colcon.colcon_core.package_identification:_identify(src/arduino_package/ros_arduino_bridge) by extension 'ignore'
[0.486s] Level 1:colcon.colcon_core.package_identification:_identify(src/arduino_package/ros_arduino_bridge) by extension 'ignore_ament_install'
[0.486s] Level 1:colcon.colcon_core.package_identification:_identify(src/arduino_package/ros_arduino_bridge) by extensions ['colcon_pkg']
[0.486s] Level 1:colcon.colcon_core.package_identification:_identify(src/arduino_package/ros_arduino_bridge) by extension 'colcon_pkg'
[0.486s] Level 1:colcon.colcon_core.package_identification:_identify(src/arduino_package/ros_arduino_bridge) by extensions ['colcon_meta']
[0.486s] Level 1:colcon.colcon_core.package_identification:_identify(src/arduino_package/ros_arduino_bridge) by extension 'colcon_meta'
[0.486s] Level 1:colcon.colcon_core.package_identification:_identify(src/arduino_package/ros_arduino_bridge) by extensions ['ros']
[0.486s] Level 1:colcon.colcon_core.package_identification:_identify(src/arduino_package/ros_arduino_bridge) by extension 'ros'
[0.486s] Level 1:colcon.colcon_core.package_identification:_identify(src/arduino_package/ros_arduino_bridge) by extensions ['cmake', 'python']
[0.486s] Level 1:colcon.colcon_core.package_identification:_identify(src/arduino_package/ros_arduino_bridge) by extension 'cmake'
[0.486s] Level 1:colcon.colcon_core.package_identification:_identify(src/arduino_package/ros_arduino_bridge) by extension 'python'
[0.486s] Level 1:colcon.colcon_core.package_identification:_identify(src/arduino_package/ros_arduino_bridge) by extensions ['python_setup_py']
[0.486s] Level 1:colcon.colcon_core.package_identification:_identify(src/arduino_package/ros_arduino_bridge) by extension 'python_setup_py'
[0.486s] Level 1:colcon.colcon_core.package_identification:_identify(src/arduino_package/ros_arduino_bridge/ROSArduinoBridge) by extensions ['ignore', 'ignore_ament_install']
[0.486s] Level 1:colcon.colcon_core.package_identification:_identify(src/arduino_package/ros_arduino_bridge/ROSArduinoBridge) by extension 'ignore'
[0.487s] Level 1:colcon.colcon_core.package_identification:_identify(src/arduino_package/ros_arduino_bridge/ROSArduinoBridge) by extension 'ignore_ament_install'
[0.487s] Level 1:colcon.colcon_core.package_identification:_identify(src/arduino_package/ros_arduino_bridge/ROSArduinoBridge) by extensions ['colcon_pkg']
[0.487s] Level 1:colcon.colcon_core.package_identification:_identify(src/arduino_package/ros_arduino_bridge/ROSArduinoBridge) by extension 'colcon_pkg'
[0.487s] Level 1:colcon.colcon_core.package_identification:_identify(src/arduino_package/ros_arduino_bridge/ROSArduinoBridge) by extensions ['colcon_meta']
[0.487s] Level 1:colcon.colcon_core.package_identification:_identify(src/arduino_package/ros_arduino_bridge/ROSArduinoBridge) by extension 'colcon_meta'
[0.487s] Level 1:colcon.colcon_core.package_identification:_identify(src/arduino_package/ros_arduino_bridge/ROSArduinoBridge) by extensions ['ros']
[0.487s] Level 1:colcon.colcon_core.package_identification:_identify(src/arduino_package/ros_arduino_bridge/ROSArduinoBridge) by extension 'ros'
[0.487s] Level 1:colcon.colcon_core.package_identification:_identify(src/arduino_package/ros_arduino_bridge/ROSArduinoBridge) by extensions ['cmake', 'python']
[0.487s] Level 1:colcon.colcon_core.package_identification:_identify(src/arduino_package/ros_arduino_bridge/ROSArduinoBridge) by extension 'cmake'
[0.487s] Level 1:colcon.colcon_core.package_identification:_identify(src/arduino_package/ros_arduino_bridge/ROSArduinoBridge) by extension 'python'
[0.487s] Level 1:colcon.colcon_core.package_identification:_identify(src/arduino_package/ros_arduino_bridge/ROSArduinoBridge) by extensions ['python_setup_py']
[0.487s] Level 1:colcon.colcon_core.package_identification:_identify(src/arduino_package/ros_arduino_bridge/ROSArduinoBridge) by extension 'python_setup_py'
[0.487s] Level 1:colcon.colcon_core.package_identification:_identify(src/cartographer) by extensions ['ignore', 'ignore_ament_install']
[0.487s] Level 1:colcon.colcon_core.package_identification:_identify(src/cartographer) by extension 'ignore'
[0.487s] Level 1:colcon.colcon_core.package_identification:_identify(src/cartographer) by extension 'ignore_ament_install'
[0.487s] Level 1:colcon.colcon_core.package_identification:_identify(src/cartographer) by extensions ['colcon_pkg']
[0.487s] Level 1:colcon.colcon_core.package_identification:_identify(src/cartographer) by extension 'colcon_pkg'
[0.487s] Level 1:colcon.colcon_core.package_identification:_identify(src/cartographer) by extensions ['colcon_meta']
[0.487s] Level 1:colcon.colcon_core.package_identification:_identify(src/cartographer) by extension 'colcon_meta'
[0.488s] Level 1:colcon.colcon_core.package_identification:_identify(src/cartographer) by extensions ['ros']
[0.488s] Level 1:colcon.colcon_core.package_identification:_identify(src/cartographer) by extension 'ros'
[0.492s] DEBUG:colcon.colcon_core.package_identification:Package 'src/cartographer' with type 'ros.cmake' and name 'cartographer'
[0.492s] Level 1:colcon.colcon_core.package_identification:_identify(src/cartographer_slam) by extensions ['ignore', 'ignore_ament_install']
[0.492s] Level 1:colcon.colcon_core.package_identification:_identify(src/cartographer_slam) by extension 'ignore'
[0.493s] Level 1:colcon.colcon_core.package_identification:_identify(src/cartographer_slam) by extension 'ignore_ament_install'
[0.493s] Level 1:colcon.colcon_core.package_identification:_identify(src/cartographer_slam) by extensions ['colcon_pkg']
[0.493s] Level 1:colcon.colcon_core.package_identification:_identify(src/cartographer_slam) by extension 'colcon_pkg'
[0.493s] Level 1:colcon.colcon_core.package_identification:_identify(src/cartographer_slam) by extensions ['colcon_meta']
[0.493s] Level 1:colcon.colcon_core.package_identification:_identify(src/cartographer_slam) by extension 'colcon_meta'
[0.493s] Level 1:colcon.colcon_core.package_identification:_identify(src/cartographer_slam) by extensions ['ros']
[0.493s] Level 1:colcon.colcon_core.package_identification:_identify(src/cartographer_slam) by extension 'ros'
[0.494s] DEBUG:colcon.colcon_core.package_identification:Package 'src/cartographer_slam' with type 'ros.ament_cmake' and name 'cartographer_slam'
[0.494s] Level 1:colcon.colcon_core.package_identification:_identify(src/gazebo_sim) by extensions ['ignore', 'ignore_ament_install']
[0.495s] Level 1:colcon.colcon_core.package_identification:_identify(src/gazebo_sim) by extension 'ignore'
[0.495s] Level 1:colcon.colcon_core.package_identification:_identify(src/gazebo_sim) by extension 'ignore_ament_install'
[0.495s] Level 1:colcon.colcon_core.package_identification:_identify(src/gazebo_sim) by extensions ['colcon_pkg']
[0.495s] Level 1:colcon.colcon_core.package_identification:_identify(src/gazebo_sim) by extension 'colcon_pkg'
[0.495s] Level 1:colcon.colcon_core.package_identification:_identify(src/gazebo_sim) by extensions ['colcon_meta']
[0.495s] Level 1:colcon.colcon_core.package_identification:_identify(src/gazebo_sim) by extension 'colcon_meta'
[0.495s] Level 1:colcon.colcon_core.package_identification:_identify(src/gazebo_sim) by extensions ['ros']
[0.495s] Level 1:colcon.colcon_core.package_identification:_identify(src/gazebo_sim) by extension 'ros'
[0.496s] DEBUG:colcon.colcon_core.package_identification:Package 'src/gazebo_sim' with type 'ros.ament_cmake' and name 'gazebo_sim'
[0.496s] Level 1:colcon.colcon_core.package_identification:_identify(src/motor_control) by extensions ['ignore', 'ignore_ament_install']
[0.496s] Level 1:colcon.colcon_core.package_identification:_identify(src/motor_control) by extension 'ignore'
[0.496s] Level 1:colcon.colcon_core.package_identification:_identify(src/motor_control) by extension 'ignore_ament_install'
[0.496s] Level 1:colcon.colcon_core.package_identification:_identify(src/motor_control) by extensions ['colcon_pkg']
[0.496s] Level 1:colcon.colcon_core.package_identification:_identify(src/motor_control) by extension 'colcon_pkg'
[0.497s] Level 1:colcon.colcon_core.package_identification:_identify(src/motor_control) by extensions ['colcon_meta']
[0.497s] Level 1:colcon.colcon_core.package_identification:_identify(src/motor_control) by extension 'colcon_meta'
[0.497s] Level 1:colcon.colcon_core.package_identification:_identify(src/motor_control) by extensions ['ros']
[0.497s] Level 1:colcon.colcon_core.package_identification:_identify(src/motor_control) by extension 'ros'
[0.498s] DEBUG:colcon.colcon_core.package_identification:Package 'src/motor_control' with type 'ros.ament_cmake' and name 'motor_control'
[0.498s] Level 1:colcon.colcon_core.package_identification:_identify(src/prototype) by extensions ['ignore', 'ignore_ament_install']
[0.498s] Level 1:colcon.colcon_core.package_identification:_identify(src/prototype) by extension 'ignore'
[0.498s] Level 1:colcon.colcon_core.package_identification:_identify(src/prototype) by extension 'ignore_ament_install'
[0.498s] Level 1:colcon.colcon_core.package_identification:_identify(src/prototype) by extensions ['colcon_pkg']
[0.498s] Level 1:colcon.colcon_core.package_identification:_identify(src/prototype) by extension 'colcon_pkg'
[0.498s] Level 1:colcon.colcon_core.package_identification:_identify(src/prototype) by extensions ['colcon_meta']
[0.498s] Level 1:colcon.colcon_core.package_identification:_identify(src/prototype) by extension 'colcon_meta'
[0.498s] Level 1:colcon.colcon_core.package_identification:_identify(src/prototype) by extensions ['ros']
[0.498s] Level 1:colcon.colcon_core.package_identification:_identify(src/prototype) by extension 'ros'
[0.499s] DEBUG:colcon.colcon_core.package_identification:Package 'src/prototype' with type 'ros.ament_cmake' and name 'prototype'
[0.499s] Level 1:colcon.colcon_core.package_identification:_identify(src/ros2_nav_files) by extensions ['ignore', 'ignore_ament_install']
[0.500s] Level 1:colcon.colcon_core.package_identification:_identify(src/ros2_nav_files) by extension 'ignore'
[0.500s] Level 1:colcon.colcon_core.package_identification:_identify(src/ros2_nav_files) by extension 'ignore_ament_install'
[0.500s] Level 1:colcon.colcon_core.package_identification:_identify(src/ros2_nav_files) by extensions ['colcon_pkg']
[0.500s] Level 1:colcon.colcon_core.package_identification:_identify(src/ros2_nav_files) by extension 'colcon_pkg'
[0.500s] Level 1:colcon.colcon_core.package_identification:_identify(src/ros2_nav_files) by extensions ['colcon_meta']
[0.500s] Level 1:colcon.colcon_core.package_identification:_identify(src/ros2_nav_files) by extension 'colcon_meta'
[0.500s] Level 1:colcon.colcon_core.package_identification:_identify(src/ros2_nav_files) by extensions ['ros']
[0.500s] Level 1:colcon.colcon_core.package_identification:_identify(src/ros2_nav_files) by extension 'ros'
[0.500s] Level 1:colcon.colcon_core.package_identification:_identify(src/ros2_nav_files) by extensions ['cmake', 'python']
[0.500s] Level 1:colcon.colcon_core.package_identification:_identify(src/ros2_nav_files) by extension 'cmake'
[0.500s] Level 1:colcon.colcon_core.package_identification:_identify(src/ros2_nav_files) by extension 'python'
[0.500s] Level 1:colcon.colcon_core.package_identification:_identify(src/ros2_nav_files) by extensions ['python_setup_py']
[0.500s] Level 1:colcon.colcon_core.package_identification:_identify(src/ros2_nav_files) by extension 'python_setup_py'
[0.500s] Level 1:colcon.colcon_core.package_identification:_identify(src/ros2_nav_files/nav2_course) by extensions ['ignore', 'ignore_ament_install']
[0.500s] Level 1:colcon.colcon_core.package_identification:_identify(src/ros2_nav_files/nav2_course) by extension 'ignore'
[0.500s] Level 1:colcon.colcon_core.package_identification:_identify(src/ros2_nav_files/nav2_course) by extension 'ignore_ament_install'
[0.500s] Level 1:colcon.colcon_core.package_identification:_identify(src/ros2_nav_files/nav2_course) by extensions ['colcon_pkg']
[0.500s] Level 1:colcon.colcon_core.package_identification:_identify(src/ros2_nav_files/nav2_course) by extension 'colcon_pkg'
[0.501s] Level 1:colcon.colcon_core.package_identification:_identify(src/ros2_nav_files/nav2_course) by extensions ['colcon_meta']
[0.501s] Level 1:colcon.colcon_core.package_identification:_identify(src/ros2_nav_files/nav2_course) by extension 'colcon_meta'
[0.501s] Level 1:colcon.colcon_core.package_identification:_identify(src/ros2_nav_files/nav2_course) by extensions ['ros']
[0.501s] Level 1:colcon.colcon_core.package_identification:_identify(src/ros2_nav_files/nav2_course) by extension 'ros'
[0.501s] DEBUG:colcon.colcon_core.package_identification:Package 'src/ros2_nav_files/nav2_course' with type 'ros.ament_cmake' and name 'nav2_course'
[0.501s] Level 1:colcon.colcon_core.package_identification:_identify(src/ros2_nav_files/nav2_project) by extensions ['ignore', 'ignore_ament_install']
[0.502s] Level 1:colcon.colcon_core.package_identification:_identify(src/ros2_nav_files/nav2_project) by extension 'ignore'
[0.502s] Level 1:colcon.colcon_core.package_identification:_identify(src/ros2_nav_files/nav2_project) by extension 'ignore_ament_install'
[0.502s] Level 1:colcon.colcon_core.package_identification:_identify(src/ros2_nav_files/nav2_project) by extensions ['colcon_pkg']
[0.502s] Level 1:colcon.colcon_core.package_identification:_identify(src/ros2_nav_files/nav2_project) by extension 'colcon_pkg'
[0.502s] Level 1:colcon.colcon_core.package_identification:_identify(src/ros2_nav_files/nav2_project) by extensions ['colcon_meta']
[0.502s] Level 1:colcon.colcon_core.package_identification:_identify(src/ros2_nav_files/nav2_project) by extension 'colcon_meta'
[0.502s] Level 1:colcon.colcon_core.package_identification:_identify(src/ros2_nav_files/nav2_project) by extensions ['ros']
[0.502s] Level 1:colcon.colcon_core.package_identification:_identify(src/ros2_nav_files/nav2_project) by extension 'ros'
[0.502s] DEBUG:colcon.colcon_core.package_identification:Package 'src/ros2_nav_files/nav2_project' with type 'ros.ament_python' and name 'nav2_project'
[0.503s] Level 1:colcon.colcon_core.package_identification:_identify(src/ros2_nav_files/rviz) by extensions ['ignore', 'ignore_ament_install']
[0.503s] Level 1:colcon.colcon_core.package_identification:_identify(src/ros2_nav_files/rviz) by extension 'ignore'
[0.503s] Level 1:colcon.colcon_core.package_identification:_identify(src/ros2_nav_files/rviz) by extension 'ignore_ament_install'
[0.503s] Level 1:colcon.colcon_core.package_identification:_identify(src/ros2_nav_files/rviz) by extensions ['colcon_pkg']
[0.503s] Level 1:colcon.colcon_core.package_identification:_identify(src/ros2_nav_files/rviz) by extension 'colcon_pkg'
[0.503s] Level 1:colcon.colcon_core.package_identification:_identify(src/ros2_nav_files/rviz) by extensions ['colcon_meta']
[0.503s] Level 1:colcon.colcon_core.package_identification:_identify(src/ros2_nav_files/rviz) by extension 'colcon_meta'
[0.503s] Level 1:colcon.colcon_core.package_identification:_identify(src/ros2_nav_files/rviz) by extensions ['ros']
[0.503s] Level 1:colcon.colcon_core.package_identification:_identify(src/ros2_nav_files/rviz) by extension 'ros'
[0.503s] Level 1:colcon.colcon_core.package_identification:_identify(src/ros2_nav_files/rviz) by extensions ['cmake', 'python']
[0.503s] Level 1:colcon.colcon_core.package_identification:_identify(src/ros2_nav_files/rviz) by extension 'cmake'
[0.503s] Level 1:colcon.colcon_core.package_identification:_identify(src/ros2_nav_files/rviz) by extension 'python'
[0.503s] Level 1:colcon.colcon_core.package_identification:_identify(src/ros2_nav_files/rviz) by extensions ['python_setup_py']
[0.503s] Level 1:colcon.colcon_core.package_identification:_identify(src/ros2_nav_files/rviz) by extension 'python_setup_py'
[0.503s] Level 1:colcon.colcon_core.package_identification:_identify(src/serial) by extensions ['ignore', 'ignore_ament_install']
[0.503s] Level 1:colcon.colcon_core.package_identification:_identify(src/serial) by extension 'ignore'
[0.504s] Level 1:colcon.colcon_core.package_identification:_identify(src/serial) by extension 'ignore_ament_install'
[0.504s] Level 1:colcon.colcon_core.package_identification:_identify(src/serial) by extensions ['colcon_pkg']
[0.504s] Level 1:colcon.colcon_core.package_identification:_identify(src/serial) by extension 'colcon_pkg'
[0.504s] Level 1:colcon.colcon_core.package_identification:_identify(src/serial) by extensions ['colcon_meta']
[0.504s] Level 1:colcon.colcon_core.package_identification:_identify(src/serial) by extension 'colcon_meta'
[0.504s] Level 1:colcon.colcon_core.package_identification:_identify(src/serial) by extensions ['ros']
[0.504s] Level 1:colcon.colcon_core.package_identification:_identify(src/serial) by extension 'ros'
[0.504s] DEBUG:colcon.colcon_core.package_identification:Package 'src/serial' with type 'ros.catkin' and name 'serial'
[0.504s] Level 1:colcon.colcon_core.package_identification:_identify(src/service_pkg) by extensions ['ignore', 'ignore_ament_install']
[0.505s] Level 1:colcon.colcon_core.package_identification:_identify(src/service_pkg) by extension 'ignore'
[0.505s] Level 1:colcon.colcon_core.package_identification:_identify(src/service_pkg) by extension 'ignore_ament_install'
[0.505s] Level 1:colcon.colcon_core.package_identification:_identify(src/service_pkg) by extensions ['colcon_pkg']
[0.505s] Level 1:colcon.colcon_core.package_identification:_identify(src/service_pkg) by extension 'colcon_pkg'
[0.505s] Level 1:colcon.colcon_core.package_identification:_identify(src/service_pkg) by extensions ['colcon_meta']
[0.505s] Level 1:colcon.colcon_core.package_identification:_identify(src/service_pkg) by extension 'colcon_meta'
[0.505s] Level 1:colcon.colcon_core.package_identification:_identify(src/service_pkg) by extensions ['ros']
[0.505s] Level 1:colcon.colcon_core.package_identification:_identify(src/service_pkg) by extension 'ros'
[0.506s] DEBUG:colcon.colcon_core.package_identification:Package 'src/service_pkg' with type 'ros.ament_python' and name 'service_pkg'
[0.506s] Level 1:colcon.colcon_core.package_identification:_identify(src/transport_drivers) by extensions ['ignore', 'ignore_ament_install']
[0.506s] Level 1:colcon.colcon_core.package_identification:_identify(src/transport_drivers) by extension 'ignore'
[0.506s] Level 1:colcon.colcon_core.package_identification:_identify(src/transport_drivers) by extension 'ignore_ament_install'
[0.506s] Level 1:colcon.colcon_core.package_identification:_identify(src/transport_drivers) by extensions ['colcon_pkg']
[0.506s] Level 1:colcon.colcon_core.package_identification:_identify(src/transport_drivers) by extension 'colcon_pkg'
[0.506s] Level 1:colcon.colcon_core.package_identification:_identify(src/transport_drivers) by extensions ['colcon_meta']
[0.506s] Level 1:colcon.colcon_core.package_identification:_identify(src/transport_drivers) by extension 'colcon_meta'
[0.506s] Level 1:colcon.colcon_core.package_identification:_identify(src/transport_drivers) by extensions ['ros']
[0.506s] Level 1:colcon.colcon_core.package_identification:_identify(src/transport_drivers) by extension 'ros'
[0.506s] Level 1:colcon.colcon_core.package_identification:_identify(src/transport_drivers) by extensions ['cmake', 'python']
[0.506s] Level 1:colcon.colcon_core.package_identification:_identify(src/transport_drivers) by extension 'cmake'
[0.506s] Level 1:colcon.colcon_core.package_identification:_identify(src/transport_drivers) by extension 'python'
[0.506s] Level 1:colcon.colcon_core.package_identification:_identify(src/transport_drivers) by extensions ['python_setup_py']
[0.506s] Level 1:colcon.colcon_core.package_identification:_identify(src/transport_drivers) by extension 'python_setup_py'
[0.507s] Level 1:colcon.colcon_core.package_identification:_identify(src/transport_drivers/asio_cmake_module) by extensions ['ignore', 'ignore_ament_install']
[0.507s] Level 1:colcon.colcon_core.package_identification:_identify(src/transport_drivers/asio_cmake_module) by extension 'ignore'
[0.507s] Level 1:colcon.colcon_core.package_identification:_identify(src/transport_drivers/asio_cmake_module) by extension 'ignore_ament_install'
[0.507s] Level 1:colcon.colcon_core.package_identification:_identify(src/transport_drivers/asio_cmake_module) by extensions ['colcon_pkg']
[0.507s] Level 1:colcon.colcon_core.package_identification:_identify(src/transport_drivers/asio_cmake_module) by extension 'colcon_pkg'
[0.507s] Level 1:colcon.colcon_core.package_identification:_identify(src/transport_drivers/asio_cmake_module) by extensions ['colcon_meta']
[0.507s] Level 1:colcon.colcon_core.package_identification:_identify(src/transport_drivers/asio_cmake_module) by extension 'colcon_meta'
[0.507s] Level 1:colcon.colcon_core.package_identification:_identify(src/transport_drivers/asio_cmake_module) by extensions ['ros']
[0.507s] Level 1:colcon.colcon_core.package_identification:_identify(src/transport_drivers/asio_cmake_module) by extension 'ros'
[0.508s] DEBUG:colcon.colcon_core.package_identification:Package 'src/transport_drivers/asio_cmake_module' with type 'ros.ament_cmake' and name 'asio_cmake_module'
[0.508s] Level 1:colcon.colcon_core.package_identification:_identify(src/transport_drivers/io_context) by extensions ['ignore', 'ignore_ament_install']
[0.508s] Level 1:colcon.colcon_core.package_identification:_identify(src/transport_drivers/io_context) by extension 'ignore'
[0.508s] Level 1:colcon.colcon_core.package_identification:_identify(src/transport_drivers/io_context) by extension 'ignore_ament_install'
[0.508s] Level 1:colcon.colcon_core.package_identification:_identify(src/transport_drivers/io_context) by extensions ['colcon_pkg']
[0.508s] Level 1:colcon.colcon_core.package_identification:_identify(src/transport_drivers/io_context) by extension 'colcon_pkg'
[0.508s] Level 1:colcon.colcon_core.package_identification:_identify(src/transport_drivers/io_context) by extensions ['colcon_meta']
[0.508s] Level 1:colcon.colcon_core.package_identification:_identify(src/transport_drivers/io_context) by extension 'colcon_meta'
[0.508s] Level 1:colcon.colcon_core.package_identification:_identify(src/transport_drivers/io_context) by extensions ['ros']
[0.508s] Level 1:colcon.colcon_core.package_identification:_identify(src/transport_drivers/io_context) by extension 'ros'
[0.509s] DEBUG:colcon.colcon_core.package_identification:Package 'src/transport_drivers/io_context' with type 'ros.ament_cmake' and name 'io_context'
[0.509s] Level 1:colcon.colcon_core.package_identification:_identify(src/transport_drivers/serial_driver) by extensions ['ignore', 'ignore_ament_install']
[0.509s] Level 1:colcon.colcon_core.package_identification:_identify(src/transport_drivers/serial_driver) by extension 'ignore'
[0.509s] Level 1:colcon.colcon_core.package_identification:_identify(src/transport_drivers/serial_driver) by extension 'ignore_ament_install'
[0.509s] Level 1:colcon.colcon_core.package_identification:_identify(src/transport_drivers/serial_driver) by extensions ['colcon_pkg']
[0.509s] Level 1:colcon.colcon_core.package_identification:_identify(src/transport_drivers/serial_driver) by extension 'colcon_pkg'
[0.509s] Level 1:colcon.colcon_core.package_identification:_identify(src/transport_drivers/serial_driver) by extensions ['colcon_meta']
[0.509s] Level 1:colcon.colcon_core.package_identification:_identify(src/transport_drivers/serial_driver) by extension 'colcon_meta'
[0.509s] Level 1:colcon.colcon_core.package_identification:_identify(src/transport_drivers/serial_driver) by extensions ['ros']
[0.510s] Level 1:colcon.colcon_core.package_identification:_identify(src/transport_drivers/serial_driver) by extension 'ros'
[0.511s] DEBUG:colcon.colcon_core.package_identification:Package 'src/transport_drivers/serial_driver' with type 'ros.ament_cmake' and name 'serial_driver'
[0.511s] Level 1:colcon.colcon_core.package_identification:_identify(src/transport_drivers/udp_driver) by extensions ['ignore', 'ignore_ament_install']
[0.511s] Level 1:colcon.colcon_core.package_identification:_identify(src/transport_drivers/udp_driver) by extension 'ignore'
[0.511s] Level 1:colcon.colcon_core.package_identification:_identify(src/transport_drivers/udp_driver) by extension 'ignore_ament_install'
[0.511s] Level 1:colcon.colcon_core.package_identification:_identify(src/transport_drivers/udp_driver) by extensions ['colcon_pkg']
[0.511s] Level 1:colcon.colcon_core.package_identification:_identify(src/transport_drivers/udp_driver) by extension 'colcon_pkg'
[0.511s] Level 1:colcon.colcon_core.package_identification:_identify(src/transport_drivers/udp_driver) by extensions ['colcon_meta']
[0.511s] Level 1:colcon.colcon_core.package_identification:_identify(src/transport_drivers/udp_driver) by extension 'colcon_meta'
[0.511s] Level 1:colcon.colcon_core.package_identification:_identify(src/transport_drivers/udp_driver) by extensions ['ros']
[0.511s] Level 1:colcon.colcon_core.package_identification:_identify(src/transport_drivers/udp_driver) by extension 'ros'
[0.513s] DEBUG:colcon.colcon_core.package_identification:Package 'src/transport_drivers/udp_driver' with type 'ros.ament_cmake' and name 'udp_driver'
[0.513s] Level 1:colcon.colcon_core.package_discovery:discover_packages(recursive) using defaults
[0.513s] Level 1:colcon.colcon_core.package_discovery:discover_packages(ignore) discover
[0.513s] Level 1:colcon.colcon_core.package_discovery:discover_packages(ignore) using defaults
[0.513s] Level 1:colcon.colcon_core.package_discovery:discover_packages(path) discover
[0.513s] Level 1:colcon.colcon_core.package_discovery:discover_packages(path) using defaults
[0.539s] INFO:colcon.colcon_core.package_selection:Skipping not selected package 'absl' in 'abseil-cpp'
[0.539s] INFO:colcon.colcon_core.package_selection:Skipping not selected package 'asio_cmake_module' in 'src/transport_drivers/asio_cmake_module'
[0.539s] INFO:colcon.colcon_core.package_selection:Skipping not selected package 'cartographer' in 'src/cartographer'
[0.539s] INFO:colcon.colcon_core.package_selection:Skipping not selected package 'gazebo_sim' in 'src/gazebo_sim'
[0.539s] INFO:colcon.colcon_core.package_selection:Skipping not selected package 'nav2_course' in 'src/ros2_nav_files/nav2_course'
[0.539s] INFO:colcon.colcon_core.package_selection:Skipping not selected package 'nav2_project' in 'src/ros2_nav_files/nav2_project'
[0.539s] INFO:colcon.colcon_core.package_selection:Skipping not selected package 'prototype' in 'src/prototype'
[0.539s] INFO:colcon.colcon_core.package_selection:Skipping not selected package 'serial' in 'src/serial'
[0.539s] INFO:colcon.colcon_core.package_selection:Skipping not selected package 'service_pkg' in 'src/service_pkg'
[0.539s] INFO:colcon.colcon_core.package_selection:Skipping not selected package 'io_context' in 'src/transport_drivers/io_context'
[0.539s] INFO:colcon.colcon_core.package_selection:Skipping not selected package 'motor_control' in 'src/motor_control'
[0.539s] INFO:colcon.colcon_core.package_selection:Skipping not selected package 'serial_driver' in 'src/transport_drivers/serial_driver'
[0.539s] INFO:colcon.colcon_core.package_selection:Skipping not selected package 'udp_driver' in 'src/transport_drivers/udp_driver'
[0.540s] Level 1:colcon.colcon_core.package_discovery:discover_packages(prefix_path) check parameters
[0.540s] Level 1:colcon.colcon_core.package_discovery:discover_packages(prefix_path) discover
[0.545s] DEBUG:colcon.colcon_installed_package_information.package_discovery:Found 13 installed packages in /home/tolasing/ros2_ws/install
[0.547s] DEBUG:colcon.colcon_installed_package_information.package_discovery:Found 379 installed packages in /opt/ros/humble
[0.550s] Level 1:colcon.colcon_core.package_discovery:discover_packages(prefix_path) using defaults
[0.662s] Level 5:colcon.colcon_core.verb:set package 'cartographer_slam' build argument 'cmake_args' from command line to 'None'
[0.662s] Level 5:colcon.colcon_core.verb:set package 'cartographer_slam' build argument 'cmake_target' from command line to 'None'
[0.662s] Level 5:colcon.colcon_core.verb:set package 'cartographer_slam' build argument 'cmake_target_skip_unavailable' from command line to 'False'
[0.662s] Level 5:colcon.colcon_core.verb:set package 'cartographer_slam' build argument 'cmake_clean_cache' from command line to 'False'
[0.662s] Level 5:colcon.colcon_core.verb:set package 'cartographer_slam' build argument 'cmake_clean_first' from command line to 'False'
[0.663s] Level 5:colcon.colcon_core.verb:set package 'cartographer_slam' build argument 'cmake_force_configure' from command line to 'False'
[0.663s] Level 5:colcon.colcon_core.verb:set package 'cartographer_slam' build argument 'ament_cmake_args' from command line to 'None'
[0.663s] Level 5:colcon.colcon_core.verb:set package 'cartographer_slam' build argument 'catkin_cmake_args' from command line to 'None'
[0.663s] Level 5:colcon.colcon_core.verb:set package 'cartographer_slam' build argument 'catkin_skip_building_tests' from command line to 'False'
[0.663s] DEBUG:colcon.colcon_core.verb:Building package 'cartographer_slam' with the following arguments: {'ament_cmake_args': None, 'build_base': '/home/tolasing/ros2_ws/build/cartographer_slam', 'catkin_cmake_args': None, 'catkin_skip_building_tests': False, 'cmake_args': None, 'cmake_clean_cache': False, 'cmake_clean_first': False, 'cmake_force_configure': False, 'cmake_target': None, 'cmake_target_skip_unavailable': False, 'install_base': '/home/tolasing/ros2_ws/install/cartographer_slam', 'merge_install': False, 'path': '/home/tolasing/ros2_ws/src/cartographer_slam', 'symlink_install': True, 'test_result_base': None}
[0.663s] INFO:colcon.colcon_core.executor:Executing jobs using 'parallel' executor
[0.667s] DEBUG:colcon.colcon_parallel_executor.executor.parallel:run_until_complete
[0.667s] INFO:colcon.colcon_ros.task.ament_cmake.build:Building ROS package in '/home/tolasing/ros2_ws/src/cartographer_slam' with build type 'ament_cmake'
[0.667s] INFO:colcon.colcon_cmake.task.cmake.build:Building CMake package in '/home/tolasing/ros2_ws/src/cartographer_slam'
[0.682s] INFO:colcon.colcon_core.plugin_system:Skipping extension 'colcon_core.shell.bat': Not used on non-Windows systems
[0.683s] INFO:colcon.colcon_core.shell:Skip shell extension 'powershell' for command environment: Not usable outside of PowerShell
[0.683s] DEBUG:colcon.colcon_core.shell:Skip shell extension 'dsv' for command environment
[0.703s] DEBUG:colcon.colcon_core.event_handler.log_command:Invoking command in '/home/tolasing/ros2_ws/build/cartographer_slam': CMAKE_PREFIX_PATH=/home/tolasing/ros2_ws/src/cartographer:/usr/lib/x86_64-linux-gnu/libserial.so:/home/tolasing/ros2_ws/src/cartographer:/usr/lib/x86_64-linux-gnu/libserial.so:/home/tolasing/ros2_ws/install/udp_driver:/home/tolasing/ros2_ws/install/serial_driver:/home/tolasing/ros2_ws/install/motor_control:/home/tolasing/ros2_ws/install/service_pkg:/home/tolasing/ros2_ws/install/nav2_project:/opt/ros/humble:/home/tolasing/ros2_ws/install/serial:/home/tolasing/ros2_ws/install/prototype:/home/tolasing/ros2_ws/install/nav2_course:/home/tolasing/ros2_ws/install/io_context:/home/tolasing/ros2_ws/install/gazebo_sim:/home/tolasing/ros2_ws/install/cartographer_slam:/home/tolasing/ros2_ws/install/cartographer:/home/tolasing/ros2_ws/install/asio_cmake_module /usr/bin/cmake --build /home/tolasing/ros2_ws/build/cartographer_slam -- -j8 -l8
[4.157s] DEBUG:colcon.colcon_core.event_handler.log_command:Invoked command in '/home/tolasing/ros2_ws/build/cartographer_slam' returned '0': CMAKE_PREFIX_PATH=/home/tolasing/ros2_ws/src/cartographer:/usr/lib/x86_64-linux-gnu/libserial.so:/home/tolasing/ros2_ws/src/cartographer:/usr/lib/x86_64-linux-gnu/libserial.so:/home/tolasing/ros2_ws/install/udp_driver:/home/tolasing/ros2_ws/install/serial_driver:/home/tolasing/ros2_ws/install/motor_control:/home/tolasing/ros2_ws/install/service_pkg:/home/tolasing/ros2_ws/install/nav2_project:/opt/ros/humble:/home/tolasing/ros2_ws/install/serial:/home/tolasing/ros2_ws/install/prototype:/home/tolasing/ros2_ws/install/nav2_course:/home/tolasing/ros2_ws/install/io_context:/home/tolasing/ros2_ws/install/gazebo_sim:/home/tolasing/ros2_ws/install/cartographer_slam:/home/tolasing/ros2_ws/install/cartographer:/home/tolasing/ros2_ws/install/asio_cmake_module /usr/bin/cmake --build /home/tolasing/ros2_ws/build/cartographer_slam -- -j8 -l8
[4.203s] DEBUG:colcon.colcon_core.event_handler.log_command:Invoking command in '/home/tolasing/ros2_ws/build/cartographer_slam': CMAKE_PREFIX_PATH=/home/tolasing/ros2_ws/src/cartographer:/usr/lib/x86_64-linux-gnu/libserial.so:/home/tolasing/ros2_ws/src/cartographer:/usr/lib/x86_64-linux-gnu/libserial.so:/home/tolasing/ros2_ws/install/udp_driver:/home/tolasing/ros2_ws/install/serial_driver:/home/tolasing/ros2_ws/install/motor_control:/home/tolasing/ros2_ws/install/service_pkg:/home/tolasing/ros2_ws/install/nav2_project:/opt/ros/humble:/home/tolasing/ros2_ws/install/serial:/home/tolasing/ros2_ws/install/prototype:/home/tolasing/ros2_ws/install/nav2_course:/home/tolasing/ros2_ws/install/io_context:/home/tolasing/ros2_ws/install/gazebo_sim:/home/tolasing/ros2_ws/install/cartographer_slam:/home/tolasing/ros2_ws/install/cartographer:/home/tolasing/ros2_ws/install/asio_cmake_module /usr/bin/cmake --install /home/tolasing/ros2_ws/build/cartographer_slam
[4.235s] Level 1:colcon.colcon_core.environment:create_environment_scripts_only(cartographer_slam)
[4.238s] DEBUG:colcon.colcon_core.event_handler.log_command:Invoked command in '/home/tolasing/ros2_ws/build/cartographer_slam' returned '0': CMAKE_PREFIX_PATH=/home/tolasing/ros2_ws/src/cartographer:/usr/lib/x86_64-linux-gnu/libserial.so:/home/tolasing/ros2_ws/src/cartographer:/usr/lib/x86_64-linux-gnu/libserial.so:/home/tolasing/ros2_ws/install/udp_driver:/home/tolasing/ros2_ws/install/serial_driver:/home/tolasing/ros2_ws/install/motor_control:/home/tolasing/ros2_ws/install/service_pkg:/home/tolasing/ros2_ws/install/nav2_project:/opt/ros/humble:/home/tolasing/ros2_ws/install/serial:/home/tolasing/ros2_ws/install/prototype:/home/tolasing/ros2_ws/install/nav2_course:/home/tolasing/ros2_ws/install/io_context:/home/tolasing/ros2_ws/install/gazebo_sim:/home/tolasing/ros2_ws/install/cartographer_slam:/home/tolasing/ros2_ws/install/cartographer:/home/tolasing/ros2_ws/install/asio_cmake_module /usr/bin/cmake --install /home/tolasing/ros2_ws/build/cartographer_slam
[4.251s] Level 1:colcon.colcon_core.environment:checking '/home/tolasing/ros2_ws/install/cartographer_slam' for CMake module files
[4.253s] Level 1:colcon.colcon_core.environment:checking '/home/tolasing/ros2_ws/install/cartographer_slam' for CMake config files
[4.253s] Level 1:colcon.colcon_core.shell:create_environment_hook('cartographer_slam', 'cmake_prefix_path')
[4.258s] INFO:colcon.colcon_core.shell:Creating environment hook '/home/tolasing/ros2_ws/install/cartographer_slam/share/cartographer_slam/hook/cmake_prefix_path.ps1'
[4.260s] INFO:colcon.colcon_core.shell:Creating environment descriptor '/home/tolasing/ros2_ws/install/cartographer_slam/share/cartographer_slam/hook/cmake_prefix_path.dsv'
[4.261s] INFO:colcon.colcon_core.shell:Creating environment hook '/home/tolasing/ros2_ws/install/cartographer_slam/share/cartographer_slam/hook/cmake_prefix_path.sh'
[4.264s] Level 1:colcon.colcon_core.environment:checking '/home/tolasing/ros2_ws/install/cartographer_slam/bin'
[4.264s] Level 1:colcon.colcon_core.environment:checking '/home/tolasing/ros2_ws/install/cartographer_slam/lib/pkgconfig/cartographer_slam.pc'
[4.265s] Level 1:colcon.colcon_core.environment:checking '/home/tolasing/ros2_ws/install/cartographer_slam/lib/python3.10/site-packages'
[4.266s] Level 1:colcon.colcon_core.environment:checking '/home/tolasing/ros2_ws/install/cartographer_slam/bin'
[4.270s] INFO:colcon.colcon_core.shell:Creating package script '/home/tolasing/ros2_ws/install/cartographer_slam/share/cartographer_slam/package.ps1'
[4.272s] INFO:colcon.colcon_core.shell:Creating package descriptor '/home/tolasing/ros2_ws/install/cartographer_slam/share/cartographer_slam/package.dsv'
[4.274s] INFO:colcon.colcon_core.shell:Creating package script '/home/tolasing/ros2_ws/install/cartographer_slam/share/cartographer_slam/package.sh'
[4.277s] INFO:colcon.colcon_core.shell:Creating package script '/home/tolasing/ros2_ws/install/cartographer_slam/share/cartographer_slam/package.bash'
[4.279s] INFO:colcon.colcon_core.shell:Creating package script '/home/tolasing/ros2_ws/install/cartographer_slam/share/cartographer_slam/package.zsh'
[4.282s] Level 1:colcon.colcon_core.environment:create_file_with_runtime_dependencies(/home/tolasing/ros2_ws/install/cartographer_slam/share/colcon-core/packages/cartographer_slam)
[4.314s] Level 1:colcon.colcon_core.environment:create_environment_scripts_only(cartographer_slam)
[4.316s] Level 1:colcon.colcon_core.environment:checking '/home/tolasing/ros2_ws/install/cartographer_slam' for CMake module files
[4.317s] Level 1:colcon.colcon_core.environment:checking '/home/tolasing/ros2_ws/install/cartographer_slam' for CMake config files
[4.317s] Level 1:colcon.colcon_core.shell:create_environment_hook('cartographer_slam', 'cmake_prefix_path')
[4.319s] INFO:colcon.colcon_core.shell:Creating environment hook '/home/tolasing/ros2_ws/install/cartographer_slam/share/cartographer_slam/hook/cmake_prefix_path.ps1'
[4.319s] INFO:colcon.colcon_core.shell:Creating environment descriptor '/home/tolasing/ros2_ws/install/cartographer_slam/share/cartographer_slam/hook/cmake_prefix_path.dsv'
[4.320s] INFO:colcon.colcon_core.shell:Creating environment hook '/home/tolasing/ros2_ws/install/cartographer_slam/share/cartographer_slam/hook/cmake_prefix_path.sh'
[4.320s] Level 1:colcon.colcon_core.environment:checking '/home/tolasing/ros2_ws/install/cartographer_slam/bin'
[4.320s] Level 1:colcon.colcon_core.environment:checking '/home/tolasing/ros2_ws/install/cartographer_slam/lib/pkgconfig/cartographer_slam.pc'
[4.321s] Level 1:colcon.colcon_core.environment:checking '/home/tolasing/ros2_ws/install/cartographer_slam/lib/python3.10/site-packages'
[4.321s] Level 1:colcon.colcon_core.environment:checking '/home/tolasing/ros2_ws/install/cartographer_slam/bin'
[4.322s] INFO:colcon.colcon_core.shell:Creating package script '/home/tolasing/ros2_ws/install/cartographer_slam/share/cartographer_slam/package.ps1'
[4.323s] INFO:colcon.colcon_core.shell:Creating package descriptor '/home/tolasing/ros2_ws/install/cartographer_slam/share/cartographer_slam/package.dsv'
[4.324s] INFO:colcon.colcon_core.shell:Creating package script '/home/tolasing/ros2_ws/install/cartographer_slam/share/cartographer_slam/package.sh'
[4.324s] INFO:colcon.colcon_core.shell:Creating package script '/home/tolasing/ros2_ws/install/cartographer_slam/share/cartographer_slam/package.bash'
[4.324s] INFO:colcon.colcon_core.shell:Creating package script '/home/tolasing/ros2_ws/install/cartographer_slam/share/cartographer_slam/package.zsh'
[4.325s] Level 1:colcon.colcon_core.environment:create_file_with_runtime_dependencies(/home/tolasing/ros2_ws/install/cartographer_slam/share/colcon-core/packages/cartographer_slam)
[4.325s] DEBUG:colcon.colcon_parallel_executor.executor.parallel:closing loop
[4.325s] DEBUG:colcon.colcon_parallel_executor.executor.parallel:loop closed
[4.326s] DEBUG:colcon.colcon_parallel_executor.executor.parallel:run_until_complete finished with '0'
[4.326s] DEBUG:colcon.colcon_core.event_reactor:joining thread
[4.336s] INFO:colcon.colcon_core.plugin_system:Skipping extension 'colcon_notification.desktop_notification.terminal_notifier': Not used on non-Darwin systems
[4.336s] INFO:colcon.colcon_core.plugin_system:Skipping extension 'colcon_notification.desktop_notification.win32': Not used on non-Windows systems
[4.336s] INFO:colcon.colcon_notification.desktop_notification:Sending desktop notification using 'notify2'
[4.361s] DEBUG:colcon.colcon_core.event_reactor:joined thread
[4.365s] INFO:colcon.colcon_core.shell:Creating prefix script '/home/tolasing/ros2_ws/install/local_setup.ps1'
[4.367s] INFO:colcon.colcon_core.shell:Creating prefix util module '/home/tolasing/ros2_ws/install/_local_setup_util_ps1.py'
[4.371s] INFO:colcon.colcon_core.shell:Creating prefix chain script '/home/tolasing/ros2_ws/install/setup.ps1'
[4.376s] INFO:colcon.colcon_core.shell:Creating prefix script '/home/tolasing/ros2_ws/install/local_setup.sh'
[4.378s] INFO:colcon.colcon_core.shell:Creating prefix util module '/home/tolasing/ros2_ws/install/_local_setup_util_sh.py'
[4.379s] INFO:colcon.colcon_core.shell:Creating prefix chain script '/home/tolasing/ros2_ws/install/setup.sh'
[4.384s] INFO:colcon.colcon_core.shell:Creating prefix script '/home/tolasing/ros2_ws/install/local_setup.bash'
[4.386s] INFO:colcon.colcon_core.shell:Creating prefix chain script '/home/tolasing/ros2_ws/install/setup.bash'
[4.392s] INFO:colcon.colcon_core.shell:Creating prefix script '/home/tolasing/ros2_ws/install/local_setup.zsh'
[4.393s] INFO:colcon.colcon_core.shell:Creating prefix chain script '/home/tolasing/ros2_ws/install/setup.zsh'
