[35m[1mConsolidate compiler generated dependencies of target udp_sender_node_exe[0m
[35m[1mConsolidate compiler generated dependencies of target udp_driver[0m
[35m[1mConsolidate compiler generated dependencies of target gtest_main[0m
[35m[1mConsolidate compiler generated dependencies of target udp_receiver_node_exe[0m
[35m[1mConsolidate compiler generated dependencies of target gtest[0m
[  8%] Built target gtest_main
[ 16%] Built target gtest
[ 25%] Built target udp_receiver_node_exe
[ 33%] Built target udp_sender_node_exe
[ 45%] Built target udp_driver
[35m[1mConsolidate compiler generated dependencies of target udp_driver_nodes[0m
[ 58%] Built target udp_driver_nodes
[35m[1mConsolidate compiler generated dependencies of target test_udp_socket[0m
[35m[1mConsolidate compiler generated dependencies of target udp_bridge_node_exe[0m
[35m[1mConsolidate compiler generated dependencies of target test_udp_data[0m
[35m[1mConsolidate compiler generated dependencies of target test_udp_driver[0m
[35m[1mConsolidate compiler generated dependencies of target test_udp_driver_nodes[0m
[ 66%] Built target test_udp_socket
[ 75%] Built target udp_bridge_node_exe
[ 83%] Built target test_udp_data
[ 91%] Built target test_udp_driver_nodes
[100%] Built target test_udp_driver
-- Install configuration: ""
-- Up-to-date: /home/tolasing/ros2_ws/install/udp_driver/lib/udp_driver/udp_receiver_node_exe
-- Up-to-date: /home/tolasing/ros2_ws/install/udp_driver/lib/udp_driver/udp_sender_node_exe
-- Up-to-date: /home/tolasing/ros2_ws/install/udp_driver/include
-- Up-to-date: /home/tolasing/ros2_ws/install/udp_driver/include/udp_driver
-- Up-to-date: /home/tolasing/ros2_ws/install/udp_driver/include/udp_driver/udp_sender_node.hpp
-- Up-to-date: /home/tolasing/ros2_ws/install/udp_driver/include/udp_driver/udp_receiver_node.hpp
-- Up-to-date: /home/tolasing/ros2_ws/install/udp_driver/include/udp_driver/udp_socket.hpp
-- Up-to-date: /home/tolasing/ros2_ws/install/udp_driver/include/udp_driver/visibility_control.hpp
-- Up-to-date: /home/tolasing/ros2_ws/install/udp_driver/include/udp_driver/udp_driver.hpp
-- Up-to-date: /home/tolasing/ros2_ws/install/udp_driver/share/udp_driver/environment/library_path.sh
-- Up-to-date: /home/tolasing/ros2_ws/install/udp_driver/share/udp_driver/environment/library_path.dsv
-- Up-to-date: /home/tolasing/ros2_ws/install/udp_driver/lib/libudp_driver.so
-- Up-to-date: /home/tolasing/ros2_ws/install/udp_driver/lib/libudp_driver_nodes.so
-- Up-to-date: /home/tolasing/ros2_ws/install/udp_driver/lib/udp_driver/udp_bridge_node_exe
-- Up-to-date: /home/tolasing/ros2_ws/install/udp_driver/share/ament_index/resource_index/package_run_dependencies/udp_driver
-- Up-to-date: /home/tolasing/ros2_ws/install/udp_driver/share/ament_index/resource_index/parent_prefix_path/udp_driver
-- Up-to-date: /home/tolasing/ros2_ws/install/udp_driver/share/udp_driver/environment/ament_prefix_path.sh
-- Up-to-date: /home/tolasing/ros2_ws/install/udp_driver/share/udp_driver/environment/ament_prefix_path.dsv
-- Up-to-date: /home/tolasing/ros2_ws/install/udp_driver/share/udp_driver/environment/path.sh
-- Up-to-date: /home/tolasing/ros2_ws/install/udp_driver/share/udp_driver/environment/path.dsv
-- Up-to-date: /home/tolasing/ros2_ws/install/udp_driver/share/udp_driver/local_setup.bash
-- Up-to-date: /home/tolasing/ros2_ws/install/udp_driver/share/udp_driver/local_setup.sh
-- Up-to-date: /home/tolasing/ros2_ws/install/udp_driver/share/udp_driver/local_setup.zsh
-- Up-to-date: /home/tolasing/ros2_ws/install/udp_driver/share/udp_driver/local_setup.dsv
-- Installing: /home/tolasing/ros2_ws/install/udp_driver/share/udp_driver/package.dsv
-- Up-to-date: /home/tolasing/ros2_ws/install/udp_driver/share/ament_index/resource_index/packages/udp_driver
-- Up-to-date: /home/tolasing/ros2_ws/install/udp_driver/share/ament_index/resource_index/rclcpp_components/udp_driver
-- Up-to-date: /home/tolasing/ros2_ws/install/udp_driver/share/udp_driver/cmake/ament_cmake_export_dependencies-extras.cmake
-- Up-to-date: /home/tolasing/ros2_ws/install/udp_driver/share/udp_driver/cmake/ament_cmake_export_include_directories-extras.cmake
-- Up-to-date: /home/tolasing/ros2_ws/install/udp_driver/share/udp_driver/cmake/ament_cmake_export_libraries-extras.cmake
-- Up-to-date: /home/tolasing/ros2_ws/install/udp_driver/share/udp_driver/cmake/udp_driverConfig.cmake
-- Up-to-date: /home/tolasing/ros2_ws/install/udp_driver/share/udp_driver/cmake/udp_driverConfig-version.cmake
-- Up-to-date: /home/tolasing/ros2_ws/install/udp_driver/share/udp_driver/package.xml
