[0.154s] Invoking command in '/home/tolasing/ros2_ws/build/udp_driver': CMAKE_PREFIX_PATH=/home/tolasing/ros2_ws/install/io_context:/home/tolasing/ros2_ws/install/asio_cmake_module:/home/tolasing/ros2_ws/src/cartographer:/usr/lib/x86_64-linux-gnu/libserial.so:/home/tolasing/ros2_ws/src/cartographer:/usr/lib/x86_64-linux-gnu/libserial.so:/home/tolasing/ros2_ws/install/udp_driver:/home/tolasing/ros2_ws/install/serial_driver:/home/tolasing/ros2_ws/install/motor_control:/home/tolasing/ros2_ws/install/service_pkg:/home/tolasing/ros2_ws/install/nav2_project:/opt/ros/humble:/home/tolasing/ros2_ws/install/serial:/home/tolasing/ros2_ws/install/prototype:/home/tolasing/ros2_ws/install/nav2_course:/home/tolasing/ros2_ws/install/gazebo_sim:/home/tolasing/ros2_ws/install/cartographer_slam:/home/tolasing/ros2_ws/install/cartographer LD_LIBRARY_PATH=/home/tolasing/ros2_ws/install/io_context/lib:/usr/lib/x86_64-linux-gnu:/usr/lib/x86_64-linux-gnu:/home/tolasing/ros2_ws/install/udp_driver/lib:/home/tolasing/ros2_ws/install/serial_driver/lib:/home/tolasing/ros2_ws/install/motor_control/lib:/usr/lib/x86_64-linux-gnu/gazebo-11/plugins:/opt/ros/humble/opt/rviz_ogre_vendor/lib:/opt/ros/humble/lib/x86_64-linux-gnu:/opt/ros/humble/lib /usr/bin/cmake --build /home/tolasing/ros2_ws/build/udp_driver -- -j8 -l8
[0.389s] [35m[1mConsolidate compiler generated dependencies of target udp_sender_node_exe[0m
[0.389s] [35m[1mConsolidate compiler generated dependencies of target udp_driver[0m
[0.396s] [35m[1mConsolidate compiler generated dependencies of target gtest_main[0m
[0.397s] [35m[1mConsolidate compiler generated dependencies of target udp_receiver_node_exe[0m
[0.405s] [35m[1mConsolidate compiler generated dependencies of target gtest[0m
[0.463s] [  8%] Built target gtest_main
[0.519s] [ 16%] Built target gtest
[0.528s] [ 25%] Built target udp_receiver_node_exe
[0.539s] [ 33%] Built target udp_sender_node_exe
[0.579s] [ 45%] Built target udp_driver
[0.699s] [35m[1mConsolidate compiler generated dependencies of target udp_driver_nodes[0m
[0.822s] [ 58%] Built target udp_driver_nodes
[0.889s] [35m[1mConsolidate compiler generated dependencies of target test_udp_socket[0m
[0.909s] [35m[1mConsolidate compiler generated dependencies of target udp_bridge_node_exe[0m
[0.937s] [35m[1mConsolidate compiler generated dependencies of target test_udp_data[0m
[0.962s] [35m[1mConsolidate compiler generated dependencies of target test_udp_driver[0m
[0.974s] [35m[1mConsolidate compiler generated dependencies of target test_udp_driver_nodes[0m
[1.012s] [ 66%] Built target test_udp_socket
[1.091s] [ 75%] Built target udp_bridge_node_exe
[1.094s] [ 83%] Built target test_udp_data
[1.119s] [ 91%] Built target test_udp_driver_nodes
[1.120s] [100%] Built target test_udp_driver
[1.167s] Invoked command in '/home/tolasing/ros2_ws/build/udp_driver' returned '0': CMAKE_PREFIX_PATH=/home/tolasing/ros2_ws/install/io_context:/home/tolasing/ros2_ws/install/asio_cmake_module:/home/tolasing/ros2_ws/src/cartographer:/usr/lib/x86_64-linux-gnu/libserial.so:/home/tolasing/ros2_ws/src/cartographer:/usr/lib/x86_64-linux-gnu/libserial.so:/home/tolasing/ros2_ws/install/udp_driver:/home/tolasing/ros2_ws/install/serial_driver:/home/tolasing/ros2_ws/install/motor_control:/home/tolasing/ros2_ws/install/service_pkg:/home/tolasing/ros2_ws/install/nav2_project:/opt/ros/humble:/home/tolasing/ros2_ws/install/serial:/home/tolasing/ros2_ws/install/prototype:/home/tolasing/ros2_ws/install/nav2_course:/home/tolasing/ros2_ws/install/gazebo_sim:/home/tolasing/ros2_ws/install/cartographer_slam:/home/tolasing/ros2_ws/install/cartographer LD_LIBRARY_PATH=/home/tolasing/ros2_ws/install/io_context/lib:/usr/lib/x86_64-linux-gnu:/usr/lib/x86_64-linux-gnu:/home/tolasing/ros2_ws/install/udp_driver/lib:/home/tolasing/ros2_ws/install/serial_driver/lib:/home/tolasing/ros2_ws/install/motor_control/lib:/usr/lib/x86_64-linux-gnu/gazebo-11/plugins:/opt/ros/humble/opt/rviz_ogre_vendor/lib:/opt/ros/humble/lib/x86_64-linux-gnu:/opt/ros/humble/lib /usr/bin/cmake --build /home/tolasing/ros2_ws/build/udp_driver -- -j8 -l8
[1.903s] Invoking command in '/home/tolasing/ros2_ws/build/udp_driver': CMAKE_PREFIX_PATH=/home/tolasing/ros2_ws/install/io_context:/home/tolasing/ros2_ws/install/asio_cmake_module:/home/tolasing/ros2_ws/src/cartographer:/usr/lib/x86_64-linux-gnu/libserial.so:/home/tolasing/ros2_ws/src/cartographer:/usr/lib/x86_64-linux-gnu/libserial.so:/home/tolasing/ros2_ws/install/udp_driver:/home/tolasing/ros2_ws/install/serial_driver:/home/tolasing/ros2_ws/install/motor_control:/home/tolasing/ros2_ws/install/service_pkg:/home/tolasing/ros2_ws/install/nav2_project:/opt/ros/humble:/home/tolasing/ros2_ws/install/serial:/home/tolasing/ros2_ws/install/prototype:/home/tolasing/ros2_ws/install/nav2_course:/home/tolasing/ros2_ws/install/gazebo_sim:/home/tolasing/ros2_ws/install/cartographer_slam:/home/tolasing/ros2_ws/install/cartographer LD_LIBRARY_PATH=/home/tolasing/ros2_ws/install/io_context/lib:/usr/lib/x86_64-linux-gnu:/usr/lib/x86_64-linux-gnu:/home/tolasing/ros2_ws/install/udp_driver/lib:/home/tolasing/ros2_ws/install/serial_driver/lib:/home/tolasing/ros2_ws/install/motor_control/lib:/usr/lib/x86_64-linux-gnu/gazebo-11/plugins:/opt/ros/humble/opt/rviz_ogre_vendor/lib:/opt/ros/humble/lib/x86_64-linux-gnu:/opt/ros/humble/lib /usr/bin/cmake --install /home/tolasing/ros2_ws/build/udp_driver
[1.930s] -- Install configuration: ""
[1.952s] -- Up-to-date: /home/tolasing/ros2_ws/install/udp_driver/lib/udp_driver/udp_receiver_node_exe
[1.953s] -- Up-to-date: /home/tolasing/ros2_ws/install/udp_driver/lib/udp_driver/udp_sender_node_exe
[1.953s] -- Up-to-date: /home/tolasing/ros2_ws/install/udp_driver/include
[1.954s] -- Up-to-date: /home/tolasing/ros2_ws/install/udp_driver/include/udp_driver
[1.954s] -- Up-to-date: /home/tolasing/ros2_ws/install/udp_driver/include/udp_driver/udp_sender_node.hpp
[1.954s] -- Up-to-date: /home/tolasing/ros2_ws/install/udp_driver/include/udp_driver/udp_receiver_node.hpp
[1.954s] -- Up-to-date: /home/tolasing/ros2_ws/install/udp_driver/include/udp_driver/udp_socket.hpp
[1.955s] -- Up-to-date: /home/tolasing/ros2_ws/install/udp_driver/include/udp_driver/visibility_control.hpp
[1.955s] -- Up-to-date: /home/tolasing/ros2_ws/install/udp_driver/include/udp_driver/udp_driver.hpp
[1.955s] -- Up-to-date: /home/tolasing/ros2_ws/install/udp_driver/share/udp_driver/environment/library_path.sh
[1.955s] -- Up-to-date: /home/tolasing/ros2_ws/install/udp_driver/share/udp_driver/environment/library_path.dsv
[1.955s] -- Up-to-date: /home/tolasing/ros2_ws/install/udp_driver/lib/libudp_driver.so
[1.956s] -- Up-to-date: /home/tolasing/ros2_ws/install/udp_driver/lib/libudp_driver_nodes.so
[1.957s] -- Up-to-date: /home/tolasing/ros2_ws/install/udp_driver/lib/udp_driver/udp_bridge_node_exe
[1.958s] -- Up-to-date: /home/tolasing/ros2_ws/install/udp_driver/share/ament_index/resource_index/package_run_dependencies/udp_driver
[1.958s] -- Up-to-date: /home/tolasing/ros2_ws/install/udp_driver/share/ament_index/resource_index/parent_prefix_path/udp_driver
[1.958s] -- Up-to-date: /home/tolasing/ros2_ws/install/udp_driver/share/udp_driver/environment/ament_prefix_path.sh
[1.959s] -- Up-to-date: /home/tolasing/ros2_ws/install/udp_driver/share/udp_driver/environment/ament_prefix_path.dsv
[1.959s] -- Up-to-date: /home/tolasing/ros2_ws/install/udp_driver/share/udp_driver/environment/path.sh
[1.959s] -- Up-to-date: /home/tolasing/ros2_ws/install/udp_driver/share/udp_driver/environment/path.dsv
[1.994s] -- Up-to-date: /home/tolasing/ros2_ws/install/udp_driver/share/udp_driver/local_setup.bash
[1.994s] -- Up-to-date: /home/tolasing/ros2_ws/install/udp_driver/share/udp_driver/local_setup.sh
[1.995s] -- Up-to-date: /home/tolasing/ros2_ws/install/udp_driver/share/udp_driver/local_setup.zsh
[1.995s] -- Up-to-date: /home/tolasing/ros2_ws/install/udp_driver/share/udp_driver/local_setup.dsv
[1.995s] -- Installing: /home/tolasing/ros2_ws/install/udp_driver/share/udp_driver/package.dsv
[1.996s] -- Up-to-date: /home/tolasing/ros2_ws/install/udp_driver/share/ament_index/resource_index/packages/udp_driver
[1.996s] -- Up-to-date: /home/tolasing/ros2_ws/install/udp_driver/share/ament_index/resource_index/rclcpp_components/udp_driver
[1.996s] -- Up-to-date: /home/tolasing/ros2_ws/install/udp_driver/share/udp_driver/cmake/ament_cmake_export_dependencies-extras.cmake
[1.996s] -- Up-to-date: /home/tolasing/ros2_ws/install/udp_driver/share/udp_driver/cmake/ament_cmake_export_include_directories-extras.cmake
[1.996s] -- Up-to-date: /home/tolasing/ros2_ws/install/udp_driver/share/udp_driver/cmake/ament_cmake_export_libraries-extras.cmake
[1.997s] -- Up-to-date: /home/tolasing/ros2_ws/install/udp_driver/share/udp_driver/cmake/udp_driverConfig.cmake
[1.997s] -- Up-to-date: /home/tolasing/ros2_ws/install/udp_driver/share/udp_driver/cmake/udp_driverConfig-version.cmake
[1.997s] -- Up-to-date: /home/tolasing/ros2_ws/install/udp_driver/share/udp_driver/package.xml
[1.997s] Invoked command in '/home/tolasing/ros2_ws/build/udp_driver' returned '0': CMAKE_PREFIX_PATH=/home/tolasing/ros2_ws/install/io_context:/home/tolasing/ros2_ws/install/asio_cmake_module:/home/tolasing/ros2_ws/src/cartographer:/usr/lib/x86_64-linux-gnu/libserial.so:/home/tolasing/ros2_ws/src/cartographer:/usr/lib/x86_64-linux-gnu/libserial.so:/home/tolasing/ros2_ws/install/udp_driver:/home/tolasing/ros2_ws/install/serial_driver:/home/tolasing/ros2_ws/install/motor_control:/home/tolasing/ros2_ws/install/service_pkg:/home/tolasing/ros2_ws/install/nav2_project:/opt/ros/humble:/home/tolasing/ros2_ws/install/serial:/home/tolasing/ros2_ws/install/prototype:/home/tolasing/ros2_ws/install/nav2_course:/home/tolasing/ros2_ws/install/gazebo_sim:/home/tolasing/ros2_ws/install/cartographer_slam:/home/tolasing/ros2_ws/install/cartographer LD_LIBRARY_PATH=/home/tolasing/ros2_ws/install/io_context/lib:/usr/lib/x86_64-linux-gnu:/usr/lib/x86_64-linux-gnu:/home/tolasing/ros2_ws/install/udp_driver/lib:/home/tolasing/ros2_ws/install/serial_driver/lib:/home/tolasing/ros2_ws/install/motor_control/lib:/usr/lib/x86_64-linux-gnu/gazebo-11/plugins:/opt/ros/humble/opt/rviz_ogre_vendor/lib:/opt/ros/humble/lib/x86_64-linux-gnu:/opt/ros/humble/lib /usr/bin/cmake --install /home/tolasing/ros2_ws/build/udp_driver
