[0.885s] Invoking command in '/home/tolasing/ros2_ws/build/path_planner': PYTHONPATH=/home/tolasing/ros2_ws/build/path_planner/prefix_override:/home/tolasing/ros2_ws/install/path_planner/lib/python3.10/site-packages:${PYTHONPATH} /usr/bin/python3 setup.py develop --editable --build-directory /home/tolasing/ros2_ws/build/path_planner/build --no-deps install_data
[1.171s] running develop
[1.172s] /usr/lib/python3/dist-packages/setuptools/command/easy_install.py:158: EasyInstallDeprecationWarning: easy_install command is deprecated. Use build and pip and other standards-based tools.
[1.172s]   warnings.warn(
[1.173s] /usr/lib/python3/dist-packages/setuptools/command/install.py:34: SetuptoolsDeprecationWarning: setup.py install is deprecated. Use build and pip and other standards-based tools.
[1.173s]   warnings.warn(
[1.244s] /usr/lib/python3/dist-packages/pkg_resources/__init__.py:116: PkgResourcesDeprecationWarning: 1.16.0-unknown is an invalid version and will not be supported in a future release
[1.244s]   warnings.warn(
[1.244s] /usr/lib/python3/dist-packages/pkg_resources/__init__.py:116: PkgResourcesDeprecationWarning: 0.1.43ubuntu1 is an invalid version and will not be supported in a future release
[1.245s]   warnings.warn(
[1.245s] /usr/lib/python3/dist-packages/pkg_resources/__init__.py:116: PkgResourcesDeprecationWarning: 1.1build1 is an invalid version and will not be supported in a future release
[1.245s]   warnings.warn(
[1.376s] running egg_info
[1.377s] writing path_planner.egg-info/PKG-INFO
[1.377s] writing dependency_links to path_planner.egg-info/dependency_links.txt
[1.377s] writing entry points to path_planner.egg-info/entry_points.txt
[1.377s] writing requirements to path_planner.egg-info/requires.txt
[1.378s] writing top-level names to path_planner.egg-info/top_level.txt
[1.379s] reading manifest file 'path_planner.egg-info/SOURCES.txt'
[1.380s] writing manifest file 'path_planner.egg-info/SOURCES.txt'
[1.382s] running build_ext
[1.382s] Creating /home/tolasing/ros2_ws/install/path_planner/lib/python3.10/site-packages/path-planner.egg-link (link to .)
[1.383s] Installing navigation_node script to /home/tolasing/ros2_ws/install/path_planner/lib/path_planner
[1.383s] 
[1.383s] Installed /home/tolasing/ros2_ws/build/path_planner
[1.384s] running install_data
[1.384s] copying config/controller_server.yaml -> /home/tolasing/ros2_ws/install/path_planner/share/path_planner/config
[1.435s] Invoked command in '/home/tolasing/ros2_ws/build/path_planner' returned '0': PYTHONPATH=/home/tolasing/ros2_ws/build/path_planner/prefix_override:/home/tolasing/ros2_ws/install/path_planner/lib/python3.10/site-packages:${PYTHONPATH} /usr/bin/python3 setup.py develop --editable --build-directory /home/tolasing/ros2_ws/build/path_planner/build --no-deps install_data
