[0.017s] Invoking command in '/home/tolasing/ros2_ws/build/articubot_one': CMAKE_PREFIX_PATH=/home/tolasing/ros2_ws/src/cartographer:/usr/lib/x86_64-linux-gnu/libserial.so:/home/tolasing/ros2_ws/src/cartographer:/usr/lib/x86_64-linux-gnu/libserial.so:/home/tolasing/ros2_ws/install/serial_driver:/home/tolasing/ros2_ws/install/motor_control:/home/tolasing/ros2_ws/install/path_planner:/opt/ros/humble:/home/tolasing/ros2_ws/install/serial:/home/tolasing/ros2_ws/install/ros2_mapping:/home/tolasing/ros2_ws/install/prototype:/home/tolasing/ros2_ws/install/navigator_planner:/home/tolasing/ros2_ws/install/josh_path:/home/tolasing/ros2_ws/install/io_context:/home/tolasing/ros2_ws/install/gazebo_sim:/home/tolasing/ros2_ws/install/asio_cmake_module /usr/bin/cmake /home/tolasing/ros2_ws/src/articubot_one -DAMENT_CMAKE_SYMLINK_INSTALL=1 -DCMAKE_INSTALL_PREFIX=/home/tolasing/ros2_ws/install/articubot_one
[0.092s] -- The C compiler identification is GNU 11.3.0
[0.163s] -- The CXX compiler identification is GNU 11.3.0
[0.176s] -- Detecting C compiler ABI info
[0.258s] -- Detecting C compiler ABI info - done
[0.270s] -- Check for working C compiler: /usr/bin/cc - skipped
[0.270s] -- Detecting C compile features
[0.271s] -- Detecting C compile features - done
[0.274s] -- Detecting CXX compiler ABI info
[0.366s] -- Detecting CXX compiler ABI info - done
[0.376s] -- Check for working CXX compiler: /usr/bin/c++ - skipped
[0.376s] -- Detecting CXX compile features
[0.376s] -- Detecting CXX compile features - done
[0.380s] -- Found ament_cmake: 1.3.3 (/opt/ros/humble/share/ament_cmake/cmake)
[0.589s] -- Found Python3: /usr/bin/python3.10 (found version "3.10.6") found components: Interpreter 
[0.661s] -- Override CMake install command with custom implementation using symlinks instead of copying resources
[0.745s] -- Found ament_lint_auto: 0.12.5 (/opt/ros/humble/share/ament_lint_auto/cmake)
[0.864s] -- Added test 'copyright' to check source files copyright and LICENSE
[0.871s] -- Added test 'flake8' to check Python code syntax and style conventions
[0.872s] -- Added test 'lint_cmake' to check CMake code style
[0.873s] -- Added test 'pep257' to check Python code against some of the docstring style conventions in PEP 257
[0.878s] -- Added test 'xmllint' to check XML markup files
[0.881s] -- Configuring done
[0.884s] -- Generating done
[0.884s] -- Build files have been written to: /home/tolasing/ros2_ws/build/articubot_one
[0.889s] Invoked command in '/home/tolasing/ros2_ws/build/articubot_one' returned '0': CMAKE_PREFIX_PATH=/home/tolasing/ros2_ws/src/cartographer:/usr/lib/x86_64-linux-gnu/libserial.so:/home/tolasing/ros2_ws/src/cartographer:/usr/lib/x86_64-linux-gnu/libserial.so:/home/tolasing/ros2_ws/install/serial_driver:/home/tolasing/ros2_ws/install/motor_control:/home/tolasing/ros2_ws/install/path_planner:/opt/ros/humble:/home/tolasing/ros2_ws/install/serial:/home/tolasing/ros2_ws/install/ros2_mapping:/home/tolasing/ros2_ws/install/prototype:/home/tolasing/ros2_ws/install/navigator_planner:/home/tolasing/ros2_ws/install/josh_path:/home/tolasing/ros2_ws/install/io_context:/home/tolasing/ros2_ws/install/gazebo_sim:/home/tolasing/ros2_ws/install/asio_cmake_module /usr/bin/cmake /home/tolasing/ros2_ws/src/articubot_one -DAMENT_CMAKE_SYMLINK_INSTALL=1 -DCMAKE_INSTALL_PREFIX=/home/tolasing/ros2_ws/install/articubot_one
[0.892s] Invoking command in '/home/tolasing/ros2_ws/build/articubot_one': CMAKE_PREFIX_PATH=/home/tolasing/ros2_ws/src/cartographer:/usr/lib/x86_64-linux-gnu/libserial.so:/home/tolasing/ros2_ws/src/cartographer:/usr/lib/x86_64-linux-gnu/libserial.so:/home/tolasing/ros2_ws/install/serial_driver:/home/tolasing/ros2_ws/install/motor_control:/home/tolasing/ros2_ws/install/path_planner:/opt/ros/humble:/home/tolasing/ros2_ws/install/serial:/home/tolasing/ros2_ws/install/ros2_mapping:/home/tolasing/ros2_ws/install/prototype:/home/tolasing/ros2_ws/install/navigator_planner:/home/tolasing/ros2_ws/install/josh_path:/home/tolasing/ros2_ws/install/io_context:/home/tolasing/ros2_ws/install/gazebo_sim:/home/tolasing/ros2_ws/install/asio_cmake_module /usr/bin/cmake --build /home/tolasing/ros2_ws/build/articubot_one -- -j8 -l8
[0.944s] Invoked command in '/home/tolasing/ros2_ws/build/articubot_one' returned '0': CMAKE_PREFIX_PATH=/home/tolasing/ros2_ws/src/cartographer:/usr/lib/x86_64-linux-gnu/libserial.so:/home/tolasing/ros2_ws/src/cartographer:/usr/lib/x86_64-linux-gnu/libserial.so:/home/tolasing/ros2_ws/install/serial_driver:/home/tolasing/ros2_ws/install/motor_control:/home/tolasing/ros2_ws/install/path_planner:/opt/ros/humble:/home/tolasing/ros2_ws/install/serial:/home/tolasing/ros2_ws/install/ros2_mapping:/home/tolasing/ros2_ws/install/prototype:/home/tolasing/ros2_ws/install/navigator_planner:/home/tolasing/ros2_ws/install/josh_path:/home/tolasing/ros2_ws/install/io_context:/home/tolasing/ros2_ws/install/gazebo_sim:/home/tolasing/ros2_ws/install/asio_cmake_module /usr/bin/cmake --build /home/tolasing/ros2_ws/build/articubot_one -- -j8 -l8
[0.982s] Invoking command in '/home/tolasing/ros2_ws/build/articubot_one': CMAKE_PREFIX_PATH=/home/tolasing/ros2_ws/src/cartographer:/usr/lib/x86_64-linux-gnu/libserial.so:/home/tolasing/ros2_ws/src/cartographer:/usr/lib/x86_64-linux-gnu/libserial.so:/home/tolasing/ros2_ws/install/serial_driver:/home/tolasing/ros2_ws/install/motor_control:/home/tolasing/ros2_ws/install/path_planner:/opt/ros/humble:/home/tolasing/ros2_ws/install/serial:/home/tolasing/ros2_ws/install/ros2_mapping:/home/tolasing/ros2_ws/install/prototype:/home/tolasing/ros2_ws/install/navigator_planner:/home/tolasing/ros2_ws/install/josh_path:/home/tolasing/ros2_ws/install/io_context:/home/tolasing/ros2_ws/install/gazebo_sim:/home/tolasing/ros2_ws/install/asio_cmake_module /usr/bin/cmake --install /home/tolasing/ros2_ws/build/articubot_one
[0.997s] -- Install configuration: ""
[0.999s] -- Execute custom install script
[1.001s] -- Symlinking: /home/tolasing/ros2_ws/install/articubot_one/share/articubot_one/config/ball_tracker_params_robot.yaml
[1.013s] -- Symlinking: /home/tolasing/ros2_ws/install/articubot_one/share/articubot_one/config/ball_tracker_params_sim.yaml
[1.022s] -- Symlinking: /home/tolasing/ros2_ws/install/articubot_one/share/articubot_one/config/drive_bot.rviz
[1.033s] -- Symlinking: /home/tolasing/ros2_ws/install/articubot_one/share/articubot_one/config/empty.yaml
[1.043s] -- Symlinking: /home/tolasing/ros2_ws/install/articubot_one/share/articubot_one/config/gaz_ros2_ctl_use_sim.yaml
[1.051s] -- Symlinking: /home/tolasing/ros2_ws/install/articubot_one/share/articubot_one/config/gazebo_params.yaml
[1.059s] -- Symlinking: /home/tolasing/ros2_ws/install/articubot_one/share/articubot_one/config/joystick.yaml
[1.067s] -- Symlinking: /home/tolasing/ros2_ws/install/articubot_one/share/articubot_one/config/main.rviz
[1.076s] -- Symlinking: /home/tolasing/ros2_ws/install/articubot_one/share/articubot_one/config/map.rviz
[1.085s] -- Symlinking: /home/tolasing/ros2_ws/install/articubot_one/share/articubot_one/config/mapper_params_online_async.yaml
[1.095s] -- Symlinking: /home/tolasing/ros2_ws/install/articubot_one/share/articubot_one/config/my_controllers.yaml
[1.104s] -- Symlinking: /home/tolasing/ros2_ws/install/articubot_one/share/articubot_one/config/nav2_params.yaml
[1.114s] -- Symlinking: /home/tolasing/ros2_ws/install/articubot_one/share/articubot_one/config/twist_mux.yaml
[1.125s] -- Symlinking: /home/tolasing/ros2_ws/install/articubot_one/share/articubot_one/config/view_bot.rviz
[1.137s] -- Symlinking: /home/tolasing/ros2_ws/install/articubot_one/share/articubot_one/description/camera.xacro
[1.144s] -- Symlinking: /home/tolasing/ros2_ws/install/articubot_one/share/articubot_one/description/depth_camera.xacro
[1.152s] -- Symlinking: /home/tolasing/ros2_ws/install/articubot_one/share/articubot_one/description/face.xacro
[1.161s] -- Symlinking: /home/tolasing/ros2_ws/install/articubot_one/share/articubot_one/description/gazebo_control.xacro
[1.169s] -- Symlinking: /home/tolasing/ros2_ws/install/articubot_one/share/articubot_one/description/inertial_macros.xacro
[1.177s] -- Symlinking: /home/tolasing/ros2_ws/install/articubot_one/share/articubot_one/description/lidar.xacro
[1.185s] -- Symlinking: /home/tolasing/ros2_ws/install/articubot_one/share/articubot_one/description/robot.urdf.xacro
[1.193s] -- Symlinking: /home/tolasing/ros2_ws/install/articubot_one/share/articubot_one/description/robot_core.xacro
[1.210s] -- Symlinking: /home/tolasing/ros2_ws/install/articubot_one/share/articubot_one/description/ros2_control.xacro
[1.227s] -- Symlinking: /home/tolasing/ros2_ws/install/articubot_one/share/articubot_one/launch/ball_tracker.launch.py
[1.244s] -- Symlinking: /home/tolasing/ros2_ws/install/articubot_one/share/articubot_one/launch/camera.launch.py
[1.260s] -- Symlinking: /home/tolasing/ros2_ws/install/articubot_one/share/articubot_one/launch/joystick.launch.py
[1.276s] -- Symlinking: /home/tolasing/ros2_ws/install/articubot_one/share/articubot_one/launch/launch_robot.launch.py
[1.292s] -- Symlinking: /home/tolasing/ros2_ws/install/articubot_one/share/articubot_one/launch/launch_sim.launch.py
[1.309s] -- Symlinking: /home/tolasing/ros2_ws/install/articubot_one/share/articubot_one/launch/localization_launch.py
[1.318s] -- Symlinking: /home/tolasing/ros2_ws/install/articubot_one/share/articubot_one/launch/navigation_launch.py
[1.327s] -- Symlinking: /home/tolasing/ros2_ws/install/articubot_one/share/articubot_one/launch/online_async_launch.py
[1.334s] -- Symlinking: /home/tolasing/ros2_ws/install/articubot_one/share/articubot_one/launch/rplidar.launch.py
[1.350s] -- Symlinking: /home/tolasing/ros2_ws/install/articubot_one/share/articubot_one/launch/rsp.launch.py
[1.366s] -- Symlinking: /home/tolasing/ros2_ws/install/articubot_one/share/articubot_one/worlds/empty.world
[1.381s] -- Symlinking: /home/tolasing/ros2_ws/install/articubot_one/share/articubot_one/worlds/obstacles.world
[1.398s] -- Symlinking: /home/tolasing/ros2_ws/install/articubot_one/share/ament_index/resource_index/package_run_dependencies/articubot_one
[1.415s] -- Symlinking: /home/tolasing/ros2_ws/install/articubot_one/share/ament_index/resource_index/parent_prefix_path/articubot_one
[1.432s] -- Symlinking: /home/tolasing/ros2_ws/install/articubot_one/share/articubot_one/environment/ament_prefix_path.sh
[1.448s] -- Symlinking: /home/tolasing/ros2_ws/install/articubot_one/share/articubot_one/environment/ament_prefix_path.dsv
[1.465s] -- Symlinking: /home/tolasing/ros2_ws/install/articubot_one/share/articubot_one/environment/path.sh
[1.481s] -- Symlinking: /home/tolasing/ros2_ws/install/articubot_one/share/articubot_one/environment/path.dsv
[1.497s] -- Symlinking: /home/tolasing/ros2_ws/install/articubot_one/share/articubot_one/local_setup.bash
[1.515s] -- Symlinking: /home/tolasing/ros2_ws/install/articubot_one/share/articubot_one/local_setup.sh
[1.532s] -- Symlinking: /home/tolasing/ros2_ws/install/articubot_one/share/articubot_one/local_setup.zsh
[1.549s] -- Symlinking: /home/tolasing/ros2_ws/install/articubot_one/share/articubot_one/local_setup.dsv
[1.564s] -- Symlinking: /home/tolasing/ros2_ws/install/articubot_one/share/articubot_one/package.dsv
[1.580s] -- Symlinking: /home/tolasing/ros2_ws/install/articubot_one/share/ament_index/resource_index/packages/articubot_one
[1.596s] -- Symlinking: /home/tolasing/ros2_ws/install/articubot_one/share/articubot_one/cmake/articubot_oneConfig.cmake
[1.612s] -- Symlinking: /home/tolasing/ros2_ws/install/articubot_one/share/articubot_one/cmake/articubot_oneConfig-version.cmake
[1.629s] -- Symlinking: /home/tolasing/ros2_ws/install/articubot_one/share/articubot_one/package.xml
[1.647s] Invoked command in '/home/tolasing/ros2_ws/build/articubot_one' returned '0': CMAKE_PREFIX_PATH=/home/tolasing/ros2_ws/src/cartographer:/usr/lib/x86_64-linux-gnu/libserial.so:/home/tolasing/ros2_ws/src/cartographer:/usr/lib/x86_64-linux-gnu/libserial.so:/home/tolasing/ros2_ws/install/serial_driver:/home/tolasing/ros2_ws/install/motor_control:/home/tolasing/ros2_ws/install/path_planner:/opt/ros/humble:/home/tolasing/ros2_ws/install/serial:/home/tolasing/ros2_ws/install/ros2_mapping:/home/tolasing/ros2_ws/install/prototype:/home/tolasing/ros2_ws/install/navigator_planner:/home/tolasing/ros2_ws/install/josh_path:/home/tolasing/ros2_ws/install/io_context:/home/tolasing/ros2_ws/install/gazebo_sim:/home/tolasing/ros2_ws/install/asio_cmake_module /usr/bin/cmake --install /home/tolasing/ros2_ws/build/articubot_one
