-- Found ament_cmake_auto: 1.3.3 (/opt/ros/humble/share/ament_cmake_auto/cmake)
-- Override CMake install command with custom implementation using symlinks instead of copying resources
-- Found rosidl_generator_c: 3.1.4 (/opt/ros/humble/share/rosidl_generator_c/cmake)
-- Found rosidl_adapter: 3.1.4 (/opt/ros/humble/share/rosidl_adapter/cmake)
-- Found rosidl_generator_cpp: 3.1.4 (/opt/ros/humble/share/rosidl_generator_cpp/cmake)
-- Using all available rosidl_typesupport_c: rosidl_typesupport_fastrtps_c;rosidl_typesupport_introspection_c
-- Using all available rosidl_typesupport_cpp: rosidl_typesupport_fastrtps_cpp;rosidl_typesupport_introspection_cpp
-- Found rmw_implementation_cmake: 6.1.1 (/opt/ros/humble/share/rmw_implementation_cmake/cmake)
-- Found rmw_fastrtps_cpp: 6.2.2 (/opt/ros/humble/share/rmw_fastrtps_cpp/cmake)
-- Using RMW implementation 'rmw_fastrtps_cpp' as default
-- Found ament_lint_auto: 0.12.5 (/opt/ros/humble/share/ament_lint_auto/cmake)
-- Found gtest sources under '/opt/ros/humble/src/gtest_vendor': C++ tests using 'Google Test' will be built
-- Added test 'copyright' to check source files copyright and LICENSE
-- Added test 'cppcheck' to perform static code analysis on C / C++ code
-- Configured cppcheck include dirs: /home/tolasing/ros2_ws/src/transport_drivers/serial_driver/include
-- Configured cppcheck exclude dirs and/or files: 
-- Added test 'cpplint' to check C / C++ code against the Google style
-- Configured cpplint exclude dirs and/or files: 
-- Added test 'flake8' to check Python code syntax and style conventions
-- Added test 'lint_cmake' to check CMake code style
-- Added test 'pep257' to check Python code against some of the docstring style conventions in PEP 257
-- Added test 'uncrustify' to check C / C++ code style
-- Configured uncrustify additional arguments: 
-- Added test 'xmllint' to check XML markup files
-- Configuring done
-- Generating done
-- Build files have been written to: /home/tolasing/ros2_ws/build/serial_driver
[35m[1mConsolidate compiler generated dependencies of target gtest[0m
[35m[1mConsolidate compiler generated dependencies of target gtest_main[0m
[35m[1mConsolidate compiler generated dependencies of target serial_bridge[0m
[35m[1mConsolidate compiler generated dependencies of target serial_driver[0m
[ 13%] Built target gtest
[ 26%] Built target gtest_main
[ 33%] [32m[1mLinking CXX executable serial_bridge[0m
[ 40%] [32m[1mLinking CXX shared library libserial_driver.so[0m
[ 46%] Built target serial_bridge
[ 60%] Built target serial_driver
[35m[1mConsolidate compiler generated dependencies of target serial_driver_nodes[0m
[35m[1mConsolidate compiler generated dependencies of target test_serial_driver[0m
[35m[1mConsolidate compiler generated dependencies of target test_serial_port[0m
[ 66%] [32m[1mLinking CXX executable test_serial_driver[0m
[ 73%] [32m[1mLinking CXX shared library libserial_driver_nodes.so[0m
[ 80%] [32m[1mLinking CXX executable test_serial_port[0m
[ 86%] Built target test_serial_port
[ 93%] Built target test_serial_driver
[100%] Built target serial_driver_nodes
-- Install configuration: ""
-- Execute custom install script
-- Symlinking: /home/tolasing/ros2_ws/install/serial_driver/lib/serial_driver/serial_bridge
-- Symlinking: /home/tolasing/ros2_ws/install/serial_driver/include/serial_driver/serial_bridge_node.hpp
-- Symlinking: /home/tolasing/ros2_ws/install/serial_driver/include/serial_driver/serial_driver.hpp
-- Symlinking: /home/tolasing/ros2_ws/install/serial_driver/include/serial_driver/serial_port.hpp
-- Symlinking: /home/tolasing/ros2_ws/install/serial_driver/include/serial_driver/visibility_control.hpp
-- Symlinking: /home/tolasing/ros2_ws/install/serial_driver/share/serial_driver/environment/library_path.sh
-- Symlinking: /home/tolasing/ros2_ws/install/serial_driver/share/serial_driver/environment/library_path.dsv
-- Symlinking: /home/tolasing/ros2_ws/install/serial_driver/lib/libserial_driver.so
-- Symlinking: /home/tolasing/ros2_ws/install/serial_driver/lib/libserial_driver_nodes.so
-- Symlinking: /home/tolasing/ros2_ws/install/serial_driver/share/serial_driver/launch/serial_driver_bridge_node.launch.py
-- Symlinking: /home/tolasing/ros2_ws/install/serial_driver/share/serial_driver/params/example.params.yaml
-- Symlinking: /home/tolasing/ros2_ws/install/serial_driver/share/ament_index/resource_index/package_run_dependencies/serial_driver
-- Symlinking: /home/tolasing/ros2_ws/install/serial_driver/share/ament_index/resource_index/parent_prefix_path/serial_driver
-- Symlinking: /home/tolasing/ros2_ws/install/serial_driver/share/serial_driver/environment/ament_prefix_path.sh
-- Symlinking: /home/tolasing/ros2_ws/install/serial_driver/share/serial_driver/environment/ament_prefix_path.dsv
-- Symlinking: /home/tolasing/ros2_ws/install/serial_driver/share/serial_driver/environment/path.sh
-- Symlinking: /home/tolasing/ros2_ws/install/serial_driver/share/serial_driver/environment/path.dsv
-- Symlinking: /home/tolasing/ros2_ws/install/serial_driver/share/serial_driver/local_setup.bash
-- Symlinking: /home/tolasing/ros2_ws/install/serial_driver/share/serial_driver/local_setup.sh
-- Symlinking: /home/tolasing/ros2_ws/install/serial_driver/share/serial_driver/local_setup.zsh
-- Symlinking: /home/tolasing/ros2_ws/install/serial_driver/share/serial_driver/local_setup.dsv
-- Symlinking: /home/tolasing/ros2_ws/install/serial_driver/share/serial_driver/package.dsv
-- Symlinking: /home/tolasing/ros2_ws/install/serial_driver/share/ament_index/resource_index/packages/serial_driver
-- Symlinking: /home/tolasing/ros2_ws/install/serial_driver/share/ament_index/resource_index/rclcpp_components/serial_driver
-- Symlinking: /home/tolasing/ros2_ws/install/serial_driver/share/serial_driver/cmake/ament_cmake_export_dependencies-extras.cmake
-- Symlinking: /home/tolasing/ros2_ws/install/serial_driver/share/serial_driver/cmake/ament_cmake_export_include_directories-extras.cmake
-- Symlinking: /home/tolasing/ros2_ws/install/serial_driver/share/serial_driver/cmake/ament_cmake_export_libraries-extras.cmake
-- Symlinking: /home/tolasing/ros2_ws/install/serial_driver/share/serial_driver/cmake/serial_driverConfig.cmake
-- Symlinking: /home/tolasing/ros2_ws/install/serial_driver/share/serial_driver/cmake/serial_driverConfig-version.cmake
-- Symlinking: /home/tolasing/ros2_ws/install/serial_driver/share/serial_driver/package.xml
