[0.019s] Invoking command in '/home/tolasing/ros2_ws/build/serial_driver': CMAKE_PREFIX_PATH=/home/tolasing/ros2_ws/install/io_context:/home/tolasing/ros2_ws/install/asio_cmake_module:/home/tolasing/ros2_ws/src/cartographer:/usr/lib/x86_64-linux-gnu/libserial.so:/home/tolasing/ros2_ws/src/cartographer:/usr/lib/x86_64-linux-gnu/libserial.so:/home/tolasing/ros2_ws/install/udp_driver:/home/tolasing/ros2_ws/install/serial_driver:/home/tolasing/ros2_ws/install/motor_control:/home/tolasing/ros2_ws/install/service_pkg:/home/tolasing/ros2_ws/install/nav2_project:/opt/ros/humble:/home/tolasing/ros2_ws/install/serial:/home/tolasing/ros2_ws/install/prototype:/home/tolasing/ros2_ws/install/nav2_course:/home/tolasing/ros2_ws/install/gazebo_sim:/home/tolasing/ros2_ws/install/cartographer_slam:/home/tolasing/ros2_ws/install/cartographer LD_LIBRARY_PATH=/home/tolasing/ros2_ws/install/io_context/lib:/usr/lib/x86_64-linux-gnu:/usr/lib/x86_64-linux-gnu:/home/tolasing/ros2_ws/install/udp_driver/lib:/home/tolasing/ros2_ws/install/serial_driver/lib:/home/tolasing/ros2_ws/install/motor_control/lib:/usr/lib/x86_64-linux-gnu/gazebo-11/plugins:/opt/ros/humble/opt/rviz_ogre_vendor/lib:/opt/ros/humble/lib/x86_64-linux-gnu:/opt/ros/humble/lib /usr/bin/cmake /home/tolasing/ros2_ws/src/transport_drivers/serial_driver -DAMENT_CMAKE_SYMLINK_INSTALL=1 -DCMAKE_INSTALL_PREFIX=/home/tolasing/ros2_ws/install/serial_driver
[0.036s] -- Found ament_cmake_auto: 1.3.3 (/opt/ros/humble/share/ament_cmake_auto/cmake)
[0.218s] -- Override CMake install command with custom implementation using symlinks instead of copying resources
[0.373s] -- Found rosidl_generator_c: 3.1.4 (/opt/ros/humble/share/rosidl_generator_c/cmake)
[0.373s] -- Found rosidl_adapter: 3.1.4 (/opt/ros/humble/share/rosidl_adapter/cmake)
[0.379s] -- Found rosidl_generator_cpp: 3.1.4 (/opt/ros/humble/share/rosidl_generator_cpp/cmake)
[0.397s] -- Using all available rosidl_typesupport_c: rosidl_typesupport_fastrtps_c;rosidl_typesupport_introspection_c
[0.415s] -- Using all available rosidl_typesupport_cpp: rosidl_typesupport_fastrtps_cpp;rosidl_typesupport_introspection_cpp
[0.503s] -- Found rmw_implementation_cmake: 6.1.1 (/opt/ros/humble/share/rmw_implementation_cmake/cmake)
[0.505s] -- Found rmw_fastrtps_cpp: 6.2.2 (/opt/ros/humble/share/rmw_fastrtps_cpp/cmake)
[0.647s] -- Using RMW implementation 'rmw_fastrtps_cpp' as default
[1.113s] -- Found ament_lint_auto: 0.12.5 (/opt/ros/humble/share/ament_lint_auto/cmake)
[1.119s] -- Found gtest sources under '/opt/ros/humble/src/gtest_vendor': C++ tests using 'Google Test' will be built
[1.135s] -- Added test 'copyright' to check source files copyright and LICENSE
[1.137s] -- Added test 'cppcheck' to perform static code analysis on C / C++ code
[1.137s] -- Configured cppcheck include dirs: /home/tolasing/ros2_ws/src/transport_drivers/serial_driver/include
[1.137s] -- Configured cppcheck exclude dirs and/or files: 
[1.138s] -- Added test 'cpplint' to check C / C++ code against the Google style
[1.138s] -- Configured cpplint exclude dirs and/or files: 
[1.139s] -- Added test 'flake8' to check Python code syntax and style conventions
[1.139s] -- Added test 'lint_cmake' to check CMake code style
[1.139s] -- Added test 'pep257' to check Python code against some of the docstring style conventions in PEP 257
[1.140s] -- Added test 'uncrustify' to check C / C++ code style
[1.141s] -- Configured uncrustify additional arguments: 
[1.141s] -- Added test 'xmllint' to check XML markup files
[1.145s] -- Configuring done
[1.216s] -- Generating done
[1.218s] -- Build files have been written to: /home/tolasing/ros2_ws/build/serial_driver
[1.228s] Invoked command in '/home/tolasing/ros2_ws/build/serial_driver' returned '0': CMAKE_PREFIX_PATH=/home/tolasing/ros2_ws/install/io_context:/home/tolasing/ros2_ws/install/asio_cmake_module:/home/tolasing/ros2_ws/src/cartographer:/usr/lib/x86_64-linux-gnu/libserial.so:/home/tolasing/ros2_ws/src/cartographer:/usr/lib/x86_64-linux-gnu/libserial.so:/home/tolasing/ros2_ws/install/udp_driver:/home/tolasing/ros2_ws/install/serial_driver:/home/tolasing/ros2_ws/install/motor_control:/home/tolasing/ros2_ws/install/service_pkg:/home/tolasing/ros2_ws/install/nav2_project:/opt/ros/humble:/home/tolasing/ros2_ws/install/serial:/home/tolasing/ros2_ws/install/prototype:/home/tolasing/ros2_ws/install/nav2_course:/home/tolasing/ros2_ws/install/gazebo_sim:/home/tolasing/ros2_ws/install/cartographer_slam:/home/tolasing/ros2_ws/install/cartographer LD_LIBRARY_PATH=/home/tolasing/ros2_ws/install/io_context/lib:/usr/lib/x86_64-linux-gnu:/usr/lib/x86_64-linux-gnu:/home/tolasing/ros2_ws/install/udp_driver/lib:/home/tolasing/ros2_ws/install/serial_driver/lib:/home/tolasing/ros2_ws/install/motor_control/lib:/usr/lib/x86_64-linux-gnu/gazebo-11/plugins:/opt/ros/humble/opt/rviz_ogre_vendor/lib:/opt/ros/humble/lib/x86_64-linux-gnu:/opt/ros/humble/lib /usr/bin/cmake /home/tolasing/ros2_ws/src/transport_drivers/serial_driver -DAMENT_CMAKE_SYMLINK_INSTALL=1 -DCMAKE_INSTALL_PREFIX=/home/tolasing/ros2_ws/install/serial_driver
[1.230s] Invoking command in '/home/tolasing/ros2_ws/build/serial_driver': CMAKE_PREFIX_PATH=/home/tolasing/ros2_ws/install/io_context:/home/tolasing/ros2_ws/install/asio_cmake_module:/home/tolasing/ros2_ws/src/cartographer:/usr/lib/x86_64-linux-gnu/libserial.so:/home/tolasing/ros2_ws/src/cartographer:/usr/lib/x86_64-linux-gnu/libserial.so:/home/tolasing/ros2_ws/install/udp_driver:/home/tolasing/ros2_ws/install/serial_driver:/home/tolasing/ros2_ws/install/motor_control:/home/tolasing/ros2_ws/install/service_pkg:/home/tolasing/ros2_ws/install/nav2_project:/opt/ros/humble:/home/tolasing/ros2_ws/install/serial:/home/tolasing/ros2_ws/install/prototype:/home/tolasing/ros2_ws/install/nav2_course:/home/tolasing/ros2_ws/install/gazebo_sim:/home/tolasing/ros2_ws/install/cartographer_slam:/home/tolasing/ros2_ws/install/cartographer LD_LIBRARY_PATH=/home/tolasing/ros2_ws/install/io_context/lib:/usr/lib/x86_64-linux-gnu:/usr/lib/x86_64-linux-gnu:/home/tolasing/ros2_ws/install/udp_driver/lib:/home/tolasing/ros2_ws/install/serial_driver/lib:/home/tolasing/ros2_ws/install/motor_control/lib:/usr/lib/x86_64-linux-gnu/gazebo-11/plugins:/opt/ros/humble/opt/rviz_ogre_vendor/lib:/opt/ros/humble/lib/x86_64-linux-gnu:/opt/ros/humble/lib /usr/bin/cmake --build /home/tolasing/ros2_ws/build/serial_driver -- -j8 -l8
[1.283s] [35m[1mConsolidate compiler generated dependencies of target gtest[0m
[1.285s] [35m[1mConsolidate compiler generated dependencies of target gtest_main[0m
[1.285s] [35m[1mConsolidate compiler generated dependencies of target serial_bridge[0m
[1.291s] [35m[1mConsolidate compiler generated dependencies of target serial_driver[0m
[1.301s] [ 13%] Built target gtest
[1.304s] [ 26%] Built target gtest_main
[1.309s] [ 33%] [32m[1mLinking CXX executable serial_bridge[0m
[1.322s] [ 40%] [32m[1mLinking CXX shared library libserial_driver.so[0m
[1.528s] [ 46%] Built target serial_bridge
[1.569s] [ 60%] Built target serial_driver
[1.597s] [35m[1mConsolidate compiler generated dependencies of target serial_driver_nodes[0m
[1.597s] [35m[1mConsolidate compiler generated dependencies of target test_serial_driver[0m
[1.603s] [35m[1mConsolidate compiler generated dependencies of target test_serial_port[0m
[1.631s] [ 66%] [32m[1mLinking CXX executable test_serial_driver[0m
[1.634s] [ 73%] [32m[1mLinking CXX shared library libserial_driver_nodes.so[0m
[1.634s] [ 80%] [32m[1mLinking CXX executable test_serial_port[0m
[2.134s] [ 86%] Built target test_serial_port
[2.154s] [ 93%] Built target test_serial_driver
[2.752s] [100%] Built target serial_driver_nodes
[2.774s] Invoked command in '/home/tolasing/ros2_ws/build/serial_driver' returned '0': CMAKE_PREFIX_PATH=/home/tolasing/ros2_ws/install/io_context:/home/tolasing/ros2_ws/install/asio_cmake_module:/home/tolasing/ros2_ws/src/cartographer:/usr/lib/x86_64-linux-gnu/libserial.so:/home/tolasing/ros2_ws/src/cartographer:/usr/lib/x86_64-linux-gnu/libserial.so:/home/tolasing/ros2_ws/install/udp_driver:/home/tolasing/ros2_ws/install/serial_driver:/home/tolasing/ros2_ws/install/motor_control:/home/tolasing/ros2_ws/install/service_pkg:/home/tolasing/ros2_ws/install/nav2_project:/opt/ros/humble:/home/tolasing/ros2_ws/install/serial:/home/tolasing/ros2_ws/install/prototype:/home/tolasing/ros2_ws/install/nav2_course:/home/tolasing/ros2_ws/install/gazebo_sim:/home/tolasing/ros2_ws/install/cartographer_slam:/home/tolasing/ros2_ws/install/cartographer LD_LIBRARY_PATH=/home/tolasing/ros2_ws/install/io_context/lib:/usr/lib/x86_64-linux-gnu:/usr/lib/x86_64-linux-gnu:/home/tolasing/ros2_ws/install/udp_driver/lib:/home/tolasing/ros2_ws/install/serial_driver/lib:/home/tolasing/ros2_ws/install/motor_control/lib:/usr/lib/x86_64-linux-gnu/gazebo-11/plugins:/opt/ros/humble/opt/rviz_ogre_vendor/lib:/opt/ros/humble/lib/x86_64-linux-gnu:/opt/ros/humble/lib /usr/bin/cmake --build /home/tolasing/ros2_ws/build/serial_driver -- -j8 -l8
[2.830s] Invoking command in '/home/tolasing/ros2_ws/build/serial_driver': CMAKE_PREFIX_PATH=/home/tolasing/ros2_ws/install/io_context:/home/tolasing/ros2_ws/install/asio_cmake_module:/home/tolasing/ros2_ws/src/cartographer:/usr/lib/x86_64-linux-gnu/libserial.so:/home/tolasing/ros2_ws/src/cartographer:/usr/lib/x86_64-linux-gnu/libserial.so:/home/tolasing/ros2_ws/install/udp_driver:/home/tolasing/ros2_ws/install/serial_driver:/home/tolasing/ros2_ws/install/motor_control:/home/tolasing/ros2_ws/install/service_pkg:/home/tolasing/ros2_ws/install/nav2_project:/opt/ros/humble:/home/tolasing/ros2_ws/install/serial:/home/tolasing/ros2_ws/install/prototype:/home/tolasing/ros2_ws/install/nav2_course:/home/tolasing/ros2_ws/install/gazebo_sim:/home/tolasing/ros2_ws/install/cartographer_slam:/home/tolasing/ros2_ws/install/cartographer LD_LIBRARY_PATH=/home/tolasing/ros2_ws/install/io_context/lib:/usr/lib/x86_64-linux-gnu:/usr/lib/x86_64-linux-gnu:/home/tolasing/ros2_ws/install/udp_driver/lib:/home/tolasing/ros2_ws/install/serial_driver/lib:/home/tolasing/ros2_ws/install/motor_control/lib:/usr/lib/x86_64-linux-gnu/gazebo-11/plugins:/opt/ros/humble/opt/rviz_ogre_vendor/lib:/opt/ros/humble/lib/x86_64-linux-gnu:/opt/ros/humble/lib /usr/bin/cmake --install /home/tolasing/ros2_ws/build/serial_driver
[2.845s] -- Install configuration: ""
[2.846s] -- Execute custom install script
[2.847s] -- Symlinking: /home/tolasing/ros2_ws/install/serial_driver/lib/serial_driver/serial_bridge
[2.858s] -- Symlinking: /home/tolasing/ros2_ws/install/serial_driver/include/serial_driver/serial_bridge_node.hpp
[2.868s] -- Symlinking: /home/tolasing/ros2_ws/install/serial_driver/include/serial_driver/serial_driver.hpp
[2.877s] -- Symlinking: /home/tolasing/ros2_ws/install/serial_driver/include/serial_driver/serial_port.hpp
[2.886s] -- Symlinking: /home/tolasing/ros2_ws/install/serial_driver/include/serial_driver/visibility_control.hpp
[2.898s] -- Symlinking: /home/tolasing/ros2_ws/install/serial_driver/share/serial_driver/environment/library_path.sh
[2.907s] -- Symlinking: /home/tolasing/ros2_ws/install/serial_driver/share/serial_driver/environment/library_path.dsv
[2.916s] -- Symlinking: /home/tolasing/ros2_ws/install/serial_driver/lib/libserial_driver.so
[2.924s] -- Symlinking: /home/tolasing/ros2_ws/install/serial_driver/lib/libserial_driver_nodes.so
[2.932s] -- Symlinking: /home/tolasing/ros2_ws/install/serial_driver/share/serial_driver/launch/serial_driver_bridge_node.launch.py
[2.941s] -- Symlinking: /home/tolasing/ros2_ws/install/serial_driver/share/serial_driver/params/example.params.yaml
[2.949s] -- Symlinking: /home/tolasing/ros2_ws/install/serial_driver/share/ament_index/resource_index/package_run_dependencies/serial_driver
[2.958s] -- Symlinking: /home/tolasing/ros2_ws/install/serial_driver/share/ament_index/resource_index/parent_prefix_path/serial_driver
[2.977s] -- Symlinking: /home/tolasing/ros2_ws/install/serial_driver/share/serial_driver/environment/ament_prefix_path.sh
[2.987s] -- Symlinking: /home/tolasing/ros2_ws/install/serial_driver/share/serial_driver/environment/ament_prefix_path.dsv
[2.995s] -- Symlinking: /home/tolasing/ros2_ws/install/serial_driver/share/serial_driver/environment/path.sh
[3.002s] -- Symlinking: /home/tolasing/ros2_ws/install/serial_driver/share/serial_driver/environment/path.dsv
[3.010s] -- Symlinking: /home/tolasing/ros2_ws/install/serial_driver/share/serial_driver/local_setup.bash
[3.018s] -- Symlinking: /home/tolasing/ros2_ws/install/serial_driver/share/serial_driver/local_setup.sh
[3.026s] -- Symlinking: /home/tolasing/ros2_ws/install/serial_driver/share/serial_driver/local_setup.zsh
[3.033s] -- Symlinking: /home/tolasing/ros2_ws/install/serial_driver/share/serial_driver/local_setup.dsv
[3.041s] -- Symlinking: /home/tolasing/ros2_ws/install/serial_driver/share/serial_driver/package.dsv
[3.049s] -- Symlinking: /home/tolasing/ros2_ws/install/serial_driver/share/ament_index/resource_index/packages/serial_driver
[3.057s] -- Symlinking: /home/tolasing/ros2_ws/install/serial_driver/share/ament_index/resource_index/rclcpp_components/serial_driver
[3.073s] -- Symlinking: /home/tolasing/ros2_ws/install/serial_driver/share/serial_driver/cmake/ament_cmake_export_dependencies-extras.cmake
[3.083s] -- Symlinking: /home/tolasing/ros2_ws/install/serial_driver/share/serial_driver/cmake/ament_cmake_export_include_directories-extras.cmake
[3.100s] -- Symlinking: /home/tolasing/ros2_ws/install/serial_driver/share/serial_driver/cmake/ament_cmake_export_libraries-extras.cmake
[3.109s] -- Symlinking: /home/tolasing/ros2_ws/install/serial_driver/share/serial_driver/cmake/serial_driverConfig.cmake
[3.117s] -- Symlinking: /home/tolasing/ros2_ws/install/serial_driver/share/serial_driver/cmake/serial_driverConfig-version.cmake
[3.124s] -- Symlinking: /home/tolasing/ros2_ws/install/serial_driver/share/serial_driver/package.xml
[3.140s] Invoked command in '/home/tolasing/ros2_ws/build/serial_driver' returned '0': CMAKE_PREFIX_PATH=/home/tolasing/ros2_ws/install/io_context:/home/tolasing/ros2_ws/install/asio_cmake_module:/home/tolasing/ros2_ws/src/cartographer:/usr/lib/x86_64-linux-gnu/libserial.so:/home/tolasing/ros2_ws/src/cartographer:/usr/lib/x86_64-linux-gnu/libserial.so:/home/tolasing/ros2_ws/install/udp_driver:/home/tolasing/ros2_ws/install/serial_driver:/home/tolasing/ros2_ws/install/motor_control:/home/tolasing/ros2_ws/install/service_pkg:/home/tolasing/ros2_ws/install/nav2_project:/opt/ros/humble:/home/tolasing/ros2_ws/install/serial:/home/tolasing/ros2_ws/install/prototype:/home/tolasing/ros2_ws/install/nav2_course:/home/tolasing/ros2_ws/install/gazebo_sim:/home/tolasing/ros2_ws/install/cartographer_slam:/home/tolasing/ros2_ws/install/cartographer LD_LIBRARY_PATH=/home/tolasing/ros2_ws/install/io_context/lib:/usr/lib/x86_64-linux-gnu:/usr/lib/x86_64-linux-gnu:/home/tolasing/ros2_ws/install/udp_driver/lib:/home/tolasing/ros2_ws/install/serial_driver/lib:/home/tolasing/ros2_ws/install/motor_control/lib:/usr/lib/x86_64-linux-gnu/gazebo-11/plugins:/opt/ros/humble/opt/rviz_ogre_vendor/lib:/opt/ros/humble/lib/x86_64-linux-gnu:/opt/ros/humble/lib /usr/bin/cmake --install /home/tolasing/ros2_ws/build/serial_driver
