[0.028s] Invoking command in '/home/tolasing/ros2_ws/build/navigator_planner': CMAKE_PREFIX_PATH=/home/tolasing/ros2_ws/src/cartographer:/usr/lib/x86_64-linux-gnu/libserial.so:/home/tolasing/ros2_ws/src/cartographer:/usr/lib/x86_64-linux-gnu/libserial.so:/home/tolasing/ros2_ws/install/serial_driver:/home/tolasing/ros2_ws/install/motor_control:/home/tolasing/ros2_ws/install/path_planner:/opt/ros/humble:/home/tolasing/ros2_ws/install/serial:/home/tolasing/ros2_ws/install/ros2_mapping:/home/tolasing/ros2_ws/install/prototype:/home/tolasing/ros2_ws/install/navigator_planner:/home/tolasing/ros2_ws/install/io_context:/home/tolasing/ros2_ws/install/gazebo_sim:/home/tolasing/ros2_ws/install/asio_cmake_module /usr/bin/cmake --build /home/tolasing/ros2_ws/build/navigator_planner -- -j8 -l8
[0.148s] Invoked command in '/home/tolasing/ros2_ws/build/navigator_planner' returned '0': CMAKE_PREFIX_PATH=/home/tolasing/ros2_ws/src/cartographer:/usr/lib/x86_64-linux-gnu/libserial.so:/home/tolasing/ros2_ws/src/cartographer:/usr/lib/x86_64-linux-gnu/libserial.so:/home/tolasing/ros2_ws/install/serial_driver:/home/tolasing/ros2_ws/install/motor_control:/home/tolasing/ros2_ws/install/path_planner:/opt/ros/humble:/home/tolasing/ros2_ws/install/serial:/home/tolasing/ros2_ws/install/ros2_mapping:/home/tolasing/ros2_ws/install/prototype:/home/tolasing/ros2_ws/install/navigator_planner:/home/tolasing/ros2_ws/install/io_context:/home/tolasing/ros2_ws/install/gazebo_sim:/home/tolasing/ros2_ws/install/asio_cmake_module /usr/bin/cmake --build /home/tolasing/ros2_ws/build/navigator_planner -- -j8 -l8
[0.186s] Invoking command in '/home/tolasing/ros2_ws/build/navigator_planner': CMAKE_PREFIX_PATH=/home/tolasing/ros2_ws/src/cartographer:/usr/lib/x86_64-linux-gnu/libserial.so:/home/tolasing/ros2_ws/src/cartographer:/usr/lib/x86_64-linux-gnu/libserial.so:/home/tolasing/ros2_ws/install/serial_driver:/home/tolasing/ros2_ws/install/motor_control:/home/tolasing/ros2_ws/install/path_planner:/opt/ros/humble:/home/tolasing/ros2_ws/install/serial:/home/tolasing/ros2_ws/install/ros2_mapping:/home/tolasing/ros2_ws/install/prototype:/home/tolasing/ros2_ws/install/navigator_planner:/home/tolasing/ros2_ws/install/io_context:/home/tolasing/ros2_ws/install/gazebo_sim:/home/tolasing/ros2_ws/install/asio_cmake_module /usr/bin/cmake --install /home/tolasing/ros2_ws/build/navigator_planner
[0.198s] -- Install configuration: ""
[0.199s] -- Execute custom install script
[0.200s] -- Up-to-date symlink: /home/tolasing/ros2_ws/install/navigator_planner/share/navigator_planner/launch/planner_server.launch.py
[0.201s] -- Up-to-date symlink: /home/tolasing/ros2_ws/install/navigator_planner/share/navigator_planner/config/behavior.xml
[0.202s] -- Up-to-date symlink: /home/tolasing/ros2_ws/install/navigator_planner/share/navigator_planner/config/behavior.yaml
[0.202s] -- Up-to-date symlink: /home/tolasing/ros2_ws/install/navigator_planner/share/navigator_planner/config/bt_navigator.yaml
[0.203s] -- Up-to-date symlink: /home/tolasing/ros2_ws/install/navigator_planner/share/navigator_planner/config/controller_server.yaml
[0.204s] -- Up-to-date symlink: /home/tolasing/ros2_ws/install/navigator_planner/share/navigator_planner/config/global_costmap.yaml
[0.204s] -- Up-to-date symlink: /home/tolasing/ros2_ws/install/navigator_planner/share/navigator_planner/config/nav_params.yaml
[0.205s] -- Up-to-date symlink: /home/tolasing/ros2_ws/install/navigator_planner/share/navigator_planner/config/navigate_to_pose_w_replanning_and_recovery.xml
[0.205s] -- Up-to-date symlink: /home/tolasing/ros2_ws/install/navigator_planner/share/navigator_planner/config/planner_server.yaml
[0.205s] -- Up-to-date symlink: /home/tolasing/ros2_ws/install/navigator_planner/share/navigator_planner/config/recovery_server.yaml
[0.206s] -- Up-to-date symlink: /home/tolasing/ros2_ws/install/navigator_planner/share/ament_index/resource_index/package_run_dependencies/navigator_planner
[0.206s] -- Up-to-date symlink: /home/tolasing/ros2_ws/install/navigator_planner/share/ament_index/resource_index/parent_prefix_path/navigator_planner
[0.207s] -- Up-to-date symlink: /home/tolasing/ros2_ws/install/navigator_planner/share/navigator_planner/environment/ament_prefix_path.sh
[0.207s] -- Up-to-date symlink: /home/tolasing/ros2_ws/install/navigator_planner/share/navigator_planner/environment/ament_prefix_path.dsv
[0.207s] -- Up-to-date symlink: /home/tolasing/ros2_ws/install/navigator_planner/share/navigator_planner/environment/path.sh
[0.207s] -- Up-to-date symlink: /home/tolasing/ros2_ws/install/navigator_planner/share/navigator_planner/environment/path.dsv
[0.208s] -- Up-to-date symlink: /home/tolasing/ros2_ws/install/navigator_planner/share/navigator_planner/local_setup.bash
[0.208s] -- Up-to-date symlink: /home/tolasing/ros2_ws/install/navigator_planner/share/navigator_planner/local_setup.sh
[0.208s] -- Up-to-date symlink: /home/tolasing/ros2_ws/install/navigator_planner/share/navigator_planner/local_setup.zsh
[0.209s] -- Up-to-date symlink: /home/tolasing/ros2_ws/install/navigator_planner/share/navigator_planner/local_setup.dsv
[0.209s] -- Symlinking: /home/tolasing/ros2_ws/install/navigator_planner/share/navigator_planner/package.dsv
[0.221s] -- Up-to-date symlink: /home/tolasing/ros2_ws/install/navigator_planner/share/ament_index/resource_index/packages/navigator_planner
[0.221s] -- Up-to-date symlink: /home/tolasing/ros2_ws/install/navigator_planner/share/navigator_planner/cmake/navigator_plannerConfig.cmake
[0.221s] -- Up-to-date symlink: /home/tolasing/ros2_ws/install/navigator_planner/share/navigator_planner/cmake/navigator_plannerConfig-version.cmake
[0.222s] -- Up-to-date symlink: /home/tolasing/ros2_ws/install/navigator_planner/share/navigator_planner/package.xml
[0.227s] Invoked command in '/home/tolasing/ros2_ws/build/navigator_planner' returned '0': CMAKE_PREFIX_PATH=/home/tolasing/ros2_ws/src/cartographer:/usr/lib/x86_64-linux-gnu/libserial.so:/home/tolasing/ros2_ws/src/cartographer:/usr/lib/x86_64-linux-gnu/libserial.so:/home/tolasing/ros2_ws/install/serial_driver:/home/tolasing/ros2_ws/install/motor_control:/home/tolasing/ros2_ws/install/path_planner:/opt/ros/humble:/home/tolasing/ros2_ws/install/serial:/home/tolasing/ros2_ws/install/ros2_mapping:/home/tolasing/ros2_ws/install/prototype:/home/tolasing/ros2_ws/install/navigator_planner:/home/tolasing/ros2_ws/install/io_context:/home/tolasing/ros2_ws/install/gazebo_sim:/home/tolasing/ros2_ws/install/asio_cmake_module /usr/bin/cmake --install /home/tolasing/ros2_ws/build/navigator_planner
