-- The C compiler identification is GNU 11.3.0
-- The CXX compiler identification is GNU 11.3.0
-- Detecting C compiler ABI info
-- Detecting C compiler ABI info - done
-- Check for working C compiler: /usr/bin/cc - skipped
-- Detecting C compile features
-- Detecting C compile features - done
-- Detecting CXX compiler ABI info
-- Detecting CXX compiler ABI info - done
-- Check for working CXX compiler: /usr/bin/c++ - skipped
-- Detecting CXX compile features
-- Detecting CXX compile features - done
-- Found ament_cmake_auto: 1.3.3 (/opt/ros/humble/share/ament_cmake_auto/cmake)
-- Found Python3: /usr/bin/python3.10 (found version "3.10.6") found components: Interpreter 
-- Found rosidl_generator_c: 3.1.4 (/opt/ros/humble/share/rosidl_generator_c/cmake)
-- Found rosidl_adapter: 3.1.4 (/opt/ros/humble/share/rosidl_adapter/cmake)
-- Found rosidl_generator_cpp: 3.1.4 (/opt/ros/humble/share/rosidl_generator_cpp/cmake)
-- Using all available rosidl_typesupport_c: rosidl_typesupport_fastrtps_c;rosidl_typesupport_introspection_c
-- Using all available rosidl_typesupport_cpp: rosidl_typesupport_fastrtps_cpp;rosidl_typesupport_introspection_cpp
-- Found rmw_implementation_cmake: 6.1.1 (/opt/ros/humble/share/rmw_implementation_cmake/cmake)
-- Found rmw_fastrtps_cpp: 6.2.2 (/opt/ros/humble/share/rmw_fastrtps_cpp/cmake)
-- Found OpenSSL: /usr/lib/x86_64-linux-gnu/libcrypto.so (found version "3.0.2")  
-- Found FastRTPS: /opt/ros/humble/include  
-- Using RMW implementation 'rmw_fastrtps_cpp' as default
-- Looking for pthread.h
-- Looking for pthread.h - found
-- Performing Test CMAKE_HAVE_LIBC_PTHREAD
-- Performing Test CMAKE_HAVE_LIBC_PTHREAD - Success
-- Found Threads: TRUE  
-- Found ASIO: /usr/include  
-- Found ament_lint_auto: 0.12.5 (/opt/ros/humble/share/ament_lint_auto/cmake)
-- Found gtest sources under '/opt/ros/humble/src/gtest_vendor': C++ tests using 'Google Test' will be built
-- Added test 'copyright' to check source files copyright and LICENSE
-- Added test 'cppcheck' to perform static code analysis on C / C++ code
-- Configured cppcheck include dirs: /home/tolasing/ros2_ws/src/transport_drivers/udp_driver/include
-- Configured cppcheck exclude dirs and/or files: 
-- Added test 'cpplint' to check C / C++ code against the Google style
-- Configured cpplint exclude dirs and/or files: 
-- Added test 'lint_cmake' to check CMake code style
-- Added test 'uncrustify' to check C / C++ code style
-- Configured uncrustify additional arguments: 
-- Added test 'xmllint' to check XML markup files
-- Configuring done
-- Generating done
-- Build files have been written to: /home/tolasing/ros2_ws/build/udp_driver
[  4%] [32mBuilding CXX object gtest/CMakeFiles/gtest_main.dir/src/gtest_main.cc.o[0m
[  8%] [32mBuilding CXX object gtest/CMakeFiles/gtest.dir/src/gtest-all.cc.o[0m
[ 12%] [32mBuilding CXX object CMakeFiles/udp_receiver_node_exe.dir/rclcpp_components/node_main_udp_receiver_node_exe.cpp.o[0m
[ 16%] [32mBuilding CXX object CMakeFiles/udp_sender_node_exe.dir/rclcpp_components/node_main_udp_sender_node_exe.cpp.o[0m
[ 20%] [32mBuilding CXX object CMakeFiles/udp_driver.dir/src/udp_socket.cpp.o[0m
[ 25%] [32mBuilding CXX object CMakeFiles/udp_driver.dir/src/udp_driver.cpp.o[0m
[ 29%] [32m[1mLinking CXX static library libgtest_main.a[0m
[ 29%] Built target gtest_main
[ 33%] [32m[1mLinking CXX shared library libudp_driver.so[0m
[ 33%] Built target udp_driver
[ 37%] [32mBuilding CXX object CMakeFiles/udp_driver_nodes.dir/src/udp_receiver_node.cpp.o[0m
[ 41%] [32mBuilding CXX object CMakeFiles/udp_driver_nodes.dir/src/udp_sender_node.cpp.o[0m
[ 45%] [32m[1mLinking CXX executable udp_receiver_node_exe[0m
[ 50%] [32m[1mLinking CXX static library libgtest.a[0m
[ 54%] [32m[1mLinking CXX executable udp_sender_node_exe[0m
[ 54%] Built target gtest
[ 54%] Built target udp_receiver_node_exe
[ 54%] Built target udp_sender_node_exe
[ 58%] [32m[1mLinking CXX shared library libudp_driver_nodes.so[0m
[ 58%] Built target udp_driver_nodes
[ 62%] [32mBuilding CXX object CMakeFiles/test_udp_data.dir/test/test_udp_data.cpp.o[0m
[ 75%] [32mBuilding CXX object CMakeFiles/test_udp_socket.dir/test/test_udp_socket.cpp.o[0m
[ 75%] [32mBuilding CXX object CMakeFiles/test_udp_driver.dir/test/test_udp_driver.cpp.o[0m
[ 75%] [32mBuilding CXX object CMakeFiles/udp_bridge_node_exe.dir/src/udp_bridge_node.cpp.o[0m
[ 79%] [32mBuilding CXX object CMakeFiles/test_udp_driver_nodes.dir/test/test_udp_driver_nodes.cpp.o[0m
[ 83%] [32m[1mLinking CXX executable test_udp_socket[0m
[ 83%] Built target test_udp_socket
[ 87%] [32m[1mLinking CXX executable test_udp_data[0m
[ 87%] Built target test_udp_data
[ 91%] [32m[1mLinking CXX executable udp_bridge_node_exe[0m
[ 91%] Built target udp_bridge_node_exe
[ 95%] [32m[1mLinking CXX executable test_udp_driver[0m
[ 95%] Built target test_udp_driver
[100%] [32m[1mLinking CXX executable test_udp_driver_nodes[0m
[100%] Built target test_udp_driver_nodes
-- Install configuration: ""
-- Installing: /home/tolasing/ros2_ws/install/udp_driver/lib/udp_driver/udp_receiver_node_exe
-- Set runtime path of "/home/tolasing/ros2_ws/install/udp_driver/lib/udp_driver/udp_receiver_node_exe" to ""
-- Installing: /home/tolasing/ros2_ws/install/udp_driver/lib/udp_driver/udp_sender_node_exe
-- Set runtime path of "/home/tolasing/ros2_ws/install/udp_driver/lib/udp_driver/udp_sender_node_exe" to ""
-- Installing: /home/tolasing/ros2_ws/install/udp_driver/include
-- Installing: /home/tolasing/ros2_ws/install/udp_driver/include/udp_driver
-- Installing: /home/tolasing/ros2_ws/install/udp_driver/include/udp_driver/udp_sender_node.hpp
-- Installing: /home/tolasing/ros2_ws/install/udp_driver/include/udp_driver/udp_receiver_node.hpp
-- Installing: /home/tolasing/ros2_ws/install/udp_driver/include/udp_driver/udp_socket.hpp
-- Installing: /home/tolasing/ros2_ws/install/udp_driver/include/udp_driver/visibility_control.hpp
-- Installing: /home/tolasing/ros2_ws/install/udp_driver/include/udp_driver/udp_driver.hpp
-- Installing: /home/tolasing/ros2_ws/install/udp_driver/share/udp_driver/environment/library_path.sh
-- Installing: /home/tolasing/ros2_ws/install/udp_driver/share/udp_driver/environment/library_path.dsv
-- Installing: /home/tolasing/ros2_ws/install/udp_driver/lib/libudp_driver.so
-- Set runtime path of "/home/tolasing/ros2_ws/install/udp_driver/lib/libudp_driver.so" to ""
-- Installing: /home/tolasing/ros2_ws/install/udp_driver/lib/libudp_driver_nodes.so
-- Set runtime path of "/home/tolasing/ros2_ws/install/udp_driver/lib/libudp_driver_nodes.so" to ""
-- Installing: /home/tolasing/ros2_ws/install/udp_driver/lib/udp_driver/udp_bridge_node_exe
-- Set runtime path of "/home/tolasing/ros2_ws/install/udp_driver/lib/udp_driver/udp_bridge_node_exe" to ""
-- Installing: /home/tolasing/ros2_ws/install/udp_driver/share/ament_index/resource_index/package_run_dependencies/udp_driver
-- Installing: /home/tolasing/ros2_ws/install/udp_driver/share/ament_index/resource_index/parent_prefix_path/udp_driver
-- Installing: /home/tolasing/ros2_ws/install/udp_driver/share/udp_driver/environment/ament_prefix_path.sh
-- Installing: /home/tolasing/ros2_ws/install/udp_driver/share/udp_driver/environment/ament_prefix_path.dsv
-- Installing: /home/tolasing/ros2_ws/install/udp_driver/share/udp_driver/environment/path.sh
-- Installing: /home/tolasing/ros2_ws/install/udp_driver/share/udp_driver/environment/path.dsv
-- Installing: /home/tolasing/ros2_ws/install/udp_driver/share/udp_driver/local_setup.bash
-- Installing: /home/tolasing/ros2_ws/install/udp_driver/share/udp_driver/local_setup.sh
-- Installing: /home/tolasing/ros2_ws/install/udp_driver/share/udp_driver/local_setup.zsh
-- Installing: /home/tolasing/ros2_ws/install/udp_driver/share/udp_driver/local_setup.dsv
-- Installing: /home/tolasing/ros2_ws/install/udp_driver/share/udp_driver/package.dsv
-- Installing: /home/tolasing/ros2_ws/install/udp_driver/share/ament_index/resource_index/packages/udp_driver
-- Installing: /home/tolasing/ros2_ws/install/udp_driver/share/ament_index/resource_index/rclcpp_components/udp_driver
-- Installing: /home/tolasing/ros2_ws/install/udp_driver/share/udp_driver/cmake/ament_cmake_export_dependencies-extras.cmake
-- Installing: /home/tolasing/ros2_ws/install/udp_driver/share/udp_driver/cmake/ament_cmake_export_include_directories-extras.cmake
-- Installing: /home/tolasing/ros2_ws/install/udp_driver/share/udp_driver/cmake/ament_cmake_export_libraries-extras.cmake
-- Installing: /home/tolasing/ros2_ws/install/udp_driver/share/udp_driver/cmake/udp_driverConfig.cmake
-- Installing: /home/tolasing/ros2_ws/install/udp_driver/share/udp_driver/cmake/udp_driverConfig-version.cmake
-- Installing: /home/tolasing/ros2_ws/install/udp_driver/share/udp_driver/package.xml
