[0.121s] Invoking command in '/home/tolasing/ros2_ws/build/udp_driver': CMAKE_PREFIX_PATH=/home/tolasing/ros2_ws/install/io_context:/home/tolasing/ros2_ws/install/asio_cmake_module:/home/tolasing/ros2_ws/src/cartographer:/usr/lib/x86_64-linux-gnu/libserial.so:/home/tolasing/ros2_ws/src/cartographer:/usr/lib/x86_64-linux-gnu/libserial.so:/home/tolasing/ros2_ws/install/serial_driver:/home/tolasing/ros2_ws/install/motor_control:/home/tolasing/ros2_ws/install/service_pkg:/home/tolasing/ros2_ws/install/nav2_project:/opt/ros/humble:/home/tolasing/ros2_ws/install/serial:/home/tolasing/ros2_ws/install/prototype:/home/tolasing/ros2_ws/install/nav2_course:/home/tolasing/ros2_ws/install/cartographer LD_LIBRARY_PATH=/home/tolasing/ros2_ws/install/io_context/lib:/usr/lib/x86_64-linux-gnu:/usr/lib/x86_64-linux-gnu:/home/tolasing/ros2_ws/install/serial_driver/lib:/home/tolasing/ros2_ws/install/motor_control/lib:/usr/lib/x86_64-linux-gnu/gazebo-11/plugins:/opt/ros/humble/opt/rviz_ogre_vendor/lib:/opt/ros/humble/lib/x86_64-linux-gnu:/opt/ros/humble/lib /usr/bin/cmake /home/tolasing/ros2_ws/src/transport_drivers/udp_driver -DCMAKE_INSTALL_PREFIX=/home/tolasing/ros2_ws/install/udp_driver
[0.326s] -- The C compiler identification is GNU 11.3.0
[0.497s] -- The CXX compiler identification is GNU 11.3.0
[0.526s] -- Detecting C compiler ABI info
[0.677s] -- Detecting C compiler ABI info - done
[0.696s] -- Check for working C compiler: /usr/bin/cc - skipped
[0.702s] -- Detecting C compile features
[0.702s] -- Detecting C compile features - done
[0.704s] -- Detecting CXX compiler ABI info
[0.857s] -- Detecting CXX compiler ABI info - done
[0.870s] -- Check for working CXX compiler: /usr/bin/c++ - skipped
[0.870s] -- Detecting CXX compile features
[0.871s] -- Detecting CXX compile features - done
[0.876s] -- Found ament_cmake_auto: 1.3.3 (/opt/ros/humble/share/ament_cmake_auto/cmake)
[1.134s] -- Found Python3: /usr/bin/python3.10 (found version "3.10.6") found components: Interpreter 
[1.482s] -- Found rosidl_generator_c: 3.1.4 (/opt/ros/humble/share/rosidl_generator_c/cmake)
[1.492s] -- Found rosidl_adapter: 3.1.4 (/opt/ros/humble/share/rosidl_adapter/cmake)
[1.507s] -- Found rosidl_generator_cpp: 3.1.4 (/opt/ros/humble/share/rosidl_generator_cpp/cmake)
[1.531s] -- Using all available rosidl_typesupport_c: rosidl_typesupport_fastrtps_c;rosidl_typesupport_introspection_c
[1.563s] -- Using all available rosidl_typesupport_cpp: rosidl_typesupport_fastrtps_cpp;rosidl_typesupport_introspection_cpp
[1.683s] -- Found rmw_implementation_cmake: 6.1.1 (/opt/ros/humble/share/rmw_implementation_cmake/cmake)
[1.687s] -- Found rmw_fastrtps_cpp: 6.2.2 (/opt/ros/humble/share/rmw_fastrtps_cpp/cmake)
[1.840s] -- Found OpenSSL: /usr/lib/x86_64-linux-gnu/libcrypto.so (found version "3.0.2")  
[1.882s] -- Found FastRTPS: /opt/ros/humble/include  
[1.954s] -- Using RMW implementation 'rmw_fastrtps_cpp' as default
[1.971s] -- Looking for pthread.h
[2.059s] -- Looking for pthread.h - found
[2.059s] -- Performing Test CMAKE_HAVE_LIBC_PTHREAD
[2.150s] -- Performing Test CMAKE_HAVE_LIBC_PTHREAD - Success
[2.152s] -- Found Threads: TRUE  
[2.681s] -- Found ASIO: /usr/include  
[2.786s] -- Found ament_lint_auto: 0.12.5 (/opt/ros/humble/share/ament_lint_auto/cmake)
[2.834s] -- Found gtest sources under '/opt/ros/humble/src/gtest_vendor': C++ tests using 'Google Test' will be built
[2.863s] -- Added test 'copyright' to check source files copyright and LICENSE
[2.866s] -- Added test 'cppcheck' to perform static code analysis on C / C++ code
[2.867s] -- Configured cppcheck include dirs: /home/tolasing/ros2_ws/src/transport_drivers/udp_driver/include
[2.867s] -- Configured cppcheck exclude dirs and/or files: 
[2.869s] -- Added test 'cpplint' to check C / C++ code against the Google style
[2.869s] -- Configured cpplint exclude dirs and/or files: 
[2.870s] -- Added test 'lint_cmake' to check CMake code style
[2.873s] -- Added test 'uncrustify' to check C / C++ code style
[2.873s] -- Configured uncrustify additional arguments: 
[2.874s] -- Added test 'xmllint' to check XML markup files
[2.879s] -- Configuring done
[3.013s] -- Generating done
[3.016s] -- Build files have been written to: /home/tolasing/ros2_ws/build/udp_driver
[3.030s] Invoked command in '/home/tolasing/ros2_ws/build/udp_driver' returned '0': CMAKE_PREFIX_PATH=/home/tolasing/ros2_ws/install/io_context:/home/tolasing/ros2_ws/install/asio_cmake_module:/home/tolasing/ros2_ws/src/cartographer:/usr/lib/x86_64-linux-gnu/libserial.so:/home/tolasing/ros2_ws/src/cartographer:/usr/lib/x86_64-linux-gnu/libserial.so:/home/tolasing/ros2_ws/install/serial_driver:/home/tolasing/ros2_ws/install/motor_control:/home/tolasing/ros2_ws/install/service_pkg:/home/tolasing/ros2_ws/install/nav2_project:/opt/ros/humble:/home/tolasing/ros2_ws/install/serial:/home/tolasing/ros2_ws/install/prototype:/home/tolasing/ros2_ws/install/nav2_course:/home/tolasing/ros2_ws/install/cartographer LD_LIBRARY_PATH=/home/tolasing/ros2_ws/install/io_context/lib:/usr/lib/x86_64-linux-gnu:/usr/lib/x86_64-linux-gnu:/home/tolasing/ros2_ws/install/serial_driver/lib:/home/tolasing/ros2_ws/install/motor_control/lib:/usr/lib/x86_64-linux-gnu/gazebo-11/plugins:/opt/ros/humble/opt/rviz_ogre_vendor/lib:/opt/ros/humble/lib/x86_64-linux-gnu:/opt/ros/humble/lib /usr/bin/cmake /home/tolasing/ros2_ws/src/transport_drivers/udp_driver -DCMAKE_INSTALL_PREFIX=/home/tolasing/ros2_ws/install/udp_driver
[3.032s] Invoking command in '/home/tolasing/ros2_ws/build/udp_driver': CMAKE_PREFIX_PATH=/home/tolasing/ros2_ws/install/io_context:/home/tolasing/ros2_ws/install/asio_cmake_module:/home/tolasing/ros2_ws/src/cartographer:/usr/lib/x86_64-linux-gnu/libserial.so:/home/tolasing/ros2_ws/src/cartographer:/usr/lib/x86_64-linux-gnu/libserial.so:/home/tolasing/ros2_ws/install/serial_driver:/home/tolasing/ros2_ws/install/motor_control:/home/tolasing/ros2_ws/install/service_pkg:/home/tolasing/ros2_ws/install/nav2_project:/opt/ros/humble:/home/tolasing/ros2_ws/install/serial:/home/tolasing/ros2_ws/install/prototype:/home/tolasing/ros2_ws/install/nav2_course:/home/tolasing/ros2_ws/install/cartographer LD_LIBRARY_PATH=/home/tolasing/ros2_ws/install/io_context/lib:/usr/lib/x86_64-linux-gnu:/usr/lib/x86_64-linux-gnu:/home/tolasing/ros2_ws/install/serial_driver/lib:/home/tolasing/ros2_ws/install/motor_control/lib:/usr/lib/x86_64-linux-gnu/gazebo-11/plugins:/opt/ros/humble/opt/rviz_ogre_vendor/lib:/opt/ros/humble/lib/x86_64-linux-gnu:/opt/ros/humble/lib /usr/bin/cmake --build /home/tolasing/ros2_ws/build/udp_driver -- -j8 -l8
[3.111s] [  4%] [32mBuilding CXX object gtest/CMakeFiles/gtest_main.dir/src/gtest_main.cc.o[0m
[3.113s] [  8%] [32mBuilding CXX object gtest/CMakeFiles/gtest.dir/src/gtest-all.cc.o[0m
[3.113s] [ 12%] [32mBuilding CXX object CMakeFiles/udp_receiver_node_exe.dir/rclcpp_components/node_main_udp_receiver_node_exe.cpp.o[0m
[3.118s] [ 16%] [32mBuilding CXX object CMakeFiles/udp_sender_node_exe.dir/rclcpp_components/node_main_udp_sender_node_exe.cpp.o[0m
[3.118s] [ 20%] [32mBuilding CXX object CMakeFiles/udp_driver.dir/src/udp_socket.cpp.o[0m
[3.126s] [ 25%] [32mBuilding CXX object CMakeFiles/udp_driver.dir/src/udp_driver.cpp.o[0m
[4.398s] [ 29%] [32m[1mLinking CXX static library libgtest_main.a[0m
[4.769s] [ 29%] Built target gtest_main
[8.256s] [ 33%] [32m[1mLinking CXX shared library libudp_driver.so[0m
[8.611s] [ 33%] Built target udp_driver
[8.639s] [ 37%] [32mBuilding CXX object CMakeFiles/udp_driver_nodes.dir/src/udp_receiver_node.cpp.o[0m
[8.650s] [ 41%] [32mBuilding CXX object CMakeFiles/udp_driver_nodes.dir/src/udp_sender_node.cpp.o[0m
[9.181s] [ 45%] [32m[1mLinking CXX executable udp_receiver_node_exe[0m
[9.205s] [ 50%] [32m[1mLinking CXX static library libgtest.a[0m
[9.334s] [ 54%] [32m[1mLinking CXX executable udp_sender_node_exe[0m
[9.358s] [ 54%] Built target gtest
[9.420s] [ 54%] Built target udp_receiver_node_exe
[9.615s] [ 54%] Built target udp_sender_node_exe
[20.842s] [ 58%] [32m[1mLinking CXX shared library libudp_driver_nodes.so[0m
[21.841s] [ 58%] Built target udp_driver_nodes
[21.866s] [ 62%] [32mBuilding CXX object CMakeFiles/test_udp_data.dir/test/test_udp_data.cpp.o[0m
[21.867s] [ 75%] [32mBuilding CXX object CMakeFiles/test_udp_socket.dir/test/test_udp_socket.cpp.o[0m
[21.867s] [ 75%] [32mBuilding CXX object CMakeFiles/test_udp_driver.dir/test/test_udp_driver.cpp.o[0m
[21.867s] [ 75%] [32mBuilding CXX object CMakeFiles/udp_bridge_node_exe.dir/src/udp_bridge_node.cpp.o[0m
[21.868s] [ 79%] [32mBuilding CXX object CMakeFiles/test_udp_driver_nodes.dir/test/test_udp_driver_nodes.cpp.o[0m
[25.503s] [ 83%] [32m[1mLinking CXX executable test_udp_socket[0m
[25.942s] [ 83%] Built target test_udp_socket
[27.347s] [ 87%] [32m[1mLinking CXX executable test_udp_data[0m
[27.747s] [ 87%] Built target test_udp_data
[28.384s] [ 91%] [32m[1mLinking CXX executable udp_bridge_node_exe[0m
[29.177s] [ 91%] Built target udp_bridge_node_exe
[30.694s] [ 95%] [32m[1mLinking CXX executable test_udp_driver[0m
[31.025s] [ 95%] Built target test_udp_driver
[37.225s] [100%] [32m[1mLinking CXX executable test_udp_driver_nodes[0m
[38.423s] [100%] Built target test_udp_driver_nodes
[38.438s] Invoked command in '/home/tolasing/ros2_ws/build/udp_driver' returned '0': CMAKE_PREFIX_PATH=/home/tolasing/ros2_ws/install/io_context:/home/tolasing/ros2_ws/install/asio_cmake_module:/home/tolasing/ros2_ws/src/cartographer:/usr/lib/x86_64-linux-gnu/libserial.so:/home/tolasing/ros2_ws/src/cartographer:/usr/lib/x86_64-linux-gnu/libserial.so:/home/tolasing/ros2_ws/install/serial_driver:/home/tolasing/ros2_ws/install/motor_control:/home/tolasing/ros2_ws/install/service_pkg:/home/tolasing/ros2_ws/install/nav2_project:/opt/ros/humble:/home/tolasing/ros2_ws/install/serial:/home/tolasing/ros2_ws/install/prototype:/home/tolasing/ros2_ws/install/nav2_course:/home/tolasing/ros2_ws/install/cartographer LD_LIBRARY_PATH=/home/tolasing/ros2_ws/install/io_context/lib:/usr/lib/x86_64-linux-gnu:/usr/lib/x86_64-linux-gnu:/home/tolasing/ros2_ws/install/serial_driver/lib:/home/tolasing/ros2_ws/install/motor_control/lib:/usr/lib/x86_64-linux-gnu/gazebo-11/plugins:/opt/ros/humble/opt/rviz_ogre_vendor/lib:/opt/ros/humble/lib/x86_64-linux-gnu:/opt/ros/humble/lib /usr/bin/cmake --build /home/tolasing/ros2_ws/build/udp_driver -- -j8 -l8
[38.498s] Invoking command in '/home/tolasing/ros2_ws/build/udp_driver': CMAKE_PREFIX_PATH=/home/tolasing/ros2_ws/install/io_context:/home/tolasing/ros2_ws/install/asio_cmake_module:/home/tolasing/ros2_ws/src/cartographer:/usr/lib/x86_64-linux-gnu/libserial.so:/home/tolasing/ros2_ws/src/cartographer:/usr/lib/x86_64-linux-gnu/libserial.so:/home/tolasing/ros2_ws/install/serial_driver:/home/tolasing/ros2_ws/install/motor_control:/home/tolasing/ros2_ws/install/service_pkg:/home/tolasing/ros2_ws/install/nav2_project:/opt/ros/humble:/home/tolasing/ros2_ws/install/serial:/home/tolasing/ros2_ws/install/prototype:/home/tolasing/ros2_ws/install/nav2_course:/home/tolasing/ros2_ws/install/cartographer LD_LIBRARY_PATH=/home/tolasing/ros2_ws/install/io_context/lib:/usr/lib/x86_64-linux-gnu:/usr/lib/x86_64-linux-gnu:/home/tolasing/ros2_ws/install/serial_driver/lib:/home/tolasing/ros2_ws/install/motor_control/lib:/usr/lib/x86_64-linux-gnu/gazebo-11/plugins:/opt/ros/humble/opt/rviz_ogre_vendor/lib:/opt/ros/humble/lib/x86_64-linux-gnu:/opt/ros/humble/lib /usr/bin/cmake --install /home/tolasing/ros2_ws/build/udp_driver
[38.507s] -- Install configuration: ""
[38.508s] -- Installing: /home/tolasing/ros2_ws/install/udp_driver/lib/udp_driver/udp_receiver_node_exe
[38.508s] -- Set runtime path of "/home/tolasing/ros2_ws/install/udp_driver/lib/udp_driver/udp_receiver_node_exe" to ""
[38.508s] -- Installing: /home/tolasing/ros2_ws/install/udp_driver/lib/udp_driver/udp_sender_node_exe
[38.509s] -- Set runtime path of "/home/tolasing/ros2_ws/install/udp_driver/lib/udp_driver/udp_sender_node_exe" to ""
[38.510s] -- Installing: /home/tolasing/ros2_ws/install/udp_driver/include
[38.510s] -- Installing: /home/tolasing/ros2_ws/install/udp_driver/include/udp_driver
[38.510s] -- Installing: /home/tolasing/ros2_ws/install/udp_driver/include/udp_driver/udp_sender_node.hpp
[38.510s] -- Installing: /home/tolasing/ros2_ws/install/udp_driver/include/udp_driver/udp_receiver_node.hpp
[38.510s] -- Installing: /home/tolasing/ros2_ws/install/udp_driver/include/udp_driver/udp_socket.hpp
[38.510s] -- Installing: /home/tolasing/ros2_ws/install/udp_driver/include/udp_driver/visibility_control.hpp
[38.511s] -- Installing: /home/tolasing/ros2_ws/install/udp_driver/include/udp_driver/udp_driver.hpp
[38.511s] -- Installing: /home/tolasing/ros2_ws/install/udp_driver/share/udp_driver/environment/library_path.sh
[38.511s] -- Installing: /home/tolasing/ros2_ws/install/udp_driver/share/udp_driver/environment/library_path.dsv
[38.512s] -- Installing: /home/tolasing/ros2_ws/install/udp_driver/lib/libudp_driver.so
[38.514s] -- Set runtime path of "/home/tolasing/ros2_ws/install/udp_driver/lib/libudp_driver.so" to ""
[38.514s] -- Installing: /home/tolasing/ros2_ws/install/udp_driver/lib/libudp_driver_nodes.so
[38.524s] -- Set runtime path of "/home/tolasing/ros2_ws/install/udp_driver/lib/libudp_driver_nodes.so" to ""
[38.524s] -- Installing: /home/tolasing/ros2_ws/install/udp_driver/lib/udp_driver/udp_bridge_node_exe
[38.525s] -- Set runtime path of "/home/tolasing/ros2_ws/install/udp_driver/lib/udp_driver/udp_bridge_node_exe" to ""
[38.525s] -- Installing: /home/tolasing/ros2_ws/install/udp_driver/share/ament_index/resource_index/package_run_dependencies/udp_driver
[38.526s] -- Installing: /home/tolasing/ros2_ws/install/udp_driver/share/ament_index/resource_index/parent_prefix_path/udp_driver
[38.526s] -- Installing: /home/tolasing/ros2_ws/install/udp_driver/share/udp_driver/environment/ament_prefix_path.sh
[38.526s] -- Installing: /home/tolasing/ros2_ws/install/udp_driver/share/udp_driver/environment/ament_prefix_path.dsv
[38.526s] -- Installing: /home/tolasing/ros2_ws/install/udp_driver/share/udp_driver/environment/path.sh
[38.527s] -- Installing: /home/tolasing/ros2_ws/install/udp_driver/share/udp_driver/environment/path.dsv
[38.527s] -- Installing: /home/tolasing/ros2_ws/install/udp_driver/share/udp_driver/local_setup.bash
[38.527s] -- Installing: /home/tolasing/ros2_ws/install/udp_driver/share/udp_driver/local_setup.sh
[38.528s] -- Installing: /home/tolasing/ros2_ws/install/udp_driver/share/udp_driver/local_setup.zsh
[38.528s] -- Installing: /home/tolasing/ros2_ws/install/udp_driver/share/udp_driver/local_setup.dsv
[38.528s] -- Installing: /home/tolasing/ros2_ws/install/udp_driver/share/udp_driver/package.dsv
[38.529s] -- Installing: /home/tolasing/ros2_ws/install/udp_driver/share/ament_index/resource_index/packages/udp_driver
[38.529s] -- Installing: /home/tolasing/ros2_ws/install/udp_driver/share/ament_index/resource_index/rclcpp_components/udp_driver
[38.530s] -- Installing: /home/tolasing/ros2_ws/install/udp_driver/share/udp_driver/cmake/ament_cmake_export_dependencies-extras.cmake
[38.530s] -- Installing: /home/tolasing/ros2_ws/install/udp_driver/share/udp_driver/cmake/ament_cmake_export_include_directories-extras.cmake
[38.530s] -- Installing: /home/tolasing/ros2_ws/install/udp_driver/share/udp_driver/cmake/ament_cmake_export_libraries-extras.cmake
[38.531s] -- Installing: /home/tolasing/ros2_ws/install/udp_driver/share/udp_driver/cmake/udp_driverConfig.cmake
[38.531s] -- Installing: /home/tolasing/ros2_ws/install/udp_driver/share/udp_driver/cmake/udp_driverConfig-version.cmake
[38.531s] -- Installing: /home/tolasing/ros2_ws/install/udp_driver/share/udp_driver/package.xml
[38.538s] Invoked command in '/home/tolasing/ros2_ws/build/udp_driver' returned '0': CMAKE_PREFIX_PATH=/home/tolasing/ros2_ws/install/io_context:/home/tolasing/ros2_ws/install/asio_cmake_module:/home/tolasing/ros2_ws/src/cartographer:/usr/lib/x86_64-linux-gnu/libserial.so:/home/tolasing/ros2_ws/src/cartographer:/usr/lib/x86_64-linux-gnu/libserial.so:/home/tolasing/ros2_ws/install/serial_driver:/home/tolasing/ros2_ws/install/motor_control:/home/tolasing/ros2_ws/install/service_pkg:/home/tolasing/ros2_ws/install/nav2_project:/opt/ros/humble:/home/tolasing/ros2_ws/install/serial:/home/tolasing/ros2_ws/install/prototype:/home/tolasing/ros2_ws/install/nav2_course:/home/tolasing/ros2_ws/install/cartographer LD_LIBRARY_PATH=/home/tolasing/ros2_ws/install/io_context/lib:/usr/lib/x86_64-linux-gnu:/usr/lib/x86_64-linux-gnu:/home/tolasing/ros2_ws/install/serial_driver/lib:/home/tolasing/ros2_ws/install/motor_control/lib:/usr/lib/x86_64-linux-gnu/gazebo-11/plugins:/opt/ros/humble/opt/rviz_ogre_vendor/lib:/opt/ros/humble/lib/x86_64-linux-gnu:/opt/ros/humble/lib /usr/bin/cmake --install /home/tolasing/ros2_ws/build/udp_driver
