[35m[1mConsolidate compiler generated dependencies of target motor_control[0m
[ 25%] [32m[1mLinking CXX shared library libmotor_control.so[0m
[100%] Built target motor_control
-- Install configuration: ""
-- Execute custom install script
-- Symlinking: /home/tolasing/ros2_ws/install/motor_control/share/motor_control//motor_interface.xml
-- Symlinking: /home/tolasing/ros2_ws/install/motor_control/lib/libmotor_control.so
-- Symlinking: /home/tolasing/ros2_ws/install/motor_control/include/motor_control/comms.h
-- Symlinking: /home/tolasing/ros2_ws/install/motor_control/include/motor_control/config.h
-- Symlinking: /home/tolasing/ros2_ws/install/motor_control/include/motor_control/motor_interface.hpp
-- Symlinking: /home/tolasing/ros2_ws/install/motor_control/include/motor_control/wheel.h
-- Symlinking: /home/tolasing/ros2_ws/install/motor_control/share/motor_control//launch/launch_arduino.launch.py
-- Symlinking: /home/tolasing/ros2_ws/install/motor_control/share/motor_control//config/controller_config.yaml
-- Symlinking: /home/tolasing/ros2_ws/install/motor_control/share/motor_control/environment/library_path.sh
-- Symlinking: /home/tolasing/ros2_ws/install/motor_control/share/motor_control/environment/library_path.dsv
-- Symlinking: /home/tolasing/ros2_ws/install/motor_control/share/ament_index/resource_index/package_run_dependencies/motor_control
-- Symlinking: /home/tolasing/ros2_ws/install/motor_control/share/ament_index/resource_index/parent_prefix_path/motor_control
-- Symlinking: /home/tolasing/ros2_ws/install/motor_control/share/motor_control/environment/ament_prefix_path.sh
-- Symlinking: /home/tolasing/ros2_ws/install/motor_control/share/motor_control/environment/ament_prefix_path.dsv
-- Symlinking: /home/tolasing/ros2_ws/install/motor_control/share/motor_control/environment/path.sh
-- Symlinking: /home/tolasing/ros2_ws/install/motor_control/share/motor_control/environment/path.dsv
-- Symlinking: /home/tolasing/ros2_ws/install/motor_control/share/motor_control/local_setup.bash
-- Symlinking: /home/tolasing/ros2_ws/install/motor_control/share/motor_control/local_setup.sh
-- Symlinking: /home/tolasing/ros2_ws/install/motor_control/share/motor_control/local_setup.zsh
-- Symlinking: /home/tolasing/ros2_ws/install/motor_control/share/motor_control/local_setup.dsv
-- Symlinking: /home/tolasing/ros2_ws/install/motor_control/share/motor_control/package.dsv
-- Symlinking: /home/tolasing/ros2_ws/install/motor_control/share/ament_index/resource_index/packages/motor_control
-- Symlinking: /home/tolasing/ros2_ws/install/motor_control/share/ament_index/resource_index/hardware_interface__pluginlib__plugin/motor_control
-- Symlinking: /home/tolasing/ros2_ws/install/motor_control/share/motor_control/cmake/ament_cmake_export_include_directories-extras.cmake
-- Symlinking: /home/tolasing/ros2_ws/install/motor_control/share/motor_control/cmake/ament_cmake_export_libraries-extras.cmake
-- Symlinking: /home/tolasing/ros2_ws/install/motor_control/share/motor_control/cmake/ament_cmake_export_dependencies-extras.cmake
-- Symlinking: /home/tolasing/ros2_ws/install/motor_control/share/motor_control/cmake/motor_controlConfig.cmake
-- Symlinking: /home/tolasing/ros2_ws/install/motor_control/share/motor_control/cmake/motor_controlConfig-version.cmake
-- Symlinking: /home/tolasing/ros2_ws/install/motor_control/share/motor_control/package.xml
