[0.161s] Invoking command in '/home/tolasing/ros2_ws/build/serial_driver': CMAKE_PREFIX_PATH=/home/tolasing/ros2_ws/install/io_context:/home/tolasing/ros2_ws/install/asio_cmake_module:/home/tolasing/ros2_ws/src/cartographer:/usr/lib/x86_64-linux-gnu/libserial.so:/home/tolasing/ros2_ws/src/cartographer:/usr/lib/x86_64-linux-gnu/libserial.so:/home/tolasing/ros2_ws/install/udp_driver:/home/tolasing/ros2_ws/install/serial_driver:/home/tolasing/ros2_ws/install/motor_control:/home/tolasing/ros2_ws/install/service_pkg:/home/tolasing/ros2_ws/install/nav2_project:/opt/ros/humble:/home/tolasing/ros2_ws/install/serial:/home/tolasing/ros2_ws/install/prototype:/home/tolasing/ros2_ws/install/nav2_course:/home/tolasing/ros2_ws/install/gazebo_sim:/home/tolasing/ros2_ws/install/cartographer_slam:/home/tolasing/ros2_ws/install/cartographer LD_LIBRARY_PATH=/home/tolasing/ros2_ws/install/io_context/lib:/usr/lib/x86_64-linux-gnu:/usr/lib/x86_64-linux-gnu:/home/tolasing/ros2_ws/install/udp_driver/lib:/home/tolasing/ros2_ws/install/serial_driver/lib:/home/tolasing/ros2_ws/install/motor_control/lib:/usr/lib/x86_64-linux-gnu/gazebo-11/plugins:/opt/ros/humble/opt/rviz_ogre_vendor/lib:/opt/ros/humble/lib/x86_64-linux-gnu:/opt/ros/humble/lib /usr/bin/cmake --build /home/tolasing/ros2_ws/build/serial_driver -- -j8 -l8
[0.438s] [ 20%] Built target serial_driver
[0.483s] [ 33%] Built target serial_bridge
[0.507s] [ 46%] Built target gtest_main
[0.546s] [ 60%] Built target gtest
[0.668s] [ 73%] Built target serial_driver_nodes
[0.752s] [ 86%] Built target test_serial_port
[0.797s] [100%] Built target test_serial_driver
[0.847s] Invoked command in '/home/tolasing/ros2_ws/build/serial_driver' returned '0': CMAKE_PREFIX_PATH=/home/tolasing/ros2_ws/install/io_context:/home/tolasing/ros2_ws/install/asio_cmake_module:/home/tolasing/ros2_ws/src/cartographer:/usr/lib/x86_64-linux-gnu/libserial.so:/home/tolasing/ros2_ws/src/cartographer:/usr/lib/x86_64-linux-gnu/libserial.so:/home/tolasing/ros2_ws/install/udp_driver:/home/tolasing/ros2_ws/install/serial_driver:/home/tolasing/ros2_ws/install/motor_control:/home/tolasing/ros2_ws/install/service_pkg:/home/tolasing/ros2_ws/install/nav2_project:/opt/ros/humble:/home/tolasing/ros2_ws/install/serial:/home/tolasing/ros2_ws/install/prototype:/home/tolasing/ros2_ws/install/nav2_course:/home/tolasing/ros2_ws/install/gazebo_sim:/home/tolasing/ros2_ws/install/cartographer_slam:/home/tolasing/ros2_ws/install/cartographer LD_LIBRARY_PATH=/home/tolasing/ros2_ws/install/io_context/lib:/usr/lib/x86_64-linux-gnu:/usr/lib/x86_64-linux-gnu:/home/tolasing/ros2_ws/install/udp_driver/lib:/home/tolasing/ros2_ws/install/serial_driver/lib:/home/tolasing/ros2_ws/install/motor_control/lib:/usr/lib/x86_64-linux-gnu/gazebo-11/plugins:/opt/ros/humble/opt/rviz_ogre_vendor/lib:/opt/ros/humble/lib/x86_64-linux-gnu:/opt/ros/humble/lib /usr/bin/cmake --build /home/tolasing/ros2_ws/build/serial_driver -- -j8 -l8
[1.356s] Invoking command in '/home/tolasing/ros2_ws/build/serial_driver': CMAKE_PREFIX_PATH=/home/tolasing/ros2_ws/install/io_context:/home/tolasing/ros2_ws/install/asio_cmake_module:/home/tolasing/ros2_ws/src/cartographer:/usr/lib/x86_64-linux-gnu/libserial.so:/home/tolasing/ros2_ws/src/cartographer:/usr/lib/x86_64-linux-gnu/libserial.so:/home/tolasing/ros2_ws/install/udp_driver:/home/tolasing/ros2_ws/install/serial_driver:/home/tolasing/ros2_ws/install/motor_control:/home/tolasing/ros2_ws/install/service_pkg:/home/tolasing/ros2_ws/install/nav2_project:/opt/ros/humble:/home/tolasing/ros2_ws/install/serial:/home/tolasing/ros2_ws/install/prototype:/home/tolasing/ros2_ws/install/nav2_course:/home/tolasing/ros2_ws/install/gazebo_sim:/home/tolasing/ros2_ws/install/cartographer_slam:/home/tolasing/ros2_ws/install/cartographer LD_LIBRARY_PATH=/home/tolasing/ros2_ws/install/io_context/lib:/usr/lib/x86_64-linux-gnu:/usr/lib/x86_64-linux-gnu:/home/tolasing/ros2_ws/install/udp_driver/lib:/home/tolasing/ros2_ws/install/serial_driver/lib:/home/tolasing/ros2_ws/install/motor_control/lib:/usr/lib/x86_64-linux-gnu/gazebo-11/plugins:/opt/ros/humble/opt/rviz_ogre_vendor/lib:/opt/ros/humble/lib/x86_64-linux-gnu:/opt/ros/humble/lib /usr/bin/cmake --install /home/tolasing/ros2_ws/build/serial_driver
[1.388s] -- Install configuration: ""
[1.389s] -- Up-to-date: /home/tolasing/ros2_ws/install/serial_driver/lib/serial_driver/serial_bridge
[1.390s] -- Up-to-date: /home/tolasing/ros2_ws/install/serial_driver/include
[1.391s] -- Up-to-date: /home/tolasing/ros2_ws/install/serial_driver/include/serial_driver
[1.391s] -- Up-to-date: /home/tolasing/ros2_ws/install/serial_driver/include/serial_driver/serial_port.hpp
[1.392s] -- Up-to-date: /home/tolasing/ros2_ws/install/serial_driver/include/serial_driver/serial_bridge_node.hpp
[1.393s] -- Up-to-date: /home/tolasing/ros2_ws/install/serial_driver/include/serial_driver/serial_driver.hpp
[1.393s] -- Up-to-date: /home/tolasing/ros2_ws/install/serial_driver/include/serial_driver/visibility_control.hpp
[1.394s] -- Up-to-date: /home/tolasing/ros2_ws/install/serial_driver/share/serial_driver/environment/library_path.sh
[1.395s] -- Up-to-date: /home/tolasing/ros2_ws/install/serial_driver/share/serial_driver/environment/library_path.dsv
[1.408s] -- Up-to-date: /home/tolasing/ros2_ws/install/serial_driver/lib/libserial_driver.so
[1.412s] -- Up-to-date: /home/tolasing/ros2_ws/install/serial_driver/lib/libserial_driver_nodes.so
[1.412s] -- Up-to-date: /home/tolasing/ros2_ws/install/serial_driver/share/serial_driver/launch
[1.412s] -- Up-to-date: /home/tolasing/ros2_ws/install/serial_driver/share/serial_driver/launch/serial_driver_bridge_node.launch.py
[1.413s] -- Up-to-date: /home/tolasing/ros2_ws/install/serial_driver/share/serial_driver/params
[1.413s] -- Up-to-date: /home/tolasing/ros2_ws/install/serial_driver/share/serial_driver/params/example.params.yaml
[1.413s] -- Up-to-date: /home/tolasing/ros2_ws/install/serial_driver/share/ament_index/resource_index/package_run_dependencies/serial_driver
[1.413s] -- Up-to-date: /home/tolasing/ros2_ws/install/serial_driver/share/ament_index/resource_index/parent_prefix_path/serial_driver
[1.413s] -- Up-to-date: /home/tolasing/ros2_ws/install/serial_driver/share/serial_driver/environment/ament_prefix_path.sh
[1.413s] -- Up-to-date: /home/tolasing/ros2_ws/install/serial_driver/share/serial_driver/environment/ament_prefix_path.dsv
[1.414s] -- Up-to-date: /home/tolasing/ros2_ws/install/serial_driver/share/serial_driver/environment/path.sh
[1.414s] -- Up-to-date: /home/tolasing/ros2_ws/install/serial_driver/share/serial_driver/environment/path.dsv
[1.414s] -- Up-to-date: /home/tolasing/ros2_ws/install/serial_driver/share/serial_driver/local_setup.bash
[1.414s] -- Up-to-date: /home/tolasing/ros2_ws/install/serial_driver/share/serial_driver/local_setup.sh
[1.415s] -- Up-to-date: /home/tolasing/ros2_ws/install/serial_driver/share/serial_driver/local_setup.zsh
[1.415s] -- Up-to-date: /home/tolasing/ros2_ws/install/serial_driver/share/serial_driver/local_setup.dsv
[1.415s] -- Installing: /home/tolasing/ros2_ws/install/serial_driver/share/serial_driver/package.dsv
[1.417s] -- Up-to-date: /home/tolasing/ros2_ws/install/serial_driver/share/ament_index/resource_index/packages/serial_driver
[1.417s] -- Up-to-date: /home/tolasing/ros2_ws/install/serial_driver/share/ament_index/resource_index/rclcpp_components/serial_driver
[1.418s] -- Up-to-date: /home/tolasing/ros2_ws/install/serial_driver/share/serial_driver/cmake/ament_cmake_export_dependencies-extras.cmake
[1.418s] -- Up-to-date: /home/tolasing/ros2_ws/install/serial_driver/share/serial_driver/cmake/ament_cmake_export_include_directories-extras.cmake
[1.418s] -- Up-to-date: /home/tolasing/ros2_ws/install/serial_driver/share/serial_driver/cmake/ament_cmake_export_libraries-extras.cmake
[1.418s] -- Up-to-date: /home/tolasing/ros2_ws/install/serial_driver/share/serial_driver/cmake/serial_driverConfig.cmake
[1.419s] -- Up-to-date: /home/tolasing/ros2_ws/install/serial_driver/share/serial_driver/cmake/serial_driverConfig-version.cmake
[1.419s] -- Up-to-date: /home/tolasing/ros2_ws/install/serial_driver/share/serial_driver/package.xml
[1.431s] Invoked command in '/home/tolasing/ros2_ws/build/serial_driver' returned '0': CMAKE_PREFIX_PATH=/home/tolasing/ros2_ws/install/io_context:/home/tolasing/ros2_ws/install/asio_cmake_module:/home/tolasing/ros2_ws/src/cartographer:/usr/lib/x86_64-linux-gnu/libserial.so:/home/tolasing/ros2_ws/src/cartographer:/usr/lib/x86_64-linux-gnu/libserial.so:/home/tolasing/ros2_ws/install/udp_driver:/home/tolasing/ros2_ws/install/serial_driver:/home/tolasing/ros2_ws/install/motor_control:/home/tolasing/ros2_ws/install/service_pkg:/home/tolasing/ros2_ws/install/nav2_project:/opt/ros/humble:/home/tolasing/ros2_ws/install/serial:/home/tolasing/ros2_ws/install/prototype:/home/tolasing/ros2_ws/install/nav2_course:/home/tolasing/ros2_ws/install/gazebo_sim:/home/tolasing/ros2_ws/install/cartographer_slam:/home/tolasing/ros2_ws/install/cartographer LD_LIBRARY_PATH=/home/tolasing/ros2_ws/install/io_context/lib:/usr/lib/x86_64-linux-gnu:/usr/lib/x86_64-linux-gnu:/home/tolasing/ros2_ws/install/udp_driver/lib:/home/tolasing/ros2_ws/install/serial_driver/lib:/home/tolasing/ros2_ws/install/motor_control/lib:/usr/lib/x86_64-linux-gnu/gazebo-11/plugins:/opt/ros/humble/opt/rviz_ogre_vendor/lib:/opt/ros/humble/lib/x86_64-linux-gnu:/opt/ros/humble/lib /usr/bin/cmake --install /home/tolasing/ros2_ws/build/serial_driver
