[0.102s] Invoking command in '/home/tolasing/ros2_ws/build/motor_control': CMAKE_PREFIX_PATH=/home/tolasing/ros2_ws/install/service_pkg:/home/tolasing/ros2_ws/install/nav2_project:/opt/ros/humble:/home/tolasing/ros2_ws/install/serial:/home/tolasing/ros2_ws/src/cartographer:/usr/lib/x86_64-linux-gnu/libserial.so:/home/tolasing/ros2_ws/src/cartographer:/usr/lib/x86_64-linux-gnu/libserial.so:/home/tolasing/ros2_ws/install/udp_driver:/home/tolasing/ros2_ws/install/serial_driver:/home/tolasing/ros2_ws/install/motor_control:/home/tolasing/ros2_ws/install/prototype:/home/tolasing/ros2_ws/install/nav2_course:/home/tolasing/ros2_ws/install/io_context:/home/tolasing/ros2_ws/install/gazebo_sim:/home/tolasing/ros2_ws/install/cartographer_slam:/home/tolasing/ros2_ws/install/cartographer:/home/tolasing/ros2_ws/install/asio_cmake_module /usr/bin/cmake --build /home/tolasing/ros2_ws/build/motor_control -- -j8 -l8
[0.451s] [100%] Built target motor_control
[0.687s] Invoked command in '/home/tolasing/ros2_ws/build/motor_control' returned '0': CMAKE_PREFIX_PATH=/home/tolasing/ros2_ws/install/service_pkg:/home/tolasing/ros2_ws/install/nav2_project:/opt/ros/humble:/home/tolasing/ros2_ws/install/serial:/home/tolasing/ros2_ws/src/cartographer:/usr/lib/x86_64-linux-gnu/libserial.so:/home/tolasing/ros2_ws/src/cartographer:/usr/lib/x86_64-linux-gnu/libserial.so:/home/tolasing/ros2_ws/install/udp_driver:/home/tolasing/ros2_ws/install/serial_driver:/home/tolasing/ros2_ws/install/motor_control:/home/tolasing/ros2_ws/install/prototype:/home/tolasing/ros2_ws/install/nav2_course:/home/tolasing/ros2_ws/install/io_context:/home/tolasing/ros2_ws/install/gazebo_sim:/home/tolasing/ros2_ws/install/cartographer_slam:/home/tolasing/ros2_ws/install/cartographer:/home/tolasing/ros2_ws/install/asio_cmake_module /usr/bin/cmake --build /home/tolasing/ros2_ws/build/motor_control -- -j8 -l8
[1.074s] Invoking command in '/home/tolasing/ros2_ws/build/motor_control': CMAKE_PREFIX_PATH=/home/tolasing/ros2_ws/install/service_pkg:/home/tolasing/ros2_ws/install/nav2_project:/opt/ros/humble:/home/tolasing/ros2_ws/install/serial:/home/tolasing/ros2_ws/src/cartographer:/usr/lib/x86_64-linux-gnu/libserial.so:/home/tolasing/ros2_ws/src/cartographer:/usr/lib/x86_64-linux-gnu/libserial.so:/home/tolasing/ros2_ws/install/udp_driver:/home/tolasing/ros2_ws/install/serial_driver:/home/tolasing/ros2_ws/install/motor_control:/home/tolasing/ros2_ws/install/prototype:/home/tolasing/ros2_ws/install/nav2_course:/home/tolasing/ros2_ws/install/io_context:/home/tolasing/ros2_ws/install/gazebo_sim:/home/tolasing/ros2_ws/install/cartographer_slam:/home/tolasing/ros2_ws/install/cartographer:/home/tolasing/ros2_ws/install/asio_cmake_module /usr/bin/cmake --install /home/tolasing/ros2_ws/build/motor_control
[1.114s] -- Install configuration: ""
[1.115s] -- Up-to-date: /home/tolasing/ros2_ws/install/motor_control/share/motor_control/motor_interface.xml
[1.117s] -- Up-to-date: /home/tolasing/ros2_ws/install/motor_control/lib/libmotor_control.so
[1.118s] -- Up-to-date: /home/tolasing/ros2_ws/install/motor_control/include
[1.118s] -- Up-to-date: /home/tolasing/ros2_ws/install/motor_control/include/motor_control
[1.118s] -- Up-to-date: /home/tolasing/ros2_ws/install/motor_control/include/motor_control/config.h
[1.118s] -- Up-to-date: /home/tolasing/ros2_ws/install/motor_control/include/motor_control/comms.h
[1.118s] -- Up-to-date: /home/tolasing/ros2_ws/install/motor_control/include/motor_control/wheel.h
[1.118s] -- Up-to-date: /home/tolasing/ros2_ws/install/motor_control/include/motor_control/motor_interface.hpp
[1.119s] -- Up-to-date: /home/tolasing/ros2_ws/install/motor_control/share/motor_control//launch
[1.119s] -- Up-to-date: /home/tolasing/ros2_ws/install/motor_control/share/motor_control//launch/launch_arduino.launch.py
[1.119s] -- Up-to-date: /home/tolasing/ros2_ws/install/motor_control/share/motor_control//config
[1.119s] -- Up-to-date: /home/tolasing/ros2_ws/install/motor_control/share/motor_control//config/controller_config.yaml
[1.119s] -- Up-to-date: /home/tolasing/ros2_ws/install/motor_control/share/motor_control/environment/library_path.sh
[1.120s] -- Up-to-date: /home/tolasing/ros2_ws/install/motor_control/share/motor_control/environment/library_path.dsv
[1.120s] -- Up-to-date: /home/tolasing/ros2_ws/install/motor_control/share/ament_index/resource_index/package_run_dependencies/motor_control
[1.120s] -- Up-to-date: /home/tolasing/ros2_ws/install/motor_control/share/ament_index/resource_index/parent_prefix_path/motor_control
[1.120s] -- Up-to-date: /home/tolasing/ros2_ws/install/motor_control/share/motor_control/environment/ament_prefix_path.sh
[1.120s] -- Up-to-date: /home/tolasing/ros2_ws/install/motor_control/share/motor_control/environment/ament_prefix_path.dsv
[1.120s] -- Up-to-date: /home/tolasing/ros2_ws/install/motor_control/share/motor_control/environment/path.sh
[1.120s] -- Up-to-date: /home/tolasing/ros2_ws/install/motor_control/share/motor_control/environment/path.dsv
[1.121s] -- Up-to-date: /home/tolasing/ros2_ws/install/motor_control/share/motor_control/local_setup.bash
[1.121s] -- Up-to-date: /home/tolasing/ros2_ws/install/motor_control/share/motor_control/local_setup.sh
[1.121s] -- Up-to-date: /home/tolasing/ros2_ws/install/motor_control/share/motor_control/local_setup.zsh
[1.121s] -- Up-to-date: /home/tolasing/ros2_ws/install/motor_control/share/motor_control/local_setup.dsv
[1.121s] -- Installing: /home/tolasing/ros2_ws/install/motor_control/share/motor_control/package.dsv
[1.125s] -- Up-to-date: /home/tolasing/ros2_ws/install/motor_control/share/ament_index/resource_index/packages/motor_control
[1.125s] -- Up-to-date: /home/tolasing/ros2_ws/install/motor_control/share/ament_index/resource_index/hardware_interface__pluginlib__plugin/motor_control
[1.125s] -- Up-to-date: /home/tolasing/ros2_ws/install/motor_control/share/motor_control/cmake/ament_cmake_export_include_directories-extras.cmake
[1.126s] -- Up-to-date: /home/tolasing/ros2_ws/install/motor_control/share/motor_control/cmake/ament_cmake_export_libraries-extras.cmake
[1.126s] -- Up-to-date: /home/tolasing/ros2_ws/install/motor_control/share/motor_control/cmake/ament_cmake_export_dependencies-extras.cmake
[1.126s] -- Up-to-date: /home/tolasing/ros2_ws/install/motor_control/share/motor_control/cmake/motor_controlConfig.cmake
[1.126s] -- Up-to-date: /home/tolasing/ros2_ws/install/motor_control/share/motor_control/cmake/motor_controlConfig-version.cmake
[1.127s] -- Up-to-date: /home/tolasing/ros2_ws/install/motor_control/share/motor_control/package.xml
[1.140s] Invoked command in '/home/tolasing/ros2_ws/build/motor_control' returned '0': CMAKE_PREFIX_PATH=/home/tolasing/ros2_ws/install/service_pkg:/home/tolasing/ros2_ws/install/nav2_project:/opt/ros/humble:/home/tolasing/ros2_ws/install/serial:/home/tolasing/ros2_ws/src/cartographer:/usr/lib/x86_64-linux-gnu/libserial.so:/home/tolasing/ros2_ws/src/cartographer:/usr/lib/x86_64-linux-gnu/libserial.so:/home/tolasing/ros2_ws/install/udp_driver:/home/tolasing/ros2_ws/install/serial_driver:/home/tolasing/ros2_ws/install/motor_control:/home/tolasing/ros2_ws/install/prototype:/home/tolasing/ros2_ws/install/nav2_course:/home/tolasing/ros2_ws/install/io_context:/home/tolasing/ros2_ws/install/gazebo_sim:/home/tolasing/ros2_ws/install/cartographer_slam:/home/tolasing/ros2_ws/install/cartographer:/home/tolasing/ros2_ws/install/asio_cmake_module /usr/bin/cmake --install /home/tolasing/ros2_ws/build/motor_control
