[0.117s] Invoking command in '/home/tolasing/ros2_ws/build/serial': /usr/bin/cmake --build /home/tolasing/ros2_ws/build/serial -- -j8 -l8
[0.803s] [ 66%] Built target serial
[0.804s] [100%] Built target serial_example
[0.830s] Invoked command in '/home/tolasing/ros2_ws/build/serial' returned '0': /usr/bin/cmake --build /home/tolasing/ros2_ws/build/serial -- -j8 -l8
[1.157s] Invoking command in '/home/tolasing/ros2_ws/build/serial': /usr/bin/cmake --install /home/tolasing/ros2_ws/build/serial
[1.202s] -- Install configuration: ""
[1.203s] -- Up-to-date: /home/tolasing/ros2_ws/install/serial/share/serial/environment/library_path.sh
[1.203s] -- Up-to-date: /home/tolasing/ros2_ws/install/serial/share/serial/environment/library_path.dsv
[1.204s] -- Up-to-date: /home/tolasing/ros2_ws/install/serial/include/serial
[1.205s] -- Up-to-date: /home/tolasing/ros2_ws/install/serial/include/serial/impl
[1.205s] -- Up-to-date: /home/tolasing/ros2_ws/install/serial/include/serial/impl/unix.h
[1.205s] -- Up-to-date: /home/tolasing/ros2_ws/install/serial/include/serial/impl/win.h
[1.205s] -- Up-to-date: /home/tolasing/ros2_ws/install/serial/include/serial/v8stdint.h
[1.205s] -- Up-to-date: /home/tolasing/ros2_ws/install/serial/include/serial/serial.h
[1.205s] -- Up-to-date: /home/tolasing/ros2_ws/install/serial/lib/libserial.a
[1.206s] -- Up-to-date: /home/tolasing/ros2_ws/install/serial/include/serial/serial.h
[1.206s] -- Up-to-date: /home/tolasing/ros2_ws/install/serial/include/serial/v8stdint.h
[1.206s] -- Up-to-date: /home/tolasing/ros2_ws/install/serial/share/ament_index/resource_index/package_run_dependencies/serial
[1.206s] -- Up-to-date: /home/tolasing/ros2_ws/install/serial/share/ament_index/resource_index/parent_prefix_path/serial
[1.206s] -- Up-to-date: /home/tolasing/ros2_ws/install/serial/share/serial/environment/ament_prefix_path.sh
[1.206s] -- Up-to-date: /home/tolasing/ros2_ws/install/serial/share/serial/environment/ament_prefix_path.dsv
[1.206s] -- Up-to-date: /home/tolasing/ros2_ws/install/serial/share/serial/environment/path.sh
[1.206s] -- Up-to-date: /home/tolasing/ros2_ws/install/serial/share/serial/environment/path.dsv
[1.206s] -- Up-to-date: /home/tolasing/ros2_ws/install/serial/share/serial/local_setup.bash
[1.207s] -- Up-to-date: /home/tolasing/ros2_ws/install/serial/share/serial/local_setup.sh
[1.207s] -- Up-to-date: /home/tolasing/ros2_ws/install/serial/share/serial/local_setup.zsh
[1.207s] -- Up-to-date: /home/tolasing/ros2_ws/install/serial/share/serial/local_setup.dsv
[1.207s] -- Installing: /home/tolasing/ros2_ws/install/serial/share/serial/package.dsv
[1.207s] -- Up-to-date: /home/tolasing/ros2_ws/install/serial/share/ament_index/resource_index/packages/serial
[1.207s] -- Up-to-date: /home/tolasing/ros2_ws/install/serial/share/serial/cmake/serialExport.cmake
[1.207s] -- Up-to-date: /home/tolasing/ros2_ws/install/serial/share/serial/cmake/serialExport-noconfig.cmake
[1.207s] -- Up-to-date: /home/tolasing/ros2_ws/install/serial/share/serial/cmake/ament_cmake_export_targets-extras.cmake
[1.208s] -- Up-to-date: /home/tolasing/ros2_ws/install/serial/share/serial/cmake/ament_cmake_export_include_directories-extras.cmake
[1.208s] -- Up-to-date: /home/tolasing/ros2_ws/install/serial/share/serial/cmake/ament_cmake_export_libraries-extras.cmake
[1.208s] -- Up-to-date: /home/tolasing/ros2_ws/install/serial/share/serial/cmake/ament_cmake_export_dependencies-extras.cmake
[1.208s] -- Up-to-date: /home/tolasing/ros2_ws/install/serial/share/serial/cmake/serialConfig.cmake
[1.208s] -- Up-to-date: /home/tolasing/ros2_ws/install/serial/share/serial/cmake/serialConfig-version.cmake
[1.208s] -- Up-to-date: /home/tolasing/ros2_ws/install/serial/share/serial/package.xml
[1.217s] Invoked command in '/home/tolasing/ros2_ws/build/serial' returned '0': /usr/bin/cmake --install /home/tolasing/ros2_ws/build/serial
