[0.032s] Invoking command in '/home/tolasing/ros2_ws/build/ros2_mapping': CMAKE_PREFIX_PATH=/home/tolasing/ros2_ws/src/cartographer:/usr/lib/x86_64-linux-gnu/libserial.so:/home/tolasing/ros2_ws/src/cartographer:/usr/lib/x86_64-linux-gnu/libserial.so:/home/tolasing/ros2_ws/install/serial_driver:/home/tolasing/ros2_ws/install/motor_control:/opt/ros/humble:/home/tolasing/ros2_ws/install/serial:/home/tolasing/ros2_ws/install/ros2_mapping:/home/tolasing/ros2_ws/install/prototype:/home/tolasing/ros2_ws/install/io_context:/home/tolasing/ros2_ws/install/gazebo_sim:/home/tolasing/ros2_ws/install/asio_cmake_module /usr/bin/cmake --build /home/tolasing/ros2_ws/build/ros2_mapping -- -j8 -l8
[0.130s] -- Found ament_cmake: 1.3.3 (/opt/ros/humble/share/ament_cmake/cmake)
[0.343s] -- Override CMake install command with custom implementation using symlinks instead of copying resources
[0.363s] -- Found navigation2: 1.1.6 (/opt/ros/humble/share/navigation2/cmake)
[0.363s] -- Found slam_toolbox: 2.6.4 (/opt/ros/humble/share/slam_toolbox/cmake)
[0.414s] -- Found rosidl_generator_c: 3.1.4 (/opt/ros/humble/share/rosidl_generator_c/cmake)
[0.419s] -- Found rosidl_adapter: 3.1.4 (/opt/ros/humble/share/rosidl_adapter/cmake)
[0.431s] -- Found rosidl_generator_cpp: 3.1.4 (/opt/ros/humble/share/rosidl_generator_cpp/cmake)
[0.454s] -- Using all available rosidl_typesupport_c: rosidl_typesupport_fastrtps_c;rosidl_typesupport_introspection_c
[0.484s] -- Using all available rosidl_typesupport_cpp: rosidl_typesupport_fastrtps_cpp;rosidl_typesupport_introspection_cpp
[1.357s] -- Found rmw_implementation_cmake: 6.1.1 (/opt/ros/humble/share/rmw_implementation_cmake/cmake)
[1.359s] -- Found rmw_fastrtps_cpp: 6.2.2 (/opt/ros/humble/share/rmw_fastrtps_cpp/cmake)
[1.529s] -- Using RMW implementation 'rmw_fastrtps_cpp' as default
[2.307s] -- Found eigen3_cmake_module: 0.1.1 (/opt/ros/humble/share/eigen3_cmake_module/cmake)
[2.309s] -- Ensuring Eigen3 include directory is part of orocos-kdl CMake target
[2.472s] -- Setting OGRE_DIR to: '/opt/ros/humble/share/rviz_ogre_vendor/cmake/../../../opt/rviz_ogre_vendor/lib/OGRE/cmake'
[2.476s] -- Found OGRE
[2.476s] --   static     : OFF
[2.476s] --   components : HLMS;MeshLodGenerator;Overlay;Paging;Property;RTShaderSystem;Terrain;Volume
[2.476s] --   plugins    : Plugin_BSPSceneManager;Plugin_OctreeSceneManager;Plugin_PCZSceneManager;Plugin_ParticleFX;RenderSystem_GL;RenderSystem_GL3Plus;Codec_STBI
[2.476s] --   media      : /opt/ros/humble/opt/rviz_ogre_vendor/share/OGRE/Media
[2.477s] -- OGRE_LIBRARIES: OgreHLMS;OgreMeshLodGenerator;OgreOverlay;OgrePaging;OgreProperty;OgreRTShaderSystem;OgreTerrain;OgreVolume;OgreMain
[2.477s] -- OGRE_LIBRARY_DIRS: /opt/ros/humble/opt/rviz_ogre_vendor/lib
[2.477s] -- OGRE_PLUGINS: Plugin_BSPSceneManager;Plugin_OctreeSceneManager;Plugin_PCZSceneManager;Plugin_ParticleFX;RenderSystem_GL;RenderSystem_GL3Plus;Codec_STBI
[2.477s] -- OGRE_PLUGIN_DIR: /opt/ros/humble/opt/rviz_ogre_vendor/lib/OGRE
[2.477s] -- rviz_ogre_vendor::OgreOverlay for IMPORTED_LOCATION_RELEASE: /opt/ros/humble/opt/rviz_ogre_vendor/lib/libOgreOverlay.so
[2.477s] -- rviz_ogre_vendor::OgreOverlay for IMPORTED_LOCATION_DEBUG: /opt/ros/humble/opt/rviz_ogre_vendor/lib/libOgreOverlay.so
[2.478s] -- rviz_ogre_vendor::OgreMain for IMPORTED_LOCATION_RELEASE: /opt/ros/humble/opt/rviz_ogre_vendor/lib/libOgreMain.so
[2.478s] -- rviz_ogre_vendor::OgreMain for IMPORTED_LOCATION_DEBUG: /opt/ros/humble/opt/rviz_ogre_vendor/lib/libOgreMain.so
[2.548s] -- rviz_ogre_vendor::RenderSystem_GL for IMPORTED_LOCATION_RELEASE: _render_system_gl_static_library_abs-NOTFOUND
[2.548s] -- rviz_ogre_vendor::RenderSystem_GL for IMPORTED_LOCATION_DEBUG: _render_system_gl_static_library_abs-NOTFOUND
[2.588s] -- library: /usr/lib/x86_64-linux-gnu/libcurl.so
[3.235s] -- Found ament_lint_auto: 0.12.5 (/opt/ros/humble/share/ament_lint_auto/cmake)
[3.345s] -- Added test 'flake8' to check Python code syntax and style conventions
[3.345s] -- Added test 'lint_cmake' to check CMake code style
[3.346s] -- Added test 'pep257' to check Python code against some of the docstring style conventions in PEP 257
[3.348s] -- Added test 'xmllint' to check XML markup files
[3.351s] -- Configuring done
[3.362s] -- Generating done
[3.368s] -- Build files have been written to: /home/tolasing/ros2_ws/build/ros2_mapping
[3.405s] Invoked command in '/home/tolasing/ros2_ws/build/ros2_mapping' returned '0': CMAKE_PREFIX_PATH=/home/tolasing/ros2_ws/src/cartographer:/usr/lib/x86_64-linux-gnu/libserial.so:/home/tolasing/ros2_ws/src/cartographer:/usr/lib/x86_64-linux-gnu/libserial.so:/home/tolasing/ros2_ws/install/serial_driver:/home/tolasing/ros2_ws/install/motor_control:/opt/ros/humble:/home/tolasing/ros2_ws/install/serial:/home/tolasing/ros2_ws/install/ros2_mapping:/home/tolasing/ros2_ws/install/prototype:/home/tolasing/ros2_ws/install/io_context:/home/tolasing/ros2_ws/install/gazebo_sim:/home/tolasing/ros2_ws/install/asio_cmake_module /usr/bin/cmake --build /home/tolasing/ros2_ws/build/ros2_mapping -- -j8 -l8
[3.448s] Invoking command in '/home/tolasing/ros2_ws/build/ros2_mapping': CMAKE_PREFIX_PATH=/home/tolasing/ros2_ws/src/cartographer:/usr/lib/x86_64-linux-gnu/libserial.so:/home/tolasing/ros2_ws/src/cartographer:/usr/lib/x86_64-linux-gnu/libserial.so:/home/tolasing/ros2_ws/install/serial_driver:/home/tolasing/ros2_ws/install/motor_control:/opt/ros/humble:/home/tolasing/ros2_ws/install/serial:/home/tolasing/ros2_ws/install/ros2_mapping:/home/tolasing/ros2_ws/install/prototype:/home/tolasing/ros2_ws/install/io_context:/home/tolasing/ros2_ws/install/gazebo_sim:/home/tolasing/ros2_ws/install/asio_cmake_module /usr/bin/cmake --install /home/tolasing/ros2_ws/build/ros2_mapping
[3.455s] -- Install configuration: ""
[3.455s] -- Execute custom install script
[3.456s] -- Symlinking: /home/tolasing/ros2_ws/install/ros2_mapping/share/ros2_mapping/launch/nav2_map_server.launch.py
[3.468s] -- Up-to-date symlink: /home/tolasing/ros2_ws/install/ros2_mapping/share/ros2_mapping/launch/online_async_launch.py
[3.468s] -- Up-to-date symlink: /home/tolasing/ros2_ws/install/ros2_mapping/share/ros2_mapping/config/mapper_params_online_async.yaml
[3.468s] -- Symlinking: /home/tolasing/ros2_ws/install/ros2_mapping/share/ros2_mapping/config/test_area.pgm
[3.478s] -- Symlinking: /home/tolasing/ros2_ws/install/ros2_mapping/share/ros2_mapping/config/test_area.yaml
[3.488s] -- Up-to-date symlink: /home/tolasing/ros2_ws/install/ros2_mapping/share/ament_index/resource_index/package_run_dependencies/ros2_mapping
[3.488s] -- Up-to-date symlink: /home/tolasing/ros2_ws/install/ros2_mapping/share/ament_index/resource_index/parent_prefix_path/ros2_mapping
[3.488s] -- Up-to-date symlink: /home/tolasing/ros2_ws/install/ros2_mapping/share/ros2_mapping/environment/ament_prefix_path.sh
[3.489s] -- Up-to-date symlink: /home/tolasing/ros2_ws/install/ros2_mapping/share/ros2_mapping/environment/ament_prefix_path.dsv
[3.489s] -- Up-to-date symlink: /home/tolasing/ros2_ws/install/ros2_mapping/share/ros2_mapping/environment/path.sh
[3.489s] -- Up-to-date symlink: /home/tolasing/ros2_ws/install/ros2_mapping/share/ros2_mapping/environment/path.dsv
[3.489s] -- Up-to-date symlink: /home/tolasing/ros2_ws/install/ros2_mapping/share/ros2_mapping/local_setup.bash
[3.490s] -- Up-to-date symlink: /home/tolasing/ros2_ws/install/ros2_mapping/share/ros2_mapping/local_setup.sh
[3.490s] -- Up-to-date symlink: /home/tolasing/ros2_ws/install/ros2_mapping/share/ros2_mapping/local_setup.zsh
[3.490s] -- Up-to-date symlink: /home/tolasing/ros2_ws/install/ros2_mapping/share/ros2_mapping/local_setup.dsv
[3.491s] -- Symlinking: /home/tolasing/ros2_ws/install/ros2_mapping/share/ros2_mapping/package.dsv
[3.501s] -- Up-to-date symlink: /home/tolasing/ros2_ws/install/ros2_mapping/share/ament_index/resource_index/packages/ros2_mapping
[3.501s] -- Up-to-date symlink: /home/tolasing/ros2_ws/install/ros2_mapping/share/ros2_mapping/cmake/ros2_mappingConfig.cmake
[3.501s] -- Up-to-date symlink: /home/tolasing/ros2_ws/install/ros2_mapping/share/ros2_mapping/cmake/ros2_mappingConfig-version.cmake
[3.502s] -- Up-to-date symlink: /home/tolasing/ros2_ws/install/ros2_mapping/share/ros2_mapping/package.xml
[3.506s] Invoked command in '/home/tolasing/ros2_ws/build/ros2_mapping' returned '0': CMAKE_PREFIX_PATH=/home/tolasing/ros2_ws/src/cartographer:/usr/lib/x86_64-linux-gnu/libserial.so:/home/tolasing/ros2_ws/src/cartographer:/usr/lib/x86_64-linux-gnu/libserial.so:/home/tolasing/ros2_ws/install/serial_driver:/home/tolasing/ros2_ws/install/motor_control:/opt/ros/humble:/home/tolasing/ros2_ws/install/serial:/home/tolasing/ros2_ws/install/ros2_mapping:/home/tolasing/ros2_ws/install/prototype:/home/tolasing/ros2_ws/install/io_context:/home/tolasing/ros2_ws/install/gazebo_sim:/home/tolasing/ros2_ws/install/asio_cmake_module /usr/bin/cmake --install /home/tolasing/ros2_ws/build/ros2_mapping
