running develop
Removing /home/tolasing/ros2_ws/install/path_planner/lib/python3.10/site-packages/path-planner.egg-link (link to .)
running egg_info
writing ../../build/path_planner/path_planner.egg-info/PKG-INFO
writing dependency_links to ../../build/path_planner/path_planner.egg-info/dependency_links.txt
writing entry points to ../../build/path_planner/path_planner.egg-info/entry_points.txt
writing requirements to ../../build/path_planner/path_planner.egg-info/requires.txt
writing top-level names to ../../build/path_planner/path_planner.egg-info/top_level.txt
reading manifest file '../../build/path_planner/path_planner.egg-info/SOURCES.txt'
writing manifest file '../../build/path_planner/path_planner.egg-info/SOURCES.txt'
running build
running build_py
creating /home/tolasing/ros2_ws/build/path_planner/build
creating /home/tolasing/ros2_ws/build/path_planner/build/lib
creating /home/tolasing/ros2_ws/build/path_planner/build/lib/path_planner
copying path_planner/__init__.py -> /home/tolasing/ros2_ws/build/path_planner/build/lib/path_planner
running install
running install_lib
creating /home/tolasing/ros2_ws/install/path_planner/lib/python3.10/site-packages/path_planner
copying /home/tolasing/ros2_ws/build/path_planner/build/lib/path_planner/__init__.py -> /home/tolasing/ros2_ws/install/path_planner/lib/python3.10/site-packages/path_planner
byte-compiling /home/tolasing/ros2_ws/install/path_planner/lib/python3.10/site-packages/path_planner/__init__.py to __init__.cpython-310.pyc
running install_data
copying config/controller_server.yaml -> /home/tolasing/ros2_ws/install/path_planner/share/path_planner/config
copying config/bt_navigator.yaml -> /home/tolasing/ros2_ws/install/path_planner/share/path_planner/config
running install_egg_info
Copying ../../build/path_planner/path_planner.egg-info to /home/tolasing/ros2_ws/install/path_planner/lib/python3.10/site-packages/path_planner-0.0.0-py3.10.egg-info
running install_scripts
Installing navigation_node script to /home/tolasing/ros2_ws/install/path_planner/lib/path_planner
writing list of installed files to '/home/tolasing/ros2_ws/build/path_planner/install.log'
