[0.100s] Invoking command in '/home/tolasing/ros2_ws/build/cartographer': CMAKE_PREFIX_PATH=/home/tolasing/ros2_ws/src/cartographer:/usr/lib/x86_64-linux-gnu/libserial.so:/home/tolasing/ros2_ws/src/cartographer:/usr/lib/x86_64-linux-gnu/libserial.so:/home/tolasing/ros2_ws/install/serial_driver:/home/tolasing/ros2_ws/install/motor_control:/home/tolasing/ros2_ws/install/service_pkg:/home/tolasing/ros2_ws/install/nav2_project:/opt/ros/humble:/home/tolasing/ros2_ws/install/serial:/home/tolasing/ros2_ws/install/prototype:/home/tolasing/ros2_ws/install/nav2_course:/home/tolasing/ros2_ws/install/io_context:/home/tolasing/ros2_ws/install/cartographer:/home/tolasing/ros2_ws/install/asio_cmake_module /usr/bin/cmake --build /home/tolasing/ros2_ws/build/cartographer -- -j8 -l8
[1.118s] [  0%] [34m[1mBuilding documentation.[0m
[1.120s] [  1%] Built target gtest
[1.120s] [  1%] Built target cartographer_detect_changes
[1.121s] [  2%] Built target gmock
[1.122s] [  2%] Built target gmock_main
[1.122s] [35m[1mConsolidate compiler generated dependencies of target cartographer[0m
[1.123s] [01mRunning Sphinx v4.3.2[39;49;00m
[1.251s] [01mloading pickled environment... [39;49;00mdone
[1.262s] [01mbuilding [mo]: [39;49;00mtargets for 0 po files that are out of date
[1.262s] [01mbuilding [html]: [39;49;00mtargets for 0 source files that are out of date
[1.263s] [01mupdating environment: [39;49;00m0 added, 0 changed, 0 removed
[1.263s] [01mlooking for now-outdated files... [39;49;00mnone found
[1.263s] [01mno targets are out of date.[39;49;00m
[1.263s] [01mbuild succeeded.[39;49;00m
[1.263s] 
[1.263s] The HTML pages are in html.
[1.474s] [ 55%] Built target cartographer
[1.474s] [ 55%] Built target build_doc
[1.498s] [35m[1mConsolidate compiler generated dependencies of target cartographer_autogenerate_ground_truth[0m
[1.499s] [35m[1mConsolidate compiler generated dependencies of target cartographer_compute_relations_metrics[0m
[1.499s] [35m[1mConsolidate compiler generated dependencies of target cartographer_pbstream[0m
[1.502s] [35m[1mConsolidate compiler generated dependencies of target cartographer_print_configuration[0m
[1.533s] [ 56%] Built target cartographer_pbstream
[1.533s] [35m[1mConsolidate compiler generated dependencies of target cartographer_test_library[0m
[1.555s] [ 57%] Built target cartographer_autogenerate_ground_truth
[1.571s] [ 57%] Built target cartographer_print_configuration
[1.577s] [ 57%] Built target cartographer_compute_relations_metrics
[1.605s] [ 58%] Built target cartographer_test_library
[1.643s] [35m[1mConsolidate compiler generated dependencies of target cartographer.common.configuration_files_test[0m
[1.646s] [35m[1mConsolidate compiler generated dependencies of target cartographer.common.fixed_ratio_sampler_test[0m
[1.668s] [35m[1mConsolidate compiler generated dependencies of target cartographer.common.internal.blocking_queue_test[0m
[1.669s] [35m[1mConsolidate compiler generated dependencies of target cartographer.common.thread_pool_test[0m
[1.671s] [35m[1mConsolidate compiler generated dependencies of target cartographer.common.math_test[0m
[1.673s] [35m[1mConsolidate compiler generated dependencies of target cartographer.common.lua_parameter_dictionary_test[0m
[1.683s] [35m[1mConsolidate compiler generated dependencies of target cartographer.common.internal.rate_timer_test[0m
[1.706s] [35m[1mConsolidate compiler generated dependencies of target cartographer.common.task_test[0m
[1.735s] [ 58%] Built target cartographer.common.internal.blocking_queue_test
[1.738s] [ 58%] Built target cartographer.common.configuration_files_test
[1.739s] [ 59%] Built target cartographer.common.thread_pool_test
[1.742s] [ 60%] Built target cartographer.common.fixed_ratio_sampler_test
[1.746s] [ 60%] Built target cartographer.common.lua_parameter_dictionary_test
[1.747s] [ 61%] Built target cartographer.common.internal.rate_timer_test
[1.750s] [ 62%] Built target cartographer.common.math_test
[1.753s] [ 62%] Built target cartographer.common.task_test
[1.769s] [35m[1mConsolidate compiler generated dependencies of target cartographer.io.fake_file_writer_test[0m
[1.780s] [35m[1mConsolidate compiler generated dependencies of target cartographer.io.internal.in_memory_proto_stream_test[0m
[1.783s] [35m[1mConsolidate compiler generated dependencies of target cartographer.io.points_processor_pipeline_builder_test[0m
[1.798s] [35m[1mConsolidate compiler generated dependencies of target cartographer.io.probability_grid_points_processor_test[0m
[1.801s] [35m[1mConsolidate compiler generated dependencies of target cartographer.io.serialization_format_migration_test[0m
[1.805s] [35m[1mConsolidate compiler generated dependencies of target cartographer.io.proto_stream_test[0m
[1.806s] [35m[1mConsolidate compiler generated dependencies of target cartographer.io.proto_stream_deserializer_test[0m
[1.818s] [35m[1mConsolidate compiler generated dependencies of target cartographer.mapping.2d.map_limits_test[0m
[1.839s] [ 62%] Built target cartographer.io.fake_file_writer_test
[1.867s] [ 63%] Built target cartographer.io.proto_stream_deserializer_test
[1.868s] [ 64%] Built target cartographer.io.points_processor_pipeline_builder_test
[1.873s] [ 64%] Built target cartographer.io.probability_grid_points_processor_test
[1.874s] [ 64%] Built target cartographer.io.proto_stream_test
[1.884s] [ 65%] Built target cartographer.io.internal.in_memory_proto_stream_test
[1.884s] [ 66%] Built target cartographer.io.serialization_format_migration_test
[1.891s] [35m[1mConsolidate compiler generated dependencies of target cartographer.mapping.2d.probability_grid_test[0m
[1.894s] [ 66%] Built target cartographer.mapping.2d.map_limits_test
[1.907s] [35m[1mConsolidate compiler generated dependencies of target cartographer.mapping.3d.range_data_inserter_3d_test[0m
[1.911s] [35m[1mConsolidate compiler generated dependencies of target cartographer.mapping.2d.xy_index_test[0m
[1.915s] [35m[1mConsolidate compiler generated dependencies of target cartographer.mapping.3d.submap_3d_test[0m
[1.926s] [35m[1mConsolidate compiler generated dependencies of target cartographer.mapping.2d.submap_2d_test[0m
[1.928s] [35m[1mConsolidate compiler generated dependencies of target cartographer.mapping.2d.range_data_inserter_2d_test[0m
[1.948s] [35m[1mConsolidate compiler generated dependencies of target cartographer.mapping.id_test[0m
[1.962s] [35m[1mConsolidate compiler generated dependencies of target cartographer.mapping.3d.hybrid_grid_test[0m
[1.991s] [ 66%] Built target cartographer.mapping.3d.range_data_inserter_3d_test
[1.998s] [ 67%] Built target cartographer.mapping.2d.probability_grid_test
[2.017s] [ 68%] Built target cartographer.mapping.3d.submap_3d_test
[2.023s] [ 68%] Built target cartographer.mapping.2d.xy_index_test
[2.044s] [ 68%] Built target cartographer.mapping.2d.range_data_inserter_2d_test
[2.050s] [ 68%] Built target cartographer.mapping.id_test
[2.051s] [ 69%] Built target cartographer.mapping.2d.submap_2d_test
[2.051s] [ 70%] Built target cartographer.mapping.3d.hybrid_grid_test
[2.065s] [35m[1mConsolidate compiler generated dependencies of target cartographer.mapping.imu_tracker_test[0m
[2.069s] [35m[1mConsolidate compiler generated dependencies of target cartographer.mapping.internal.2d.normal_estimation_2d_test[0m
[2.093s] [35m[1mConsolidate compiler generated dependencies of target cartographer.mapping.internal.2d.pose_graph_2d_test[0m
[2.093s] [35m[1mConsolidate compiler generated dependencies of target cartographer.mapping.internal.2d.ray_to_pixel_mask_test[0m
[2.093s] [35m[1mConsolidate compiler generated dependencies of target cartographer.mapping.internal.2d.overlapping_submaps_trimmer_2d_test[0m
[2.127s] [35m[1mConsolidate compiler generated dependencies of target cartographer.mapping.internal.2d.scan_matching.fast_correlative_scan_matcher_2d_test[0m
[2.136s] [35m[1mConsolidate compiler generated dependencies of target cartographer.mapping.internal.2d.scan_matching.correlative_scan_matcher_test[0m
[2.138s] [35m[1mConsolidate compiler generated dependencies of target cartographer.mapping.internal.2d.scan_matching.ceres_scan_matcher_2d_test[0m
[2.147s] [ 70%] Built target cartographer.mapping.internal.2d.normal_estimation_2d_test
[2.224s] [ 71%] Built target cartographer.mapping.imu_tracker_test
[2.224s] [ 72%] Built target cartographer.mapping.internal.2d.ray_to_pixel_mask_test
[2.225s] [ 72%] Built target cartographer.mapping.internal.2d.pose_graph_2d_test
[2.225s] [ 73%] Built target cartographer.mapping.internal.2d.overlapping_submaps_trimmer_2d_test
[2.226s] [ 74%] Built target cartographer.mapping.internal.2d.scan_matching.correlative_scan_matcher_test
[2.226s] [ 74%] Built target cartographer.mapping.internal.2d.scan_matching.fast_correlative_scan_matcher_2d_test
[2.241s] [ 74%] Built target cartographer.mapping.internal.2d.scan_matching.ceres_scan_matcher_2d_test
[2.242s] [35m[1mConsolidate compiler generated dependencies of target cartographer.mapping.internal.2d.scan_matching.interpolated_tsdf_2d_test[0m
[2.269s] [35m[1mConsolidate compiler generated dependencies of target cartographer.mapping.internal.2d.scan_matching.occupied_space_cost_function_2d_test[0m
[2.276s] [35m[1mConsolidate compiler generated dependencies of target cartographer.mapping.internal.2d.tsd_value_converter_test[0m
[2.293s] [35m[1mConsolidate compiler generated dependencies of target cartographer.mapping.internal.2d.scan_matching.real_time_correlative_scan_matcher_2d_test[0m
[2.305s] [35m[1mConsolidate compiler generated dependencies of target cartographer.mapping.internal.2d.scan_matching.tsdf_match_cost_function_2d_test[0m
[2.319s] [35m[1mConsolidate compiler generated dependencies of target cartographer.mapping.internal.2d.tsdf_2d_test[0m
[2.321s] [35m[1mConsolidate compiler generated dependencies of target cartographer.mapping.internal.2d.tsdf_range_data_inserter_2d_test[0m
[2.349s] [35m[1mConsolidate compiler generated dependencies of target cartographer.mapping.internal.3d.local_trajectory_builder_3d_test[0m
[2.350s] [ 74%] Built target cartographer.mapping.internal.2d.scan_matching.tsdf_match_cost_function_2d_test
[2.350s] [ 75%] Built target cartographer.mapping.internal.2d.scan_matching.interpolated_tsdf_2d_test
[2.351s] [ 75%] Built target cartographer.mapping.internal.2d.scan_matching.occupied_space_cost_function_2d_test
[2.354s] [ 76%] Built target cartographer.mapping.internal.2d.scan_matching.real_time_correlative_scan_matcher_2d_test
[2.364s] [ 77%] Built target cartographer.mapping.internal.2d.tsd_value_converter_test
[2.366s] [ 77%] Built target cartographer.mapping.internal.2d.tsdf_2d_test
[2.372s] [35m[1mConsolidate compiler generated dependencies of target cartographer.mapping.internal.3d.pose_graph_3d_test[0m
[2.373s] [35m[1mConsolidate compiler generated dependencies of target cartographer.mapping.internal.3d.scan_matching.fast_correlative_scan_matcher_3d_test[0m
[2.373s] [35m[1mConsolidate compiler generated dependencies of target cartographer.mapping.internal.3d.scan_matching.ceres_scan_matcher_3d_test[0m
[2.395s] [ 78%] Built target cartographer.mapping.internal.2d.tsdf_range_data_inserter_2d_test
[2.405s] [35m[1mConsolidate compiler generated dependencies of target cartographer.mapping.internal.3d.scan_matching.precomputation_grid_3d_test[0m
[2.405s] [35m[1mConsolidate compiler generated dependencies of target cartographer.mapping.internal.3d.scan_matching.intensity_cost_function_3d_test[0m
[2.435s] [ 78%] Built target cartographer.mapping.internal.3d.local_trajectory_builder_3d_test
[2.435s] [35m[1mConsolidate compiler generated dependencies of target cartographer.mapping.internal.3d.scan_matching.interpolated_grid_test[0m
[2.435s] [ 79%] Built target cartographer.mapping.internal.3d.scan_matching.ceres_scan_matcher_3d_test
[2.435s] [ 80%] Built target cartographer.mapping.internal.3d.pose_graph_3d_test
[2.437s] [ 80%] Built target cartographer.mapping.internal.3d.scan_matching.fast_correlative_scan_matcher_3d_test
[2.453s] [35m[1mConsolidate compiler generated dependencies of target cartographer.mapping.internal.3d.scan_matching.real_time_correlative_scan_matcher_3d_test[0m
[2.462s] [35m[1mConsolidate compiler generated dependencies of target cartographer.mapping.internal.3d.scan_matching.rotation_delta_cost_functor_3d_test[0m
[2.489s] [35m[1mConsolidate compiler generated dependencies of target cartographer.mapping.internal.connected_components_test[0m
[2.489s] [35m[1mConsolidate compiler generated dependencies of target cartographer.mapping.internal.3d.scan_matching.rotational_scan_matcher_test[0m
[2.489s] [ 81%] Built target cartographer.mapping.internal.3d.scan_matching.intensity_cost_function_3d_test
[2.508s] [ 82%] Built target cartographer.mapping.internal.3d.scan_matching.precomputation_grid_3d_test
[2.509s] [ 82%] Built target cartographer.mapping.internal.3d.scan_matching.interpolated_grid_test
[2.521s] [ 82%] Built target cartographer.mapping.internal.3d.scan_matching.real_time_correlative_scan_matcher_3d_test
[2.533s] [35m[1mConsolidate compiler generated dependencies of target cartographer.mapping.internal.constraints.constraint_builder_2d_test[0m
[2.542s] [ 82%] Built target cartographer.mapping.internal.3d.scan_matching.rotational_scan_matcher_test
[2.560s] [ 83%] Built target cartographer.mapping.internal.3d.scan_matching.rotation_delta_cost_functor_3d_test
[2.570s] [35m[1mConsolidate compiler generated dependencies of target cartographer.mapping.internal.motion_filter_test[0m
[2.571s] [35m[1mConsolidate compiler generated dependencies of target cartographer.mapping.internal.constraints.constraint_builder_3d_test[0m
[2.581s] [ 84%] Built target cartographer.mapping.internal.connected_components_test
[2.601s] [35m[1mConsolidate compiler generated dependencies of target cartographer.mapping.internal.optimization.cost_functions.landmark_cost_function_2d_test[0m
[2.608s] [35m[1mConsolidate compiler generated dependencies of target cartographer.mapping.internal.optimization.cost_functions.landmark_cost_function_3d_test[0m
[2.613s] [35m[1mConsolidate compiler generated dependencies of target cartographer.mapping.internal.optimization.cost_functions.spa_cost_function_2d_test[0m
[2.626s] [35m[1mConsolidate compiler generated dependencies of target cartographer.mapping.internal.optimization.optimization_problem_3d_test[0m
[2.629s] [ 84%] Built target cartographer.mapping.internal.constraints.constraint_builder_2d_test
[2.661s] [35m[1mConsolidate compiler generated dependencies of target cartographer.mapping.internal.range_data_collator_test[0m
[2.678s] [ 84%] Built target cartographer.mapping.internal.motion_filter_test
[2.679s] [35m[1mConsolidate compiler generated dependencies of target cartographer.mapping.internal.trajectory_connectivity_state_test[0m
[2.693s] [ 85%] Built target cartographer.mapping.internal.constraints.constraint_builder_3d_test
[2.700s] [ 86%] Built target cartographer.mapping.internal.optimization.cost_functions.spa_cost_function_2d_test
[2.709s] [ 87%] Built target cartographer.mapping.internal.optimization.cost_functions.landmark_cost_function_2d_test
[2.709s] [ 87%] Built target cartographer.mapping.internal.optimization.optimization_problem_3d_test
[2.712s] [ 87%] Built target cartographer.mapping.internal.optimization.cost_functions.landmark_cost_function_3d_test
[2.723s] [35m[1mConsolidate compiler generated dependencies of target cartographer.mapping.map_builder_test[0m
[2.735s] [ 87%] Built target cartographer.mapping.internal.trajectory_connectivity_state_test
[2.737s] [ 88%] Built target cartographer.mapping.internal.range_data_collator_test
[2.777s] [ 89%] Built target cartographer.mapping.map_builder_test
[2.777s] [35m[1mConsolidate compiler generated dependencies of target cartographer.mapping.pose_graph_test[0m
[2.781s] [35m[1mConsolidate compiler generated dependencies of target cartographer.mapping.pose_extrapolator_test[0m
[2.781s] [35m[1mConsolidate compiler generated dependencies of target cartographer.mapping.probability_values_test[0m
[2.791s] [35m[1mConsolidate compiler generated dependencies of target cartographer.mapping.submaps_test[0m
[2.793s] [35m[1mConsolidate compiler generated dependencies of target cartographer.mapping.trajectory_node_test[0m
[2.797s] [35m[1mConsolidate compiler generated dependencies of target cartographer.mapping.pose_graph_trimmer_test[0m
[2.820s] [ 90%] Built target cartographer.mapping.probability_values_test
[2.827s] [35m[1mConsolidate compiler generated dependencies of target cartographer.mapping.value_conversion_tables_test[0m
[2.833s] [ 90%] Built target cartographer.mapping.submaps_test
[2.841s] [ 91%] Built target cartographer.mapping.pose_graph_test
[2.845s] [35m[1mConsolidate compiler generated dependencies of target cartographer.sensor.compressed_point_cloud_test[0m
[2.856s] [35m[1mConsolidate compiler generated dependencies of target cartographer.sensor.internal.collator_test[0m
[2.870s] [ 91%] Built target cartographer.mapping.pose_graph_trimmer_test
[2.873s] [ 92%] Built target cartographer.mapping.trajectory_node_test
[2.874s] [ 92%] Built target cartographer.mapping.pose_extrapolator_test
[2.889s] [35m[1mConsolidate compiler generated dependencies of target cartographer.sensor.internal.ordered_multi_queue_test[0m
[2.920s] [ 93%] Built target cartographer.sensor.compressed_point_cloud_test
[2.925s] [ 93%] Built target cartographer.sensor.internal.collator_test
[2.930s] [35m[1mConsolidate compiler generated dependencies of target cartographer.sensor.internal.trajectory_collator_test[0m
[2.931s] [ 93%] Built target cartographer.mapping.value_conversion_tables_test
[2.961s] [ 94%] Built target cartographer.sensor.internal.ordered_multi_queue_test
[2.973s] [35m[1mConsolidate compiler generated dependencies of target cartographer.sensor.landmark_data_test[0m
[2.982s] [35m[1mConsolidate compiler generated dependencies of target cartographer.sensor.point_cloud_test[0m
[3.000s] [35m[1mConsolidate compiler generated dependencies of target cartographer.sensor.internal.voxel_filter_test[0m
[3.001s] [35m[1mConsolidate compiler generated dependencies of target cartographer.sensor.map_by_time_test[0m
[3.005s] [35m[1mConsolidate compiler generated dependencies of target cartographer.sensor.range_data_test[0m
[3.005s] [ 94%] Built target cartographer.sensor.internal.trajectory_collator_test
[3.022s] [35m[1mConsolidate compiler generated dependencies of target cartographer.transform.rigid_transform_test[0m
[3.037s] [35m[1mConsolidate compiler generated dependencies of target cartographer.transform.timestamped_transform_test[0m
[3.049s] [ 95%] Built target cartographer.sensor.point_cloud_test
[3.054s] [ 96%] Built target cartographer.sensor.internal.voxel_filter_test
[3.062s] [ 96%] Built target cartographer.sensor.landmark_data_test
[3.067s] [ 97%] Built target cartographer.sensor.map_by_time_test
[3.073s] [ 97%] Built target cartographer.sensor.range_data_test
[3.078s] [ 98%] Built target cartographer.transform.rigid_transform_test
[3.083s] [35m[1mConsolidate compiler generated dependencies of target cartographer.transform.transform_interpolation_buffer_test[0m
[3.094s] [ 98%] Built target cartographer.transform.timestamped_transform_test
[3.100s] [35m[1mConsolidate compiler generated dependencies of target cartographer.transform.transform_test[0m
[3.122s] [100%] Built target cartographer.transform.transform_interpolation_buffer_test
[3.138s] [100%] Built target cartographer.transform.transform_test
[3.187s] Invoked command in '/home/tolasing/ros2_ws/build/cartographer' returned '0': CMAKE_PREFIX_PATH=/home/tolasing/ros2_ws/src/cartographer:/usr/lib/x86_64-linux-gnu/libserial.so:/home/tolasing/ros2_ws/src/cartographer:/usr/lib/x86_64-linux-gnu/libserial.so:/home/tolasing/ros2_ws/install/serial_driver:/home/tolasing/ros2_ws/install/motor_control:/home/tolasing/ros2_ws/install/service_pkg:/home/tolasing/ros2_ws/install/nav2_project:/opt/ros/humble:/home/tolasing/ros2_ws/install/serial:/home/tolasing/ros2_ws/install/prototype:/home/tolasing/ros2_ws/install/nav2_course:/home/tolasing/ros2_ws/install/io_context:/home/tolasing/ros2_ws/install/cartographer:/home/tolasing/ros2_ws/install/asio_cmake_module /usr/bin/cmake --build /home/tolasing/ros2_ws/build/cartographer -- -j8 -l8
[3.842s] Invoking command in '/home/tolasing/ros2_ws/build/cartographer': CMAKE_PREFIX_PATH=/home/tolasing/ros2_ws/src/cartographer:/usr/lib/x86_64-linux-gnu/libserial.so:/home/tolasing/ros2_ws/src/cartographer:/usr/lib/x86_64-linux-gnu/libserial.so:/home/tolasing/ros2_ws/install/serial_driver:/home/tolasing/ros2_ws/install/motor_control:/home/tolasing/ros2_ws/install/service_pkg:/home/tolasing/ros2_ws/install/nav2_project:/opt/ros/humble:/home/tolasing/ros2_ws/install/serial:/home/tolasing/ros2_ws/install/prototype:/home/tolasing/ros2_ws/install/nav2_course:/home/tolasing/ros2_ws/install/io_context:/home/tolasing/ros2_ws/install/cartographer:/home/tolasing/ros2_ws/install/asio_cmake_module /usr/bin/cmake --install /home/tolasing/ros2_ws/build/cartographer
[3.854s] -- Install configuration: "Release"
[3.854s] -- Up-to-date: /home/tolasing/ros2_ws/install/cartographer/share/cartographer/package.xml
[3.854s] -- Up-to-date: /home/tolasing/ros2_ws/install/cartographer/share/cartographer//configuration_files
[3.854s] -- Up-to-date: /home/tolasing/ros2_ws/install/cartographer/share/cartographer//configuration_files/map_builder_server.lua
[3.855s] -- Up-to-date: /home/tolasing/ros2_ws/install/cartographer/share/cartographer//configuration_files/pose_graph.lua
[3.855s] -- Up-to-date: /home/tolasing/ros2_ws/install/cartographer/share/cartographer//configuration_files/trajectory_builder_3d.lua
[3.855s] -- Up-to-date: /home/tolasing/ros2_ws/install/cartographer/share/cartographer//configuration_files/trajectory_builder.lua
[3.855s] -- Up-to-date: /home/tolasing/ros2_ws/install/cartographer/share/cartographer//configuration_files/trajectory_builder_2d.lua
[3.855s] -- Up-to-date: /home/tolasing/ros2_ws/install/cartographer/share/cartographer//configuration_files/map_builder.lua
[3.855s] -- Up-to-date: /home/tolasing/ros2_ws/install/cartographer/share/cartographer//cmake
[3.855s] -- Up-to-date: /home/tolasing/ros2_ws/install/cartographer/share/cartographer//cmake/modules
[3.855s] -- Up-to-date: /home/tolasing/ros2_ws/install/cartographer/share/cartographer//cmake/modules/FindSphinx.cmake
[3.856s] -- Up-to-date: /home/tolasing/ros2_ws/install/cartographer/share/cartographer//cmake/modules/FindGMock.cmake
[3.856s] -- Up-to-date: /home/tolasing/ros2_ws/install/cartographer/share/cartographer//cmake/modules/FindEigen3.cmake
[3.856s] -- Up-to-date: /home/tolasing/ros2_ws/install/cartographer/share/cartographer//cmake/modules/FindLuaGoogle.cmake
[3.856s] -- Up-to-date: /home/tolasing/ros2_ws/install/cartographer/share/cartographer//cmake/functions.cmake
[3.856s] -- Up-to-date: /home/tolasing/ros2_ws/install/cartographer/bin/cartographer_autogenerate_ground_truth
[3.856s] -- Up-to-date: /home/tolasing/ros2_ws/install/cartographer/bin/cartographer_compute_relations_metrics
[3.857s] -- Up-to-date: /home/tolasing/ros2_ws/install/cartographer/bin/cartographer_pbstream
[3.858s] -- Up-to-date: /home/tolasing/ros2_ws/install/cartographer/bin/cartographer_print_configuration
[3.858s] -- Up-to-date: /home/tolasing/ros2_ws/install/cartographer/lib/libcartographer.a
[3.858s] -- Up-to-date: /home/tolasing/ros2_ws/install/cartographer/include/cartographer/common/configuration_file_resolver.h
[3.858s] -- Up-to-date: /home/tolasing/ros2_ws/install/cartographer/include/cartographer/common/fixed_ratio_sampler.h
[3.859s] -- Up-to-date: /home/tolasing/ros2_ws/install/cartographer/include/cartographer/common/histogram.h
[3.859s] -- Up-to-date: /home/tolasing/ros2_ws/install/cartographer/include/cartographer/common/lua.h
[3.859s] -- Up-to-date: /home/tolasing/ros2_ws/install/cartographer/include/cartographer/common/lua_parameter_dictionary.h
[3.860s] -- Up-to-date: /home/tolasing/ros2_ws/install/cartographer/include/cartographer/common/math.h
[3.860s] -- Up-to-date: /home/tolasing/ros2_ws/install/cartographer/include/cartographer/common/port.h
[3.860s] -- Up-to-date: /home/tolasing/ros2_ws/install/cartographer/include/cartographer/common/task.h
[3.860s] -- Up-to-date: /home/tolasing/ros2_ws/install/cartographer/include/cartographer/common/thread_pool.h
[3.860s] -- Up-to-date: /home/tolasing/ros2_ws/install/cartographer/include/cartographer/common/time.h
[3.861s] -- Up-to-date: /home/tolasing/ros2_ws/install/cartographer/include/cartographer/ground_truth/autogenerate_ground_truth.h
[3.861s] -- Up-to-date: /home/tolasing/ros2_ws/install/cartographer/include/cartographer/ground_truth/relations_text_file.h
[3.861s] -- Up-to-date: /home/tolasing/ros2_ws/install/cartographer/include/cartographer/io/color.h
[3.861s] -- Up-to-date: /home/tolasing/ros2_ws/install/cartographer/include/cartographer/io/coloring_points_processor.h
[3.861s] -- Up-to-date: /home/tolasing/ros2_ws/install/cartographer/include/cartographer/io/counting_points_processor.h
[3.861s] -- Up-to-date: /home/tolasing/ros2_ws/install/cartographer/include/cartographer/io/draw_trajectories.h
[3.862s] -- Up-to-date: /home/tolasing/ros2_ws/install/cartographer/include/cartographer/io/file_writer.h
[3.862s] -- Up-to-date: /home/tolasing/ros2_ws/install/cartographer/include/cartographer/io/fixed_ratio_sampling_points_processor.h
[3.862s] -- Up-to-date: /home/tolasing/ros2_ws/install/cartographer/include/cartographer/io/frame_id_filtering_points_processor.h
[3.862s] -- Up-to-date: /home/tolasing/ros2_ws/install/cartographer/include/cartographer/io/hybrid_grid_points_processor.h
[3.862s] -- Up-to-date: /home/tolasing/ros2_ws/install/cartographer/include/cartographer/io/image.h
[3.862s] -- Up-to-date: /home/tolasing/ros2_ws/install/cartographer/include/cartographer/io/intensity_to_color_points_processor.h
[3.863s] -- Up-to-date: /home/tolasing/ros2_ws/install/cartographer/include/cartographer/io/min_max_range_filtering_points_processor.h
[3.863s] -- Up-to-date: /home/tolasing/ros2_ws/install/cartographer/include/cartographer/io/null_points_processor.h
[3.863s] -- Up-to-date: /home/tolasing/ros2_ws/install/cartographer/include/cartographer/io/outlier_removing_points_processor.h
[3.863s] -- Up-to-date: /home/tolasing/ros2_ws/install/cartographer/include/cartographer/io/pcd_writing_points_processor.h
[3.863s] -- Up-to-date: /home/tolasing/ros2_ws/install/cartographer/include/cartographer/io/ply_writing_points_processor.h
[3.864s] -- Up-to-date: /home/tolasing/ros2_ws/install/cartographer/include/cartographer/io/points_batch.h
[3.864s] -- Up-to-date: /home/tolasing/ros2_ws/install/cartographer/include/cartographer/io/points_processor.h
[3.864s] -- Up-to-date: /home/tolasing/ros2_ws/install/cartographer/include/cartographer/io/points_processor_pipeline_builder.h
[3.864s] -- Up-to-date: /home/tolasing/ros2_ws/install/cartographer/include/cartographer/io/probability_grid_points_processor.h
[3.864s] -- Up-to-date: /home/tolasing/ros2_ws/install/cartographer/include/cartographer/io/proto_stream.h
[3.864s] -- Up-to-date: /home/tolasing/ros2_ws/install/cartographer/include/cartographer/io/proto_stream_deserializer.h
[3.865s] -- Up-to-date: /home/tolasing/ros2_ws/install/cartographer/include/cartographer/io/proto_stream_interface.h
[3.865s] -- Up-to-date: /home/tolasing/ros2_ws/install/cartographer/include/cartographer/io/serialization_format_migration.h
[3.865s] -- Up-to-date: /home/tolasing/ros2_ws/install/cartographer/include/cartographer/io/submap_painter.h
[3.865s] -- Up-to-date: /home/tolasing/ros2_ws/install/cartographer/include/cartographer/io/vertical_range_filtering_points_processor.h
[3.865s] -- Up-to-date: /home/tolasing/ros2_ws/install/cartographer/include/cartographer/io/xray_points_processor.h
[3.865s] -- Up-to-date: /home/tolasing/ros2_ws/install/cartographer/include/cartographer/io/xyz_writing_points_processor.h
[3.866s] -- Up-to-date: /home/tolasing/ros2_ws/install/cartographer/include/cartographer/mapping/2d/grid_2d.h
[3.866s] -- Up-to-date: /home/tolasing/ros2_ws/install/cartographer/include/cartographer/mapping/2d/map_limits.h
[3.866s] -- Up-to-date: /home/tolasing/ros2_ws/install/cartographer/include/cartographer/mapping/2d/probability_grid.h
[3.866s] -- Up-to-date: /home/tolasing/ros2_ws/install/cartographer/include/cartographer/mapping/2d/probability_grid_range_data_inserter_2d.h
[3.866s] -- Up-to-date: /home/tolasing/ros2_ws/install/cartographer/include/cartographer/mapping/2d/submap_2d.h
[3.866s] -- Up-to-date: /home/tolasing/ros2_ws/install/cartographer/include/cartographer/mapping/2d/xy_index.h
[3.867s] -- Up-to-date: /home/tolasing/ros2_ws/install/cartographer/include/cartographer/mapping/3d/hybrid_grid.h
[3.867s] -- Up-to-date: /home/tolasing/ros2_ws/install/cartographer/include/cartographer/mapping/3d/range_data_inserter_3d.h
[3.867s] -- Up-to-date: /home/tolasing/ros2_ws/install/cartographer/include/cartographer/mapping/3d/submap_3d.h
[3.867s] -- Up-to-date: /home/tolasing/ros2_ws/install/cartographer/include/cartographer/mapping/detect_floors.h
[3.867s] -- Up-to-date: /home/tolasing/ros2_ws/install/cartographer/include/cartographer/mapping/grid_interface.h
[3.868s] -- Up-to-date: /home/tolasing/ros2_ws/install/cartographer/include/cartographer/mapping/id.h
[3.868s] -- Up-to-date: /home/tolasing/ros2_ws/install/cartographer/include/cartographer/mapping/imu_tracker.h
[3.868s] -- Up-to-date: /home/tolasing/ros2_ws/install/cartographer/include/cartographer/mapping/map_builder.h
[3.868s] -- Up-to-date: /home/tolasing/ros2_ws/install/cartographer/include/cartographer/mapping/map_builder_interface.h
[3.868s] -- Up-to-date: /home/tolasing/ros2_ws/install/cartographer/include/cartographer/mapping/pose_extrapolator.h
[3.868s] -- Up-to-date: /home/tolasing/ros2_ws/install/cartographer/include/cartographer/mapping/pose_extrapolator_interface.h
[3.868s] -- Up-to-date: /home/tolasing/ros2_ws/install/cartographer/include/cartographer/mapping/pose_graph.h
[3.868s] -- Up-to-date: /home/tolasing/ros2_ws/install/cartographer/include/cartographer/mapping/pose_graph_interface.h
[3.869s] -- Up-to-date: /home/tolasing/ros2_ws/install/cartographer/include/cartographer/mapping/pose_graph_trimmer.h
[3.869s] -- Up-to-date: /home/tolasing/ros2_ws/install/cartographer/include/cartographer/mapping/probability_values.h
[3.869s] -- Up-to-date: /home/tolasing/ros2_ws/install/cartographer/include/cartographer/mapping/range_data_inserter_interface.h
[3.869s] -- Up-to-date: /home/tolasing/ros2_ws/install/cartographer/include/cartographer/mapping/submaps.h
[3.869s] -- Up-to-date: /home/tolasing/ros2_ws/install/cartographer/include/cartographer/mapping/trajectory_builder_interface.h
[3.869s] -- Up-to-date: /home/tolasing/ros2_ws/install/cartographer/include/cartographer/mapping/trajectory_node.h
[3.869s] -- Up-to-date: /home/tolasing/ros2_ws/install/cartographer/include/cartographer/mapping/value_conversion_tables.h
[3.869s] -- Up-to-date: /home/tolasing/ros2_ws/install/cartographer/include/cartographer/metrics/counter.h
[3.870s] -- Up-to-date: /home/tolasing/ros2_ws/install/cartographer/include/cartographer/metrics/family_factory.h
[3.870s] -- Up-to-date: /home/tolasing/ros2_ws/install/cartographer/include/cartographer/metrics/gauge.h
[3.870s] -- Up-to-date: /home/tolasing/ros2_ws/install/cartographer/include/cartographer/metrics/histogram.h
[3.870s] -- Up-to-date: /home/tolasing/ros2_ws/install/cartographer/include/cartographer/metrics/register.h
[3.871s] -- Up-to-date: /home/tolasing/ros2_ws/install/cartographer/include/cartographer/sensor/collator_interface.h
[3.871s] -- Up-to-date: /home/tolasing/ros2_ws/install/cartographer/include/cartographer/sensor/compressed_point_cloud.h
[3.872s] -- Up-to-date: /home/tolasing/ros2_ws/install/cartographer/include/cartographer/sensor/data.h
[3.872s] -- Up-to-date: /home/tolasing/ros2_ws/install/cartographer/include/cartographer/sensor/fixed_frame_pose_data.h
[3.872s] -- Up-to-date: /home/tolasing/ros2_ws/install/cartographer/include/cartographer/sensor/imu_data.h
[3.873s] -- Up-to-date: /home/tolasing/ros2_ws/install/cartographer/include/cartographer/sensor/landmark_data.h
[3.873s] -- Up-to-date: /home/tolasing/ros2_ws/install/cartographer/include/cartographer/sensor/map_by_time.h
[3.874s] -- Up-to-date: /home/tolasing/ros2_ws/install/cartographer/include/cartographer/sensor/odometry_data.h
[3.874s] -- Up-to-date: /home/tolasing/ros2_ws/install/cartographer/include/cartographer/sensor/point_cloud.h
[3.874s] -- Up-to-date: /home/tolasing/ros2_ws/install/cartographer/include/cartographer/sensor/range_data.h
[3.874s] -- Up-to-date: /home/tolasing/ros2_ws/install/cartographer/include/cartographer/sensor/rangefinder_point.h
[3.874s] -- Up-to-date: /home/tolasing/ros2_ws/install/cartographer/include/cartographer/sensor/timed_point_cloud_data.h
[3.874s] -- Up-to-date: /home/tolasing/ros2_ws/install/cartographer/include/cartographer/transform/rigid_transform.h
[3.874s] -- Up-to-date: /home/tolasing/ros2_ws/install/cartographer/include/cartographer/transform/timestamped_transform.h
[3.875s] -- Up-to-date: /home/tolasing/ros2_ws/install/cartographer/include/cartographer/transform/transform.h
[3.875s] -- Up-to-date: /home/tolasing/ros2_ws/install/cartographer/include/cartographer/transform/transform_interpolation_buffer.h
[3.875s] -- Up-to-date: /home/tolasing/ros2_ws/install/cartographer/include/cartographer/io/fake_file_writer.h
[3.875s] -- Up-to-date: /home/tolasing/ros2_ws/install/cartographer/include/cartographer/transform/rigid_transform_test_helpers.h
[3.875s] -- Up-to-date: /home/tolasing/ros2_ws/install/cartographer/include/cartographer/common/proto/ceres_solver_options.pb.h
[3.875s] -- Up-to-date: /home/tolasing/ros2_ws/install/cartographer/include/cartographer/ground_truth/proto/relations.pb.h
[3.875s] -- Up-to-date: /home/tolasing/ros2_ws/install/cartographer/include/cartographer/mapping/proto/cell_limits_2d.pb.h
[3.875s] -- Up-to-date: /home/tolasing/ros2_ws/install/cartographer/include/cartographer/mapping/proto/connected_components.pb.h
[3.876s] -- Up-to-date: /home/tolasing/ros2_ws/install/cartographer/include/cartographer/mapping/proto/grid_2d.pb.h
[3.876s] -- Up-to-date: /home/tolasing/ros2_ws/install/cartographer/include/cartographer/mapping/proto/grid_2d_options.pb.h
[3.876s] -- Up-to-date: /home/tolasing/ros2_ws/install/cartographer/include/cartographer/mapping/proto/hybrid_grid.pb.h
[3.876s] -- Up-to-date: /home/tolasing/ros2_ws/install/cartographer/include/cartographer/mapping/proto/local_trajectory_builder_options_2d.pb.h
[3.876s] -- Up-to-date: /home/tolasing/ros2_ws/install/cartographer/include/cartographer/mapping/proto/local_trajectory_builder_options_3d.pb.h
[3.876s] -- Up-to-date: /home/tolasing/ros2_ws/install/cartographer/include/cartographer/mapping/proto/map_builder_options.pb.h
[3.876s] -- Up-to-date: /home/tolasing/ros2_ws/install/cartographer/include/cartographer/mapping/proto/map_limits.pb.h
[3.876s] -- Up-to-date: /home/tolasing/ros2_ws/install/cartographer/include/cartographer/mapping/proto/motion_filter_options.pb.h
[3.876s] -- Up-to-date: /home/tolasing/ros2_ws/install/cartographer/include/cartographer/mapping/proto/normal_estimation_options_2d.pb.h
[3.877s] -- Up-to-date: /home/tolasing/ros2_ws/install/cartographer/include/cartographer/mapping/proto/pose_extrapolator_options.pb.h
[3.877s] -- Up-to-date: /home/tolasing/ros2_ws/install/cartographer/include/cartographer/mapping/proto/pose_graph.pb.h
[3.877s] -- Up-to-date: /home/tolasing/ros2_ws/install/cartographer/include/cartographer/mapping/proto/pose_graph/constraint_builder_options.pb.h
[3.877s] -- Up-to-date: /home/tolasing/ros2_ws/install/cartographer/include/cartographer/mapping/proto/pose_graph/optimization_problem_options.pb.h
[3.877s] -- Up-to-date: /home/tolasing/ros2_ws/install/cartographer/include/cartographer/mapping/proto/pose_graph_options.pb.h
[3.877s] -- Up-to-date: /home/tolasing/ros2_ws/install/cartographer/include/cartographer/mapping/proto/probability_grid.pb.h
[3.877s] -- Up-to-date: /home/tolasing/ros2_ws/install/cartographer/include/cartographer/mapping/proto/probability_grid_range_data_inserter_options_2d.pb.h
[3.877s] -- Up-to-date: /home/tolasing/ros2_ws/install/cartographer/include/cartographer/mapping/proto/range_data_inserter_options.pb.h
[3.878s] -- Up-to-date: /home/tolasing/ros2_ws/install/cartographer/include/cartographer/mapping/proto/range_data_inserter_options_3d.pb.h
[3.878s] -- Up-to-date: /home/tolasing/ros2_ws/install/cartographer/include/cartographer/mapping/proto/scan_matching/ceres_scan_matcher_options_2d.pb.h
[3.878s] -- Up-to-date: /home/tolasing/ros2_ws/install/cartographer/include/cartographer/mapping/proto/scan_matching/ceres_scan_matcher_options_3d.pb.h
[3.878s] -- Up-to-date: /home/tolasing/ros2_ws/install/cartographer/include/cartographer/mapping/proto/scan_matching/fast_correlative_scan_matcher_options_2d.pb.h
[3.878s] -- Up-to-date: /home/tolasing/ros2_ws/install/cartographer/include/cartographer/mapping/proto/scan_matching/fast_correlative_scan_matcher_options_3d.pb.h
[3.878s] -- Up-to-date: /home/tolasing/ros2_ws/install/cartographer/include/cartographer/mapping/proto/scan_matching/real_time_correlative_scan_matcher_options.pb.h
[3.878s] -- Up-to-date: /home/tolasing/ros2_ws/install/cartographer/include/cartographer/mapping/proto/serialization.pb.h
[3.879s] -- Up-to-date: /home/tolasing/ros2_ws/install/cartographer/include/cartographer/mapping/proto/submap.pb.h
[3.879s] -- Up-to-date: /home/tolasing/ros2_ws/install/cartographer/include/cartographer/mapping/proto/submap_visualization.pb.h
[3.879s] -- Up-to-date: /home/tolasing/ros2_ws/install/cartographer/include/cartographer/mapping/proto/submaps_options_2d.pb.h
[3.879s] -- Up-to-date: /home/tolasing/ros2_ws/install/cartographer/include/cartographer/mapping/proto/submaps_options_3d.pb.h
[3.879s] -- Up-to-date: /home/tolasing/ros2_ws/install/cartographer/include/cartographer/mapping/proto/trajectory.pb.h
[3.879s] -- Up-to-date: /home/tolasing/ros2_ws/install/cartographer/include/cartographer/mapping/proto/trajectory_builder_options.pb.h
[3.879s] -- Up-to-date: /home/tolasing/ros2_ws/install/cartographer/include/cartographer/mapping/proto/trajectory_node_data.pb.h
[3.879s] -- Up-to-date: /home/tolasing/ros2_ws/install/cartographer/include/cartographer/mapping/proto/tsdf_2d.pb.h
[3.880s] -- Up-to-date: /home/tolasing/ros2_ws/install/cartographer/include/cartographer/mapping/proto/tsdf_range_data_inserter_options_2d.pb.h
[3.880s] -- Up-to-date: /home/tolasing/ros2_ws/install/cartographer/include/cartographer/sensor/proto/adaptive_voxel_filter_options.pb.h
[3.880s] -- Up-to-date: /home/tolasing/ros2_ws/install/cartographer/include/cartographer/sensor/proto/sensor.pb.h
[3.880s] -- Up-to-date: /home/tolasing/ros2_ws/install/cartographer/include/cartographer/transform/proto/timestamped_transform.pb.h
[3.880s] -- Up-to-date: /home/tolasing/ros2_ws/install/cartographer/include/cartographer/transform/proto/transform.pb.h
[3.880s] -- Up-to-date: /home/tolasing/ros2_ws/install/cartographer/share/cartographer/cmake/CartographerTargets.cmake
[3.880s] -- Up-to-date: /home/tolasing/ros2_ws/install/cartographer/share/cartographer/cmake/CartographerTargets-release.cmake
[3.880s] -- Up-to-date: /home/tolasing/ros2_ws/install/cartographer/share/cartographer/cartographer-config.cmake
[3.881s] Invoked command in '/home/tolasing/ros2_ws/build/cartographer' returned '0': CMAKE_PREFIX_PATH=/home/tolasing/ros2_ws/src/cartographer:/usr/lib/x86_64-linux-gnu/libserial.so:/home/tolasing/ros2_ws/src/cartographer:/usr/lib/x86_64-linux-gnu/libserial.so:/home/tolasing/ros2_ws/install/serial_driver:/home/tolasing/ros2_ws/install/motor_control:/home/tolasing/ros2_ws/install/service_pkg:/home/tolasing/ros2_ws/install/nav2_project:/opt/ros/humble:/home/tolasing/ros2_ws/install/serial:/home/tolasing/ros2_ws/install/prototype:/home/tolasing/ros2_ws/install/nav2_course:/home/tolasing/ros2_ws/install/io_context:/home/tolasing/ros2_ws/install/cartographer:/home/tolasing/ros2_ws/install/asio_cmake_module /usr/bin/cmake --install /home/tolasing/ros2_ws/build/cartographer
