-- The C compiler identification is GNU 9.4.0
-- The CXX compiler identification is GNU 9.4.0
-- Check for working C compiler: /usr/bin/cc
-- Check for working C compiler: /usr/bin/cc -- works
-- Detecting C compiler ABI info
-- Detecting C compiler ABI info - done
-- Detecting C compile features
-- Detecting C compile features - done
-- Check for working CXX compiler: /usr/bin/c++
-- Check for working CXX compiler: /usr/bin/c++ -- works
-- Detecting CXX compiler ABI info
-- Detecting CXX compiler ABI info - done
-- Detecting CXX compile features
-- Detecting CXX compile features - done
-- Found ament_cmake: 0.9.12 (/opt/ros/foxy/share/ament_cmake/cmake)
-- Found PythonInterp: /usr/bin/python3 (found suitable version "3.8.10", minimum required is "3") 
-- Using PYTHON_EXECUTABLE: /usr/bin/python3
-- Found rclcpp: 2.4.3 (/opt/ros/foxy/share/rclcpp/cmake)
-- Using all available rosidl_typesupport_c: rosidl_typesupport_fastrtps_c;rosidl_typesupport_introspection_c
-- Found rosidl_adapter: 1.3.1 (/opt/ros/foxy/share/rosidl_adapter/cmake)
-- Found OpenSSL: /usr/lib/aarch64-linux-gnu/libcrypto.so (found version "1.1.1f")  
-- Found FastRTPS: /opt/ros/foxy/include  
-- Using all available rosidl_typesupport_cpp: rosidl_typesupport_fastrtps_cpp;rosidl_typesupport_introspection_cpp
-- Found rmw_implementation_cmake: 1.0.4 (/opt/ros/foxy/share/rmw_implementation_cmake/cmake)
-- Using RMW implementation 'rmw_fastrtps_cpp' as default
-- Looking for pthread.h
-- Looking for pthread.h - found
-- Performing Test CMAKE_HAVE_LIBC_PTHREAD
-- Performing Test CMAKE_HAVE_LIBC_PTHREAD - Failed
-- Looking for pthread_create in pthreads
-- Looking for pthread_create in pthreads - not found
-- Looking for pthread_create in pthread
-- Looking for pthread_create in pthread - found
-- Found Threads: TRUE  
-- Configuring done
-- Generating done
-- Build files have been written to: /home/rock/robot_ws/build/serial
[35m[1mScanning dependencies of target serial[0m
[ 16%] [32mBuilding CXX object CMakeFiles/serial.dir/src/impl/unix.cc.o[0m
[ 33%] [32mBuilding CXX object CMakeFiles/serial.dir/src/serial.cc.o[0m
[ 50%] [32mBuilding CXX object CMakeFiles/serial.dir/src/impl/list_ports/list_ports_linux.cc.o[0m
[ 66%] [32m[1mLinking CXX static library libserial.a[0m
[ 66%] Built target serial
[35m[1mScanning dependencies of target serial_example[0m
[ 83%] [32mBuilding CXX object CMakeFiles/serial_example.dir/examples/serial_example.cc.o[0m
[100%] [32m[1mLinking CXX executable serial_example[0m
[100%] Built target serial_example
-- Install configuration: ""
-- Installing: /home/rock/robot_ws/install/serial/share/serial/environment/library_path.sh
-- Installing: /home/rock/robot_ws/install/serial/share/serial/environment/library_path.dsv
-- Installing: /home/rock/robot_ws/install/serial/include/serial
-- Installing: /home/rock/robot_ws/install/serial/include/serial/v8stdint.h
-- Installing: /home/rock/robot_ws/install/serial/include/serial/serial.h
-- Installing: /home/rock/robot_ws/install/serial/include/serial/impl
-- Installing: /home/rock/robot_ws/install/serial/include/serial/impl/unix.h
-- Installing: /home/rock/robot_ws/install/serial/include/serial/impl/win.h
-- Installing: /home/rock/robot_ws/install/serial/lib/libserial.a
-- Up-to-date: /home/rock/robot_ws/install/serial/include/serial/serial.h
-- Up-to-date: /home/rock/robot_ws/install/serial/include/serial/v8stdint.h
-- Installing: /home/rock/robot_ws/install/serial/share/ament_index/resource_index/package_run_dependencies/serial
-- Installing: /home/rock/robot_ws/install/serial/share/ament_index/resource_index/parent_prefix_path/serial
-- Installing: /home/rock/robot_ws/install/serial/share/serial/environment/ament_prefix_path.sh
-- Installing: /home/rock/robot_ws/install/serial/share/serial/environment/ament_prefix_path.dsv
-- Installing: /home/rock/robot_ws/install/serial/share/serial/environment/path.sh
-- Installing: /home/rock/robot_ws/install/serial/share/serial/environment/path.dsv
-- Installing: /home/rock/robot_ws/install/serial/share/serial/local_setup.bash
-- Installing: /home/rock/robot_ws/install/serial/share/serial/local_setup.sh
-- Installing: /home/rock/robot_ws/install/serial/share/serial/local_setup.zsh
-- Installing: /home/rock/robot_ws/install/serial/share/serial/local_setup.dsv
-- Installing: /home/rock/robot_ws/install/serial/share/serial/package.dsv
-- Installing: /home/rock/robot_ws/install/serial/share/ament_index/resource_index/packages/serial
-- Installing: /home/rock/robot_ws/install/serial/share/serial/cmake/serialExport.cmake
-- Installing: /home/rock/robot_ws/install/serial/share/serial/cmake/serialExport-noconfig.cmake
-- Installing: /home/rock/robot_ws/install/serial/share/serial/cmake/ament_cmake_export_targets-extras.cmake
-- Installing: /home/rock/robot_ws/install/serial/share/serial/cmake/ament_cmake_export_include_directories-extras.cmake
-- Installing: /home/rock/robot_ws/install/serial/share/serial/cmake/ament_cmake_export_libraries-extras.cmake
-- Installing: /home/rock/robot_ws/install/serial/share/serial/cmake/ament_cmake_export_dependencies-extras.cmake
-- Installing: /home/rock/robot_ws/install/serial/share/serial/cmake/serialConfig.cmake
-- Installing: /home/rock/robot_ws/install/serial/share/serial/cmake/serialConfig-version.cmake
-- Installing: /home/rock/robot_ws/install/serial/share/serial/package.xml
