[0.060s] Invoking command in '/home/rock/robot_ws/build/serial': /usr/bin/cmake /home/rock/robot_ws/src/serial_driver -DCATKIN_INSTALL_INTO_PREFIX_ROOT=0 -DCMAKE_INSTALL_PREFIX=/home/rock/robot_ws/install/serial
[0.280s] -- The C compiler identification is GNU 9.4.0
[0.552s] -- The CXX compiler identification is GNU 9.4.0
[0.567s] -- Check for working C compiler: /usr/bin/cc
[0.804s] -- Check for working C compiler: /usr/bin/cc -- works
[0.807s] -- Detecting C compiler ABI info
[1.042s] -- Detecting C compiler ABI info - done
[1.083s] -- Detecting C compile features
[1.084s] -- Detecting C compile features - done
[1.092s] -- Check for working CXX compiler: /usr/bin/c++
[1.382s] -- Check for working CXX compiler: /usr/bin/c++ -- works
[1.391s] -- Detecting CXX compiler ABI info
[1.921s] -- Detecting CXX compiler ABI info - done
[2.041s] -- Detecting CXX compile features
[2.044s] -- Detecting CXX compile features - done
[2.054s] -- Found ament_cmake: 0.9.12 (/opt/ros/foxy/share/ament_cmake/cmake)
[2.132s] -- Found PythonInterp: /usr/bin/python3 (found suitable version "3.8.10", minimum required is "3") 
[2.134s] -- Using PYTHON_EXECUTABLE: /usr/bin/python3
[2.761s] -- Found rclcpp: 2.4.3 (/opt/ros/foxy/share/rclcpp/cmake)
[2.883s] -- Using all available rosidl_typesupport_c: rosidl_typesupport_fastrtps_c;rosidl_typesupport_introspection_c
[2.903s] -- Found rosidl_adapter: 1.3.1 (/opt/ros/foxy/share/rosidl_adapter/cmake)
[3.083s] -- Found OpenSSL: /usr/lib/aarch64-linux-gnu/libcrypto.so (found version "1.1.1f")  
[3.145s] -- Found FastRTPS: /opt/ros/foxy/include  
[3.361s] -- Using all available rosidl_typesupport_cpp: rosidl_typesupport_fastrtps_cpp;rosidl_typesupport_introspection_cpp
[3.568s] -- Found rmw_implementation_cmake: 1.0.4 (/opt/ros/foxy/share/rmw_implementation_cmake/cmake)
[3.573s] -- Using RMW implementation 'rmw_fastrtps_cpp' as default
[3.578s] -- Looking for pthread.h
[3.838s] -- Looking for pthread.h - found
[3.840s] -- Performing Test CMAKE_HAVE_LIBC_PTHREAD
[4.108s] -- Performing Test CMAKE_HAVE_LIBC_PTHREAD - Failed
[4.109s] -- Looking for pthread_create in pthreads
[4.341s] -- Looking for pthread_create in pthreads - not found
[4.343s] -- Looking for pthread_create in pthread
[4.586s] -- Looking for pthread_create in pthread - found
[4.590s] -- Found Threads: TRUE  
[5.446s] -- Configuring done
[5.461s] -- Generating done
[5.465s] CMake Warning:
[5.466s]   Manually-specified variables were not used by the project:
[5.468s] 
[5.469s]     CATKIN_INSTALL_INTO_PREFIX_ROOT
[5.471s] 
[5.472s] 
[5.473s] -- Build files have been written to: /home/rock/robot_ws/build/serial
[5.490s] Invoked command in '/home/rock/robot_ws/build/serial' returned '0': /usr/bin/cmake /home/rock/robot_ws/src/serial_driver -DCATKIN_INSTALL_INTO_PREFIX_ROOT=0 -DCMAKE_INSTALL_PREFIX=/home/rock/robot_ws/install/serial
[5.508s] Invoking command in '/home/rock/robot_ws/build/serial': /usr/bin/cmake --build /home/rock/robot_ws/build/serial -- -j6 -l6
[5.638s] [35m[1mScanning dependencies of target serial[0m
[5.680s] [ 16%] [32mBuilding CXX object CMakeFiles/serial.dir/src/impl/unix.cc.o[0m
[5.694s] [ 33%] [32mBuilding CXX object CMakeFiles/serial.dir/src/serial.cc.o[0m
[5.696s] [ 50%] [32mBuilding CXX object CMakeFiles/serial.dir/src/impl/list_ports/list_ports_linux.cc.o[0m
[8.632s] [ 66%] [32m[1mLinking CXX static library libserial.a[0m
[8.771s] [ 66%] Built target serial
[8.799s] [35m[1mScanning dependencies of target serial_example[0m
[8.833s] [ 83%] [32mBuilding CXX object CMakeFiles/serial_example.dir/examples/serial_example.cc.o[0m
[10.183s] [100%] [32m[1mLinking CXX executable serial_example[0m
[10.482s] [100%] Built target serial_example
[10.524s] Invoked command in '/home/rock/robot_ws/build/serial' returned '0': /usr/bin/cmake --build /home/rock/robot_ws/build/serial -- -j6 -l6
[10.738s] Invoking command in '/home/rock/robot_ws/build/serial': /usr/bin/cmake --install /home/rock/robot_ws/build/serial
[10.766s] -- Install configuration: ""
[10.771s] -- Installing: /home/rock/robot_ws/install/serial/share/serial/environment/library_path.sh
[10.777s] -- Installing: /home/rock/robot_ws/install/serial/share/serial/environment/library_path.dsv
[10.781s] -- Installing: /home/rock/robot_ws/install/serial/include/serial
[10.784s] -- Installing: /home/rock/robot_ws/install/serial/include/serial/v8stdint.h
[10.804s] -- Installing: /home/rock/robot_ws/install/serial/include/serial/serial.h
[10.807s] -- Installing: /home/rock/robot_ws/install/serial/include/serial/impl
[10.808s] -- Installing: /home/rock/robot_ws/install/serial/include/serial/impl/unix.h
[10.809s] -- Installing: /home/rock/robot_ws/install/serial/include/serial/impl/win.h
[10.818s] -- Installing: /home/rock/robot_ws/install/serial/lib/libserial.a
[10.822s] -- Up-to-date: /home/rock/robot_ws/install/serial/include/serial/serial.h
[10.823s] -- Up-to-date: /home/rock/robot_ws/install/serial/include/serial/v8stdint.h
[10.824s] -- Installing: /home/rock/robot_ws/install/serial/share/ament_index/resource_index/package_run_dependencies/serial
[10.825s] -- Installing: /home/rock/robot_ws/install/serial/share/ament_index/resource_index/parent_prefix_path/serial
[10.827s] -- Installing: /home/rock/robot_ws/install/serial/share/serial/environment/ament_prefix_path.sh
[10.828s] -- Installing: /home/rock/robot_ws/install/serial/share/serial/environment/ament_prefix_path.dsv
[10.829s] -- Installing: /home/rock/robot_ws/install/serial/share/serial/environment/path.sh
[10.830s] -- Installing: /home/rock/robot_ws/install/serial/share/serial/environment/path.dsv
[10.832s] -- Installing: /home/rock/robot_ws/install/serial/share/serial/local_setup.bash
[10.833s] -- Installing: /home/rock/robot_ws/install/serial/share/serial/local_setup.sh
[10.834s] -- Installing: /home/rock/robot_ws/install/serial/share/serial/local_setup.zsh
[10.835s] -- Installing: /home/rock/robot_ws/install/serial/share/serial/local_setup.dsv
[10.836s] -- Installing: /home/rock/robot_ws/install/serial/share/serial/package.dsv
[10.837s] -- Installing: /home/rock/robot_ws/install/serial/share/ament_index/resource_index/packages/serial
[10.839s] -- Installing: /home/rock/robot_ws/install/serial/share/serial/cmake/serialExport.cmake
[10.840s] -- Installing: /home/rock/robot_ws/install/serial/share/serial/cmake/serialExport-noconfig.cmake
[10.841s] -- Installing: /home/rock/robot_ws/install/serial/share/serial/cmake/ament_cmake_export_targets-extras.cmake
[10.842s] -- Installing: /home/rock/robot_ws/install/serial/share/serial/cmake/ament_cmake_export_include_directories-extras.cmake
[10.843s] -- Installing: /home/rock/robot_ws/install/serial/share/serial/cmake/ament_cmake_export_libraries-extras.cmake
[10.844s] -- Installing: /home/rock/robot_ws/install/serial/share/serial/cmake/ament_cmake_export_dependencies-extras.cmake
[10.846s] -- Installing: /home/rock/robot_ws/install/serial/share/serial/cmake/serialConfig.cmake
[10.848s] -- Installing: /home/rock/robot_ws/install/serial/share/serial/cmake/serialConfig-version.cmake
[10.850s] -- Installing: /home/rock/robot_ws/install/serial/share/serial/package.xml
[10.853s] Invoked command in '/home/rock/robot_ws/build/serial' returned '0': /usr/bin/cmake --install /home/rock/robot_ws/build/serial
