running develop
/usr/lib/python3/dist-packages/setuptools/command/easy_install.py:158: EasyInstallDeprecationWarning: easy_install command is deprecated. Use build and pip and other standards-based tools.
  warnings.warn(
/usr/lib/python3/dist-packages/setuptools/command/install.py:34: SetuptoolsDeprecationWarning: setup.py install is deprecated. Use build and pip and other standards-based tools.
  warnings.warn(
/usr/lib/python3/dist-packages/pkg_resources/__init__.py:116: PkgResourcesDeprecationWarning: 1.16.0-unknown is an invalid version and will not be supported in a future release
  warnings.warn(
/usr/lib/python3/dist-packages/pkg_resources/__init__.py:116: PkgResourcesDeprecationWarning: 0.1.43ubuntu1 is an invalid version and will not be supported in a future release
  warnings.warn(
/usr/lib/python3/dist-packages/pkg_resources/__init__.py:116: PkgResourcesDeprecationWarning: 1.1build1 is an invalid version and will not be supported in a future release
  warnings.warn(
running egg_info
writing path_planner.egg-info/PKG-INFO
writing dependency_links to path_planner.egg-info/dependency_links.txt
writing entry points to path_planner.egg-info/entry_points.txt
writing requirements to path_planner.egg-info/requires.txt
writing top-level names to path_planner.egg-info/top_level.txt
reading manifest file 'path_planner.egg-info/SOURCES.txt'
writing manifest file 'path_planner.egg-info/SOURCES.txt'
running build_ext
Creating /home/tolasing/ros2_ws/install/path_planner/lib/python3.10/site-packages/path-planner.egg-link (link to .)
Installing navigation_node script to /home/tolasing/ros2_ws/install/path_planner/lib/path_planner

Installed /home/tolasing/ros2_ws/build/path_planner
running install_data
copying config/bt_navigator.yaml -> /home/tolasing/ros2_ws/install/path_planner/share/path_planner/config
