[0.020s] Invoking command in '/home/tolasing/ros2_ws/build/cartographer': CMAKE_PREFIX_PATH=/usr/lib/x86_64-linux-gnu/libserial.so:/home/tolasing/ros2_ws/install/prototype:/usr/lib/x86_64-linux-gnu/libserial.so:/home/tolasing/ros2_ws/install/serial_driver:/home/tolasing/ros2_ws/install/motor_control:/home/tolasing/ros2_ws/install/service_pkg:/home/tolasing/ros2_ws/install/nav2_project:/opt/ros/humble:/home/tolasing/ros2_ws/install/serial:/home/tolasing/ros2_ws/install/nav2_course:/home/tolasing/ros2_ws/install/io_context:/home/tolasing/ros2_ws/install/asio_cmake_module /usr/bin/cmake --build /home/tolasing/ros2_ws/build/cartographer -- -j8 -l8
[0.112s] [  1%] [32mBuilding CXX object googletest/CMakeFiles/gtest.dir/src/gtest-all.cc.o[0m
[0.118s] [  1%] [34m[1mBuilding documentation.[0m
[0.128s] [  1%] Built target cartographer_detect_changes
[0.138s] [  1%] [32mBuilding CXX object CMakeFiles/cartographer.dir/cartographer/common/histogram.cc.o[0m
[0.138s] [  1%] [32mBuilding CXX object CMakeFiles/cartographer.dir/cartographer/common/internal/ceres_solver_options.cc.o[0m
[0.138s] [  1%] [32mBuilding CXX object CMakeFiles/cartographer.dir/cartographer/common/fixed_ratio_sampler.cc.o[0m
[0.138s] [  2%] [32mBuilding CXX object CMakeFiles/cartographer.dir/cartographer/common/internal/testing/thread_pool_for_testing.cc.o[0m
[0.138s] [  3%] [32mBuilding CXX object CMakeFiles/cartographer.dir/cartographer/common/configuration_file_resolver.cc.o[0m
[0.145s] [  3%] [32mBuilding CXX object CMakeFiles/cartographer.dir/cartographer/common/lua_parameter_dictionary.cc.o[0m
[0.898s] [01mRunning Sphinx v4.3.2[39;49;00m
[1.230s] [01mloading pickled environment... [39;49;00mdone
[1.241s] [01mbuilding [mo]: [39;49;00mtargets for 0 po files that are out of date
[1.243s] [01mbuilding [html]: [39;49;00mtargets for 0 source files that are out of date
[1.246s] [01mupdating environment: [39;49;00m0 added, 0 changed, 0 removed
[1.250s] [01mlooking for now-outdated files... [39;49;00mnone found
[1.250s] [01mno targets are out of date.[39;49;00m
[1.252s] [01mbuild succeeded.[39;49;00m
[1.252s] 
[1.254s] The HTML pages are in html.
[1.613s] [  3%] Built target build_doc
[1.633s] [  3%] [32mBuilding CXX object CMakeFiles/cartographer.dir/cartographer/common/task.cc.o[0m
[3.701s] [  3%] [32mBuilding CXX object CMakeFiles/cartographer.dir/cartographer/common/thread_pool.cc.o[0m
[3.816s] [  4%] [32mBuilding CXX object CMakeFiles/cartographer.dir/cartographer/common/time.cc.o[0m
[4.179s] [  4%] [32mBuilding CXX object CMakeFiles/cartographer.dir/cartographer/ground_truth/autogenerate_ground_truth.cc.o[0m
[4.726s] [  4%] [32mBuilding CXX object CMakeFiles/cartographer.dir/cartographer/ground_truth/relations_text_file.cc.o[0m
[5.285s] [  4%] [32mBuilding CXX object CMakeFiles/cartographer.dir/cartographer/io/color.cc.o[0m
[5.705s] [  5%] [32mBuilding CXX object CMakeFiles/cartographer.dir/cartographer/io/coloring_points_processor.cc.o[0m
[6.908s] [  5%] [32mBuilding CXX object CMakeFiles/cartographer.dir/cartographer/io/counting_points_processor.cc.o[0m
[7.527s] [  5%] [32mBuilding CXX object CMakeFiles/cartographer.dir/cartographer/io/draw_trajectories.cc.o[0m
[7.909s] [  5%] [32mBuilding CXX object CMakeFiles/cartographer.dir/cartographer/io/file_writer.cc.o[0m
[10.807s] [  6%] [32mBuilding CXX object CMakeFiles/cartographer.dir/cartographer/io/fixed_ratio_sampling_points_processor.cc.o[0m
[11.256s] [  6%] [32mBuilding CXX object CMakeFiles/cartographer.dir/cartographer/io/frame_id_filtering_points_processor.cc.o[0m
[11.600s] [  6%] [32mBuilding CXX object CMakeFiles/cartographer.dir/cartographer/io/hybrid_grid_points_processor.cc.o[0m
[12.343s] [  6%] [32mBuilding CXX object CMakeFiles/cartographer.dir/cartographer/io/image.cc.o[0m
[13.430s] [  7%] [32mBuilding CXX object CMakeFiles/cartographer.dir/cartographer/io/intensity_to_color_points_processor.cc.o[0m
[14.516s] [  7%] [32mBuilding CXX object CMakeFiles/cartographer.dir/cartographer/io/internal/in_memory_proto_stream.cc.o[0m
[15.513s] [  7%] [32mBuilding CXX object CMakeFiles/cartographer.dir/cartographer/io/internal/mapping_state_serialization.cc.o[0m
[19.931s] [  8%] [32mBuilding CXX object CMakeFiles/cartographer.dir/cartographer/io/internal/pbstream_info.cc.o[0m
[19.995s] [  8%] [32mBuilding CXX object CMakeFiles/cartographer.dir/cartographer/io/internal/pbstream_migrate.cc.o[0m
[21.339s] [  8%] [32mBuilding CXX object CMakeFiles/cartographer.dir/cartographer/io/min_max_range_filtering_points_processor.cc.o[0m
[21.408s] [  8%] [32mBuilding CXX object CMakeFiles/cartographer.dir/cartographer/io/outlier_removing_points_processor.cc.o[0m
[22.104s] [  9%] [32mBuilding CXX object CMakeFiles/cartographer.dir/cartographer/io/pcd_writing_points_processor.cc.o[0m
[22.540s] [  9%] [32mBuilding CXX object CMakeFiles/cartographer.dir/cartographer/io/ply_writing_points_processor.cc.o[0m
[25.909s] [  9%] [32m[1mLinking CXX static library ../lib/libgtest.a[0m
[26.333s] [  9%] Built target gtest
[26.351s] [  9%] [32mBuilding CXX object CMakeFiles/cartographer.dir/cartographer/io/points_batch.cc.o[0m
[26.375s] [ 10%] [32mBuilding CXX object gmock/CMakeFiles/gmock.dir/src/gmock-all.cc.o[0m
[27.570s] [ 10%] [32mBuilding CXX object CMakeFiles/cartographer.dir/cartographer/io/points_processor_pipeline_builder.cc.o[0m
[28.054s] [ 11%] [32mBuilding CXX object CMakeFiles/cartographer.dir/cartographer/io/probability_grid_points_processor.cc.o[0m
[30.212s] [ 11%] [32mBuilding CXX object CMakeFiles/cartographer.dir/cartographer/io/proto_stream.cc.o[0m
[30.297s] [ 11%] [32mBuilding CXX object CMakeFiles/cartographer.dir/cartographer/io/proto_stream_deserializer.cc.o[0m
[31.555s] [ 11%] [32mBuilding CXX object CMakeFiles/cartographer.dir/cartographer/io/serialization_format_migration.cc.o[0m
[32.246s] [ 12%] [32mBuilding CXX object CMakeFiles/cartographer.dir/cartographer/io/submap_painter.cc.o[0m
[34.662s] [ 12%] [32mBuilding CXX object CMakeFiles/cartographer.dir/cartographer/io/vertical_range_filtering_points_processor.cc.o[0m
[34.768s] [ 12%] [32m[1mLinking CXX static library ../lib/libgmock.a[0m
[35.098s] [ 12%] Built target gmock
[35.118s] [ 12%] [32mBuilding CXX object CMakeFiles/cartographer.dir/cartographer/io/xray_points_processor.cc.o[0m
