[0.176s] Invoking command in '/home/tolasing/ros2_ws/build/serial_driver': CMAKE_PREFIX_PATH=/home/tolasing/ros2_ws/install/io_context:/home/tolasing/ros2_ws/install/asio_cmake_module:/home/tolasing/ros2_ws/src/cartographer:/usr/lib/x86_64-linux-gnu/libserial.so:/home/tolasing/ros2_ws/src/cartographer:/usr/lib/x86_64-linux-gnu/libserial.so:/home/tolasing/ros2_ws/install/serial_driver:/home/tolasing/ros2_ws/install/motor_control:/home/tolasing/ros2_ws/install/service_pkg:/home/tolasing/ros2_ws/install/nav2_project:/opt/ros/humble:/home/tolasing/ros2_ws/install/serial:/home/tolasing/ros2_ws/install/prototype:/home/tolasing/ros2_ws/install/nav2_course:/home/tolasing/ros2_ws/install/cartographer LD_LIBRARY_PATH=/home/tolasing/ros2_ws/install/io_context/lib:/usr/lib/x86_64-linux-gnu:/usr/lib/x86_64-linux-gnu:/home/tolasing/ros2_ws/install/serial_driver/lib:/home/tolasing/ros2_ws/install/motor_control/lib:/usr/lib/x86_64-linux-gnu/gazebo-11/plugins:/opt/ros/humble/opt/rviz_ogre_vendor/lib:/opt/ros/humble/lib/x86_64-linux-gnu:/opt/ros/humble/lib /usr/bin/cmake --build /home/tolasing/ros2_ws/build/serial_driver -- -j8 -l8
[0.332s] [35m[1mConsolidate compiler generated dependencies of target serial_driver[0m
[0.343s] [35m[1mConsolidate compiler generated dependencies of target serial_bridge[0m
[0.345s] [35m[1mConsolidate compiler generated dependencies of target gtest_main[0m
[0.368s] [35m[1mConsolidate compiler generated dependencies of target gtest[0m
[0.387s] [ 13%] Built target gtest_main
[0.430s] [ 26%] Built target serial_bridge
[0.470s] [ 40%] Built target gtest
[0.489s] [ 60%] Built target serial_driver
[0.519s] [35m[1mConsolidate compiler generated dependencies of target test_serial_driver[0m
[0.519s] [35m[1mConsolidate compiler generated dependencies of target serial_driver_nodes[0m
[0.531s] [35m[1mConsolidate compiler generated dependencies of target test_serial_port[0m
[0.571s] [ 73%] Built target test_serial_driver
[0.581s] [ 86%] Built target test_serial_port
[0.585s] [100%] Built target serial_driver_nodes
[0.625s] Invoked command in '/home/tolasing/ros2_ws/build/serial_driver' returned '0': CMAKE_PREFIX_PATH=/home/tolasing/ros2_ws/install/io_context:/home/tolasing/ros2_ws/install/asio_cmake_module:/home/tolasing/ros2_ws/src/cartographer:/usr/lib/x86_64-linux-gnu/libserial.so:/home/tolasing/ros2_ws/src/cartographer:/usr/lib/x86_64-linux-gnu/libserial.so:/home/tolasing/ros2_ws/install/serial_driver:/home/tolasing/ros2_ws/install/motor_control:/home/tolasing/ros2_ws/install/service_pkg:/home/tolasing/ros2_ws/install/nav2_project:/opt/ros/humble:/home/tolasing/ros2_ws/install/serial:/home/tolasing/ros2_ws/install/prototype:/home/tolasing/ros2_ws/install/nav2_course:/home/tolasing/ros2_ws/install/cartographer LD_LIBRARY_PATH=/home/tolasing/ros2_ws/install/io_context/lib:/usr/lib/x86_64-linux-gnu:/usr/lib/x86_64-linux-gnu:/home/tolasing/ros2_ws/install/serial_driver/lib:/home/tolasing/ros2_ws/install/motor_control/lib:/usr/lib/x86_64-linux-gnu/gazebo-11/plugins:/opt/ros/humble/opt/rviz_ogre_vendor/lib:/opt/ros/humble/lib/x86_64-linux-gnu:/opt/ros/humble/lib /usr/bin/cmake --build /home/tolasing/ros2_ws/build/serial_driver -- -j8 -l8
[0.758s] Invoking command in '/home/tolasing/ros2_ws/build/serial_driver': CMAKE_PREFIX_PATH=/home/tolasing/ros2_ws/install/io_context:/home/tolasing/ros2_ws/install/asio_cmake_module:/home/tolasing/ros2_ws/src/cartographer:/usr/lib/x86_64-linux-gnu/libserial.so:/home/tolasing/ros2_ws/src/cartographer:/usr/lib/x86_64-linux-gnu/libserial.so:/home/tolasing/ros2_ws/install/serial_driver:/home/tolasing/ros2_ws/install/motor_control:/home/tolasing/ros2_ws/install/service_pkg:/home/tolasing/ros2_ws/install/nav2_project:/opt/ros/humble:/home/tolasing/ros2_ws/install/serial:/home/tolasing/ros2_ws/install/prototype:/home/tolasing/ros2_ws/install/nav2_course:/home/tolasing/ros2_ws/install/cartographer LD_LIBRARY_PATH=/home/tolasing/ros2_ws/install/io_context/lib:/usr/lib/x86_64-linux-gnu:/usr/lib/x86_64-linux-gnu:/home/tolasing/ros2_ws/install/serial_driver/lib:/home/tolasing/ros2_ws/install/motor_control/lib:/usr/lib/x86_64-linux-gnu/gazebo-11/plugins:/opt/ros/humble/opt/rviz_ogre_vendor/lib:/opt/ros/humble/lib/x86_64-linux-gnu:/opt/ros/humble/lib /usr/bin/cmake --install /home/tolasing/ros2_ws/build/serial_driver
[0.769s] -- Install configuration: ""
[0.769s] -- Up-to-date: /home/tolasing/ros2_ws/install/serial_driver/lib/serial_driver/serial_bridge
[0.769s] -- Up-to-date: /home/tolasing/ros2_ws/install/serial_driver/include
[0.769s] -- Up-to-date: /home/tolasing/ros2_ws/install/serial_driver/include/serial_driver
[0.769s] -- Up-to-date: /home/tolasing/ros2_ws/install/serial_driver/include/serial_driver/serial_port.hpp
[0.770s] -- Up-to-date: /home/tolasing/ros2_ws/install/serial_driver/include/serial_driver/serial_bridge_node.hpp
[0.770s] -- Up-to-date: /home/tolasing/ros2_ws/install/serial_driver/include/serial_driver/serial_driver.hpp
[0.770s] -- Up-to-date: /home/tolasing/ros2_ws/install/serial_driver/include/serial_driver/visibility_control.hpp
[0.770s] -- Up-to-date: /home/tolasing/ros2_ws/install/serial_driver/share/serial_driver/environment/library_path.sh
[0.770s] -- Up-to-date: /home/tolasing/ros2_ws/install/serial_driver/share/serial_driver/environment/library_path.dsv
[0.777s] -- Up-to-date: /home/tolasing/ros2_ws/install/serial_driver/lib/libserial_driver.so
[0.778s] -- Up-to-date: /home/tolasing/ros2_ws/install/serial_driver/lib/libserial_driver_nodes.so
[0.778s] -- Up-to-date: /home/tolasing/ros2_ws/install/serial_driver/share/serial_driver/launch
[0.778s] -- Up-to-date: /home/tolasing/ros2_ws/install/serial_driver/share/serial_driver/launch/serial_driver_bridge_node.launch.py
[0.778s] -- Up-to-date: /home/tolasing/ros2_ws/install/serial_driver/share/serial_driver/params
[0.778s] -- Up-to-date: /home/tolasing/ros2_ws/install/serial_driver/share/serial_driver/params/example.params.yaml
[0.778s] -- Up-to-date: /home/tolasing/ros2_ws/install/serial_driver/share/ament_index/resource_index/package_run_dependencies/serial_driver
[0.779s] -- Up-to-date: /home/tolasing/ros2_ws/install/serial_driver/share/ament_index/resource_index/parent_prefix_path/serial_driver
[0.779s] -- Up-to-date: /home/tolasing/ros2_ws/install/serial_driver/share/serial_driver/environment/ament_prefix_path.sh
[0.779s] -- Up-to-date: /home/tolasing/ros2_ws/install/serial_driver/share/serial_driver/environment/ament_prefix_path.dsv
[0.780s] -- Up-to-date: /home/tolasing/ros2_ws/install/serial_driver/share/serial_driver/environment/path.sh
[0.780s] -- Up-to-date: /home/tolasing/ros2_ws/install/serial_driver/share/serial_driver/environment/path.dsv
[0.780s] -- Up-to-date: /home/tolasing/ros2_ws/install/serial_driver/share/serial_driver/local_setup.bash
[0.780s] -- Up-to-date: /home/tolasing/ros2_ws/install/serial_driver/share/serial_driver/local_setup.sh
[0.780s] -- Up-to-date: /home/tolasing/ros2_ws/install/serial_driver/share/serial_driver/local_setup.zsh
[0.780s] -- Up-to-date: /home/tolasing/ros2_ws/install/serial_driver/share/serial_driver/local_setup.dsv
[0.780s] -- Installing: /home/tolasing/ros2_ws/install/serial_driver/share/serial_driver/package.dsv
[0.780s] -- Up-to-date: /home/tolasing/ros2_ws/install/serial_driver/share/ament_index/resource_index/packages/serial_driver
[0.780s] -- Up-to-date: /home/tolasing/ros2_ws/install/serial_driver/share/ament_index/resource_index/rclcpp_components/serial_driver
[0.781s] -- Up-to-date: /home/tolasing/ros2_ws/install/serial_driver/share/serial_driver/cmake/ament_cmake_export_dependencies-extras.cmake
[0.781s] -- Up-to-date: /home/tolasing/ros2_ws/install/serial_driver/share/serial_driver/cmake/ament_cmake_export_include_directories-extras.cmake
[0.781s] -- Up-to-date: /home/tolasing/ros2_ws/install/serial_driver/share/serial_driver/cmake/ament_cmake_export_libraries-extras.cmake
[0.781s] -- Up-to-date: /home/tolasing/ros2_ws/install/serial_driver/share/serial_driver/cmake/serial_driverConfig.cmake
[0.781s] -- Up-to-date: /home/tolasing/ros2_ws/install/serial_driver/share/serial_driver/cmake/serial_driverConfig-version.cmake
[0.781s] -- Up-to-date: /home/tolasing/ros2_ws/install/serial_driver/share/serial_driver/package.xml
[0.788s] Invoked command in '/home/tolasing/ros2_ws/build/serial_driver' returned '0': CMAKE_PREFIX_PATH=/home/tolasing/ros2_ws/install/io_context:/home/tolasing/ros2_ws/install/asio_cmake_module:/home/tolasing/ros2_ws/src/cartographer:/usr/lib/x86_64-linux-gnu/libserial.so:/home/tolasing/ros2_ws/src/cartographer:/usr/lib/x86_64-linux-gnu/libserial.so:/home/tolasing/ros2_ws/install/serial_driver:/home/tolasing/ros2_ws/install/motor_control:/home/tolasing/ros2_ws/install/service_pkg:/home/tolasing/ros2_ws/install/nav2_project:/opt/ros/humble:/home/tolasing/ros2_ws/install/serial:/home/tolasing/ros2_ws/install/prototype:/home/tolasing/ros2_ws/install/nav2_course:/home/tolasing/ros2_ws/install/cartographer LD_LIBRARY_PATH=/home/tolasing/ros2_ws/install/io_context/lib:/usr/lib/x86_64-linux-gnu:/usr/lib/x86_64-linux-gnu:/home/tolasing/ros2_ws/install/serial_driver/lib:/home/tolasing/ros2_ws/install/motor_control/lib:/usr/lib/x86_64-linux-gnu/gazebo-11/plugins:/opt/ros/humble/opt/rviz_ogre_vendor/lib:/opt/ros/humble/lib/x86_64-linux-gnu:/opt/ros/humble/lib /usr/bin/cmake --install /home/tolasing/ros2_ws/build/serial_driver
