[0.068s] Invoking command in '/home/tolasing/ros2_ws/build/navigator_planner': CMAKE_PREFIX_PATH=/home/tolasing/ros2_ws/src/cartographer:/usr/lib/x86_64-linux-gnu/libserial.so:/home/tolasing/ros2_ws/src/cartographer:/usr/lib/x86_64-linux-gnu/libserial.so:/home/tolasing/ros2_ws/install/serial_driver:/home/tolasing/ros2_ws/install/motor_control:/home/tolasing/ros2_ws/install/path_planner:/opt/ros/humble:/home/tolasing/ros2_ws/install/serial:/home/tolasing/ros2_ws/install/ros2_mapping:/home/tolasing/ros2_ws/install/prototype:/home/tolasing/ros2_ws/install/navigator_planner:/home/tolasing/ros2_ws/install/josh_path:/home/tolasing/ros2_ws/install/io_context:/home/tolasing/ros2_ws/install/gazebo_sim:/home/tolasing/ros2_ws/install/asio_cmake_module /usr/bin/cmake /home/tolasing/ros2_ws/src/navigator_planner -DAMENT_CMAKE_SYMLINK_INSTALL=1 -DCMAKE_INSTALL_PREFIX=/home/tolasing/ros2_ws/install/navigator_planner
[0.623s] -- Found ament_cmake: 1.3.3 (/opt/ros/humble/share/ament_cmake/cmake)
[0.623s] -- Override CMake install command with custom implementation using symlinks instead of copying resources
[0.624s] -- Found navigation2: 1.1.6 (/opt/ros/humble/share/navigation2/cmake)
[0.624s] -- Found slam_toolbox: 2.6.4 (/opt/ros/humble/share/slam_toolbox/cmake)
[0.625s] -- Found rosidl_generator_c: 3.1.4 (/opt/ros/humble/share/rosidl_generator_c/cmake)
[0.625s] -- Found rosidl_adapter: 3.1.4 (/opt/ros/humble/share/rosidl_adapter/cmake)
[0.625s] -- Found rosidl_generator_cpp: 3.1.4 (/opt/ros/humble/share/rosidl_generator_cpp/cmake)
[0.628s] -- Using all available rosidl_typesupport_c: rosidl_typesupport_fastrtps_c;rosidl_typesupport_introspection_c
[0.628s] -- Using all available rosidl_typesupport_cpp: rosidl_typesupport_fastrtps_cpp;rosidl_typesupport_introspection_cpp
[1.959s] -- Found rmw_implementation_cmake: 6.1.1 (/opt/ros/humble/share/rmw_implementation_cmake/cmake)
[1.962s] -- Found rmw_fastrtps_cpp: 6.2.2 (/opt/ros/humble/share/rmw_fastrtps_cpp/cmake)
[2.202s] -- Using RMW implementation 'rmw_fastrtps_cpp' as default
[3.435s] -- Found eigen3_cmake_module: 0.1.1 (/opt/ros/humble/share/eigen3_cmake_module/cmake)
[3.438s] -- Ensuring Eigen3 include directory is part of orocos-kdl CMake target
[3.669s] -- Setting OGRE_DIR to: '/opt/ros/humble/share/rviz_ogre_vendor/cmake/../../../opt/rviz_ogre_vendor/lib/OGRE/cmake'
[3.671s] -- Found OGRE
[3.672s] --   static     : OFF
[3.672s] --   components : HLMS;MeshLodGenerator;Overlay;Paging;Property;RTShaderSystem;Terrain;Volume
[3.672s] --   plugins    : Plugin_BSPSceneManager;Plugin_OctreeSceneManager;Plugin_PCZSceneManager;Plugin_ParticleFX;RenderSystem_GL;RenderSystem_GL3Plus;Codec_STBI
[3.672s] --   media      : /opt/ros/humble/opt/rviz_ogre_vendor/share/OGRE/Media
[3.672s] -- OGRE_LIBRARIES: OgreHLMS;OgreMeshLodGenerator;OgreOverlay;OgrePaging;OgreProperty;OgreRTShaderSystem;OgreTerrain;OgreVolume;OgreMain
[3.672s] -- OGRE_LIBRARY_DIRS: /opt/ros/humble/opt/rviz_ogre_vendor/lib
[3.673s] -- OGRE_PLUGINS: Plugin_BSPSceneManager;Plugin_OctreeSceneManager;Plugin_PCZSceneManager;Plugin_ParticleFX;RenderSystem_GL;RenderSystem_GL3Plus;Codec_STBI
[3.673s] -- OGRE_PLUGIN_DIR: /opt/ros/humble/opt/rviz_ogre_vendor/lib/OGRE
[3.673s] -- rviz_ogre_vendor::OgreOverlay for IMPORTED_LOCATION_RELEASE: /opt/ros/humble/opt/rviz_ogre_vendor/lib/libOgreOverlay.so
[3.673s] -- rviz_ogre_vendor::OgreOverlay for IMPORTED_LOCATION_DEBUG: /opt/ros/humble/opt/rviz_ogre_vendor/lib/libOgreOverlay.so
[3.673s] -- rviz_ogre_vendor::OgreMain for IMPORTED_LOCATION_RELEASE: /opt/ros/humble/opt/rviz_ogre_vendor/lib/libOgreMain.so
[3.673s] -- rviz_ogre_vendor::OgreMain for IMPORTED_LOCATION_DEBUG: /opt/ros/humble/opt/rviz_ogre_vendor/lib/libOgreMain.so
[3.772s] -- rviz_ogre_vendor::RenderSystem_GL for IMPORTED_LOCATION_RELEASE: _render_system_gl_static_library_abs-NOTFOUND
[3.773s] -- rviz_ogre_vendor::RenderSystem_GL for IMPORTED_LOCATION_DEBUG: _render_system_gl_static_library_abs-NOTFOUND
[3.821s] -- library: /usr/lib/x86_64-linux-gnu/libcurl.so
[4.632s] -- Found rclpy: 3.3.7 (/opt/ros/humble/share/rclpy/cmake)
[4.633s] -- Found ament_lint_auto: 0.12.5 (/opt/ros/humble/share/ament_lint_auto/cmake)
[4.743s] -- Added test 'flake8' to check Python code syntax and style conventions
[4.744s] -- Added test 'lint_cmake' to check CMake code style
[4.745s] -- Added test 'pep257' to check Python code against some of the docstring style conventions in PEP 257
[4.747s] -- Added test 'xmllint' to check XML markup files
[4.748s] -- Configuring done
[4.760s] -- Generating done
[4.769s] -- Build files have been written to: /home/tolasing/ros2_ws/build/navigator_planner
[4.784s] Invoked command in '/home/tolasing/ros2_ws/build/navigator_planner' returned '0': CMAKE_PREFIX_PATH=/home/tolasing/ros2_ws/src/cartographer:/usr/lib/x86_64-linux-gnu/libserial.so:/home/tolasing/ros2_ws/src/cartographer:/usr/lib/x86_64-linux-gnu/libserial.so:/home/tolasing/ros2_ws/install/serial_driver:/home/tolasing/ros2_ws/install/motor_control:/home/tolasing/ros2_ws/install/path_planner:/opt/ros/humble:/home/tolasing/ros2_ws/install/serial:/home/tolasing/ros2_ws/install/ros2_mapping:/home/tolasing/ros2_ws/install/prototype:/home/tolasing/ros2_ws/install/navigator_planner:/home/tolasing/ros2_ws/install/josh_path:/home/tolasing/ros2_ws/install/io_context:/home/tolasing/ros2_ws/install/gazebo_sim:/home/tolasing/ros2_ws/install/asio_cmake_module /usr/bin/cmake /home/tolasing/ros2_ws/src/navigator_planner -DAMENT_CMAKE_SYMLINK_INSTALL=1 -DCMAKE_INSTALL_PREFIX=/home/tolasing/ros2_ws/install/navigator_planner
[4.787s] Invoking command in '/home/tolasing/ros2_ws/build/navigator_planner': CMAKE_PREFIX_PATH=/home/tolasing/ros2_ws/src/cartographer:/usr/lib/x86_64-linux-gnu/libserial.so:/home/tolasing/ros2_ws/src/cartographer:/usr/lib/x86_64-linux-gnu/libserial.so:/home/tolasing/ros2_ws/install/serial_driver:/home/tolasing/ros2_ws/install/motor_control:/home/tolasing/ros2_ws/install/path_planner:/opt/ros/humble:/home/tolasing/ros2_ws/install/serial:/home/tolasing/ros2_ws/install/ros2_mapping:/home/tolasing/ros2_ws/install/prototype:/home/tolasing/ros2_ws/install/navigator_planner:/home/tolasing/ros2_ws/install/josh_path:/home/tolasing/ros2_ws/install/io_context:/home/tolasing/ros2_ws/install/gazebo_sim:/home/tolasing/ros2_ws/install/asio_cmake_module /usr/bin/cmake --build /home/tolasing/ros2_ws/build/navigator_planner -- -j8 -l8
[4.842s] Invoked command in '/home/tolasing/ros2_ws/build/navigator_planner' returned '0': CMAKE_PREFIX_PATH=/home/tolasing/ros2_ws/src/cartographer:/usr/lib/x86_64-linux-gnu/libserial.so:/home/tolasing/ros2_ws/src/cartographer:/usr/lib/x86_64-linux-gnu/libserial.so:/home/tolasing/ros2_ws/install/serial_driver:/home/tolasing/ros2_ws/install/motor_control:/home/tolasing/ros2_ws/install/path_planner:/opt/ros/humble:/home/tolasing/ros2_ws/install/serial:/home/tolasing/ros2_ws/install/ros2_mapping:/home/tolasing/ros2_ws/install/prototype:/home/tolasing/ros2_ws/install/navigator_planner:/home/tolasing/ros2_ws/install/josh_path:/home/tolasing/ros2_ws/install/io_context:/home/tolasing/ros2_ws/install/gazebo_sim:/home/tolasing/ros2_ws/install/asio_cmake_module /usr/bin/cmake --build /home/tolasing/ros2_ws/build/navigator_planner -- -j8 -l8
[4.863s] Invoking command in '/home/tolasing/ros2_ws/build/navigator_planner': CMAKE_PREFIX_PATH=/home/tolasing/ros2_ws/src/cartographer:/usr/lib/x86_64-linux-gnu/libserial.so:/home/tolasing/ros2_ws/src/cartographer:/usr/lib/x86_64-linux-gnu/libserial.so:/home/tolasing/ros2_ws/install/serial_driver:/home/tolasing/ros2_ws/install/motor_control:/home/tolasing/ros2_ws/install/path_planner:/opt/ros/humble:/home/tolasing/ros2_ws/install/serial:/home/tolasing/ros2_ws/install/ros2_mapping:/home/tolasing/ros2_ws/install/prototype:/home/tolasing/ros2_ws/install/navigator_planner:/home/tolasing/ros2_ws/install/josh_path:/home/tolasing/ros2_ws/install/io_context:/home/tolasing/ros2_ws/install/gazebo_sim:/home/tolasing/ros2_ws/install/asio_cmake_module /usr/bin/cmake --install /home/tolasing/ros2_ws/build/navigator_planner
[4.874s] -- Install configuration: ""
[4.875s] -- Execute custom install script
[4.877s] -- Up-to-date symlink: /home/tolasing/ros2_ws/install/navigator_planner/share/navigator_planner/launch/planner_server.launch.py
[4.878s] -- Up-to-date symlink: /home/tolasing/ros2_ws/install/navigator_planner/share/navigator_planner/config/behavior.xml
[4.879s] -- Up-to-date symlink: /home/tolasing/ros2_ws/install/navigator_planner/share/navigator_planner/config/behavior.yaml
[4.880s] -- Up-to-date symlink: /home/tolasing/ros2_ws/install/navigator_planner/share/navigator_planner/config/bt_navigator.yaml
[4.881s] -- Up-to-date symlink: /home/tolasing/ros2_ws/install/navigator_planner/share/navigator_planner/config/controller_server.yaml
[4.882s] -- Up-to-date symlink: /home/tolasing/ros2_ws/install/navigator_planner/share/navigator_planner/config/global_costmap.yaml
[4.883s] -- Up-to-date symlink: /home/tolasing/ros2_ws/install/navigator_planner/share/navigator_planner/config/nav_params.yaml
[4.884s] -- Up-to-date symlink: /home/tolasing/ros2_ws/install/navigator_planner/share/navigator_planner/config/navigate_through_poses_w_replanning_and_recovery.xml
[4.886s] -- Up-to-date symlink: /home/tolasing/ros2_ws/install/navigator_planner/share/navigator_planner/config/navigate_to_pose_w_replanning_and_recovery.xml
[4.886s] -- Up-to-date symlink: /home/tolasing/ros2_ws/install/navigator_planner/share/navigator_planner/config/planner_server.yaml
[4.886s] -- Up-to-date symlink: /home/tolasing/ros2_ws/install/navigator_planner/share/navigator_planner/config/recovery_server.yaml
[4.886s] -- Up-to-date symlink: /home/tolasing/ros2_ws/install/navigator_planner/share/ament_index/resource_index/package_run_dependencies/navigator_planner
[4.887s] -- Up-to-date symlink: /home/tolasing/ros2_ws/install/navigator_planner/share/ament_index/resource_index/parent_prefix_path/navigator_planner
[4.887s] -- Up-to-date symlink: /home/tolasing/ros2_ws/install/navigator_planner/share/navigator_planner/environment/ament_prefix_path.sh
[4.887s] -- Up-to-date symlink: /home/tolasing/ros2_ws/install/navigator_planner/share/navigator_planner/environment/ament_prefix_path.dsv
[4.887s] -- Up-to-date symlink: /home/tolasing/ros2_ws/install/navigator_planner/share/navigator_planner/environment/path.sh
[4.888s] -- Up-to-date symlink: /home/tolasing/ros2_ws/install/navigator_planner/share/navigator_planner/environment/path.dsv
[4.888s] -- Up-to-date symlink: /home/tolasing/ros2_ws/install/navigator_planner/share/navigator_planner/local_setup.bash
[4.888s] -- Up-to-date symlink: /home/tolasing/ros2_ws/install/navigator_planner/share/navigator_planner/local_setup.sh
[4.888s] -- Up-to-date symlink: /home/tolasing/ros2_ws/install/navigator_planner/share/navigator_planner/local_setup.zsh
[4.889s] -- Up-to-date symlink: /home/tolasing/ros2_ws/install/navigator_planner/share/navigator_planner/local_setup.dsv
[4.889s] -- Symlinking: /home/tolasing/ros2_ws/install/navigator_planner/share/navigator_planner/package.dsv
[4.900s] -- Up-to-date symlink: /home/tolasing/ros2_ws/install/navigator_planner/share/ament_index/resource_index/packages/navigator_planner
[4.900s] -- Up-to-date symlink: /home/tolasing/ros2_ws/install/navigator_planner/share/navigator_planner/cmake/navigator_plannerConfig.cmake
[4.901s] -- Up-to-date symlink: /home/tolasing/ros2_ws/install/navigator_planner/share/navigator_planner/cmake/navigator_plannerConfig-version.cmake
[4.901s] -- Up-to-date symlink: /home/tolasing/ros2_ws/install/navigator_planner/share/navigator_planner/package.xml
[4.911s] Invoked command in '/home/tolasing/ros2_ws/build/navigator_planner' returned '0': CMAKE_PREFIX_PATH=/home/tolasing/ros2_ws/src/cartographer:/usr/lib/x86_64-linux-gnu/libserial.so:/home/tolasing/ros2_ws/src/cartographer:/usr/lib/x86_64-linux-gnu/libserial.so:/home/tolasing/ros2_ws/install/serial_driver:/home/tolasing/ros2_ws/install/motor_control:/home/tolasing/ros2_ws/install/path_planner:/opt/ros/humble:/home/tolasing/ros2_ws/install/serial:/home/tolasing/ros2_ws/install/ros2_mapping:/home/tolasing/ros2_ws/install/prototype:/home/tolasing/ros2_ws/install/navigator_planner:/home/tolasing/ros2_ws/install/josh_path:/home/tolasing/ros2_ws/install/io_context:/home/tolasing/ros2_ws/install/gazebo_sim:/home/tolasing/ros2_ws/install/asio_cmake_module /usr/bin/cmake --install /home/tolasing/ros2_ws/build/navigator_planner
