[1.122s] DEBUG:colcon:Command line arguments: ['/usr/bin/colcon', 'build', '--packages-select', 'serial']
[1.123s] DEBUG:colcon:Parsed command line arguments: Namespace(allow_overriding=[], ament_cmake_args=None, base_paths=['.'], build_base='build', catkin_cmake_args=None, catkin_skip_building_tests=False, cmake_args=None, cmake_clean_cache=False, cmake_clean_first=False, cmake_force_configure=False, cmake_target=None, cmake_target_skip_unavailable=False, continue_on_error=False, event_handlers=None, executor='parallel', ignore_user_meta=False, install_base='install', log_base=None, log_level=None, main=<bound method BuildVerb.main of <colcon_core.verb.build.BuildVerb object at 0x7f8053de80>>, merge_install=False, metas=['./colcon.meta'], packages_above=None, packages_above_and_dependencies=None, packages_above_depth=None, packages_end=None, packages_ignore=None, packages_ignore_regex=None, packages_select=['serial'], packages_select_build_failed=False, packages_select_by_dep=None, packages_select_regex=None, packages_select_test_failures=False, packages_skip=None, packages_skip_build_finished=False, packages_skip_by_dep=None, packages_skip_regex=None, packages_skip_test_passed=False, packages_skip_up_to=None, packages_start=None, packages_up_to=None, packages_up_to_regex=None, parallel_workers=6, paths=None, symlink_install=False, test_result_base=None, verb_extension=<colcon_core.verb.build.BuildVerb object at 0x7f8053de80>, verb_name='build', verb_parser=<colcon_defaults.argument_parser.defaults.DefaultArgumentsDecorator object at 0x7f80551430>)
[1.237s] Level 1:colcon.colcon_core.package_discovery:discover_packages(colcon_meta) check parameters
[1.238s] Level 1:colcon.colcon_core.package_discovery:discover_packages(recursive) check parameters
[1.238s] Level 1:colcon.colcon_core.package_discovery:discover_packages(ignore) check parameters
[1.238s] Level 1:colcon.colcon_core.package_discovery:discover_packages(path) check parameters
[1.238s] Level 1:colcon.colcon_core.package_discovery:discover_packages(colcon_meta) discover
[1.238s] Level 1:colcon.colcon_core.package_discovery:discover_packages(recursive) discover
[1.239s] INFO:colcon.colcon_core.package_discovery:Crawling recursively for packages in '/home/rock/robot_ws'
[1.239s] Level 1:colcon.colcon_core.package_identification:_identify(.) by extensions ['ignore', 'ignore_ament_install']
[1.240s] Level 1:colcon.colcon_core.package_identification:_identify(.) by extension 'ignore'
[1.240s] Level 1:colcon.colcon_core.package_identification:_identify(.) by extension 'ignore_ament_install'
[1.240s] Level 1:colcon.colcon_core.package_identification:_identify(.) by extensions ['colcon_pkg']
[1.241s] Level 1:colcon.colcon_core.package_identification:_identify(.) by extension 'colcon_pkg'
[1.241s] Level 1:colcon.colcon_core.package_identification:_identify(.) by extensions ['colcon_meta']
[1.241s] Level 1:colcon.colcon_core.package_identification:_identify(.) by extension 'colcon_meta'
[1.241s] Level 1:colcon.colcon_core.package_identification:_identify(.) by extensions ['ros']
[1.241s] Level 1:colcon.colcon_core.package_identification:_identify(.) by extension 'ros'
[1.327s] Level 1:colcon.colcon_core.package_identification:_identify(.) by extensions ['cmake', 'python']
[1.328s] Level 1:colcon.colcon_core.package_identification:_identify(.) by extension 'cmake'
[1.328s] Level 1:colcon.colcon_core.package_identification:_identify(.) by extension 'python'
[1.328s] Level 1:colcon.colcon_core.package_identification:_identify(.) by extensions ['python_setup_py']
[1.328s] Level 1:colcon.colcon_core.package_identification:_identify(.) by extension 'python_setup_py'
[1.329s] Level 1:colcon.colcon_core.package_identification:_identify(build) by extensions ['ignore', 'ignore_ament_install']
[1.329s] Level 1:colcon.colcon_core.package_identification:_identify(build) by extension 'ignore'
[1.329s] Level 1:colcon.colcon_core.package_identification:_identify(build) ignored
[1.330s] Level 1:colcon.colcon_core.package_identification:_identify(install) by extensions ['ignore', 'ignore_ament_install']
[1.330s] Level 1:colcon.colcon_core.package_identification:_identify(install) by extension 'ignore'
[1.330s] Level 1:colcon.colcon_core.package_identification:_identify(install) ignored
[1.331s] Level 1:colcon.colcon_core.package_identification:_identify(log) by extensions ['ignore', 'ignore_ament_install']
[1.331s] Level 1:colcon.colcon_core.package_identification:_identify(log) by extension 'ignore'
[1.331s] Level 1:colcon.colcon_core.package_identification:_identify(log) ignored
[1.332s] Level 1:colcon.colcon_core.package_identification:_identify(src) by extensions ['ignore', 'ignore_ament_install']
[1.332s] Level 1:colcon.colcon_core.package_identification:_identify(src) by extension 'ignore'
[1.332s] Level 1:colcon.colcon_core.package_identification:_identify(src) by extension 'ignore_ament_install'
[1.332s] Level 1:colcon.colcon_core.package_identification:_identify(src) by extensions ['colcon_pkg']
[1.333s] Level 1:colcon.colcon_core.package_identification:_identify(src) by extension 'colcon_pkg'
[1.333s] Level 1:colcon.colcon_core.package_identification:_identify(src) by extensions ['colcon_meta']
[1.333s] Level 1:colcon.colcon_core.package_identification:_identify(src) by extension 'colcon_meta'
[1.333s] Level 1:colcon.colcon_core.package_identification:_identify(src) by extensions ['ros']
[1.333s] Level 1:colcon.colcon_core.package_identification:_identify(src) by extension 'ros'
[1.334s] Level 1:colcon.colcon_core.package_identification:_identify(src) by extensions ['cmake', 'python']
[1.334s] Level 1:colcon.colcon_core.package_identification:_identify(src) by extension 'cmake'
[1.334s] Level 1:colcon.colcon_core.package_identification:_identify(src) by extension 'python'
[1.334s] Level 1:colcon.colcon_core.package_identification:_identify(src) by extensions ['python_setup_py']
[1.334s] Level 1:colcon.colcon_core.package_identification:_identify(src) by extension 'python_setup_py'
[1.335s] Level 1:colcon.colcon_core.package_identification:_identify(src/arduino) by extensions ['ignore', 'ignore_ament_install']
[1.335s] Level 1:colcon.colcon_core.package_identification:_identify(src/arduino) by extension 'ignore'
[1.335s] Level 1:colcon.colcon_core.package_identification:_identify(src/arduino) by extension 'ignore_ament_install'
[1.335s] Level 1:colcon.colcon_core.package_identification:_identify(src/arduino) by extensions ['colcon_pkg']
[1.335s] Level 1:colcon.colcon_core.package_identification:_identify(src/arduino) by extension 'colcon_pkg'
[1.336s] Level 1:colcon.colcon_core.package_identification:_identify(src/arduino) by extensions ['colcon_meta']
[1.336s] Level 1:colcon.colcon_core.package_identification:_identify(src/arduino) by extension 'colcon_meta'
[1.336s] Level 1:colcon.colcon_core.package_identification:_identify(src/arduino) by extensions ['ros']
[1.336s] Level 1:colcon.colcon_core.package_identification:_identify(src/arduino) by extension 'ros'
[1.336s] Level 1:colcon.colcon_core.package_identification:_identify(src/arduino) by extensions ['cmake', 'python']
[1.337s] Level 1:colcon.colcon_core.package_identification:_identify(src/arduino) by extension 'cmake'
[1.337s] Level 1:colcon.colcon_core.package_identification:_identify(src/arduino) by extension 'python'
[1.337s] Level 1:colcon.colcon_core.package_identification:_identify(src/arduino) by extensions ['python_setup_py']
[1.337s] Level 1:colcon.colcon_core.package_identification:_identify(src/arduino) by extension 'python_setup_py'
[1.337s] Level 1:colcon.colcon_core.package_identification:_identify(src/imu_arduino) by extensions ['ignore', 'ignore_ament_install']
[1.338s] Level 1:colcon.colcon_core.package_identification:_identify(src/imu_arduino) by extension 'ignore'
[1.338s] Level 1:colcon.colcon_core.package_identification:_identify(src/imu_arduino) by extension 'ignore_ament_install'
[1.338s] Level 1:colcon.colcon_core.package_identification:_identify(src/imu_arduino) by extensions ['colcon_pkg']
[1.338s] Level 1:colcon.colcon_core.package_identification:_identify(src/imu_arduino) by extension 'colcon_pkg'
[1.338s] Level 1:colcon.colcon_core.package_identification:_identify(src/imu_arduino) by extensions ['colcon_meta']
[1.339s] Level 1:colcon.colcon_core.package_identification:_identify(src/imu_arduino) by extension 'colcon_meta'
[1.339s] Level 1:colcon.colcon_core.package_identification:_identify(src/imu_arduino) by extensions ['ros']
[1.339s] Level 1:colcon.colcon_core.package_identification:_identify(src/imu_arduino) by extension 'ros'
[1.339s] Level 1:colcon.colcon_core.package_identification:_identify(src/imu_arduino) by extensions ['cmake', 'python']
[1.339s] Level 1:colcon.colcon_core.package_identification:_identify(src/imu_arduino) by extension 'cmake'
[1.340s] Level 1:colcon.colcon_core.package_identification:_identify(src/imu_arduino) by extension 'python'
[1.340s] Level 1:colcon.colcon_core.package_identification:_identify(src/imu_arduino) by extensions ['python_setup_py']
[1.340s] Level 1:colcon.colcon_core.package_identification:_identify(src/imu_arduino) by extension 'python_setup_py'
[1.340s] Level 1:colcon.colcon_core.package_identification:_identify(src/imu_hw) by extensions ['ignore', 'ignore_ament_install']
[1.341s] Level 1:colcon.colcon_core.package_identification:_identify(src/imu_hw) by extension 'ignore'
[1.341s] Level 1:colcon.colcon_core.package_identification:_identify(src/imu_hw) by extension 'ignore_ament_install'
[1.341s] Level 1:colcon.colcon_core.package_identification:_identify(src/imu_hw) by extensions ['colcon_pkg']
[1.341s] Level 1:colcon.colcon_core.package_identification:_identify(src/imu_hw) by extension 'colcon_pkg'
[1.341s] Level 1:colcon.colcon_core.package_identification:_identify(src/imu_hw) by extensions ['colcon_meta']
[1.342s] Level 1:colcon.colcon_core.package_identification:_identify(src/imu_hw) by extension 'colcon_meta'
[1.342s] Level 1:colcon.colcon_core.package_identification:_identify(src/imu_hw) by extensions ['ros']
[1.342s] Level 1:colcon.colcon_core.package_identification:_identify(src/imu_hw) by extension 'ros'
[1.353s] DEBUG:colcon.colcon_core.package_identification:Package 'src/imu_hw' with type 'ros.ament_cmake' and name 'imu_hw'
[1.354s] Level 1:colcon.colcon_core.package_identification:_identify(src/imu_node) by extensions ['ignore', 'ignore_ament_install']
[1.354s] Level 1:colcon.colcon_core.package_identification:_identify(src/imu_node) by extension 'ignore'
[1.355s] Level 1:colcon.colcon_core.package_identification:_identify(src/imu_node) by extension 'ignore_ament_install'
[1.355s] Level 1:colcon.colcon_core.package_identification:_identify(src/imu_node) by extensions ['colcon_pkg']
[1.355s] Level 1:colcon.colcon_core.package_identification:_identify(src/imu_node) by extension 'colcon_pkg'
[1.355s] Level 1:colcon.colcon_core.package_identification:_identify(src/imu_node) by extensions ['colcon_meta']
[1.355s] Level 1:colcon.colcon_core.package_identification:_identify(src/imu_node) by extension 'colcon_meta'
[1.356s] Level 1:colcon.colcon_core.package_identification:_identify(src/imu_node) by extensions ['ros']
[1.356s] Level 1:colcon.colcon_core.package_identification:_identify(src/imu_node) by extension 'ros'
[1.359s] DEBUG:colcon.colcon_core.package_identification:Package 'src/imu_node' with type 'ros.ament_cmake' and name 'imu_node'
[1.359s] Level 1:colcon.colcon_core.package_identification:_identify(src/motor_control) by extensions ['ignore', 'ignore_ament_install']
[1.360s] Level 1:colcon.colcon_core.package_identification:_identify(src/motor_control) by extension 'ignore'
[1.360s] Level 1:colcon.colcon_core.package_identification:_identify(src/motor_control) by extension 'ignore_ament_install'
[1.360s] Level 1:colcon.colcon_core.package_identification:_identify(src/motor_control) by extensions ['colcon_pkg']
[1.360s] Level 1:colcon.colcon_core.package_identification:_identify(src/motor_control) by extension 'colcon_pkg'
[1.361s] Level 1:colcon.colcon_core.package_identification:_identify(src/motor_control) by extensions ['colcon_meta']
[1.361s] Level 1:colcon.colcon_core.package_identification:_identify(src/motor_control) by extension 'colcon_meta'
[1.361s] Level 1:colcon.colcon_core.package_identification:_identify(src/motor_control) by extensions ['ros']
[1.361s] Level 1:colcon.colcon_core.package_identification:_identify(src/motor_control) by extension 'ros'
[1.364s] DEBUG:colcon.colcon_core.package_identification:Package 'src/motor_control' with type 'ros.ament_cmake' and name 'motor_control'
[1.365s] Level 1:colcon.colcon_core.package_identification:_identify(src/prototype) by extensions ['ignore', 'ignore_ament_install']
[1.365s] Level 1:colcon.colcon_core.package_identification:_identify(src/prototype) by extension 'ignore'
[1.366s] Level 1:colcon.colcon_core.package_identification:_identify(src/prototype) by extension 'ignore_ament_install'
[1.366s] Level 1:colcon.colcon_core.package_identification:_identify(src/prototype) by extensions ['colcon_pkg']
[1.366s] Level 1:colcon.colcon_core.package_identification:_identify(src/prototype) by extension 'colcon_pkg'
[1.366s] Level 1:colcon.colcon_core.package_identification:_identify(src/prototype) by extensions ['colcon_meta']
[1.366s] Level 1:colcon.colcon_core.package_identification:_identify(src/prototype) by extension 'colcon_meta'
[1.367s] Level 1:colcon.colcon_core.package_identification:_identify(src/prototype) by extensions ['ros']
[1.367s] Level 1:colcon.colcon_core.package_identification:_identify(src/prototype) by extension 'ros'
[1.370s] DEBUG:colcon.colcon_core.package_identification:Package 'src/prototype' with type 'ros.ament_cmake' and name 'prototype'
[1.370s] Level 1:colcon.colcon_core.package_identification:_identify(src/serial-ros2) by extensions ['ignore', 'ignore_ament_install']
[1.371s] Level 1:colcon.colcon_core.package_identification:_identify(src/serial-ros2) by extension 'ignore'
[1.371s] Level 1:colcon.colcon_core.package_identification:_identify(src/serial-ros2) by extension 'ignore_ament_install'
[1.371s] Level 1:colcon.colcon_core.package_identification:_identify(src/serial-ros2) by extensions ['colcon_pkg']
[1.371s] Level 1:colcon.colcon_core.package_identification:_identify(src/serial-ros2) by extension 'colcon_pkg'
[1.371s] Level 1:colcon.colcon_core.package_identification:_identify(src/serial-ros2) by extensions ['colcon_meta']
[1.372s] Level 1:colcon.colcon_core.package_identification:_identify(src/serial-ros2) by extension 'colcon_meta'
[1.372s] Level 1:colcon.colcon_core.package_identification:_identify(src/serial-ros2) by extensions ['ros']
[1.372s] Level 1:colcon.colcon_core.package_identification:_identify(src/serial-ros2) by extension 'ros'
[1.374s] DEBUG:colcon.colcon_core.package_identification:Package 'src/serial-ros2' with type 'ros.ament_cmake' and name 'serial'
[1.375s] Level 1:colcon.colcon_core.package_discovery:discover_packages(recursive) using defaults
[1.375s] Level 1:colcon.colcon_core.package_discovery:discover_packages(ignore) discover
[1.375s] Level 1:colcon.colcon_core.package_discovery:discover_packages(ignore) using defaults
[1.375s] Level 1:colcon.colcon_core.package_discovery:discover_packages(path) discover
[1.375s] Level 1:colcon.colcon_core.package_discovery:discover_packages(path) using defaults
[1.450s] INFO:colcon.colcon_core.package_selection:Skipping not selected package 'motor_control' in 'src/motor_control'
[1.450s] INFO:colcon.colcon_core.package_selection:Skipping not selected package 'prototype' in 'src/prototype'
[1.450s] INFO:colcon.colcon_core.package_selection:Skipping not selected package 'imu_hw' in 'src/imu_hw'
[1.450s] INFO:colcon.colcon_core.package_selection:Skipping not selected package 'imu_node' in 'src/imu_node'
[1.453s] Level 1:colcon.colcon_core.package_discovery:discover_packages(prefix_path) check parameters
[1.453s] Level 1:colcon.colcon_core.package_discovery:discover_packages(prefix_path) discover
[1.458s] WARNING:colcon.colcon_ros.prefix_path.ament:The path '/home/rock/robot_ws/install/imu_node' in the environment variable AMENT_PREFIX_PATH doesn't exist
[1.459s] WARNING:colcon.colcon_ros.prefix_path.ament:The path '/home/rock/robot_ws/install/serial' in the environment variable AMENT_PREFIX_PATH doesn't exist
[1.459s] WARNING:colcon.colcon_ros.prefix_path.catkin:The path '/home/rock/robot_ws/install/imu_node' in the environment variable CMAKE_PREFIX_PATH doesn't exist
[1.460s] WARNING:colcon.colcon_ros.prefix_path.catkin:The path '/home/rock/robot_ws/install/serial' in the environment variable CMAKE_PREFIX_PATH doesn't exist
[1.465s] DEBUG:colcon.colcon_installed_package_information.package_discovery:Found 0 installed packages in /home/rock/robot_ws/install
[1.473s] DEBUG:colcon.colcon_installed_package_information.package_discovery:Found 232 installed packages in /opt/ros/foxy
[1.480s] Level 1:colcon.colcon_core.package_discovery:discover_packages(prefix_path) using defaults
[1.687s] Level 5:colcon.colcon_core.verb:set package 'serial' build argument 'cmake_args' from command line to 'None'
[1.687s] Level 5:colcon.colcon_core.verb:set package 'serial' build argument 'cmake_target' from command line to 'None'
[1.687s] Level 5:colcon.colcon_core.verb:set package 'serial' build argument 'cmake_target_skip_unavailable' from command line to 'False'
[1.688s] Level 5:colcon.colcon_core.verb:set package 'serial' build argument 'cmake_clean_cache' from command line to 'False'
[1.688s] Level 5:colcon.colcon_core.verb:set package 'serial' build argument 'cmake_clean_first' from command line to 'False'
[1.688s] Level 5:colcon.colcon_core.verb:set package 'serial' build argument 'cmake_force_configure' from command line to 'False'
[1.688s] Level 5:colcon.colcon_core.verb:set package 'serial' build argument 'ament_cmake_args' from command line to 'None'
[1.688s] Level 5:colcon.colcon_core.verb:set package 'serial' build argument 'catkin_cmake_args' from command line to 'None'
[1.688s] Level 5:colcon.colcon_core.verb:set package 'serial' build argument 'catkin_skip_building_tests' from command line to 'False'
[1.688s] DEBUG:colcon.colcon_core.verb:Building package 'serial' with the following arguments: {'ament_cmake_args': None, 'build_base': '/home/rock/robot_ws/build/serial', 'catkin_cmake_args': None, 'catkin_skip_building_tests': False, 'cmake_args': None, 'cmake_clean_cache': False, 'cmake_clean_first': False, 'cmake_force_configure': False, 'cmake_target': None, 'cmake_target_skip_unavailable': False, 'install_base': '/home/rock/robot_ws/install/serial', 'merge_install': False, 'path': '/home/rock/robot_ws/src/serial-ros2', 'symlink_install': False, 'test_result_base': None}
[1.691s] INFO:colcon.colcon_core.executor:Executing jobs using 'parallel' executor
[1.707s] DEBUG:colcon.colcon_parallel_executor.executor.parallel:run_until_complete
[1.707s] INFO:colcon.colcon_ros.task.ament_cmake.build:Building ROS package in '/home/rock/robot_ws/src/serial-ros2' with build type 'ament_cmake'
[1.709s] INFO:colcon.colcon_cmake.task.cmake.build:Building CMake package in '/home/rock/robot_ws/src/serial-ros2'
[1.729s] INFO:colcon.colcon_core.plugin_system:Skipping extension 'colcon_core.shell.bat': Not used on non-Windows systems
[1.730s] INFO:colcon.colcon_core.shell:Skip shell extension 'powershell' for command environment: Not usable outside of PowerShell
[1.731s] DEBUG:colcon.colcon_core.shell:Skip shell extension 'dsv' for command environment
[1.767s] DEBUG:colcon.colcon_core.event_handler.log_command:Invoking command in '/home/rock/robot_ws/build/serial': CMAKE_PREFIX_PATH=${CMAKE_PREFIX_PATH}:/opt/ros/foxy /usr/bin/cmake /home/rock/robot_ws/src/serial-ros2 -DCMAKE_INSTALL_PREFIX=/home/rock/robot_ws/install/serial
[4.440s] DEBUG:colcon.colcon_core.event_handler.log_command:Invoked command in '/home/rock/robot_ws/build/serial' returned '0': CMAKE_PREFIX_PATH=${CMAKE_PREFIX_PATH}:/opt/ros/foxy /usr/bin/cmake /home/rock/robot_ws/src/serial-ros2 -DCMAKE_INSTALL_PREFIX=/home/rock/robot_ws/install/serial
[4.477s] DEBUG:colcon.colcon_core.event_handler.log_command:Invoking command in '/home/rock/robot_ws/build/serial': CMAKE_PREFIX_PATH=${CMAKE_PREFIX_PATH}:/opt/ros/foxy /usr/bin/cmake --build /home/rock/robot_ws/build/serial -- -j6 -l6
[7.697s] DEBUG:colcon.colcon_core.event_handler.log_command:Invoked command in '/home/rock/robot_ws/build/serial' returned '0': CMAKE_PREFIX_PATH=${CMAKE_PREFIX_PATH}:/opt/ros/foxy /usr/bin/cmake --build /home/rock/robot_ws/build/serial -- -j6 -l6
[7.846s] DEBUG:colcon.colcon_core.event_handler.log_command:Invoking command in '/home/rock/robot_ws/build/serial': CMAKE_PREFIX_PATH=${CMAKE_PREFIX_PATH}:/opt/ros/foxy /usr/bin/cmake --install /home/rock/robot_ws/build/serial
[7.883s] Level 1:colcon.colcon_core.environment:create_environment_scripts_only(serial)
[7.933s] DEBUG:colcon.colcon_core.event_handler.log_command:Invoked command in '/home/rock/robot_ws/build/serial' returned '0': CMAKE_PREFIX_PATH=${CMAKE_PREFIX_PATH}:/opt/ros/foxy /usr/bin/cmake --install /home/rock/robot_ws/build/serial
[7.968s] Level 1:colcon.colcon_core.environment:checking '/home/rock/robot_ws/install/serial' for CMake module files
[7.974s] Level 1:colcon.colcon_core.environment:checking '/home/rock/robot_ws/install/serial' for CMake config files
[7.975s] Level 1:colcon.colcon_core.shell:create_environment_hook('serial', 'cmake_prefix_path')
[7.999s] INFO:colcon.colcon_core.shell:Creating environment hook '/home/rock/robot_ws/install/serial/share/serial/hook/cmake_prefix_path.ps1'
[8.014s] INFO:colcon.colcon_core.shell:Creating environment descriptor '/home/rock/robot_ws/install/serial/share/serial/hook/cmake_prefix_path.dsv'
[8.018s] INFO:colcon.colcon_core.shell:Creating environment hook '/home/rock/robot_ws/install/serial/share/serial/hook/cmake_prefix_path.sh'
[8.027s] Level 1:colcon.colcon_core.environment:checking '/home/rock/robot_ws/install/serial/lib'
[8.029s] Level 1:colcon.colcon_core.environment:checking '/home/rock/robot_ws/install/serial/bin'
[8.029s] Level 1:colcon.colcon_core.environment:checking '/home/rock/robot_ws/install/serial/lib/pkgconfig/serial.pc'
[8.031s] Level 1:colcon.colcon_core.environment:checking '/home/rock/robot_ws/install/serial/lib/python3.8/site-packages'
[8.032s] Level 1:colcon.colcon_core.environment:checking '/home/rock/robot_ws/install/serial/bin'
[8.044s] INFO:colcon.colcon_core.shell:Creating package script '/home/rock/robot_ws/install/serial/share/serial/package.ps1'
[8.049s] INFO:colcon.colcon_core.shell:Creating package descriptor '/home/rock/robot_ws/install/serial/share/serial/package.dsv'
[8.052s] INFO:colcon.colcon_core.shell:Creating package script '/home/rock/robot_ws/install/serial/share/serial/package.sh'
[8.057s] INFO:colcon.colcon_core.shell:Creating package script '/home/rock/robot_ws/install/serial/share/serial/package.bash'
[8.062s] INFO:colcon.colcon_core.shell:Creating package script '/home/rock/robot_ws/install/serial/share/serial/package.zsh'
[8.066s] Level 1:colcon.colcon_core.environment:create_file_with_runtime_dependencies(/home/rock/robot_ws/install/serial/share/colcon-core/packages/serial)
[8.164s] Level 1:colcon.colcon_core.environment:create_environment_scripts_only(serial)
[8.174s] Level 1:colcon.colcon_core.environment:checking '/home/rock/robot_ws/install/serial' for CMake module files
[8.176s] Level 1:colcon.colcon_core.environment:checking '/home/rock/robot_ws/install/serial' for CMake config files
[8.176s] Level 1:colcon.colcon_core.shell:create_environment_hook('serial', 'cmake_prefix_path')
[8.183s] INFO:colcon.colcon_core.shell:Creating environment hook '/home/rock/robot_ws/install/serial/share/serial/hook/cmake_prefix_path.ps1'
[8.185s] INFO:colcon.colcon_core.shell:Creating environment descriptor '/home/rock/robot_ws/install/serial/share/serial/hook/cmake_prefix_path.dsv'
[8.186s] INFO:colcon.colcon_core.shell:Creating environment hook '/home/rock/robot_ws/install/serial/share/serial/hook/cmake_prefix_path.sh'
[8.188s] Level 1:colcon.colcon_core.environment:checking '/home/rock/robot_ws/install/serial/lib'
[8.189s] Level 1:colcon.colcon_core.environment:checking '/home/rock/robot_ws/install/serial/bin'
[8.189s] Level 1:colcon.colcon_core.environment:checking '/home/rock/robot_ws/install/serial/lib/pkgconfig/serial.pc'
[8.190s] Level 1:colcon.colcon_core.environment:checking '/home/rock/robot_ws/install/serial/lib/python3.8/site-packages'
[8.191s] Level 1:colcon.colcon_core.environment:checking '/home/rock/robot_ws/install/serial/bin'
[8.197s] INFO:colcon.colcon_core.shell:Creating package script '/home/rock/robot_ws/install/serial/share/serial/package.ps1'
[8.199s] INFO:colcon.colcon_core.shell:Creating package descriptor '/home/rock/robot_ws/install/serial/share/serial/package.dsv'
[8.201s] INFO:colcon.colcon_core.shell:Creating package script '/home/rock/robot_ws/install/serial/share/serial/package.sh'
[8.203s] INFO:colcon.colcon_core.shell:Creating package script '/home/rock/robot_ws/install/serial/share/serial/package.bash'
[8.205s] INFO:colcon.colcon_core.shell:Creating package script '/home/rock/robot_ws/install/serial/share/serial/package.zsh'
[8.206s] Level 1:colcon.colcon_core.environment:create_file_with_runtime_dependencies(/home/rock/robot_ws/install/serial/share/colcon-core/packages/serial)
[8.208s] DEBUG:colcon.colcon_parallel_executor.executor.parallel:closing loop
[8.208s] DEBUG:colcon.colcon_parallel_executor.executor.parallel:loop closed
[8.209s] DEBUG:colcon.colcon_parallel_executor.executor.parallel:run_until_complete finished with '0'
[8.210s] DEBUG:colcon.colcon_core.event_reactor:joining thread
[8.232s] INFO:colcon.colcon_core.plugin_system:Skipping extension 'colcon_notification.desktop_notification.notify_send': Could not find 'notify-send'
[8.233s] INFO:colcon.colcon_core.plugin_system:Skipping extension 'colcon_notification.desktop_notification.terminal_notifier': Not used on non-Darwin systems
[8.233s] INFO:colcon.colcon_core.plugin_system:Skipping extension 'colcon_notification.desktop_notification.win32': Not used on non-Windows systems
[8.233s] INFO:colcon.colcon_notification.desktop_notification:Sending desktop notification using 'notify2'
[8.236s] DEBUG:colcon.colcon_notification.desktop_notification.notify2:Failed to initialize notify2: org.freedesktop.DBus.Error.ServiceUnknown: The name org.freedesktop.Notifications was not provided by any .service files
[8.236s] DEBUG:colcon.colcon_core.event_reactor:joined thread
[8.242s] INFO:colcon.colcon_core.shell:Creating prefix script '/home/rock/robot_ws/install/local_setup.ps1'
[8.246s] INFO:colcon.colcon_core.shell:Creating prefix util module '/home/rock/robot_ws/install/_local_setup_util_ps1.py'
[8.252s] INFO:colcon.colcon_core.shell:Creating prefix chain script '/home/rock/robot_ws/install/setup.ps1'
[8.257s] INFO:colcon.colcon_core.shell:Creating prefix script '/home/rock/robot_ws/install/local_setup.sh'
[8.260s] INFO:colcon.colcon_core.shell:Creating prefix util module '/home/rock/robot_ws/install/_local_setup_util_sh.py'
[8.262s] INFO:colcon.colcon_core.shell:Creating prefix chain script '/home/rock/robot_ws/install/setup.sh'
[8.268s] INFO:colcon.colcon_core.shell:Creating prefix script '/home/rock/robot_ws/install/local_setup.bash'
[8.270s] INFO:colcon.colcon_core.shell:Creating prefix chain script '/home/rock/robot_ws/install/setup.bash'
[8.275s] INFO:colcon.colcon_core.shell:Creating prefix script '/home/rock/robot_ws/install/local_setup.zsh'
[8.278s] INFO:colcon.colcon_core.shell:Creating prefix chain script '/home/rock/robot_ws/install/setup.zsh'
