[  2%] Built target dynamic_annotations
[  4%] Built target spinlock_wait
[  9%] Built target int128
[ 16%] Built target time_zone
[ 19%] Built target strings_internal
[ 21%] Built target leak_check
[ 23%] Built target civil_time
[ 24%] Built target leak_check_disable
[ 26%] Built target city
[ 34%] Built target base
[ 38%] Built target malloc_internal
[ 38%] Built target scoped_set_env
[ 41%] Built target debugging_internal
[ 43%] Built target throw_delegate
[ 45%] Built target demangle_internal
[ 46%] Built target bad_any_cast_impl
[ 48%] Built target bad_variant_access
[35m[1mConsolidate compiler generated dependencies of target graphcycles_internal[0m
[ 50%] Built target bad_optional_access
[35m[1mConsolidate compiler generated dependencies of target symbolize[0m
[ 52%] Built target stacktrace
[ 53%] [32mBuilding CXX object absl/synchronization/CMakeFiles/graphcycles_internal.dir/internal/graphcycles.cc.o[0m
[ 55%] Built target symbolize
[ 68%] Built target strings
[ 69%] [32mBuilding CXX object absl/debugging/CMakeFiles/examine_stack.dir/internal/examine_stack.cc.o[0m
[35m[1mConsolidate compiler generated dependencies of target hash[0m
[35m[1mConsolidate compiler generated dependencies of target str_format_internal[0m
[35m[1mConsolidate compiler generated dependencies of target time[0m
[ 71%] Built target hash
[ 84%] Built target str_format_internal
[ 84%] Built target time
[ 85%] [32m[1mLinking CXX static library libabsl_examine_stack.a[0m
[ 85%] Built target examine_stack
