[3.331s] Invoking command in '/home/tolasing/ros2_ws/src/service_pkg': PYTHONPATH=/home/tolasing/ros2_ws/build/service_pkg/prefix_override:/home/tolasing/ros2_ws/install/service_pkg/lib/python3.10/site-packages:${PYTHONPATH} /usr/bin/python3 setup.py egg_info --egg-base ../../build/service_pkg build --build-base /home/tolasing/ros2_ws/build/service_pkg/build install --record /home/tolasing/ros2_ws/build/service_pkg/install.log --single-version-externally-managed
[4.192s] running egg_info
[4.193s] writing ../../build/service_pkg/service_pkg.egg-info/PKG-INFO
[4.194s] writing dependency_links to ../../build/service_pkg/service_pkg.egg-info/dependency_links.txt
[4.195s] writing entry points to ../../build/service_pkg/service_pkg.egg-info/entry_points.txt
[4.195s] writing requirements to ../../build/service_pkg/service_pkg.egg-info/requires.txt
[4.196s] writing top-level names to ../../build/service_pkg/service_pkg.egg-info/top_level.txt
[4.202s] reading manifest file '../../build/service_pkg/service_pkg.egg-info/SOURCES.txt'
[4.203s] writing manifest file '../../build/service_pkg/service_pkg.egg-info/SOURCES.txt'
[4.203s] running build
[4.204s] running build_py
[4.205s] running install
[4.205s] /usr/lib/python3/dist-packages/setuptools/command/install.py:34: SetuptoolsDeprecationWarning: setup.py install is deprecated. Use build and pip and other standards-based tools.
[4.206s]   warnings.warn(
[4.206s] running install_lib
[4.208s] running install_data
[4.210s] running install_egg_info
[4.213s] removing '/home/tolasing/ros2_ws/install/service_pkg/lib/python3.10/site-packages/service_pkg-0.0.0-py3.10.egg-info' (and everything under it)
[4.214s] Copying ../../build/service_pkg/service_pkg.egg-info to /home/tolasing/ros2_ws/install/service_pkg/lib/python3.10/site-packages/service_pkg-0.0.0-py3.10.egg-info
[4.217s] running install_scripts
[4.281s] Installing service_velocity_node script to /home/tolasing/ros2_ws/install/service_pkg/lib/service_pkg
[4.282s] writing list of installed files to '/home/tolasing/ros2_ws/build/service_pkg/install.log'
[4.381s] Invoked command in '/home/tolasing/ros2_ws/src/service_pkg' returned '0': PYTHONPATH=/home/tolasing/ros2_ws/build/service_pkg/prefix_override:/home/tolasing/ros2_ws/install/service_pkg/lib/python3.10/site-packages:${PYTHONPATH} /usr/bin/python3 setup.py egg_info --egg-base ../../build/service_pkg build --build-base /home/tolasing/ros2_ws/build/service_pkg/build install --record /home/tolasing/ros2_ws/build/service_pkg/install.log --single-version-externally-managed
