[0.000000] (-) TimerEvent: {}
[0.001543] (-) JobUnselected: {'identifier': 'imu_hw'}
[0.001730] (-) JobUnselected: {'identifier': 'imu_node'}
[0.001834] (-) JobUnselected: {'identifier': 'motor_control'}
[0.001920] (-) JobUnselected: {'identifier': 'prototype'}
[0.002015] (serial) JobQueued: {'identifier': 'serial', 'dependencies': OrderedDict()}
[0.002113] (serial) JobStarted: {'identifier': 'serial'}
[0.049918] (serial) JobProgress: {'identifier': 'serial', 'progress': 'cmake'}
[0.050938] (serial) Command: {'cmd': ['/usr/bin/cmake', '/home/rock/robot_ws/src/serial_driver', '-DCATKIN_INSTALL_INTO_PREFIX_ROOT=0', '-DCMAKE_INSTALL_PREFIX=/home/rock/robot_ws/install/serial'], 'cwd': '/home/rock/robot_ws/build/serial', 'env': OrderedDict([('USER', 'rock'), ('SSH_CLIENT', '192.168.29.105 51450 22'), ('XDG_SESSION_TYPE', 'tty'), ('GIT_ASKPASS', '/home/rock/.vscode-server/bin/abd2f3db4bdb28f9e95536dfa84d8479f1eb312d/extensions/git/dist/askpass.sh'), ('SHLVL', '2'), ('LD_LIBRARY_PATH', '/home/rock/robot_ws/install/serial/lib:/opt/ros/foxy/opt/rviz_ogre_vendor/lib:/opt/ros/foxy/opt/yaml_cpp_vendor/lib:/opt/ros/foxy/lib/aarch64-linux-gnu:/opt/ros/foxy/lib'), ('BROWSER', '/home/rock/.vscode-server/bin/abd2f3db4bdb28f9e95536dfa84d8479f1eb312d/bin/helpers/browser.sh'), ('MOTD_SHOWN', 'pam'), ('HOME', '/home/rock'), ('OLDPWD', '/home/rock/robot_ws/src'), ('TERM_PROGRAM_VERSION', '1.82.2'), ('VSCODE_IPC_HOOK_CLI', '/run/user/1000/vscode-ipc-de38a85a-e1ea-495d-860b-b108ccd919ae.sock'), ('ROS_PYTHON_VERSION', '3'), ('VSCODE_GIT_ASKPASS_MAIN', '/home/rock/.vscode-server/bin/abd2f3db4bdb28f9e95536dfa84d8479f1eb312d/extensions/git/dist/askpass-main.js'), ('VSCODE_GIT_ASKPASS_NODE', '/home/rock/.vscode-server/bin/abd2f3db4bdb28f9e95536dfa84d8479f1eb312d/node'), ('DBUS_SESSION_BUS_ADDRESS', 'unix:path=/run/user/1000/bus'), ('COLORTERM', 'truecolor'), ('COLCON_PREFIX_PATH', '/home/rock/robot_ws/install'), ('ROS_DISTRO', 'foxy'), ('LOGNAME', 'rock'), ('_', '/usr/bin/colcon'), ('ROS_VERSION', '2'), ('XDG_SESSION_CLASS', 'user'), ('TERM', 'xterm-256color'), ('XDG_SESSION_ID', 'c1'), ('ROS_LOCALHOST_ONLY', '0'), ('PATH', '/opt/ros/foxy/bin:/home/rock/.vscode-server/bin/abd2f3db4bdb28f9e95536dfa84d8479f1eb312d/bin/remote-cli:/usr/local/sbin:/usr/local/bin:/usr/sbin:/usr/bin:/sbin:/bin:/usr/games:/usr/local/games:/snap/bin'), ('XDG_RUNTIME_DIR', '/run/user/1000'), ('LANG', 'en_US.UTF-8'), ('VSCODE_GIT_IPC_HANDLE', '/run/user/1000/vscode-git-9cf3c58726.sock'), ('TERM_PROGRAM', 'vscode'), ('AMENT_PREFIX_PATH', '/home/rock/robot_ws/install/imu_node:/home/rock/robot_ws/install/serial:/opt/ros/foxy'), ('SHELL', '/bin/bash'), ('VSCODE_GIT_ASKPASS_EXTRA_ARGS', ''), ('PWD', '/home/rock/robot_ws/build/serial'), ('LC_ALL', 'en_US.UTF-8'), ('SSH_CONNECTION', '192.168.29.105 51450 192.168.29.237 22'), ('PYTHONPATH', '/opt/ros/foxy/lib/python3.8/site-packages'), ('COLCON', '1'), ('CMAKE_PREFIX_PATH', '/home/rock/robot_ws/install/imu_node:/home/rock/robot_ws/install/serial')]), 'shell': False}
[0.098179] (-) TimerEvent: {}
[0.199750] (-) TimerEvent: {}
[0.281900] (serial) StdoutLine: {'line': b'-- The C compiler identification is GNU 9.4.0\n'}
[0.300127] (-) TimerEvent: {}
[0.401456] (-) TimerEvent: {}
[0.502953] (-) TimerEvent: {}
[0.552661] (serial) StdoutLine: {'line': b'-- The CXX compiler identification is GNU 9.4.0\n'}
[0.567337] (serial) StdoutLine: {'line': b'-- Check for working C compiler: /usr/bin/cc\n'}
[0.603379] (-) TimerEvent: {}
[0.705785] (-) TimerEvent: {}
[0.805043] (serial) StdoutLine: {'line': b'-- Check for working C compiler: /usr/bin/cc -- works\n'}
[0.806879] (-) TimerEvent: {}
[0.808169] (serial) StdoutLine: {'line': b'-- Detecting C compiler ABI info\n'}
[0.907548] (-) TimerEvent: {}
[1.009853] (-) TimerEvent: {}
[1.042671] (serial) StdoutLine: {'line': b'-- Detecting C compiler ABI info - done\n'}
[1.083536] (serial) StdoutLine: {'line': b'-- Detecting C compile features\n'}
[1.085254] (serial) StdoutLine: {'line': b'-- Detecting C compile features - done\n'}
[1.093415] (serial) StdoutLine: {'line': b'-- Check for working CXX compiler: /usr/bin/c++\n'}
[1.110168] (-) TimerEvent: {}
[1.211629] (-) TimerEvent: {}
[1.313156] (-) TimerEvent: {}
[1.382876] (serial) StdoutLine: {'line': b'-- Check for working CXX compiler: /usr/bin/c++ -- works\n'}
[1.392050] (serial) StdoutLine: {'line': b'-- Detecting CXX compiler ABI info\n'}
[1.413397] (-) TimerEvent: {}
[1.515611] (-) TimerEvent: {}
[1.618927] (-) TimerEvent: {}
[1.721607] (-) TimerEvent: {}
[1.823201] (-) TimerEvent: {}
[1.922351] (serial) StdoutLine: {'line': b'-- Detecting CXX compiler ABI info - done\n'}
[1.923739] (-) TimerEvent: {}
[2.025059] (-) TimerEvent: {}
[2.042056] (serial) StdoutLine: {'line': b'-- Detecting CXX compile features\n'}
[2.045527] (serial) StdoutLine: {'line': b'-- Detecting CXX compile features - done\n'}
[2.055186] (serial) StdoutLine: {'line': b'-- Found ament_cmake: 0.9.12 (/opt/ros/foxy/share/ament_cmake/cmake)\n'}
[2.125416] (-) TimerEvent: {}
[2.133364] (serial) StdoutLine: {'line': b'-- Found PythonInterp: /usr/bin/python3 (found suitable version "3.8.10", minimum required is "3") \n'}
[2.135246] (serial) StdoutLine: {'line': b'-- Using PYTHON_EXECUTABLE: /usr/bin/python3\n'}
[2.225919] (-) TimerEvent: {}
[2.327371] (-) TimerEvent: {}
[2.429649] (-) TimerEvent: {}
[2.532004] (-) TimerEvent: {}
[2.634344] (-) TimerEvent: {}
[2.736660] (-) TimerEvent: {}
[2.762344] (serial) StdoutLine: {'line': b'-- Found rclcpp: 2.4.3 (/opt/ros/foxy/share/rclcpp/cmake)\n'}
[2.837128] (-) TimerEvent: {}
[2.883511] (serial) StdoutLine: {'line': b'-- Using all available rosidl_typesupport_c: rosidl_typesupport_fastrtps_c;rosidl_typesupport_introspection_c\n'}
[2.903421] (serial) StdoutLine: {'line': b'-- Found rosidl_adapter: 1.3.1 (/opt/ros/foxy/share/rosidl_adapter/cmake)\n'}
[2.937291] (-) TimerEvent: {}
[3.038106] (-) TimerEvent: {}
[3.083798] (serial) StdoutLine: {'line': b'-- Found OpenSSL: /usr/lib/aarch64-linux-gnu/libcrypto.so (found version "1.1.1f")  \n'}
[3.138333] (-) TimerEvent: {}
[3.145344] (serial) StdoutLine: {'line': b'-- Found FastRTPS: /opt/ros/foxy/include  \n'}
[3.239337] (-) TimerEvent: {}
[3.341047] (-) TimerEvent: {}
[3.361660] (serial) StdoutLine: {'line': b'-- Using all available rosidl_typesupport_cpp: rosidl_typesupport_fastrtps_cpp;rosidl_typesupport_introspection_cpp\n'}
[3.441247] (-) TimerEvent: {}
[3.542484] (-) TimerEvent: {}
[3.569512] (serial) StdoutLine: {'line': b'-- Found rmw_implementation_cmake: 1.0.4 (/opt/ros/foxy/share/rmw_implementation_cmake/cmake)\n'}
[3.575197] (serial) StdoutLine: {'line': b"-- Using RMW implementation 'rmw_fastrtps_cpp' as default\n"}
[3.578339] (serial) StdoutLine: {'line': b'-- Looking for pthread.h\n'}
[3.642939] (-) TimerEvent: {}
[3.744413] (-) TimerEvent: {}
[3.837913] (serial) StdoutLine: {'line': b'-- Looking for pthread.h - found\n'}
[3.840491] (serial) StdoutLine: {'line': b'-- Performing Test CMAKE_HAVE_LIBC_PTHREAD\n'}
[3.844796] (-) TimerEvent: {}
[3.946734] (-) TimerEvent: {}
[4.048773] (-) TimerEvent: {}
[4.108991] (serial) StdoutLine: {'line': b'-- Performing Test CMAKE_HAVE_LIBC_PTHREAD - Failed\n'}
[4.110430] (serial) StdoutLine: {'line': b'-- Looking for pthread_create in pthreads\n'}
[4.148983] (-) TimerEvent: {}
[4.250726] (-) TimerEvent: {}
[4.340581] (serial) StdoutLine: {'line': b'-- Looking for pthread_create in pthreads - not found\n'}
[4.343563] (serial) StdoutLine: {'line': b'-- Looking for pthread_create in pthread\n'}
[4.351132] (-) TimerEvent: {}
[4.453358] (-) TimerEvent: {}
[4.555010] (-) TimerEvent: {}
[4.586345] (serial) StdoutLine: {'line': b'-- Looking for pthread_create in pthread - found\n'}
[4.589829] (serial) StdoutLine: {'line': b'-- Found Threads: TRUE  \n'}
[4.655304] (-) TimerEvent: {}
[4.757056] (-) TimerEvent: {}
[4.859326] (-) TimerEvent: {}
[4.961631] (-) TimerEvent: {}
[5.063883] (-) TimerEvent: {}
[5.166055] (-) TimerEvent: {}
[5.268261] (-) TimerEvent: {}
[5.370430] (-) TimerEvent: {}
[5.446398] (serial) StdoutLine: {'line': b'-- Configuring done\n'}
[5.462379] (serial) StdoutLine: {'line': b'-- Generating done\n'}
[5.466366] (serial) StderrLine: {'line': b'CMake Warning:\n'}
[5.467726] (serial) StderrLine: {'line': b'  Manually-specified variables were not used by the project:\n'}
[5.469008] (serial) StderrLine: {'line': b'\n'}
[5.470179] (serial) StderrLine: {'line': b'    CATKIN_INSTALL_INTO_PREFIX_ROOT\n'}
[5.471606] (-) TimerEvent: {}
[5.472779] (serial) StderrLine: {'line': b'\n'}
[5.473925] (serial) StderrLine: {'line': b'\n'}
[5.474955] (serial) StdoutLine: {'line': b'-- Build files have been written to: /home/rock/robot_ws/build/serial\n'}
[5.490492] (serial) CommandEnded: {'returncode': 0}
[5.501356] (serial) JobProgress: {'identifier': 'serial', 'progress': 'build'}
[5.507502] (serial) Command: {'cmd': ['/usr/bin/cmake', '--build', '/home/rock/robot_ws/build/serial', '--', '-j6', '-l6'], 'cwd': '/home/rock/robot_ws/build/serial', 'env': OrderedDict([('USER', 'rock'), ('SSH_CLIENT', '192.168.29.105 51450 22'), ('XDG_SESSION_TYPE', 'tty'), ('GIT_ASKPASS', '/home/rock/.vscode-server/bin/abd2f3db4bdb28f9e95536dfa84d8479f1eb312d/extensions/git/dist/askpass.sh'), ('SHLVL', '2'), ('LD_LIBRARY_PATH', '/home/rock/robot_ws/install/serial/lib:/opt/ros/foxy/opt/rviz_ogre_vendor/lib:/opt/ros/foxy/opt/yaml_cpp_vendor/lib:/opt/ros/foxy/lib/aarch64-linux-gnu:/opt/ros/foxy/lib'), ('BROWSER', '/home/rock/.vscode-server/bin/abd2f3db4bdb28f9e95536dfa84d8479f1eb312d/bin/helpers/browser.sh'), ('MOTD_SHOWN', 'pam'), ('HOME', '/home/rock'), ('OLDPWD', '/home/rock/robot_ws/src'), ('TERM_PROGRAM_VERSION', '1.82.2'), ('VSCODE_IPC_HOOK_CLI', '/run/user/1000/vscode-ipc-de38a85a-e1ea-495d-860b-b108ccd919ae.sock'), ('ROS_PYTHON_VERSION', '3'), ('VSCODE_GIT_ASKPASS_MAIN', '/home/rock/.vscode-server/bin/abd2f3db4bdb28f9e95536dfa84d8479f1eb312d/extensions/git/dist/askpass-main.js'), ('VSCODE_GIT_ASKPASS_NODE', '/home/rock/.vscode-server/bin/abd2f3db4bdb28f9e95536dfa84d8479f1eb312d/node'), ('DBUS_SESSION_BUS_ADDRESS', 'unix:path=/run/user/1000/bus'), ('COLORTERM', 'truecolor'), ('COLCON_PREFIX_PATH', '/home/rock/robot_ws/install'), ('ROS_DISTRO', 'foxy'), ('LOGNAME', 'rock'), ('_', '/usr/bin/colcon'), ('ROS_VERSION', '2'), ('XDG_SESSION_CLASS', 'user'), ('TERM', 'xterm-256color'), ('XDG_SESSION_ID', 'c1'), ('ROS_LOCALHOST_ONLY', '0'), ('PATH', '/opt/ros/foxy/bin:/home/rock/.vscode-server/bin/abd2f3db4bdb28f9e95536dfa84d8479f1eb312d/bin/remote-cli:/usr/local/sbin:/usr/local/bin:/usr/sbin:/usr/bin:/sbin:/bin:/usr/games:/usr/local/games:/snap/bin'), ('XDG_RUNTIME_DIR', '/run/user/1000'), ('LANG', 'en_US.UTF-8'), ('VSCODE_GIT_IPC_HANDLE', '/run/user/1000/vscode-git-9cf3c58726.sock'), ('TERM_PROGRAM', 'vscode'), ('AMENT_PREFIX_PATH', '/home/rock/robot_ws/install/imu_node:/home/rock/robot_ws/install/serial:/opt/ros/foxy'), ('SHELL', '/bin/bash'), ('VSCODE_GIT_ASKPASS_EXTRA_ARGS', ''), ('PWD', '/home/rock/robot_ws/build/serial'), ('LC_ALL', 'en_US.UTF-8'), ('SSH_CONNECTION', '192.168.29.105 51450 192.168.29.237 22'), ('PYTHONPATH', '/opt/ros/foxy/lib/python3.8/site-packages'), ('COLCON', '1'), ('CMAKE_PREFIX_PATH', '/home/rock/robot_ws/install/imu_node:/home/rock/robot_ws/install/serial')]), 'shell': False}
[5.572177] (-) TimerEvent: {}
[5.638489] (serial) StdoutLine: {'line': b'\x1b[35m\x1b[1mScanning dependencies of target serial\x1b[0m\n'}
[5.672499] (-) TimerEvent: {}
[5.680950] (serial) StdoutLine: {'line': b'[ 16%] \x1b[32mBuilding CXX object CMakeFiles/serial.dir/src/impl/unix.cc.o\x1b[0m\n'}
[5.694425] (serial) StdoutLine: {'line': b'[ 33%] \x1b[32mBuilding CXX object CMakeFiles/serial.dir/src/serial.cc.o\x1b[0m\n'}
[5.697238] (serial) StdoutLine: {'line': b'[ 50%] \x1b[32mBuilding CXX object CMakeFiles/serial.dir/src/impl/list_ports/list_ports_linux.cc.o\x1b[0m\n'}
[5.773158] (-) TimerEvent: {}
[5.874840] (-) TimerEvent: {}
[5.976323] (-) TimerEvent: {}
[6.078043] (-) TimerEvent: {}
[6.180207] (-) TimerEvent: {}
[6.282053] (-) TimerEvent: {}
[6.384134] (-) TimerEvent: {}
[6.486018] (-) TimerEvent: {}
[6.588377] (-) TimerEvent: {}
[6.692972] (-) TimerEvent: {}
[6.795269] (-) TimerEvent: {}
[6.897928] (-) TimerEvent: {}
[6.999436] (-) TimerEvent: {}
[7.101044] (-) TimerEvent: {}
[7.202722] (-) TimerEvent: {}
[7.304452] (-) TimerEvent: {}
[7.406027] (-) TimerEvent: {}
[7.507820] (-) TimerEvent: {}
[7.609677] (-) TimerEvent: {}
[7.712039] (-) TimerEvent: {}
[7.815517] (-) TimerEvent: {}
[7.918076] (-) TimerEvent: {}
[8.020288] (-) TimerEvent: {}
[8.122841] (-) TimerEvent: {}
[8.225186] (-) TimerEvent: {}
[8.327364] (-) TimerEvent: {}
[8.429904] (-) TimerEvent: {}
[8.532273] (-) TimerEvent: {}
[8.632406] (serial) StdoutLine: {'line': b'[ 66%] \x1b[32m\x1b[1mLinking CXX static library libserial.a\x1b[0m\n'}
[8.635433] (-) TimerEvent: {}
[8.738896] (-) TimerEvent: {}
[8.767767] (serial) StdoutLine: {'line': b'[ 66%] Built target serial\n'}
[8.799218] (serial) StdoutLine: {'line': b'\x1b[35m\x1b[1mScanning dependencies of target serial_example\x1b[0m\n'}
[8.833818] (serial) StdoutLine: {'line': b'[ 83%] \x1b[32mBuilding CXX object CMakeFiles/serial_example.dir/examples/serial_example.cc.o\x1b[0m\n'}
[8.839144] (-) TimerEvent: {}
[8.941342] (-) TimerEvent: {}
[9.043605] (-) TimerEvent: {}
[9.145681] (-) TimerEvent: {}
[9.247680] (-) TimerEvent: {}
[9.351070] (-) TimerEvent: {}
[9.454093] (-) TimerEvent: {}
[9.556485] (-) TimerEvent: {}
[9.658897] (-) TimerEvent: {}
[9.761568] (-) TimerEvent: {}
[9.863808] (-) TimerEvent: {}
[9.966159] (-) TimerEvent: {}
[10.068525] (-) TimerEvent: {}
[10.170827] (-) TimerEvent: {}
[10.182960] (serial) StdoutLine: {'line': b'[100%] \x1b[32m\x1b[1mLinking CXX executable serial_example\x1b[0m\n'}
[10.271330] (-) TimerEvent: {}
[10.373945] (-) TimerEvent: {}
[10.476578] (-) TimerEvent: {}
[10.482143] (serial) StdoutLine: {'line': b'[100%] Built target serial_example\n'}
[10.518079] (serial) CommandEnded: {'returncode': 0}
[10.577122] (-) TimerEvent: {}
[10.683936] (-) TimerEvent: {}
[10.695532] (serial) JobProgress: {'identifier': 'serial', 'progress': 'install'}
[10.738084] (serial) Command: {'cmd': ['/usr/bin/cmake', '--install', '/home/rock/robot_ws/build/serial'], 'cwd': '/home/rock/robot_ws/build/serial', 'env': OrderedDict([('USER', 'rock'), ('SSH_CLIENT', '192.168.29.105 51450 22'), ('XDG_SESSION_TYPE', 'tty'), ('GIT_ASKPASS', '/home/rock/.vscode-server/bin/abd2f3db4bdb28f9e95536dfa84d8479f1eb312d/extensions/git/dist/askpass.sh'), ('SHLVL', '2'), ('LD_LIBRARY_PATH', '/home/rock/robot_ws/install/serial/lib:/opt/ros/foxy/opt/rviz_ogre_vendor/lib:/opt/ros/foxy/opt/yaml_cpp_vendor/lib:/opt/ros/foxy/lib/aarch64-linux-gnu:/opt/ros/foxy/lib'), ('BROWSER', '/home/rock/.vscode-server/bin/abd2f3db4bdb28f9e95536dfa84d8479f1eb312d/bin/helpers/browser.sh'), ('MOTD_SHOWN', 'pam'), ('HOME', '/home/rock'), ('OLDPWD', '/home/rock/robot_ws/src'), ('TERM_PROGRAM_VERSION', '1.82.2'), ('VSCODE_IPC_HOOK_CLI', '/run/user/1000/vscode-ipc-de38a85a-e1ea-495d-860b-b108ccd919ae.sock'), ('ROS_PYTHON_VERSION', '3'), ('VSCODE_GIT_ASKPASS_MAIN', '/home/rock/.vscode-server/bin/abd2f3db4bdb28f9e95536dfa84d8479f1eb312d/extensions/git/dist/askpass-main.js'), ('VSCODE_GIT_ASKPASS_NODE', '/home/rock/.vscode-server/bin/abd2f3db4bdb28f9e95536dfa84d8479f1eb312d/node'), ('DBUS_SESSION_BUS_ADDRESS', 'unix:path=/run/user/1000/bus'), ('COLORTERM', 'truecolor'), ('COLCON_PREFIX_PATH', '/home/rock/robot_ws/install'), ('ROS_DISTRO', 'foxy'), ('LOGNAME', 'rock'), ('_', '/usr/bin/colcon'), ('ROS_VERSION', '2'), ('XDG_SESSION_CLASS', 'user'), ('TERM', 'xterm-256color'), ('XDG_SESSION_ID', 'c1'), ('ROS_LOCALHOST_ONLY', '0'), ('PATH', '/opt/ros/foxy/bin:/home/rock/.vscode-server/bin/abd2f3db4bdb28f9e95536dfa84d8479f1eb312d/bin/remote-cli:/usr/local/sbin:/usr/local/bin:/usr/sbin:/usr/bin:/sbin:/bin:/usr/games:/usr/local/games:/snap/bin'), ('XDG_RUNTIME_DIR', '/run/user/1000'), ('LANG', 'en_US.UTF-8'), ('VSCODE_GIT_IPC_HANDLE', '/run/user/1000/vscode-git-9cf3c58726.sock'), ('TERM_PROGRAM', 'vscode'), ('AMENT_PREFIX_PATH', '/home/rock/robot_ws/install/imu_node:/home/rock/robot_ws/install/serial:/opt/ros/foxy'), ('SHELL', '/bin/bash'), ('VSCODE_GIT_ASKPASS_EXTRA_ARGS', ''), ('PWD', '/home/rock/robot_ws/build/serial'), ('LC_ALL', 'en_US.UTF-8'), ('SSH_CONNECTION', '192.168.29.105 51450 192.168.29.237 22'), ('PYTHONPATH', '/opt/ros/foxy/lib/python3.8/site-packages'), ('COLCON', '1'), ('CMAKE_PREFIX_PATH', '/home/rock/robot_ws/install/imu_node:/home/rock/robot_ws/install/serial')]), 'shell': False}
[10.766299] (serial) StdoutLine: {'line': b'-- Install configuration: ""\n'}
[10.770134] (serial) StdoutLine: {'line': b'-- Installing: /home/rock/robot_ws/install/serial/share/serial/environment/library_path.sh\n'}
[10.775066] (serial) StdoutLine: {'line': b'-- Installing: /home/rock/robot_ws/install/serial/share/serial/environment/library_path.dsv\n'}
[10.781033] (serial) StdoutLine: {'line': b'-- Installing: /home/rock/robot_ws/install/serial/include/serial\n'}
[10.783872] (serial) StdoutLine: {'line': b'-- Installing: /home/rock/robot_ws/install/serial/include/serial/v8stdint.h\n'}
[10.786507] (-) TimerEvent: {}
[10.794501] (serial) StdoutLine: {'line': b'-- Installing: /home/rock/robot_ws/install/serial/include/serial/serial.h\n'}
[10.807574] (serial) StdoutLine: {'line': b'-- Installing: /home/rock/robot_ws/install/serial/include/serial/impl\n'}
[10.809217] (serial) StdoutLine: {'line': b'-- Installing: /home/rock/robot_ws/install/serial/include/serial/impl/unix.h\n'}
[10.810401] (serial) StdoutLine: {'line': b'-- Installing: /home/rock/robot_ws/install/serial/include/serial/impl/win.h\n'}
[10.811470] (serial) StdoutLine: {'line': b'-- Installing: /home/rock/robot_ws/install/serial/lib/libserial.a\n'}
[10.823143] (serial) StdoutLine: {'line': b'-- Up-to-date: /home/rock/robot_ws/install/serial/include/serial/serial.h\n'}
[10.824498] (serial) StdoutLine: {'line': b'-- Up-to-date: /home/rock/robot_ws/install/serial/include/serial/v8stdint.h\n'}
[10.825660] (serial) StdoutLine: {'line': b'-- Installing: /home/rock/robot_ws/install/serial/share/ament_index/resource_index/package_run_dependencies/serial\n'}
[10.826879] (serial) StdoutLine: {'line': b'-- Installing: /home/rock/robot_ws/install/serial/share/ament_index/resource_index/parent_prefix_path/serial\n'}
[10.828034] (serial) StdoutLine: {'line': b'-- Installing: /home/rock/robot_ws/install/serial/share/serial/environment/ament_prefix_path.sh\n'}
[10.829260] (serial) StdoutLine: {'line': b'-- Installing: /home/rock/robot_ws/install/serial/share/serial/environment/ament_prefix_path.dsv\n'}
[10.830426] (serial) StdoutLine: {'line': b'-- Installing: /home/rock/robot_ws/install/serial/share/serial/environment/path.sh\n'}
[10.831737] (serial) StdoutLine: {'line': b'-- Installing: /home/rock/robot_ws/install/serial/share/serial/environment/path.dsv\n'}
[10.832941] (serial) StdoutLine: {'line': b'-- Installing: /home/rock/robot_ws/install/serial/share/serial/local_setup.bash\n'}
[10.834057] (serial) StdoutLine: {'line': b'-- Installing: /home/rock/robot_ws/install/serial/share/serial/local_setup.sh\n'}
[10.835218] (serial) StdoutLine: {'line': b'-- Installing: /home/rock/robot_ws/install/serial/share/serial/local_setup.zsh\n'}
[10.836387] (serial) StdoutLine: {'line': b'-- Installing: /home/rock/robot_ws/install/serial/share/serial/local_setup.dsv\n'}
[10.837510] (serial) StdoutLine: {'line': b'-- Installing: /home/rock/robot_ws/install/serial/share/serial/package.dsv\n'}
[10.838788] (serial) StdoutLine: {'line': b'-- Installing: /home/rock/robot_ws/install/serial/share/ament_index/resource_index/packages/serial\n'}
[10.839945] (serial) StdoutLine: {'line': b'-- Installing: /home/rock/robot_ws/install/serial/share/serial/cmake/serialExport.cmake\n'}
[10.841172] (serial) StdoutLine: {'line': b'-- Installing: /home/rock/robot_ws/install/serial/share/serial/cmake/serialExport-noconfig.cmake\n'}
[10.842306] (serial) StdoutLine: {'line': b'-- Installing: /home/rock/robot_ws/install/serial/share/serial/cmake/ament_cmake_export_targets-extras.cmake\n'}
[10.843506] (serial) StdoutLine: {'line': b'-- Installing: /home/rock/robot_ws/install/serial/share/serial/cmake/ament_cmake_export_include_directories-extras.cmake\n'}
[10.844529] (serial) StdoutLine: {'line': b'-- Installing: /home/rock/robot_ws/install/serial/share/serial/cmake/ament_cmake_export_libraries-extras.cmake\n'}
[10.845465] (serial) StdoutLine: {'line': b'-- Installing: /home/rock/robot_ws/install/serial/share/serial/cmake/ament_cmake_export_dependencies-extras.cmake\n'}
[10.847453] (serial) StdoutLine: {'line': b'-- Installing: /home/rock/robot_ws/install/serial/share/serial/cmake/serialConfig.cmake\n'}
[10.849027] (serial) StdoutLine: {'line': b'-- Installing: /home/rock/robot_ws/install/serial/share/serial/cmake/serialConfig-version.cmake\n'}
[10.851282] (serial) StdoutLine: {'line': b'-- Installing: /home/rock/robot_ws/install/serial/share/serial/package.xml\n'}
[10.853872] (serial) CommandEnded: {'returncode': 0}
[10.890006] (-) TimerEvent: {}
[10.995309] (-) TimerEvent: {}
[11.006305] (serial) JobEnded: {'identifier': 'serial', 'rc': 0}
[11.009223] (-) EventReactorShutdown: {}
