[0.056s] Invoking command in '/home/rock/robot_ws/build/serial': CMAKE_PREFIX_PATH=${CMAKE_PREFIX_PATH}:/opt/ros/foxy /usr/bin/cmake /home/rock/robot_ws/src/serial-ros2 -DCMAKE_INSTALL_PREFIX=/home/rock/robot_ws/install/serial
[0.256s] -- The C compiler identification is GNU 9.4.0
[0.457s] -- The CXX compiler identification is GNU 9.4.0
[0.472s] -- Check for working C compiler: /usr/bin/cc
[0.704s] -- Check for working C compiler: /usr/bin/cc -- works
[0.707s] -- Detecting C compiler ABI info
[0.957s] -- Detecting C compiler ABI info - done
[1.076s] -- Detecting C compile features
[1.087s] -- Detecting C compile features - done
[1.093s] -- Check for working CXX compiler: /usr/bin/c++
[1.390s] -- Check for working CXX compiler: /usr/bin/c++ -- works
[1.394s] -- Detecting CXX compiler ABI info
[1.670s] -- Detecting CXX compiler ABI info - done
[1.713s] -- Detecting CXX compile features
[1.715s] -- Detecting CXX compile features - done
[1.720s] -- Found ament_cmake: 0.9.12 (/opt/ros/foxy/share/ament_cmake/cmake)
[1.780s] -- Found PythonInterp: /usr/bin/python3 (found suitable version "3.8.10", minimum required is "3") 
[1.782s] -- Using PYTHON_EXECUTABLE: /usr/bin/python3
[2.668s] -- Configuring done
[2.698s] -- Generating done
[2.706s] -- Build files have been written to: /home/rock/robot_ws/build/serial
[2.727s] Invoked command in '/home/rock/robot_ws/build/serial' returned '0': CMAKE_PREFIX_PATH=${CMAKE_PREFIX_PATH}:/opt/ros/foxy /usr/bin/cmake /home/rock/robot_ws/src/serial-ros2 -DCMAKE_INSTALL_PREFIX=/home/rock/robot_ws/install/serial
[2.764s] Invoking command in '/home/rock/robot_ws/build/serial': CMAKE_PREFIX_PATH=${CMAKE_PREFIX_PATH}:/opt/ros/foxy /usr/bin/cmake --build /home/rock/robot_ws/build/serial -- -j6 -l6
[2.890s] [35m[1mScanning dependencies of target serial[0m
[2.929s] [ 25%] [32mBuilding CXX object CMakeFiles/serial.dir/src/serial.cc.o[0m
[2.934s] [ 50%] [32mBuilding CXX object CMakeFiles/serial.dir/src/impl/unix.cc.o[0m
[2.963s] [ 75%] [32mBuilding CXX object CMakeFiles/serial.dir/src/impl/list_ports/list_ports_linux.cc.o[0m
[5.822s] [100%] [32m[1mLinking CXX static library libserial.a[0m
[5.949s] [100%] Built target serial
[5.984s] Invoked command in '/home/rock/robot_ws/build/serial' returned '0': CMAKE_PREFIX_PATH=${CMAKE_PREFIX_PATH}:/opt/ros/foxy /usr/bin/cmake --build /home/rock/robot_ws/build/serial -- -j6 -l6
[6.134s] Invoking command in '/home/rock/robot_ws/build/serial': CMAKE_PREFIX_PATH=${CMAKE_PREFIX_PATH}:/opt/ros/foxy /usr/bin/cmake --install /home/rock/robot_ws/build/serial
[6.147s] -- Install configuration: ""
[6.148s] -- Installing: /home/rock/robot_ws/install/serial/share/serial/environment/library_path.sh
[6.152s] -- Installing: /home/rock/robot_ws/install/serial/share/serial/environment/library_path.dsv
[6.154s] -- Installing: /home/rock/robot_ws/install/serial/lib/libserial.a
[6.156s] -- Installing: /home/rock/robot_ws/install/serial/include/serial/serial.h
[6.158s] -- Installing: /home/rock/robot_ws/install/serial/include/serial/v8stdint.h
[6.159s] -- Installing: /home/rock/robot_ws/install/serial/share/ament_index/resource_index/package_run_dependencies/serial
[6.161s] -- Installing: /home/rock/robot_ws/install/serial/share/ament_index/resource_index/parent_prefix_path/serial
[6.164s] -- Installing: /home/rock/robot_ws/install/serial/share/serial/environment/ament_prefix_path.sh
[6.168s] -- Installing: /home/rock/robot_ws/install/serial/share/serial/environment/ament_prefix_path.dsv
[6.175s] -- Installing: /home/rock/robot_ws/install/serial/share/serial/environment/path.sh
[6.177s] -- Installing: /home/rock/robot_ws/install/serial/share/serial/environment/path.dsv
[6.179s] -- Installing: /home/rock/robot_ws/install/serial/share/serial/local_setup.bash
[6.189s] -- Installing: /home/rock/robot_ws/install/serial/share/serial/local_setup.sh
[6.193s] -- Installing: /home/rock/robot_ws/install/serial/share/serial/local_setup.zsh
[6.195s] -- Installing: /home/rock/robot_ws/install/serial/share/serial/local_setup.dsv
[6.197s] -- Installing: /home/rock/robot_ws/install/serial/share/serial/package.dsv
[6.200s] -- Installing: /home/rock/robot_ws/install/serial/share/ament_index/resource_index/packages/serial
[6.202s] -- Installing: /home/rock/robot_ws/install/serial/share/serial/cmake/ament_cmake_export_include_directories-extras.cmake
[6.205s] -- Installing: /home/rock/robot_ws/install/serial/share/serial/cmake/ament_cmake_export_libraries-extras.cmake
[6.208s] -- Installing: /home/rock/robot_ws/install/serial/share/serial/cmake/serialConfig.cmake
[6.211s] -- Installing: /home/rock/robot_ws/install/serial/share/serial/cmake/serialConfig-version.cmake
[6.218s] -- Installing: /home/rock/robot_ws/install/serial/share/serial/package.xml
[6.221s] Invoked command in '/home/rock/robot_ws/build/serial' returned '0': CMAKE_PREFIX_PATH=${CMAKE_PREFIX_PATH}:/opt/ros/foxy /usr/bin/cmake --install /home/rock/robot_ws/build/serial
