[0.920s] Invoking command in '/home/tolasing/ros2_ws/build/path_planner': PYTHONPATH=/home/tolasing/ros2_ws/build/path_planner/prefix_override:/home/tolasing/ros2_ws/install/path_planner/lib/python3.10/site-packages:${PYTHONPATH} /usr/bin/python3 setup.py develop --editable --build-directory /home/tolasing/ros2_ws/build/path_planner/build --no-deps install_data
[1.211s] running develop
[1.212s] /usr/lib/python3/dist-packages/setuptools/command/easy_install.py:158: EasyInstallDeprecationWarning: easy_install command is deprecated. Use build and pip and other standards-based tools.
[1.212s]   warnings.warn(
[1.214s] /usr/lib/python3/dist-packages/setuptools/command/install.py:34: SetuptoolsDeprecationWarning: setup.py install is deprecated. Use build and pip and other standards-based tools.
[1.215s]   warnings.warn(
[1.286s] /usr/lib/python3/dist-packages/pkg_resources/__init__.py:116: PkgResourcesDeprecationWarning: 1.16.0-unknown is an invalid version and will not be supported in a future release
[1.286s]   warnings.warn(
[1.287s] /usr/lib/python3/dist-packages/pkg_resources/__init__.py:116: PkgResourcesDeprecationWarning: 0.1.43ubuntu1 is an invalid version and will not be supported in a future release
[1.287s]   warnings.warn(
[1.287s] /usr/lib/python3/dist-packages/pkg_resources/__init__.py:116: PkgResourcesDeprecationWarning: 1.1build1 is an invalid version and will not be supported in a future release
[1.287s]   warnings.warn(
[1.417s] running egg_info
[1.417s] writing path_planner.egg-info/PKG-INFO
[1.417s] writing dependency_links to path_planner.egg-info/dependency_links.txt
[1.418s] writing entry points to path_planner.egg-info/entry_points.txt
[1.418s] writing requirements to path_planner.egg-info/requires.txt
[1.418s] writing top-level names to path_planner.egg-info/top_level.txt
[1.420s] reading manifest file 'path_planner.egg-info/SOURCES.txt'
[1.421s] writing manifest file 'path_planner.egg-info/SOURCES.txt'
[1.422s] running build_ext
[1.423s] Creating /home/tolasing/ros2_ws/install/path_planner/lib/python3.10/site-packages/path-planner.egg-link (link to .)
[1.424s] Installing navigation_node script to /home/tolasing/ros2_ws/install/path_planner/lib/path_planner
[1.424s] 
[1.424s] Installed /home/tolasing/ros2_ws/build/path_planner
[1.424s] running install_data
[1.425s] copying launch/planner_server.launch.py -> /home/tolasing/ros2_ws/install/path_planner/share/path_planner/launch
[1.425s] copying config/behavior.yaml -> /home/tolasing/ros2_ws/install/path_planner/share/path_planner/config
[1.466s] Invoked command in '/home/tolasing/ros2_ws/build/path_planner' returned '0': PYTHONPATH=/home/tolasing/ros2_ws/build/path_planner/prefix_override:/home/tolasing/ros2_ws/install/path_planner/lib/python3.10/site-packages:${PYTHONPATH} /usr/bin/python3 setup.py develop --editable --build-directory /home/tolasing/ros2_ws/build/path_planner/build --no-deps install_data
