[0.074s] Invoking command in '/home/tolasing/ros2_ws/build/navigator_planner': CMAKE_PREFIX_PATH=/home/tolasing/ros2_ws/src/cartographer:/usr/lib/x86_64-linux-gnu/libserial.so:/home/tolasing/ros2_ws/src/cartographer:/usr/lib/x86_64-linux-gnu/libserial.so:/home/tolasing/ros2_ws/install/serial_driver:/home/tolasing/ros2_ws/install/motor_control:/home/tolasing/ros2_ws/install/path_planner:/opt/ros/humble:/home/tolasing/ros2_ws/install/serial:/home/tolasing/ros2_ws/install/ros2_mapping:/home/tolasing/ros2_ws/install/prototype:/home/tolasing/ros2_ws/install/navigator_planner:/home/tolasing/ros2_ws/install/io_context:/home/tolasing/ros2_ws/install/gazebo_sim:/home/tolasing/ros2_ws/install/asio_cmake_module:/home/tolasing/ros2_ws/install/articubot_one /usr/bin/cmake /home/tolasing/ros2_ws/src/navigator_planner -DCMAKE_INSTALL_PREFIX=/home/tolasing/ros2_ws/install/navigator_planner
[0.611s] -- Found ament_cmake: 1.3.3 (/opt/ros/humble/share/ament_cmake/cmake)
[0.611s] -- Override CMake install command with custom implementation using symlinks instead of copying resources
[0.611s] -- Found navigation2: 1.1.6 (/opt/ros/humble/share/navigation2/cmake)
[0.611s] -- Found slam_toolbox: 2.6.4 (/opt/ros/humble/share/slam_toolbox/cmake)
[0.611s] -- Found rosidl_generator_c: 3.1.4 (/opt/ros/humble/share/rosidl_generator_c/cmake)
[0.611s] -- Found rosidl_adapter: 3.1.4 (/opt/ros/humble/share/rosidl_adapter/cmake)
[0.611s] -- Found rosidl_generator_cpp: 3.1.4 (/opt/ros/humble/share/rosidl_generator_cpp/cmake)
[0.612s] -- Using all available rosidl_typesupport_c: rosidl_typesupport_fastrtps_c;rosidl_typesupport_introspection_c
[0.612s] -- Using all available rosidl_typesupport_cpp: rosidl_typesupport_fastrtps_cpp;rosidl_typesupport_introspection_cpp
[2.153s] -- Found rmw_implementation_cmake: 6.1.1 (/opt/ros/humble/share/rmw_implementation_cmake/cmake)
[2.166s] -- Found rmw_fastrtps_cpp: 6.2.2 (/opt/ros/humble/share/rmw_fastrtps_cpp/cmake)
[2.519s] -- Using RMW implementation 'rmw_fastrtps_cpp' as default
[3.939s] -- Found eigen3_cmake_module: 0.1.1 (/opt/ros/humble/share/eigen3_cmake_module/cmake)
[3.943s] -- Ensuring Eigen3 include directory is part of orocos-kdl CMake target
[4.386s] -- Setting OGRE_DIR to: '/opt/ros/humble/share/rviz_ogre_vendor/cmake/../../../opt/rviz_ogre_vendor/lib/OGRE/cmake'
[4.404s] -- Found OGRE
[4.406s] --   static     : OFF
[4.407s] --   components : HLMS;MeshLodGenerator;Overlay;Paging;Property;RTShaderSystem;Terrain;Volume
[4.407s] --   plugins    : Plugin_BSPSceneManager;Plugin_OctreeSceneManager;Plugin_PCZSceneManager;Plugin_ParticleFX;RenderSystem_GL;RenderSystem_GL3Plus;Codec_STBI
[4.407s] --   media      : /opt/ros/humble/opt/rviz_ogre_vendor/share/OGRE/Media
[4.409s] -- OGRE_LIBRARIES: OgreHLMS;OgreMeshLodGenerator;OgreOverlay;OgrePaging;OgreProperty;OgreRTShaderSystem;OgreTerrain;OgreVolume;OgreMain
[4.410s] -- OGRE_LIBRARY_DIRS: /opt/ros/humble/opt/rviz_ogre_vendor/lib
[4.410s] -- OGRE_PLUGINS: Plugin_BSPSceneManager;Plugin_OctreeSceneManager;Plugin_PCZSceneManager;Plugin_ParticleFX;RenderSystem_GL;RenderSystem_GL3Plus;Codec_STBI
[4.410s] -- OGRE_PLUGIN_DIR: /opt/ros/humble/opt/rviz_ogre_vendor/lib/OGRE
[4.410s] -- rviz_ogre_vendor::OgreOverlay for IMPORTED_LOCATION_RELEASE: /opt/ros/humble/opt/rviz_ogre_vendor/lib/libOgreOverlay.so
[4.410s] -- rviz_ogre_vendor::OgreOverlay for IMPORTED_LOCATION_DEBUG: /opt/ros/humble/opt/rviz_ogre_vendor/lib/libOgreOverlay.so
[4.411s] -- rviz_ogre_vendor::OgreMain for IMPORTED_LOCATION_RELEASE: /opt/ros/humble/opt/rviz_ogre_vendor/lib/libOgreMain.so
[4.411s] -- rviz_ogre_vendor::OgreMain for IMPORTED_LOCATION_DEBUG: /opt/ros/humble/opt/rviz_ogre_vendor/lib/libOgreMain.so
[4.570s] -- rviz_ogre_vendor::RenderSystem_GL for IMPORTED_LOCATION_RELEASE: _render_system_gl_static_library_abs-NOTFOUND
[4.570s] -- rviz_ogre_vendor::RenderSystem_GL for IMPORTED_LOCATION_DEBUG: _render_system_gl_static_library_abs-NOTFOUND
[4.627s] -- library: /usr/lib/x86_64-linux-gnu/libcurl.so
[5.964s] -- Found rclpy: 3.3.7 (/opt/ros/humble/share/rclpy/cmake)
[5.966s] -- Found ament_lint_auto: 0.12.5 (/opt/ros/humble/share/ament_lint_auto/cmake)
[6.158s] -- Added test 'flake8' to check Python code syntax and style conventions
[6.159s] -- Added test 'lint_cmake' to check CMake code style
[6.160s] -- Added test 'pep257' to check Python code against some of the docstring style conventions in PEP 257
[6.162s] -- Added test 'xmllint' to check XML markup files
[6.169s] -- Configuring done
[6.201s] -- Generating done
[6.218s] -- Build files have been written to: /home/tolasing/ros2_ws/build/navigator_planner
[6.245s] Invoked command in '/home/tolasing/ros2_ws/build/navigator_planner' returned '0': CMAKE_PREFIX_PATH=/home/tolasing/ros2_ws/src/cartographer:/usr/lib/x86_64-linux-gnu/libserial.so:/home/tolasing/ros2_ws/src/cartographer:/usr/lib/x86_64-linux-gnu/libserial.so:/home/tolasing/ros2_ws/install/serial_driver:/home/tolasing/ros2_ws/install/motor_control:/home/tolasing/ros2_ws/install/path_planner:/opt/ros/humble:/home/tolasing/ros2_ws/install/serial:/home/tolasing/ros2_ws/install/ros2_mapping:/home/tolasing/ros2_ws/install/prototype:/home/tolasing/ros2_ws/install/navigator_planner:/home/tolasing/ros2_ws/install/io_context:/home/tolasing/ros2_ws/install/gazebo_sim:/home/tolasing/ros2_ws/install/asio_cmake_module:/home/tolasing/ros2_ws/install/articubot_one /usr/bin/cmake /home/tolasing/ros2_ws/src/navigator_planner -DCMAKE_INSTALL_PREFIX=/home/tolasing/ros2_ws/install/navigator_planner
[6.248s] Invoking command in '/home/tolasing/ros2_ws/build/navigator_planner': CMAKE_PREFIX_PATH=/home/tolasing/ros2_ws/src/cartographer:/usr/lib/x86_64-linux-gnu/libserial.so:/home/tolasing/ros2_ws/src/cartographer:/usr/lib/x86_64-linux-gnu/libserial.so:/home/tolasing/ros2_ws/install/serial_driver:/home/tolasing/ros2_ws/install/motor_control:/home/tolasing/ros2_ws/install/path_planner:/opt/ros/humble:/home/tolasing/ros2_ws/install/serial:/home/tolasing/ros2_ws/install/ros2_mapping:/home/tolasing/ros2_ws/install/prototype:/home/tolasing/ros2_ws/install/navigator_planner:/home/tolasing/ros2_ws/install/io_context:/home/tolasing/ros2_ws/install/gazebo_sim:/home/tolasing/ros2_ws/install/asio_cmake_module:/home/tolasing/ros2_ws/install/articubot_one /usr/bin/cmake --build /home/tolasing/ros2_ws/build/navigator_planner -- -j8 -l8
[6.327s] Invoked command in '/home/tolasing/ros2_ws/build/navigator_planner' returned '0': CMAKE_PREFIX_PATH=/home/tolasing/ros2_ws/src/cartographer:/usr/lib/x86_64-linux-gnu/libserial.so:/home/tolasing/ros2_ws/src/cartographer:/usr/lib/x86_64-linux-gnu/libserial.so:/home/tolasing/ros2_ws/install/serial_driver:/home/tolasing/ros2_ws/install/motor_control:/home/tolasing/ros2_ws/install/path_planner:/opt/ros/humble:/home/tolasing/ros2_ws/install/serial:/home/tolasing/ros2_ws/install/ros2_mapping:/home/tolasing/ros2_ws/install/prototype:/home/tolasing/ros2_ws/install/navigator_planner:/home/tolasing/ros2_ws/install/io_context:/home/tolasing/ros2_ws/install/gazebo_sim:/home/tolasing/ros2_ws/install/asio_cmake_module:/home/tolasing/ros2_ws/install/articubot_one /usr/bin/cmake --build /home/tolasing/ros2_ws/build/navigator_planner -- -j8 -l8
[6.386s] Invoking command in '/home/tolasing/ros2_ws/build/navigator_planner': CMAKE_PREFIX_PATH=/home/tolasing/ros2_ws/src/cartographer:/usr/lib/x86_64-linux-gnu/libserial.so:/home/tolasing/ros2_ws/src/cartographer:/usr/lib/x86_64-linux-gnu/libserial.so:/home/tolasing/ros2_ws/install/serial_driver:/home/tolasing/ros2_ws/install/motor_control:/home/tolasing/ros2_ws/install/path_planner:/opt/ros/humble:/home/tolasing/ros2_ws/install/serial:/home/tolasing/ros2_ws/install/ros2_mapping:/home/tolasing/ros2_ws/install/prototype:/home/tolasing/ros2_ws/install/navigator_planner:/home/tolasing/ros2_ws/install/io_context:/home/tolasing/ros2_ws/install/gazebo_sim:/home/tolasing/ros2_ws/install/asio_cmake_module:/home/tolasing/ros2_ws/install/articubot_one /usr/bin/cmake --install /home/tolasing/ros2_ws/build/navigator_planner
[6.401s] -- Install configuration: ""
[6.401s] -- Execute custom install script
[6.403s] -- Up-to-date symlink: /home/tolasing/ros2_ws/install/navigator_planner/share/navigator_planner/launch/planner_server.launch.py
[6.404s] -- Up-to-date symlink: /home/tolasing/ros2_ws/install/navigator_planner/share/navigator_planner/config/behavior.xml
[6.404s] -- Up-to-date symlink: /home/tolasing/ros2_ws/install/navigator_planner/share/navigator_planner/config/behavior.yaml
[6.404s] -- Up-to-date symlink: /home/tolasing/ros2_ws/install/navigator_planner/share/navigator_planner/config/bt_navigator.yaml
[6.404s] -- Up-to-date symlink: /home/tolasing/ros2_ws/install/navigator_planner/share/navigator_planner/config/controller_server.yaml
[6.405s] -- Up-to-date symlink: /home/tolasing/ros2_ws/install/navigator_planner/share/navigator_planner/config/global_costmap.yaml
[6.405s] -- Up-to-date symlink: /home/tolasing/ros2_ws/install/navigator_planner/share/navigator_planner/config/nav_params.yaml
[6.405s] -- Up-to-date symlink: /home/tolasing/ros2_ws/install/navigator_planner/share/navigator_planner/config/navigate_through_poses_w_replanning_and_recovery.xml
[6.405s] -- Up-to-date symlink: /home/tolasing/ros2_ws/install/navigator_planner/share/navigator_planner/config/navigate_to_pose_w_replanning_and_recovery.xml
[6.406s] -- Up-to-date symlink: /home/tolasing/ros2_ws/install/navigator_planner/share/navigator_planner/config/planner_server.yaml
[6.406s] -- Up-to-date symlink: /home/tolasing/ros2_ws/install/navigator_planner/share/navigator_planner/config/recovery_server.yaml
[6.406s] -- Up-to-date symlink: /home/tolasing/ros2_ws/install/navigator_planner/share/ament_index/resource_index/package_run_dependencies/navigator_planner
[6.407s] -- Up-to-date symlink: /home/tolasing/ros2_ws/install/navigator_planner/share/ament_index/resource_index/parent_prefix_path/navigator_planner
[6.408s] -- Up-to-date symlink: /home/tolasing/ros2_ws/install/navigator_planner/share/navigator_planner/environment/ament_prefix_path.sh
[6.409s] -- Up-to-date symlink: /home/tolasing/ros2_ws/install/navigator_planner/share/navigator_planner/environment/ament_prefix_path.dsv
[6.409s] -- Up-to-date symlink: /home/tolasing/ros2_ws/install/navigator_planner/share/navigator_planner/environment/path.sh
[6.410s] -- Up-to-date symlink: /home/tolasing/ros2_ws/install/navigator_planner/share/navigator_planner/environment/path.dsv
[6.410s] -- Up-to-date symlink: /home/tolasing/ros2_ws/install/navigator_planner/share/navigator_planner/local_setup.bash
[6.411s] -- Up-to-date symlink: /home/tolasing/ros2_ws/install/navigator_planner/share/navigator_planner/local_setup.sh
[6.411s] -- Up-to-date symlink: /home/tolasing/ros2_ws/install/navigator_planner/share/navigator_planner/local_setup.zsh
[6.412s] -- Up-to-date symlink: /home/tolasing/ros2_ws/install/navigator_planner/share/navigator_planner/local_setup.dsv
[6.412s] -- Symlinking: /home/tolasing/ros2_ws/install/navigator_planner/share/navigator_planner/package.dsv
[6.449s] -- Up-to-date symlink: /home/tolasing/ros2_ws/install/navigator_planner/share/ament_index/resource_index/packages/navigator_planner
[6.451s] -- Up-to-date symlink: /home/tolasing/ros2_ws/install/navigator_planner/share/navigator_planner/cmake/navigator_plannerConfig.cmake
[6.451s] -- Up-to-date symlink: /home/tolasing/ros2_ws/install/navigator_planner/share/navigator_planner/cmake/navigator_plannerConfig-version.cmake
[6.451s] -- Up-to-date symlink: /home/tolasing/ros2_ws/install/navigator_planner/share/navigator_planner/package.xml
[6.463s] Invoked command in '/home/tolasing/ros2_ws/build/navigator_planner' returned '0': CMAKE_PREFIX_PATH=/home/tolasing/ros2_ws/src/cartographer:/usr/lib/x86_64-linux-gnu/libserial.so:/home/tolasing/ros2_ws/src/cartographer:/usr/lib/x86_64-linux-gnu/libserial.so:/home/tolasing/ros2_ws/install/serial_driver:/home/tolasing/ros2_ws/install/motor_control:/home/tolasing/ros2_ws/install/path_planner:/opt/ros/humble:/home/tolasing/ros2_ws/install/serial:/home/tolasing/ros2_ws/install/ros2_mapping:/home/tolasing/ros2_ws/install/prototype:/home/tolasing/ros2_ws/install/navigator_planner:/home/tolasing/ros2_ws/install/io_context:/home/tolasing/ros2_ws/install/gazebo_sim:/home/tolasing/ros2_ws/install/asio_cmake_module:/home/tolasing/ros2_ws/install/articubot_one /usr/bin/cmake --install /home/tolasing/ros2_ws/build/navigator_planner
