[0.108s] Invoking command in '/home/tolasing/ros2_ws/build/cartographer': CMAKE_PREFIX_PATH=/home/tolasing/ros2_ws/src/cartographer:/usr/lib/x86_64-linux-gnu/libserial.so:/home/tolasing/ros2_ws/src/cartographer:/usr/lib/x86_64-linux-gnu/libserial.so:/home/tolasing/ros2_ws/install/udp_driver:/home/tolasing/ros2_ws/install/serial_driver:/home/tolasing/ros2_ws/install/motor_control:/home/tolasing/ros2_ws/install/service_pkg:/home/tolasing/ros2_ws/install/nav2_project:/opt/ros/humble:/home/tolasing/ros2_ws/install/serial:/home/tolasing/ros2_ws/install/prototype:/home/tolasing/ros2_ws/install/nav2_course:/home/tolasing/ros2_ws/install/io_context:/home/tolasing/ros2_ws/install/gazebo_sim:/home/tolasing/ros2_ws/install/cartographer_slam:/home/tolasing/ros2_ws/install/cartographer:/home/tolasing/ros2_ws/install/asio_cmake_module /usr/bin/cmake --build /home/tolasing/ros2_ws/build/cartographer -- -j8 -l8
[1.093s] [  0%] [34m[1mBuilding documentation.[0m
[1.094s] [  1%] Built target gtest
[1.094s] [  2%] Built target gmock
[1.097s] [  2%] Built target cartographer_detect_changes
[1.097s] [  2%] Built target gmock_main
[1.097s] [ 55%] Built target cartographer
[1.206s] [ 56%] Built target cartographer_autogenerate_ground_truth
[1.266s] [ 57%] Built target cartographer_pbstream
[1.276s] [ 57%] Built target cartographer_print_configuration
[1.312s] [ 58%] Built target cartographer_test_library
[1.317s] [ 58%] Built target cartographer_compute_relations_metrics
[1.518s] [ 58%] Built target cartographer.common.configuration_files_test
[1.541s] [ 59%] Built target cartographer.common.fixed_ratio_sampler_test
[1.557s] [ 60%] Built target cartographer.common.math_test
[1.586s] [ 61%] Built target cartographer.common.internal.rate_timer_test
[1.609s] [ 61%] Built target cartographer.common.internal.blocking_queue_test
[1.649s] [ 61%] Built target cartographer.common.lua_parameter_dictionary_test
[1.672s] [ 61%] Built target cartographer.common.task_test
[1.829s] [ 62%] Built target cartographer.common.thread_pool_test
[1.944s] [ 63%] Built target cartographer.io.internal.in_memory_proto_stream_test
[1.945s] [ 64%] Built target cartographer.io.points_processor_pipeline_builder_test
[1.976s] [ 64%] Built target cartographer.io.probability_grid_points_processor_test
[1.982s] [ 64%] Built target cartographer.io.fake_file_writer_test
[2.016s] [ 65%] Built target cartographer.io.proto_stream_deserializer_test
[2.023s] [01mRunning Sphinx v4.3.2[39;49;00m
[2.050s] [ 65%] Built target cartographer.io.proto_stream_test
[2.236s] [ 66%] Built target cartographer.mapping.2d.probability_grid_test
[2.246s] [ 67%] Built target cartographer.io.serialization_format_migration_test
[2.252s] [ 67%] Built target cartographer.mapping.2d.map_limits_test
[2.275s] [ 67%] Built target cartographer.mapping.2d.xy_index_test
[2.276s] [ 67%] Built target cartographer.mapping.2d.range_data_inserter_2d_test
[2.278s] [ 68%] Built target cartographer.mapping.2d.submap_2d_test
[2.420s] [ 69%] Built target cartographer.mapping.3d.hybrid_grid_test
[2.433s] [ 69%] Built target cartographer.mapping.3d.range_data_inserter_3d_test
[2.446s] [ 70%] Built target cartographer.mapping.3d.submap_3d_test
[2.478s] [ 70%] Built target cartographer.mapping.id_test
[2.670s] [ 71%] Built target cartographer.mapping.imu_tracker_test
[2.720s] [ 71%] Built target cartographer.mapping.internal.2d.normal_estimation_2d_test
[2.730s] [ 71%] Built target cartographer.mapping.internal.2d.pose_graph_2d_test
[2.778s] [ 72%] Built target cartographer.mapping.internal.2d.overlapping_submaps_trimmer_2d_test
[2.792s] [ 72%] Built target cartographer.mapping.internal.2d.scan_matching.ceres_scan_matcher_2d_test
[2.814s] [ 73%] Built target cartographer.mapping.internal.2d.ray_to_pixel_mask_test
[2.824s] [ 74%] Built target cartographer.mapping.internal.2d.scan_matching.correlative_scan_matcher_test
[3.020s] [ 75%] Built target cartographer.mapping.internal.2d.scan_matching.fast_correlative_scan_matcher_2d_test
[3.053s] [ 76%] Built target cartographer.mapping.internal.2d.scan_matching.real_time_correlative_scan_matcher_2d_test
[3.055s] [ 76%] Built target cartographer.mapping.internal.2d.scan_matching.interpolated_tsdf_2d_test
[3.059s] [ 76%] Built target cartographer.mapping.internal.2d.scan_matching.tsdf_match_cost_function_2d_test
[3.073s] [ 76%] Built target cartographer.mapping.internal.2d.scan_matching.occupied_space_cost_function_2d_test
[3.088s] [ 77%] Built target cartographer.mapping.internal.2d.tsd_value_converter_test
[3.224s] [ 77%] Built target cartographer.mapping.internal.2d.tsdf_2d_test
[3.264s] [ 78%] Built target cartographer.mapping.internal.2d.tsdf_range_data_inserter_2d_test
[3.318s] [ 78%] Built target cartographer.mapping.internal.3d.local_trajectory_builder_3d_test
[3.352s] [ 79%] Built target cartographer.mapping.internal.3d.pose_graph_3d_test
[3.369s] [01mloading pickled environment... [39;49;00mdone
[3.371s] [ 80%] Built target cartographer.mapping.internal.3d.scan_matching.ceres_scan_matcher_3d_test
[3.386s] [ 81%] Built target cartographer.mapping.internal.3d.scan_matching.intensity_cost_function_3d_test
[3.389s] [01mbuilding [mo]: [39;49;00mtargets for 0 po files that are out of date
[3.390s] [01mbuilding [html]: [39;49;00mtargets for 0 source files that are out of date
[3.392s] [01mupdating environment: [39;49;00m0 added, 0 changed, 0 removed
[3.396s] [01mlooking for now-outdated files... [39;49;00mnone found
[3.398s] [01mno targets are out of date.[39;49;00m
[3.398s] [01mbuild succeeded.[39;49;00m
[3.398s] 
[3.399s] The HTML pages are in html.
[3.421s] [ 81%] Built target cartographer.mapping.internal.3d.scan_matching.fast_correlative_scan_matcher_3d_test
[3.504s] [ 81%] Built target cartographer.mapping.internal.3d.scan_matching.interpolated_grid_test
[3.663s] [ 82%] Built target cartographer.mapping.internal.3d.scan_matching.precomputation_grid_3d_test
[3.676s] [ 83%] Built target cartographer.mapping.internal.3d.scan_matching.rotation_delta_cost_functor_3d_test
[3.716s] [ 84%] Built target cartographer.mapping.internal.connected_components_test
[3.717s] [ 84%] Built target cartographer.mapping.internal.3d.scan_matching.real_time_correlative_scan_matcher_3d_test
[3.739s] [ 84%] Built target cartographer.mapping.internal.constraints.constraint_builder_2d_test
[3.749s] [ 84%] Built target cartographer.mapping.internal.3d.scan_matching.rotational_scan_matcher_test
[3.792s] [ 85%] Built target cartographer.mapping.internal.constraints.constraint_builder_3d_test
[3.975s] [ 85%] Built target build_doc
[4.098s] [ 86%] Built target cartographer.mapping.internal.optimization.cost_functions.spa_cost_function_2d_test
[4.105s] [ 86%] Built target cartographer.mapping.internal.optimization.optimization_problem_3d_test
[4.107s] [ 86%] Built target cartographer.mapping.internal.motion_filter_test
[4.115s] [ 87%] Built target cartographer.mapping.internal.optimization.cost_functions.landmark_cost_function_2d_test
[4.124s] [ 87%] Built target cartographer.mapping.internal.optimization.cost_functions.landmark_cost_function_3d_test
[4.142s] [ 88%] Built target cartographer.mapping.internal.range_data_collator_test
[4.156s] [ 88%] Built target cartographer.mapping.internal.trajectory_connectivity_state_test
[4.319s] [ 89%] Built target cartographer.mapping.map_builder_test
[4.329s] [ 90%] Built target cartographer.mapping.pose_graph_test
[4.379s] [ 90%] Built target cartographer.mapping.pose_extrapolator_test
[4.434s] [ 90%] Built target cartographer.mapping.pose_graph_trimmer_test
[4.459s] [ 91%] Built target cartographer.mapping.probability_values_test
[4.492s] [ 91%] Built target cartographer.mapping.value_conversion_tables_test
[4.492s] [ 91%] Built target cartographer.mapping.submaps_test
[4.495s] [ 92%] Built target cartographer.mapping.trajectory_node_test
[4.722s] [ 93%] Built target cartographer.sensor.internal.collator_test
[4.732s] [ 93%] Built target cartographer.sensor.compressed_point_cloud_test
[4.753s] [ 94%] Built target cartographer.sensor.internal.ordered_multi_queue_test
[4.763s] [ 94%] Built target cartographer.sensor.internal.trajectory_collator_test
[4.784s] [ 94%] Built target cartographer.sensor.landmark_data_test
[4.787s] [ 95%] Built target cartographer.sensor.internal.voxel_filter_test
[4.788s] [ 96%] Built target cartographer.sensor.map_by_time_test
[4.910s] [ 97%] Built target cartographer.sensor.point_cloud_test
[5.006s] [ 97%] Built target cartographer.sensor.range_data_test
[5.029s] [ 98%] Built target cartographer.transform.transform_interpolation_buffer_test
[5.045s] [ 98%] Built target cartographer.transform.timestamped_transform_test
[5.058s] [100%] Built target cartographer.transform.rigid_transform_test
[5.060s] [100%] Built target cartographer.transform.transform_test
[5.424s] Invoked command in '/home/tolasing/ros2_ws/build/cartographer' returned '0': CMAKE_PREFIX_PATH=/home/tolasing/ros2_ws/src/cartographer:/usr/lib/x86_64-linux-gnu/libserial.so:/home/tolasing/ros2_ws/src/cartographer:/usr/lib/x86_64-linux-gnu/libserial.so:/home/tolasing/ros2_ws/install/udp_driver:/home/tolasing/ros2_ws/install/serial_driver:/home/tolasing/ros2_ws/install/motor_control:/home/tolasing/ros2_ws/install/service_pkg:/home/tolasing/ros2_ws/install/nav2_project:/opt/ros/humble:/home/tolasing/ros2_ws/install/serial:/home/tolasing/ros2_ws/install/prototype:/home/tolasing/ros2_ws/install/nav2_course:/home/tolasing/ros2_ws/install/io_context:/home/tolasing/ros2_ws/install/gazebo_sim:/home/tolasing/ros2_ws/install/cartographer_slam:/home/tolasing/ros2_ws/install/cartographer:/home/tolasing/ros2_ws/install/asio_cmake_module /usr/bin/cmake --build /home/tolasing/ros2_ws/build/cartographer -- -j8 -l8
