[1.130s] DEBUG:colcon:Command line arguments: ['/usr/bin/colcon', 'build', '--packages-select', 'prototype', '--symlink-install']
[1.131s] DEBUG:colcon:Parsed command line arguments: Namespace(allow_overriding=[], ament_cmake_args=None, base_paths=['.'], build_base='build', catkin_cmake_args=None, catkin_skip_building_tests=False, cmake_args=None, cmake_clean_cache=False, cmake_clean_first=False, cmake_force_configure=False, cmake_target=None, cmake_target_skip_unavailable=False, continue_on_error=False, event_handlers=None, executor='parallel', ignore_user_meta=False, install_base='install', log_base=None, log_level=None, main=<bound method BuildVerb.main of <colcon_core.verb.build.BuildVerb object at 0x7f8e46bc40>>, merge_install=False, metas=['./colcon.meta'], packages_above=None, packages_above_and_dependencies=None, packages_above_depth=None, packages_end=None, packages_ignore=None, packages_ignore_regex=None, packages_select=['prototype'], packages_select_build_failed=False, packages_select_by_dep=None, packages_select_regex=None, packages_select_test_failures=False, packages_skip=None, packages_skip_build_finished=False, packages_skip_by_dep=None, packages_skip_regex=None, packages_skip_test_passed=False, packages_skip_up_to=None, packages_start=None, packages_up_to=None, packages_up_to_regex=None, parallel_workers=6, paths=None, symlink_install=True, test_result_base=None, verb_extension=<colcon_core.verb.build.BuildVerb object at 0x7f8e46bc40>, verb_name='build', verb_parser=<colcon_defaults.argument_parser.defaults.DefaultArgumentsDecorator object at 0x7f8e4781f0>)
[1.242s] Level 1:colcon.colcon_core.package_discovery:discover_packages(colcon_meta) check parameters
[1.242s] Level 1:colcon.colcon_core.package_discovery:discover_packages(recursive) check parameters
[1.242s] Level 1:colcon.colcon_core.package_discovery:discover_packages(ignore) check parameters
[1.243s] Level 1:colcon.colcon_core.package_discovery:discover_packages(path) check parameters
[1.243s] Level 1:colcon.colcon_core.package_discovery:discover_packages(colcon_meta) discover
[1.243s] Level 1:colcon.colcon_core.package_discovery:discover_packages(recursive) discover
[1.243s] INFO:colcon.colcon_core.package_discovery:Crawling recursively for packages in '/home/rock/robot_ws'
[1.244s] Level 1:colcon.colcon_core.package_identification:_identify(.) by extensions ['ignore', 'ignore_ament_install']
[1.244s] Level 1:colcon.colcon_core.package_identification:_identify(.) by extension 'ignore'
[1.245s] Level 1:colcon.colcon_core.package_identification:_identify(.) by extension 'ignore_ament_install'
[1.245s] Level 1:colcon.colcon_core.package_identification:_identify(.) by extensions ['colcon_pkg']
[1.245s] Level 1:colcon.colcon_core.package_identification:_identify(.) by extension 'colcon_pkg'
[1.245s] Level 1:colcon.colcon_core.package_identification:_identify(.) by extensions ['colcon_meta']
[1.246s] Level 1:colcon.colcon_core.package_identification:_identify(.) by extension 'colcon_meta'
[1.246s] Level 1:colcon.colcon_core.package_identification:_identify(.) by extensions ['ros']
[1.246s] Level 1:colcon.colcon_core.package_identification:_identify(.) by extension 'ros'
[1.331s] Level 1:colcon.colcon_core.package_identification:_identify(.) by extensions ['cmake', 'python']
[1.331s] Level 1:colcon.colcon_core.package_identification:_identify(.) by extension 'cmake'
[1.331s] Level 1:colcon.colcon_core.package_identification:_identify(.) by extension 'python'
[1.331s] Level 1:colcon.colcon_core.package_identification:_identify(.) by extensions ['python_setup_py']
[1.332s] Level 1:colcon.colcon_core.package_identification:_identify(.) by extension 'python_setup_py'
[1.332s] Level 1:colcon.colcon_core.package_identification:_identify(build) by extensions ['ignore', 'ignore_ament_install']
[1.333s] Level 1:colcon.colcon_core.package_identification:_identify(build) by extension 'ignore'
[1.333s] Level 1:colcon.colcon_core.package_identification:_identify(build) ignored
[1.334s] Level 1:colcon.colcon_core.package_identification:_identify(install) by extensions ['ignore', 'ignore_ament_install']
[1.334s] Level 1:colcon.colcon_core.package_identification:_identify(install) by extension 'ignore'
[1.334s] Level 1:colcon.colcon_core.package_identification:_identify(install) ignored
[1.335s] Level 1:colcon.colcon_core.package_identification:_identify(log) by extensions ['ignore', 'ignore_ament_install']
[1.335s] Level 1:colcon.colcon_core.package_identification:_identify(log) by extension 'ignore'
[1.336s] Level 1:colcon.colcon_core.package_identification:_identify(log) ignored
[1.336s] Level 1:colcon.colcon_core.package_identification:_identify(src) by extensions ['ignore', 'ignore_ament_install']
[1.337s] Level 1:colcon.colcon_core.package_identification:_identify(src) by extension 'ignore'
[1.337s] Level 1:colcon.colcon_core.package_identification:_identify(src) by extension 'ignore_ament_install'
[1.337s] Level 1:colcon.colcon_core.package_identification:_identify(src) by extensions ['colcon_pkg']
[1.337s] Level 1:colcon.colcon_core.package_identification:_identify(src) by extension 'colcon_pkg'
[1.338s] Level 1:colcon.colcon_core.package_identification:_identify(src) by extensions ['colcon_meta']
[1.338s] Level 1:colcon.colcon_core.package_identification:_identify(src) by extension 'colcon_meta'
[1.338s] Level 1:colcon.colcon_core.package_identification:_identify(src) by extensions ['ros']
[1.338s] Level 1:colcon.colcon_core.package_identification:_identify(src) by extension 'ros'
[1.339s] Level 1:colcon.colcon_core.package_identification:_identify(src) by extensions ['cmake', 'python']
[1.339s] Level 1:colcon.colcon_core.package_identification:_identify(src) by extension 'cmake'
[1.339s] Level 1:colcon.colcon_core.package_identification:_identify(src) by extension 'python'
[1.339s] Level 1:colcon.colcon_core.package_identification:_identify(src) by extensions ['python_setup_py']
[1.339s] Level 1:colcon.colcon_core.package_identification:_identify(src) by extension 'python_setup_py'
[1.340s] Level 1:colcon.colcon_core.package_identification:_identify(src/arduino) by extensions ['ignore', 'ignore_ament_install']
[1.340s] Level 1:colcon.colcon_core.package_identification:_identify(src/arduino) by extension 'ignore'
[1.341s] Level 1:colcon.colcon_core.package_identification:_identify(src/arduino) by extension 'ignore_ament_install'
[1.341s] Level 1:colcon.colcon_core.package_identification:_identify(src/arduino) by extensions ['colcon_pkg']
[1.341s] Level 1:colcon.colcon_core.package_identification:_identify(src/arduino) by extension 'colcon_pkg'
[1.341s] Level 1:colcon.colcon_core.package_identification:_identify(src/arduino) by extensions ['colcon_meta']
[1.342s] Level 1:colcon.colcon_core.package_identification:_identify(src/arduino) by extension 'colcon_meta'
[1.342s] Level 1:colcon.colcon_core.package_identification:_identify(src/arduino) by extensions ['ros']
[1.342s] Level 1:colcon.colcon_core.package_identification:_identify(src/arduino) by extension 'ros'
[1.342s] Level 1:colcon.colcon_core.package_identification:_identify(src/arduino) by extensions ['cmake', 'python']
[1.343s] Level 1:colcon.colcon_core.package_identification:_identify(src/arduino) by extension 'cmake'
[1.343s] Level 1:colcon.colcon_core.package_identification:_identify(src/arduino) by extension 'python'
[1.343s] Level 1:colcon.colcon_core.package_identification:_identify(src/arduino) by extensions ['python_setup_py']
[1.343s] Level 1:colcon.colcon_core.package_identification:_identify(src/arduino) by extension 'python_setup_py'
[1.344s] Level 1:colcon.colcon_core.package_identification:_identify(src/imu_arduino) by extensions ['ignore', 'ignore_ament_install']
[1.344s] Level 1:colcon.colcon_core.package_identification:_identify(src/imu_arduino) by extension 'ignore'
[1.344s] Level 1:colcon.colcon_core.package_identification:_identify(src/imu_arduino) by extension 'ignore_ament_install'
[1.345s] Level 1:colcon.colcon_core.package_identification:_identify(src/imu_arduino) by extensions ['colcon_pkg']
[1.345s] Level 1:colcon.colcon_core.package_identification:_identify(src/imu_arduino) by extension 'colcon_pkg'
[1.345s] Level 1:colcon.colcon_core.package_identification:_identify(src/imu_arduino) by extensions ['colcon_meta']
[1.345s] Level 1:colcon.colcon_core.package_identification:_identify(src/imu_arduino) by extension 'colcon_meta'
[1.346s] Level 1:colcon.colcon_core.package_identification:_identify(src/imu_arduino) by extensions ['ros']
[1.346s] Level 1:colcon.colcon_core.package_identification:_identify(src/imu_arduino) by extension 'ros'
[1.346s] Level 1:colcon.colcon_core.package_identification:_identify(src/imu_arduino) by extensions ['cmake', 'python']
[1.346s] Level 1:colcon.colcon_core.package_identification:_identify(src/imu_arduino) by extension 'cmake'
[1.347s] Level 1:colcon.colcon_core.package_identification:_identify(src/imu_arduino) by extension 'python'
[1.347s] Level 1:colcon.colcon_core.package_identification:_identify(src/imu_arduino) by extensions ['python_setup_py']
[1.347s] Level 1:colcon.colcon_core.package_identification:_identify(src/imu_arduino) by extension 'python_setup_py'
[1.347s] Level 1:colcon.colcon_core.package_identification:_identify(src/imu_hw) by extensions ['ignore', 'ignore_ament_install']
[1.348s] Level 1:colcon.colcon_core.package_identification:_identify(src/imu_hw) by extension 'ignore'
[1.348s] Level 1:colcon.colcon_core.package_identification:_identify(src/imu_hw) by extension 'ignore_ament_install'
[1.348s] Level 1:colcon.colcon_core.package_identification:_identify(src/imu_hw) by extensions ['colcon_pkg']
[1.349s] Level 1:colcon.colcon_core.package_identification:_identify(src/imu_hw) by extension 'colcon_pkg'
[1.349s] Level 1:colcon.colcon_core.package_identification:_identify(src/imu_hw) by extensions ['colcon_meta']
[1.349s] Level 1:colcon.colcon_core.package_identification:_identify(src/imu_hw) by extension 'colcon_meta'
[1.349s] Level 1:colcon.colcon_core.package_identification:_identify(src/imu_hw) by extensions ['ros']
[1.349s] Level 1:colcon.colcon_core.package_identification:_identify(src/imu_hw) by extension 'ros'
[1.361s] DEBUG:colcon.colcon_core.package_identification:Package 'src/imu_hw' with type 'ros.ament_cmake' and name 'imu_hw'
[1.362s] Level 1:colcon.colcon_core.package_identification:_identify(src/imu_node) by extensions ['ignore', 'ignore_ament_install']
[1.362s] Level 1:colcon.colcon_core.package_identification:_identify(src/imu_node) by extension 'ignore'
[1.363s] Level 1:colcon.colcon_core.package_identification:_identify(src/imu_node) by extension 'ignore_ament_install'
[1.363s] Level 1:colcon.colcon_core.package_identification:_identify(src/imu_node) by extensions ['colcon_pkg']
[1.363s] Level 1:colcon.colcon_core.package_identification:_identify(src/imu_node) by extension 'colcon_pkg'
[1.363s] Level 1:colcon.colcon_core.package_identification:_identify(src/imu_node) by extensions ['colcon_meta']
[1.364s] Level 1:colcon.colcon_core.package_identification:_identify(src/imu_node) by extension 'colcon_meta'
[1.364s] Level 1:colcon.colcon_core.package_identification:_identify(src/imu_node) by extensions ['ros']
[1.364s] Level 1:colcon.colcon_core.package_identification:_identify(src/imu_node) by extension 'ros'
[1.367s] DEBUG:colcon.colcon_core.package_identification:Package 'src/imu_node' with type 'ros.ament_cmake' and name 'imu_node'
[1.368s] Level 1:colcon.colcon_core.package_identification:_identify(src/motor_control) by extensions ['ignore', 'ignore_ament_install']
[1.368s] Level 1:colcon.colcon_core.package_identification:_identify(src/motor_control) by extension 'ignore'
[1.369s] Level 1:colcon.colcon_core.package_identification:_identify(src/motor_control) by extension 'ignore_ament_install'
[1.369s] Level 1:colcon.colcon_core.package_identification:_identify(src/motor_control) by extensions ['colcon_pkg']
[1.369s] Level 1:colcon.colcon_core.package_identification:_identify(src/motor_control) by extension 'colcon_pkg'
[1.369s] Level 1:colcon.colcon_core.package_identification:_identify(src/motor_control) by extensions ['colcon_meta']
[1.370s] Level 1:colcon.colcon_core.package_identification:_identify(src/motor_control) by extension 'colcon_meta'
[1.370s] Level 1:colcon.colcon_core.package_identification:_identify(src/motor_control) by extensions ['ros']
[1.370s] Level 1:colcon.colcon_core.package_identification:_identify(src/motor_control) by extension 'ros'
[1.374s] DEBUG:colcon.colcon_core.package_identification:Package 'src/motor_control' with type 'ros.ament_cmake' and name 'motor_control'
[1.375s] Level 1:colcon.colcon_core.package_identification:_identify(src/prototype) by extensions ['ignore', 'ignore_ament_install']
[1.375s] Level 1:colcon.colcon_core.package_identification:_identify(src/prototype) by extension 'ignore'
[1.375s] Level 1:colcon.colcon_core.package_identification:_identify(src/prototype) by extension 'ignore_ament_install'
[1.376s] Level 1:colcon.colcon_core.package_identification:_identify(src/prototype) by extensions ['colcon_pkg']
[1.376s] Level 1:colcon.colcon_core.package_identification:_identify(src/prototype) by extension 'colcon_pkg'
[1.376s] Level 1:colcon.colcon_core.package_identification:_identify(src/prototype) by extensions ['colcon_meta']
[1.376s] Level 1:colcon.colcon_core.package_identification:_identify(src/prototype) by extension 'colcon_meta'
[1.377s] Level 1:colcon.colcon_core.package_identification:_identify(src/prototype) by extensions ['ros']
[1.377s] Level 1:colcon.colcon_core.package_identification:_identify(src/prototype) by extension 'ros'
[1.380s] DEBUG:colcon.colcon_core.package_identification:Package 'src/prototype' with type 'ros.ament_cmake' and name 'prototype'
[1.381s] Level 1:colcon.colcon_core.package_identification:_identify(src/serial_driver) by extensions ['ignore', 'ignore_ament_install']
[1.381s] Level 1:colcon.colcon_core.package_identification:_identify(src/serial_driver) by extension 'ignore'
[1.381s] Level 1:colcon.colcon_core.package_identification:_identify(src/serial_driver) by extension 'ignore_ament_install'
[1.382s] Level 1:colcon.colcon_core.package_identification:_identify(src/serial_driver) by extensions ['colcon_pkg']
[1.382s] Level 1:colcon.colcon_core.package_identification:_identify(src/serial_driver) by extension 'colcon_pkg'
[1.382s] Level 1:colcon.colcon_core.package_identification:_identify(src/serial_driver) by extensions ['colcon_meta']
[1.382s] Level 1:colcon.colcon_core.package_identification:_identify(src/serial_driver) by extension 'colcon_meta'
[1.383s] Level 1:colcon.colcon_core.package_identification:_identify(src/serial_driver) by extensions ['ros']
[1.383s] Level 1:colcon.colcon_core.package_identification:_identify(src/serial_driver) by extension 'ros'
[1.385s] DEBUG:colcon.colcon_core.package_identification:Package 'src/serial_driver' with type 'ros.catkin' and name 'serial'
[1.385s] Level 1:colcon.colcon_core.package_discovery:discover_packages(recursive) using defaults
[1.386s] Level 1:colcon.colcon_core.package_discovery:discover_packages(ignore) discover
[1.386s] Level 1:colcon.colcon_core.package_discovery:discover_packages(ignore) using defaults
[1.386s] Level 1:colcon.colcon_core.package_discovery:discover_packages(path) discover
[1.386s] Level 1:colcon.colcon_core.package_discovery:discover_packages(path) using defaults
[1.463s] INFO:colcon.colcon_core.package_selection:Skipping not selected package 'serial' in 'src/serial_driver'
[1.463s] INFO:colcon.colcon_core.package_selection:Skipping not selected package 'imu_hw' in 'src/imu_hw'
[1.463s] INFO:colcon.colcon_core.package_selection:Skipping not selected package 'imu_node' in 'src/imu_node'
[1.464s] INFO:colcon.colcon_core.package_selection:Skipping not selected package 'motor_control' in 'src/motor_control'
[1.466s] Level 1:colcon.colcon_core.package_discovery:discover_packages(prefix_path) check parameters
[1.466s] Level 1:colcon.colcon_core.package_discovery:discover_packages(prefix_path) discover
[1.472s] WARNING:colcon.colcon_ros.prefix_path.ament:The path '/home/rock/robot_ws/install/imu_node' in the environment variable AMENT_PREFIX_PATH doesn't exist
[1.473s] WARNING:colcon.colcon_ros.prefix_path.catkin:The path '/home/rock/robot_ws/install/imu_node' in the environment variable CMAKE_PREFIX_PATH doesn't exist
[1.480s] DEBUG:colcon.colcon_installed_package_information.package_discovery:Found 2 installed packages in /home/rock/robot_ws/install
[1.487s] DEBUG:colcon.colcon_installed_package_information.package_discovery:Found 232 installed packages in /opt/ros/foxy
[1.494s] Level 1:colcon.colcon_core.package_discovery:discover_packages(prefix_path) using defaults
[1.709s] Level 5:colcon.colcon_core.verb:set package 'prototype' build argument 'cmake_args' from command line to 'None'
[1.709s] Level 5:colcon.colcon_core.verb:set package 'prototype' build argument 'cmake_target' from command line to 'None'
[1.709s] Level 5:colcon.colcon_core.verb:set package 'prototype' build argument 'cmake_target_skip_unavailable' from command line to 'False'
[1.709s] Level 5:colcon.colcon_core.verb:set package 'prototype' build argument 'cmake_clean_cache' from command line to 'False'
[1.709s] Level 5:colcon.colcon_core.verb:set package 'prototype' build argument 'cmake_clean_first' from command line to 'False'
[1.709s] Level 5:colcon.colcon_core.verb:set package 'prototype' build argument 'cmake_force_configure' from command line to 'False'
[1.709s] Level 5:colcon.colcon_core.verb:set package 'prototype' build argument 'ament_cmake_args' from command line to 'None'
[1.710s] Level 5:colcon.colcon_core.verb:set package 'prototype' build argument 'catkin_cmake_args' from command line to 'None'
[1.710s] Level 5:colcon.colcon_core.verb:set package 'prototype' build argument 'catkin_skip_building_tests' from command line to 'False'
[1.710s] DEBUG:colcon.colcon_core.verb:Building package 'prototype' with the following arguments: {'ament_cmake_args': None, 'build_base': '/home/rock/robot_ws/build/prototype', 'catkin_cmake_args': None, 'catkin_skip_building_tests': False, 'cmake_args': None, 'cmake_clean_cache': False, 'cmake_clean_first': False, 'cmake_force_configure': False, 'cmake_target': None, 'cmake_target_skip_unavailable': False, 'install_base': '/home/rock/robot_ws/install/prototype', 'merge_install': False, 'path': '/home/rock/robot_ws/src/prototype', 'symlink_install': True, 'test_result_base': None}
[1.713s] INFO:colcon.colcon_core.executor:Executing jobs using 'parallel' executor
[1.729s] DEBUG:colcon.colcon_parallel_executor.executor.parallel:run_until_complete
[1.730s] INFO:colcon.colcon_ros.task.ament_cmake.build:Building ROS package in '/home/rock/robot_ws/src/prototype' with build type 'ament_cmake'
[1.731s] INFO:colcon.colcon_cmake.task.cmake.build:Building CMake package in '/home/rock/robot_ws/src/prototype'
[1.750s] INFO:colcon.colcon_core.plugin_system:Skipping extension 'colcon_core.shell.bat': Not used on non-Windows systems
[1.751s] INFO:colcon.colcon_core.shell:Skip shell extension 'powershell' for command environment: Not usable outside of PowerShell
[1.751s] DEBUG:colcon.colcon_core.shell:Skip shell extension 'dsv' for command environment
[1.796s] DEBUG:colcon.colcon_core.event_handler.log_command:Invoking command in '/home/rock/robot_ws/build/prototype': CMAKE_PREFIX_PATH=/home/rock/robot_ws/install/motor_control:/home/rock/robot_ws/install/imu_node:/opt/ros/foxy:/home/rock/robot_ws/install/serial /usr/bin/cmake /home/rock/robot_ws/src/prototype -DAMENT_CMAKE_SYMLINK_INSTALL=1 -DCMAKE_INSTALL_PREFIX=/home/rock/robot_ws/install/prototype
[11.726s] DEBUG:colcon.colcon_core.event_handler.log_command:Invoked command in '/home/rock/robot_ws/build/prototype' returned '0': CMAKE_PREFIX_PATH=/home/rock/robot_ws/install/motor_control:/home/rock/robot_ws/install/imu_node:/opt/ros/foxy:/home/rock/robot_ws/install/serial /usr/bin/cmake /home/rock/robot_ws/src/prototype -DAMENT_CMAKE_SYMLINK_INSTALL=1 -DCMAKE_INSTALL_PREFIX=/home/rock/robot_ws/install/prototype
[11.739s] DEBUG:colcon.colcon_core.event_handler.log_command:Invoking command in '/home/rock/robot_ws/build/prototype': CMAKE_PREFIX_PATH=/home/rock/robot_ws/install/motor_control:/home/rock/robot_ws/install/imu_node:/opt/ros/foxy:/home/rock/robot_ws/install/serial /usr/bin/cmake --build /home/rock/robot_ws/build/prototype -- -j6 -l6
[11.904s] DEBUG:colcon.colcon_core.event_handler.log_command:Invoked command in '/home/rock/robot_ws/build/prototype' returned '0': CMAKE_PREFIX_PATH=/home/rock/robot_ws/install/motor_control:/home/rock/robot_ws/install/imu_node:/opt/ros/foxy:/home/rock/robot_ws/install/serial /usr/bin/cmake --build /home/rock/robot_ws/build/prototype -- -j6 -l6
[12.015s] DEBUG:colcon.colcon_core.event_handler.log_command:Invoking command in '/home/rock/robot_ws/build/prototype': CMAKE_PREFIX_PATH=/home/rock/robot_ws/install/motor_control:/home/rock/robot_ws/install/imu_node:/opt/ros/foxy:/home/rock/robot_ws/install/serial /usr/bin/cmake --install /home/rock/robot_ws/build/prototype
[12.657s] DEBUG:colcon.colcon_core.event_handler.log_command:Invoked command in '/home/rock/robot_ws/build/prototype' returned '1': CMAKE_PREFIX_PATH=/home/rock/robot_ws/install/motor_control:/home/rock/robot_ws/install/imu_node:/opt/ros/foxy:/home/rock/robot_ws/install/serial /usr/bin/cmake --install /home/rock/robot_ws/build/prototype
[12.708s] Level 1:colcon.colcon_core.environment:create_environment_scripts_only(prototype)
[12.764s] Level 1:colcon.colcon_core.environment:checking '/home/rock/robot_ws/install/prototype' for CMake module files
[12.767s] Level 1:colcon.colcon_core.environment:checking '/home/rock/robot_ws/install/prototype' for CMake config files
[12.770s] Level 1:colcon.colcon_core.environment:checking '/home/rock/robot_ws/install/prototype/bin'
[12.770s] Level 1:colcon.colcon_core.environment:checking '/home/rock/robot_ws/install/prototype/lib/pkgconfig/prototype.pc'
[12.771s] Level 1:colcon.colcon_core.environment:checking '/home/rock/robot_ws/install/prototype/lib/python3.8/site-packages'
[12.772s] Level 1:colcon.colcon_core.environment:checking '/home/rock/robot_ws/install/prototype/bin'
[12.779s] INFO:colcon.colcon_core.shell:Creating package script '/home/rock/robot_ws/install/prototype/share/prototype/package.ps1'
[12.783s] INFO:colcon.colcon_core.shell:Creating package descriptor '/home/rock/robot_ws/install/prototype/share/prototype/package.dsv'
[12.786s] INFO:colcon.colcon_core.shell:Creating package script '/home/rock/robot_ws/install/prototype/share/prototype/package.sh'
[12.790s] INFO:colcon.colcon_core.shell:Creating package script '/home/rock/robot_ws/install/prototype/share/prototype/package.bash'
[12.793s] INFO:colcon.colcon_core.shell:Creating package script '/home/rock/robot_ws/install/prototype/share/prototype/package.zsh'
[12.797s] Level 1:colcon.colcon_core.environment:create_file_with_runtime_dependencies(/home/rock/robot_ws/install/prototype/share/colcon-core/packages/prototype)
[12.799s] DEBUG:colcon.colcon_parallel_executor.executor.parallel:closing loop
[12.800s] DEBUG:colcon.colcon_parallel_executor.executor.parallel:loop closed
[12.801s] DEBUG:colcon.colcon_parallel_executor.executor.parallel:run_until_complete finished with '1'
[12.801s] DEBUG:colcon.colcon_core.event_reactor:joining thread
[12.854s] INFO:colcon.colcon_core.plugin_system:Skipping extension 'colcon_notification.desktop_notification.notify_send': Could not find 'notify-send'
[12.855s] INFO:colcon.colcon_core.plugin_system:Skipping extension 'colcon_notification.desktop_notification.terminal_notifier': Not used on non-Darwin systems
[12.856s] INFO:colcon.colcon_core.plugin_system:Skipping extension 'colcon_notification.desktop_notification.win32': Not used on non-Windows systems
[12.857s] INFO:colcon.colcon_notification.desktop_notification:Sending desktop notification using 'notify2'
[12.860s] DEBUG:colcon.colcon_notification.desktop_notification.notify2:Failed to initialize notify2: org.freedesktop.DBus.Error.ServiceUnknown: The name org.freedesktop.Notifications was not provided by any .service files
[12.861s] DEBUG:colcon.colcon_core.event_reactor:joined thread
[12.881s] INFO:colcon.colcon_core.shell:Creating prefix script '/home/rock/robot_ws/install/local_setup.ps1'
[12.887s] INFO:colcon.colcon_core.shell:Creating prefix util module '/home/rock/robot_ws/install/_local_setup_util_ps1.py'
[12.898s] INFO:colcon.colcon_core.shell:Creating prefix chain script '/home/rock/robot_ws/install/setup.ps1'
[12.907s] INFO:colcon.colcon_core.shell:Creating prefix script '/home/rock/robot_ws/install/local_setup.sh'
[12.911s] INFO:colcon.colcon_core.shell:Creating prefix util module '/home/rock/robot_ws/install/_local_setup_util_sh.py'
[12.914s] INFO:colcon.colcon_core.shell:Creating prefix chain script '/home/rock/robot_ws/install/setup.sh'
[12.923s] INFO:colcon.colcon_core.shell:Creating prefix script '/home/rock/robot_ws/install/local_setup.bash'
[12.926s] INFO:colcon.colcon_core.shell:Creating prefix chain script '/home/rock/robot_ws/install/setup.bash'
[12.934s] INFO:colcon.colcon_core.shell:Creating prefix script '/home/rock/robot_ws/install/local_setup.zsh'
[12.937s] INFO:colcon.colcon_core.shell:Creating prefix chain script '/home/rock/robot_ws/install/setup.zsh'
