[0.029s] Invoking command in '/home/tolasing/ros2_ws/build/gazebo_sim': CMAKE_PREFIX_PATH=/home/tolasing/ros2_ws/src/cartographer:/usr/lib/x86_64-linux-gnu/libserial.so:/home/tolasing/ros2_ws/src/cartographer:/usr/lib/x86_64-linux-gnu/libserial.so:/home/tolasing/ros2_ws/install/serial_driver:/home/tolasing/ros2_ws/install/motor_control:/opt/ros/humble:/home/tolasing/ros2_ws/install/serial:/home/tolasing/ros2_ws/install/ros2_mapping:/home/tolasing/ros2_ws/install/prototype:/home/tolasing/ros2_ws/install/io_context:/home/tolasing/ros2_ws/install/gazebo_sim:/home/tolasing/ros2_ws/install/asio_cmake_module /usr/bin/cmake --build /home/tolasing/ros2_ws/build/gazebo_sim -- -j8 -l8
[0.088s] -- Found ament_cmake: 1.3.3 (/opt/ros/humble/share/ament_cmake/cmake)
[0.289s] -- Override CMake install command with custom implementation using symlinks instead of copying resources
[0.313s] -- Found rclpy: 3.3.7 (/opt/ros/humble/share/rclpy/cmake)
[0.314s] -- Found gazebo_ros: 3.7.0 (/opt/ros/humble/share/gazebo_ros/cmake)
[0.389s] -- Found rosidl_generator_c: 3.1.4 (/opt/ros/humble/share/rosidl_generator_c/cmake)
[0.395s] -- Found rosidl_adapter: 3.1.4 (/opt/ros/humble/share/rosidl_adapter/cmake)
[0.411s] -- Found rosidl_generator_cpp: 3.1.4 (/opt/ros/humble/share/rosidl_generator_cpp/cmake)
[0.437s] -- Using all available rosidl_typesupport_c: rosidl_typesupport_fastrtps_c;rosidl_typesupport_introspection_c
[0.468s] -- Using all available rosidl_typesupport_cpp: rosidl_typesupport_fastrtps_cpp;rosidl_typesupport_introspection_cpp
[0.575s] -- Found rmw_implementation_cmake: 6.1.1 (/opt/ros/humble/share/rmw_implementation_cmake/cmake)
[0.579s] -- Found rmw_fastrtps_cpp: 6.2.2 (/opt/ros/humble/share/rmw_fastrtps_cpp/cmake)
[0.775s] -- Using RMW implementation 'rmw_fastrtps_cpp' as default
[1.117s] -- Found DART: /usr/include (Required is at least version "6.6") found components: dart 
[1.187s] -- Looking for ignition-math6 -- found version 6.13.0
[1.197s] -- Searching for dependencies of ignition-math6
[1.201s] -- Looking for OGRE...
[1.212s] -- Found Ogre Ghadamon (1.9.0)
[1.213s] -- Found OGRE: optimized;/usr/lib/x86_64-linux-gnu/libOgreMain.so;debug;/usr/lib/x86_64-linux-gnu/libOgreMain.so
[1.228s] -- Looking for OGRE_Paging...
[1.228s] -- Found OGRE_Paging: optimized;/usr/lib/x86_64-linux-gnu/libOgrePaging.so;debug;/usr/lib/x86_64-linux-gnu/libOgrePaging.so
[1.228s] -- Looking for OGRE_Terrain...
[1.228s] -- Found OGRE_Terrain: optimized;/usr/lib/x86_64-linux-gnu/libOgreTerrain.so;debug;/usr/lib/x86_64-linux-gnu/libOgreTerrain.so
[1.229s] -- Looking for OGRE_Property...
[1.229s] -- Found OGRE_Property: optimized;/usr/lib/x86_64-linux-gnu/libOgreProperty.so;debug;/usr/lib/x86_64-linux-gnu/libOgreProperty.so
[1.229s] -- Looking for OGRE_RTShaderSystem...
[1.229s] -- Found OGRE_RTShaderSystem: optimized;/usr/lib/x86_64-linux-gnu/libOgreRTShaderSystem.so;debug;/usr/lib/x86_64-linux-gnu/libOgreRTShaderSystem.so
[1.229s] -- Looking for OGRE_Volume...
[1.229s] -- Found OGRE_Volume: optimized;/usr/lib/x86_64-linux-gnu/libOgreVolume.so;debug;/usr/lib/x86_64-linux-gnu/libOgreVolume.so
[1.230s] -- Looking for OGRE_Overlay...
[1.230s] -- Found OGRE_Overlay: optimized;/usr/lib/x86_64-linux-gnu/libOgreOverlay.so;debug;/usr/lib/x86_64-linux-gnu/libOgreOverlay.so
[1.487s] -- Looking for ignition-math6 -- found version 6.13.0
[1.488s] -- Looking for ignition-transport8 -- found version 8.2.1
[1.488s] -- Searching for dependencies of ignition-transport8
[1.517s] -- Config-file not installed for ZeroMQ -- checking for pkg-config
[1.524s] -- Checking for module 'libzmq >= 4'
[1.547s] --   Found libzmq , version 4.3.4
[1.604s] -- Checking for module 'uuid'
[1.625s] --   Found uuid, version 2.37.2
[1.663s] -- Looking for ignition-msgs5 -- found version 5.8.1
[1.664s] -- Searching for dependencies of ignition-msgs5
[1.666s] -- Looking for ignition-math6 -- found version 6.13.0
[1.672s] -- Checking for module 'tinyxml2'
[1.690s] --   Found tinyxml2, version 9.0.0
[1.733s] -- Looking for ignition-msgs5 -- found version 5.8.1
[1.734s] -- Looking for ignition-common3 -- found version 3.14.0
[1.735s] -- Searching for dependencies of ignition-common3
[1.735s] -- Looking for dlfcn.h - found
[1.735s] -- Looking for libdl - found
[1.751s] -- Searching for <ignition-common3> component [graphics]
[1.752s] -- Looking for ignition-common3-graphics -- found version 3.14.0
[1.753s] -- Searching for dependencies of ignition-common3-graphics
[1.753s] -- Looking for ignition-math6 -- found version 6.13.0
[1.755s] -- Looking for ignition-fuel_tools4 -- found version 4.4.0
[1.756s] -- Searching for dependencies of ignition-fuel_tools4
[1.808s] -- Checking for module 'jsoncpp'
[1.827s] --   Found jsoncpp, version 1.9.5
[1.871s] -- Checking for module 'libzip'
[1.889s] --   Found libzip, version 1.7.3
[1.931s] -- Looking for ignition-common3 -- found version 3.14.0
[1.932s] -- Looking for ignition-math6 -- found version 6.13.0
[1.932s] -- Looking for ignition-msgs5 -- found version 5.8.1
[1.937s] -- Gazebo version: 11.10
[1.952s] -- Found urdf: 2.6.0 (/opt/ros/humble/share/urdf/cmake)
[1.989s] -- Found xacro: 2.0.8 (/opt/ros/humble/share/xacro/cmake)
[1.990s] -- Found ros2_control: 2.24.1 (/opt/ros/humble/share/ros2_control/cmake)
[1.991s] -- Found gazebo_ros2_control: 0.4.2 (/opt/ros/humble/share/gazebo_ros2_control/cmake)
[4.112s] -- Found joint_state_broadcaster: 2.17.2 (/opt/ros/humble/share/joint_state_broadcaster/cmake)
[4.236s] -- Found parameter_traits: 0.3.1 (/opt/ros/humble/share/parameter_traits/cmake)
[4.276s] -- Found joint_trajectory_controller: 2.17.2 (/opt/ros/humble/share/joint_trajectory_controller/cmake)
[4.746s] -- Found velocity_controllers: 2.17.2 (/opt/ros/humble/share/velocity_controllers/cmake)
[5.146s] -- Found std_srvs: 4.2.3 (/opt/ros/humble/share/std_srvs/cmake)
[5.170s] -- Found ament_lint_auto: 0.12.5 (/opt/ros/humble/share/ament_lint_auto/cmake)
[5.266s] -- Added test 'flake8' to check Python code syntax and style conventions
[5.267s] -- Added test 'lint_cmake' to check CMake code style
[5.268s] -- Added test 'pep257' to check Python code against some of the docstring style conventions in PEP 257
[5.270s] -- Added test 'xmllint' to check XML markup files
[5.272s] -- Configuring done
[5.282s] -- Generating done
[5.285s] -- Build files have been written to: /home/tolasing/ros2_ws/build/gazebo_sim
[5.326s] Invoked command in '/home/tolasing/ros2_ws/build/gazebo_sim' returned '0': CMAKE_PREFIX_PATH=/home/tolasing/ros2_ws/src/cartographer:/usr/lib/x86_64-linux-gnu/libserial.so:/home/tolasing/ros2_ws/src/cartographer:/usr/lib/x86_64-linux-gnu/libserial.so:/home/tolasing/ros2_ws/install/serial_driver:/home/tolasing/ros2_ws/install/motor_control:/opt/ros/humble:/home/tolasing/ros2_ws/install/serial:/home/tolasing/ros2_ws/install/ros2_mapping:/home/tolasing/ros2_ws/install/prototype:/home/tolasing/ros2_ws/install/io_context:/home/tolasing/ros2_ws/install/gazebo_sim:/home/tolasing/ros2_ws/install/asio_cmake_module /usr/bin/cmake --build /home/tolasing/ros2_ws/build/gazebo_sim -- -j8 -l8
[5.367s] Invoking command in '/home/tolasing/ros2_ws/build/gazebo_sim': CMAKE_PREFIX_PATH=/home/tolasing/ros2_ws/src/cartographer:/usr/lib/x86_64-linux-gnu/libserial.so:/home/tolasing/ros2_ws/src/cartographer:/usr/lib/x86_64-linux-gnu/libserial.so:/home/tolasing/ros2_ws/install/serial_driver:/home/tolasing/ros2_ws/install/motor_control:/opt/ros/humble:/home/tolasing/ros2_ws/install/serial:/home/tolasing/ros2_ws/install/ros2_mapping:/home/tolasing/ros2_ws/install/prototype:/home/tolasing/ros2_ws/install/io_context:/home/tolasing/ros2_ws/install/gazebo_sim:/home/tolasing/ros2_ws/install/asio_cmake_module /usr/bin/cmake --install /home/tolasing/ros2_ws/build/gazebo_sim
[5.377s] -- Install configuration: ""
[5.377s] -- Execute custom install script
[5.378s] -- Up-to-date symlink: /home/tolasing/ros2_ws/install/gazebo_sim/share/gazebo_sim//launch/start_gazebo.launch.py
[5.378s] -- Up-to-date symlink: /home/tolasing/ros2_ws/install/gazebo_sim/share/gazebo_sim//worlds/empty_world.world
[5.379s] -- Up-to-date symlink: /home/tolasing/ros2_ws/install/gazebo_sim/share/gazebo_sim//models/box_room/meshes/box_room.dae
[5.379s] -- Up-to-date symlink: /home/tolasing/ros2_ws/install/gazebo_sim/share/gazebo_sim//models/box_room/meshes/chambre.png
[5.379s] -- Up-to-date symlink: /home/tolasing/ros2_ws/install/gazebo_sim/share/gazebo_sim//models/model.config
[5.379s] -- Up-to-date symlink: /home/tolasing/ros2_ws/install/gazebo_sim/share/gazebo_sim//urdf/prototype.gazebo.xacro
[5.380s] -- Up-to-date symlink: /home/tolasing/ros2_ws/install/gazebo_sim/share/gazebo_sim//urdf/prototype.gazebo.xsd
[5.380s] -- Up-to-date symlink: /home/tolasing/ros2_ws/install/gazebo_sim/share/ament_index/resource_index/package_run_dependencies/gazebo_sim
[5.380s] -- Up-to-date symlink: /home/tolasing/ros2_ws/install/gazebo_sim/share/ament_index/resource_index/parent_prefix_path/gazebo_sim
[5.381s] -- Up-to-date symlink: /home/tolasing/ros2_ws/install/gazebo_sim/share/gazebo_sim/environment/ament_prefix_path.sh
[5.381s] -- Up-to-date symlink: /home/tolasing/ros2_ws/install/gazebo_sim/share/gazebo_sim/environment/ament_prefix_path.dsv
[5.381s] -- Up-to-date symlink: /home/tolasing/ros2_ws/install/gazebo_sim/share/gazebo_sim/environment/path.sh
[5.381s] -- Up-to-date symlink: /home/tolasing/ros2_ws/install/gazebo_sim/share/gazebo_sim/environment/path.dsv
[5.382s] -- Up-to-date symlink: /home/tolasing/ros2_ws/install/gazebo_sim/share/gazebo_sim/local_setup.bash
[5.382s] -- Up-to-date symlink: /home/tolasing/ros2_ws/install/gazebo_sim/share/gazebo_sim/local_setup.sh
[5.382s] -- Up-to-date symlink: /home/tolasing/ros2_ws/install/gazebo_sim/share/gazebo_sim/local_setup.zsh
[5.382s] -- Up-to-date symlink: /home/tolasing/ros2_ws/install/gazebo_sim/share/gazebo_sim/local_setup.dsv
[5.382s] -- Symlinking: /home/tolasing/ros2_ws/install/gazebo_sim/share/gazebo_sim/package.dsv
[5.395s] -- Up-to-date symlink: /home/tolasing/ros2_ws/install/gazebo_sim/share/ament_index/resource_index/packages/gazebo_sim
[5.395s] -- Up-to-date symlink: /home/tolasing/ros2_ws/install/gazebo_sim/share/gazebo_sim/cmake/gazebo_simConfig.cmake
[5.395s] -- Up-to-date symlink: /home/tolasing/ros2_ws/install/gazebo_sim/share/gazebo_sim/cmake/gazebo_simConfig-version.cmake
[5.396s] -- Up-to-date symlink: /home/tolasing/ros2_ws/install/gazebo_sim/share/gazebo_sim/package.xml
[5.399s] Invoked command in '/home/tolasing/ros2_ws/build/gazebo_sim' returned '0': CMAKE_PREFIX_PATH=/home/tolasing/ros2_ws/src/cartographer:/usr/lib/x86_64-linux-gnu/libserial.so:/home/tolasing/ros2_ws/src/cartographer:/usr/lib/x86_64-linux-gnu/libserial.so:/home/tolasing/ros2_ws/install/serial_driver:/home/tolasing/ros2_ws/install/motor_control:/opt/ros/humble:/home/tolasing/ros2_ws/install/serial:/home/tolasing/ros2_ws/install/ros2_mapping:/home/tolasing/ros2_ws/install/prototype:/home/tolasing/ros2_ws/install/io_context:/home/tolasing/ros2_ws/install/gazebo_sim:/home/tolasing/ros2_ws/install/asio_cmake_module /usr/bin/cmake --install /home/tolasing/ros2_ws/build/gazebo_sim
