[0.029s] Invoking command in '/home/tolasing/ros2_ws/build/serial_driver': CMAKE_PREFIX_PATH=/home/tolasing/ros2_ws/install/io_context:/home/tolasing/ros2_ws/install/asio_cmake_module:/home/tolasing/ros2_ws/src/cartographer:/usr/lib/x86_64-linux-gnu/libserial.so:/home/tolasing/ros2_ws/src/cartographer:/usr/lib/x86_64-linux-gnu/libserial.so:/home/tolasing/ros2_ws/install/serial_driver:/home/tolasing/ros2_ws/install/motor_control:/opt/ros/humble:/home/tolasing/ros2_ws/install/serial:/home/tolasing/ros2_ws/install/ros2_mapping:/home/tolasing/ros2_ws/install/prototype:/home/tolasing/ros2_ws/install/gazebo_sim LD_LIBRARY_PATH=/home/tolasing/ros2_ws/install/io_context/lib:/usr/lib/x86_64-linux-gnu:/usr/lib/x86_64-linux-gnu:/home/tolasing/ros2_ws/install/serial_driver/lib:/home/tolasing/ros2_ws/install/motor_control/lib:/usr/lib/x86_64-linux-gnu/gazebo-11/plugins:/opt/ros/humble/opt/rviz_ogre_vendor/lib:/opt/ros/humble/lib/x86_64-linux-gnu:/opt/ros/humble/lib /usr/bin/cmake --build /home/tolasing/ros2_ws/build/serial_driver -- -j8 -l8
[0.031s] [ 26%] Built target gtest
[0.032s] [ 26%] Built target gtest_main
[0.032s] [ 40%] Built target serial_bridge
[0.032s] [ 60%] Built target serial_driver
[0.032s] [ 86%] Built target test_serial_driver
[0.032s] [ 86%] Built target test_serial_port
[0.032s] [100%] Built target serial_driver_nodes
[0.033s] Invoked command in '/home/tolasing/ros2_ws/build/serial_driver' returned '0': CMAKE_PREFIX_PATH=/home/tolasing/ros2_ws/install/io_context:/home/tolasing/ros2_ws/install/asio_cmake_module:/home/tolasing/ros2_ws/src/cartographer:/usr/lib/x86_64-linux-gnu/libserial.so:/home/tolasing/ros2_ws/src/cartographer:/usr/lib/x86_64-linux-gnu/libserial.so:/home/tolasing/ros2_ws/install/serial_driver:/home/tolasing/ros2_ws/install/motor_control:/opt/ros/humble:/home/tolasing/ros2_ws/install/serial:/home/tolasing/ros2_ws/install/ros2_mapping:/home/tolasing/ros2_ws/install/prototype:/home/tolasing/ros2_ws/install/gazebo_sim LD_LIBRARY_PATH=/home/tolasing/ros2_ws/install/io_context/lib:/usr/lib/x86_64-linux-gnu:/usr/lib/x86_64-linux-gnu:/home/tolasing/ros2_ws/install/serial_driver/lib:/home/tolasing/ros2_ws/install/motor_control/lib:/usr/lib/x86_64-linux-gnu/gazebo-11/plugins:/opt/ros/humble/opt/rviz_ogre_vendor/lib:/opt/ros/humble/lib/x86_64-linux-gnu:/opt/ros/humble/lib /usr/bin/cmake --build /home/tolasing/ros2_ws/build/serial_driver -- -j8 -l8
[0.043s] Invoking command in '/home/tolasing/ros2_ws/build/serial_driver': CMAKE_PREFIX_PATH=/home/tolasing/ros2_ws/install/io_context:/home/tolasing/ros2_ws/install/asio_cmake_module:/home/tolasing/ros2_ws/src/cartographer:/usr/lib/x86_64-linux-gnu/libserial.so:/home/tolasing/ros2_ws/src/cartographer:/usr/lib/x86_64-linux-gnu/libserial.so:/home/tolasing/ros2_ws/install/serial_driver:/home/tolasing/ros2_ws/install/motor_control:/opt/ros/humble:/home/tolasing/ros2_ws/install/serial:/home/tolasing/ros2_ws/install/ros2_mapping:/home/tolasing/ros2_ws/install/prototype:/home/tolasing/ros2_ws/install/gazebo_sim LD_LIBRARY_PATH=/home/tolasing/ros2_ws/install/io_context/lib:/usr/lib/x86_64-linux-gnu:/usr/lib/x86_64-linux-gnu:/home/tolasing/ros2_ws/install/serial_driver/lib:/home/tolasing/ros2_ws/install/motor_control/lib:/usr/lib/x86_64-linux-gnu/gazebo-11/plugins:/opt/ros/humble/opt/rviz_ogre_vendor/lib:/opt/ros/humble/lib/x86_64-linux-gnu:/opt/ros/humble/lib /usr/bin/cmake --install /home/tolasing/ros2_ws/build/serial_driver
[0.052s] -- Install configuration: ""
[0.054s] -- Execute custom install script
[0.054s] -- Up-to-date symlink: /home/tolasing/ros2_ws/install/serial_driver/lib/serial_driver/serial_bridge
[0.055s] -- Up-to-date symlink: /home/tolasing/ros2_ws/install/serial_driver/include/serial_driver/serial_bridge_node.hpp
[0.055s] -- Up-to-date symlink: /home/tolasing/ros2_ws/install/serial_driver/include/serial_driver/serial_driver.hpp
[0.056s] -- Up-to-date symlink: /home/tolasing/ros2_ws/install/serial_driver/include/serial_driver/serial_port.hpp
[0.056s] -- Up-to-date symlink: /home/tolasing/ros2_ws/install/serial_driver/include/serial_driver/visibility_control.hpp
[0.057s] -- Up-to-date symlink: /home/tolasing/ros2_ws/install/serial_driver/share/serial_driver/environment/library_path.sh
[0.057s] -- Up-to-date symlink: /home/tolasing/ros2_ws/install/serial_driver/share/serial_driver/environment/library_path.dsv
[0.057s] -- Up-to-date symlink: /home/tolasing/ros2_ws/install/serial_driver/lib/libserial_driver.so
[0.058s] -- Up-to-date symlink: /home/tolasing/ros2_ws/install/serial_driver/lib/libserial_driver_nodes.so
[0.059s] -- Up-to-date symlink: /home/tolasing/ros2_ws/install/serial_driver/share/serial_driver/launch/serial_driver_bridge_node.launch.py
[0.060s] -- Up-to-date symlink: /home/tolasing/ros2_ws/install/serial_driver/share/serial_driver/params/example.params.yaml
[0.060s] -- Up-to-date symlink: /home/tolasing/ros2_ws/install/serial_driver/share/ament_index/resource_index/package_run_dependencies/serial_driver
[0.060s] -- Up-to-date symlink: /home/tolasing/ros2_ws/install/serial_driver/share/ament_index/resource_index/parent_prefix_path/serial_driver
[0.061s] -- Up-to-date symlink: /home/tolasing/ros2_ws/install/serial_driver/share/serial_driver/environment/ament_prefix_path.sh
[0.061s] -- Up-to-date symlink: /home/tolasing/ros2_ws/install/serial_driver/share/serial_driver/environment/ament_prefix_path.dsv
[0.061s] -- Up-to-date symlink: /home/tolasing/ros2_ws/install/serial_driver/share/serial_driver/environment/path.sh
[0.062s] -- Up-to-date symlink: /home/tolasing/ros2_ws/install/serial_driver/share/serial_driver/environment/path.dsv
[0.062s] -- Up-to-date symlink: /home/tolasing/ros2_ws/install/serial_driver/share/serial_driver/local_setup.bash
[0.062s] -- Up-to-date symlink: /home/tolasing/ros2_ws/install/serial_driver/share/serial_driver/local_setup.sh
[0.063s] -- Up-to-date symlink: /home/tolasing/ros2_ws/install/serial_driver/share/serial_driver/local_setup.zsh
[0.063s] -- Up-to-date symlink: /home/tolasing/ros2_ws/install/serial_driver/share/serial_driver/local_setup.dsv
[0.063s] -- Symlinking: /home/tolasing/ros2_ws/install/serial_driver/share/serial_driver/package.dsv
[0.076s] -- Up-to-date symlink: /home/tolasing/ros2_ws/install/serial_driver/share/ament_index/resource_index/packages/serial_driver
[0.076s] -- Up-to-date symlink: /home/tolasing/ros2_ws/install/serial_driver/share/ament_index/resource_index/rclcpp_components/serial_driver
[0.076s] -- Up-to-date symlink: /home/tolasing/ros2_ws/install/serial_driver/share/serial_driver/cmake/ament_cmake_export_dependencies-extras.cmake
[0.077s] -- Up-to-date symlink: /home/tolasing/ros2_ws/install/serial_driver/share/serial_driver/cmake/ament_cmake_export_include_directories-extras.cmake
[0.077s] -- Up-to-date symlink: /home/tolasing/ros2_ws/install/serial_driver/share/serial_driver/cmake/ament_cmake_export_libraries-extras.cmake
[0.078s] -- Up-to-date symlink: /home/tolasing/ros2_ws/install/serial_driver/share/serial_driver/cmake/serial_driverConfig.cmake
[0.078s] -- Up-to-date symlink: /home/tolasing/ros2_ws/install/serial_driver/share/serial_driver/cmake/serial_driverConfig-version.cmake
[0.079s] -- Up-to-date symlink: /home/tolasing/ros2_ws/install/serial_driver/share/serial_driver/package.xml
[0.086s] Invoked command in '/home/tolasing/ros2_ws/build/serial_driver' returned '0': CMAKE_PREFIX_PATH=/home/tolasing/ros2_ws/install/io_context:/home/tolasing/ros2_ws/install/asio_cmake_module:/home/tolasing/ros2_ws/src/cartographer:/usr/lib/x86_64-linux-gnu/libserial.so:/home/tolasing/ros2_ws/src/cartographer:/usr/lib/x86_64-linux-gnu/libserial.so:/home/tolasing/ros2_ws/install/serial_driver:/home/tolasing/ros2_ws/install/motor_control:/opt/ros/humble:/home/tolasing/ros2_ws/install/serial:/home/tolasing/ros2_ws/install/ros2_mapping:/home/tolasing/ros2_ws/install/prototype:/home/tolasing/ros2_ws/install/gazebo_sim LD_LIBRARY_PATH=/home/tolasing/ros2_ws/install/io_context/lib:/usr/lib/x86_64-linux-gnu:/usr/lib/x86_64-linux-gnu:/home/tolasing/ros2_ws/install/serial_driver/lib:/home/tolasing/ros2_ws/install/motor_control/lib:/usr/lib/x86_64-linux-gnu/gazebo-11/plugins:/opt/ros/humble/opt/rviz_ogre_vendor/lib:/opt/ros/humble/lib/x86_64-linux-gnu:/opt/ros/humble/lib /usr/bin/cmake --install /home/tolasing/ros2_ws/build/serial_driver
