[0.111s] Invoking command in '/home/tolasing/ros2_ws/build/io_context': CMAKE_PREFIX_PATH=/home/tolasing/ros2_ws/install/asio_cmake_module:/home/tolasing/ros2_ws/src/cartographer:/usr/lib/x86_64-linux-gnu/libserial.so:/home/tolasing/ros2_ws/src/cartographer:/usr/lib/x86_64-linux-gnu/libserial.so:/home/tolasing/ros2_ws/install/serial_driver:/home/tolasing/ros2_ws/install/motor_control:/home/tolasing/ros2_ws/install/service_pkg:/home/tolasing/ros2_ws/install/nav2_project:/opt/ros/humble:/home/tolasing/ros2_ws/install/serial:/home/tolasing/ros2_ws/install/prototype:/home/tolasing/ros2_ws/install/nav2_course:/home/tolasing/ros2_ws/install/io_context:/home/tolasing/ros2_ws/install/cartographer /usr/bin/cmake --build /home/tolasing/ros2_ws/build/io_context -- -j8 -l8
[0.196s] [35m[1mConsolidate compiler generated dependencies of target io_context[0m
[0.197s] [35m[1mConsolidate compiler generated dependencies of target gtest_main[0m
[0.239s] [35m[1mConsolidate compiler generated dependencies of target gtest[0m
[0.272s] [ 33%] Built target io_context
[0.307s] [ 55%] Built target gtest_main
[0.315s] [ 77%] Built target gtest
[0.347s] [35m[1mConsolidate compiler generated dependencies of target test_io_context[0m
[0.412s] [100%] Built target test_io_context
[0.432s] Invoked command in '/home/tolasing/ros2_ws/build/io_context' returned '0': CMAKE_PREFIX_PATH=/home/tolasing/ros2_ws/install/asio_cmake_module:/home/tolasing/ros2_ws/src/cartographer:/usr/lib/x86_64-linux-gnu/libserial.so:/home/tolasing/ros2_ws/src/cartographer:/usr/lib/x86_64-linux-gnu/libserial.so:/home/tolasing/ros2_ws/install/serial_driver:/home/tolasing/ros2_ws/install/motor_control:/home/tolasing/ros2_ws/install/service_pkg:/home/tolasing/ros2_ws/install/nav2_project:/opt/ros/humble:/home/tolasing/ros2_ws/install/serial:/home/tolasing/ros2_ws/install/prototype:/home/tolasing/ros2_ws/install/nav2_course:/home/tolasing/ros2_ws/install/io_context:/home/tolasing/ros2_ws/install/cartographer /usr/bin/cmake --build /home/tolasing/ros2_ws/build/io_context -- -j8 -l8
[0.595s] Invoking command in '/home/tolasing/ros2_ws/build/io_context': CMAKE_PREFIX_PATH=/home/tolasing/ros2_ws/install/asio_cmake_module:/home/tolasing/ros2_ws/src/cartographer:/usr/lib/x86_64-linux-gnu/libserial.so:/home/tolasing/ros2_ws/src/cartographer:/usr/lib/x86_64-linux-gnu/libserial.so:/home/tolasing/ros2_ws/install/serial_driver:/home/tolasing/ros2_ws/install/motor_control:/home/tolasing/ros2_ws/install/service_pkg:/home/tolasing/ros2_ws/install/nav2_project:/opt/ros/humble:/home/tolasing/ros2_ws/install/serial:/home/tolasing/ros2_ws/install/prototype:/home/tolasing/ros2_ws/install/nav2_course:/home/tolasing/ros2_ws/install/io_context:/home/tolasing/ros2_ws/install/cartographer /usr/bin/cmake --install /home/tolasing/ros2_ws/build/io_context
[0.610s] -- Install configuration: ""
[0.610s] -- Up-to-date: /home/tolasing/ros2_ws/install/io_context/include
[0.610s] -- Up-to-date: /home/tolasing/ros2_ws/install/io_context/include/io_context
[0.610s] -- Up-to-date: /home/tolasing/ros2_ws/install/io_context/include/io_context/common.hpp
[0.611s] -- Up-to-date: /home/tolasing/ros2_ws/install/io_context/include/io_context/io_context.hpp
[0.611s] -- Up-to-date: /home/tolasing/ros2_ws/install/io_context/include/msg_converters
[0.611s] -- Up-to-date: /home/tolasing/ros2_ws/install/io_context/include/msg_converters/converters.hpp
[0.611s] -- Up-to-date: /home/tolasing/ros2_ws/install/io_context/include/msg_converters/udp_msgs.hpp
[0.611s] -- Up-to-date: /home/tolasing/ros2_ws/install/io_context/include/msg_converters/std_msgs.hpp
[0.611s] -- Up-to-date: /home/tolasing/ros2_ws/install/io_context/share/io_context/environment/library_path.sh
[0.611s] -- Up-to-date: /home/tolasing/ros2_ws/install/io_context/share/io_context/environment/library_path.dsv
[0.611s] -- Up-to-date: /home/tolasing/ros2_ws/install/io_context/lib/libio_context.so
[0.612s] -- Up-to-date: /home/tolasing/ros2_ws/install/io_context/share/ament_index/resource_index/package_run_dependencies/io_context
[0.612s] -- Up-to-date: /home/tolasing/ros2_ws/install/io_context/share/ament_index/resource_index/parent_prefix_path/io_context
[0.612s] -- Up-to-date: /home/tolasing/ros2_ws/install/io_context/share/io_context/environment/ament_prefix_path.sh
[0.612s] -- Up-to-date: /home/tolasing/ros2_ws/install/io_context/share/io_context/environment/ament_prefix_path.dsv
[0.615s] -- Up-to-date: /home/tolasing/ros2_ws/install/io_context/share/io_context/environment/path.sh
[0.615s] -- Up-to-date: /home/tolasing/ros2_ws/install/io_context/share/io_context/environment/path.dsv
[0.615s] -- Up-to-date: /home/tolasing/ros2_ws/install/io_context/share/io_context/local_setup.bash
[0.616s] -- Up-to-date: /home/tolasing/ros2_ws/install/io_context/share/io_context/local_setup.sh
[0.616s] -- Up-to-date: /home/tolasing/ros2_ws/install/io_context/share/io_context/local_setup.zsh
[0.616s] -- Up-to-date: /home/tolasing/ros2_ws/install/io_context/share/io_context/local_setup.dsv
[0.616s] -- Installing: /home/tolasing/ros2_ws/install/io_context/share/io_context/package.dsv
[0.616s] -- Up-to-date: /home/tolasing/ros2_ws/install/io_context/share/ament_index/resource_index/packages/io_context
[0.616s] -- Up-to-date: /home/tolasing/ros2_ws/install/io_context/share/io_context/cmake/ament_cmake_export_dependencies-extras.cmake
[0.624s] -- Up-to-date: /home/tolasing/ros2_ws/install/io_context/share/io_context/cmake/ament_cmake_export_include_directories-extras.cmake
[0.624s] -- Up-to-date: /home/tolasing/ros2_ws/install/io_context/share/io_context/cmake/ament_cmake_export_libraries-extras.cmake
[0.624s] -- Up-to-date: /home/tolasing/ros2_ws/install/io_context/share/io_context/cmake/io_contextConfig.cmake
[0.624s] -- Up-to-date: /home/tolasing/ros2_ws/install/io_context/share/io_context/cmake/io_contextConfig-version.cmake
[0.624s] -- Up-to-date: /home/tolasing/ros2_ws/install/io_context/share/io_context/package.xml
[0.625s] Invoked command in '/home/tolasing/ros2_ws/build/io_context' returned '0': CMAKE_PREFIX_PATH=/home/tolasing/ros2_ws/install/asio_cmake_module:/home/tolasing/ros2_ws/src/cartographer:/usr/lib/x86_64-linux-gnu/libserial.so:/home/tolasing/ros2_ws/src/cartographer:/usr/lib/x86_64-linux-gnu/libserial.so:/home/tolasing/ros2_ws/install/serial_driver:/home/tolasing/ros2_ws/install/motor_control:/home/tolasing/ros2_ws/install/service_pkg:/home/tolasing/ros2_ws/install/nav2_project:/opt/ros/humble:/home/tolasing/ros2_ws/install/serial:/home/tolasing/ros2_ws/install/prototype:/home/tolasing/ros2_ws/install/nav2_course:/home/tolasing/ros2_ws/install/io_context:/home/tolasing/ros2_ws/install/cartographer /usr/bin/cmake --install /home/tolasing/ros2_ws/build/io_context
