[0.979s] Invoking command in '/home/tolasing/ros2_ws/build/prototype': CMAKE_PREFIX_PATH=/home/tolasing/ros2_ws/src/cartographer:/usr/lib/x86_64-linux-gnu/libserial.so:/home/tolasing/ros2_ws/src/cartographer:/usr/lib/x86_64-linux-gnu/libserial.so:/home/tolasing/ros2_ws/install/udp_driver:/home/tolasing/ros2_ws/install/serial_driver:/home/tolasing/ros2_ws/install/motor_control:/home/tolasing/ros2_ws/install/service_pkg:/home/tolasing/ros2_ws/install/nav2_project:/opt/ros/humble:/home/tolasing/ros2_ws/install/serial:/home/tolasing/ros2_ws/install/prototype:/home/tolasing/ros2_ws/install/nav2_course:/home/tolasing/ros2_ws/install/io_context:/home/tolasing/ros2_ws/install/gazebo_sim:/home/tolasing/ros2_ws/install/cartographer_slam:/home/tolasing/ros2_ws/install/cartographer:/home/tolasing/ros2_ws/install/asio_cmake_module /usr/bin/cmake /home/tolasing/ros2_ws/src/prototype -DAMENT_CMAKE_SYMLINK_INSTALL=1 -DCMAKE_INSTALL_PREFIX=/home/tolasing/ros2_ws/install/prototype
[1.110s] -- Found ament_cmake: 1.3.3 (/opt/ros/humble/share/ament_cmake/cmake)
[2.136s] -- Override CMake install command with custom implementation using symlinks instead of copying resources
[2.168s] -- Found rclpy: 3.3.7 (/opt/ros/humble/share/rclpy/cmake)
[2.186s] -- Found gazebo_ros: 3.7.0 (/opt/ros/humble/share/gazebo_ros/cmake)
[2.391s] -- Found rosidl_generator_c: 3.1.4 (/opt/ros/humble/share/rosidl_generator_c/cmake)
[2.405s] -- Found rosidl_adapter: 3.1.4 (/opt/ros/humble/share/rosidl_adapter/cmake)
[2.426s] -- Found rosidl_generator_cpp: 3.1.4 (/opt/ros/humble/share/rosidl_generator_cpp/cmake)
[2.458s] -- Using all available rosidl_typesupport_c: rosidl_typesupport_fastrtps_c;rosidl_typesupport_introspection_c
[2.525s] -- Using all available rosidl_typesupport_cpp: rosidl_typesupport_fastrtps_cpp;rosidl_typesupport_introspection_cpp
[2.766s] -- Found rmw_implementation_cmake: 6.1.1 (/opt/ros/humble/share/rmw_implementation_cmake/cmake)
[2.777s] -- Found rmw_fastrtps_cpp: 6.2.2 (/opt/ros/humble/share/rmw_fastrtps_cpp/cmake)
[3.480s] -- Using RMW implementation 'rmw_fastrtps_cpp' as default
[4.445s] -- Found DART: /usr/include (Required is at least version "6.6") found components: dart 
[4.616s] -- Found Protobuf: /usr/lib/x86_64-linux-gnu/libprotobuf.so (found version "3.12.4") 
[4.620s] -- Looking for ignition-math6 -- found version 6.13.0
[4.642s] -- Searching for dependencies of ignition-math6
[4.654s] -- Looking for OGRE...
[4.672s] -- Found Ogre Ghadamon (1.9.0)
[4.677s] -- Found OGRE: optimized;/usr/lib/x86_64-linux-gnu/libOgreMain.so;debug;/usr/lib/x86_64-linux-gnu/libOgreMain.so
[4.723s] -- Looking for OGRE_Paging...
[4.723s] -- Found OGRE_Paging: optimized;/usr/lib/x86_64-linux-gnu/libOgrePaging.so;debug;/usr/lib/x86_64-linux-gnu/libOgrePaging.so
[4.723s] -- Looking for OGRE_Terrain...
[4.726s] -- Found OGRE_Terrain: optimized;/usr/lib/x86_64-linux-gnu/libOgreTerrain.so;debug;/usr/lib/x86_64-linux-gnu/libOgreTerrain.so
[4.726s] -- Looking for OGRE_Property...
[4.726s] -- Found OGRE_Property: optimized;/usr/lib/x86_64-linux-gnu/libOgreProperty.so;debug;/usr/lib/x86_64-linux-gnu/libOgreProperty.so
[4.726s] -- Looking for OGRE_RTShaderSystem...
[4.727s] -- Found OGRE_RTShaderSystem: optimized;/usr/lib/x86_64-linux-gnu/libOgreRTShaderSystem.so;debug;/usr/lib/x86_64-linux-gnu/libOgreRTShaderSystem.so
[4.727s] -- Looking for OGRE_Volume...
[4.727s] -- Found OGRE_Volume: optimized;/usr/lib/x86_64-linux-gnu/libOgreVolume.so;debug;/usr/lib/x86_64-linux-gnu/libOgreVolume.so
[4.727s] -- Looking for OGRE_Overlay...
[4.727s] -- Found OGRE_Overlay: optimized;/usr/lib/x86_64-linux-gnu/libOgreOverlay.so;debug;/usr/lib/x86_64-linux-gnu/libOgreOverlay.so
[5.223s] -- Looking for ignition-math6 -- found version 6.13.0
[5.231s] -- Looking for ignition-transport8 -- found version 8.2.1
[5.235s] -- Searching for dependencies of ignition-transport8
[5.278s] -- Found ZLIB: /usr/lib/x86_64-linux-gnu/libz.so (found version "1.2.11") 
[5.310s] -- Config-file not installed for ZeroMQ -- checking for pkg-config
[5.319s] -- Checking for module 'libzmq >= 4'
[5.348s] --   Found libzmq , version 4.3.4
[5.473s] -- Checking for module 'uuid'
[5.540s] --   Found uuid, version 2.37.2
[5.610s] -- Looking for ignition-msgs5 -- found version 5.8.1
[5.613s] -- Searching for dependencies of ignition-msgs5
[5.625s] -- Looking for ignition-math6 -- found version 6.13.0
[5.633s] -- Checking for module 'tinyxml2'
[5.664s] --   Found tinyxml2, version 9.0.0
[5.736s] -- Looking for ignition-msgs5 -- found version 5.8.1
[5.737s] -- Looking for ignition-common3 -- found version 3.14.0
[5.740s] -- Searching for dependencies of ignition-common3
[5.740s] -- Looking for dlfcn.h - found
[5.741s] -- Looking for libdl - found
[5.766s] -- Searching for <ignition-common3> component [graphics]
[5.767s] -- Looking for ignition-common3-graphics -- found version 3.14.0
[5.768s] -- Searching for dependencies of ignition-common3-graphics
[5.769s] -- Looking for ignition-math6 -- found version 6.13.0
[5.771s] -- Looking for ignition-fuel_tools4 -- found version 4.4.0
[5.772s] -- Searching for dependencies of ignition-fuel_tools4
[5.850s] -- Checking for module 'jsoncpp'
[5.878s] --   Found jsoncpp, version 1.9.5
[5.942s] -- Checking for module 'libzip'
[5.964s] --   Found libzip, version 1.7.3
[6.013s] -- Looking for ignition-common3 -- found version 3.14.0
[6.014s] -- Looking for ignition-math6 -- found version 6.13.0
[6.015s] -- Looking for ignition-msgs5 -- found version 5.8.1
[6.018s] -- Gazebo version: 11.10
[6.044s] -- Found urdf: 2.6.0 (/opt/ros/humble/share/urdf/cmake)
[6.085s] -- Found xacro: 2.0.8 (/opt/ros/humble/share/xacro/cmake)
[6.087s] -- Found ros2_control: 2.20.0 (/opt/ros/humble/share/ros2_control/cmake)
[6.087s] -- Found gazebo_ros2_control: 0.4.0 (/opt/ros/humble/share/gazebo_ros2_control/cmake)
[6.095s] -- Found joint_state_broadcaster: 2.15.0 (/opt/ros/humble/share/joint_state_broadcaster/cmake)
[7.146s] -- Found parameter_traits: 0.3.0 (/opt/ros/humble/share/parameter_traits/cmake)
[7.188s] -- Found joint_trajectory_controller: 2.15.0 (/opt/ros/humble/share/joint_trajectory_controller/cmake)
[7.736s] -- Found velocity_controllers: 2.15.0 (/opt/ros/humble/share/velocity_controllers/cmake)
[8.089s] -- Found std_srvs: 4.2.3 (/opt/ros/humble/share/std_srvs/cmake)
[8.113s] -- Found motor_control: 0.0.0 (/home/tolasing/ros2_ws/install/motor_control/share/motor_control/cmake)
[8.208s] -- Found ament_lint_auto: 0.12.5 (/opt/ros/humble/share/ament_lint_auto/cmake)
[8.312s] -- Added test 'copyright' to check source files copyright and LICENSE
[8.318s] -- Added test 'flake8' to check Python code syntax and style conventions
[8.319s] -- Added test 'lint_cmake' to check CMake code style
[8.319s] -- Added test 'pep257' to check Python code against some of the docstring style conventions in PEP 257
[8.322s] -- Added test 'xmllint' to check XML markup files
[8.324s] -- Configuring done
[8.335s] -- Generating done
[8.338s] -- Build files have been written to: /home/tolasing/ros2_ws/build/prototype
