[0.028s] Invoking command in '/home/tolasing/ros2_ws/build/cartographer_slam': CMAKE_PREFIX_PATH=/home/tolasing/ros2_ws/src/cartographer:/usr/lib/x86_64-linux-gnu/libserial.so:/home/tolasing/ros2_ws/src/cartographer:/usr/lib/x86_64-linux-gnu/libserial.so:/home/tolasing/ros2_ws/install/udp_driver:/home/tolasing/ros2_ws/install/serial_driver:/home/tolasing/ros2_ws/install/motor_control:/home/tolasing/ros2_ws/install/service_pkg:/home/tolasing/ros2_ws/install/nav2_project:/opt/ros/humble:/home/tolasing/ros2_ws/install/serial:/home/tolasing/ros2_ws/install/prototype:/home/tolasing/ros2_ws/install/nav2_course:/home/tolasing/ros2_ws/install/io_context:/home/tolasing/ros2_ws/install/gazebo_sim:/home/tolasing/ros2_ws/install/cartographer_slam:/home/tolasing/ros2_ws/install/cartographer:/home/tolasing/ros2_ws/install/asio_cmake_module /usr/bin/cmake --build /home/tolasing/ros2_ws/build/cartographer_slam -- -j8 -l8
[0.138s] Invoked command in '/home/tolasing/ros2_ws/build/cartographer_slam' returned '0': CMAKE_PREFIX_PATH=/home/tolasing/ros2_ws/src/cartographer:/usr/lib/x86_64-linux-gnu/libserial.so:/home/tolasing/ros2_ws/src/cartographer:/usr/lib/x86_64-linux-gnu/libserial.so:/home/tolasing/ros2_ws/install/udp_driver:/home/tolasing/ros2_ws/install/serial_driver:/home/tolasing/ros2_ws/install/motor_control:/home/tolasing/ros2_ws/install/service_pkg:/home/tolasing/ros2_ws/install/nav2_project:/opt/ros/humble:/home/tolasing/ros2_ws/install/serial:/home/tolasing/ros2_ws/install/prototype:/home/tolasing/ros2_ws/install/nav2_course:/home/tolasing/ros2_ws/install/io_context:/home/tolasing/ros2_ws/install/gazebo_sim:/home/tolasing/ros2_ws/install/cartographer_slam:/home/tolasing/ros2_ws/install/cartographer:/home/tolasing/ros2_ws/install/asio_cmake_module /usr/bin/cmake --build /home/tolasing/ros2_ws/build/cartographer_slam -- -j8 -l8
[0.169s] Invoking command in '/home/tolasing/ros2_ws/build/cartographer_slam': CMAKE_PREFIX_PATH=/home/tolasing/ros2_ws/src/cartographer:/usr/lib/x86_64-linux-gnu/libserial.so:/home/tolasing/ros2_ws/src/cartographer:/usr/lib/x86_64-linux-gnu/libserial.so:/home/tolasing/ros2_ws/install/udp_driver:/home/tolasing/ros2_ws/install/serial_driver:/home/tolasing/ros2_ws/install/motor_control:/home/tolasing/ros2_ws/install/service_pkg:/home/tolasing/ros2_ws/install/nav2_project:/opt/ros/humble:/home/tolasing/ros2_ws/install/serial:/home/tolasing/ros2_ws/install/prototype:/home/tolasing/ros2_ws/install/nav2_course:/home/tolasing/ros2_ws/install/io_context:/home/tolasing/ros2_ws/install/gazebo_sim:/home/tolasing/ros2_ws/install/cartographer_slam:/home/tolasing/ros2_ws/install/cartographer:/home/tolasing/ros2_ws/install/asio_cmake_module /usr/bin/cmake --install /home/tolasing/ros2_ws/build/cartographer_slam
[0.176s] -- Install configuration: ""
[0.177s] -- Execute custom install script
[0.178s] -- Up-to-date symlink: /home/tolasing/ros2_ws/install/cartographer_slam/share/cartographer_slam//config/cartographer.lua
[0.178s] -- Up-to-date symlink: /home/tolasing/ros2_ws/install/cartographer_slam/share/cartographer_slam//launch/cartographer.launch.py
[0.178s] -- Up-to-date symlink: /home/tolasing/ros2_ws/install/cartographer_slam/share/ament_index/resource_index/package_run_dependencies/cartographer_slam
[0.178s] -- Up-to-date symlink: /home/tolasing/ros2_ws/install/cartographer_slam/share/ament_index/resource_index/parent_prefix_path/cartographer_slam
[0.179s] -- Up-to-date symlink: /home/tolasing/ros2_ws/install/cartographer_slam/share/cartographer_slam/environment/ament_prefix_path.sh
[0.179s] -- Up-to-date symlink: /home/tolasing/ros2_ws/install/cartographer_slam/share/cartographer_slam/environment/ament_prefix_path.dsv
[0.179s] -- Up-to-date symlink: /home/tolasing/ros2_ws/install/cartographer_slam/share/cartographer_slam/environment/path.sh
[0.179s] -- Up-to-date symlink: /home/tolasing/ros2_ws/install/cartographer_slam/share/cartographer_slam/environment/path.dsv
[0.179s] -- Up-to-date symlink: /home/tolasing/ros2_ws/install/cartographer_slam/share/cartographer_slam/local_setup.bash
[0.180s] -- Up-to-date symlink: /home/tolasing/ros2_ws/install/cartographer_slam/share/cartographer_slam/local_setup.sh
[0.180s] -- Up-to-date symlink: /home/tolasing/ros2_ws/install/cartographer_slam/share/cartographer_slam/local_setup.zsh
[0.180s] -- Up-to-date symlink: /home/tolasing/ros2_ws/install/cartographer_slam/share/cartographer_slam/local_setup.dsv
[0.180s] -- Symlinking: /home/tolasing/ros2_ws/install/cartographer_slam/share/cartographer_slam/package.dsv
[0.191s] -- Up-to-date symlink: /home/tolasing/ros2_ws/install/cartographer_slam/share/ament_index/resource_index/packages/cartographer_slam
[0.192s] -- Up-to-date symlink: /home/tolasing/ros2_ws/install/cartographer_slam/share/cartographer_slam/cmake/cartographer_slamConfig.cmake
[0.192s] -- Up-to-date symlink: /home/tolasing/ros2_ws/install/cartographer_slam/share/cartographer_slam/cmake/cartographer_slamConfig-version.cmake
[0.193s] -- Up-to-date symlink: /home/tolasing/ros2_ws/install/cartographer_slam/share/cartographer_slam/package.xml
[0.196s] Invoked command in '/home/tolasing/ros2_ws/build/cartographer_slam' returned '0': CMAKE_PREFIX_PATH=/home/tolasing/ros2_ws/src/cartographer:/usr/lib/x86_64-linux-gnu/libserial.so:/home/tolasing/ros2_ws/src/cartographer:/usr/lib/x86_64-linux-gnu/libserial.so:/home/tolasing/ros2_ws/install/udp_driver:/home/tolasing/ros2_ws/install/serial_driver:/home/tolasing/ros2_ws/install/motor_control:/home/tolasing/ros2_ws/install/service_pkg:/home/tolasing/ros2_ws/install/nav2_project:/opt/ros/humble:/home/tolasing/ros2_ws/install/serial:/home/tolasing/ros2_ws/install/prototype:/home/tolasing/ros2_ws/install/nav2_course:/home/tolasing/ros2_ws/install/io_context:/home/tolasing/ros2_ws/install/gazebo_sim:/home/tolasing/ros2_ws/install/cartographer_slam:/home/tolasing/ros2_ws/install/cartographer:/home/tolasing/ros2_ws/install/asio_cmake_module /usr/bin/cmake --install /home/tolasing/ros2_ws/build/cartographer_slam
