[0.093s] Invoking command in '/home/tolasing/ros2_ws/build/gazebo_sim': CMAKE_PREFIX_PATH=/home/tolasing/ros2_ws/src/cartographer:/usr/lib/x86_64-linux-gnu/libserial.so:/home/tolasing/ros2_ws/src/cartographer:/usr/lib/x86_64-linux-gnu/libserial.so:/home/tolasing/ros2_ws/install/udp_driver:/home/tolasing/ros2_ws/install/serial_driver:/home/tolasing/ros2_ws/install/motor_control:/home/tolasing/ros2_ws/install/service_pkg:/home/tolasing/ros2_ws/install/nav2_project:/opt/ros/humble:/home/tolasing/ros2_ws/install/serial:/home/tolasing/ros2_ws/install/prototype:/home/tolasing/ros2_ws/install/nav2_course:/home/tolasing/ros2_ws/install/io_context:/home/tolasing/ros2_ws/install/gazebo_sim:/home/tolasing/ros2_ws/install/cartographer_slam:/home/tolasing/ros2_ws/install/cartographer:/home/tolasing/ros2_ws/install/asio_cmake_module /usr/bin/cmake /home/tolasing/ros2_ws/src/gazebo_sim -DAMENT_CMAKE_SYMLINK_INSTALL=1 -DCMAKE_INSTALL_PREFIX=/home/tolasing/ros2_ws/install/gazebo_sim
[1.115s] -- Found ament_cmake: 1.3.3 (/opt/ros/humble/share/ament_cmake/cmake)
[1.116s] -- Override CMake install command with custom implementation using symlinks instead of copying resources
[1.116s] -- Found rclpy: 3.3.7 (/opt/ros/humble/share/rclpy/cmake)
[1.116s] -- Found gazebo_ros: 3.7.0 (/opt/ros/humble/share/gazebo_ros/cmake)
[1.116s] -- Found rosidl_generator_c: 3.1.4 (/opt/ros/humble/share/rosidl_generator_c/cmake)
[1.116s] -- Found rosidl_adapter: 3.1.4 (/opt/ros/humble/share/rosidl_adapter/cmake)
[1.116s] -- Found rosidl_generator_cpp: 3.1.4 (/opt/ros/humble/share/rosidl_generator_cpp/cmake)
[1.116s] -- Using all available rosidl_typesupport_c: rosidl_typesupport_fastrtps_c;rosidl_typesupport_introspection_c
[1.117s] -- Using all available rosidl_typesupport_cpp: rosidl_typesupport_fastrtps_cpp;rosidl_typesupport_introspection_cpp
[1.122s] -- Found rmw_implementation_cmake: 6.1.1 (/opt/ros/humble/share/rmw_implementation_cmake/cmake)
[1.126s] -- Found rmw_fastrtps_cpp: 6.2.2 (/opt/ros/humble/share/rmw_fastrtps_cpp/cmake)
[2.170s] -- Using RMW implementation 'rmw_fastrtps_cpp' as default
[4.114s] -- Found DART: /usr/include (Required is at least version "6.6") found components: dart 
[4.282s] -- Looking for ignition-math6 -- found version 6.13.0
[4.305s] -- Searching for dependencies of ignition-math6
[4.317s] -- Looking for OGRE...
[4.351s] -- Found Ogre Ghadamon (1.9.0)
[4.351s] -- Found OGRE: optimized;/usr/lib/x86_64-linux-gnu/libOgreMain.so;debug;/usr/lib/x86_64-linux-gnu/libOgreMain.so
[4.394s] -- Looking for OGRE_Paging...
[4.395s] -- Found OGRE_Paging: optimized;/usr/lib/x86_64-linux-gnu/libOgrePaging.so;debug;/usr/lib/x86_64-linux-gnu/libOgrePaging.so
[4.397s] -- Looking for OGRE_Terrain...
[4.407s] -- Found OGRE_Terrain: optimized;/usr/lib/x86_64-linux-gnu/libOgreTerrain.so;debug;/usr/lib/x86_64-linux-gnu/libOgreTerrain.so
[4.407s] -- Looking for OGRE_Property...
[4.408s] -- Found OGRE_Property: optimized;/usr/lib/x86_64-linux-gnu/libOgreProperty.so;debug;/usr/lib/x86_64-linux-gnu/libOgreProperty.so
[4.408s] -- Looking for OGRE_RTShaderSystem...
[4.408s] -- Found OGRE_RTShaderSystem: optimized;/usr/lib/x86_64-linux-gnu/libOgreRTShaderSystem.so;debug;/usr/lib/x86_64-linux-gnu/libOgreRTShaderSystem.so
[4.416s] -- Looking for OGRE_Volume...
[4.416s] -- Found OGRE_Volume: optimized;/usr/lib/x86_64-linux-gnu/libOgreVolume.so;debug;/usr/lib/x86_64-linux-gnu/libOgreVolume.so
[4.416s] -- Looking for OGRE_Overlay...
[4.416s] -- Found OGRE_Overlay: optimized;/usr/lib/x86_64-linux-gnu/libOgreOverlay.so;debug;/usr/lib/x86_64-linux-gnu/libOgreOverlay.so
[5.071s] -- Looking for ignition-math6 -- found version 6.13.0
[5.071s] -- Looking for ignition-transport8 -- found version 8.2.1
[5.072s] -- Searching for dependencies of ignition-transport8
[5.125s] -- Config-file not installed for ZeroMQ -- checking for pkg-config
[5.137s] -- Checking for module 'libzmq >= 4'
[5.192s] --   Found libzmq , version 4.3.4
[5.340s] -- Checking for module 'uuid'
[5.374s] --   Found uuid, version 2.37.2
[5.509s] -- Looking for ignition-msgs5 -- found version 5.8.1
[5.511s] -- Searching for dependencies of ignition-msgs5
[5.514s] -- Looking for ignition-math6 -- found version 6.13.0
[5.524s] -- Checking for module 'tinyxml2'
[5.553s] --   Found tinyxml2, version 9.0.0
[5.656s] -- Looking for ignition-msgs5 -- found version 5.8.1
[5.658s] -- Looking for ignition-common3 -- found version 3.14.0
[5.661s] -- Searching for dependencies of ignition-common3
[5.671s] -- Looking for dlfcn.h - found
[5.672s] -- Looking for libdl - found
[5.697s] -- Searching for <ignition-common3> component [graphics]
[5.698s] -- Looking for ignition-common3-graphics -- found version 3.14.0
[5.698s] -- Searching for dependencies of ignition-common3-graphics
[5.698s] -- Looking for ignition-math6 -- found version 6.13.0
[5.704s] -- Looking for ignition-fuel_tools4 -- found version 4.4.0
[5.704s] -- Searching for dependencies of ignition-fuel_tools4
[5.810s] -- Checking for module 'jsoncpp'
[5.836s] --   Found jsoncpp, version 1.9.5
[5.915s] -- Checking for module 'libzip'
[5.943s] --   Found libzip, version 1.7.3
[5.992s] -- Looking for ignition-common3 -- found version 3.14.0
[5.993s] -- Looking for ignition-math6 -- found version 6.13.0
[5.994s] -- Looking for ignition-msgs5 -- found version 5.8.1
[5.999s] -- Gazebo version: 11.10
[6.018s] -- Found urdf: 2.6.0 (/opt/ros/humble/share/urdf/cmake)
[6.063s] -- Found xacro: 2.0.8 (/opt/ros/humble/share/xacro/cmake)
[6.064s] -- Found ros2_control: 2.20.0 (/opt/ros/humble/share/ros2_control/cmake)
[6.064s] -- Found gazebo_ros2_control: 0.4.0 (/opt/ros/humble/share/gazebo_ros2_control/cmake)
[6.072s] -- Found joint_state_broadcaster: 2.15.0 (/opt/ros/humble/share/joint_state_broadcaster/cmake)
[7.174s] -- Found parameter_traits: 0.3.0 (/opt/ros/humble/share/parameter_traits/cmake)
[7.224s] -- Found joint_trajectory_controller: 2.15.0 (/opt/ros/humble/share/joint_trajectory_controller/cmake)
[7.772s] -- Found velocity_controllers: 2.15.0 (/opt/ros/humble/share/velocity_controllers/cmake)
[8.135s] -- Found std_srvs: 4.2.3 (/opt/ros/humble/share/std_srvs/cmake)
[8.160s] -- Found ament_lint_auto: 0.12.5 (/opt/ros/humble/share/ament_lint_auto/cmake)
[8.254s] -- Added test 'flake8' to check Python code syntax and style conventions
[8.255s] -- Added test 'lint_cmake' to check CMake code style
[8.255s] -- Added test 'pep257' to check Python code against some of the docstring style conventions in PEP 257
[8.257s] -- Added test 'xmllint' to check XML markup files
[8.259s] -- Configuring done
[8.267s] -- Generating done
[8.271s] -- Build files have been written to: /home/tolasing/ros2_ws/build/gazebo_sim
