[0.044s] Invoking command in '/home/tolasing/ros2_ws/build/gazebo_sim': CMAKE_PREFIX_PATH=/home/tolasing/ros2_ws/src/cartographer:/usr/lib/x86_64-linux-gnu/libserial.so:/home/tolasing/ros2_ws/src/cartographer:/usr/lib/x86_64-linux-gnu/libserial.so:/home/tolasing/ros2_ws/install/serial_driver:/home/tolasing/ros2_ws/install/motor_control:/opt/ros/humble:/home/tolasing/ros2_ws/install/serial:/home/tolasing/ros2_ws/install/ros2_mapping:/home/tolasing/ros2_ws/install/prototype:/home/tolasing/ros2_ws/install/io_context:/home/tolasing/ros2_ws/install/gazebo_sim:/home/tolasing/ros2_ws/install/asio_cmake_module /usr/bin/cmake --build /home/tolasing/ros2_ws/build/gazebo_sim -- -j8 -l8
[0.271s] Invoked command in '/home/tolasing/ros2_ws/build/gazebo_sim' returned '0': CMAKE_PREFIX_PATH=/home/tolasing/ros2_ws/src/cartographer:/usr/lib/x86_64-linux-gnu/libserial.so:/home/tolasing/ros2_ws/src/cartographer:/usr/lib/x86_64-linux-gnu/libserial.so:/home/tolasing/ros2_ws/install/serial_driver:/home/tolasing/ros2_ws/install/motor_control:/opt/ros/humble:/home/tolasing/ros2_ws/install/serial:/home/tolasing/ros2_ws/install/ros2_mapping:/home/tolasing/ros2_ws/install/prototype:/home/tolasing/ros2_ws/install/io_context:/home/tolasing/ros2_ws/install/gazebo_sim:/home/tolasing/ros2_ws/install/asio_cmake_module /usr/bin/cmake --build /home/tolasing/ros2_ws/build/gazebo_sim -- -j8 -l8
[0.309s] Invoking command in '/home/tolasing/ros2_ws/build/gazebo_sim': CMAKE_PREFIX_PATH=/home/tolasing/ros2_ws/src/cartographer:/usr/lib/x86_64-linux-gnu/libserial.so:/home/tolasing/ros2_ws/src/cartographer:/usr/lib/x86_64-linux-gnu/libserial.so:/home/tolasing/ros2_ws/install/serial_driver:/home/tolasing/ros2_ws/install/motor_control:/opt/ros/humble:/home/tolasing/ros2_ws/install/serial:/home/tolasing/ros2_ws/install/ros2_mapping:/home/tolasing/ros2_ws/install/prototype:/home/tolasing/ros2_ws/install/io_context:/home/tolasing/ros2_ws/install/gazebo_sim:/home/tolasing/ros2_ws/install/asio_cmake_module /usr/bin/cmake --install /home/tolasing/ros2_ws/build/gazebo_sim
[0.319s] -- Install configuration: ""
[0.320s] -- Execute custom install script
[0.321s] -- Up-to-date symlink: /home/tolasing/ros2_ws/install/gazebo_sim/share/gazebo_sim//launch/start_gazebo.launch.py
[0.322s] -- Up-to-date symlink: /home/tolasing/ros2_ws/install/gazebo_sim/share/gazebo_sim//worlds/empty_world.world
[0.323s] -- Up-to-date symlink: /home/tolasing/ros2_ws/install/gazebo_sim/share/gazebo_sim//models/box_room/meshes/box_room.dae
[0.324s] -- Up-to-date symlink: /home/tolasing/ros2_ws/install/gazebo_sim/share/gazebo_sim//models/box_room/meshes/chambre.png
[0.324s] -- Up-to-date symlink: /home/tolasing/ros2_ws/install/gazebo_sim/share/gazebo_sim//models/model.config
[0.325s] -- Up-to-date symlink: /home/tolasing/ros2_ws/install/gazebo_sim/share/gazebo_sim//urdf/prototype.gazebo.xacro
[0.325s] -- Up-to-date symlink: /home/tolasing/ros2_ws/install/gazebo_sim/share/gazebo_sim//urdf/prototype.gazebo.xsd
[0.326s] -- Up-to-date symlink: /home/tolasing/ros2_ws/install/gazebo_sim/share/ament_index/resource_index/package_run_dependencies/gazebo_sim
[0.326s] -- Up-to-date symlink: /home/tolasing/ros2_ws/install/gazebo_sim/share/ament_index/resource_index/parent_prefix_path/gazebo_sim
[0.327s] -- Up-to-date symlink: /home/tolasing/ros2_ws/install/gazebo_sim/share/gazebo_sim/environment/ament_prefix_path.sh
[0.327s] -- Up-to-date symlink: /home/tolasing/ros2_ws/install/gazebo_sim/share/gazebo_sim/environment/ament_prefix_path.dsv
[0.328s] -- Up-to-date symlink: /home/tolasing/ros2_ws/install/gazebo_sim/share/gazebo_sim/environment/path.sh
[0.328s] -- Up-to-date symlink: /home/tolasing/ros2_ws/install/gazebo_sim/share/gazebo_sim/environment/path.dsv
[0.328s] -- Up-to-date symlink: /home/tolasing/ros2_ws/install/gazebo_sim/share/gazebo_sim/local_setup.bash
[0.328s] -- Up-to-date symlink: /home/tolasing/ros2_ws/install/gazebo_sim/share/gazebo_sim/local_setup.sh
[0.329s] -- Up-to-date symlink: /home/tolasing/ros2_ws/install/gazebo_sim/share/gazebo_sim/local_setup.zsh
[0.330s] -- Up-to-date symlink: /home/tolasing/ros2_ws/install/gazebo_sim/share/gazebo_sim/local_setup.dsv
[0.330s] -- Symlinking: /home/tolasing/ros2_ws/install/gazebo_sim/share/gazebo_sim/package.dsv
[0.342s] -- Up-to-date symlink: /home/tolasing/ros2_ws/install/gazebo_sim/share/ament_index/resource_index/packages/gazebo_sim
[0.348s] -- Up-to-date symlink: /home/tolasing/ros2_ws/install/gazebo_sim/share/gazebo_sim/cmake/gazebo_simConfig.cmake
[0.349s] -- Up-to-date symlink: /home/tolasing/ros2_ws/install/gazebo_sim/share/gazebo_sim/cmake/gazebo_simConfig-version.cmake
[0.350s] -- Up-to-date symlink: /home/tolasing/ros2_ws/install/gazebo_sim/share/gazebo_sim/package.xml
[0.355s] Invoked command in '/home/tolasing/ros2_ws/build/gazebo_sim' returned '0': CMAKE_PREFIX_PATH=/home/tolasing/ros2_ws/src/cartographer:/usr/lib/x86_64-linux-gnu/libserial.so:/home/tolasing/ros2_ws/src/cartographer:/usr/lib/x86_64-linux-gnu/libserial.so:/home/tolasing/ros2_ws/install/serial_driver:/home/tolasing/ros2_ws/install/motor_control:/opt/ros/humble:/home/tolasing/ros2_ws/install/serial:/home/tolasing/ros2_ws/install/ros2_mapping:/home/tolasing/ros2_ws/install/prototype:/home/tolasing/ros2_ws/install/io_context:/home/tolasing/ros2_ws/install/gazebo_sim:/home/tolasing/ros2_ws/install/asio_cmake_module /usr/bin/cmake --install /home/tolasing/ros2_ws/build/gazebo_sim
