[0.085s] Invoking command in '/home/tolasing/ros2_ws/build/cartographer': CMAKE_PREFIX_PATH=${CMAKE_PREFIX_PATH}:/home/tolasing/ros2_ws/install/udp_driver:/home/tolasing/ros2_ws/install/service_pkg:/home/tolasing/ros2_ws/install/nav2_project:/home/tolasing/ros2_ws/install/joint_trajectory_publisher:/opt/ros/humble /usr/bin/cmake /home/tolasing/ros2_ws/src/cartographer -DCMAKE_INSTALL_PREFIX=/home/tolasing/ros2_ws/install/cartographer
[0.629s] -- The C compiler identification is GNU 11.3.0
[0.629s] -- The CXX compiler identification is GNU 11.3.0
[0.629s] -- Detecting C compiler ABI info
[0.629s] -- Detecting C compiler ABI info - done
[0.633s] -- Check for working C compiler: /usr/bin/cc - skipped
[0.654s] -- Detecting C compile features
[0.654s] -- Detecting C compile features - done
[0.654s] -- Detecting CXX compiler ABI info
[0.798s] -- Detecting CXX compiler ABI info - done
[0.816s] -- Check for working CXX compiler: /usr/bin/c++ - skipped
[0.818s] -- Detecting CXX compile features
[0.819s] -- Detecting CXX compile features - done
[0.822s] -- Build type: Release
[0.852s] Files /home/tolasing/ros2_ws/build/cartographer/AllFiles.cmake and - differ
[1.312s] -- Found Python: /usr/bin/python3.10 (found version "3.10.6") found components: Interpreter 
[1.322s] -- Looking for pthread.h
[1.525s] -- Looking for pthread.h - found
[1.526s] -- Performing Test CMAKE_HAVE_LIBC_PTHREAD
[1.699s] -- Performing Test CMAKE_HAVE_LIBC_PTHREAD - Success
[1.701s] -- Found Threads: TRUE  
[1.713s] -- Found GMock: gmock_main  
[1.775s] -- Found Boost: /usr/lib/x86_64-linux-gnu/cmake/Boost-1.74.0/BoostConfig.cmake (found version "1.74.0") found components: iostreams 
[1.809s] -- Found required Ceres dependency: Eigen version 3.4.0 in /usr/include/eigen3
[1.827s] -- Found required Ceres dependency: glog
[1.828s] -- Found required Ceres dependency: gflags
[1.830s] -- Found Ceres version: 2.0.0 installed in: /usr with components: [EigenSparse, SparseLinearAlgebraLibrary, LAPACK, SuiteSparse, CXSparse, SchurSpecializations, Multithreading]
[1.859s] [33mCMake Warning (dev) at /usr/share/cmake-3.22/Modules/FindPackageHandleStandardArgs.cmake:438 (message):
[1.859s]   The package name passed to `find_package_handle_standard_args` (Lua) does
[1.859s]   not match the name of the calling package (LuaGoogle).  This can lead to
[1.860s]   problems in calling code that expects `find_package` result variables
[1.860s]   (e.g., `_FOUND`) to follow a certain pattern.
[1.860s] Call Stack (most recent call first):
[1.860s]   cmake/modules/FindLuaGoogle.cmake:211 (FIND_PACKAGE_HANDLE_STANDARD_ARGS)
[1.860s]   CMakeLists.txt:41 (find_package)
[1.860s] This warning is for project developers.  Use -Wno-dev to suppress it.
[1.860s] [0m
[1.861s] -- Found Lua: /usr/lib/x86_64-linux-gnu/liblua5.2.so;/usr/lib/x86_64-linux-gnu/libm.so (found version "5.2.4") 
[1.909s] -- Found Protobuf: /usr/lib/x86_64-linux-gnu/libprotobuf.so (found suitable version "3.12.4", minimum required is "3.0.0") 
[1.919s] -- Found PkgConfig: /usr/bin/pkg-config (found version "0.29.2") 
[1.919s] -- Checking for one of the modules 'cairo>=1.12.16'
[2.035s] -- Found Sphinx: /usr/bin/sphinx-build  
[2.133s] -- Configuring done
[2.795s] -- Generating done
[2.812s] -- Build files have been written to: /home/tolasing/ros2_ws/build/cartographer
[2.849s] Invoked command in '/home/tolasing/ros2_ws/build/cartographer' returned '0': CMAKE_PREFIX_PATH=${CMAKE_PREFIX_PATH}:/home/tolasing/ros2_ws/install/udp_driver:/home/tolasing/ros2_ws/install/service_pkg:/home/tolasing/ros2_ws/install/nav2_project:/home/tolasing/ros2_ws/install/joint_trajectory_publisher:/opt/ros/humble /usr/bin/cmake /home/tolasing/ros2_ws/src/cartographer -DCMAKE_INSTALL_PREFIX=/home/tolasing/ros2_ws/install/cartographer
[2.850s] Invoking command in '/home/tolasing/ros2_ws/build/cartographer': CMAKE_PREFIX_PATH=${CMAKE_PREFIX_PATH}:/home/tolasing/ros2_ws/install/udp_driver:/home/tolasing/ros2_ws/install/service_pkg:/home/tolasing/ros2_ws/install/nav2_project:/home/tolasing/ros2_ws/install/joint_trajectory_publisher:/opt/ros/humble /usr/bin/cmake --build /home/tolasing/ros2_ws/build/cartographer -- -j8 -l8
[3.168s] [  0%] [34m[1mRunning C++ protocol buffer compiler on /home/tolasing/ros2_ws/src/cartographer/cartographer/transform/proto/transform.proto[0m
[3.169s] [  0%] [34m[1mRunning C++ protocol buffer compiler on /home/tolasing/ros2_ws/src/cartographer/cartographer/ground_truth/proto/relations.proto[0m
[3.169s] [  0%] [34m[1mRunning C++ protocol buffer compiler on /home/tolasing/ros2_ws/src/cartographer/cartographer/common/proto/ceres_solver_options.proto[0m
[3.169s] [  0%] [34m[1mRunning C++ protocol buffer compiler on /home/tolasing/ros2_ws/src/cartographer/cartographer/mapping/proto/connected_components.proto[0m
[3.169s] [  1%] [34m[1mRunning C++ protocol buffer compiler on /home/tolasing/ros2_ws/src/cartographer/cartographer/mapping/proto/cell_limits_2d.proto[0m
[3.169s] [  1%] Built target cartographer_detect_changes
[3.170s] [  1%] [34m[1mRunning C++ protocol buffer compiler on /home/tolasing/ros2_ws/src/cartographer/cartographer/mapping/proto/grid_2d.proto[0m
[3.170s] [  2%] [32mBuilding CXX object googletest/CMakeFiles/gtest.dir/src/gtest-all.cc.o[0m
[3.170s] [  2%] [34m[1mRunning C++ protocol buffer compiler on /home/tolasing/ros2_ws/src/cartographer/cartographer/mapping/proto/grid_2d_options.proto[0m
[3.170s] [  2%] [34m[1mBuilding documentation.[0m
[3.170s] [  3%] [34m[1mRunning C++ protocol buffer compiler on /home/tolasing/ros2_ws/src/cartographer/cartographer/mapping/proto/hybrid_grid.proto[0m
[3.170s] [  3%] [34m[1mRunning C++ protocol buffer compiler on /home/tolasing/ros2_ws/src/cartographer/cartographer/mapping/proto/map_builder_options.proto[0m
[3.170s] [  3%] [34m[1mRunning C++ protocol buffer compiler on /home/tolasing/ros2_ws/src/cartographer/cartographer/mapping/proto/local_trajectory_builder_options_2d.proto[0m
[3.171s] [  3%] [34m[1mRunning C++ protocol buffer compiler on /home/tolasing/ros2_ws/src/cartographer/cartographer/mapping/proto/motion_filter_options.proto[0m
[3.171s] [  4%] [34m[1mRunning C++ protocol buffer compiler on /home/tolasing/ros2_ws/src/cartographer/cartographer/mapping/proto/map_limits.proto[0m
[3.193s] [  4%] [34m[1mRunning C++ protocol buffer compiler on /home/tolasing/ros2_ws/src/cartographer/cartographer/mapping/proto/local_trajectory_builder_options_3d.proto[0m
[3.195s] [  4%] [34m[1mRunning C++ protocol buffer compiler on /home/tolasing/ros2_ws/src/cartographer/cartographer/mapping/proto/normal_estimation_options_2d.proto[0m
[3.195s] [  4%] [34m[1mRunning C++ protocol buffer compiler on /home/tolasing/ros2_ws/src/cartographer/cartographer/mapping/proto/pose_extrapolator_options.proto[0m
[3.218s] [  5%] [34m[1mRunning C++ protocol buffer compiler on /home/tolasing/ros2_ws/src/cartographer/cartographer/mapping/proto/pose_graph.proto[0m
[3.232s] [  5%] [34m[1mRunning C++ protocol buffer compiler on /home/tolasing/ros2_ws/src/cartographer/cartographer/mapping/proto/pose_graph/constraint_builder_options.proto[0m
[3.278s] [  6%] [34m[1mRunning C++ protocol buffer compiler on /home/tolasing/ros2_ws/src/cartographer/cartographer/mapping/proto/probability_grid.proto[0m
[3.280s] [  6%] [34m[1mRunning C++ protocol buffer compiler on /home/tolasing/ros2_ws/src/cartographer/cartographer/mapping/proto/pose_graph_options.proto[0m
[3.287s] [  6%] [34m[1mRunning C++ protocol buffer compiler on /home/tolasing/ros2_ws/src/cartographer/cartographer/mapping/proto/pose_graph/optimization_problem_options.proto[0m
[3.299s] [  6%] [34m[1mRunning C++ protocol buffer compiler on /home/tolasing/ros2_ws/src/cartographer/cartographer/mapping/proto/probability_grid_range_data_inserter_options_2d.proto[0m
[3.341s] [  6%] [34m[1mRunning C++ protocol buffer compiler on /home/tolasing/ros2_ws/src/cartographer/cartographer/mapping/proto/range_data_inserter_options.proto[0m
[3.346s] [  6%] [34m[1mRunning C++ protocol buffer compiler on /home/tolasing/ros2_ws/src/cartographer/cartographer/mapping/proto/range_data_inserter_options_3d.proto[0m
[3.361s] [  6%] [34m[1mRunning C++ protocol buffer compiler on /home/tolasing/ros2_ws/src/cartographer/cartographer/mapping/proto/scan_matching/ceres_scan_matcher_options_3d.proto[0m
[3.362s] [  6%] [34m[1mRunning C++ protocol buffer compiler on /home/tolasing/ros2_ws/src/cartographer/cartographer/mapping/proto/scan_matching/fast_correlative_scan_matcher_options_2d.proto[0m
[3.376s] [  7%] [34m[1mRunning C++ protocol buffer compiler on /home/tolasing/ros2_ws/src/cartographer/cartographer/mapping/proto/scan_matching/ceres_scan_matcher_options_2d.proto[0m
[3.409s] [  7%] [34m[1mRunning C++ protocol buffer compiler on /home/tolasing/ros2_ws/src/cartographer/cartographer/mapping/proto/scan_matching/fast_correlative_scan_matcher_options_3d.proto[0m
[3.412s] [  7%] [34m[1mRunning C++ protocol buffer compiler on /home/tolasing/ros2_ws/src/cartographer/cartographer/mapping/proto/serialization.proto[0m
[3.423s] [  8%] [34m[1mRunning C++ protocol buffer compiler on /home/tolasing/ros2_ws/src/cartographer/cartographer/mapping/proto/scan_matching/real_time_correlative_scan_matcher_options.proto[0m
[3.424s] [  8%] [34m[1mRunning C++ protocol buffer compiler on /home/tolasing/ros2_ws/src/cartographer/cartographer/mapping/proto/submap.proto[0m
[3.458s] [  8%] [34m[1mRunning C++ protocol buffer compiler on /home/tolasing/ros2_ws/src/cartographer/cartographer/mapping/proto/submap_visualization.proto[0m
[3.472s] [  8%] [34m[1mRunning C++ protocol buffer compiler on /home/tolasing/ros2_ws/src/cartographer/cartographer/mapping/proto/trajectory.proto[0m
[3.495s] [  9%] [34m[1mRunning C++ protocol buffer compiler on /home/tolasing/ros2_ws/src/cartographer/cartographer/mapping/proto/trajectory_builder_options.proto[0m
[3.497s] [ 10%] [34m[1mRunning C++ protocol buffer compiler on /home/tolasing/ros2_ws/src/cartographer/cartographer/mapping/proto/submaps_options_2d.proto[0m
[3.502s] [ 10%] [34m[1mRunning C++ protocol buffer compiler on /home/tolasing/ros2_ws/src/cartographer/cartographer/mapping/proto/submaps_options_3d.proto[0m
[3.526s] [ 10%] [34m[1mRunning C++ protocol buffer compiler on /home/tolasing/ros2_ws/src/cartographer/cartographer/mapping/proto/trajectory_node_data.proto[0m
[3.530s] [ 10%] [34m[1mRunning C++ protocol buffer compiler on /home/tolasing/ros2_ws/src/cartographer/cartographer/mapping/proto/tsdf_2d.proto[0m
[3.570s] [ 11%] [34m[1mRunning C++ protocol buffer compiler on /home/tolasing/ros2_ws/src/cartographer/cartographer/sensor/proto/adaptive_voxel_filter_options.proto[0m
[3.576s] [ 11%] [34m[1mRunning C++ protocol buffer compiler on /home/tolasing/ros2_ws/src/cartographer/cartographer/mapping/proto/tsdf_range_data_inserter_options_2d.proto[0m
[3.582s] [ 11%] [34m[1mRunning C++ protocol buffer compiler on /home/tolasing/ros2_ws/src/cartographer/cartographer/sensor/proto/sensor.proto[0m
[3.593s] [ 11%] [34m[1mRunning C++ protocol buffer compiler on /home/tolasing/ros2_ws/src/cartographer/cartographer/transform/proto/timestamped_transform.proto[0m
[3.969s] [ 12%] [32mBuilding CXX object CMakeFiles/cartographer.dir/cartographer/common/configuration_file_resolver.cc.o[0m
[3.970s] [ 12%] [32mBuilding CXX object CMakeFiles/cartographer.dir/cartographer/common/fixed_ratio_sampler.cc.o[0m
[4.036s] [ 12%] [32mBuilding CXX object CMakeFiles/cartographer.dir/cartographer/common/histogram.cc.o[0m
[4.045s] [ 12%] [32mBuilding CXX object CMakeFiles/cartographer.dir/cartographer/common/internal/ceres_solver_options.cc.o[0m
[4.049s] [ 13%] [32mBuilding CXX object CMakeFiles/cartographer.dir/cartographer/common/internal/testing/thread_pool_for_testing.cc.o[0m
[4.069s] [ 13%] [32mBuilding CXX object CMakeFiles/cartographer.dir/cartographer/common/lua_parameter_dictionary.cc.o[0m
[4.174s] [01mRunning Sphinx v4.3.2[39;49;00m
[4.951s] [01mmaking output directory... [39;49;00mdone
[4.972s] [01mbuilding [mo]: [39;49;00mtargets for 0 po files that are out of date
[4.986s] [01mbuilding [html]: [39;49;00mtargets for 6 source files that are out of date
[4.986s] [01mupdating environment: [39;49;00m[new config] 6 added, 0 changed, 0 removed
[5.292s] [01mreading sources... [39;49;00m[ 16%] [35mconfiguration[39;49;00m                                         
[5.367s] [01mreading sources... [39;49;00m[ 33%] [35mcost_functions[39;49;00m                                        
[5.408s] [01mreading sources... [39;49;00m[ 50%] [35mevaluation[39;49;00m                                            
[5.479s] [01mreading sources... [39;49;00m[ 66%] [35mindex[39;49;00m                                                 
[5.498s] [01mreading sources... [39;49;00m[ 83%] [35mpbstream_migration[39;49;00m                                    
[5.538s] [01mreading sources... [39;49;00m[100%] [35mterminology[39;49;00m                                           
[5.538s] 
[5.538s] [01mlooking for now-outdated files... [39;49;00mnone found
[5.548s] [01mpickling environment... [39;49;00mdone
[5.548s] [01mchecking consistency... [39;49;00mdone
[5.553s] [01mpreparing documents... [39;49;00mdone
[5.923s] [01mwriting output... [39;49;00m[ 16%] [32mconfiguration[39;49;00m                                          
[5.973s] [01mwriting output... [39;49;00m[ 33%] [32mcost_functions[39;49;00m                                         
[6.221s] [01mwriting output... [39;49;00m[ 50%] [32mevaluation[39;49;00m                                             
[6.339s] [01mwriting output... [39;49;00m[ 66%] [32mindex[39;49;00m                                                  
[6.488s] [01mwriting output... [39;49;00m[ 83%] [32mpbstream_migration[39;49;00m                                     
[6.549s] [01mwriting output... [39;49;00m[100%] [32mterminology[39;49;00m                                            
[6.549s] 
[6.616s] [01mgenerating indices... [39;49;00mgenindex done
[6.645s] [01mwriting additional pages... [39;49;00msearch done
[6.652s] [01mcopying images... [39;49;00m[ 50%] [33mautogenerate_groundtruth.png[39;49;00m                           
[6.657s] [01mcopying images... [39;49;00m[100%] [33mhigh_level_system_overview.png[39;49;00m                         
[6.657s] 
[6.776s] [01mcopying static files... [39;49;00mdone
[6.777s] [01mcopying extra files... [39;49;00mdone
[6.784s] [01mdumping search index in English (code: en)... [39;49;00mdone
[6.799s] [01mdumping object inventory... [39;49;00mdone
[6.800s] [01mbuild succeeded.[39;49;00m
[6.801s] 
[6.802s] The HTML pages are in html.
[7.444s] [ 13%] Built target build_doc
[7.536s] [ 13%] [32mBuilding CXX object CMakeFiles/cartographer.dir/cartographer/common/task.cc.o[0m
