[0.023s] Invoking command in '/home/tolasing/ros2_ws/build/motor_control': CMAKE_PREFIX_PATH=/home/tolasing/ros2_ws/install/service_pkg:/home/tolasing/ros2_ws/install/nav2_project:/opt/ros/humble:/home/tolasing/ros2_ws/install/serial:/home/tolasing/ros2_ws/install/serial_driver:/home/tolasing/ros2_ws/install/io_context:/home/tolasing/ros2_ws/install/nav2_course:/home/tolasing/ros2_ws/install/asio_cmake_module:/usr/lib/x86_64-linux-gnu/libserial.so:/usr/lib/x86_64-linux-gnu/libserial.so /usr/bin/cmake /home/tolasing/ros2_ws/src/motor_control -DCMAKE_INSTALL_PREFIX=/home/tolasing/ros2_ws/install/motor_control
[0.092s] -- The C compiler identification is GNU 11.3.0
[0.166s] -- The CXX compiler identification is GNU 11.3.0
[0.177s] -- Detecting C compiler ABI info
[0.262s] -- Detecting C compiler ABI info - done
[0.274s] -- Check for working C compiler: /usr/bin/cc - skipped
[0.274s] -- Detecting C compile features
[0.274s] -- Detecting C compile features - done
[0.278s] -- Detecting CXX compiler ABI info
[0.382s] -- Detecting CXX compiler ABI info - done
[0.395s] -- Check for working CXX compiler: /usr/bin/c++ - skipped
[0.395s] -- Detecting CXX compile features
[0.396s] -- Detecting CXX compile features - done
[0.400s] -- Found ament_cmake: 1.3.3 (/opt/ros/humble/share/ament_cmake/cmake)
[0.635s] -- Found Python3: /usr/bin/python3.10 (found version "3.10.6") found components: Interpreter 
[0.749s] -- Found hardware_interface: 2.20.0 (/opt/ros/humble/share/hardware_interface/cmake)
[0.798s] -- Found rosidl_generator_c: 3.1.4 (/opt/ros/humble/share/rosidl_generator_c/cmake)
[0.805s] -- Found rosidl_adapter: 3.1.4 (/opt/ros/humble/share/rosidl_adapter/cmake)
[0.815s] -- Found rosidl_generator_cpp: 3.1.4 (/opt/ros/humble/share/rosidl_generator_cpp/cmake)
[0.833s] -- Using all available rosidl_typesupport_c: rosidl_typesupport_fastrtps_c;rosidl_typesupport_introspection_c
[0.857s] -- Using all available rosidl_typesupport_cpp: rosidl_typesupport_fastrtps_cpp;rosidl_typesupport_introspection_cpp
[1.724s] -- Found rmw_implementation_cmake: 6.1.1 (/opt/ros/humble/share/rmw_implementation_cmake/cmake)
[1.728s] -- Found rmw_fastrtps_cpp: 6.2.2 (/opt/ros/humble/share/rmw_fastrtps_cpp/cmake)
[1.870s] -- Found OpenSSL: /usr/lib/x86_64-linux-gnu/libcrypto.so (found version "3.0.2")  
[1.918s] -- Found FastRTPS: /opt/ros/humble/include  
[1.982s] -- Using RMW implementation 'rmw_fastrtps_cpp' as default
[1.994s] -- Looking for pthread.h
[2.083s] -- Looking for pthread.h - found
[2.084s] -- Performing Test CMAKE_HAVE_LIBC_PTHREAD
[2.175s] -- Performing Test CMAKE_HAVE_LIBC_PTHREAD - Success
[2.176s] -- Found Threads: TRUE  
[2.395s] -- Found serial: 1.2.1 (/home/tolasing/ros2_ws/install/serial/share/serial/cmake)
[2.477s] -- Found ament_cmake_gtest: 1.3.3 (/opt/ros/humble/share/ament_cmake_gtest/cmake)
[2.582s] -- Configuring done
[2.633s] -- Generating done
[2.634s] -- Build files have been written to: /home/tolasing/ros2_ws/build/motor_control
[2.652s] Invoked command in '/home/tolasing/ros2_ws/build/motor_control' returned '0': CMAKE_PREFIX_PATH=/home/tolasing/ros2_ws/install/service_pkg:/home/tolasing/ros2_ws/install/nav2_project:/opt/ros/humble:/home/tolasing/ros2_ws/install/serial:/home/tolasing/ros2_ws/install/serial_driver:/home/tolasing/ros2_ws/install/io_context:/home/tolasing/ros2_ws/install/nav2_course:/home/tolasing/ros2_ws/install/asio_cmake_module:/usr/lib/x86_64-linux-gnu/libserial.so:/usr/lib/x86_64-linux-gnu/libserial.so /usr/bin/cmake /home/tolasing/ros2_ws/src/motor_control -DCMAKE_INSTALL_PREFIX=/home/tolasing/ros2_ws/install/motor_control
[2.656s] Invoking command in '/home/tolasing/ros2_ws/build/motor_control': CMAKE_PREFIX_PATH=/home/tolasing/ros2_ws/install/service_pkg:/home/tolasing/ros2_ws/install/nav2_project:/opt/ros/humble:/home/tolasing/ros2_ws/install/serial:/home/tolasing/ros2_ws/install/serial_driver:/home/tolasing/ros2_ws/install/io_context:/home/tolasing/ros2_ws/install/nav2_course:/home/tolasing/ros2_ws/install/asio_cmake_module:/usr/lib/x86_64-linux-gnu/libserial.so:/usr/lib/x86_64-linux-gnu/libserial.so /usr/bin/cmake --build /home/tolasing/ros2_ws/build/motor_control -- -j8 -l8
[2.722s] [ 75%] [32mBuilding CXX object CMakeFiles/motor_control.dir/src/motor_interface.cpp.o[0m
[2.723s] [ 75%] [32mBuilding CXX object CMakeFiles/motor_control.dir/src/comms.cpp.o[0m
[2.724s] [ 75%] [32mBuilding CXX object CMakeFiles/motor_control.dir/src/wheel.cpp.o[0m
[7.442s] [100%] [32m[1mLinking CXX shared library libmotor_control.so[0m
[7.732s] [100%] Built target motor_control
[7.745s] Invoked command in '/home/tolasing/ros2_ws/build/motor_control' returned '0': CMAKE_PREFIX_PATH=/home/tolasing/ros2_ws/install/service_pkg:/home/tolasing/ros2_ws/install/nav2_project:/opt/ros/humble:/home/tolasing/ros2_ws/install/serial:/home/tolasing/ros2_ws/install/serial_driver:/home/tolasing/ros2_ws/install/io_context:/home/tolasing/ros2_ws/install/nav2_course:/home/tolasing/ros2_ws/install/asio_cmake_module:/usr/lib/x86_64-linux-gnu/libserial.so:/usr/lib/x86_64-linux-gnu/libserial.so /usr/bin/cmake --build /home/tolasing/ros2_ws/build/motor_control -- -j8 -l8
[7.795s] Invoking command in '/home/tolasing/ros2_ws/build/motor_control': CMAKE_PREFIX_PATH=/home/tolasing/ros2_ws/install/service_pkg:/home/tolasing/ros2_ws/install/nav2_project:/opt/ros/humble:/home/tolasing/ros2_ws/install/serial:/home/tolasing/ros2_ws/install/serial_driver:/home/tolasing/ros2_ws/install/io_context:/home/tolasing/ros2_ws/install/nav2_course:/home/tolasing/ros2_ws/install/asio_cmake_module:/usr/lib/x86_64-linux-gnu/libserial.so:/usr/lib/x86_64-linux-gnu/libserial.so /usr/bin/cmake --install /home/tolasing/ros2_ws/build/motor_control
[7.804s] -- Install configuration: ""
[7.806s] -- Installing: /home/tolasing/ros2_ws/install/motor_control/share/motor_control/motor_interface.xml
[7.806s] -- Installing: /home/tolasing/ros2_ws/install/motor_control/lib/libmotor_control.so
[7.808s] -- Set runtime path of "/home/tolasing/ros2_ws/install/motor_control/lib/libmotor_control.so" to ""
[7.808s] -- Installing: /home/tolasing/ros2_ws/install/motor_control/include
[7.808s] -- Installing: /home/tolasing/ros2_ws/install/motor_control/include/motor_control
[7.809s] -- Installing: /home/tolasing/ros2_ws/install/motor_control/include/motor_control/config.h
[7.809s] -- Installing: /home/tolasing/ros2_ws/install/motor_control/include/motor_control/comms.h
[7.809s] -- Installing: /home/tolasing/ros2_ws/install/motor_control/include/motor_control/wheel.h
[7.810s] -- Installing: /home/tolasing/ros2_ws/install/motor_control/include/motor_control/motor_interface.hpp
[7.810s] -- Installing: /home/tolasing/ros2_ws/install/motor_control/share/motor_control//launch
[7.810s] -- Installing: /home/tolasing/ros2_ws/install/motor_control/share/motor_control//launch/launch_arduino.launch.py
[7.811s] -- Installing: /home/tolasing/ros2_ws/install/motor_control/share/motor_control//config
[7.811s] -- Installing: /home/tolasing/ros2_ws/install/motor_control/share/motor_control//config/controller_config.yaml
[7.811s] -- Installing: /home/tolasing/ros2_ws/install/motor_control/share/motor_control/environment/library_path.sh
[7.812s] -- Installing: /home/tolasing/ros2_ws/install/motor_control/share/motor_control/environment/library_path.dsv
[7.814s] -- Installing: /home/tolasing/ros2_ws/install/motor_control/share/ament_index/resource_index/package_run_dependencies/motor_control
[7.817s] -- Installing: /home/tolasing/ros2_ws/install/motor_control/share/ament_index/resource_index/parent_prefix_path/motor_control
[7.817s] -- Installing: /home/tolasing/ros2_ws/install/motor_control/share/motor_control/environment/ament_prefix_path.sh
[7.819s] -- Installing: /home/tolasing/ros2_ws/install/motor_control/share/motor_control/environment/ament_prefix_path.dsv
[7.820s] -- Installing: /home/tolasing/ros2_ws/install/motor_control/share/motor_control/environment/path.sh
[7.820s] -- Installing: /home/tolasing/ros2_ws/install/motor_control/share/motor_control/environment/path.dsv
[7.821s] -- Installing: /home/tolasing/ros2_ws/install/motor_control/share/motor_control/local_setup.bash
[7.821s] -- Installing: /home/tolasing/ros2_ws/install/motor_control/share/motor_control/local_setup.sh
[7.823s] -- Installing: /home/tolasing/ros2_ws/install/motor_control/share/motor_control/local_setup.zsh
[7.824s] -- Installing: /home/tolasing/ros2_ws/install/motor_control/share/motor_control/local_setup.dsv
[7.824s] -- Installing: /home/tolasing/ros2_ws/install/motor_control/share/motor_control/package.dsv
[7.825s] -- Installing: /home/tolasing/ros2_ws/install/motor_control/share/ament_index/resource_index/packages/motor_control
[7.825s] -- Installing: /home/tolasing/ros2_ws/install/motor_control/share/ament_index/resource_index/hardware_interface__pluginlib__plugin/motor_control
[7.827s] -- Installing: /home/tolasing/ros2_ws/install/motor_control/share/motor_control/cmake/ament_cmake_export_include_directories-extras.cmake
[7.827s] -- Installing: /home/tolasing/ros2_ws/install/motor_control/share/motor_control/cmake/ament_cmake_export_libraries-extras.cmake
[7.827s] -- Installing: /home/tolasing/ros2_ws/install/motor_control/share/motor_control/cmake/ament_cmake_export_dependencies-extras.cmake
[7.828s] -- Installing: /home/tolasing/ros2_ws/install/motor_control/share/motor_control/cmake/motor_controlConfig.cmake
[7.828s] -- Installing: /home/tolasing/ros2_ws/install/motor_control/share/motor_control/cmake/motor_controlConfig-version.cmake
[7.828s] -- Installing: /home/tolasing/ros2_ws/install/motor_control/share/motor_control/package.xml
[7.829s] Invoked command in '/home/tolasing/ros2_ws/build/motor_control' returned '0': CMAKE_PREFIX_PATH=/home/tolasing/ros2_ws/install/service_pkg:/home/tolasing/ros2_ws/install/nav2_project:/opt/ros/humble:/home/tolasing/ros2_ws/install/serial:/home/tolasing/ros2_ws/install/serial_driver:/home/tolasing/ros2_ws/install/io_context:/home/tolasing/ros2_ws/install/nav2_course:/home/tolasing/ros2_ws/install/asio_cmake_module:/usr/lib/x86_64-linux-gnu/libserial.so:/usr/lib/x86_64-linux-gnu/libserial.so /usr/bin/cmake --install /home/tolasing/ros2_ws/build/motor_control
