[0.103s] Invoking command in '/home/tolasing/ros2_ws/build/io_context': CMAKE_PREFIX_PATH=/home/tolasing/ros2_ws/install/asio_cmake_module:/home/tolasing/ros2_ws/src/cartographer:/usr/lib/x86_64-linux-gnu/libserial.so:/home/tolasing/ros2_ws/src/cartographer:/usr/lib/x86_64-linux-gnu/libserial.so:/home/tolasing/ros2_ws/install/udp_driver:/home/tolasing/ros2_ws/install/serial_driver:/home/tolasing/ros2_ws/install/motor_control:/home/tolasing/ros2_ws/install/service_pkg:/home/tolasing/ros2_ws/install/nav2_project:/opt/ros/humble:/home/tolasing/ros2_ws/install/serial:/home/tolasing/ros2_ws/install/prototype:/home/tolasing/ros2_ws/install/nav2_course:/home/tolasing/ros2_ws/install/io_context:/home/tolasing/ros2_ws/install/gazebo_sim:/home/tolasing/ros2_ws/install/cartographer_slam:/home/tolasing/ros2_ws/install/cartographer /usr/bin/cmake /home/tolasing/ros2_ws/src/transport_drivers/io_context -DAMENT_CMAKE_SYMLINK_INSTALL=1 -DCMAKE_INSTALL_PREFIX=/home/tolasing/ros2_ws/install/io_context
[0.746s] -- Found ament_cmake_auto: 1.3.3 (/opt/ros/humble/share/ament_cmake_auto/cmake)
[1.293s] -- Override CMake install command with custom implementation using symlinks instead of copying resources
[1.829s] -- Found rosidl_generator_c: 3.1.4 (/opt/ros/humble/share/rosidl_generator_c/cmake)
[1.841s] -- Found rosidl_adapter: 3.1.4 (/opt/ros/humble/share/rosidl_adapter/cmake)
[1.863s] -- Found rosidl_generator_cpp: 3.1.4 (/opt/ros/humble/share/rosidl_generator_cpp/cmake)
[1.893s] -- Using all available rosidl_typesupport_c: rosidl_typesupport_fastrtps_c;rosidl_typesupport_introspection_c
[1.944s] -- Using all available rosidl_typesupport_cpp: rosidl_typesupport_fastrtps_cpp;rosidl_typesupport_introspection_cpp
[2.110s] -- Found rmw_implementation_cmake: 6.1.1 (/opt/ros/humble/share/rmw_implementation_cmake/cmake)
[2.111s] -- Found rmw_fastrtps_cpp: 6.2.2 (/opt/ros/humble/share/rmw_fastrtps_cpp/cmake)
[2.390s] -- Using RMW implementation 'rmw_fastrtps_cpp' as default
[2.888s] -- Found ament_lint_auto: 0.12.5 (/opt/ros/humble/share/ament_lint_auto/cmake)
[2.897s] -- Found gtest sources under '/opt/ros/humble/src/gtest_vendor': C++ tests using 'Google Test' will be built
[2.926s] -- Added test 'copyright' to check source files copyright and LICENSE
[2.926s] -- Added test 'cppcheck' to perform static code analysis on C / C++ code
[2.926s] -- Configured cppcheck include dirs: /home/tolasing/ros2_ws/src/transport_drivers/io_context/include
[2.926s] -- Configured cppcheck exclude dirs and/or files: 
[2.926s] -- Added test 'cpplint' to check C / C++ code against the Google style
[2.926s] -- Configured cpplint exclude dirs and/or files: 
[2.927s] -- Added test 'lint_cmake' to check CMake code style
[2.929s] -- Added test 'uncrustify' to check C / C++ code style
[2.929s] -- Configured uncrustify additional arguments: 
[2.930s] -- Added test 'xmllint' to check XML markup files
[2.945s] -- Configuring done
[2.983s] -- Generating done
[2.987s] -- Build files have been written to: /home/tolasing/ros2_ws/build/io_context
