[0.095s] Invoking command in '/home/tolasing/ros2_ws/build/serial': /usr/bin/cmake /home/tolasing/ros2_ws/src/serial -DCATKIN_INSTALL_INTO_PREFIX_ROOT=0 -DCATKIN_SYMLINK_INSTALL=ON -DCMAKE_INSTALL_PREFIX=/home/tolasing/ros2_ws/install/serial
[0.671s] -- Found ament_cmake: 1.3.3 (/opt/ros/humble/share/ament_cmake/cmake)
[0.672s] -- Found rclcpp: 16.0.3 (/opt/ros/humble/share/rclcpp/cmake)
[0.672s] -- Found rosidl_generator_c: 3.1.4 (/opt/ros/humble/share/rosidl_generator_c/cmake)
[0.672s] -- Found rosidl_adapter: 3.1.4 (/opt/ros/humble/share/rosidl_adapter/cmake)
[0.673s] -- Found rosidl_generator_cpp: 3.1.4 (/opt/ros/humble/share/rosidl_generator_cpp/cmake)
[0.673s] -- Using all available rosidl_typesupport_c: rosidl_typesupport_fastrtps_c;rosidl_typesupport_introspection_c
[0.673s] -- Using all available rosidl_typesupport_cpp: rosidl_typesupport_fastrtps_cpp;rosidl_typesupport_introspection_cpp
[0.673s] -- Found rmw_implementation_cmake: 6.1.1 (/opt/ros/humble/share/rmw_implementation_cmake/cmake)
[0.673s] -- Found rmw_fastrtps_cpp: 6.2.2 (/opt/ros/humble/share/rmw_fastrtps_cpp/cmake)
[0.897s] -- Using RMW implementation 'rmw_fastrtps_cpp' as default
[1.440s] -- Configuring done
[1.483s] -- Generating done
[1.498s] -- Build files have been written to: /home/tolasing/ros2_ws/build/serial
[1.523s] Invoked command in '/home/tolasing/ros2_ws/build/serial' returned '0': /usr/bin/cmake /home/tolasing/ros2_ws/src/serial -DCATKIN_INSTALL_INTO_PREFIX_ROOT=0 -DCATKIN_SYMLINK_INSTALL=ON -DCMAKE_INSTALL_PREFIX=/home/tolasing/ros2_ws/install/serial
[1.533s] Invoking command in '/home/tolasing/ros2_ws/build/serial': /usr/bin/cmake --build /home/tolasing/ros2_ws/build/serial -- -j8 -l8
[1.614s] [35m[1mConsolidate compiler generated dependencies of target serial[0m
[1.618s] [ 66%] Built target serial
[1.631s] [35m[1mConsolidate compiler generated dependencies of target serial_example[0m
[1.649s] [100%] Built target serial_example
[1.670s] Invoked command in '/home/tolasing/ros2_ws/build/serial' returned '0': /usr/bin/cmake --build /home/tolasing/ros2_ws/build/serial -- -j8 -l8
[1.895s] Invoking command in '/home/tolasing/ros2_ws/build/serial': /usr/bin/cmake --install /home/tolasing/ros2_ws/build/serial
[2.613s] -- Install configuration: ""
[2.614s] -- Up-to-date: /home/tolasing/ros2_ws/install/serial/share/serial/environment/library_path.sh
[2.614s] -- Installing: /home/tolasing/ros2_ws/install/serial/share/serial/environment/library_path.dsv
[2.614s] -- Up-to-date: /home/tolasing/ros2_ws/install/serial/include/serial
[2.614s] -- Up-to-date: /home/tolasing/ros2_ws/install/serial/include/serial/impl
[2.614s] -- Up-to-date: /home/tolasing/ros2_ws/install/serial/include/serial/impl/unix.h
[2.617s] -- Up-to-date: /home/tolasing/ros2_ws/install/serial/include/serial/impl/win.h
[2.617s] -- Up-to-date: /home/tolasing/ros2_ws/install/serial/include/serial/v8stdint.h
[2.618s] -- Up-to-date: /home/tolasing/ros2_ws/install/serial/include/serial/serial.h
[2.618s] -- Up-to-date: /home/tolasing/ros2_ws/install/serial/lib/libserial.a
[2.618s] -- Up-to-date: /home/tolasing/ros2_ws/install/serial/include/serial/serial.h
[2.618s] -- Up-to-date: /home/tolasing/ros2_ws/install/serial/include/serial/v8stdint.h
[2.618s] -- Up-to-date: /home/tolasing/ros2_ws/install/serial/share/ament_index/resource_index/package_run_dependencies/serial
[2.618s] -- Installing: /home/tolasing/ros2_ws/install/serial/share/ament_index/resource_index/parent_prefix_path/serial
[2.618s] -- Up-to-date: /home/tolasing/ros2_ws/install/serial/share/serial/environment/ament_prefix_path.sh
[2.619s] -- Installing: /home/tolasing/ros2_ws/install/serial/share/serial/environment/ament_prefix_path.dsv
[2.619s] -- Up-to-date: /home/tolasing/ros2_ws/install/serial/share/serial/environment/path.sh
[2.619s] -- Installing: /home/tolasing/ros2_ws/install/serial/share/serial/environment/path.dsv
[2.619s] -- Up-to-date: /home/tolasing/ros2_ws/install/serial/share/serial/local_setup.bash
[2.619s] -- Up-to-date: /home/tolasing/ros2_ws/install/serial/share/serial/local_setup.sh
[2.619s] -- Up-to-date: /home/tolasing/ros2_ws/install/serial/share/serial/local_setup.zsh
[2.619s] -- Installing: /home/tolasing/ros2_ws/install/serial/share/serial/local_setup.dsv
[2.620s] -- Installing: /home/tolasing/ros2_ws/install/serial/share/serial/package.dsv
[2.620s] -- Up-to-date: /home/tolasing/ros2_ws/install/serial/share/ament_index/resource_index/packages/serial
[2.620s] -- Up-to-date: /home/tolasing/ros2_ws/install/serial/share/serial/cmake/serialExport.cmake
[2.620s] -- Up-to-date: /home/tolasing/ros2_ws/install/serial/share/serial/cmake/serialExport-noconfig.cmake
[2.620s] -- Up-to-date: /home/tolasing/ros2_ws/install/serial/share/serial/cmake/ament_cmake_export_targets-extras.cmake
[2.620s] -- Up-to-date: /home/tolasing/ros2_ws/install/serial/share/serial/cmake/ament_cmake_export_include_directories-extras.cmake
[2.620s] -- Up-to-date: /home/tolasing/ros2_ws/install/serial/share/serial/cmake/ament_cmake_export_libraries-extras.cmake
[2.621s] -- Up-to-date: /home/tolasing/ros2_ws/install/serial/share/serial/cmake/ament_cmake_export_dependencies-extras.cmake
[2.621s] -- Up-to-date: /home/tolasing/ros2_ws/install/serial/share/serial/cmake/serialConfig.cmake
[2.621s] -- Up-to-date: /home/tolasing/ros2_ws/install/serial/share/serial/cmake/serialConfig-version.cmake
[2.621s] -- Up-to-date: /home/tolasing/ros2_ws/install/serial/share/serial/package.xml
[2.632s] Invoked command in '/home/tolasing/ros2_ws/build/serial' returned '0': /usr/bin/cmake --install /home/tolasing/ros2_ws/build/serial
