[0.069s] Invoking command in '/home/tolasing/ros2_ws/build/ros2_mapping': CMAKE_PREFIX_PATH=/home/tolasing/ros2_ws/src/cartographer:/usr/lib/x86_64-linux-gnu/libserial.so:/home/tolasing/ros2_ws/install/serial_driver:/home/tolasing/ros2_ws/install/motor_control:/opt/ros/humble:/home/tolasing/ros2_ws/install/serial:/home/tolasing/ros2_ws/install/ros2_mapping:/home/tolasing/ros2_ws/install/prototype:/home/tolasing/ros2_ws/install/io_context:/home/tolasing/ros2_ws/install/gazebo_sim:/home/tolasing/ros2_ws/install/asio_cmake_module /usr/bin/cmake --build /home/tolasing/ros2_ws/build/ros2_mapping -- -j8 -l8
[0.190s] Invoked command in '/home/tolasing/ros2_ws/build/ros2_mapping' returned '0': CMAKE_PREFIX_PATH=/home/tolasing/ros2_ws/src/cartographer:/usr/lib/x86_64-linux-gnu/libserial.so:/home/tolasing/ros2_ws/install/serial_driver:/home/tolasing/ros2_ws/install/motor_control:/opt/ros/humble:/home/tolasing/ros2_ws/install/serial:/home/tolasing/ros2_ws/install/ros2_mapping:/home/tolasing/ros2_ws/install/prototype:/home/tolasing/ros2_ws/install/io_context:/home/tolasing/ros2_ws/install/gazebo_sim:/home/tolasing/ros2_ws/install/asio_cmake_module /usr/bin/cmake --build /home/tolasing/ros2_ws/build/ros2_mapping -- -j8 -l8
[0.238s] Invoking command in '/home/tolasing/ros2_ws/build/ros2_mapping': CMAKE_PREFIX_PATH=/home/tolasing/ros2_ws/src/cartographer:/usr/lib/x86_64-linux-gnu/libserial.so:/home/tolasing/ros2_ws/install/serial_driver:/home/tolasing/ros2_ws/install/motor_control:/opt/ros/humble:/home/tolasing/ros2_ws/install/serial:/home/tolasing/ros2_ws/install/ros2_mapping:/home/tolasing/ros2_ws/install/prototype:/home/tolasing/ros2_ws/install/io_context:/home/tolasing/ros2_ws/install/gazebo_sim:/home/tolasing/ros2_ws/install/asio_cmake_module /usr/bin/cmake --install /home/tolasing/ros2_ws/build/ros2_mapping
[0.248s] -- Install configuration: ""
[0.254s] -- Execute custom install script
[0.255s] -- Up-to-date symlink: /home/tolasing/ros2_ws/install/ros2_mapping/share/ros2_mapping/launch/nav2_map_server.launch.py
[0.256s] -- Up-to-date symlink: /home/tolasing/ros2_ws/install/ros2_mapping/share/ros2_mapping/launch/online_async_launch.py
[0.257s] -- Up-to-date symlink: /home/tolasing/ros2_ws/install/ros2_mapping/share/ros2_mapping/config/amcl_config.yaml
[0.258s] -- Up-to-date symlink: /home/tolasing/ros2_ws/install/ros2_mapping/share/ros2_mapping/config/mapper_params_online_async.yaml
[0.259s] -- Symlinking: /home/tolasing/ros2_ws/install/ros2_mapping/share/ros2_mapping/config/protobot_area.pgm
[0.288s] -- Symlinking: /home/tolasing/ros2_ws/install/ros2_mapping/share/ros2_mapping/config/protobot_area.yaml
[0.318s] -- Up-to-date symlink: /home/tolasing/ros2_ws/install/ros2_mapping/share/ros2_mapping/config/test_area.pgm
[0.321s] -- Up-to-date symlink: /home/tolasing/ros2_ws/install/ros2_mapping/share/ros2_mapping/config/test_area.yaml
[0.321s] -- Up-to-date symlink: /home/tolasing/ros2_ws/install/ros2_mapping/share/ament_index/resource_index/package_run_dependencies/ros2_mapping
[0.322s] -- Up-to-date symlink: /home/tolasing/ros2_ws/install/ros2_mapping/share/ament_index/resource_index/parent_prefix_path/ros2_mapping
[0.322s] -- Up-to-date symlink: /home/tolasing/ros2_ws/install/ros2_mapping/share/ros2_mapping/environment/ament_prefix_path.sh
[0.322s] -- Up-to-date symlink: /home/tolasing/ros2_ws/install/ros2_mapping/share/ros2_mapping/environment/ament_prefix_path.dsv
[0.322s] -- Up-to-date symlink: /home/tolasing/ros2_ws/install/ros2_mapping/share/ros2_mapping/environment/path.sh
[0.323s] -- Up-to-date symlink: /home/tolasing/ros2_ws/install/ros2_mapping/share/ros2_mapping/environment/path.dsv
[0.323s] -- Up-to-date symlink: /home/tolasing/ros2_ws/install/ros2_mapping/share/ros2_mapping/local_setup.bash
[0.324s] -- Up-to-date symlink: /home/tolasing/ros2_ws/install/ros2_mapping/share/ros2_mapping/local_setup.sh
[0.329s] -- Up-to-date symlink: /home/tolasing/ros2_ws/install/ros2_mapping/share/ros2_mapping/local_setup.zsh
[0.330s] -- Up-to-date symlink: /home/tolasing/ros2_ws/install/ros2_mapping/share/ros2_mapping/local_setup.dsv
[0.330s] -- Symlinking: /home/tolasing/ros2_ws/install/ros2_mapping/share/ros2_mapping/package.dsv
[0.360s] -- Up-to-date symlink: /home/tolasing/ros2_ws/install/ros2_mapping/share/ament_index/resource_index/packages/ros2_mapping
[0.360s] -- Up-to-date symlink: /home/tolasing/ros2_ws/install/ros2_mapping/share/ros2_mapping/cmake/ros2_mappingConfig.cmake
[0.361s] -- Up-to-date symlink: /home/tolasing/ros2_ws/install/ros2_mapping/share/ros2_mapping/cmake/ros2_mappingConfig-version.cmake
[0.362s] -- Up-to-date symlink: /home/tolasing/ros2_ws/install/ros2_mapping/share/ros2_mapping/package.xml
[0.378s] Invoked command in '/home/tolasing/ros2_ws/build/ros2_mapping' returned '0': CMAKE_PREFIX_PATH=/home/tolasing/ros2_ws/src/cartographer:/usr/lib/x86_64-linux-gnu/libserial.so:/home/tolasing/ros2_ws/install/serial_driver:/home/tolasing/ros2_ws/install/motor_control:/opt/ros/humble:/home/tolasing/ros2_ws/install/serial:/home/tolasing/ros2_ws/install/ros2_mapping:/home/tolasing/ros2_ws/install/prototype:/home/tolasing/ros2_ws/install/io_context:/home/tolasing/ros2_ws/install/gazebo_sim:/home/tolasing/ros2_ws/install/asio_cmake_module /usr/bin/cmake --install /home/tolasing/ros2_ws/build/ros2_mapping
