[0.116s] Invoking command in '/home/tolasing/ros2_ws/build/asio_cmake_module': CMAKE_PREFIX_PATH=/home/tolasing/ros2_ws/src/cartographer:/usr/lib/x86_64-linux-gnu/libserial.so:/home/tolasing/ros2_ws/src/cartographer:/usr/lib/x86_64-linux-gnu/libserial.so:/home/tolasing/ros2_ws/install/serial_driver:/home/tolasing/ros2_ws/install/motor_control:/home/tolasing/ros2_ws/install/service_pkg:/home/tolasing/ros2_ws/install/nav2_project:/opt/ros/humble:/home/tolasing/ros2_ws/install/serial:/home/tolasing/ros2_ws/install/prototype:/home/tolasing/ros2_ws/install/nav2_course:/home/tolasing/ros2_ws/install/io_context:/home/tolasing/ros2_ws/install/cartographer:/home/tolasing/ros2_ws/install/asio_cmake_module /usr/bin/cmake --build /home/tolasing/ros2_ws/build/asio_cmake_module -- -j8 -l8
[1.158s] Invoked command in '/home/tolasing/ros2_ws/build/asio_cmake_module' returned '0': CMAKE_PREFIX_PATH=/home/tolasing/ros2_ws/src/cartographer:/usr/lib/x86_64-linux-gnu/libserial.so:/home/tolasing/ros2_ws/src/cartographer:/usr/lib/x86_64-linux-gnu/libserial.so:/home/tolasing/ros2_ws/install/serial_driver:/home/tolasing/ros2_ws/install/motor_control:/home/tolasing/ros2_ws/install/service_pkg:/home/tolasing/ros2_ws/install/nav2_project:/opt/ros/humble:/home/tolasing/ros2_ws/install/serial:/home/tolasing/ros2_ws/install/prototype:/home/tolasing/ros2_ws/install/nav2_course:/home/tolasing/ros2_ws/install/io_context:/home/tolasing/ros2_ws/install/cartographer:/home/tolasing/ros2_ws/install/asio_cmake_module /usr/bin/cmake --build /home/tolasing/ros2_ws/build/asio_cmake_module -- -j8 -l8
[1.208s] Invoking command in '/home/tolasing/ros2_ws/build/asio_cmake_module': CMAKE_PREFIX_PATH=/home/tolasing/ros2_ws/src/cartographer:/usr/lib/x86_64-linux-gnu/libserial.so:/home/tolasing/ros2_ws/src/cartographer:/usr/lib/x86_64-linux-gnu/libserial.so:/home/tolasing/ros2_ws/install/serial_driver:/home/tolasing/ros2_ws/install/motor_control:/home/tolasing/ros2_ws/install/service_pkg:/home/tolasing/ros2_ws/install/nav2_project:/opt/ros/humble:/home/tolasing/ros2_ws/install/serial:/home/tolasing/ros2_ws/install/prototype:/home/tolasing/ros2_ws/install/nav2_course:/home/tolasing/ros2_ws/install/io_context:/home/tolasing/ros2_ws/install/cartographer:/home/tolasing/ros2_ws/install/asio_cmake_module /usr/bin/cmake --install /home/tolasing/ros2_ws/build/asio_cmake_module
[1.238s] -- Install configuration: ""
[1.238s] -- Up-to-date: /home/tolasing/ros2_ws/install/asio_cmake_module/share/ament_index/resource_index/package_run_dependencies/asio_cmake_module
[1.240s] -- Up-to-date: /home/tolasing/ros2_ws/install/asio_cmake_module/share/ament_index/resource_index/parent_prefix_path/asio_cmake_module
[1.241s] -- Up-to-date: /home/tolasing/ros2_ws/install/asio_cmake_module/share/asio_cmake_module/environment/ament_prefix_path.sh
[1.241s] -- Up-to-date: /home/tolasing/ros2_ws/install/asio_cmake_module/share/asio_cmake_module/environment/ament_prefix_path.dsv
[1.241s] -- Up-to-date: /home/tolasing/ros2_ws/install/asio_cmake_module/share/asio_cmake_module/environment/path.sh
[1.241s] -- Up-to-date: /home/tolasing/ros2_ws/install/asio_cmake_module/share/asio_cmake_module/environment/path.dsv
[1.241s] -- Up-to-date: /home/tolasing/ros2_ws/install/asio_cmake_module/share/asio_cmake_module/local_setup.bash
[1.241s] -- Up-to-date: /home/tolasing/ros2_ws/install/asio_cmake_module/share/asio_cmake_module/local_setup.sh
[1.242s] -- Up-to-date: /home/tolasing/ros2_ws/install/asio_cmake_module/share/asio_cmake_module/local_setup.zsh
[1.242s] -- Up-to-date: /home/tolasing/ros2_ws/install/asio_cmake_module/share/asio_cmake_module/local_setup.dsv
[1.242s] -- Installing: /home/tolasing/ros2_ws/install/asio_cmake_module/share/asio_cmake_module/package.dsv
[1.254s] -- Up-to-date: /home/tolasing/ros2_ws/install/asio_cmake_module/share/ament_index/resource_index/packages/asio_cmake_module
[1.254s] -- Up-to-date: /home/tolasing/ros2_ws/install/asio_cmake_module/share/asio_cmake_module/cmake/asio_cmake_module-extras.cmake
[1.254s] -- Up-to-date: /home/tolasing/ros2_ws/install/asio_cmake_module/share/asio_cmake_module/cmake/asio_cmake_moduleConfig.cmake
[1.254s] -- Up-to-date: /home/tolasing/ros2_ws/install/asio_cmake_module/share/asio_cmake_module/cmake/asio_cmake_moduleConfig-version.cmake
[1.254s] -- Up-to-date: /home/tolasing/ros2_ws/install/asio_cmake_module/share/asio_cmake_module/package.xml
[1.254s] -- Up-to-date: /home/tolasing/ros2_ws/install/asio_cmake_module/share/asio_cmake_module/cmake
[1.255s] -- Up-to-date: /home/tolasing/ros2_ws/install/asio_cmake_module/share/asio_cmake_module/cmake/Modules
[1.255s] -- Up-to-date: /home/tolasing/ros2_ws/install/asio_cmake_module/share/asio_cmake_module/cmake/Modules/FindASIO.cmake
[1.263s] Invoked command in '/home/tolasing/ros2_ws/build/asio_cmake_module' returned '0': CMAKE_PREFIX_PATH=/home/tolasing/ros2_ws/src/cartographer:/usr/lib/x86_64-linux-gnu/libserial.so:/home/tolasing/ros2_ws/src/cartographer:/usr/lib/x86_64-linux-gnu/libserial.so:/home/tolasing/ros2_ws/install/serial_driver:/home/tolasing/ros2_ws/install/motor_control:/home/tolasing/ros2_ws/install/service_pkg:/home/tolasing/ros2_ws/install/nav2_project:/opt/ros/humble:/home/tolasing/ros2_ws/install/serial:/home/tolasing/ros2_ws/install/prototype:/home/tolasing/ros2_ws/install/nav2_course:/home/tolasing/ros2_ws/install/io_context:/home/tolasing/ros2_ws/install/cartographer:/home/tolasing/ros2_ws/install/asio_cmake_module /usr/bin/cmake --install /home/tolasing/ros2_ws/build/asio_cmake_module
