[0.024s] Invoking command in '/home/tolasing/ros2_ws/build/io_context': CMAKE_PREFIX_PATH=/home/tolasing/ros2_ws/install/asio_cmake_module:/home/tolasing/ros2_ws/install/service_pkg:/home/tolasing/ros2_ws/install/nav2_project:/opt/ros/humble:/home/tolasing/ros2_ws/install/serial:/home/tolasing/ros2_ws/install/nav2_course:/usr/lib/x86_64-linux-gnu/libserial.so:/usr/lib/x86_64-linux-gnu/libserial.so /usr/bin/cmake /home/tolasing/ros2_ws/src/transport_drivers/io_context -DCMAKE_INSTALL_PREFIX=/home/tolasing/ros2_ws/install/io_context
[0.044s] -- Found ament_cmake_auto: 1.3.3 (/opt/ros/humble/share/ament_cmake_auto/cmake)
[0.497s] -- Found rosidl_generator_c: 3.1.4 (/opt/ros/humble/share/rosidl_generator_c/cmake)
[0.503s] -- Found rosidl_adapter: 3.1.4 (/opt/ros/humble/share/rosidl_adapter/cmake)
[0.515s] -- Found rosidl_generator_cpp: 3.1.4 (/opt/ros/humble/share/rosidl_generator_cpp/cmake)
[0.538s] -- Using all available rosidl_typesupport_c: rosidl_typesupport_fastrtps_c;rosidl_typesupport_introspection_c
[0.566s] -- Using all available rosidl_typesupport_cpp: rosidl_typesupport_fastrtps_cpp;rosidl_typesupport_introspection_cpp
[0.660s] -- Found rmw_implementation_cmake: 6.1.1 (/opt/ros/humble/share/rmw_implementation_cmake/cmake)
[0.663s] -- Found rmw_fastrtps_cpp: 6.2.2 (/opt/ros/humble/share/rmw_fastrtps_cpp/cmake)
[0.835s] -- Using RMW implementation 'rmw_fastrtps_cpp' as default
[1.130s] -- Found ament_lint_auto: 0.12.5 (/opt/ros/humble/share/ament_lint_auto/cmake)
[1.144s] -- Found gtest sources under '/opt/ros/humble/src/gtest_vendor': C++ tests using 'Google Test' will be built
[1.156s] -- Added test 'copyright' to check source files copyright and LICENSE
[1.157s] -- Added test 'cppcheck' to perform static code analysis on C / C++ code
[1.158s] -- Configured cppcheck include dirs: /home/tolasing/ros2_ws/src/transport_drivers/io_context/include
[1.158s] -- Configured cppcheck exclude dirs and/or files: 
[1.159s] -- Added test 'cpplint' to check C / C++ code against the Google style
[1.160s] -- Configured cpplint exclude dirs and/or files: 
[1.160s] -- Added test 'lint_cmake' to check CMake code style
[1.162s] -- Added test 'uncrustify' to check C / C++ code style
[1.162s] -- Configured uncrustify additional arguments: 
[1.163s] -- Added test 'xmllint' to check XML markup files
[1.167s] -- Configuring done
[1.190s] -- Generating done
[1.192s] -- Build files have been written to: /home/tolasing/ros2_ws/build/io_context
[1.204s] Invoked command in '/home/tolasing/ros2_ws/build/io_context' returned '0': CMAKE_PREFIX_PATH=/home/tolasing/ros2_ws/install/asio_cmake_module:/home/tolasing/ros2_ws/install/service_pkg:/home/tolasing/ros2_ws/install/nav2_project:/opt/ros/humble:/home/tolasing/ros2_ws/install/serial:/home/tolasing/ros2_ws/install/nav2_course:/usr/lib/x86_64-linux-gnu/libserial.so:/usr/lib/x86_64-linux-gnu/libserial.so /usr/bin/cmake /home/tolasing/ros2_ws/src/transport_drivers/io_context -DCMAKE_INSTALL_PREFIX=/home/tolasing/ros2_ws/install/io_context
[1.209s] Invoking command in '/home/tolasing/ros2_ws/build/io_context': CMAKE_PREFIX_PATH=/home/tolasing/ros2_ws/install/asio_cmake_module:/home/tolasing/ros2_ws/install/service_pkg:/home/tolasing/ros2_ws/install/nav2_project:/opt/ros/humble:/home/tolasing/ros2_ws/install/serial:/home/tolasing/ros2_ws/install/nav2_course:/usr/lib/x86_64-linux-gnu/libserial.so:/usr/lib/x86_64-linux-gnu/libserial.so /usr/bin/cmake --build /home/tolasing/ros2_ws/build/io_context -- -j8 -l8
[1.269s] [ 11%] [32mBuilding CXX object gtest/CMakeFiles/gtest_main.dir/src/gtest_main.cc.o[0m
[1.276s] [ 22%] [32mBuilding CXX object CMakeFiles/io_context.dir/src/io_context.cpp.o[0m
[1.276s] [ 33%] [32mBuilding CXX object CMakeFiles/io_context.dir/src/msg_converters/std_msgs.cpp.o[0m
[1.283s] [ 44%] [32mBuilding CXX object gtest/CMakeFiles/gtest.dir/src/gtest-all.cc.o[0m
[2.294s] [ 55%] [32m[1mLinking CXX static library libgtest_main.a[0m
[2.384s] [ 55%] Built target gtest_main
[4.029s] [ 66%] [32m[1mLinking CXX shared library libio_context.so[0m
[4.251s] [ 66%] Built target io_context
[5.529s] [ 77%] [32m[1mLinking CXX static library libgtest.a[0m
[5.646s] [ 77%] Built target gtest
[5.670s] [ 88%] [32mBuilding CXX object CMakeFiles/test_io_context.dir/test/test_io_context.cpp.o[0m
[8.356s] [100%] [32m[1mLinking CXX executable test_io_context[0m
[8.607s] [100%] Built target test_io_context
[8.618s] Invoked command in '/home/tolasing/ros2_ws/build/io_context' returned '0': CMAKE_PREFIX_PATH=/home/tolasing/ros2_ws/install/asio_cmake_module:/home/tolasing/ros2_ws/install/service_pkg:/home/tolasing/ros2_ws/install/nav2_project:/opt/ros/humble:/home/tolasing/ros2_ws/install/serial:/home/tolasing/ros2_ws/install/nav2_course:/usr/lib/x86_64-linux-gnu/libserial.so:/usr/lib/x86_64-linux-gnu/libserial.so /usr/bin/cmake --build /home/tolasing/ros2_ws/build/io_context -- -j8 -l8
[8.663s] Invoking command in '/home/tolasing/ros2_ws/build/io_context': CMAKE_PREFIX_PATH=/home/tolasing/ros2_ws/install/asio_cmake_module:/home/tolasing/ros2_ws/install/service_pkg:/home/tolasing/ros2_ws/install/nav2_project:/opt/ros/humble:/home/tolasing/ros2_ws/install/serial:/home/tolasing/ros2_ws/install/nav2_course:/usr/lib/x86_64-linux-gnu/libserial.so:/usr/lib/x86_64-linux-gnu/libserial.so /usr/bin/cmake --install /home/tolasing/ros2_ws/build/io_context
[8.672s] -- Install configuration: ""
[8.672s] -- Installing: /home/tolasing/ros2_ws/install/io_context/include
[8.673s] -- Installing: /home/tolasing/ros2_ws/install/io_context/include/io_context
[8.673s] -- Installing: /home/tolasing/ros2_ws/install/io_context/include/io_context/common.hpp
[8.673s] -- Installing: /home/tolasing/ros2_ws/install/io_context/include/io_context/io_context.hpp
[8.673s] -- Installing: /home/tolasing/ros2_ws/install/io_context/include/msg_converters
[8.674s] -- Installing: /home/tolasing/ros2_ws/install/io_context/include/msg_converters/converters.hpp
[8.674s] -- Installing: /home/tolasing/ros2_ws/install/io_context/include/msg_converters/udp_msgs.hpp
[8.674s] -- Installing: /home/tolasing/ros2_ws/install/io_context/include/msg_converters/std_msgs.hpp
[8.674s] -- Installing: /home/tolasing/ros2_ws/install/io_context/share/io_context/environment/library_path.sh
[8.675s] -- Installing: /home/tolasing/ros2_ws/install/io_context/share/io_context/environment/library_path.dsv
[8.675s] -- Installing: /home/tolasing/ros2_ws/install/io_context/lib/libio_context.so
[8.676s] -- Set runtime path of "/home/tolasing/ros2_ws/install/io_context/lib/libio_context.so" to ""
[8.676s] -- Installing: /home/tolasing/ros2_ws/install/io_context/share/ament_index/resource_index/package_run_dependencies/io_context
[8.676s] -- Installing: /home/tolasing/ros2_ws/install/io_context/share/ament_index/resource_index/parent_prefix_path/io_context
[8.677s] -- Installing: /home/tolasing/ros2_ws/install/io_context/share/io_context/environment/ament_prefix_path.sh
[8.677s] -- Installing: /home/tolasing/ros2_ws/install/io_context/share/io_context/environment/ament_prefix_path.dsv
[8.677s] -- Installing: /home/tolasing/ros2_ws/install/io_context/share/io_context/environment/path.sh
[8.678s] -- Installing: /home/tolasing/ros2_ws/install/io_context/share/io_context/environment/path.dsv
[8.678s] -- Installing: /home/tolasing/ros2_ws/install/io_context/share/io_context/local_setup.bash
[8.679s] -- Installing: /home/tolasing/ros2_ws/install/io_context/share/io_context/local_setup.sh
[8.679s] -- Installing: /home/tolasing/ros2_ws/install/io_context/share/io_context/local_setup.zsh
[8.679s] -- Installing: /home/tolasing/ros2_ws/install/io_context/share/io_context/local_setup.dsv
[8.679s] -- Installing: /home/tolasing/ros2_ws/install/io_context/share/io_context/package.dsv
[8.679s] -- Installing: /home/tolasing/ros2_ws/install/io_context/share/ament_index/resource_index/packages/io_context
[8.680s] -- Installing: /home/tolasing/ros2_ws/install/io_context/share/io_context/cmake/ament_cmake_export_dependencies-extras.cmake
[8.680s] -- Installing: /home/tolasing/ros2_ws/install/io_context/share/io_context/cmake/ament_cmake_export_include_directories-extras.cmake
[8.681s] -- Installing: /home/tolasing/ros2_ws/install/io_context/share/io_context/cmake/ament_cmake_export_libraries-extras.cmake
[8.682s] -- Installing: /home/tolasing/ros2_ws/install/io_context/share/io_context/cmake/io_contextConfig.cmake
[8.682s] -- Installing: /home/tolasing/ros2_ws/install/io_context/share/io_context/cmake/io_contextConfig-version.cmake
[8.682s] -- Installing: /home/tolasing/ros2_ws/install/io_context/share/io_context/package.xml
[8.686s] Invoked command in '/home/tolasing/ros2_ws/build/io_context' returned '0': CMAKE_PREFIX_PATH=/home/tolasing/ros2_ws/install/asio_cmake_module:/home/tolasing/ros2_ws/install/service_pkg:/home/tolasing/ros2_ws/install/nav2_project:/opt/ros/humble:/home/tolasing/ros2_ws/install/serial:/home/tolasing/ros2_ws/install/nav2_course:/usr/lib/x86_64-linux-gnu/libserial.so:/usr/lib/x86_64-linux-gnu/libserial.so /usr/bin/cmake --install /home/tolasing/ros2_ws/build/io_context
