[0.037s] Invoking command in '/home/tolasing/ros2_ws/build/serial_driver': CMAKE_PREFIX_PATH=/home/tolasing/ros2_ws/install/io_context:/home/tolasing/ros2_ws/install/asio_cmake_module:/home/tolasing/ros2_ws/src/cartographer:/usr/lib/x86_64-linux-gnu/libserial.so:/home/tolasing/ros2_ws/src/cartographer:/usr/lib/x86_64-linux-gnu/libserial.so:/home/tolasing/ros2_ws/install/serial_driver:/home/tolasing/ros2_ws/install/motor_control:/home/tolasing/ros2_ws/install/path_planner:/opt/ros/humble:/home/tolasing/ros2_ws/install/serial:/home/tolasing/ros2_ws/install/ros2_mapping:/home/tolasing/ros2_ws/install/prototype:/home/tolasing/ros2_ws/install/navigator_planner:/home/tolasing/ros2_ws/install/gazebo_sim:/home/tolasing/ros2_ws/install/articubot_one LD_LIBRARY_PATH=/home/tolasing/ros2_ws/install/io_context/lib:/usr/lib/x86_64-linux-gnu:/usr/lib/x86_64-linux-gnu:/home/tolasing/ros2_ws/install/serial_driver/lib:/home/tolasing/ros2_ws/install/motor_control/lib:/usr/lib/x86_64-linux-gnu/gazebo-11/plugins:/opt/ros/humble/opt/rviz_ogre_vendor/lib:/opt/ros/humble/lib/x86_64-linux-gnu:/opt/ros/humble/lib /usr/bin/cmake /home/tolasing/ros2_ws/src/transport_drivers/serial_driver -DCMAKE_INSTALL_PREFIX=/home/tolasing/ros2_ws/install/serial_driver
[0.052s] -- Found ament_cmake_auto: 1.3.3 (/opt/ros/humble/share/ament_cmake_auto/cmake)
[0.229s] -- Override CMake install command with custom implementation using symlinks instead of copying resources
[0.421s] -- Found rosidl_generator_c: 3.1.4 (/opt/ros/humble/share/rosidl_generator_c/cmake)
[0.424s] -- Found rosidl_adapter: 3.1.4 (/opt/ros/humble/share/rosidl_adapter/cmake)
[0.430s] -- Found rosidl_generator_cpp: 3.1.4 (/opt/ros/humble/share/rosidl_generator_cpp/cmake)
[0.443s] -- Using all available rosidl_typesupport_c: rosidl_typesupport_fastrtps_c;rosidl_typesupport_introspection_c
[0.462s] -- Using all available rosidl_typesupport_cpp: rosidl_typesupport_fastrtps_cpp;rosidl_typesupport_introspection_cpp
[0.534s] -- Found rmw_implementation_cmake: 6.1.1 (/opt/ros/humble/share/rmw_implementation_cmake/cmake)
[0.536s] -- Found rmw_fastrtps_cpp: 6.2.2 (/opt/ros/humble/share/rmw_fastrtps_cpp/cmake)
[0.676s] -- Using RMW implementation 'rmw_fastrtps_cpp' as default
[1.147s] -- Found ament_lint_auto: 0.12.5 (/opt/ros/humble/share/ament_lint_auto/cmake)
[1.153s] -- Found gtest sources under '/opt/ros/humble/src/gtest_vendor': C++ tests using 'Google Test' will be built
[1.169s] -- Added test 'copyright' to check source files copyright and LICENSE
[1.170s] -- Added test 'cppcheck' to perform static code analysis on C / C++ code
[1.171s] -- Configured cppcheck include dirs: /home/tolasing/ros2_ws/src/transport_drivers/serial_driver/include
[1.171s] -- Configured cppcheck exclude dirs and/or files: 
[1.172s] -- Added test 'cpplint' to check C / C++ code against the Google style
[1.172s] -- Configured cpplint exclude dirs and/or files: 
[1.172s] -- Added test 'flake8' to check Python code syntax and style conventions
[1.173s] -- Added test 'lint_cmake' to check CMake code style
[1.173s] -- Added test 'pep257' to check Python code against some of the docstring style conventions in PEP 257
[1.175s] -- Added test 'uncrustify' to check C / C++ code style
[1.175s] -- Configured uncrustify additional arguments: 
[1.175s] -- Added test 'xmllint' to check XML markup files
[1.180s] -- Configuring done
[1.252s] -- Generating done
[1.255s] -- Build files have been written to: /home/tolasing/ros2_ws/build/serial_driver
[1.264s] Invoked command in '/home/tolasing/ros2_ws/build/serial_driver' returned '0': CMAKE_PREFIX_PATH=/home/tolasing/ros2_ws/install/io_context:/home/tolasing/ros2_ws/install/asio_cmake_module:/home/tolasing/ros2_ws/src/cartographer:/usr/lib/x86_64-linux-gnu/libserial.so:/home/tolasing/ros2_ws/src/cartographer:/usr/lib/x86_64-linux-gnu/libserial.so:/home/tolasing/ros2_ws/install/serial_driver:/home/tolasing/ros2_ws/install/motor_control:/home/tolasing/ros2_ws/install/path_planner:/opt/ros/humble:/home/tolasing/ros2_ws/install/serial:/home/tolasing/ros2_ws/install/ros2_mapping:/home/tolasing/ros2_ws/install/prototype:/home/tolasing/ros2_ws/install/navigator_planner:/home/tolasing/ros2_ws/install/gazebo_sim:/home/tolasing/ros2_ws/install/articubot_one LD_LIBRARY_PATH=/home/tolasing/ros2_ws/install/io_context/lib:/usr/lib/x86_64-linux-gnu:/usr/lib/x86_64-linux-gnu:/home/tolasing/ros2_ws/install/serial_driver/lib:/home/tolasing/ros2_ws/install/motor_control/lib:/usr/lib/x86_64-linux-gnu/gazebo-11/plugins:/opt/ros/humble/opt/rviz_ogre_vendor/lib:/opt/ros/humble/lib/x86_64-linux-gnu:/opt/ros/humble/lib /usr/bin/cmake /home/tolasing/ros2_ws/src/transport_drivers/serial_driver -DCMAKE_INSTALL_PREFIX=/home/tolasing/ros2_ws/install/serial_driver
[1.267s] Invoking command in '/home/tolasing/ros2_ws/build/serial_driver': CMAKE_PREFIX_PATH=/home/tolasing/ros2_ws/install/io_context:/home/tolasing/ros2_ws/install/asio_cmake_module:/home/tolasing/ros2_ws/src/cartographer:/usr/lib/x86_64-linux-gnu/libserial.so:/home/tolasing/ros2_ws/src/cartographer:/usr/lib/x86_64-linux-gnu/libserial.so:/home/tolasing/ros2_ws/install/serial_driver:/home/tolasing/ros2_ws/install/motor_control:/home/tolasing/ros2_ws/install/path_planner:/opt/ros/humble:/home/tolasing/ros2_ws/install/serial:/home/tolasing/ros2_ws/install/ros2_mapping:/home/tolasing/ros2_ws/install/prototype:/home/tolasing/ros2_ws/install/navigator_planner:/home/tolasing/ros2_ws/install/gazebo_sim:/home/tolasing/ros2_ws/install/articubot_one LD_LIBRARY_PATH=/home/tolasing/ros2_ws/install/io_context/lib:/usr/lib/x86_64-linux-gnu:/usr/lib/x86_64-linux-gnu:/home/tolasing/ros2_ws/install/serial_driver/lib:/home/tolasing/ros2_ws/install/motor_control/lib:/usr/lib/x86_64-linux-gnu/gazebo-11/plugins:/opt/ros/humble/opt/rviz_ogre_vendor/lib:/opt/ros/humble/lib/x86_64-linux-gnu:/opt/ros/humble/lib /usr/bin/cmake --build /home/tolasing/ros2_ws/build/serial_driver -- -j8 -l8
[1.332s] [35m[1mConsolidate compiler generated dependencies of target serial_driver[0m
[1.333s] [35m[1mConsolidate compiler generated dependencies of target gtest_main[0m
[1.334s] [35m[1mConsolidate compiler generated dependencies of target gtest[0m
[1.336s] [35m[1mConsolidate compiler generated dependencies of target serial_bridge[0m
[1.349s] [ 13%] [32mBuilding CXX object gtest/CMakeFiles/gtest_main.dir/src/gtest_main.cc.o[0m
[1.349s] [ 13%] [32mBuilding CXX object gtest/CMakeFiles/gtest.dir/src/gtest-all.cc.o[0m
[1.358s] [ 20%] [32mBuilding CXX object CMakeFiles/serial_bridge.dir/rclcpp_components/node_main_serial_bridge.cpp.o[0m
[1.365s] [ 33%] [32mBuilding CXX object CMakeFiles/serial_driver.dir/src/serial_port.cpp.o[0m
[1.365s] [ 33%] [32mBuilding CXX object CMakeFiles/serial_driver.dir/src/serial_driver.cpp.o[0m
[2.255s] [ 40%] [32m[1mLinking CXX static library libgtest_main.a[0m
[2.345s] [ 40%] Built target gtest_main
[4.730s] [ 46%] [32m[1mLinking CXX shared library libserial_driver.so[0m
[5.012s] [ 46%] Built target serial_driver
[5.034s] [35m[1mConsolidate compiler generated dependencies of target serial_driver_nodes[0m
[5.068s] [ 53%] [32mBuilding CXX object CMakeFiles/serial_driver_nodes.dir/src/serial_bridge_node.cpp.o[0m
[5.705s] [ 60%] [32m[1mLinking CXX static library libgtest.a[0m
[5.834s] [ 60%] Built target gtest
[5.848s] [35m[1mConsolidate compiler generated dependencies of target test_serial_port[0m
[5.849s] [35m[1mConsolidate compiler generated dependencies of target test_serial_driver[0m
[5.872s] [ 73%] [32mBuilding CXX object CMakeFiles/test_serial_driver.dir/test/test_serial_driver.cpp.o[0m
[5.873s] [ 73%] [32mBuilding CXX object CMakeFiles/test_serial_port.dir/test/test_serial_port.cpp.o[0m
[6.059s] [ 80%] [32m[1mLinking CXX executable serial_bridge[0m
[6.323s] [ 80%] Built target serial_bridge
[8.935s] [ 86%] [32m[1mLinking CXX executable test_serial_driver[0m
[8.976s] [ 93%] [32m[1mLinking CXX executable test_serial_port[0m
[9.263s] [ 93%] Built target test_serial_driver
[9.350s] [ 93%] Built target test_serial_port
[17.768s] [100%] [32m[1mLinking CXX shared library libserial_driver_nodes.so[0m
[18.652s] [100%] Built target serial_driver_nodes
[18.664s] Invoked command in '/home/tolasing/ros2_ws/build/serial_driver' returned '0': CMAKE_PREFIX_PATH=/home/tolasing/ros2_ws/install/io_context:/home/tolasing/ros2_ws/install/asio_cmake_module:/home/tolasing/ros2_ws/src/cartographer:/usr/lib/x86_64-linux-gnu/libserial.so:/home/tolasing/ros2_ws/src/cartographer:/usr/lib/x86_64-linux-gnu/libserial.so:/home/tolasing/ros2_ws/install/serial_driver:/home/tolasing/ros2_ws/install/motor_control:/home/tolasing/ros2_ws/install/path_planner:/opt/ros/humble:/home/tolasing/ros2_ws/install/serial:/home/tolasing/ros2_ws/install/ros2_mapping:/home/tolasing/ros2_ws/install/prototype:/home/tolasing/ros2_ws/install/navigator_planner:/home/tolasing/ros2_ws/install/gazebo_sim:/home/tolasing/ros2_ws/install/articubot_one LD_LIBRARY_PATH=/home/tolasing/ros2_ws/install/io_context/lib:/usr/lib/x86_64-linux-gnu:/usr/lib/x86_64-linux-gnu:/home/tolasing/ros2_ws/install/serial_driver/lib:/home/tolasing/ros2_ws/install/motor_control/lib:/usr/lib/x86_64-linux-gnu/gazebo-11/plugins:/opt/ros/humble/opt/rviz_ogre_vendor/lib:/opt/ros/humble/lib/x86_64-linux-gnu:/opt/ros/humble/lib /usr/bin/cmake --build /home/tolasing/ros2_ws/build/serial_driver -- -j8 -l8
[18.702s] Invoking command in '/home/tolasing/ros2_ws/build/serial_driver': CMAKE_PREFIX_PATH=/home/tolasing/ros2_ws/install/io_context:/home/tolasing/ros2_ws/install/asio_cmake_module:/home/tolasing/ros2_ws/src/cartographer:/usr/lib/x86_64-linux-gnu/libserial.so:/home/tolasing/ros2_ws/src/cartographer:/usr/lib/x86_64-linux-gnu/libserial.so:/home/tolasing/ros2_ws/install/serial_driver:/home/tolasing/ros2_ws/install/motor_control:/home/tolasing/ros2_ws/install/path_planner:/opt/ros/humble:/home/tolasing/ros2_ws/install/serial:/home/tolasing/ros2_ws/install/ros2_mapping:/home/tolasing/ros2_ws/install/prototype:/home/tolasing/ros2_ws/install/navigator_planner:/home/tolasing/ros2_ws/install/gazebo_sim:/home/tolasing/ros2_ws/install/articubot_one LD_LIBRARY_PATH=/home/tolasing/ros2_ws/install/io_context/lib:/usr/lib/x86_64-linux-gnu:/usr/lib/x86_64-linux-gnu:/home/tolasing/ros2_ws/install/serial_driver/lib:/home/tolasing/ros2_ws/install/motor_control/lib:/usr/lib/x86_64-linux-gnu/gazebo-11/plugins:/opt/ros/humble/opt/rviz_ogre_vendor/lib:/opt/ros/humble/lib/x86_64-linux-gnu:/opt/ros/humble/lib /usr/bin/cmake --install /home/tolasing/ros2_ws/build/serial_driver
[18.710s] -- Install configuration: ""
[18.710s] -- Execute custom install script
[18.711s] -- Up-to-date symlink: /home/tolasing/ros2_ws/install/serial_driver/lib/serial_driver/serial_bridge
[18.711s] -- Up-to-date symlink: /home/tolasing/ros2_ws/install/serial_driver/include/serial_driver/serial_bridge_node.hpp
[18.711s] -- Up-to-date symlink: /home/tolasing/ros2_ws/install/serial_driver/include/serial_driver/serial_driver.hpp
[18.711s] -- Up-to-date symlink: /home/tolasing/ros2_ws/install/serial_driver/include/serial_driver/serial_port.hpp
[18.712s] -- Up-to-date symlink: /home/tolasing/ros2_ws/install/serial_driver/include/serial_driver/visibility_control.hpp
[18.712s] -- Up-to-date symlink: /home/tolasing/ros2_ws/install/serial_driver/share/serial_driver/environment/library_path.sh
[18.712s] -- Up-to-date symlink: /home/tolasing/ros2_ws/install/serial_driver/share/serial_driver/environment/library_path.dsv
[18.712s] -- Up-to-date symlink: /home/tolasing/ros2_ws/install/serial_driver/lib/libserial_driver.so
[18.712s] -- Up-to-date symlink: /home/tolasing/ros2_ws/install/serial_driver/lib/libserial_driver_nodes.so
[18.713s] -- Up-to-date symlink: /home/tolasing/ros2_ws/install/serial_driver/share/serial_driver/launch/serial_driver_bridge_node.launch.py
[18.713s] -- Up-to-date symlink: /home/tolasing/ros2_ws/install/serial_driver/share/serial_driver/params/example.params.yaml
[18.713s] -- Up-to-date symlink: /home/tolasing/ros2_ws/install/serial_driver/share/ament_index/resource_index/package_run_dependencies/serial_driver
[18.714s] -- Up-to-date symlink: /home/tolasing/ros2_ws/install/serial_driver/share/ament_index/resource_index/parent_prefix_path/serial_driver
[18.714s] -- Up-to-date symlink: /home/tolasing/ros2_ws/install/serial_driver/share/serial_driver/environment/ament_prefix_path.sh
[18.714s] -- Up-to-date symlink: /home/tolasing/ros2_ws/install/serial_driver/share/serial_driver/environment/ament_prefix_path.dsv
[18.714s] -- Up-to-date symlink: /home/tolasing/ros2_ws/install/serial_driver/share/serial_driver/environment/path.sh
[18.714s] -- Up-to-date symlink: /home/tolasing/ros2_ws/install/serial_driver/share/serial_driver/environment/path.dsv
[18.715s] -- Up-to-date symlink: /home/tolasing/ros2_ws/install/serial_driver/share/serial_driver/local_setup.bash
[18.715s] -- Up-to-date symlink: /home/tolasing/ros2_ws/install/serial_driver/share/serial_driver/local_setup.sh
[18.715s] -- Up-to-date symlink: /home/tolasing/ros2_ws/install/serial_driver/share/serial_driver/local_setup.zsh
[18.715s] -- Up-to-date symlink: /home/tolasing/ros2_ws/install/serial_driver/share/serial_driver/local_setup.dsv
[18.715s] -- Symlinking: /home/tolasing/ros2_ws/install/serial_driver/share/serial_driver/package.dsv
[18.727s] -- Up-to-date symlink: /home/tolasing/ros2_ws/install/serial_driver/share/ament_index/resource_index/packages/serial_driver
[18.727s] -- Up-to-date symlink: /home/tolasing/ros2_ws/install/serial_driver/share/ament_index/resource_index/rclcpp_components/serial_driver
[18.727s] -- Up-to-date symlink: /home/tolasing/ros2_ws/install/serial_driver/share/serial_driver/cmake/ament_cmake_export_dependencies-extras.cmake
[18.728s] -- Up-to-date symlink: /home/tolasing/ros2_ws/install/serial_driver/share/serial_driver/cmake/ament_cmake_export_include_directories-extras.cmake
[18.728s] -- Up-to-date symlink: /home/tolasing/ros2_ws/install/serial_driver/share/serial_driver/cmake/ament_cmake_export_libraries-extras.cmake
[18.728s] -- Up-to-date symlink: /home/tolasing/ros2_ws/install/serial_driver/share/serial_driver/cmake/serial_driverConfig.cmake
[18.728s] -- Up-to-date symlink: /home/tolasing/ros2_ws/install/serial_driver/share/serial_driver/cmake/serial_driverConfig-version.cmake
[18.729s] -- Up-to-date symlink: /home/tolasing/ros2_ws/install/serial_driver/share/serial_driver/package.xml
[18.736s] Invoked command in '/home/tolasing/ros2_ws/build/serial_driver' returned '0': CMAKE_PREFIX_PATH=/home/tolasing/ros2_ws/install/io_context:/home/tolasing/ros2_ws/install/asio_cmake_module:/home/tolasing/ros2_ws/src/cartographer:/usr/lib/x86_64-linux-gnu/libserial.so:/home/tolasing/ros2_ws/src/cartographer:/usr/lib/x86_64-linux-gnu/libserial.so:/home/tolasing/ros2_ws/install/serial_driver:/home/tolasing/ros2_ws/install/motor_control:/home/tolasing/ros2_ws/install/path_planner:/opt/ros/humble:/home/tolasing/ros2_ws/install/serial:/home/tolasing/ros2_ws/install/ros2_mapping:/home/tolasing/ros2_ws/install/prototype:/home/tolasing/ros2_ws/install/navigator_planner:/home/tolasing/ros2_ws/install/gazebo_sim:/home/tolasing/ros2_ws/install/articubot_one LD_LIBRARY_PATH=/home/tolasing/ros2_ws/install/io_context/lib:/usr/lib/x86_64-linux-gnu:/usr/lib/x86_64-linux-gnu:/home/tolasing/ros2_ws/install/serial_driver/lib:/home/tolasing/ros2_ws/install/motor_control/lib:/usr/lib/x86_64-linux-gnu/gazebo-11/plugins:/opt/ros/humble/opt/rviz_ogre_vendor/lib:/opt/ros/humble/lib/x86_64-linux-gnu:/opt/ros/humble/lib /usr/bin/cmake --install /home/tolasing/ros2_ws/build/serial_driver
