[0.033s] Invoking command in '/home/tolasing/ros2_ws/build/io_context': CMAKE_PREFIX_PATH=/home/tolasing/ros2_ws/install/asio_cmake_module:/home/tolasing/ros2_ws/src/cartographer:/usr/lib/x86_64-linux-gnu/libserial.so:/home/tolasing/ros2_ws/src/cartographer:/usr/lib/x86_64-linux-gnu/libserial.so:/home/tolasing/ros2_ws/install/serial_driver:/home/tolasing/ros2_ws/install/motor_control:/home/tolasing/ros2_ws/install/path_planner:/opt/ros/humble:/home/tolasing/ros2_ws/install/serial:/home/tolasing/ros2_ws/install/ros2_mapping:/home/tolasing/ros2_ws/install/prototype:/home/tolasing/ros2_ws/install/navigator_planner:/home/tolasing/ros2_ws/install/josh_path:/home/tolasing/ros2_ws/install/io_context:/home/tolasing/ros2_ws/install/gazebo_sim /usr/bin/cmake /home/tolasing/ros2_ws/src/transport_drivers/io_context -DAMENT_CMAKE_SYMLINK_INSTALL=1 -DCMAKE_INSTALL_PREFIX=/home/tolasing/ros2_ws/install/io_context
[0.498s] -- Found ament_cmake_auto: 1.3.3 (/opt/ros/humble/share/ament_cmake_auto/cmake)
[0.500s] -- Override CMake install command with custom implementation using symlinks instead of copying resources
[0.597s] -- Found rosidl_generator_c: 3.1.4 (/opt/ros/humble/share/rosidl_generator_c/cmake)
[0.602s] -- Found rosidl_adapter: 3.1.4 (/opt/ros/humble/share/rosidl_adapter/cmake)
[0.614s] -- Found rosidl_generator_cpp: 3.1.4 (/opt/ros/humble/share/rosidl_generator_cpp/cmake)
[0.639s] -- Using all available rosidl_typesupport_c: rosidl_typesupport_fastrtps_c;rosidl_typesupport_introspection_c
[0.682s] -- Using all available rosidl_typesupport_cpp: rosidl_typesupport_fastrtps_cpp;rosidl_typesupport_introspection_cpp
[0.825s] -- Found rmw_implementation_cmake: 6.1.1 (/opt/ros/humble/share/rmw_implementation_cmake/cmake)
[0.828s] -- Found rmw_fastrtps_cpp: 6.2.2 (/opt/ros/humble/share/rmw_fastrtps_cpp/cmake)
[1.092s] -- Using RMW implementation 'rmw_fastrtps_cpp' as default
[1.482s] -- Found ament_lint_auto: 0.12.5 (/opt/ros/humble/share/ament_lint_auto/cmake)
[1.495s] -- Found gtest sources under '/opt/ros/humble/src/gtest_vendor': C++ tests using 'Google Test' will be built
[1.513s] -- Added test 'copyright' to check source files copyright and LICENSE
[1.515s] -- Added test 'cppcheck' to perform static code analysis on C / C++ code
[1.516s] -- Configured cppcheck include dirs: /home/tolasing/ros2_ws/src/transport_drivers/io_context/include
[1.516s] -- Configured cppcheck exclude dirs and/or files: 
[1.518s] -- Added test 'cpplint' to check C / C++ code against the Google style
[1.519s] -- Configured cpplint exclude dirs and/or files: 
[1.519s] -- Added test 'lint_cmake' to check CMake code style
[1.521s] -- Added test 'uncrustify' to check C / C++ code style
[1.521s] -- Configured uncrustify additional arguments: 
[1.525s] -- Added test 'xmllint' to check XML markup files
[1.526s] -- Configuring done
[1.555s] -- Generating done
[1.565s] -- Build files have been written to: /home/tolasing/ros2_ws/build/io_context
[1.589s] Invoked command in '/home/tolasing/ros2_ws/build/io_context' returned '0': CMAKE_PREFIX_PATH=/home/tolasing/ros2_ws/install/asio_cmake_module:/home/tolasing/ros2_ws/src/cartographer:/usr/lib/x86_64-linux-gnu/libserial.so:/home/tolasing/ros2_ws/src/cartographer:/usr/lib/x86_64-linux-gnu/libserial.so:/home/tolasing/ros2_ws/install/serial_driver:/home/tolasing/ros2_ws/install/motor_control:/home/tolasing/ros2_ws/install/path_planner:/opt/ros/humble:/home/tolasing/ros2_ws/install/serial:/home/tolasing/ros2_ws/install/ros2_mapping:/home/tolasing/ros2_ws/install/prototype:/home/tolasing/ros2_ws/install/navigator_planner:/home/tolasing/ros2_ws/install/josh_path:/home/tolasing/ros2_ws/install/io_context:/home/tolasing/ros2_ws/install/gazebo_sim /usr/bin/cmake /home/tolasing/ros2_ws/src/transport_drivers/io_context -DAMENT_CMAKE_SYMLINK_INSTALL=1 -DCMAKE_INSTALL_PREFIX=/home/tolasing/ros2_ws/install/io_context
[1.590s] Invoking command in '/home/tolasing/ros2_ws/build/io_context': CMAKE_PREFIX_PATH=/home/tolasing/ros2_ws/install/asio_cmake_module:/home/tolasing/ros2_ws/src/cartographer:/usr/lib/x86_64-linux-gnu/libserial.so:/home/tolasing/ros2_ws/src/cartographer:/usr/lib/x86_64-linux-gnu/libserial.so:/home/tolasing/ros2_ws/install/serial_driver:/home/tolasing/ros2_ws/install/motor_control:/home/tolasing/ros2_ws/install/path_planner:/opt/ros/humble:/home/tolasing/ros2_ws/install/serial:/home/tolasing/ros2_ws/install/ros2_mapping:/home/tolasing/ros2_ws/install/prototype:/home/tolasing/ros2_ws/install/navigator_planner:/home/tolasing/ros2_ws/install/josh_path:/home/tolasing/ros2_ws/install/io_context:/home/tolasing/ros2_ws/install/gazebo_sim /usr/bin/cmake --build /home/tolasing/ros2_ws/build/io_context -- -j8 -l8
[1.708s] [35m[1mConsolidate compiler generated dependencies of target io_context[0m
[1.713s] [35m[1mConsolidate compiler generated dependencies of target gtest_main[0m
[1.742s] [35m[1mConsolidate compiler generated dependencies of target gtest[0m
[1.768s] [ 22%] Built target gtest
[1.776s] [ 44%] Built target gtest_main
[1.782s] [ 77%] Built target io_context
[1.798s] [35m[1mConsolidate compiler generated dependencies of target test_io_context[0m
[1.830s] [100%] Built target test_io_context
[1.847s] Invoked command in '/home/tolasing/ros2_ws/build/io_context' returned '0': CMAKE_PREFIX_PATH=/home/tolasing/ros2_ws/install/asio_cmake_module:/home/tolasing/ros2_ws/src/cartographer:/usr/lib/x86_64-linux-gnu/libserial.so:/home/tolasing/ros2_ws/src/cartographer:/usr/lib/x86_64-linux-gnu/libserial.so:/home/tolasing/ros2_ws/install/serial_driver:/home/tolasing/ros2_ws/install/motor_control:/home/tolasing/ros2_ws/install/path_planner:/opt/ros/humble:/home/tolasing/ros2_ws/install/serial:/home/tolasing/ros2_ws/install/ros2_mapping:/home/tolasing/ros2_ws/install/prototype:/home/tolasing/ros2_ws/install/navigator_planner:/home/tolasing/ros2_ws/install/josh_path:/home/tolasing/ros2_ws/install/io_context:/home/tolasing/ros2_ws/install/gazebo_sim /usr/bin/cmake --build /home/tolasing/ros2_ws/build/io_context -- -j8 -l8
[1.943s] Invoking command in '/home/tolasing/ros2_ws/build/io_context': CMAKE_PREFIX_PATH=/home/tolasing/ros2_ws/install/asio_cmake_module:/home/tolasing/ros2_ws/src/cartographer:/usr/lib/x86_64-linux-gnu/libserial.so:/home/tolasing/ros2_ws/src/cartographer:/usr/lib/x86_64-linux-gnu/libserial.so:/home/tolasing/ros2_ws/install/serial_driver:/home/tolasing/ros2_ws/install/motor_control:/home/tolasing/ros2_ws/install/path_planner:/opt/ros/humble:/home/tolasing/ros2_ws/install/serial:/home/tolasing/ros2_ws/install/ros2_mapping:/home/tolasing/ros2_ws/install/prototype:/home/tolasing/ros2_ws/install/navigator_planner:/home/tolasing/ros2_ws/install/josh_path:/home/tolasing/ros2_ws/install/io_context:/home/tolasing/ros2_ws/install/gazebo_sim /usr/bin/cmake --install /home/tolasing/ros2_ws/build/io_context
[1.961s] -- Install configuration: ""
[1.961s] -- Execute custom install script
[1.961s] -- Up-to-date symlink: /home/tolasing/ros2_ws/install/io_context/include/io_context/common.hpp
[1.961s] -- Up-to-date symlink: /home/tolasing/ros2_ws/install/io_context/include/io_context/io_context.hpp
[1.961s] -- Up-to-date symlink: /home/tolasing/ros2_ws/install/io_context/include/msg_converters/converters.hpp
[1.962s] -- Up-to-date symlink: /home/tolasing/ros2_ws/install/io_context/include/msg_converters/std_msgs.hpp
[1.962s] -- Up-to-date symlink: /home/tolasing/ros2_ws/install/io_context/include/msg_converters/udp_msgs.hpp
[1.962s] -- Up-to-date symlink: /home/tolasing/ros2_ws/install/io_context/share/io_context/environment/library_path.sh
[1.962s] -- Up-to-date symlink: /home/tolasing/ros2_ws/install/io_context/share/io_context/environment/library_path.dsv
[1.963s] -- Up-to-date symlink: /home/tolasing/ros2_ws/install/io_context/lib/libio_context.so
[1.963s] -- Up-to-date symlink: /home/tolasing/ros2_ws/install/io_context/share/ament_index/resource_index/package_run_dependencies/io_context
[1.963s] -- Up-to-date symlink: /home/tolasing/ros2_ws/install/io_context/share/ament_index/resource_index/parent_prefix_path/io_context
[1.964s] -- Up-to-date symlink: /home/tolasing/ros2_ws/install/io_context/share/io_context/environment/ament_prefix_path.sh
[1.964s] -- Up-to-date symlink: /home/tolasing/ros2_ws/install/io_context/share/io_context/environment/ament_prefix_path.dsv
[1.964s] -- Up-to-date symlink: /home/tolasing/ros2_ws/install/io_context/share/io_context/environment/path.sh
[1.964s] -- Up-to-date symlink: /home/tolasing/ros2_ws/install/io_context/share/io_context/environment/path.dsv
[1.965s] -- Up-to-date symlink: /home/tolasing/ros2_ws/install/io_context/share/io_context/local_setup.bash
[1.965s] -- Up-to-date symlink: /home/tolasing/ros2_ws/install/io_context/share/io_context/local_setup.sh
[1.965s] -- Up-to-date symlink: /home/tolasing/ros2_ws/install/io_context/share/io_context/local_setup.zsh
[1.965s] -- Up-to-date symlink: /home/tolasing/ros2_ws/install/io_context/share/io_context/local_setup.dsv
[1.966s] -- Symlinking: /home/tolasing/ros2_ws/install/io_context/share/io_context/package.dsv
[1.981s] -- Up-to-date symlink: /home/tolasing/ros2_ws/install/io_context/share/ament_index/resource_index/packages/io_context
[1.982s] -- Up-to-date symlink: /home/tolasing/ros2_ws/install/io_context/share/io_context/cmake/ament_cmake_export_dependencies-extras.cmake
[1.982s] -- Up-to-date symlink: /home/tolasing/ros2_ws/install/io_context/share/io_context/cmake/ament_cmake_export_include_directories-extras.cmake
[1.982s] -- Up-to-date symlink: /home/tolasing/ros2_ws/install/io_context/share/io_context/cmake/ament_cmake_export_libraries-extras.cmake
[1.982s] -- Up-to-date symlink: /home/tolasing/ros2_ws/install/io_context/share/io_context/cmake/io_contextConfig.cmake
[1.983s] -- Up-to-date symlink: /home/tolasing/ros2_ws/install/io_context/share/io_context/cmake/io_contextConfig-version.cmake
[1.983s] -- Up-to-date symlink: /home/tolasing/ros2_ws/install/io_context/share/io_context/package.xml
[2.003s] Invoked command in '/home/tolasing/ros2_ws/build/io_context' returned '0': CMAKE_PREFIX_PATH=/home/tolasing/ros2_ws/install/asio_cmake_module:/home/tolasing/ros2_ws/src/cartographer:/usr/lib/x86_64-linux-gnu/libserial.so:/home/tolasing/ros2_ws/src/cartographer:/usr/lib/x86_64-linux-gnu/libserial.so:/home/tolasing/ros2_ws/install/serial_driver:/home/tolasing/ros2_ws/install/motor_control:/home/tolasing/ros2_ws/install/path_planner:/opt/ros/humble:/home/tolasing/ros2_ws/install/serial:/home/tolasing/ros2_ws/install/ros2_mapping:/home/tolasing/ros2_ws/install/prototype:/home/tolasing/ros2_ws/install/navigator_planner:/home/tolasing/ros2_ws/install/josh_path:/home/tolasing/ros2_ws/install/io_context:/home/tolasing/ros2_ws/install/gazebo_sim /usr/bin/cmake --install /home/tolasing/ros2_ws/build/io_context
