[1.030s] Invoking command in '/home/tolasing/ros2_ws/build/path_planner': PYTHONPATH=/home/tolasing/ros2_ws/build/path_planner/prefix_override:/home/tolasing/ros2_ws/install/path_planner/lib/python3.10/site-packages:${PYTHONPATH} /usr/bin/python3 setup.py develop --uninstall --editable --build-directory /home/tolasing/ros2_ws/build/path_planner/build
[1.379s] running develop
[1.379s] /usr/lib/python3/dist-packages/setuptools/command/easy_install.py:158: EasyInstallDeprecationWarning: easy_install command is deprecated. Use build and pip and other standards-based tools.
[1.379s]   warnings.warn(
[1.382s] /usr/lib/python3/dist-packages/setuptools/command/install.py:34: SetuptoolsDeprecationWarning: setup.py install is deprecated. Use build and pip and other standards-based tools.
[1.382s]   warnings.warn(
[1.463s] /usr/lib/python3/dist-packages/pkg_resources/__init__.py:116: PkgResourcesDeprecationWarning: 1.16.0-unknown is an invalid version and will not be supported in a future release
[1.463s]   warnings.warn(
[1.463s] /usr/lib/python3/dist-packages/pkg_resources/__init__.py:116: PkgResourcesDeprecationWarning: 0.1.43ubuntu1 is an invalid version and will not be supported in a future release
[1.463s]   warnings.warn(
[1.463s] /usr/lib/python3/dist-packages/pkg_resources/__init__.py:116: PkgResourcesDeprecationWarning: 1.1build1 is an invalid version and will not be supported in a future release
[1.464s]   warnings.warn(
[1.610s] Removing /home/tolasing/ros2_ws/install/path_planner/lib/python3.10/site-packages/path-planner.egg-link (link to .)
[1.668s] Invoked command in '/home/tolasing/ros2_ws/build/path_planner' returned '0': PYTHONPATH=/home/tolasing/ros2_ws/build/path_planner/prefix_override:/home/tolasing/ros2_ws/install/path_planner/lib/python3.10/site-packages:${PYTHONPATH} /usr/bin/python3 setup.py develop --uninstall --editable --build-directory /home/tolasing/ros2_ws/build/path_planner/build
[1.670s] Invoking command in '/home/tolasing/ros2_ws/src/path_planner': PYTHONPATH=/home/tolasing/ros2_ws/build/path_planner/prefix_override:/home/tolasing/ros2_ws/install/path_planner/lib/python3.10/site-packages:${PYTHONPATH} /usr/bin/python3 setup.py egg_info --egg-base ../../build/path_planner build --build-base /home/tolasing/ros2_ws/build/path_planner/build install --record /home/tolasing/ros2_ws/build/path_planner/install.log --single-version-externally-managed
[2.007s] running egg_info
[2.008s] writing ../../build/path_planner/path_planner.egg-info/PKG-INFO
[2.009s] writing dependency_links to ../../build/path_planner/path_planner.egg-info/dependency_links.txt
[2.009s] writing entry points to ../../build/path_planner/path_planner.egg-info/entry_points.txt
[2.009s] writing requirements to ../../build/path_planner/path_planner.egg-info/requires.txt
[2.009s] writing top-level names to ../../build/path_planner/path_planner.egg-info/top_level.txt
[2.012s] reading manifest file '../../build/path_planner/path_planner.egg-info/SOURCES.txt'
[2.016s] writing manifest file '../../build/path_planner/path_planner.egg-info/SOURCES.txt'
[2.016s] running build
[2.016s] running build_py
[2.016s] running install
[2.016s] /usr/lib/python3/dist-packages/setuptools/command/install.py:34: SetuptoolsDeprecationWarning: setup.py install is deprecated. Use build and pip and other standards-based tools.
[2.017s]   warnings.warn(
[2.017s] running install_lib
[2.018s] creating /home/tolasing/ros2_ws/install/path_planner/lib/python3.10/site-packages/path_planner
[2.018s] copying /home/tolasing/ros2_ws/build/path_planner/build/lib/path_planner/__init__.py -> /home/tolasing/ros2_ws/install/path_planner/lib/python3.10/site-packages/path_planner
[2.019s] byte-compiling /home/tolasing/ros2_ws/install/path_planner/lib/python3.10/site-packages/path_planner/__init__.py to __init__.cpython-310.pyc
[2.019s] running install_data
[2.021s] running install_egg_info
[2.023s] Copying ../../build/path_planner/path_planner.egg-info to /home/tolasing/ros2_ws/install/path_planner/lib/python3.10/site-packages/path_planner-0.0.0-py3.10.egg-info
[2.024s] running install_scripts
[2.051s] Installing navigation_node script to /home/tolasing/ros2_ws/install/path_planner/lib/path_planner
[2.052s] writing list of installed files to '/home/tolasing/ros2_ws/build/path_planner/install.log'
[2.096s] Invoked command in '/home/tolasing/ros2_ws/src/path_planner' returned '0': PYTHONPATH=/home/tolasing/ros2_ws/build/path_planner/prefix_override:/home/tolasing/ros2_ws/install/path_planner/lib/python3.10/site-packages:${PYTHONPATH} /usr/bin/python3 setup.py egg_info --egg-base ../../build/path_planner build --build-base /home/tolasing/ros2_ws/build/path_planner/build install --record /home/tolasing/ros2_ws/build/path_planner/install.log --single-version-externally-managed
