[0.959s] Invoking command in '/home/tolasing/ros2_ws/build/path_planner': PYTHONPATH=/home/tolasing/ros2_ws/build/path_planner/prefix_override:/home/tolasing/ros2_ws/install/path_planner/lib/python3.10/site-packages:${PYTHONPATH} /usr/bin/python3 setup.py develop --editable --build-directory /home/tolasing/ros2_ws/build/path_planner/build --no-deps install_data
[1.259s] running develop
[1.260s] /usr/lib/python3/dist-packages/setuptools/command/easy_install.py:158: EasyInstallDeprecationWarning: easy_install command is deprecated. Use build and pip and other standards-based tools.
[1.261s]   warnings.warn(
[1.262s] /usr/lib/python3/dist-packages/setuptools/command/install.py:34: SetuptoolsDeprecationWarning: setup.py install is deprecated. Use build and pip and other standards-based tools.
[1.262s]   warnings.warn(
[1.332s] /usr/lib/python3/dist-packages/pkg_resources/__init__.py:116: PkgResourcesDeprecationWarning: 1.16.0-unknown is an invalid version and will not be supported in a future release
[1.333s]   warnings.warn(
[1.333s] /usr/lib/python3/dist-packages/pkg_resources/__init__.py:116: PkgResourcesDeprecationWarning: 0.1.43ubuntu1 is an invalid version and will not be supported in a future release
[1.333s]   warnings.warn(
[1.333s] /usr/lib/python3/dist-packages/pkg_resources/__init__.py:116: PkgResourcesDeprecationWarning: 1.1build1 is an invalid version and will not be supported in a future release
[1.333s]   warnings.warn(
[1.458s] running egg_info
[1.458s] writing path_planner.egg-info/PKG-INFO
[1.458s] writing dependency_links to path_planner.egg-info/dependency_links.txt
[1.458s] writing entry points to path_planner.egg-info/entry_points.txt
[1.459s] writing requirements to path_planner.egg-info/requires.txt
[1.459s] writing top-level names to path_planner.egg-info/top_level.txt
[1.460s] reading manifest file 'path_planner.egg-info/SOURCES.txt'
[1.461s] writing manifest file 'path_planner.egg-info/SOURCES.txt'
[1.463s] running build_ext
[1.463s] Creating /home/tolasing/ros2_ws/install/path_planner/lib/python3.10/site-packages/path-planner.egg-link (link to .)
[1.464s] Installing navigation_node script to /home/tolasing/ros2_ws/install/path_planner/lib/path_planner
[1.464s] 
[1.465s] Installed /home/tolasing/ros2_ws/build/path_planner
[1.465s] running install_data
[1.465s] copying launch/planner_server.launch.py -> /home/tolasing/ros2_ws/install/path_planner/share/path_planner/launch
[1.465s] copying config/nav_params.yaml -> /home/tolasing/ros2_ws/install/path_planner/share/path_planner/config
[1.465s] copying config/planner_server.yaml -> /home/tolasing/ros2_ws/install/path_planner/share/path_planner/config
[1.466s] copying config/bt_navigator.yaml -> /home/tolasing/ros2_ws/install/path_planner/share/path_planner/config
[1.507s] Invoked command in '/home/tolasing/ros2_ws/build/path_planner' returned '0': PYTHONPATH=/home/tolasing/ros2_ws/build/path_planner/prefix_override:/home/tolasing/ros2_ws/install/path_planner/lib/python3.10/site-packages:${PYTHONPATH} /usr/bin/python3 setup.py develop --editable --build-directory /home/tolasing/ros2_ws/build/path_planner/build --no-deps install_data
