[0.018s] Invoking command in '/home/tolasing/ros2_ws/build/cartographer': CMAKE_PREFIX_PATH=/home/tolasing/ros2_ws/src/cartographer:/usr/lib/x86_64-linux-gnu/libserial.so:/home/tolasing/ros2_ws/src/cartographer:/usr/lib/x86_64-linux-gnu/libserial.so:/home/tolasing/ros2_ws/install/serial_driver:/home/tolasing/ros2_ws/install/motor_control:/home/tolasing/ros2_ws/install/service_pkg:/home/tolasing/ros2_ws/install/nav2_project:/opt/ros/humble:/home/tolasing/ros2_ws/install/serial:/home/tolasing/ros2_ws/install/prototype:/home/tolasing/ros2_ws/install/nav2_course:/home/tolasing/ros2_ws/install/io_context:/home/tolasing/ros2_ws/install/asio_cmake_module /usr/bin/cmake /home/tolasing/ros2_ws/src/cartographer -DCMAKE_INSTALL_PREFIX=/home/tolasing/ros2_ws/install/cartographer
[0.113s] -- The C compiler identification is GNU 11.3.0
[0.226s] -- The CXX compiler identification is GNU 11.3.0
[0.243s] -- Detecting C compiler ABI info
[0.354s] -- Detecting C compiler ABI info - done
[0.362s] -- Check for working C compiler: /usr/bin/cc - skipped
[0.363s] -- Detecting C compile features
[0.363s] -- Detecting C compile features - done
[0.366s] -- Detecting CXX compiler ABI info
[0.469s] -- Detecting CXX compiler ABI info - done
[0.483s] -- Check for working CXX compiler: /usr/bin/c++ - skipped
[0.483s] -- Detecting CXX compile features
[0.483s] -- Detecting CXX compile features - done
[0.485s] -- Build type: Release
[0.513s] Files /home/tolasing/ros2_ws/build/cartographer/AllFiles.cmake and - differ
[0.767s] -- Found Python: /usr/bin/python3.10 (found version "3.10.6") found components: Interpreter 
[0.770s] -- Looking for pthread.h
[0.887s] -- Looking for pthread.h - found
[0.888s] -- Performing Test CMAKE_HAVE_LIBC_PTHREAD
[1.024s] -- Performing Test CMAKE_HAVE_LIBC_PTHREAD - Success
[1.026s] -- Found Threads: TRUE  
[1.033s] -- Found GMock: gmock_main  
[1.060s] -- Found Boost: /usr/lib/x86_64-linux-gnu/cmake/Boost-1.74.0/BoostConfig.cmake (found version "1.74.0") found components: iostreams 
[1.076s] -- Found required Ceres dependency: Eigen version 3.4.0 in /usr/include/eigen3
[1.084s] -- Found required Ceres dependency: glog
[1.084s] -- Found required Ceres dependency: gflags
[1.085s] -- Found Ceres version: 2.0.0 installed in: /usr with components: [EigenSparse, SparseLinearAlgebraLibrary, LAPACK, SuiteSparse, CXSparse, SchurSpecializations, Multithreading]
[1.099s] -- Found Lua: /usr/lib/x86_64-linux-gnu/liblua5.2.so;/usr/lib/x86_64-linux-gnu/libm.so (found version "5.2.4") 
[1.114s] -- Found Protobuf: /usr/local/lib/libprotobuf.a (found suitable version "3.4.0", minimum required is "3.0.0") 
[1.120s] -- Found PkgConfig: /usr/bin/pkg-config (found version "0.29.2") 
[1.121s] -- Checking for one of the modules 'cairo>=1.12.16'
[1.186s] -- Found Sphinx: /usr/bin/sphinx-build  
[1.238s] -- Configuring done
[1.558s] -- Generating done
[1.566s] -- Build files have been written to: /home/tolasing/ros2_ws/build/cartographer
[1.586s] Invoked command in '/home/tolasing/ros2_ws/build/cartographer' returned '0': CMAKE_PREFIX_PATH=/home/tolasing/ros2_ws/src/cartographer:/usr/lib/x86_64-linux-gnu/libserial.so:/home/tolasing/ros2_ws/src/cartographer:/usr/lib/x86_64-linux-gnu/libserial.so:/home/tolasing/ros2_ws/install/serial_driver:/home/tolasing/ros2_ws/install/motor_control:/home/tolasing/ros2_ws/install/service_pkg:/home/tolasing/ros2_ws/install/nav2_project:/opt/ros/humble:/home/tolasing/ros2_ws/install/serial:/home/tolasing/ros2_ws/install/prototype:/home/tolasing/ros2_ws/install/nav2_course:/home/tolasing/ros2_ws/install/io_context:/home/tolasing/ros2_ws/install/asio_cmake_module /usr/bin/cmake /home/tolasing/ros2_ws/src/cartographer -DCMAKE_INSTALL_PREFIX=/home/tolasing/ros2_ws/install/cartographer
[1.595s] Invoking command in '/home/tolasing/ros2_ws/build/cartographer': CMAKE_PREFIX_PATH=/home/tolasing/ros2_ws/src/cartographer:/usr/lib/x86_64-linux-gnu/libserial.so:/home/tolasing/ros2_ws/src/cartographer:/usr/lib/x86_64-linux-gnu/libserial.so:/home/tolasing/ros2_ws/install/serial_driver:/home/tolasing/ros2_ws/install/motor_control:/home/tolasing/ros2_ws/install/service_pkg:/home/tolasing/ros2_ws/install/nav2_project:/opt/ros/humble:/home/tolasing/ros2_ws/install/serial:/home/tolasing/ros2_ws/install/prototype:/home/tolasing/ros2_ws/install/nav2_course:/home/tolasing/ros2_ws/install/io_context:/home/tolasing/ros2_ws/install/asio_cmake_module /usr/bin/cmake --build /home/tolasing/ros2_ws/build/cartographer -- -j8 -l8
[1.671s] [  0%] [34m[1mRunning C++ protocol buffer compiler on /home/tolasing/ros2_ws/src/cartographer/cartographer/ground_truth/proto/relations.proto[0m
[1.671s] [  1%] [34m[1mRunning C++ protocol buffer compiler on /home/tolasing/ros2_ws/src/cartographer/cartographer/mapping/proto/connected_components.proto[0m
[1.671s] [  1%] [34m[1mRunning C++ protocol buffer compiler on /home/tolasing/ros2_ws/src/cartographer/cartographer/mapping/proto/cell_limits_2d.proto[0m
[1.672s] [  1%] [34m[1mRunning C++ protocol buffer compiler on /home/tolasing/ros2_ws/src/cartographer/cartographer/common/proto/ceres_solver_options.proto[0m
[1.676s] [  1%] [34m[1mRunning C++ protocol buffer compiler on /home/tolasing/ros2_ws/src/cartographer/cartographer/transform/proto/transform.proto[0m
[1.687s] [  1%] [34m[1mBuilding documentation.[0m
[1.688s] [  2%] [32mBuilding CXX object googletest/CMakeFiles/gtest.dir/src/gtest-all.cc.o[0m
[1.696s] [  2%] Built target cartographer_detect_changes
[1.699s] [  2%] [34m[1mRunning C++ protocol buffer compiler on /home/tolasing/ros2_ws/src/cartographer/cartographer/mapping/proto/grid_2d.proto[0m
[1.705s] [  2%] [34m[1mRunning C++ protocol buffer compiler on /home/tolasing/ros2_ws/src/cartographer/cartographer/mapping/proto/local_trajectory_builder_options_3d.proto[0m
[1.706s] [  2%] [34m[1mRunning C++ protocol buffer compiler on /home/tolasing/ros2_ws/src/cartographer/cartographer/mapping/proto/local_trajectory_builder_options_2d.proto[0m
[1.709s] [  2%] [34m[1mRunning C++ protocol buffer compiler on /home/tolasing/ros2_ws/src/cartographer/cartographer/mapping/proto/grid_2d_options.proto[0m
[1.712s] [  3%] [34m[1mRunning C++ protocol buffer compiler on /home/tolasing/ros2_ws/src/cartographer/cartographer/mapping/proto/hybrid_grid.proto[0m
[1.732s] [  3%] [34m[1mRunning C++ protocol buffer compiler on /home/tolasing/ros2_ws/src/cartographer/cartographer/mapping/proto/map_builder_options.proto[0m
[1.743s] [  4%] [34m[1mRunning C++ protocol buffer compiler on /home/tolasing/ros2_ws/src/cartographer/cartographer/mapping/proto/map_limits.proto[0m
[1.745s] [  4%] [34m[1mRunning C++ protocol buffer compiler on /home/tolasing/ros2_ws/src/cartographer/cartographer/mapping/proto/normal_estimation_options_2d.proto[0m
[1.749s] [  4%] [34m[1mRunning C++ protocol buffer compiler on /home/tolasing/ros2_ws/src/cartographer/cartographer/mapping/proto/motion_filter_options.proto[0m
[1.750s] [  4%] [34m[1mRunning C++ protocol buffer compiler on /home/tolasing/ros2_ws/src/cartographer/cartographer/mapping/proto/pose_extrapolator_options.proto[0m
[1.757s] [  5%] [34m[1mRunning C++ protocol buffer compiler on /home/tolasing/ros2_ws/src/cartographer/cartographer/mapping/proto/pose_graph.proto[0m
[1.758s] [  5%] [34m[1mRunning C++ protocol buffer compiler on /home/tolasing/ros2_ws/src/cartographer/cartographer/mapping/proto/pose_graph/constraint_builder_options.proto[0m
[1.771s] [  5%] [34m[1mRunning C++ protocol buffer compiler on /home/tolasing/ros2_ws/src/cartographer/cartographer/mapping/proto/pose_graph/optimization_problem_options.proto[0m
[1.783s] [  5%] [34m[1mRunning C++ protocol buffer compiler on /home/tolasing/ros2_ws/src/cartographer/cartographer/mapping/proto/pose_graph_options.proto[0m
[1.785s] [  5%] [34m[1mRunning C++ protocol buffer compiler on /home/tolasing/ros2_ws/src/cartographer/cartographer/mapping/proto/probability_grid_range_data_inserter_options_2d.proto[0m
[1.787s] [  6%] [34m[1mRunning C++ protocol buffer compiler on /home/tolasing/ros2_ws/src/cartographer/cartographer/mapping/proto/probability_grid.proto[0m
[1.795s] [  6%] [34m[1mRunning C++ protocol buffer compiler on /home/tolasing/ros2_ws/src/cartographer/cartographer/mapping/proto/range_data_inserter_options.proto[0m
[1.806s] [  6%] [34m[1mRunning C++ protocol buffer compiler on /home/tolasing/ros2_ws/src/cartographer/cartographer/mapping/proto/range_data_inserter_options_3d.proto[0m
[1.820s] [  7%] [34m[1mRunning C++ protocol buffer compiler on /home/tolasing/ros2_ws/src/cartographer/cartographer/mapping/proto/scan_matching/ceres_scan_matcher_options_2d.proto[0m
[1.820s] [  7%] [34m[1mRunning C++ protocol buffer compiler on /home/tolasing/ros2_ws/src/cartographer/cartographer/mapping/proto/scan_matching/ceres_scan_matcher_options_3d.proto[0m
[1.820s] [  7%] [34m[1mRunning C++ protocol buffer compiler on /home/tolasing/ros2_ws/src/cartographer/cartographer/mapping/proto/scan_matching/fast_correlative_scan_matcher_options_2d.proto[0m
[1.827s] [  7%] [34m[1mRunning C++ protocol buffer compiler on /home/tolasing/ros2_ws/src/cartographer/cartographer/mapping/proto/scan_matching/fast_correlative_scan_matcher_options_3d.proto[0m
[1.828s] [  8%] [34m[1mRunning C++ protocol buffer compiler on /home/tolasing/ros2_ws/src/cartographer/cartographer/mapping/proto/scan_matching/real_time_correlative_scan_matcher_options.proto[0m
[1.845s] [  8%] [34m[1mRunning C++ protocol buffer compiler on /home/tolasing/ros2_ws/src/cartographer/cartographer/mapping/proto/serialization.proto[0m
[1.846s] [  8%] [34m[1mRunning C++ protocol buffer compiler on /home/tolasing/ros2_ws/src/cartographer/cartographer/mapping/proto/submap.proto[0m
[1.847s] [  8%] [34m[1mRunning C++ protocol buffer compiler on /home/tolasing/ros2_ws/src/cartographer/cartographer/mapping/proto/submap_visualization.proto[0m
[1.854s] [  9%] [34m[1mRunning C++ protocol buffer compiler on /home/tolasing/ros2_ws/src/cartographer/cartographer/mapping/proto/submaps_options_2d.proto[0m
[1.856s] [  9%] [34m[1mRunning C++ protocol buffer compiler on /home/tolasing/ros2_ws/src/cartographer/cartographer/mapping/proto/trajectory.proto[0m
[1.856s] [  9%] [34m[1mRunning C++ protocol buffer compiler on /home/tolasing/ros2_ws/src/cartographer/cartographer/mapping/proto/submaps_options_3d.proto[0m
[1.871s] [ 10%] [34m[1mRunning C++ protocol buffer compiler on /home/tolasing/ros2_ws/src/cartographer/cartographer/mapping/proto/trajectory_node_data.proto[0m
[1.872s] [ 10%] [34m[1mRunning C++ protocol buffer compiler on /home/tolasing/ros2_ws/src/cartographer/cartographer/mapping/proto/trajectory_builder_options.proto[0m
[1.872s] [ 10%] [34m[1mRunning C++ protocol buffer compiler on /home/tolasing/ros2_ws/src/cartographer/cartographer/mapping/proto/tsdf_2d.proto[0m
[1.873s] [ 10%] [34m[1mRunning C++ protocol buffer compiler on /home/tolasing/ros2_ws/src/cartographer/cartographer/mapping/proto/tsdf_range_data_inserter_options_2d.proto[0m
[1.875s] [ 11%] [34m[1mRunning C++ protocol buffer compiler on /home/tolasing/ros2_ws/src/cartographer/cartographer/sensor/proto/adaptive_voxel_filter_options.proto[0m
[1.877s] [ 11%] [34m[1mRunning C++ protocol buffer compiler on /home/tolasing/ros2_ws/src/cartographer/cartographer/sensor/proto/sensor.proto[0m
[1.889s] [ 11%] [34m[1mRunning C++ protocol buffer compiler on /home/tolasing/ros2_ws/src/cartographer/cartographer/transform/proto/timestamped_transform.proto[0m
[2.001s] [ 12%] [32mBuilding CXX object CMakeFiles/cartographer.dir/cartographer/common/configuration_file_resolver.cc.o[0m
[2.005s] [ 12%] [32mBuilding CXX object CMakeFiles/cartographer.dir/cartographer/common/fixed_ratio_sampler.cc.o[0m
[2.005s] [ 12%] [32mBuilding CXX object CMakeFiles/cartographer.dir/cartographer/common/lua_parameter_dictionary.cc.o[0m
[2.005s] [ 13%] [32mBuilding CXX object CMakeFiles/cartographer.dir/cartographer/common/internal/testing/thread_pool_for_testing.cc.o[0m
[2.006s] [ 12%] [32mBuilding CXX object CMakeFiles/cartographer.dir/cartographer/common/histogram.cc.o[0m
[2.006s] [ 13%] [32mBuilding CXX object CMakeFiles/cartographer.dir/cartographer/common/internal/ceres_solver_options.cc.o[0m
[2.608s] [01mRunning Sphinx v4.3.2[39;49;00m
[3.271s] [01mmaking output directory... [39;49;00mdone
[3.310s] [01mbuilding [mo]: [39;49;00mtargets for 0 po files that are out of date
[3.324s] [01mbuilding [html]: [39;49;00mtargets for 6 source files that are out of date
[3.324s] [01mupdating environment: [39;49;00m[new config] 6 added, 0 changed, 0 removed
[3.620s] [01mreading sources... [39;49;00m[ 16%] [35mconfiguration[39;49;00m                                        
[3.658s] [01mreading sources... [39;49;00m[ 33%] [35mcost_functions[39;49;00m                                       
[3.728s] [01mreading sources... [39;49;00m[ 50%] [35mevaluation[39;49;00m                                           
[3.800s] [01mreading sources... [39;49;00m[ 66%] [35mindex[39;49;00m                                                
[3.820s] [01mreading sources... [39;49;00m[ 83%] [35mpbstream_migration[39;49;00m                                   
[3.858s] [01mreading sources... [39;49;00m[100%] [35mterminology[39;49;00m                                          
[3.858s] 
[3.861s] [01mlooking for now-outdated files... [39;49;00mnone found
[3.868s] [01mpickling environment... [39;49;00mdone
[3.871s] [01mchecking consistency... [39;49;00mdone
[3.877s] [01mpreparing documents... [39;49;00mdone
[4.152s] [01mwriting output... [39;49;00m[ 16%] [32mconfiguration[39;49;00m                                         
[4.210s] [01mwriting output... [39;49;00m[ 33%] [32mcost_functions[39;49;00m                                        
[4.349s] [01mwriting output... [39;49;00m[ 50%] [32mevaluation[39;49;00m                                            
[4.391s] [01mwriting output... [39;49;00m[ 66%] [32mindex[39;49;00m                                                 
[4.488s] [01mwriting output... [39;49;00m[ 83%] [32mpbstream_migration[39;49;00m                                    
[4.527s] [01mwriting output... [39;49;00m[100%] [32mterminology[39;49;00m                                           
[4.528s] 
[4.556s] [01mgenerating indices... [39;49;00mgenindex done
[4.592s] [01mwriting additional pages... [39;49;00msearch done
[4.594s] [01mcopying images... [39;49;00m[ 50%] [33mautogenerate_groundtruth.png[39;49;00m                          
[4.596s] [01mcopying images... [39;49;00m[100%] [33mhigh_level_system_overview.png[39;49;00m                        
[4.599s] 
[4.667s] [01mcopying static files... [39;49;00mdone
[4.670s] [01mcopying extra files... [39;49;00mdone
[4.680s] [01mdumping search index in English (code: en)... [39;49;00mdone
[4.684s] [01mdumping object inventory... [39;49;00mdone
[4.687s] [01mbuild succeeded.[39;49;00m
[4.689s] 
[4.691s] The HTML pages are in html.
[5.022s] [ 13%] Built target build_doc
[5.045s] [ 13%] [32mBuilding CXX object CMakeFiles/cartographer.dir/cartographer/common/task.cc.o[0m
[5.436s] [ 13%] [32mBuilding CXX object CMakeFiles/cartographer.dir/cartographer/common/thread_pool.cc.o[0m
[5.670s] [ 14%] [32mBuilding CXX object CMakeFiles/cartographer.dir/cartographer/common/time.cc.o[0m
[5.788s] [ 14%] [32mBuilding CXX object CMakeFiles/cartographer.dir/cartographer/ground_truth/autogenerate_ground_truth.cc.o[0m
[7.082s] [ 14%] [32mBuilding CXX object CMakeFiles/cartographer.dir/cartographer/ground_truth/relations_text_file.cc.o[0m
[7.402s] [ 14%] [32mBuilding CXX object CMakeFiles/cartographer.dir/cartographer/io/color.cc.o[0m
[8.069s] [ 15%] [32mBuilding CXX object CMakeFiles/cartographer.dir/cartographer/io/coloring_points_processor.cc.o[0m
[8.421s] [ 15%] [32mBuilding CXX object CMakeFiles/cartographer.dir/cartographer/io/counting_points_processor.cc.o[0m
[8.770s] [ 15%] [32mBuilding CXX object CMakeFiles/cartographer.dir/cartographer/io/draw_trajectories.cc.o[0m
[8.830s] [ 15%] [32mBuilding CXX object CMakeFiles/cartographer.dir/cartographer/io/file_writer.cc.o[0m
[12.196s] [ 16%] [32mBuilding CXX object CMakeFiles/cartographer.dir/cartographer/io/fixed_ratio_sampling_points_processor.cc.o[0m
[12.852s] [ 16%] [32mBuilding CXX object CMakeFiles/cartographer.dir/cartographer/io/frame_id_filtering_points_processor.cc.o[0m
[13.142s] [ 16%] [32mBuilding CXX object CMakeFiles/cartographer.dir/cartographer/io/hybrid_grid_points_processor.cc.o[0m
[13.392s] [ 16%] [32mBuilding CXX object CMakeFiles/cartographer.dir/cartographer/io/image.cc.o[0m
[15.497s] [ 17%] [32mBuilding CXX object CMakeFiles/cartographer.dir/cartographer/io/intensity_to_color_points_processor.cc.o[0m
[15.553s] [ 17%] [32mBuilding CXX object CMakeFiles/cartographer.dir/cartographer/io/internal/in_memory_proto_stream.cc.o[0m
[15.873s] [ 17%] [32mBuilding CXX object CMakeFiles/cartographer.dir/cartographer/io/internal/mapping_state_serialization.cc.o[0m
[19.059s] [ 18%] [32mBuilding CXX object CMakeFiles/cartographer.dir/cartographer/io/internal/pbstream_info.cc.o[0m
[20.162s] [ 18%] [32mBuilding CXX object CMakeFiles/cartographer.dir/cartographer/io/internal/pbstream_migrate.cc.o[0m
[20.822s] [ 18%] [32mBuilding CXX object CMakeFiles/cartographer.dir/cartographer/io/min_max_range_filtering_points_processor.cc.o[0m
[20.842s] [ 18%] [32mBuilding CXX object CMakeFiles/cartographer.dir/cartographer/io/outlier_removing_points_processor.cc.o[0m
[21.825s] [ 19%] [32mBuilding CXX object CMakeFiles/cartographer.dir/cartographer/io/pcd_writing_points_processor.cc.o[0m
[22.566s] [ 19%] [32mBuilding CXX object CMakeFiles/cartographer.dir/cartographer/io/ply_writing_points_processor.cc.o[0m
[24.773s] [ 19%] [32mBuilding CXX object CMakeFiles/cartographer.dir/cartographer/io/points_batch.cc.o[0m
[24.786s] [ 19%] [32mBuilding CXX object CMakeFiles/cartographer.dir/cartographer/io/points_processor_pipeline_builder.cc.o[0m
[25.542s] [ 20%] [32mBuilding CXX object CMakeFiles/cartographer.dir/cartographer/io/probability_grid_points_processor.cc.o[0m
[25.819s] [ 20%] [32m[1mLinking CXX static library ../lib/libgtest.a[0m
[26.194s] [ 20%] Built target gtest
[26.243s] [ 21%] [32mBuilding CXX object gmock/CMakeFiles/gmock.dir/src/gmock-all.cc.o[0m
[28.144s] [ 21%] [32mBuilding CXX object CMakeFiles/cartographer.dir/cartographer/io/proto_stream.cc.o[0m
[29.463s] [ 21%] [32mBuilding CXX object CMakeFiles/cartographer.dir/cartographer/io/proto_stream_deserializer.cc.o[0m
[30.618s] [ 21%] [32mBuilding CXX object CMakeFiles/cartographer.dir/cartographer/io/serialization_format_migration.cc.o[0m
[30.619s] [ 22%] [32mBuilding CXX object CMakeFiles/cartographer.dir/cartographer/io/submap_painter.cc.o[0m
[32.113s] [ 22%] [32mBuilding CXX object CMakeFiles/cartographer.dir/cartographer/io/vertical_range_filtering_points_processor.cc.o[0m
[33.881s] [ 22%] [32m[1mLinking CXX static library ../lib/libgmock.a[0m
[34.042s] [ 22%] Built target gmock
[34.110s] [ 22%] [32mBuilding CXX object gmock/CMakeFiles/gmock_main.dir/src/gmock_main.cc.o[0m
[34.402s] [ 22%] [32mBuilding CXX object CMakeFiles/cartographer.dir/cartographer/io/xray_points_processor.cc.o[0m
[35.296s] [ 22%] [32mBuilding CXX object CMakeFiles/cartographer.dir/cartographer/io/xyz_writing_points_processor.cc.o[0m
[36.782s] [ 22%] [32m[1mLinking CXX static library ../lib/libgmock_main.a[0m
[36.884s] [ 22%] Built target gmock_main
[36.897s] [ 23%] [32mBuilding CXX object CMakeFiles/cartographer.dir/cartographer/mapping/2d/grid_2d.cc.o[0m
[36.938s] [ 23%] [32mBuilding CXX object CMakeFiles/cartographer.dir/cartographer/mapping/2d/probability_grid.cc.o[0m
[37.141s] [ 23%] [32mBuilding CXX object CMakeFiles/cartographer.dir/cartographer/mapping/2d/probability_grid_range_data_inserter_2d.cc.o[0m
[39.799s] [ 23%] [32mBuilding CXX object CMakeFiles/cartographer.dir/cartographer/mapping/2d/submap_2d.cc.o[0m
[43.298s] [ 24%] [32mBuilding CXX object CMakeFiles/cartographer.dir/cartographer/mapping/3d/range_data_inserter_3d.cc.o[0m
[45.190s] [ 24%] [32mBuilding CXX object CMakeFiles/cartographer.dir/cartographer/mapping/detect_floors.cc.o[0m
[45.192s] [ 24%] [32mBuilding CXX object CMakeFiles/cartographer.dir/cartographer/mapping/3d/submap_3d.cc.o[0m
[45.288s] [ 24%] [32mBuilding CXX object CMakeFiles/cartographer.dir/cartographer/mapping/imu_tracker.cc.o[0m
[46.465s] [ 25%] [32mBuilding CXX object CMakeFiles/cartographer.dir/cartographer/mapping/internal/2d/local_slam_result_2d.cc.o[0m
[46.469s] [ 25%] [32mBuilding CXX object CMakeFiles/cartographer.dir/cartographer/mapping/internal/2d/local_trajectory_builder_2d.cc.o[0m
[48.792s] [ 25%] [32mBuilding CXX object CMakeFiles/cartographer.dir/cartographer/mapping/internal/2d/local_trajectory_builder_options_2d.cc.o[0m
[49.668s] [ 25%] [32mBuilding CXX object CMakeFiles/cartographer.dir/cartographer/mapping/internal/2d/normal_estimation_2d.cc.o[0m
[52.531s] [ 26%] [32mBuilding CXX object CMakeFiles/cartographer.dir/cartographer/mapping/internal/2d/overlapping_submaps_trimmer_2d.cc.o[0m
[52.539s] [ 26%] [32mBuilding CXX object CMakeFiles/cartographer.dir/cartographer/mapping/internal/2d/pose_graph_2d.cc.o[0m
[54.208s] [ 26%] [32mBuilding CXX object CMakeFiles/cartographer.dir/cartographer/mapping/internal/2d/ray_to_pixel_mask.cc.o[0m
[56.326s] [ 27%] [32mBuilding CXX object CMakeFiles/cartographer.dir/cartographer/mapping/internal/2d/scan_matching/ceres_scan_matcher_2d.cc.o[0m
[56.615s] [ 27%] [32mBuilding CXX object CMakeFiles/cartographer.dir/cartographer/mapping/internal/2d/scan_matching/correlative_scan_matcher_2d.cc.o[0m
[57.478s] [ 27%] [32mBuilding CXX object CMakeFiles/cartographer.dir/cartographer/mapping/internal/2d/scan_matching/fast_correlative_scan_matcher_2d.cc.o[0m
[59.664s] [ 27%] [32mBuilding CXX object CMakeFiles/cartographer.dir/cartographer/mapping/internal/2d/scan_matching/occupied_space_cost_function_2d.cc.o[0m
[61.090s] [ 28%] [32mBuilding CXX object CMakeFiles/cartographer.dir/cartographer/mapping/internal/2d/scan_matching/real_time_correlative_scan_matcher_2d.cc.o[0m
[61.342s] [ 28%] [32mBuilding CXX object CMakeFiles/cartographer.dir/cartographer/mapping/internal/2d/scan_matching/tsdf_match_cost_function_2d.cc.o[0m
[63.155s] [ 28%] [32mBuilding CXX object CMakeFiles/cartographer.dir/cartographer/mapping/internal/2d/tsd_value_converter.cc.o[0m
[64.443s] [ 28%] [32mBuilding CXX object CMakeFiles/cartographer.dir/cartographer/mapping/internal/2d/tsdf_2d.cc.o[0m
[65.209s] [ 29%] [32mBuilding CXX object CMakeFiles/cartographer.dir/cartographer/mapping/internal/2d/tsdf_range_data_inserter_2d.cc.o[0m
[66.828s] [ 29%] [32mBuilding CXX object CMakeFiles/cartographer.dir/cartographer/mapping/internal/3d/local_slam_result_3d.cc.o[0m
[68.679s] [ 29%] [32mBuilding CXX object CMakeFiles/cartographer.dir/cartographer/mapping/internal/3d/local_trajectory_builder_3d.cc.o[0m
[68.746s] [ 29%] [32mBuilding CXX object CMakeFiles/cartographer.dir/cartographer/mapping/internal/3d/local_trajectory_builder_options_3d.cc.o[0m
[71.611s] [ 30%] [32mBuilding CXX object CMakeFiles/cartographer.dir/cartographer/mapping/internal/3d/pose_graph_3d.cc.o[0m
[71.911s] [ 30%] [32mBuilding CXX object CMakeFiles/cartographer.dir/cartographer/mapping/internal/3d/scan_matching/ceres_scan_matcher_3d.cc.o[0m
[74.741s] [ 30%] [32mBuilding CXX object CMakeFiles/cartographer.dir/cartographer/mapping/internal/3d/scan_matching/fast_correlative_scan_matcher_3d.cc.o[0m
[76.373s] [ 30%] [32mBuilding CXX object CMakeFiles/cartographer.dir/cartographer/mapping/internal/3d/scan_matching/intensity_cost_function_3d.cc.o[0m
[76.998s] [ 31%] [32mBuilding CXX object CMakeFiles/cartographer.dir/cartographer/mapping/internal/3d/scan_matching/low_resolution_matcher.cc.o[0m
[77.344s] [ 31%] [32mBuilding CXX object CMakeFiles/cartographer.dir/cartographer/mapping/internal/3d/scan_matching/precomputation_grid_3d.cc.o[0m
[78.915s] [ 31%] [32mBuilding CXX object CMakeFiles/cartographer.dir/cartographer/mapping/internal/3d/scan_matching/real_time_correlative_scan_matcher_3d.cc.o[0m
