[0.000000] (-) TimerEvent: {}
[0.001684] (-) JobUnselected: {'identifier': 'imu_hw'}
[0.001851] (-) JobUnselected: {'identifier': 'imu_node'}
[0.001941] (-) JobUnselected: {'identifier': 'prototype'}
[0.002027] (-) JobUnselected: {'identifier': 'serial'}
[0.002121] (motor_control) JobQueued: {'identifier': 'motor_control', 'dependencies': OrderedDict([('serial', '/home/rock/robot_ws/install/serial')])}
[0.002257] (motor_control) JobStarted: {'identifier': 'motor_control'}
[0.055881] (motor_control) JobProgress: {'identifier': 'motor_control', 'progress': 'cmake'}
[0.058819] (motor_control) JobProgress: {'identifier': 'motor_control', 'progress': 'build'}
[0.062240] (motor_control) Command: {'cmd': ['/usr/bin/cmake', '--build', '/home/rock/robot_ws/build/motor_control', '--', '-j6', '-l6'], 'cwd': '/home/rock/robot_ws/build/motor_control', 'env': OrderedDict([('USER', 'rock'), ('SSH_CLIENT', '192.168.29.105 51450 22'), ('ROS_PACKAGE_PATH', '/home/rock/robot_ws/install/serial/share'), ('XDG_SESSION_TYPE', 'tty'), ('GIT_ASKPASS', '/home/rock/.vscode-server/bin/abd2f3db4bdb28f9e95536dfa84d8479f1eb312d/extensions/git/dist/askpass.sh'), ('SHLVL', '2'), ('LD_LIBRARY_PATH', '/home/rock/robot_ws/install/serial/lib:/opt/ros/foxy/opt/rviz_ogre_vendor/lib:/opt/ros/foxy/opt/yaml_cpp_vendor/lib:/opt/ros/foxy/lib/aarch64-linux-gnu:/opt/ros/foxy/lib'), ('BROWSER', '/home/rock/.vscode-server/bin/abd2f3db4bdb28f9e95536dfa84d8479f1eb312d/bin/helpers/browser.sh'), ('MOTD_SHOWN', 'pam'), ('HOME', '/home/rock'), ('OLDPWD', '/home/rock/robot_ws/src'), ('TERM_PROGRAM_VERSION', '1.82.2'), ('VSCODE_IPC_HOOK_CLI', '/run/user/1000/vscode-ipc-de38a85a-e1ea-495d-860b-b108ccd919ae.sock'), ('ROS_PYTHON_VERSION', '3'), ('VSCODE_GIT_ASKPASS_MAIN', '/home/rock/.vscode-server/bin/abd2f3db4bdb28f9e95536dfa84d8479f1eb312d/extensions/git/dist/askpass-main.js'), ('VSCODE_GIT_ASKPASS_NODE', '/home/rock/.vscode-server/bin/abd2f3db4bdb28f9e95536dfa84d8479f1eb312d/node'), ('DBUS_SESSION_BUS_ADDRESS', 'unix:path=/run/user/1000/bus'), ('COLORTERM', 'truecolor'), ('COLCON_PREFIX_PATH', '/home/rock/robot_ws/install'), ('ROS_DISTRO', 'foxy'), ('LOGNAME', 'rock'), ('_', '/usr/bin/colcon'), ('ROS_VERSION', '2'), ('PKG_CONFIG_PATH', '/home/rock/robot_ws/install/serial/lib/aarch64-linux-gnu/pkgconfig:/home/rock/robot_ws/install/serial/lib/pkgconfig'), ('XDG_SESSION_CLASS', 'user'), ('TERM', 'xterm-256color'), ('XDG_SESSION_ID', 'c1'), ('ROS_LOCALHOST_ONLY', '0'), ('PATH', '/opt/ros/foxy/bin:/home/rock/.vscode-server/bin/abd2f3db4bdb28f9e95536dfa84d8479f1eb312d/bin/remote-cli:/usr/local/sbin:/usr/local/bin:/usr/sbin:/usr/bin:/sbin:/bin:/usr/games:/usr/local/games:/snap/bin'), ('XDG_RUNTIME_DIR', '/run/user/1000'), ('LANG', 'en_US.UTF-8'), ('VSCODE_GIT_IPC_HANDLE', '/run/user/1000/vscode-git-9cf3c58726.sock'), ('TERM_PROGRAM', 'vscode'), ('AMENT_PREFIX_PATH', '/home/rock/robot_ws/install/imu_node:/home/rock/robot_ws/install/serial:/opt/ros/foxy'), ('SHELL', '/bin/bash'), ('VSCODE_GIT_ASKPASS_EXTRA_ARGS', ''), ('PWD', '/home/rock/robot_ws/build/motor_control'), ('LC_ALL', 'en_US.UTF-8'), ('SSH_CONNECTION', '192.168.29.105 51450 192.168.29.237 22'), ('PYTHONPATH', '/opt/ros/foxy/lib/python3.8/site-packages'), ('COLCON', '1'), ('CMAKE_PREFIX_PATH', '/opt/ros/foxy:/home/rock/robot_ws/install/serial:/home/rock/robot_ws/install/imu_node')]), 'shell': False}
[0.098389] (-) TimerEvent: {}
[0.159843] (motor_control) StdoutLine: {'line': b'-- Found ament_cmake: 0.9.12 (/opt/ros/foxy/share/ament_cmake/cmake)\n'}
[0.198600] (-) TimerEvent: {}
[0.220885] (motor_control) StdoutLine: {'line': b'-- Using PYTHON_EXECUTABLE: /usr/bin/python3\n'}
[0.298838] (-) TimerEvent: {}
[0.400458] (-) TimerEvent: {}
[0.501321] (-) TimerEvent: {}
[0.602134] (-) TimerEvent: {}
[0.702951] (-) TimerEvent: {}
[0.803724] (-) TimerEvent: {}
[0.822434] (motor_control) StdoutLine: {'line': b'-- Found hardware_interface: 0.11.0 (/opt/ros/foxy/share/hardware_interface/cmake)\n'}
[0.888473] (motor_control) StdoutLine: {'line': b'-- Using all available rosidl_typesupport_c: rosidl_typesupport_fastrtps_c;rosidl_typesupport_introspection_c\n'}
[0.901300] (motor_control) StdoutLine: {'line': b'-- Found rosidl_adapter: 1.3.1 (/opt/ros/foxy/share/rosidl_adapter/cmake)\n'}
[0.903850] (-) TimerEvent: {}
[1.005027] (-) TimerEvent: {}
[1.106588] (-) TimerEvent: {}
[1.204925] (motor_control) StdoutLine: {'line': b'-- Using all available rosidl_typesupport_cpp: rosidl_typesupport_fastrtps_cpp;rosidl_typesupport_introspection_cpp\n'}
[1.207201] (-) TimerEvent: {}
[1.308569] (-) TimerEvent: {}
[1.410674] (-) TimerEvent: {}
[1.512890] (-) TimerEvent: {}
[1.615334] (-) TimerEvent: {}
[1.717384] (-) TimerEvent: {}
[1.819604] (-) TimerEvent: {}
[1.921732] (-) TimerEvent: {}
[2.023979] (-) TimerEvent: {}
[2.126472] (-) TimerEvent: {}
[2.228660] (-) TimerEvent: {}
[2.330745] (-) TimerEvent: {}
[2.432465] (-) TimerEvent: {}
[2.534016] (-) TimerEvent: {}
[2.636385] (-) TimerEvent: {}
[2.738440] (-) TimerEvent: {}
[2.840699] (-) TimerEvent: {}
[2.942848] (-) TimerEvent: {}
[3.045085] (-) TimerEvent: {}
[3.085900] (motor_control) StdoutLine: {'line': b'-- Found rclcpp: 2.4.3 (/opt/ros/foxy/share/rclcpp/cmake)\n'}
[3.145303] (-) TimerEvent: {}
[3.216912] (motor_control) StdoutLine: {'line': b'-- Found rmw_implementation_cmake: 1.0.4 (/opt/ros/foxy/share/rmw_implementation_cmake/cmake)\n'}
[3.222648] (motor_control) StdoutLine: {'line': b"-- Using RMW implementation 'rmw_fastrtps_cpp' as default\n"}
[3.245940] (-) TimerEvent: {}
[3.348409] (-) TimerEvent: {}
[3.450527] (-) TimerEvent: {}
[3.552685] (-) TimerEvent: {}
[3.653511] (-) TimerEvent: {}
[3.754355] (-) TimerEvent: {}
[3.755253] (motor_control) StdoutLine: {'line': b'-- Found rclcpp_lifecycle: 2.4.3 (/opt/ros/foxy/share/rclcpp_lifecycle/cmake)\n'}
[3.854615] (-) TimerEvent: {}
[3.860527] (motor_control) StdoutLine: {'line': b'-- Found serial: 1.2.1 (/home/rock/robot_ws/install/serial/share/serial/cmake)\n'}
[3.921478] (motor_control) StdoutLine: {'line': b'-- Found ament_cmake_gtest: 0.9.12 (/opt/ros/foxy/share/ament_cmake_gtest/cmake)\n'}
[3.954792] (-) TimerEvent: {}
[4.056234] (-) TimerEvent: {}
[4.157748] (-) TimerEvent: {}
[4.176910] (motor_control) StdoutLine: {'line': b'-- Configuring done\n'}
[4.252725] (motor_control) StdoutLine: {'line': b'-- Generating done\n'}
[4.258272] (-) TimerEvent: {}
[4.261060] (motor_control) StdoutLine: {'line': b'-- Build files have been written to: /home/rock/robot_ws/build/motor_control\n'}
[4.354384] (motor_control) StdoutLine: {'line': b'\x1b[35m\x1b[1mScanning dependencies of target motor_control\x1b[0m\n'}
[4.360557] (-) TimerEvent: {}
[4.424835] (motor_control) StdoutLine: {'line': b'[ 25%] \x1b[32mBuilding CXX object CMakeFiles/motor_control.dir/src/comms.cpp.o\x1b[0m\n'}
[4.447975] (motor_control) StdoutLine: {'line': b'[ 50%] \x1b[32mBuilding CXX object CMakeFiles/motor_control.dir/src/motor_interface.cpp.o\x1b[0m\n'}
[4.450291] (motor_control) StdoutLine: {'line': b'[ 75%] \x1b[32mBuilding CXX object CMakeFiles/motor_control.dir/src/wheel.cpp.o\x1b[0m\n'}
[4.460889] (-) TimerEvent: {}
[4.562694] (-) TimerEvent: {}
[4.664290] (-) TimerEvent: {}
[4.765703] (-) TimerEvent: {}
[4.867116] (-) TimerEvent: {}
[4.968782] (-) TimerEvent: {}
[5.070401] (-) TimerEvent: {}
[5.171916] (-) TimerEvent: {}
[5.273662] (-) TimerEvent: {}
[5.375492] (-) TimerEvent: {}
[5.477296] (-) TimerEvent: {}
[5.579023] (-) TimerEvent: {}
[5.680912] (-) TimerEvent: {}
[5.783455] (-) TimerEvent: {}
[5.886221] (-) TimerEvent: {}
[5.988760] (-) TimerEvent: {}
[6.091310] (-) TimerEvent: {}
[6.193751] (-) TimerEvent: {}
[6.295958] (-) TimerEvent: {}
[6.398296] (-) TimerEvent: {}
[6.500643] (-) TimerEvent: {}
[6.602949] (-) TimerEvent: {}
[6.704743] (-) TimerEvent: {}
[6.806279] (-) TimerEvent: {}
[6.907828] (-) TimerEvent: {}
[7.009554] (-) TimerEvent: {}
[7.111943] (-) TimerEvent: {}
[7.214520] (-) TimerEvent: {}
[7.316616] (-) TimerEvent: {}
[7.418422] (-) TimerEvent: {}
[7.519927] (-) TimerEvent: {}
[7.622504] (-) TimerEvent: {}
[7.724765] (-) TimerEvent: {}
[7.827384] (-) TimerEvent: {}
[7.929645] (-) TimerEvent: {}
[8.031960] (-) TimerEvent: {}
[8.134522] (-) TimerEvent: {}
[8.237596] (-) TimerEvent: {}
[8.340286] (-) TimerEvent: {}
[8.442287] (-) TimerEvent: {}
[8.544928] (-) TimerEvent: {}
[8.648739] (-) TimerEvent: {}
[8.752522] (-) TimerEvent: {}
[8.856031] (-) TimerEvent: {}
[8.959661] (-) TimerEvent: {}
[9.062155] (-) TimerEvent: {}
[9.164692] (-) TimerEvent: {}
[9.266998] (-) TimerEvent: {}
[9.369388] (-) TimerEvent: {}
[9.471701] (-) TimerEvent: {}
[9.573931] (-) TimerEvent: {}
[9.677868] (-) TimerEvent: {}
[9.781708] (-) TimerEvent: {}
[9.884327] (-) TimerEvent: {}
[9.986546] (-) TimerEvent: {}
[10.088913] (-) TimerEvent: {}
[10.191311] (-) TimerEvent: {}
[10.293873] (-) TimerEvent: {}
[10.396106] (-) TimerEvent: {}
[10.498683] (-) TimerEvent: {}
[10.554446] (motor_control) StderrLine: {'line': b'\x1b[01m\x1b[K/home/rock/robot_ws/src/motor_control/src/comms.cpp:\x1b[m\x1b[K In member function \xe2\x80\x98\x1b[01m\x1b[Kvoid Comms::readEncoderValues(int&, int&)\x1b[m\x1b[K\xe2\x80\x99:\n'}
[10.557229] (motor_control) StderrLine: {'line': b'\x1b[01m\x1b[K/home/rock/robot_ws/src/motor_control/src/comms.cpp:32:16:\x1b[m\x1b[K \x1b[01;35m\x1b[Kwarning: \x1b[m\x1b[Kunused variable \xe2\x80\x98\x1b[01m\x1b[Kwrite_count\x1b[m\x1b[K\xe2\x80\x99 [\x1b[01;35m\x1b[K-Wunused-variable\x1b[m\x1b[K]\n'}
[10.559427] (motor_control) StderrLine: {'line': b'   32 |     static int \x1b[01;35m\x1b[Kwrite_count\x1b[m\x1b[K=0;\n'}
[10.561563] (motor_control) StderrLine: {'line': b'      |                \x1b[01;35m\x1b[K^~~~~~~~~~~\x1b[m\x1b[K\n'}
[10.599136] (-) TimerEvent: {}
[10.701567] (-) TimerEvent: {}
[10.805524] (-) TimerEvent: {}
[10.907896] (-) TimerEvent: {}
[11.010497] (-) TimerEvent: {}
[11.029156] (motor_control) StderrLine: {'line': b'\x1b[01m\x1b[K/home/rock/robot_ws/src/motor_control/src/motor_interface.cpp:\x1b[m\x1b[K In member function \xe2\x80\x98\x1b[01m\x1b[Kvirtual hardware_interface::return_type motor_control::MotorControl::write()\x1b[m\x1b[K\xe2\x80\x99:\n'}
[11.031713] (motor_control) StderrLine: {'line': b'\x1b[01m\x1b[K/home/rock/robot_ws/src/motor_control/src/motor_interface.cpp:124:20:\x1b[m\x1b[K \x1b[01;35m\x1b[Kwarning: \x1b[m\x1b[Kunused variable \xe2\x80\x98\x1b[01m\x1b[Kwrite_count\x1b[m\x1b[K\xe2\x80\x99 [\x1b[01;35m\x1b[K-Wunused-variable\x1b[m\x1b[K]\n'}
[11.033979] (motor_control) StderrLine: {'line': b'  124 |         static int \x1b[01;35m\x1b[Kwrite_count\x1b[m\x1b[K=0;\n'}
[11.036106] (motor_control) StderrLine: {'line': b'      |                    \x1b[01;35m\x1b[K^~~~~~~~~~~\x1b[m\x1b[K\n'}
[11.111112] (-) TimerEvent: {}
[11.214876] (-) TimerEvent: {}
[11.318645] (-) TimerEvent: {}
[11.422623] (-) TimerEvent: {}
[11.526468] (-) TimerEvent: {}
[11.630402] (-) TimerEvent: {}
[11.734124] (-) TimerEvent: {}
[11.838010] (-) TimerEvent: {}
[11.940584] (-) TimerEvent: {}
[12.042985] (-) TimerEvent: {}
[12.145678] (-) TimerEvent: {}
[12.176153] (motor_control) StderrLine: {'line': b'\x1b[01m\x1b[K/home/rock/robot_ws/src/motor_control/src/comms.cpp:\x1b[m\x1b[K At global scope:\n'}
[12.178943] (motor_control) StderrLine: {'line': b'\x1b[01m\x1b[K/home/rock/robot_ws/src/motor_control/src/comms.cpp:32:16:\x1b[m\x1b[K \x1b[01;35m\x1b[Kwarning: \x1b[m\x1b[K\xe2\x80\x98\x1b[01m\x1b[Kwrite_count\x1b[m\x1b[K\xe2\x80\x99 defined but not used [\x1b[01;35m\x1b[K-Wunused-variable\x1b[m\x1b[K]\n'}
[12.246535] (-) TimerEvent: {}
[12.350549] (-) TimerEvent: {}
[12.452819] (-) TimerEvent: {}
[12.554902] (-) TimerEvent: {}
[12.657428] (-) TimerEvent: {}
[12.759654] (-) TimerEvent: {}
[12.862033] (-) TimerEvent: {}
[12.964554] (-) TimerEvent: {}
[13.066826] (-) TimerEvent: {}
[13.169349] (-) TimerEvent: {}
[13.271601] (-) TimerEvent: {}
[13.374028] (-) TimerEvent: {}
[13.476338] (-) TimerEvent: {}
[13.577943] (-) TimerEvent: {}
[13.680473] (-) TimerEvent: {}
[13.782744] (-) TimerEvent: {}
[13.885039] (-) TimerEvent: {}
[13.986097] (motor_control) StderrLine: {'line': b'\x1b[01m\x1b[K/home/rock/robot_ws/src/motor_control/src/motor_interface.cpp:\x1b[m\x1b[K At global scope:\n'}
[13.986865] (-) TimerEvent: {}
[13.987362] (motor_control) StderrLine: {'line': b'\x1b[01m\x1b[K/home/rock/robot_ws/src/motor_control/src/motor_interface.cpp:124:20:\x1b[m\x1b[K \x1b[01;35m\x1b[Kwarning: \x1b[m\x1b[K\xe2\x80\x98\x1b[01m\x1b[Kwrite_count\x1b[m\x1b[K\xe2\x80\x99 defined but not used [\x1b[01;35m\x1b[K-Wunused-variable\x1b[m\x1b[K]\n'}
[14.087158] (-) TimerEvent: {}
[14.188027] (-) TimerEvent: {}
[14.289033] (-) TimerEvent: {}
[14.389958] (-) TimerEvent: {}
[14.490895] (-) TimerEvent: {}
[14.591724] (-) TimerEvent: {}
[14.692576] (-) TimerEvent: {}
[14.793409] (-) TimerEvent: {}
[14.894302] (-) TimerEvent: {}
[14.995075] (-) TimerEvent: {}
[15.095944] (-) TimerEvent: {}
[15.196747] (-) TimerEvent: {}
[15.297619] (-) TimerEvent: {}
[15.398346] (-) TimerEvent: {}
[15.499222] (-) TimerEvent: {}
[15.599978] (-) TimerEvent: {}
[15.700859] (-) TimerEvent: {}
[15.801787] (-) TimerEvent: {}
[15.902538] (-) TimerEvent: {}
[16.003336] (-) TimerEvent: {}
[16.104269] (-) TimerEvent: {}
[16.205089] (-) TimerEvent: {}
[16.222785] (motor_control) StdoutLine: {'line': b'[100%] \x1b[32m\x1b[1mLinking CXX shared library libmotor_control.so\x1b[0m\n'}
[16.305408] (-) TimerEvent: {}
[16.407320] (-) TimerEvent: {}
[16.509151] (-) TimerEvent: {}
[16.610924] (-) TimerEvent: {}
[16.712823] (-) TimerEvent: {}
[16.813816] (-) TimerEvent: {}
[16.914774] (-) TimerEvent: {}
[17.012260] (motor_control) StdoutLine: {'line': b'[100%] Built target motor_control\n'}
[17.016993] (-) TimerEvent: {}
[17.053266] (motor_control) CommandEnded: {'returncode': 0}
[17.116795] (-) TimerEvent: {}
[17.144689] (motor_control) JobProgress: {'identifier': 'motor_control', 'progress': 'install'}
[17.181606] (motor_control) Command: {'cmd': ['/usr/bin/cmake', '--install', '/home/rock/robot_ws/build/motor_control'], 'cwd': '/home/rock/robot_ws/build/motor_control', 'env': OrderedDict([('USER', 'rock'), ('SSH_CLIENT', '192.168.29.105 51450 22'), ('ROS_PACKAGE_PATH', '/home/rock/robot_ws/install/serial/share'), ('XDG_SESSION_TYPE', 'tty'), ('GIT_ASKPASS', '/home/rock/.vscode-server/bin/abd2f3db4bdb28f9e95536dfa84d8479f1eb312d/extensions/git/dist/askpass.sh'), ('SHLVL', '2'), ('LD_LIBRARY_PATH', '/home/rock/robot_ws/install/serial/lib:/opt/ros/foxy/opt/rviz_ogre_vendor/lib:/opt/ros/foxy/opt/yaml_cpp_vendor/lib:/opt/ros/foxy/lib/aarch64-linux-gnu:/opt/ros/foxy/lib'), ('BROWSER', '/home/rock/.vscode-server/bin/abd2f3db4bdb28f9e95536dfa84d8479f1eb312d/bin/helpers/browser.sh'), ('MOTD_SHOWN', 'pam'), ('HOME', '/home/rock'), ('OLDPWD', '/home/rock/robot_ws/src'), ('TERM_PROGRAM_VERSION', '1.82.2'), ('VSCODE_IPC_HOOK_CLI', '/run/user/1000/vscode-ipc-de38a85a-e1ea-495d-860b-b108ccd919ae.sock'), ('ROS_PYTHON_VERSION', '3'), ('VSCODE_GIT_ASKPASS_MAIN', '/home/rock/.vscode-server/bin/abd2f3db4bdb28f9e95536dfa84d8479f1eb312d/extensions/git/dist/askpass-main.js'), ('VSCODE_GIT_ASKPASS_NODE', '/home/rock/.vscode-server/bin/abd2f3db4bdb28f9e95536dfa84d8479f1eb312d/node'), ('DBUS_SESSION_BUS_ADDRESS', 'unix:path=/run/user/1000/bus'), ('COLORTERM', 'truecolor'), ('COLCON_PREFIX_PATH', '/home/rock/robot_ws/install'), ('ROS_DISTRO', 'foxy'), ('LOGNAME', 'rock'), ('_', '/usr/bin/colcon'), ('ROS_VERSION', '2'), ('PKG_CONFIG_PATH', '/home/rock/robot_ws/install/serial/lib/aarch64-linux-gnu/pkgconfig:/home/rock/robot_ws/install/serial/lib/pkgconfig'), ('XDG_SESSION_CLASS', 'user'), ('TERM', 'xterm-256color'), ('XDG_SESSION_ID', 'c1'), ('ROS_LOCALHOST_ONLY', '0'), ('PATH', '/opt/ros/foxy/bin:/home/rock/.vscode-server/bin/abd2f3db4bdb28f9e95536dfa84d8479f1eb312d/bin/remote-cli:/usr/local/sbin:/usr/local/bin:/usr/sbin:/usr/bin:/sbin:/bin:/usr/games:/usr/local/games:/snap/bin'), ('XDG_RUNTIME_DIR', '/run/user/1000'), ('LANG', 'en_US.UTF-8'), ('VSCODE_GIT_IPC_HANDLE', '/run/user/1000/vscode-git-9cf3c58726.sock'), ('TERM_PROGRAM', 'vscode'), ('AMENT_PREFIX_PATH', '/home/rock/robot_ws/install/imu_node:/home/rock/robot_ws/install/serial:/opt/ros/foxy'), ('SHELL', '/bin/bash'), ('VSCODE_GIT_ASKPASS_EXTRA_ARGS', ''), ('PWD', '/home/rock/robot_ws/build/motor_control'), ('LC_ALL', 'en_US.UTF-8'), ('SSH_CONNECTION', '192.168.29.105 51450 192.168.29.237 22'), ('PYTHONPATH', '/opt/ros/foxy/lib/python3.8/site-packages'), ('COLCON', '1'), ('CMAKE_PREFIX_PATH', '/opt/ros/foxy:/home/rock/robot_ws/install/serial:/home/rock/robot_ws/install/imu_node')]), 'shell': False}
[17.212334] (motor_control) StdoutLine: {'line': b'-- Install configuration: ""\n'}
[17.222287] (-) TimerEvent: {}
[17.224496] (motor_control) StdoutLine: {'line': b'-- Installing: /home/rock/robot_ws/install/motor_control/share/motor_control/motor_interface.xml\n'}
[17.229220] (motor_control) StdoutLine: {'line': b'-- Installing: /home/rock/robot_ws/install/motor_control/lib/libmotor_control.so\n'}
[17.230852] (motor_control) StdoutLine: {'line': b'-- Set runtime path of "/home/rock/robot_ws/install/motor_control/lib/libmotor_control.so" to ""\n'}
[17.231472] (motor_control) StdoutLine: {'line': b'-- Installing: /home/rock/robot_ws/install/motor_control/include\n'}
[17.232026] (motor_control) StdoutLine: {'line': b'-- Installing: /home/rock/robot_ws/install/motor_control/include/motor_control\n'}
[17.232698] (motor_control) StdoutLine: {'line': b'-- Installing: /home/rock/robot_ws/install/motor_control/include/motor_control/comms.h\n'}
[17.233739] (motor_control) StdoutLine: {'line': b'-- Installing: /home/rock/robot_ws/install/motor_control/include/motor_control/wheel.h\n'}
[17.234323] (motor_control) StdoutLine: {'line': b'-- Installing: /home/rock/robot_ws/install/motor_control/include/motor_control/motor_interface.hpp\n'}
[17.234703] (motor_control) StdoutLine: {'line': b'-- Installing: /home/rock/robot_ws/install/motor_control/include/motor_control/config.h\n'}
[17.236322] (motor_control) StdoutLine: {'line': b'-- Installing: /home/rock/robot_ws/install/motor_control/share/motor_control//launch\n'}
[17.237693] (motor_control) StdoutLine: {'line': b'-- Installing: /home/rock/robot_ws/install/motor_control/share/motor_control//launch/motor_launch.py\n'}
[17.241152] (motor_control) StdoutLine: {'line': b'-- Installing: /home/rock/robot_ws/install/motor_control/share/motor_control//config\n'}
[17.243956] (motor_control) StdoutLine: {'line': b'-- Installing: /home/rock/robot_ws/install/motor_control/share/motor_control//config/controller_config.yaml\n'}
[17.249587] (motor_control) StdoutLine: {'line': b'-- Installing: /home/rock/robot_ws/install/motor_control/share/motor_control/environment/library_path.sh\n'}
[17.251030] (motor_control) StdoutLine: {'line': b'-- Installing: /home/rock/robot_ws/install/motor_control/share/motor_control/environment/library_path.dsv\n'}
[17.252758] (motor_control) StdoutLine: {'line': b'-- Installing: /home/rock/robot_ws/install/motor_control/share/ament_index/resource_index/package_run_dependencies/motor_control\n'}
[17.261858] (motor_control) StdoutLine: {'line': b'-- Installing: /home/rock/robot_ws/install/motor_control/share/ament_index/resource_index/parent_prefix_path/motor_control\n'}
[17.264007] (motor_control) StdoutLine: {'line': b'-- Installing: /home/rock/robot_ws/install/motor_control/share/motor_control/environment/ament_prefix_path.sh\n'}
[17.266357] (motor_control) StdoutLine: {'line': b'-- Installing: /home/rock/robot_ws/install/motor_control/share/motor_control/environment/ament_prefix_path.dsv\n'}
[17.267899] (motor_control) StdoutLine: {'line': b'-- Installing: /home/rock/robot_ws/install/motor_control/share/motor_control/environment/path.sh\n'}
[17.269900] (motor_control) StdoutLine: {'line': b'-- Installing: /home/rock/robot_ws/install/motor_control/share/motor_control/environment/path.dsv\n'}
[17.271985] (motor_control) StdoutLine: {'line': b'-- Installing: /home/rock/robot_ws/install/motor_control/share/motor_control/local_setup.bash\n'}
[17.274154] (motor_control) StdoutLine: {'line': b'-- Installing: /home/rock/robot_ws/install/motor_control/share/motor_control/local_setup.sh\n'}
[17.279973] (motor_control) StdoutLine: {'line': b'-- Installing: /home/rock/robot_ws/install/motor_control/share/motor_control/local_setup.zsh\n'}
[17.281565] (motor_control) StdoutLine: {'line': b'-- Installing: /home/rock/robot_ws/install/motor_control/share/motor_control/local_setup.dsv\n'}
[17.283512] (motor_control) StdoutLine: {'line': b'-- Installing: /home/rock/robot_ws/install/motor_control/share/motor_control/package.dsv\n'}
[17.285495] (motor_control) StdoutLine: {'line': b'-- Installing: /home/rock/robot_ws/install/motor_control/share/ament_index/resource_index/packages/motor_control\n'}
[17.287602] (motor_control) StdoutLine: {'line': b'-- Installing: /home/rock/robot_ws/install/motor_control/share/ament_index/resource_index/hardware_interface__pluginlib__plugin/motor_control\n'}
[17.289243] (motor_control) StdoutLine: {'line': b'-- Installing: /home/rock/robot_ws/install/motor_control/share/motor_control/cmake/ament_cmake_export_include_directories-extras.cmake\n'}
[17.291259] (motor_control) StdoutLine: {'line': b'-- Installing: /home/rock/robot_ws/install/motor_control/share/motor_control/cmake/ament_cmake_export_libraries-extras.cmake\n'}
[17.293418] (motor_control) StdoutLine: {'line': b'-- Installing: /home/rock/robot_ws/install/motor_control/share/motor_control/cmake/ament_cmake_export_dependencies-extras.cmake\n'}
[17.295314] (motor_control) StdoutLine: {'line': b'-- Installing: /home/rock/robot_ws/install/motor_control/share/motor_control/cmake/motor_controlConfig.cmake\n'}
[17.300386] (motor_control) StdoutLine: {'line': b'-- Installing: /home/rock/robot_ws/install/motor_control/share/motor_control/cmake/motor_controlConfig-version.cmake\n'}
[17.302270] (motor_control) StdoutLine: {'line': b'-- Installing: /home/rock/robot_ws/install/motor_control/share/motor_control/package.xml\n'}
[17.304529] (motor_control) CommandEnded: {'returncode': 0}
[17.336574] (-) TimerEvent: {}
[17.439940] (-) TimerEvent: {}
[17.546702] (-) TimerEvent: {}
[17.561602] (motor_control) JobEnded: {'identifier': 'motor_control', 'rc': 0}
[17.580327] (-) EventReactorShutdown: {}
