[1.116s] DEBUG:colcon:Command line arguments: ['/usr/bin/colcon', 'build', '--packages-select', 'motor_control']
[1.116s] DEBUG:colcon:Parsed command line arguments: Namespace(allow_overriding=[], ament_cmake_args=None, base_paths=['.'], build_base='build', catkin_cmake_args=None, catkin_skip_building_tests=False, cmake_args=None, cmake_clean_cache=False, cmake_clean_first=False, cmake_force_configure=False, cmake_target=None, cmake_target_skip_unavailable=False, continue_on_error=False, event_handlers=None, executor='parallel', ignore_user_meta=False, install_base='install', log_base=None, log_level=None, main=<bound method BuildVerb.main of <colcon_core.verb.build.BuildVerb object at 0x7f92ed9d60>>, merge_install=False, metas=['./colcon.meta'], packages_above=None, packages_above_and_dependencies=None, packages_above_depth=None, packages_end=None, packages_ignore=None, packages_ignore_regex=None, packages_select=['motor_control'], packages_select_build_failed=False, packages_select_by_dep=None, packages_select_regex=None, packages_select_test_failures=False, packages_skip=None, packages_skip_build_finished=False, packages_skip_by_dep=None, packages_skip_regex=None, packages_skip_test_passed=False, packages_skip_up_to=None, packages_start=None, packages_up_to=None, packages_up_to_regex=None, parallel_workers=6, paths=None, symlink_install=False, test_result_base=None, verb_extension=<colcon_core.verb.build.BuildVerb object at 0x7f92ed9d60>, verb_name='build', verb_parser=<colcon_defaults.argument_parser.defaults.DefaultArgumentsDecorator object at 0x7f92eed310>)
[1.227s] Level 1:colcon.colcon_core.package_discovery:discover_packages(colcon_meta) check parameters
[1.227s] Level 1:colcon.colcon_core.package_discovery:discover_packages(recursive) check parameters
[1.227s] Level 1:colcon.colcon_core.package_discovery:discover_packages(ignore) check parameters
[1.228s] Level 1:colcon.colcon_core.package_discovery:discover_packages(path) check parameters
[1.228s] Level 1:colcon.colcon_core.package_discovery:discover_packages(colcon_meta) discover
[1.228s] Level 1:colcon.colcon_core.package_discovery:discover_packages(recursive) discover
[1.228s] INFO:colcon.colcon_core.package_discovery:Crawling recursively for packages in '/home/rock/robot_ws'
[1.228s] Level 1:colcon.colcon_core.package_identification:_identify(.) by extensions ['ignore', 'ignore_ament_install']
[1.229s] Level 1:colcon.colcon_core.package_identification:_identify(.) by extension 'ignore'
[1.229s] Level 1:colcon.colcon_core.package_identification:_identify(.) by extension 'ignore_ament_install'
[1.229s] Level 1:colcon.colcon_core.package_identification:_identify(.) by extensions ['colcon_pkg']
[1.230s] Level 1:colcon.colcon_core.package_identification:_identify(.) by extension 'colcon_pkg'
[1.230s] Level 1:colcon.colcon_core.package_identification:_identify(.) by extensions ['colcon_meta']
[1.230s] Level 1:colcon.colcon_core.package_identification:_identify(.) by extension 'colcon_meta'
[1.230s] Level 1:colcon.colcon_core.package_identification:_identify(.) by extensions ['ros']
[1.230s] Level 1:colcon.colcon_core.package_identification:_identify(.) by extension 'ros'
[1.316s] Level 1:colcon.colcon_core.package_identification:_identify(.) by extensions ['cmake', 'python']
[1.316s] Level 1:colcon.colcon_core.package_identification:_identify(.) by extension 'cmake'
[1.317s] Level 1:colcon.colcon_core.package_identification:_identify(.) by extension 'python'
[1.317s] Level 1:colcon.colcon_core.package_identification:_identify(.) by extensions ['python_setup_py']
[1.317s] Level 1:colcon.colcon_core.package_identification:_identify(.) by extension 'python_setup_py'
[1.317s] Level 1:colcon.colcon_core.package_identification:_identify(build) by extensions ['ignore', 'ignore_ament_install']
[1.318s] Level 1:colcon.colcon_core.package_identification:_identify(build) by extension 'ignore'
[1.318s] Level 1:colcon.colcon_core.package_identification:_identify(build) ignored
[1.319s] Level 1:colcon.colcon_core.package_identification:_identify(install) by extensions ['ignore', 'ignore_ament_install']
[1.319s] Level 1:colcon.colcon_core.package_identification:_identify(install) by extension 'ignore'
[1.319s] Level 1:colcon.colcon_core.package_identification:_identify(install) ignored
[1.320s] Level 1:colcon.colcon_core.package_identification:_identify(log) by extensions ['ignore', 'ignore_ament_install']
[1.320s] Level 1:colcon.colcon_core.package_identification:_identify(log) by extension 'ignore'
[1.320s] Level 1:colcon.colcon_core.package_identification:_identify(log) ignored
[1.321s] Level 1:colcon.colcon_core.package_identification:_identify(src) by extensions ['ignore', 'ignore_ament_install']
[1.321s] Level 1:colcon.colcon_core.package_identification:_identify(src) by extension 'ignore'
[1.321s] Level 1:colcon.colcon_core.package_identification:_identify(src) by extension 'ignore_ament_install'
[1.321s] Level 1:colcon.colcon_core.package_identification:_identify(src) by extensions ['colcon_pkg']
[1.322s] Level 1:colcon.colcon_core.package_identification:_identify(src) by extension 'colcon_pkg'
[1.322s] Level 1:colcon.colcon_core.package_identification:_identify(src) by extensions ['colcon_meta']
[1.322s] Level 1:colcon.colcon_core.package_identification:_identify(src) by extension 'colcon_meta'
[1.322s] Level 1:colcon.colcon_core.package_identification:_identify(src) by extensions ['ros']
[1.322s] Level 1:colcon.colcon_core.package_identification:_identify(src) by extension 'ros'
[1.323s] Level 1:colcon.colcon_core.package_identification:_identify(src) by extensions ['cmake', 'python']
[1.323s] Level 1:colcon.colcon_core.package_identification:_identify(src) by extension 'cmake'
[1.323s] Level 1:colcon.colcon_core.package_identification:_identify(src) by extension 'python'
[1.323s] Level 1:colcon.colcon_core.package_identification:_identify(src) by extensions ['python_setup_py']
[1.323s] Level 1:colcon.colcon_core.package_identification:_identify(src) by extension 'python_setup_py'
[1.324s] Level 1:colcon.colcon_core.package_identification:_identify(src/arduino) by extensions ['ignore', 'ignore_ament_install']
[1.324s] Level 1:colcon.colcon_core.package_identification:_identify(src/arduino) by extension 'ignore'
[1.324s] Level 1:colcon.colcon_core.package_identification:_identify(src/arduino) by extension 'ignore_ament_install'
[1.325s] Level 1:colcon.colcon_core.package_identification:_identify(src/arduino) by extensions ['colcon_pkg']
[1.325s] Level 1:colcon.colcon_core.package_identification:_identify(src/arduino) by extension 'colcon_pkg'
[1.325s] Level 1:colcon.colcon_core.package_identification:_identify(src/arduino) by extensions ['colcon_meta']
[1.325s] Level 1:colcon.colcon_core.package_identification:_identify(src/arduino) by extension 'colcon_meta'
[1.325s] Level 1:colcon.colcon_core.package_identification:_identify(src/arduino) by extensions ['ros']
[1.325s] Level 1:colcon.colcon_core.package_identification:_identify(src/arduino) by extension 'ros'
[1.326s] Level 1:colcon.colcon_core.package_identification:_identify(src/arduino) by extensions ['cmake', 'python']
[1.326s] Level 1:colcon.colcon_core.package_identification:_identify(src/arduino) by extension 'cmake'
[1.326s] Level 1:colcon.colcon_core.package_identification:_identify(src/arduino) by extension 'python'
[1.326s] Level 1:colcon.colcon_core.package_identification:_identify(src/arduino) by extensions ['python_setup_py']
[1.326s] Level 1:colcon.colcon_core.package_identification:_identify(src/arduino) by extension 'python_setup_py'
[1.327s] Level 1:colcon.colcon_core.package_identification:_identify(src/imu_arduino) by extensions ['ignore', 'ignore_ament_install']
[1.327s] Level 1:colcon.colcon_core.package_identification:_identify(src/imu_arduino) by extension 'ignore'
[1.327s] Level 1:colcon.colcon_core.package_identification:_identify(src/imu_arduino) by extension 'ignore_ament_install'
[1.328s] Level 1:colcon.colcon_core.package_identification:_identify(src/imu_arduino) by extensions ['colcon_pkg']
[1.328s] Level 1:colcon.colcon_core.package_identification:_identify(src/imu_arduino) by extension 'colcon_pkg'
[1.328s] Level 1:colcon.colcon_core.package_identification:_identify(src/imu_arduino) by extensions ['colcon_meta']
[1.328s] Level 1:colcon.colcon_core.package_identification:_identify(src/imu_arduino) by extension 'colcon_meta'
[1.328s] Level 1:colcon.colcon_core.package_identification:_identify(src/imu_arduino) by extensions ['ros']
[1.328s] Level 1:colcon.colcon_core.package_identification:_identify(src/imu_arduino) by extension 'ros'
[1.329s] Level 1:colcon.colcon_core.package_identification:_identify(src/imu_arduino) by extensions ['cmake', 'python']
[1.329s] Level 1:colcon.colcon_core.package_identification:_identify(src/imu_arduino) by extension 'cmake'
[1.329s] Level 1:colcon.colcon_core.package_identification:_identify(src/imu_arduino) by extension 'python'
[1.329s] Level 1:colcon.colcon_core.package_identification:_identify(src/imu_arduino) by extensions ['python_setup_py']
[1.329s] Level 1:colcon.colcon_core.package_identification:_identify(src/imu_arduino) by extension 'python_setup_py'
[1.330s] Level 1:colcon.colcon_core.package_identification:_identify(src/imu_hw) by extensions ['ignore', 'ignore_ament_install']
[1.330s] Level 1:colcon.colcon_core.package_identification:_identify(src/imu_hw) by extension 'ignore'
[1.331s] Level 1:colcon.colcon_core.package_identification:_identify(src/imu_hw) by extension 'ignore_ament_install'
[1.331s] Level 1:colcon.colcon_core.package_identification:_identify(src/imu_hw) by extensions ['colcon_pkg']
[1.331s] Level 1:colcon.colcon_core.package_identification:_identify(src/imu_hw) by extension 'colcon_pkg'
[1.331s] Level 1:colcon.colcon_core.package_identification:_identify(src/imu_hw) by extensions ['colcon_meta']
[1.331s] Level 1:colcon.colcon_core.package_identification:_identify(src/imu_hw) by extension 'colcon_meta'
[1.331s] Level 1:colcon.colcon_core.package_identification:_identify(src/imu_hw) by extensions ['ros']
[1.332s] Level 1:colcon.colcon_core.package_identification:_identify(src/imu_hw) by extension 'ros'
[1.344s] DEBUG:colcon.colcon_core.package_identification:Package 'src/imu_hw' with type 'ros.ament_cmake' and name 'imu_hw'
[1.345s] Level 1:colcon.colcon_core.package_identification:_identify(src/imu_node) by extensions ['ignore', 'ignore_ament_install']
[1.345s] Level 1:colcon.colcon_core.package_identification:_identify(src/imu_node) by extension 'ignore'
[1.345s] Level 1:colcon.colcon_core.package_identification:_identify(src/imu_node) by extension 'ignore_ament_install'
[1.346s] Level 1:colcon.colcon_core.package_identification:_identify(src/imu_node) by extensions ['colcon_pkg']
[1.346s] Level 1:colcon.colcon_core.package_identification:_identify(src/imu_node) by extension 'colcon_pkg'
[1.346s] Level 1:colcon.colcon_core.package_identification:_identify(src/imu_node) by extensions ['colcon_meta']
[1.346s] Level 1:colcon.colcon_core.package_identification:_identify(src/imu_node) by extension 'colcon_meta'
[1.347s] Level 1:colcon.colcon_core.package_identification:_identify(src/imu_node) by extensions ['ros']
[1.347s] Level 1:colcon.colcon_core.package_identification:_identify(src/imu_node) by extension 'ros'
[1.350s] DEBUG:colcon.colcon_core.package_identification:Package 'src/imu_node' with type 'ros.ament_cmake' and name 'imu_node'
[1.351s] Level 1:colcon.colcon_core.package_identification:_identify(src/motor_control) by extensions ['ignore', 'ignore_ament_install']
[1.351s] Level 1:colcon.colcon_core.package_identification:_identify(src/motor_control) by extension 'ignore'
[1.351s] Level 1:colcon.colcon_core.package_identification:_identify(src/motor_control) by extension 'ignore_ament_install'
[1.352s] Level 1:colcon.colcon_core.package_identification:_identify(src/motor_control) by extensions ['colcon_pkg']
[1.352s] Level 1:colcon.colcon_core.package_identification:_identify(src/motor_control) by extension 'colcon_pkg'
[1.352s] Level 1:colcon.colcon_core.package_identification:_identify(src/motor_control) by extensions ['colcon_meta']
[1.352s] Level 1:colcon.colcon_core.package_identification:_identify(src/motor_control) by extension 'colcon_meta'
[1.353s] Level 1:colcon.colcon_core.package_identification:_identify(src/motor_control) by extensions ['ros']
[1.353s] Level 1:colcon.colcon_core.package_identification:_identify(src/motor_control) by extension 'ros'
[1.357s] DEBUG:colcon.colcon_core.package_identification:Package 'src/motor_control' with type 'ros.ament_cmake' and name 'motor_control'
[1.358s] Level 1:colcon.colcon_core.package_identification:_identify(src/prototype) by extensions ['ignore', 'ignore_ament_install']
[1.358s] Level 1:colcon.colcon_core.package_identification:_identify(src/prototype) by extension 'ignore'
[1.358s] Level 1:colcon.colcon_core.package_identification:_identify(src/prototype) by extension 'ignore_ament_install'
[1.359s] Level 1:colcon.colcon_core.package_identification:_identify(src/prototype) by extensions ['colcon_pkg']
[1.359s] Level 1:colcon.colcon_core.package_identification:_identify(src/prototype) by extension 'colcon_pkg'
[1.359s] Level 1:colcon.colcon_core.package_identification:_identify(src/prototype) by extensions ['colcon_meta']
[1.359s] Level 1:colcon.colcon_core.package_identification:_identify(src/prototype) by extension 'colcon_meta'
[1.360s] Level 1:colcon.colcon_core.package_identification:_identify(src/prototype) by extensions ['ros']
[1.360s] Level 1:colcon.colcon_core.package_identification:_identify(src/prototype) by extension 'ros'
[1.363s] DEBUG:colcon.colcon_core.package_identification:Package 'src/prototype' with type 'ros.ament_cmake' and name 'prototype'
[1.364s] Level 1:colcon.colcon_core.package_identification:_identify(src/serial_driver) by extensions ['ignore', 'ignore_ament_install']
[1.364s] Level 1:colcon.colcon_core.package_identification:_identify(src/serial_driver) by extension 'ignore'
[1.364s] Level 1:colcon.colcon_core.package_identification:_identify(src/serial_driver) by extension 'ignore_ament_install'
[1.365s] Level 1:colcon.colcon_core.package_identification:_identify(src/serial_driver) by extensions ['colcon_pkg']
[1.365s] Level 1:colcon.colcon_core.package_identification:_identify(src/serial_driver) by extension 'colcon_pkg'
[1.365s] Level 1:colcon.colcon_core.package_identification:_identify(src/serial_driver) by extensions ['colcon_meta']
[1.365s] Level 1:colcon.colcon_core.package_identification:_identify(src/serial_driver) by extension 'colcon_meta'
[1.366s] Level 1:colcon.colcon_core.package_identification:_identify(src/serial_driver) by extensions ['ros']
[1.366s] Level 1:colcon.colcon_core.package_identification:_identify(src/serial_driver) by extension 'ros'
[1.368s] DEBUG:colcon.colcon_core.package_identification:Package 'src/serial_driver' with type 'ros.catkin' and name 'serial'
[1.368s] Level 1:colcon.colcon_core.package_discovery:discover_packages(recursive) using defaults
[1.369s] Level 1:colcon.colcon_core.package_discovery:discover_packages(ignore) discover
[1.369s] Level 1:colcon.colcon_core.package_discovery:discover_packages(ignore) using defaults
[1.369s] Level 1:colcon.colcon_core.package_discovery:discover_packages(path) discover
[1.369s] Level 1:colcon.colcon_core.package_discovery:discover_packages(path) using defaults
[1.446s] INFO:colcon.colcon_core.package_selection:Skipping not selected package 'prototype' in 'src/prototype'
[1.446s] INFO:colcon.colcon_core.package_selection:Skipping not selected package 'serial' in 'src/serial_driver'
[1.446s] INFO:colcon.colcon_core.package_selection:Skipping not selected package 'imu_hw' in 'src/imu_hw'
[1.446s] INFO:colcon.colcon_core.package_selection:Skipping not selected package 'imu_node' in 'src/imu_node'
[1.449s] Level 1:colcon.colcon_core.package_discovery:discover_packages(prefix_path) check parameters
[1.449s] Level 1:colcon.colcon_core.package_discovery:discover_packages(prefix_path) discover
[1.455s] WARNING:colcon.colcon_ros.prefix_path.ament:The path '/home/rock/robot_ws/install/imu_node' in the environment variable AMENT_PREFIX_PATH doesn't exist
[1.456s] WARNING:colcon.colcon_ros.prefix_path.catkin:The path '/home/rock/robot_ws/install/imu_node' in the environment variable CMAKE_PREFIX_PATH doesn't exist
[1.464s] DEBUG:colcon.colcon_installed_package_information.package_discovery:Found 2 installed packages in /home/rock/robot_ws/install
[1.471s] DEBUG:colcon.colcon_installed_package_information.package_discovery:Found 232 installed packages in /opt/ros/foxy
[1.479s] Level 1:colcon.colcon_core.package_discovery:discover_packages(prefix_path) using defaults
[1.696s] Level 5:colcon.colcon_core.verb:set package 'motor_control' build argument 'cmake_args' from command line to 'None'
[1.696s] Level 5:colcon.colcon_core.verb:set package 'motor_control' build argument 'cmake_target' from command line to 'None'
[1.696s] Level 5:colcon.colcon_core.verb:set package 'motor_control' build argument 'cmake_target_skip_unavailable' from command line to 'False'
[1.696s] Level 5:colcon.colcon_core.verb:set package 'motor_control' build argument 'cmake_clean_cache' from command line to 'False'
[1.697s] Level 5:colcon.colcon_core.verb:set package 'motor_control' build argument 'cmake_clean_first' from command line to 'False'
[1.697s] Level 5:colcon.colcon_core.verb:set package 'motor_control' build argument 'cmake_force_configure' from command line to 'False'
[1.697s] Level 5:colcon.colcon_core.verb:set package 'motor_control' build argument 'ament_cmake_args' from command line to 'None'
[1.697s] Level 5:colcon.colcon_core.verb:set package 'motor_control' build argument 'catkin_cmake_args' from command line to 'None'
[1.697s] Level 5:colcon.colcon_core.verb:set package 'motor_control' build argument 'catkin_skip_building_tests' from command line to 'False'
[1.697s] DEBUG:colcon.colcon_core.verb:Building package 'motor_control' with the following arguments: {'ament_cmake_args': None, 'build_base': '/home/rock/robot_ws/build/motor_control', 'catkin_cmake_args': None, 'catkin_skip_building_tests': False, 'cmake_args': None, 'cmake_clean_cache': False, 'cmake_clean_first': False, 'cmake_force_configure': False, 'cmake_target': None, 'cmake_target_skip_unavailable': False, 'install_base': '/home/rock/robot_ws/install/motor_control', 'merge_install': False, 'path': '/home/rock/robot_ws/src/motor_control', 'symlink_install': False, 'test_result_base': None}
[1.700s] INFO:colcon.colcon_core.executor:Executing jobs using 'parallel' executor
[1.715s] DEBUG:colcon.colcon_parallel_executor.executor.parallel:run_until_complete
[1.717s] INFO:colcon.colcon_ros.task.ament_cmake.build:Building ROS package in '/home/rock/robot_ws/src/motor_control' with build type 'ament_cmake'
[1.718s] INFO:colcon.colcon_cmake.task.cmake.build:Building CMake package in '/home/rock/robot_ws/src/motor_control'
[1.737s] INFO:colcon.colcon_core.plugin_system:Skipping extension 'colcon_core.shell.bat': Not used on non-Windows systems
[1.738s] INFO:colcon.colcon_core.shell:Skip shell extension 'powershell' for command environment: Not usable outside of PowerShell
[1.738s] DEBUG:colcon.colcon_core.shell:Skip shell extension 'dsv' for command environment
[1.790s] DEBUG:colcon.colcon_core.event_handler.log_command:Invoking command in '/home/rock/robot_ws/build/motor_control': CMAKE_PREFIX_PATH=/opt/ros/foxy:/home/rock/robot_ws/install/serial:/home/rock/robot_ws/install/imu_node /usr/bin/cmake --build /home/rock/robot_ws/build/motor_control -- -j6 -l6
[18.788s] DEBUG:colcon.colcon_core.event_handler.log_command:Invoked command in '/home/rock/robot_ws/build/motor_control' returned '0': CMAKE_PREFIX_PATH=/opt/ros/foxy:/home/rock/robot_ws/install/serial:/home/rock/robot_ws/install/imu_node /usr/bin/cmake --build /home/rock/robot_ws/build/motor_control -- -j6 -l6
[18.906s] DEBUG:colcon.colcon_core.event_handler.log_command:Invoking command in '/home/rock/robot_ws/build/motor_control': CMAKE_PREFIX_PATH=/opt/ros/foxy:/home/rock/robot_ws/install/serial:/home/rock/robot_ws/install/imu_node /usr/bin/cmake --install /home/rock/robot_ws/build/motor_control
[18.961s] Level 1:colcon.colcon_core.environment:create_environment_scripts_only(motor_control)
[19.026s] DEBUG:colcon.colcon_core.event_handler.log_command:Invoked command in '/home/rock/robot_ws/build/motor_control' returned '0': CMAKE_PREFIX_PATH=/opt/ros/foxy:/home/rock/robot_ws/install/serial:/home/rock/robot_ws/install/imu_node /usr/bin/cmake --install /home/rock/robot_ws/build/motor_control
[19.058s] Level 1:colcon.colcon_core.environment:checking '/home/rock/robot_ws/install/motor_control' for CMake module files
[19.064s] Level 1:colcon.colcon_core.environment:checking '/home/rock/robot_ws/install/motor_control' for CMake config files
[19.067s] Level 1:colcon.colcon_core.shell:create_environment_hook('motor_control', 'cmake_prefix_path')
[19.081s] INFO:colcon.colcon_core.shell:Creating environment hook '/home/rock/robot_ws/install/motor_control/share/motor_control/hook/cmake_prefix_path.ps1'
[19.085s] INFO:colcon.colcon_core.shell:Creating environment descriptor '/home/rock/robot_ws/install/motor_control/share/motor_control/hook/cmake_prefix_path.dsv'
[19.088s] INFO:colcon.colcon_core.shell:Creating environment hook '/home/rock/robot_ws/install/motor_control/share/motor_control/hook/cmake_prefix_path.sh'
[19.092s] Level 1:colcon.colcon_core.environment:checking '/home/rock/robot_ws/install/motor_control/lib'
[19.094s] Level 1:colcon.colcon_core.shell:create_environment_hook('motor_control', 'ld_library_path_lib')
[19.101s] INFO:colcon.colcon_core.shell:Creating environment hook '/home/rock/robot_ws/install/motor_control/share/motor_control/hook/ld_library_path_lib.ps1'
[19.103s] INFO:colcon.colcon_core.shell:Creating environment descriptor '/home/rock/robot_ws/install/motor_control/share/motor_control/hook/ld_library_path_lib.dsv'
[19.104s] INFO:colcon.colcon_core.shell:Creating environment hook '/home/rock/robot_ws/install/motor_control/share/motor_control/hook/ld_library_path_lib.sh'
[19.106s] Level 1:colcon.colcon_core.environment:checking '/home/rock/robot_ws/install/motor_control/bin'
[19.106s] Level 1:colcon.colcon_core.environment:checking '/home/rock/robot_ws/install/motor_control/lib/pkgconfig/motor_control.pc'
[19.107s] Level 1:colcon.colcon_core.environment:checking '/home/rock/robot_ws/install/motor_control/lib/python3.8/site-packages'
[19.108s] Level 1:colcon.colcon_core.environment:checking '/home/rock/robot_ws/install/motor_control/bin'
[19.115s] INFO:colcon.colcon_core.shell:Creating package script '/home/rock/robot_ws/install/motor_control/share/motor_control/package.ps1'
[19.118s] INFO:colcon.colcon_core.shell:Creating package descriptor '/home/rock/robot_ws/install/motor_control/share/motor_control/package.dsv'
[19.121s] INFO:colcon.colcon_core.shell:Creating package script '/home/rock/robot_ws/install/motor_control/share/motor_control/package.sh'
[19.125s] INFO:colcon.colcon_core.shell:Creating package script '/home/rock/robot_ws/install/motor_control/share/motor_control/package.bash'
[19.128s] INFO:colcon.colcon_core.shell:Creating package script '/home/rock/robot_ws/install/motor_control/share/motor_control/package.zsh'
[19.131s] Level 1:colcon.colcon_core.environment:create_file_with_runtime_dependencies(/home/rock/robot_ws/install/motor_control/share/colcon-core/packages/motor_control)
[19.216s] Level 1:colcon.colcon_core.environment:create_environment_scripts_only(motor_control)
[19.225s] Level 1:colcon.colcon_core.environment:checking '/home/rock/robot_ws/install/motor_control' for CMake module files
[19.228s] Level 1:colcon.colcon_core.environment:checking '/home/rock/robot_ws/install/motor_control' for CMake config files
[19.229s] Level 1:colcon.colcon_core.shell:create_environment_hook('motor_control', 'cmake_prefix_path')
[19.235s] INFO:colcon.colcon_core.shell:Creating environment hook '/home/rock/robot_ws/install/motor_control/share/motor_control/hook/cmake_prefix_path.ps1'
[19.237s] INFO:colcon.colcon_core.shell:Creating environment descriptor '/home/rock/robot_ws/install/motor_control/share/motor_control/hook/cmake_prefix_path.dsv'
[19.239s] INFO:colcon.colcon_core.shell:Creating environment hook '/home/rock/robot_ws/install/motor_control/share/motor_control/hook/cmake_prefix_path.sh'
[19.242s] Level 1:colcon.colcon_core.environment:checking '/home/rock/robot_ws/install/motor_control/lib'
[19.243s] Level 1:colcon.colcon_core.shell:create_environment_hook('motor_control', 'ld_library_path_lib')
[19.249s] INFO:colcon.colcon_core.shell:Creating environment hook '/home/rock/robot_ws/install/motor_control/share/motor_control/hook/ld_library_path_lib.ps1'
[19.251s] INFO:colcon.colcon_core.shell:Creating environment descriptor '/home/rock/robot_ws/install/motor_control/share/motor_control/hook/ld_library_path_lib.dsv'
[19.252s] INFO:colcon.colcon_core.shell:Creating environment hook '/home/rock/robot_ws/install/motor_control/share/motor_control/hook/ld_library_path_lib.sh'
[19.254s] Level 1:colcon.colcon_core.environment:checking '/home/rock/robot_ws/install/motor_control/bin'
[19.254s] Level 1:colcon.colcon_core.environment:checking '/home/rock/robot_ws/install/motor_control/lib/pkgconfig/motor_control.pc'
[19.255s] Level 1:colcon.colcon_core.environment:checking '/home/rock/robot_ws/install/motor_control/lib/python3.8/site-packages'
[19.256s] Level 1:colcon.colcon_core.environment:checking '/home/rock/robot_ws/install/motor_control/bin'
[19.263s] INFO:colcon.colcon_core.shell:Creating package script '/home/rock/robot_ws/install/motor_control/share/motor_control/package.ps1'
[19.266s] INFO:colcon.colcon_core.shell:Creating package descriptor '/home/rock/robot_ws/install/motor_control/share/motor_control/package.dsv'
[19.268s] INFO:colcon.colcon_core.shell:Creating package script '/home/rock/robot_ws/install/motor_control/share/motor_control/package.sh'
[19.271s] INFO:colcon.colcon_core.shell:Creating package script '/home/rock/robot_ws/install/motor_control/share/motor_control/package.bash'
[19.273s] INFO:colcon.colcon_core.shell:Creating package script '/home/rock/robot_ws/install/motor_control/share/motor_control/package.zsh'
[19.275s] Level 1:colcon.colcon_core.environment:create_file_with_runtime_dependencies(/home/rock/robot_ws/install/motor_control/share/colcon-core/packages/motor_control)
[19.276s] DEBUG:colcon.colcon_parallel_executor.executor.parallel:closing loop
[19.277s] DEBUG:colcon.colcon_parallel_executor.executor.parallel:loop closed
[19.278s] DEBUG:colcon.colcon_parallel_executor.executor.parallel:run_until_complete finished with '0'
[19.278s] DEBUG:colcon.colcon_core.event_reactor:joining thread
[19.343s] INFO:colcon.colcon_core.plugin_system:Skipping extension 'colcon_notification.desktop_notification.notify_send': Could not find 'notify-send'
[19.344s] INFO:colcon.colcon_core.plugin_system:Skipping extension 'colcon_notification.desktop_notification.terminal_notifier': Not used on non-Darwin systems
[19.345s] INFO:colcon.colcon_core.plugin_system:Skipping extension 'colcon_notification.desktop_notification.win32': Not used on non-Windows systems
[19.345s] INFO:colcon.colcon_notification.desktop_notification:Sending desktop notification using 'notify2'
[19.348s] DEBUG:colcon.colcon_notification.desktop_notification.notify2:Failed to initialize notify2: org.freedesktop.DBus.Error.ServiceUnknown: The name org.freedesktop.Notifications was not provided by any .service files
[19.349s] DEBUG:colcon.colcon_core.event_reactor:joined thread
[19.356s] INFO:colcon.colcon_core.shell:Creating prefix script '/home/rock/robot_ws/install/local_setup.ps1'
[19.359s] INFO:colcon.colcon_core.shell:Creating prefix util module '/home/rock/robot_ws/install/_local_setup_util_ps1.py'
[19.365s] INFO:colcon.colcon_core.shell:Creating prefix chain script '/home/rock/robot_ws/install/setup.ps1'
[19.370s] INFO:colcon.colcon_core.shell:Creating prefix script '/home/rock/robot_ws/install/local_setup.sh'
[19.373s] INFO:colcon.colcon_core.shell:Creating prefix util module '/home/rock/robot_ws/install/_local_setup_util_sh.py'
[19.375s] INFO:colcon.colcon_core.shell:Creating prefix chain script '/home/rock/robot_ws/install/setup.sh'
[19.380s] INFO:colcon.colcon_core.shell:Creating prefix script '/home/rock/robot_ws/install/local_setup.bash'
[19.382s] INFO:colcon.colcon_core.shell:Creating prefix chain script '/home/rock/robot_ws/install/setup.bash'
[19.388s] INFO:colcon.colcon_core.shell:Creating prefix script '/home/rock/robot_ws/install/local_setup.zsh'
[19.390s] INFO:colcon.colcon_core.shell:Creating prefix chain script '/home/rock/robot_ws/install/setup.zsh'
