[0.063s] Invoking command in '/home/tolasing/ros2_ws/build/gazebo_sim': CMAKE_PREFIX_PATH=/home/tolasing/ros2_ws/src/cartographer:/usr/lib/x86_64-linux-gnu/libserial.so:/home/tolasing/ros2_ws/src/cartographer:/usr/lib/x86_64-linux-gnu/libserial.so:/home/tolasing/ros2_ws/install/serial_driver:/home/tolasing/ros2_ws/install/motor_control:/opt/ros/humble:/home/tolasing/ros2_ws/install/serial:/home/tolasing/ros2_ws/install/prototype:/home/tolasing/ros2_ws/install/io_context:/home/tolasing/ros2_ws/install/gazebo_sim:/home/tolasing/ros2_ws/install/asio_cmake_module /usr/bin/cmake /home/tolasing/ros2_ws/src/gazebo_sim -DCMAKE_INSTALL_PREFIX=/home/tolasing/ros2_ws/install/gazebo_sim
[0.088s] -- Found ament_cmake: 1.3.3 (/opt/ros/humble/share/ament_cmake/cmake)
[0.390s] -- Override CMake install command with custom implementation using symlinks instead of copying resources
[0.416s] -- Found rclpy: 3.3.7 (/opt/ros/humble/share/rclpy/cmake)
[0.417s] -- Found gazebo_ros: 3.7.0 (/opt/ros/humble/share/gazebo_ros/cmake)
[0.509s] -- Found rosidl_generator_c: 3.1.4 (/opt/ros/humble/share/rosidl_generator_c/cmake)
[0.515s] -- Found rosidl_adapter: 3.1.4 (/opt/ros/humble/share/rosidl_adapter/cmake)
[0.532s] -- Found rosidl_generator_cpp: 3.1.4 (/opt/ros/humble/share/rosidl_generator_cpp/cmake)
[0.562s] -- Using all available rosidl_typesupport_c: rosidl_typesupport_fastrtps_c;rosidl_typesupport_introspection_c
[0.597s] -- Using all available rosidl_typesupport_cpp: rosidl_typesupport_fastrtps_cpp;rosidl_typesupport_introspection_cpp
[0.732s] -- Found rmw_implementation_cmake: 6.1.1 (/opt/ros/humble/share/rmw_implementation_cmake/cmake)
[0.736s] -- Found rmw_fastrtps_cpp: 6.2.2 (/opt/ros/humble/share/rmw_fastrtps_cpp/cmake)
[0.991s] -- Using RMW implementation 'rmw_fastrtps_cpp' as default
[1.403s] -- Found DART: /usr/include (Required is at least version "6.6") found components: dart 
[1.494s] -- Looking for ignition-math6 -- found version 6.13.0
[1.506s] -- Searching for dependencies of ignition-math6
[1.510s] -- Looking for OGRE...
[1.519s] -- Found Ogre Ghadamon (1.9.0)
[1.520s] -- Found OGRE: optimized;/usr/lib/x86_64-linux-gnu/libOgreMain.so;debug;/usr/lib/x86_64-linux-gnu/libOgreMain.so
[1.545s] -- Looking for OGRE_Paging...
[1.545s] -- Found OGRE_Paging: optimized;/usr/lib/x86_64-linux-gnu/libOgrePaging.so;debug;/usr/lib/x86_64-linux-gnu/libOgrePaging.so
[1.545s] -- Looking for OGRE_Terrain...
[1.545s] -- Found OGRE_Terrain: optimized;/usr/lib/x86_64-linux-gnu/libOgreTerrain.so;debug;/usr/lib/x86_64-linux-gnu/libOgreTerrain.so
[1.545s] -- Looking for OGRE_Property...
[1.545s] -- Found OGRE_Property: optimized;/usr/lib/x86_64-linux-gnu/libOgreProperty.so;debug;/usr/lib/x86_64-linux-gnu/libOgreProperty.so
[1.545s] -- Looking for OGRE_RTShaderSystem...
[1.546s] -- Found OGRE_RTShaderSystem: optimized;/usr/lib/x86_64-linux-gnu/libOgreRTShaderSystem.so;debug;/usr/lib/x86_64-linux-gnu/libOgreRTShaderSystem.so
[1.546s] -- Looking for OGRE_Volume...
[1.546s] -- Found OGRE_Volume: optimized;/usr/lib/x86_64-linux-gnu/libOgreVolume.so;debug;/usr/lib/x86_64-linux-gnu/libOgreVolume.so
[1.546s] -- Looking for OGRE_Overlay...
[1.546s] -- Found OGRE_Overlay: optimized;/usr/lib/x86_64-linux-gnu/libOgreOverlay.so;debug;/usr/lib/x86_64-linux-gnu/libOgreOverlay.so
[1.821s] -- Looking for ignition-math6 -- found version 6.13.0
[1.822s] -- Looking for ignition-transport8 -- found version 8.2.1
[1.823s] -- Searching for dependencies of ignition-transport8
[1.858s] -- Config-file not installed for ZeroMQ -- checking for pkg-config
[1.865s] -- Checking for module 'libzmq >= 4'
[1.889s] --   Found libzmq , version 4.3.4
[1.952s] -- Checking for module 'uuid'
[1.971s] --   Found uuid, version 2.37.2
[2.020s] -- Looking for ignition-msgs5 -- found version 5.8.1
[2.021s] -- Searching for dependencies of ignition-msgs5
[2.024s] -- Looking for ignition-math6 -- found version 6.13.0
[2.033s] -- Checking for module 'tinyxml2'
[2.054s] --   Found tinyxml2, version 9.0.0
[2.105s] -- Looking for ignition-msgs5 -- found version 5.8.1
[2.106s] -- Looking for ignition-common3 -- found version 3.14.0
[2.107s] -- Searching for dependencies of ignition-common3
[2.108s] -- Looking for dlfcn.h - found
[2.108s] -- Looking for libdl - found
[2.127s] -- Searching for <ignition-common3> component [graphics]
[2.128s] -- Looking for ignition-common3-graphics -- found version 3.14.0
[2.129s] -- Searching for dependencies of ignition-common3-graphics
[2.129s] -- Looking for ignition-math6 -- found version 6.13.0
[2.132s] -- Looking for ignition-fuel_tools4 -- found version 4.4.0
[2.133s] -- Searching for dependencies of ignition-fuel_tools4
[2.194s] -- Checking for module 'jsoncpp'
[2.214s] --   Found jsoncpp, version 1.9.5
[2.267s] -- Checking for module 'libzip'
[2.287s] --   Found libzip, version 1.7.3
[2.330s] -- Looking for ignition-common3 -- found version 3.14.0
[2.331s] -- Looking for ignition-math6 -- found version 6.13.0
[2.331s] -- Looking for ignition-msgs5 -- found version 5.8.1
[2.335s] -- Gazebo version: 11.10
[2.351s] -- Found urdf: 2.6.0 (/opt/ros/humble/share/urdf/cmake)
[2.401s] -- Found xacro: 2.0.8 (/opt/ros/humble/share/xacro/cmake)
[2.401s] -- Found ros2_control: 2.20.0 (/opt/ros/humble/share/ros2_control/cmake)
[2.402s] -- Found gazebo_ros2_control: 0.4.0 (/opt/ros/humble/share/gazebo_ros2_control/cmake)
[2.410s] -- Found joint_state_broadcaster: 2.15.0 (/opt/ros/humble/share/joint_state_broadcaster/cmake)
[3.506s] -- Found parameter_traits: 0.3.0 (/opt/ros/humble/share/parameter_traits/cmake)
[3.550s] -- Found joint_trajectory_controller: 2.15.0 (/opt/ros/humble/share/joint_trajectory_controller/cmake)
[4.110s] -- Found velocity_controllers: 2.15.0 (/opt/ros/humble/share/velocity_controllers/cmake)
[4.500s] -- Found std_srvs: 4.2.3 (/opt/ros/humble/share/std_srvs/cmake)
[4.526s] -- Found ament_lint_auto: 0.12.5 (/opt/ros/humble/share/ament_lint_auto/cmake)
[4.636s] -- Added test 'flake8' to check Python code syntax and style conventions
[4.637s] -- Added test 'lint_cmake' to check CMake code style
[4.637s] -- Added test 'pep257' to check Python code against some of the docstring style conventions in PEP 257
[4.640s] -- Added test 'xmllint' to check XML markup files
[4.642s] -- Configuring done
[4.653s] -- Generating done
[4.658s] -- Build files have been written to: /home/tolasing/ros2_ws/build/gazebo_sim
