[0.025s] Invoking command in '/home/tolasing/ros2_ws/build/cartographer_slam': CMAKE_PREFIX_PATH=/home/tolasing/ros2_ws/install/cartographer:/home/tolasing/ros2_ws/src/cartographer:/usr/lib/x86_64-linux-gnu/libserial.so:/home/tolasing/ros2_ws/src/cartographer:/usr/lib/x86_64-linux-gnu/libserial.so:/home/tolasing/ros2_ws/install/udp_driver:/home/tolasing/ros2_ws/install/serial_driver:/home/tolasing/ros2_ws/install/motor_control:/home/tolasing/ros2_ws/install/service_pkg:/home/tolasing/ros2_ws/install/nav2_project:/opt/ros/humble:/home/tolasing/ros2_ws/install/serial:/home/tolasing/ros2_ws/install/prototype:/home/tolasing/ros2_ws/install/nav2_course:/home/tolasing/ros2_ws/install/io_context:/home/tolasing/ros2_ws/install/gazebo_sim:/home/tolasing/ros2_ws/install/cartographer_slam:/home/tolasing/ros2_ws/install/asio_cmake_module PATH=/home/tolasing/ros2_ws/install/cartographer/bin:/home/tolasing/.local/bin:/opt/ros/humble/bin:/home/tolasing/.local/bin:/usr/local/sbin:/usr/local/bin:/usr/sbin:/usr/bin:/sbin:/bin:/usr/games:/usr/local/games:/snap/bin:/snap/bin PKG_CONFIG_PATH=/home/tolasing/ros2_ws/install/cartographer/lib/x86_64-linux-gnu/pkgconfig:/home/tolasing/ros2_ws/install/cartographer/lib/pkgconfig:/home/tolasing/ros2_ws/install/serial/lib/x86_64-linux-gnu/pkgconfig:/home/tolasing/ros2_ws/install/serial/lib/pkgconfig /usr/bin/cmake --build /home/tolasing/ros2_ws/build/cartographer_slam -- -j8 -l8
[0.060s] -- Found ament_cmake: 1.3.3 (/opt/ros/humble/share/ament_cmake/cmake)
[0.228s] -- Override CMake install command with custom implementation using symlinks instead of copying resources
[0.241s] -- Found required Ceres dependency: Eigen version 3.4.0 in /usr/include/eigen3
[0.243s] -- Found required Ceres dependency: glog
[0.244s] -- Found required Ceres dependency: gflags
[0.245s] -- Found Ceres version: 2.0.0 installed in: /usr with components: [EigenSparse, SparseLinearAlgebraLibrary, LAPACK, SuiteSparse, CXSparse, SchurSpecializations, Multithreading]
[0.254s] -- Found cartographer_ros: 2.0.9000 (/opt/ros/humble/share/cartographer_ros/cmake)
[0.283s] -- Found rosidl_generator_c: 3.1.4 (/opt/ros/humble/share/rosidl_generator_c/cmake)
[0.286s] -- Found rosidl_adapter: 3.1.4 (/opt/ros/humble/share/rosidl_adapter/cmake)
[0.293s] -- Found rosidl_generator_cpp: 3.1.4 (/opt/ros/humble/share/rosidl_generator_cpp/cmake)
[0.307s] -- Using all available rosidl_typesupport_c: rosidl_typesupport_fastrtps_c;rosidl_typesupport_introspection_c
[0.327s] -- Using all available rosidl_typesupport_cpp: rosidl_typesupport_fastrtps_cpp;rosidl_typesupport_introspection_cpp
[0.789s] -- Found rmw_implementation_cmake: 6.1.1 (/opt/ros/humble/share/rmw_implementation_cmake/cmake)
[0.791s] -- Found rmw_fastrtps_cpp: 6.2.2 (/opt/ros/humble/share/rmw_fastrtps_cpp/cmake)
[0.940s] -- Using RMW implementation 'rmw_fastrtps_cpp' as default
[2.290s] -- Found cartographer_rviz: 2.0.9000 (/opt/ros/humble/share/cartographer_rviz/cmake)
[2.896s] -- Setting OGRE_DIR to: '/opt/ros/humble/share/rviz_ogre_vendor/cmake/../../../opt/rviz_ogre_vendor/lib/OGRE/cmake'
[2.897s] -- Found OGRE
[2.898s] --   static     : OFF
[2.898s] --   components : HLMS;MeshLodGenerator;Overlay;Paging;Property;RTShaderSystem;Terrain;Volume
[2.898s] --   plugins    : Plugin_BSPSceneManager;Plugin_OctreeSceneManager;Plugin_PCZSceneManager;Plugin_ParticleFX;RenderSystem_GL;RenderSystem_GL3Plus;Codec_STBI
[2.898s] --   media      : /opt/ros/humble/opt/rviz_ogre_vendor/share/OGRE/Media
[2.898s] -- OGRE_LIBRARIES: OgreHLMS;OgreMeshLodGenerator;OgreOverlay;OgrePaging;OgreProperty;OgreRTShaderSystem;OgreTerrain;OgreVolume;OgreMain
[2.899s] -- OGRE_LIBRARY_DIRS: /opt/ros/humble/opt/rviz_ogre_vendor/lib
[2.899s] -- OGRE_PLUGINS: Plugin_BSPSceneManager;Plugin_OctreeSceneManager;Plugin_PCZSceneManager;Plugin_ParticleFX;RenderSystem_GL;RenderSystem_GL3Plus;Codec_STBI
[2.899s] -- OGRE_PLUGIN_DIR: /opt/ros/humble/opt/rviz_ogre_vendor/lib/OGRE
[2.899s] -- rviz_ogre_vendor::OgreOverlay for IMPORTED_LOCATION_RELEASE: /opt/ros/humble/opt/rviz_ogre_vendor/lib/libOgreOverlay.so
[2.899s] -- rviz_ogre_vendor::OgreOverlay for IMPORTED_LOCATION_DEBUG: /opt/ros/humble/opt/rviz_ogre_vendor/lib/libOgreOverlay.so
[2.900s] -- rviz_ogre_vendor::OgreMain for IMPORTED_LOCATION_RELEASE: /opt/ros/humble/opt/rviz_ogre_vendor/lib/libOgreMain.so
[2.900s] -- rviz_ogre_vendor::OgreMain for IMPORTED_LOCATION_DEBUG: /opt/ros/humble/opt/rviz_ogre_vendor/lib/libOgreMain.so
[2.953s] -- rviz_ogre_vendor::RenderSystem_GL for IMPORTED_LOCATION_RELEASE: _render_system_gl_static_library_abs-NOTFOUND
[2.953s] -- rviz_ogre_vendor::RenderSystem_GL for IMPORTED_LOCATION_DEBUG: _render_system_gl_static_library_abs-NOTFOUND
[2.985s] -- library: /usr/lib/x86_64-linux-gnu/libcurl.so
[3.037s] -- Ensuring Eigen3 include directory is part of orocos-kdl CMake target
[3.086s] -- Found rclpy: 3.3.7 (/opt/ros/humble/share/rclpy/cmake)
[3.086s] -- Found ament_lint_auto: 0.12.5 (/opt/ros/humble/share/ament_lint_auto/cmake)
[3.195s] -- Added test 'flake8' to check Python code syntax and style conventions
[3.195s] -- Added test 'lint_cmake' to check CMake code style
[3.196s] -- Added test 'pep257' to check Python code against some of the docstring style conventions in PEP 257
[3.197s] -- Added test 'xmllint' to check XML markup files
[3.198s] -- Configuring done
[3.205s] -- Generating done
[3.208s] -- Build files have been written to: /home/tolasing/ros2_ws/build/cartographer_slam
[3.241s] Invoked command in '/home/tolasing/ros2_ws/build/cartographer_slam' returned '0': CMAKE_PREFIX_PATH=/home/tolasing/ros2_ws/install/cartographer:/home/tolasing/ros2_ws/src/cartographer:/usr/lib/x86_64-linux-gnu/libserial.so:/home/tolasing/ros2_ws/src/cartographer:/usr/lib/x86_64-linux-gnu/libserial.so:/home/tolasing/ros2_ws/install/udp_driver:/home/tolasing/ros2_ws/install/serial_driver:/home/tolasing/ros2_ws/install/motor_control:/home/tolasing/ros2_ws/install/service_pkg:/home/tolasing/ros2_ws/install/nav2_project:/opt/ros/humble:/home/tolasing/ros2_ws/install/serial:/home/tolasing/ros2_ws/install/prototype:/home/tolasing/ros2_ws/install/nav2_course:/home/tolasing/ros2_ws/install/io_context:/home/tolasing/ros2_ws/install/gazebo_sim:/home/tolasing/ros2_ws/install/cartographer_slam:/home/tolasing/ros2_ws/install/asio_cmake_module PATH=/home/tolasing/ros2_ws/install/cartographer/bin:/home/tolasing/.local/bin:/opt/ros/humble/bin:/home/tolasing/.local/bin:/usr/local/sbin:/usr/local/bin:/usr/sbin:/usr/bin:/sbin:/bin:/usr/games:/usr/local/games:/snap/bin:/snap/bin PKG_CONFIG_PATH=/home/tolasing/ros2_ws/install/cartographer/lib/x86_64-linux-gnu/pkgconfig:/home/tolasing/ros2_ws/install/cartographer/lib/pkgconfig:/home/tolasing/ros2_ws/install/serial/lib/x86_64-linux-gnu/pkgconfig:/home/tolasing/ros2_ws/install/serial/lib/pkgconfig /usr/bin/cmake --build /home/tolasing/ros2_ws/build/cartographer_slam -- -j8 -l8
[3.279s] Invoking command in '/home/tolasing/ros2_ws/build/cartographer_slam': CMAKE_PREFIX_PATH=/home/tolasing/ros2_ws/install/cartographer:/home/tolasing/ros2_ws/src/cartographer:/usr/lib/x86_64-linux-gnu/libserial.so:/home/tolasing/ros2_ws/src/cartographer:/usr/lib/x86_64-linux-gnu/libserial.so:/home/tolasing/ros2_ws/install/udp_driver:/home/tolasing/ros2_ws/install/serial_driver:/home/tolasing/ros2_ws/install/motor_control:/home/tolasing/ros2_ws/install/service_pkg:/home/tolasing/ros2_ws/install/nav2_project:/opt/ros/humble:/home/tolasing/ros2_ws/install/serial:/home/tolasing/ros2_ws/install/prototype:/home/tolasing/ros2_ws/install/nav2_course:/home/tolasing/ros2_ws/install/io_context:/home/tolasing/ros2_ws/install/gazebo_sim:/home/tolasing/ros2_ws/install/cartographer_slam:/home/tolasing/ros2_ws/install/asio_cmake_module PATH=/home/tolasing/ros2_ws/install/cartographer/bin:/home/tolasing/.local/bin:/opt/ros/humble/bin:/home/tolasing/.local/bin:/usr/local/sbin:/usr/local/bin:/usr/sbin:/usr/bin:/sbin:/bin:/usr/games:/usr/local/games:/snap/bin:/snap/bin PKG_CONFIG_PATH=/home/tolasing/ros2_ws/install/cartographer/lib/x86_64-linux-gnu/pkgconfig:/home/tolasing/ros2_ws/install/cartographer/lib/pkgconfig:/home/tolasing/ros2_ws/install/serial/lib/x86_64-linux-gnu/pkgconfig:/home/tolasing/ros2_ws/install/serial/lib/pkgconfig /usr/bin/cmake --install /home/tolasing/ros2_ws/build/cartographer_slam
[3.288s] -- Install configuration: ""
[3.288s] -- Execute custom install script
[3.289s] -- Up-to-date symlink: /home/tolasing/ros2_ws/install/cartographer_slam/share/cartographer_slam//config/backpack.lua
[3.289s] -- Up-to-date symlink: /home/tolasing/ros2_ws/install/cartographer_slam/share/cartographer_slam//config/cartographer.lua
[3.289s] -- Up-to-date symlink: /home/tolasing/ros2_ws/install/cartographer_slam/share/cartographer_slam//launch/cartographer.launch.py
[3.290s] -- Up-to-date symlink: /home/tolasing/ros2_ws/install/cartographer_slam/share/ament_index/resource_index/package_run_dependencies/cartographer_slam
[3.290s] -- Up-to-date symlink: /home/tolasing/ros2_ws/install/cartographer_slam/share/ament_index/resource_index/parent_prefix_path/cartographer_slam
[3.290s] -- Up-to-date symlink: /home/tolasing/ros2_ws/install/cartographer_slam/share/cartographer_slam/environment/ament_prefix_path.sh
[3.290s] -- Up-to-date symlink: /home/tolasing/ros2_ws/install/cartographer_slam/share/cartographer_slam/environment/ament_prefix_path.dsv
[3.290s] -- Up-to-date symlink: /home/tolasing/ros2_ws/install/cartographer_slam/share/cartographer_slam/environment/path.sh
[3.290s] -- Up-to-date symlink: /home/tolasing/ros2_ws/install/cartographer_slam/share/cartographer_slam/environment/path.dsv
[3.291s] -- Up-to-date symlink: /home/tolasing/ros2_ws/install/cartographer_slam/share/cartographer_slam/local_setup.bash
[3.291s] -- Up-to-date symlink: /home/tolasing/ros2_ws/install/cartographer_slam/share/cartographer_slam/local_setup.sh
[3.291s] -- Up-to-date symlink: /home/tolasing/ros2_ws/install/cartographer_slam/share/cartographer_slam/local_setup.zsh
[3.291s] -- Up-to-date symlink: /home/tolasing/ros2_ws/install/cartographer_slam/share/cartographer_slam/local_setup.dsv
[3.291s] -- Symlinking: /home/tolasing/ros2_ws/install/cartographer_slam/share/cartographer_slam/package.dsv
[3.302s] -- Up-to-date symlink: /home/tolasing/ros2_ws/install/cartographer_slam/share/ament_index/resource_index/packages/cartographer_slam
[3.302s] -- Up-to-date symlink: /home/tolasing/ros2_ws/install/cartographer_slam/share/cartographer_slam/cmake/cartographer_slamConfig.cmake
[3.302s] -- Up-to-date symlink: /home/tolasing/ros2_ws/install/cartographer_slam/share/cartographer_slam/cmake/cartographer_slamConfig-version.cmake
[3.302s] -- Up-to-date symlink: /home/tolasing/ros2_ws/install/cartographer_slam/share/cartographer_slam/package.xml
[3.306s] Invoked command in '/home/tolasing/ros2_ws/build/cartographer_slam' returned '0': CMAKE_PREFIX_PATH=/home/tolasing/ros2_ws/install/cartographer:/home/tolasing/ros2_ws/src/cartographer:/usr/lib/x86_64-linux-gnu/libserial.so:/home/tolasing/ros2_ws/src/cartographer:/usr/lib/x86_64-linux-gnu/libserial.so:/home/tolasing/ros2_ws/install/udp_driver:/home/tolasing/ros2_ws/install/serial_driver:/home/tolasing/ros2_ws/install/motor_control:/home/tolasing/ros2_ws/install/service_pkg:/home/tolasing/ros2_ws/install/nav2_project:/opt/ros/humble:/home/tolasing/ros2_ws/install/serial:/home/tolasing/ros2_ws/install/prototype:/home/tolasing/ros2_ws/install/nav2_course:/home/tolasing/ros2_ws/install/io_context:/home/tolasing/ros2_ws/install/gazebo_sim:/home/tolasing/ros2_ws/install/cartographer_slam:/home/tolasing/ros2_ws/install/asio_cmake_module PATH=/home/tolasing/ros2_ws/install/cartographer/bin:/home/tolasing/.local/bin:/opt/ros/humble/bin:/home/tolasing/.local/bin:/usr/local/sbin:/usr/local/bin:/usr/sbin:/usr/bin:/sbin:/bin:/usr/games:/usr/local/games:/snap/bin:/snap/bin PKG_CONFIG_PATH=/home/tolasing/ros2_ws/install/cartographer/lib/x86_64-linux-gnu/pkgconfig:/home/tolasing/ros2_ws/install/cartographer/lib/pkgconfig:/home/tolasing/ros2_ws/install/serial/lib/x86_64-linux-gnu/pkgconfig:/home/tolasing/ros2_ws/install/serial/lib/pkgconfig /usr/bin/cmake --install /home/tolasing/ros2_ws/build/cartographer_slam
