[0.055s] Invoking command in '/home/tolasing/ros2_ws/build/gazebo_sim': CMAKE_PREFIX_PATH=/home/tolasing/ros2_ws/install/ros2_mapping:/home/tolasing/ros2_ws/src/cartographer:/usr/lib/x86_64-linux-gnu/libserial.so:/home/tolasing/ros2_ws/src/cartographer:/usr/lib/x86_64-linux-gnu/libserial.so:/home/tolasing/ros2_ws/install/serial_driver:/home/tolasing/ros2_ws/install/motor_control:/opt/ros/humble:/home/tolasing/ros2_ws/install/serial:/home/tolasing/ros2_ws/install/prototype:/home/tolasing/ros2_ws/install/io_context:/home/tolasing/ros2_ws/install/gazebo_sim:/home/tolasing/ros2_ws/install/asio_cmake_module /usr/bin/cmake /home/tolasing/ros2_ws/src/gazebo_sim -DAMENT_CMAKE_SYMLINK_INSTALL=1 -DCMAKE_INSTALL_PREFIX=/home/tolasing/ros2_ws/install/gazebo_sim
[0.075s] -- Found ament_cmake: 1.3.3 (/opt/ros/humble/share/ament_cmake/cmake)
[0.321s] -- Override CMake install command with custom implementation using symlinks instead of copying resources
[0.332s] -- Found rclpy: 3.3.7 (/opt/ros/humble/share/rclpy/cmake)
[0.333s] -- Found gazebo_ros: 3.7.0 (/opt/ros/humble/share/gazebo_ros/cmake)
[0.402s] -- Found rosidl_generator_c: 3.1.4 (/opt/ros/humble/share/rosidl_generator_c/cmake)
[0.408s] -- Found rosidl_adapter: 3.1.4 (/opt/ros/humble/share/rosidl_adapter/cmake)
[0.420s] -- Found rosidl_generator_cpp: 3.1.4 (/opt/ros/humble/share/rosidl_generator_cpp/cmake)
[0.444s] -- Using all available rosidl_typesupport_c: rosidl_typesupport_fastrtps_c;rosidl_typesupport_introspection_c
[0.480s] -- Using all available rosidl_typesupport_cpp: rosidl_typesupport_fastrtps_cpp;rosidl_typesupport_introspection_cpp
[0.613s] -- Found rmw_implementation_cmake: 6.1.1 (/opt/ros/humble/share/rmw_implementation_cmake/cmake)
[0.616s] -- Found rmw_fastrtps_cpp: 6.2.2 (/opt/ros/humble/share/rmw_fastrtps_cpp/cmake)
[0.836s] -- Using RMW implementation 'rmw_fastrtps_cpp' as default
[1.217s] -- Found DART: /usr/include (Required is at least version "6.6") found components: dart 
[1.271s] -- Looking for ignition-math6 -- found version 6.13.0
[1.279s] -- Searching for dependencies of ignition-math6
[1.285s] -- Looking for OGRE...
[1.292s] -- Found Ogre Ghadamon (1.9.0)
[1.292s] -- Found OGRE: optimized;/usr/lib/x86_64-linux-gnu/libOgreMain.so;debug;/usr/lib/x86_64-linux-gnu/libOgreMain.so
[1.307s] -- Looking for OGRE_Paging...
[1.307s] -- Found OGRE_Paging: optimized;/usr/lib/x86_64-linux-gnu/libOgrePaging.so;debug;/usr/lib/x86_64-linux-gnu/libOgrePaging.so
[1.307s] -- Looking for OGRE_Terrain...
[1.307s] -- Found OGRE_Terrain: optimized;/usr/lib/x86_64-linux-gnu/libOgreTerrain.so;debug;/usr/lib/x86_64-linux-gnu/libOgreTerrain.so
[1.308s] -- Looking for OGRE_Property...
[1.308s] -- Found OGRE_Property: optimized;/usr/lib/x86_64-linux-gnu/libOgreProperty.so;debug;/usr/lib/x86_64-linux-gnu/libOgreProperty.so
[1.308s] -- Looking for OGRE_RTShaderSystem...
[1.308s] -- Found OGRE_RTShaderSystem: optimized;/usr/lib/x86_64-linux-gnu/libOgreRTShaderSystem.so;debug;/usr/lib/x86_64-linux-gnu/libOgreRTShaderSystem.so
[1.308s] -- Looking for OGRE_Volume...
[1.309s] -- Found OGRE_Volume: optimized;/usr/lib/x86_64-linux-gnu/libOgreVolume.so;debug;/usr/lib/x86_64-linux-gnu/libOgreVolume.so
[1.309s] -- Looking for OGRE_Overlay...
[1.309s] -- Found OGRE_Overlay: optimized;/usr/lib/x86_64-linux-gnu/libOgreOverlay.so;debug;/usr/lib/x86_64-linux-gnu/libOgreOverlay.so
[1.574s] -- Looking for ignition-math6 -- found version 6.13.0
[1.575s] -- Looking for ignition-transport8 -- found version 8.2.1
[1.575s] -- Searching for dependencies of ignition-transport8
[1.606s] -- Config-file not installed for ZeroMQ -- checking for pkg-config
[1.613s] -- Checking for module 'libzmq >= 4'
[1.635s] --   Found libzmq , version 4.3.4
[1.695s] -- Checking for module 'uuid'
[1.714s] --   Found uuid, version 2.37.2
[1.762s] -- Looking for ignition-msgs5 -- found version 5.8.1
[1.763s] -- Searching for dependencies of ignition-msgs5
[1.766s] -- Looking for ignition-math6 -- found version 6.13.0
[1.774s] -- Checking for module 'tinyxml2'
[1.796s] --   Found tinyxml2, version 9.0.0
[1.841s] -- Looking for ignition-msgs5 -- found version 5.8.1
[1.841s] -- Looking for ignition-common3 -- found version 3.14.0
[1.842s] -- Searching for dependencies of ignition-common3
[1.842s] -- Looking for dlfcn.h - found
[1.842s] -- Looking for libdl - found
[1.858s] -- Searching for <ignition-common3> component [graphics]
[1.858s] -- Looking for ignition-common3-graphics -- found version 3.14.0
[1.859s] -- Searching for dependencies of ignition-common3-graphics
[1.859s] -- Looking for ignition-math6 -- found version 6.13.0
[1.861s] -- Looking for ignition-fuel_tools4 -- found version 4.4.0
[1.862s] -- Searching for dependencies of ignition-fuel_tools4
[1.918s] -- Checking for module 'jsoncpp'
[1.938s] --   Found jsoncpp, version 1.9.5
[1.992s] -- Checking for module 'libzip'
[2.011s] --   Found libzip, version 1.7.3
[2.063s] -- Looking for ignition-common3 -- found version 3.14.0
[2.064s] -- Looking for ignition-math6 -- found version 6.13.0
[2.065s] -- Looking for ignition-msgs5 -- found version 5.8.1
[2.067s] -- Gazebo version: 11.10
[2.083s] -- Found urdf: 2.6.0 (/opt/ros/humble/share/urdf/cmake)
[2.126s] -- Found xacro: 2.0.8 (/opt/ros/humble/share/xacro/cmake)
[2.127s] -- Found ros2_control: 2.20.0 (/opt/ros/humble/share/ros2_control/cmake)
[2.129s] -- Found gazebo_ros2_control: 0.4.0 (/opt/ros/humble/share/gazebo_ros2_control/cmake)
[2.136s] -- Found joint_state_broadcaster: 2.15.0 (/opt/ros/humble/share/joint_state_broadcaster/cmake)
[3.275s] -- Found parameter_traits: 0.3.0 (/opt/ros/humble/share/parameter_traits/cmake)
[3.322s] -- Found joint_trajectory_controller: 2.15.0 (/opt/ros/humble/share/joint_trajectory_controller/cmake)
[4.009s] -- Found velocity_controllers: 2.15.0 (/opt/ros/humble/share/velocity_controllers/cmake)
[4.421s] -- Found std_srvs: 4.2.3 (/opt/ros/humble/share/std_srvs/cmake)
[4.448s] -- Found ament_lint_auto: 0.12.5 (/opt/ros/humble/share/ament_lint_auto/cmake)
[4.559s] -- Added test 'flake8' to check Python code syntax and style conventions
[4.560s] -- Added test 'lint_cmake' to check CMake code style
[4.560s] -- Added test 'pep257' to check Python code against some of the docstring style conventions in PEP 257
[4.563s] -- Added test 'xmllint' to check XML markup files
[4.564s] -- Configuring done
[4.574s] -- Generating done
[4.578s] -- Build files have been written to: /home/tolasing/ros2_ws/build/gazebo_sim
[4.598s] Invoked command in '/home/tolasing/ros2_ws/build/gazebo_sim' returned '0': CMAKE_PREFIX_PATH=/home/tolasing/ros2_ws/install/ros2_mapping:/home/tolasing/ros2_ws/src/cartographer:/usr/lib/x86_64-linux-gnu/libserial.so:/home/tolasing/ros2_ws/src/cartographer:/usr/lib/x86_64-linux-gnu/libserial.so:/home/tolasing/ros2_ws/install/serial_driver:/home/tolasing/ros2_ws/install/motor_control:/opt/ros/humble:/home/tolasing/ros2_ws/install/serial:/home/tolasing/ros2_ws/install/prototype:/home/tolasing/ros2_ws/install/io_context:/home/tolasing/ros2_ws/install/gazebo_sim:/home/tolasing/ros2_ws/install/asio_cmake_module /usr/bin/cmake /home/tolasing/ros2_ws/src/gazebo_sim -DAMENT_CMAKE_SYMLINK_INSTALL=1 -DCMAKE_INSTALL_PREFIX=/home/tolasing/ros2_ws/install/gazebo_sim
[4.601s] Invoking command in '/home/tolasing/ros2_ws/build/gazebo_sim': CMAKE_PREFIX_PATH=/home/tolasing/ros2_ws/install/ros2_mapping:/home/tolasing/ros2_ws/src/cartographer:/usr/lib/x86_64-linux-gnu/libserial.so:/home/tolasing/ros2_ws/src/cartographer:/usr/lib/x86_64-linux-gnu/libserial.so:/home/tolasing/ros2_ws/install/serial_driver:/home/tolasing/ros2_ws/install/motor_control:/opt/ros/humble:/home/tolasing/ros2_ws/install/serial:/home/tolasing/ros2_ws/install/prototype:/home/tolasing/ros2_ws/install/io_context:/home/tolasing/ros2_ws/install/gazebo_sim:/home/tolasing/ros2_ws/install/asio_cmake_module /usr/bin/cmake --build /home/tolasing/ros2_ws/build/gazebo_sim -- -j8 -l8
[4.661s] Invoked command in '/home/tolasing/ros2_ws/build/gazebo_sim' returned '0': CMAKE_PREFIX_PATH=/home/tolasing/ros2_ws/install/ros2_mapping:/home/tolasing/ros2_ws/src/cartographer:/usr/lib/x86_64-linux-gnu/libserial.so:/home/tolasing/ros2_ws/src/cartographer:/usr/lib/x86_64-linux-gnu/libserial.so:/home/tolasing/ros2_ws/install/serial_driver:/home/tolasing/ros2_ws/install/motor_control:/opt/ros/humble:/home/tolasing/ros2_ws/install/serial:/home/tolasing/ros2_ws/install/prototype:/home/tolasing/ros2_ws/install/io_context:/home/tolasing/ros2_ws/install/gazebo_sim:/home/tolasing/ros2_ws/install/asio_cmake_module /usr/bin/cmake --build /home/tolasing/ros2_ws/build/gazebo_sim -- -j8 -l8
[4.688s] Invoking command in '/home/tolasing/ros2_ws/build/gazebo_sim': CMAKE_PREFIX_PATH=/home/tolasing/ros2_ws/install/ros2_mapping:/home/tolasing/ros2_ws/src/cartographer:/usr/lib/x86_64-linux-gnu/libserial.so:/home/tolasing/ros2_ws/src/cartographer:/usr/lib/x86_64-linux-gnu/libserial.so:/home/tolasing/ros2_ws/install/serial_driver:/home/tolasing/ros2_ws/install/motor_control:/opt/ros/humble:/home/tolasing/ros2_ws/install/serial:/home/tolasing/ros2_ws/install/prototype:/home/tolasing/ros2_ws/install/io_context:/home/tolasing/ros2_ws/install/gazebo_sim:/home/tolasing/ros2_ws/install/asio_cmake_module /usr/bin/cmake --install /home/tolasing/ros2_ws/build/gazebo_sim
[4.698s] -- Install configuration: ""
[4.698s] -- Execute custom install script
[4.699s] -- Up-to-date symlink: /home/tolasing/ros2_ws/install/gazebo_sim/share/gazebo_sim//launch/start_gazebo.launch.py
[4.699s] -- Up-to-date symlink: /home/tolasing/ros2_ws/install/gazebo_sim/share/gazebo_sim//worlds/empty_world.world
[4.699s] -- Up-to-date symlink: /home/tolasing/ros2_ws/install/gazebo_sim/share/gazebo_sim//models/box_room/meshes/box_room.dae
[4.699s] -- Up-to-date symlink: /home/tolasing/ros2_ws/install/gazebo_sim/share/gazebo_sim//models/box_room/meshes/chambre.png
[4.700s] -- Up-to-date symlink: /home/tolasing/ros2_ws/install/gazebo_sim/share/gazebo_sim//models/model.config
[4.700s] -- Up-to-date symlink: /home/tolasing/ros2_ws/install/gazebo_sim/share/gazebo_sim//urdf/prototype.gazebo.xacro
[4.700s] -- Up-to-date symlink: /home/tolasing/ros2_ws/install/gazebo_sim/share/gazebo_sim//urdf/prototype.gazebo.xsd
[4.700s] -- Up-to-date symlink: /home/tolasing/ros2_ws/install/gazebo_sim/share/ament_index/resource_index/package_run_dependencies/gazebo_sim
[4.700s] -- Up-to-date symlink: /home/tolasing/ros2_ws/install/gazebo_sim/share/ament_index/resource_index/parent_prefix_path/gazebo_sim
[4.701s] -- Up-to-date symlink: /home/tolasing/ros2_ws/install/gazebo_sim/share/gazebo_sim/environment/ament_prefix_path.sh
[4.701s] -- Up-to-date symlink: /home/tolasing/ros2_ws/install/gazebo_sim/share/gazebo_sim/environment/ament_prefix_path.dsv
[4.701s] -- Up-to-date symlink: /home/tolasing/ros2_ws/install/gazebo_sim/share/gazebo_sim/environment/path.sh
[4.701s] -- Up-to-date symlink: /home/tolasing/ros2_ws/install/gazebo_sim/share/gazebo_sim/environment/path.dsv
[4.701s] -- Up-to-date symlink: /home/tolasing/ros2_ws/install/gazebo_sim/share/gazebo_sim/local_setup.bash
[4.702s] -- Up-to-date symlink: /home/tolasing/ros2_ws/install/gazebo_sim/share/gazebo_sim/local_setup.sh
[4.702s] -- Up-to-date symlink: /home/tolasing/ros2_ws/install/gazebo_sim/share/gazebo_sim/local_setup.zsh
[4.703s] -- Up-to-date symlink: /home/tolasing/ros2_ws/install/gazebo_sim/share/gazebo_sim/local_setup.dsv
[4.705s] -- Symlinking: /home/tolasing/ros2_ws/install/gazebo_sim/share/gazebo_sim/package.dsv
[4.713s] -- Up-to-date symlink: /home/tolasing/ros2_ws/install/gazebo_sim/share/ament_index/resource_index/packages/gazebo_sim
[4.713s] -- Up-to-date symlink: /home/tolasing/ros2_ws/install/gazebo_sim/share/gazebo_sim/cmake/gazebo_simConfig.cmake
[4.713s] -- Up-to-date symlink: /home/tolasing/ros2_ws/install/gazebo_sim/share/gazebo_sim/cmake/gazebo_simConfig-version.cmake
[4.714s] -- Up-to-date symlink: /home/tolasing/ros2_ws/install/gazebo_sim/share/gazebo_sim/package.xml
[4.721s] Invoked command in '/home/tolasing/ros2_ws/build/gazebo_sim' returned '0': CMAKE_PREFIX_PATH=/home/tolasing/ros2_ws/install/ros2_mapping:/home/tolasing/ros2_ws/src/cartographer:/usr/lib/x86_64-linux-gnu/libserial.so:/home/tolasing/ros2_ws/src/cartographer:/usr/lib/x86_64-linux-gnu/libserial.so:/home/tolasing/ros2_ws/install/serial_driver:/home/tolasing/ros2_ws/install/motor_control:/opt/ros/humble:/home/tolasing/ros2_ws/install/serial:/home/tolasing/ros2_ws/install/prototype:/home/tolasing/ros2_ws/install/io_context:/home/tolasing/ros2_ws/install/gazebo_sim:/home/tolasing/ros2_ws/install/asio_cmake_module /usr/bin/cmake --install /home/tolasing/ros2_ws/build/gazebo_sim
