[0.069s] Invoking command in '/home/rock/robot_ws/build/imu_node': CMAKE_PREFIX_PATH=/opt/ros/foxy:/home/rock/robot_ws/install/serial:/home/rock/robot_ws/install/prototype:/home/rock/robot_ws/install/motor_control:/home/rock/robot_ws/install/imu_node /usr/bin/cmake /home/rock/robot_ws/src/imu_node -DAMENT_CMAKE_SYMLINK_INSTALL=1 -DCMAKE_INSTALL_PREFIX=/home/rock/robot_ws/install/imu_node
[0.294s] -- The C compiler identification is GNU 9.4.0
[0.549s] -- The CXX compiler identification is GNU 9.4.0
[0.563s] -- Check for working C compiler: /usr/bin/cc
[0.816s] -- Check for working C compiler: /usr/bin/cc -- works
[0.826s] -- Detecting C compiler ABI info
[1.122s] -- Detecting C compiler ABI info - done
[1.161s] -- Detecting C compile features
[1.163s] -- Detecting C compile features - done
[1.171s] -- Check for working CXX compiler: /usr/bin/c++
[1.449s] -- Check for working CXX compiler: /usr/bin/c++ -- works
[1.475s] -- Detecting CXX compiler ABI info
[1.823s] -- Detecting CXX compiler ABI info - done
[1.866s] -- Detecting CXX compile features
[1.868s] -- Detecting CXX compile features - done
[1.874s] -- Found ament_cmake: 0.9.12 (/opt/ros/foxy/share/ament_cmake/cmake)
[1.934s] -- Found PythonInterp: /usr/bin/python3 (found suitable version "3.8.10", minimum required is "3") 
[1.937s] -- Using PYTHON_EXECUTABLE: /usr/bin/python3
[2.518s] -- Override CMake install command with custom implementation using symlinks instead of copying resources
[2.576s] -- Found rclcpp: 2.4.3 (/opt/ros/foxy/share/rclcpp/cmake)
[2.700s] -- Using all available rosidl_typesupport_c: rosidl_typesupport_fastrtps_c;rosidl_typesupport_introspection_c
[2.718s] -- Found rosidl_adapter: 1.3.1 (/opt/ros/foxy/share/rosidl_adapter/cmake)
[2.910s] -- Found OpenSSL: /usr/lib/aarch64-linux-gnu/libcrypto.so (found version "1.1.1f")  
[2.972s] -- Found FastRTPS: /opt/ros/foxy/include  
[3.190s] -- Using all available rosidl_typesupport_cpp: rosidl_typesupport_fastrtps_cpp;rosidl_typesupport_introspection_cpp
[3.396s] -- Found rmw_implementation_cmake: 1.0.4 (/opt/ros/foxy/share/rmw_implementation_cmake/cmake)
[3.401s] -- Using RMW implementation 'rmw_fastrtps_cpp' as default
[3.404s] -- Looking for pthread.h
[3.678s] -- Looking for pthread.h - found
[3.681s] -- Performing Test CMAKE_HAVE_LIBC_PTHREAD
[4.005s] -- Performing Test CMAKE_HAVE_LIBC_PTHREAD - Failed
[4.007s] -- Looking for pthread_create in pthreads
[4.227s] -- Looking for pthread_create in pthreads - not found
[4.230s] -- Looking for pthread_create in pthread
[4.467s] -- Looking for pthread_create in pthread - found
[4.470s] -- Found Threads: TRUE  
[5.073s] -- Found sensor_msgs: 2.0.5 (/opt/ros/foxy/share/sensor_msgs/cmake)
[5.540s] -- Found serial: 1.2.1 (/home/rock/robot_ws/install/serial/share/serial/cmake)
[5.558s] -- Found ament_lint_auto: 0.9.8 (/opt/ros/foxy/share/ament_lint_auto/cmake)
[5.850s] -- Added test 'cppcheck' to perform static code analysis on C / C++ code
[5.854s] -- Configured cppcheck include dirs: /home/rock/robot_ws/src/imu_node/include
[5.856s] -- Configured cppcheck exclude dirs and/or files: 
[5.859s] -- Added test 'lint_cmake' to check CMake code style
[5.866s] -- Added test 'uncrustify' to check C / C++ code style
[5.872s] -- Configured uncrustify additional arguments: 
[5.877s] -- Added test 'xmllint' to check XML markup files
[5.879s] -- Configuring done
[5.902s] -- Generating done
[5.907s] -- Build files have been written to: /home/rock/robot_ws/build/imu_node
[5.955s] Invoked command in '/home/rock/robot_ws/build/imu_node' returned '0': CMAKE_PREFIX_PATH=/opt/ros/foxy:/home/rock/robot_ws/install/serial:/home/rock/robot_ws/install/prototype:/home/rock/robot_ws/install/motor_control:/home/rock/robot_ws/install/imu_node /usr/bin/cmake /home/rock/robot_ws/src/imu_node -DAMENT_CMAKE_SYMLINK_INSTALL=1 -DCMAKE_INSTALL_PREFIX=/home/rock/robot_ws/install/imu_node
[5.960s] Invoking command in '/home/rock/robot_ws/build/imu_node': CMAKE_PREFIX_PATH=/opt/ros/foxy:/home/rock/robot_ws/install/serial:/home/rock/robot_ws/install/prototype:/home/rock/robot_ws/install/motor_control:/home/rock/robot_ws/install/imu_node /usr/bin/cmake --build /home/rock/robot_ws/build/imu_node -- -j6 -l6
[6.099s] [35m[1mScanning dependencies of target imu_node[0m
[6.241s] [ 33%] [32mBuilding CXX object CMakeFiles/imu_node.dir/src/imu_node.cpp.o[0m
[6.270s] [ 66%] [32mBuilding CXX object CMakeFiles/imu_node.dir/src/comms.cpp.o[0m
[12.529s] [01m[K/home/rock/robot_ws/src/imu_node/src/comms.cpp:[m[K In member function ‘[01m[Kvoid Comms::setup(const string&, int32_t, int32_t)[m[K’:
[12.531s] [01m[K/home/rock/robot_ws/src/imu_node/src/comms.cpp:37:78:[m[K [01;35m[Kwarning: [m[Kunused parameter ‘[01m[Ktimeout_ms[m[K’ [[01;35m[K-Wunused-parameter[m[K]
[12.534s]    37 | void Comms::setup(const std::string &serial_device,int32_t baud_rate,[01;35m[Kint32_t timeout_ms[m[K)
[12.536s]       |                                                                      [01;35m[K~~~~~~~~^~~~~~~~~~[m[K
[12.622s] [01m[K/home/rock/robot_ws/src/imu_node/src/imu_node.cpp:[m[K In member function ‘[01m[Kvoid ImuPublisherNode::publishImuData()[m[K’:
[12.624s] [01m[K/home/rock/robot_ws/src/imu_node/src/imu_node.cpp:27:12:[m[K [01;35m[Kwarning: [m[Kunused variable ‘[01m[Kaccel_x[m[K’ [[01;35m[K-Wunused-variable[m[K]
[12.627s]    27 |     double [01;35m[Kaccel_x[m[K=comms_.customRound(comms_.accelX,1);
[12.629s]       |            [01;35m[K^~~~~~~[m[K
[19.892s] [100%] [32m[1mLinking CXX executable imu_node[0m
[20.683s] [100%] Built target imu_node
[20.729s] Invoked command in '/home/rock/robot_ws/build/imu_node' returned '0': CMAKE_PREFIX_PATH=/opt/ros/foxy:/home/rock/robot_ws/install/serial:/home/rock/robot_ws/install/prototype:/home/rock/robot_ws/install/motor_control:/home/rock/robot_ws/install/imu_node /usr/bin/cmake --build /home/rock/robot_ws/build/imu_node -- -j6 -l6
[20.867s] Invoking command in '/home/rock/robot_ws/build/imu_node': CMAKE_PREFIX_PATH=/opt/ros/foxy:/home/rock/robot_ws/install/serial:/home/rock/robot_ws/install/prototype:/home/rock/robot_ws/install/motor_control:/home/rock/robot_ws/install/imu_node /usr/bin/cmake --install /home/rock/robot_ws/build/imu_node
[20.888s] -- Install configuration: ""
[20.890s] -- Execute custom install script
[20.892s] -- Symlinking: /home/rock/robot_ws/install/imu_node/lib/imu_node/imu_node
[20.922s] -- Symlinking: /home/rock/robot_ws/install/imu_node/share/ament_index/resource_index/package_run_dependencies/imu_node
[20.953s] -- Symlinking: /home/rock/robot_ws/install/imu_node/share/ament_index/resource_index/parent_prefix_path/imu_node
[20.985s] -- Symlinking: /home/rock/robot_ws/install/imu_node/share/imu_node/environment/ament_prefix_path.sh
[21.018s] -- Symlinking: /home/rock/robot_ws/install/imu_node/share/imu_node/environment/ament_prefix_path.dsv
[21.055s] -- Symlinking: /home/rock/robot_ws/install/imu_node/share/imu_node/environment/path.sh
[21.089s] -- Symlinking: /home/rock/robot_ws/install/imu_node/share/imu_node/environment/path.dsv
[21.120s] -- Symlinking: /home/rock/robot_ws/install/imu_node/share/imu_node/local_setup.bash
[21.160s] -- Symlinking: /home/rock/robot_ws/install/imu_node/share/imu_node/local_setup.sh
[21.192s] -- Symlinking: /home/rock/robot_ws/install/imu_node/share/imu_node/local_setup.zsh
[21.223s] -- Symlinking: /home/rock/robot_ws/install/imu_node/share/imu_node/local_setup.dsv
[21.252s] -- Symlinking: /home/rock/robot_ws/install/imu_node/share/imu_node/package.dsv
[21.283s] -- Symlinking: /home/rock/robot_ws/install/imu_node/share/ament_index/resource_index/packages/imu_node
[21.315s] -- Symlinking: /home/rock/robot_ws/install/imu_node/share/imu_node/cmake/imu_nodeConfig.cmake
[21.345s] -- Symlinking: /home/rock/robot_ws/install/imu_node/share/imu_node/cmake/imu_nodeConfig-version.cmake
[21.378s] -- Symlinking: /home/rock/robot_ws/install/imu_node/share/imu_node/package.xml
[21.429s] Invoked command in '/home/rock/robot_ws/build/imu_node' returned '0': CMAKE_PREFIX_PATH=/opt/ros/foxy:/home/rock/robot_ws/install/serial:/home/rock/robot_ws/install/prototype:/home/rock/robot_ws/install/motor_control:/home/rock/robot_ws/install/imu_node /usr/bin/cmake --install /home/rock/robot_ws/build/imu_node
