[0.242s] Invoking command in '/home/tolasing/ros2_ws/build/io_context': CMAKE_PREFIX_PATH=/home/tolasing/ros2_ws/install/asio_cmake_module:/home/tolasing/ros2_ws/src/cartographer:/usr/lib/x86_64-linux-gnu/libserial.so:/home/tolasing/ros2_ws/src/cartographer:/usr/lib/x86_64-linux-gnu/libserial.so:/home/tolasing/ros2_ws/install/serial_driver:/home/tolasing/ros2_ws/install/motor_control:/opt/ros/humble:/home/tolasing/ros2_ws/install/serial:/home/tolasing/ros2_ws/install/ros2_mapping:/home/tolasing/ros2_ws/install/prototype:/home/tolasing/ros2_ws/install/io_context:/home/tolasing/ros2_ws/install/gazebo_sim /usr/bin/cmake --build /home/tolasing/ros2_ws/build/io_context -- -j8 -l8
[0.399s] [ 22%] Built target gtest_main
[0.400s] [ 44%] Built target gtest
[0.423s] [ 77%] Built target io_context
[0.478s] [100%] Built target test_io_context
[0.673s] Invoked command in '/home/tolasing/ros2_ws/build/io_context' returned '0': CMAKE_PREFIX_PATH=/home/tolasing/ros2_ws/install/asio_cmake_module:/home/tolasing/ros2_ws/src/cartographer:/usr/lib/x86_64-linux-gnu/libserial.so:/home/tolasing/ros2_ws/src/cartographer:/usr/lib/x86_64-linux-gnu/libserial.so:/home/tolasing/ros2_ws/install/serial_driver:/home/tolasing/ros2_ws/install/motor_control:/opt/ros/humble:/home/tolasing/ros2_ws/install/serial:/home/tolasing/ros2_ws/install/ros2_mapping:/home/tolasing/ros2_ws/install/prototype:/home/tolasing/ros2_ws/install/io_context:/home/tolasing/ros2_ws/install/gazebo_sim /usr/bin/cmake --build /home/tolasing/ros2_ws/build/io_context -- -j8 -l8
[0.756s] Invoking command in '/home/tolasing/ros2_ws/build/io_context': CMAKE_PREFIX_PATH=/home/tolasing/ros2_ws/install/asio_cmake_module:/home/tolasing/ros2_ws/src/cartographer:/usr/lib/x86_64-linux-gnu/libserial.so:/home/tolasing/ros2_ws/src/cartographer:/usr/lib/x86_64-linux-gnu/libserial.so:/home/tolasing/ros2_ws/install/serial_driver:/home/tolasing/ros2_ws/install/motor_control:/opt/ros/humble:/home/tolasing/ros2_ws/install/serial:/home/tolasing/ros2_ws/install/ros2_mapping:/home/tolasing/ros2_ws/install/prototype:/home/tolasing/ros2_ws/install/io_context:/home/tolasing/ros2_ws/install/gazebo_sim /usr/bin/cmake --install /home/tolasing/ros2_ws/build/io_context
[0.761s] -- Install configuration: ""
[0.761s] -- Execute custom install script
[0.762s] -- Up-to-date symlink: /home/tolasing/ros2_ws/install/io_context/include/io_context/common.hpp
[0.762s] -- Up-to-date symlink: /home/tolasing/ros2_ws/install/io_context/include/io_context/io_context.hpp
[0.762s] -- Up-to-date symlink: /home/tolasing/ros2_ws/install/io_context/include/msg_converters/converters.hpp
[0.762s] -- Up-to-date symlink: /home/tolasing/ros2_ws/install/io_context/include/msg_converters/std_msgs.hpp
[0.763s] -- Up-to-date symlink: /home/tolasing/ros2_ws/install/io_context/include/msg_converters/udp_msgs.hpp
[0.763s] -- Up-to-date symlink: /home/tolasing/ros2_ws/install/io_context/share/io_context/environment/library_path.sh
[0.763s] -- Up-to-date symlink: /home/tolasing/ros2_ws/install/io_context/share/io_context/environment/library_path.dsv
[0.763s] -- Up-to-date symlink: /home/tolasing/ros2_ws/install/io_context/lib/libio_context.so
[0.764s] -- Up-to-date symlink: /home/tolasing/ros2_ws/install/io_context/share/ament_index/resource_index/package_run_dependencies/io_context
[0.764s] -- Up-to-date symlink: /home/tolasing/ros2_ws/install/io_context/share/ament_index/resource_index/parent_prefix_path/io_context
[0.764s] -- Up-to-date symlink: /home/tolasing/ros2_ws/install/io_context/share/io_context/environment/ament_prefix_path.sh
[0.764s] -- Up-to-date symlink: /home/tolasing/ros2_ws/install/io_context/share/io_context/environment/ament_prefix_path.dsv
[0.765s] -- Up-to-date symlink: /home/tolasing/ros2_ws/install/io_context/share/io_context/environment/path.sh
[0.765s] -- Up-to-date symlink: /home/tolasing/ros2_ws/install/io_context/share/io_context/environment/path.dsv
[0.765s] -- Up-to-date symlink: /home/tolasing/ros2_ws/install/io_context/share/io_context/local_setup.bash
[0.765s] -- Up-to-date symlink: /home/tolasing/ros2_ws/install/io_context/share/io_context/local_setup.sh
[0.765s] -- Up-to-date symlink: /home/tolasing/ros2_ws/install/io_context/share/io_context/local_setup.zsh
[0.765s] -- Up-to-date symlink: /home/tolasing/ros2_ws/install/io_context/share/io_context/local_setup.dsv
[0.766s] -- Symlinking: /home/tolasing/ros2_ws/install/io_context/share/io_context/package.dsv
[0.773s] -- Up-to-date symlink: /home/tolasing/ros2_ws/install/io_context/share/ament_index/resource_index/packages/io_context
[0.773s] -- Up-to-date symlink: /home/tolasing/ros2_ws/install/io_context/share/io_context/cmake/ament_cmake_export_dependencies-extras.cmake
[0.774s] -- Up-to-date symlink: /home/tolasing/ros2_ws/install/io_context/share/io_context/cmake/ament_cmake_export_include_directories-extras.cmake
[0.774s] -- Up-to-date symlink: /home/tolasing/ros2_ws/install/io_context/share/io_context/cmake/ament_cmake_export_libraries-extras.cmake
[0.774s] -- Up-to-date symlink: /home/tolasing/ros2_ws/install/io_context/share/io_context/cmake/io_contextConfig.cmake
[0.775s] -- Up-to-date symlink: /home/tolasing/ros2_ws/install/io_context/share/io_context/cmake/io_contextConfig-version.cmake
[0.775s] -- Up-to-date symlink: /home/tolasing/ros2_ws/install/io_context/share/io_context/package.xml
[0.776s] Invoked command in '/home/tolasing/ros2_ws/build/io_context' returned '0': CMAKE_PREFIX_PATH=/home/tolasing/ros2_ws/install/asio_cmake_module:/home/tolasing/ros2_ws/src/cartographer:/usr/lib/x86_64-linux-gnu/libserial.so:/home/tolasing/ros2_ws/src/cartographer:/usr/lib/x86_64-linux-gnu/libserial.so:/home/tolasing/ros2_ws/install/serial_driver:/home/tolasing/ros2_ws/install/motor_control:/opt/ros/humble:/home/tolasing/ros2_ws/install/serial:/home/tolasing/ros2_ws/install/ros2_mapping:/home/tolasing/ros2_ws/install/prototype:/home/tolasing/ros2_ws/install/io_context:/home/tolasing/ros2_ws/install/gazebo_sim /usr/bin/cmake --install /home/tolasing/ros2_ws/build/io_context
